<tests>
      <test>
          <test-title>absolutely positioned non-replaced element - 'direction: ltr' and 'top', 'height' and 'bottom' are 'auto'</test-title>
          <test-href>abs-pos-non-replaced-vlr-003.xht</test-href>
          <reference-value>=</reference-value>
          <reference-href>reference/abs-pos-non-replaced-vlr-003-ref.xht</reference-href>
          <flags>
              <flag>Ahem</flag><flag>Bitmaps</flag>
              </flags>
        </test><test>
          <test-title>absolutely positioned non-replaced element - 'direction: ltr' and 'left', 'width' and 'right' are 'auto'</test-title>
          <test-href>abs-pos-non-replaced-vlr-005.xht</test-href>
          <reference-value>=</reference-value>
          <reference-href>reference/abs-pos-non-replaced-vrl-004-ref.xht</reference-href>
          <flags>
              <flag>Ahem</flag><flag>Bitmaps</flag>
              </flags>
        </test><test>
          <test-title>absolutely positioned non-replaced element - 'direction: ltr' and 'top', 'height' and 'bottom' are 'auto'</test-title>
          <test-href>abs-pos-non-replaced-vlr-007.xht</test-href>
          <reference-value>=</reference-value>
          <reference-href>reference/abs-pos-non-replaced-vlr-007-ref.xht</reference-href>
          <flags>
              <flag>Ahem</flag><flag>Bitmaps</flag>
              </flags>
        </test><test>
          <test-title>absolutely positioned non-replaced element - 'direction: rtl' and 'top', 'height' and 'bottom' are 'auto'</test-title>
          <test-href>abs-pos-non-replaced-vlr-009.xht</test-href>
          <reference-value>=</reference-value>
          <reference-href>reference/abs-pos-non-replaced-vlr-009-ref.xht</reference-href>
          <flags>
              <flag>Ahem</flag><flag>Bitmaps</flag>
              </flags>
        </test><test>
          <test-title>absolutely positioned non-replaced element - 'direction: rtl' and 'left', 'width' and 'right' are 'auto'</test-title>
          <test-href>abs-pos-non-replaced-vlr-011.xht</test-href>
          <reference-value>=</reference-value>
          <reference-href>reference/abs-pos-non-replaced-vlr-009-ref.xht</reference-href>
          <flags>
              <flag>Ahem</flag><flag>Bitmaps</flag>
              </flags>
        </test><test>
          <test-title>absolutely positioned non-replaced element - 'direction: rtl' and 'top', 'height' and 'bottom' are 'auto'</test-title>
          <test-href>abs-pos-non-replaced-vlr-013.xht</test-href>
          <reference-value>=</reference-value>
          <reference-href>reference/abs-pos-non-replaced-vlr-013-ref.xht</reference-href>
          <flags>
              <flag>Ahem</flag><flag>Bitmaps</flag>
              </flags>
        </test><test>
          <test-title>absolutely positioned non-replaced element - 'direction: ltr' and 'top', 'height' are 'auto' and bottom is not 'auto'</test-title>
          <test-href>abs-pos-non-replaced-vlr-015.xht</test-href>
          <reference-value>=</reference-value>
          <reference-href>reference/abs-pos-non-replaced-vlr-009-ref.xht</reference-href>
          <flags>
              <flag>Ahem</flag><flag>Bitmaps</flag>
              </flags>
        </test><test>
          <test-title>absolutely positioned non-replaced element - 'direction: ltr' and 'left' and 'width' are 'auto' and 'right' is not 'auto'</test-title>
          <test-href>abs-pos-non-replaced-vlr-017.xht</test-href>
          <reference-value>=</reference-value>
          <reference-href>reference/abs-pos-non-replaced-vlr-009-ref.xht</reference-href>
          <flags>
              <flag>Ahem</flag><flag>Bitmaps</flag>
              </flags>
        </test><test>
          <test-title>absolutely positioned non-replaced element - 'direction: ltr' and 'top' and 'height' are 'auto' and 'bottom' is not 'auto'</test-title>
          <test-href>abs-pos-non-replaced-vlr-019.xht</test-href>
          <reference-value>=</reference-value>
          <reference-href>reference/abs-pos-non-replaced-vlr-013-ref.xht</reference-href>
          <flags>
              <flag>Ahem</flag><flag>Bitmaps</flag>
              </flags>
        </test><test>
          <test-title>absolutely positioned non-replaced element - 'direction: rtl' and 'top' and 'height' are 'auto and 'bottom' is not 'auto'</test-title>
          <test-href>abs-pos-non-replaced-vlr-021.xht</test-href>
          <reference-value>=</reference-value>
          <reference-href>reference/abs-pos-non-replaced-vlr-009-ref.xht</reference-href>
          <flags>
              <flag>Ahem</flag><flag>Bitmaps</flag>
              </flags>
        </test><test>
          <test-title>absolutely positioned non-replaced element - 'direction: rtl' and 'left' and 'width' are 'auto' and 'right' is not 'auto'</test-title>
          <test-href>abs-pos-non-replaced-vlr-023.xht</test-href>
          <reference-value>=</reference-value>
          <reference-href>reference/abs-pos-non-replaced-vlr-009-ref.xht</reference-href>
          <flags>
              <flag>Ahem</flag><flag>Bitmaps</flag>
              </flags>
        </test><test>
          <test-title>absolutely positioned non-replaced element - 'direction: rtl' and 'top' and 'height' are 'auto' and 'bottom' is not 'auto'</test-title>
          <test-href>abs-pos-non-replaced-vlr-025.xht</test-href>
          <reference-value>=</reference-value>
          <reference-href>reference/abs-pos-non-replaced-vlr-013-ref.xht</reference-href>
          <flags>
              <flag>Ahem</flag><flag>Bitmaps</flag>
              </flags>
        </test><test>
          <test-title>absolutely positioned non-replaced element - 'direction: ltr' and 'top' and 'bottom' are 'auto' and 'height' is not 'auto'</test-title>
          <test-href>abs-pos-non-replaced-vlr-027.xht</test-href>
          <reference-value>=</reference-value>
          <reference-href>reference/abs-pos-non-replaced-vlr-003-ref.xht</reference-href>
          <flags>
              <flag>Ahem</flag><flag>Bitmaps</flag>
              </flags>
        </test><test>
          <test-title>absolutely positioned non-replaced element - 'direction: ltr' and 'left' and 'right' are 'auto' and 'width' is not 'auto'</test-title>
          <test-href>abs-pos-non-replaced-vlr-029.xht</test-href>
          <reference-value>=</reference-value>
          <reference-href>reference/abs-pos-non-replaced-vrl-004-ref.xht</reference-href>
          <flags>
              <flag>Ahem</flag><flag>Bitmaps</flag>
              </flags>
        </test><test>
          <test-title>absolutely positioned non-replaced element - 'direction: ltr' and 'top' and 'bottom' are 'auto' and 'height' is not 'auto'</test-title>
          <test-href>abs-pos-non-replaced-vlr-031.xht</test-href>
          <reference-value>=</reference-value>
          <reference-href>reference/abs-pos-non-replaced-vlr-007-ref.xht</reference-href>
          <flags>
              <flag>Ahem</flag><flag>Bitmaps</flag>
              </flags>
        </test><test>
          <test-title>absolutely positioned non-replaced element - 'direction: rtl' and 'top' and 'bottom' are 'auto and 'height' is not 'auto'</test-title>
          <test-href>abs-pos-non-replaced-vlr-033.xht</test-href>
          <reference-value>=</reference-value>
          <reference-href>reference/abs-pos-non-replaced-vlr-009-ref.xht</reference-href>
          <flags>
              <flag>Ahem</flag><flag>Bitmaps</flag>
              </flags>
        </test><test>
          <test-title>absolutely positioned non-replaced element - 'direction: rtl' and 'left' and 'right' are 'auto' and 'width' is not 'auto'</test-title>
          <test-href>abs-pos-non-replaced-vlr-035.xht</test-href>
          <reference-value>=</reference-value>
          <reference-href>reference/abs-pos-non-replaced-vlr-009-ref.xht</reference-href>
          <flags>
              <flag>Ahem</flag><flag>Bitmaps</flag>
              </flags>
        </test><test>
          <test-title>absolutely positioned non-replaced element - 'direction: rtl' and 'top' and 'bottom' are 'auto' and 'height' is not 'auto'</test-title>
          <test-href>abs-pos-non-replaced-vlr-037.xht</test-href>
          <reference-value>=</reference-value>
          <reference-href>reference/abs-pos-non-replaced-vlr-013-ref.xht</reference-href>
          <flags>
              <flag>Ahem</flag><flag>Bitmaps</flag>
              </flags>
        </test><test>
          <test-title>absolutely positioned non-replaced element - 'direction: ltr' and 'height' and 'bottom' are 'auto' and 'top' is not 'auto'</test-title>
          <test-href>abs-pos-non-replaced-vlr-039.xht</test-href>
          <reference-value>=</reference-value>
          <reference-href>reference/abs-pos-non-replaced-vlr-009-ref.xht</reference-href>
          <flags>
              <flag>Ahem</flag><flag>Bitmaps</flag>
              </flags>
        </test><test>
          <test-title>absolutely positioned non-replaced element - 'direction: ltr' and 'width' and 'right' are 'auto' and 'left' is not 'auto'</test-title>
          <test-href>abs-pos-non-replaced-vlr-041.xht</test-href>
          <reference-value>=</reference-value>
          <reference-href>reference/abs-pos-non-replaced-vlr-009-ref.xht</reference-href>
          <flags>
              <flag>Ahem</flag><flag>Bitmaps</flag>
              </flags>
        </test><test>
          <test-title>absolutely positioned non-replaced element - 'direction: ltr' and 'height' and 'bottom' are 'auto' and 'top' is not 'auto'</test-title>
          <test-href>abs-pos-non-replaced-vlr-043.xht</test-href>
          <reference-value>=</reference-value>
          <reference-href>reference/abs-pos-non-replaced-vlr-013-ref.xht</reference-href>
          <flags>
              <flag>Ahem</flag><flag>Bitmaps</flag>
              </flags>
        </test><test>
          <test-title>absolutely positioned non-replaced element - 'direction: rtl' and 'height' and 'bottom' are 'auto' and 'top' is not 'auto'</test-title>
          <test-href>abs-pos-non-replaced-vlr-045.xht</test-href>
          <reference-value>=</reference-value>
          <reference-href>reference/abs-pos-non-replaced-vlr-009-ref.xht</reference-href>
          <flags>
              <flag>Ahem</flag><flag>Bitmaps</flag>
              </flags>
        </test><test>
          <test-title>absolutely positioned non-replaced element - 'direction: rtl' and 'width' and 'right' are 'auto' and 'left' is not 'auto'</test-title>
          <test-href>abs-pos-non-replaced-vlr-047.xht</test-href>
          <reference-value>=</reference-value>
          <reference-href>reference/abs-pos-non-replaced-vlr-009-ref.xht</reference-href>
          <flags>
              <flag>Ahem</flag><flag>Bitmaps</flag>
              </flags>
        </test><test>
          <test-title>absolutely positioned non-replaced element - 'direction: rtl' and 'height' and 'bottom' are 'auto' and 'top' is not 'auto'</test-title>
          <test-href>abs-pos-non-replaced-vlr-049.xht</test-href>
          <reference-value>=</reference-value>
          <reference-href>reference/abs-pos-non-replaced-vlr-013-ref.xht</reference-href>
          <flags>
              <flag>Ahem</flag><flag>Bitmaps</flag>
              </flags>
        </test><test>
          <test-title>absolutely positioned non-replaced element - 'direction: ltr' and 'top' is 'auto' and 'height' and 'bottom' are not 'auto'</test-title>
          <test-href>abs-pos-non-replaced-vlr-051.xht</test-href>
          <reference-value>=</reference-value>
          <reference-href>reference/abs-pos-non-replaced-vlr-003-ref.xht</reference-href>
          <flags>
              <flag>Ahem</flag><flag>Bitmaps</flag>
              </flags>
        </test><test>
          <test-title>absolutely positioned non-replaced element - 'direction: ltr' and 'left' is 'auto', 'width' and 'right' are not 'auto'</test-title>
          <test-href>abs-pos-non-replaced-vlr-053.xht</test-href>
          <reference-value>=</reference-value>
          <reference-href>reference/abs-pos-non-replaced-vrl-004-ref.xht</reference-href>
          <flags>
              <flag>Ahem</flag><flag>Bitmaps</flag>
              </flags>
        </test><test>
          <test-title>absolutely positioned non-replaced element - 'direction: ltr' and 'top' is 'auto' and 'height' and 'bottom' are not 'auto'</test-title>
          <test-href>abs-pos-non-replaced-vlr-055.xht</test-href>
          <reference-value>=</reference-value>
          <reference-href>reference/abs-pos-non-replaced-vlr-007-ref.xht</reference-href>
          <flags>
              <flag>Ahem</flag><flag>Bitmaps</flag>
              </flags>
        </test><test>
          <test-title>absolutely positioned non-replaced element - 'direction: rtl' and 'top' is 'auto' and 'height' and 'bottom' are not 'auto'</test-title>
          <test-href>abs-pos-non-replaced-vlr-057.xht</test-href>
          <reference-value>=</reference-value>
          <reference-href>reference/abs-pos-non-replaced-vlr-003-ref.xht</reference-href>
          <flags>
              <flag>Ahem</flag><flag>Bitmaps</flag>
              </flags>
        </test><test>
          <test-title>absolutely positioned non-replaced element - 'direction: rtl' and 'left' is 'auto', 'width' and 'right' are not 'auto', then solve for 'left'</test-title>
          <test-href>abs-pos-non-replaced-vlr-059.xht</test-href>
          <reference-value>=</reference-value>
          <reference-href>reference/abs-pos-non-replaced-vrl-004-ref.xht</reference-href>
          <flags>
              <flag>Ahem</flag><flag>Bitmaps</flag>
              </flags>
        </test><test>
          <test-title>absolutely positioned non-replaced element - 'direction: rtl' and 'top' is 'auto' and 'height' and 'bottom' are not 'auto'</test-title>
          <test-href>abs-pos-non-replaced-vlr-061.xht</test-href>
          <reference-value>=</reference-value>
          <reference-href>reference/abs-pos-non-replaced-vlr-007-ref.xht</reference-href>
          <flags>
              <flag>Ahem</flag><flag>Bitmaps</flag>
              </flags>
        </test><test>
          <test-title>absolutely positioned non-replaced element - 'direction: ltr' and 'height' is 'auto' and 'top' and 'bottom' are not 'auto'</test-title>
          <test-href>abs-pos-non-replaced-vlr-063.xht</test-href>
          <reference-value>=</reference-value>
          <reference-href>reference/abs-pos-non-replaced-vlr-003-ref.xht</reference-href>
          <flags>
              <flag>Ahem</flag><flag>Bitmaps</flag>
              </flags>
        </test><test>
          <test-title>absolutely positioned non-replaced element - 'direction: ltr' and 'width' is 'auto', 'left' and 'right' are not 'auto'</test-title>
          <test-href>abs-pos-non-replaced-vlr-065.xht</test-href>
          <reference-value>=</reference-value>
          <reference-href>reference/abs-pos-non-replaced-vrl-004-ref.xht</reference-href>
          <flags>
              <flag>Ahem</flag><flag>Bitmaps</flag>
              </flags>
        </test><test>
          <test-title>absolutely positioned non-replaced element - 'direction: ltr' and 'height' is 'auto' and 'top' and 'bottom' are not 'auto'</test-title>
          <test-href>abs-pos-non-replaced-vlr-067.xht</test-href>
          <reference-value>=</reference-value>
          <reference-href>reference/abs-pos-non-replaced-vlr-007-ref.xht</reference-href>
          <flags>
              <flag>Ahem</flag><flag>Bitmaps</flag>
              </flags>
        </test><test>
          <test-title>absolutely positioned non-replaced element - 'direction: rtl' and 'height' is 'auto' and 'top' and 'bottom' are not 'auto'</test-title>
          <test-href>abs-pos-non-replaced-vlr-069.xht</test-href>
          <reference-value>=</reference-value>
          <reference-href>reference/abs-pos-non-replaced-vlr-003-ref.xht</reference-href>
          <flags>
              <flag>Ahem</flag><flag>Bitmaps</flag>
              </flags>
        </test><test>
          <test-title>absolutely positioned non-replaced element - 'direction: rtl' and 'width' is 'auto', 'left' and 'right' are not 'auto'</test-title>
          <test-href>abs-pos-non-replaced-vlr-071.xht</test-href>
          <reference-value>=</reference-value>
          <reference-href>reference/abs-pos-non-replaced-vrl-004-ref.xht</reference-href>
          <flags>
              <flag>Ahem</flag><flag>Bitmaps</flag>
              </flags>
        </test><test>
          <test-title>absolutely positioned non-replaced element - 'direction: rtl' and 'height' is 'auto' and 'top' and 'bottom' are not 'auto'</test-title>
          <test-href>abs-pos-non-replaced-vlr-073.xht</test-href>
          <reference-value>=</reference-value>
          <reference-href>reference/abs-pos-non-replaced-vlr-007-ref.xht</reference-href>
          <flags>
              <flag>Ahem</flag><flag>Bitmaps</flag>
              </flags>
        </test><test>
          <test-title>absolutely positioned non-replaced element - 'direction: ltr' and 'bottom' is 'auto' and 'top' and 'height' are not 'auto'</test-title>
          <test-href>abs-pos-non-replaced-vlr-075.xht</test-href>
          <reference-value>=</reference-value>
          <reference-href>reference/abs-pos-non-replaced-vlr-009-ref.xht</reference-href>
          <flags>
              <flag>Ahem</flag><flag>Bitmaps</flag>
              </flags>
        </test><test>
          <test-title>absolutely positioned non-replaced element - 'direction: ltr' and 'right' is 'auto', 'left' and 'width' are not 'auto'</test-title>
          <test-href>abs-pos-non-replaced-vlr-077.xht</test-href>
          <reference-value>=</reference-value>
          <reference-href>reference/abs-pos-non-replaced-vlr-009-ref.xht</reference-href>
          <flags>
              <flag>Ahem</flag><flag>Bitmaps</flag>
              </flags>
        </test><test>
          <test-title>absolutely positioned non-replaced element - 'direction: ltr' and 'bottom' is 'auto' and 'top' and 'height' are not 'auto'</test-title>
          <test-href>abs-pos-non-replaced-vlr-079.xht</test-href>
          <reference-value>=</reference-value>
          <reference-href>reference/abs-pos-non-replaced-vlr-013-ref.xht</reference-href>
          <flags>
              <flag>Ahem</flag><flag>Bitmaps</flag>
              </flags>
        </test><test>
          <test-title>absolutely positioned non-replaced element - 'direction: rtl' and 'bottom' is 'auto' and 'top' and 'height' are not 'auto'</test-title>
          <test-href>abs-pos-non-replaced-vlr-081.xht</test-href>
          <reference-value>=</reference-value>
          <reference-href>reference/abs-pos-non-replaced-vlr-009-ref.xht</reference-href>
          <flags>
              <flag>Ahem</flag><flag>Bitmaps</flag>
              </flags>
        </test><test>
          <test-title>absolutely positioned non-replaced element - 'direction: rtl' and 'right' is 'auto', 'left' and 'width' are not 'auto'</test-title>
          <test-href>abs-pos-non-replaced-vlr-083.xht</test-href>
          <reference-value>=</reference-value>
          <reference-href>reference/abs-pos-non-replaced-vlr-009-ref.xht</reference-href>
          <flags>
              <flag>Ahem</flag><flag>Bitmaps</flag>
              </flags>
        </test><test>
          <test-title>absolutely positioned non-replaced element - 'direction: rtl' and 'bottom' is 'auto' and 'top' and 'height' are not 'auto'</test-title>
          <test-href>abs-pos-non-replaced-vlr-085.xht</test-href>
          <reference-value>=</reference-value>
          <reference-href>reference/abs-pos-non-replaced-vlr-013-ref.xht</reference-href>
          <flags>
              <flag>Ahem</flag><flag>Bitmaps</flag>
              </flags>
        </test><test>
          <test-title>absolutely positioned non-replaced element - 'direction: ltr' and 'top', 'height' and 'bottom' are not 'auto' (overconstrained)</test-title>
          <test-href>abs-pos-non-replaced-vlr-087.xht</test-href>
          <reference-value>=</reference-value>
          <reference-href>reference/abs-pos-non-replaced-vlr-003-ref.xht</reference-href>
          <flags>
              <flag>Ahem</flag><flag>Bitmaps</flag>
              </flags>
        </test><test>
          <test-title>absolutely positioned non-replaced element - 'direction: ltr' and 'left', 'width' and 'right' are not 'auto' (overconstrained)</test-title>
          <test-href>abs-pos-non-replaced-vlr-089.xht</test-href>
          <reference-value>=</reference-value>
          <reference-href>reference/abs-pos-non-replaced-vrl-004-ref.xht</reference-href>
          <flags>
              <flag>Ahem</flag><flag>Bitmaps</flag>
              </flags>
        </test><test>
          <test-title>absolutely positioned non-replaced element - 'direction: ltr' and 'top', 'height' and 'bottom' are not 'auto' (overconstrained)</test-title>
          <test-href>abs-pos-non-replaced-vlr-091.xht</test-href>
          <reference-value>=</reference-value>
          <reference-href>reference/abs-pos-non-replaced-vlr-007-ref.xht</reference-href>
          <flags>
              <flag>Ahem</flag><flag>Bitmaps</flag>
              </flags>
        </test><test>
          <test-title>absolutely positioned non-replaced element - 'direction: rtl' and 'top', 'height' and 'bottom' are not 'auto' (overconstrained)</test-title>
          <test-href>abs-pos-non-replaced-vlr-093.xht</test-href>
          <reference-value>=</reference-value>
          <reference-href>reference/abs-pos-non-replaced-vlr-009-ref.xht</reference-href>
          <flags>
              <flag>Ahem</flag><flag>Bitmaps</flag>
              </flags>
        </test><test>
          <test-title>absolutely positioned non-replaced element - 'direction: rtl' and 'left', 'width' and 'right' are not 'auto' (overconstrained)</test-title>
          <test-href>abs-pos-non-replaced-vlr-095.xht</test-href>
          <reference-value>=</reference-value>
          <reference-href>reference/abs-pos-non-replaced-vlr-009-ref.xht</reference-href>
          <flags>
              <flag>Ahem</flag><flag>Bitmaps</flag>
              </flags>
        </test><test>
          <test-title>absolutely positioned non-replaced element - 'direction: rtl' and 'top', 'height' and 'bottom' are not 'auto' (overconstrained)</test-title>
          <test-href>abs-pos-non-replaced-vlr-097.xht</test-href>
          <reference-value>=</reference-value>
          <reference-href>reference/abs-pos-non-replaced-vlr-013-ref.xht</reference-href>
          <flags>
              <flag>Ahem</flag><flag>Bitmaps</flag>
              </flags>
        </test><test>
          <test-title>absolutely positioned non-replaced element - 'direction: ltr' and 'left', 'width' and 'right' are 'auto'</test-title>
          <test-href>abs-pos-non-replaced-vlr-103.xht</test-href>
          <reference-value>=</reference-value>
          <reference-href>reference/abs-pos-non-replaced-vlr-003-ref.xht</reference-href>
          <flags>
              <flag>Ahem</flag><flag>Bitmaps</flag>
              </flags>
        </test><test>
          <test-title>absolutely positioned non-replaced element - 'direction: ltr' and 'top', 'height', and 'bottom' are 'auto'</test-title>
          <test-href>abs-pos-non-replaced-vlr-105.xht</test-href>
          <reference-value>=</reference-value>
          <reference-href>reference/abs-pos-non-replaced-vrl-004-ref.xht</reference-href>
          <flags>
              <flag>Ahem</flag><flag>Bitmaps</flag>
              </flags>
        </test><test>
          <test-title>absolutely positioned non-replaced element - 'direction: ltr' and 'left', 'width' and 'right' are 'auto'</test-title>
          <test-href>abs-pos-non-replaced-vlr-107.xht</test-href>
          <reference-value>=</reference-value>
          <reference-href>reference/abs-pos-non-replaced-vlr-007-ref.xht</reference-href>
          <flags>
              <flag>Ahem</flag><flag>Bitmaps</flag>
              </flags>
        </test><test>
          <test-title>absolutely positioned non-replaced element - 'direction: ltr' and 'left', 'width' and 'right' are 'auto'</test-title>
          <test-href>abs-pos-non-replaced-vlr-109.xht</test-href>
          <reference-value>=</reference-value>
          <reference-href>reference/abs-pos-non-replaced-vlr-003-ref.xht</reference-href>
          <flags>
              <flag>Ahem</flag><flag>Bitmaps</flag>
              </flags>
        </test><test>
          <test-title>absolutely positioned non-replaced element - 'direction: rtl' and 'left', 'width' and 'right' are 'auto'</test-title>
          <test-href>abs-pos-non-replaced-vlr-111.xht</test-href>
          <reference-value>=</reference-value>
          <reference-href>reference/abs-pos-non-replaced-vlr-009-ref.xht</reference-href>
          <flags>
              <flag>Ahem</flag><flag>Bitmaps</flag>
              </flags>
        </test><test>
          <test-title>absolutely positioned non-replaced element - 'direction: rtl' and 'top', 'height', and 'bottom' are 'auto'</test-title>
          <test-href>abs-pos-non-replaced-vlr-113.xht</test-href>
          <reference-value>=</reference-value>
          <reference-href>reference/abs-pos-non-replaced-vlr-009-ref.xht</reference-href>
          <flags>
              <flag>Ahem</flag><flag>Bitmaps</flag>
              </flags>
        </test><test>
          <test-title>absolutely positioned non-replaced element - 'direction: rtl' and 'left', 'width' and 'right' are 'auto'</test-title>
          <test-href>abs-pos-non-replaced-vlr-115.xht</test-href>
          <reference-value>=</reference-value>
          <reference-href>reference/abs-pos-non-replaced-vlr-013-ref.xht</reference-href>
          <flags>
              <flag>Ahem</flag><flag>Bitmaps</flag>
              </flags>
        </test><test>
          <test-title>absolutely positioned non-replaced element - 'direction: rtl' and 'left', 'width' and 'right' are 'auto'</test-title>
          <test-href>abs-pos-non-replaced-vlr-117.xht</test-href>
          <reference-value>=</reference-value>
          <reference-href>reference/abs-pos-non-replaced-vlr-009-ref.xht</reference-href>
          <flags>
              <flag>Ahem</flag><flag>Bitmaps</flag>
              </flags>
        </test><test>
          <test-title>absolutely positioned non-replaced element - 'direction: ltr' and 'width' and 'right' are 'auto' and 'left' is not 'auto'</test-title>
          <test-href>abs-pos-non-replaced-vlr-119.xht</test-href>
          <reference-value>=</reference-value>
          <reference-href>reference/abs-pos-non-replaced-vlr-003-ref.xht</reference-href>
          <flags>
              <flag>Ahem</flag><flag>Bitmaps</flag>
              </flags>
        </test><test>
          <test-title>absolutely positioned non-replaced element - 'direction: ltr' and 'top' and 'height' are 'auto' and 'bottom' is not 'auto'</test-title>
          <test-href>abs-pos-non-replaced-vlr-121.xht</test-href>
          <reference-value>=</reference-value>
          <reference-href>reference/abs-pos-non-replaced-vrl-002-ref.xht</reference-href>
          <flags>
              <flag>Ahem</flag><flag>Bitmaps</flag>
              </flags>
        </test><test>
          <test-title>absolutely positioned non-replaced element - 'direction: ltr' and 'width' and 'right' are 'auto' and 'left' is not 'auto'</test-title>
          <test-href>abs-pos-non-replaced-vlr-123.xht</test-href>
          <reference-value>=</reference-value>
          <reference-href>reference/abs-pos-non-replaced-vlr-007-ref.xht</reference-href>
          <flags>
              <flag>Ahem</flag><flag>Bitmaps</flag>
              </flags>
        </test><test>
          <test-title>absolutely positioned non-replaced element - 'direction: ltr' and 'width' and 'right' are 'auto' and 'left' is not 'auto'</test-title>
          <test-href>abs-pos-non-replaced-vlr-125.xht</test-href>
          <reference-value>=</reference-value>
          <reference-href>reference/abs-pos-non-replaced-vlr-003-ref.xht</reference-href>
          <flags>
              <flag>Ahem</flag><flag>Bitmaps</flag>
              </flags>
        </test><test>
          <test-title>absolutely positioned non-replaced element - 'direction: rtl' and 'width' and 'right' are 'auto' and 'left' is not 'auto'</test-title>
          <test-href>abs-pos-non-replaced-vlr-127.xht</test-href>
          <reference-value>=</reference-value>
          <reference-href>reference/abs-pos-non-replaced-vlr-009-ref.xht</reference-href>
          <flags>
              <flag>Ahem</flag><flag>Bitmaps</flag>
              </flags>
        </test><test>
          <test-title>absolutely positioned non-replaced element - 'direction: rtl' and 'top' and 'height' are 'auto' and 'bottom' is not 'auto'</test-title>
          <test-href>abs-pos-non-replaced-vlr-129.xht</test-href>
          <reference-value>=</reference-value>
          <reference-href>reference/abs-pos-non-replaced-vlr-003-ref.xht</reference-href>
          <flags>
              <flag>Ahem</flag><flag>Bitmaps</flag>
              </flags>
        </test><test>
          <test-title>absolutely positioned non-replaced element - 'direction: rtl' and 'width' and 'right' are 'auto' and 'left' is not 'auto'</test-title>
          <test-href>abs-pos-non-replaced-vlr-131.xht</test-href>
          <reference-value>=</reference-value>
          <reference-href>reference/abs-pos-non-replaced-vlr-013-ref.xht</reference-href>
          <flags>
              <flag>Ahem</flag><flag>Bitmaps</flag>
              </flags>
        </test><test>
          <test-title>absolutely positioned non-replaced element - 'direction: rtl' and 'width' and 'right' are 'auto' and 'left' is not 'auto'</test-title>
          <test-href>abs-pos-non-replaced-vlr-133.xht</test-href>
          <reference-value>=</reference-value>
          <reference-href>reference/abs-pos-non-replaced-vlr-009-ref.xht</reference-href>
          <flags>
              <flag>Ahem</flag><flag>Bitmaps</flag>
              </flags>
        </test><test>
          <test-title>absolutely positioned non-replaced element - 'direction: ltr' and 'left' and 'right' are 'auto' and 'width' is not 'auto'</test-title>
          <test-href>abs-pos-non-replaced-vlr-135.xht</test-href>
          <reference-value>=</reference-value>
          <reference-href>reference/abs-pos-non-replaced-vlr-003-ref.xht</reference-href>
          <flags>
              <flag>Ahem</flag><flag>Bitmaps</flag>
              </flags>
        </test><test>
          <test-title>absolutely positioned non-replaced element - 'direction: ltr' and 'top' and 'bottom' are 'auto' and 'height' is not 'auto'</test-title>
          <test-href>abs-pos-non-replaced-vlr-137.xht</test-href>
          <reference-value>=</reference-value>
          <reference-href>reference/abs-pos-non-replaced-vrl-004-ref.xht</reference-href>
          <flags>
              <flag>Ahem</flag><flag>Bitmaps</flag>
              </flags>
        </test><test>
          <test-title>absolutely positioned non-replaced element - 'direction: ltr' and 'left' and 'right' are 'auto' and 'width' is not 'auto'</test-title>
          <test-href>abs-pos-non-replaced-vlr-139.xht</test-href>
          <reference-value>=</reference-value>
          <reference-href>reference/abs-pos-non-replaced-vlr-007-ref.xht</reference-href>
          <flags>
              <flag>Ahem</flag><flag>Bitmaps</flag>
              </flags>
        </test><test>
          <test-title>absolutely positioned non-replaced element - 'direction: ltr' and 'left' and 'right' are 'auto' and 'width' is not 'auto'</test-title>
          <test-href>abs-pos-non-replaced-vlr-141.xht</test-href>
          <reference-value>=</reference-value>
          <reference-href>reference/abs-pos-non-replaced-vlr-003-ref.xht</reference-href>
          <flags>
              <flag>Ahem</flag><flag>Bitmaps</flag>
              </flags>
        </test><test>
          <test-title>absolutely positioned non-replaced element - 'direction: rtl' and 'left' and 'right' are 'auto' and 'width' is not 'auto'</test-title>
          <test-href>abs-pos-non-replaced-vlr-143.xht</test-href>
          <reference-value>=</reference-value>
          <reference-href>reference/abs-pos-non-replaced-vlr-009-ref.xht</reference-href>
          <flags>
              <flag>Ahem</flag><flag>Bitmaps</flag>
              </flags>
        </test><test>
          <test-title>absolutely positioned non-replaced element - 'direction: rtl' and 'top' and 'bottom' are 'auto' and 'height' is not 'auto'</test-title>
          <test-href>abs-pos-non-replaced-vlr-145.xht</test-href>
          <reference-value>=</reference-value>
          <reference-href>reference/abs-pos-non-replaced-vlr-009-ref.xht</reference-href>
          <flags>
              <flag>Ahem</flag><flag>Bitmaps</flag>
              </flags>
        </test><test>
          <test-title>absolutely positioned non-replaced element - 'direction: rtl' and 'left' and 'right' are 'auto' and 'width' is not 'auto'</test-title>
          <test-href>abs-pos-non-replaced-vlr-147.xht</test-href>
          <reference-value>=</reference-value>
          <reference-href>reference/abs-pos-non-replaced-vlr-013-ref.xht</reference-href>
          <flags>
              <flag>Ahem</flag><flag>Bitmaps</flag>
              </flags>
        </test><test>
          <test-title>absolutely positioned non-replaced element - 'direction: rtl' and 'left' and 'right' are 'auto' and 'width' is not 'auto'</test-title>
          <test-href>abs-pos-non-replaced-vlr-149.xht</test-href>
          <reference-value>=</reference-value>
          <reference-href>reference/abs-pos-non-replaced-vlr-009-ref.xht</reference-href>
          <flags>
              <flag>Ahem</flag><flag>Bitmaps</flag>
              </flags>
        </test><test>
          <test-title>absolutely positioned non-replaced element - 'direction: ltr' and 'left' and 'width' are 'auto' and 'right' is not 'auto'</test-title>
          <test-href>abs-pos-non-replaced-vlr-151.xht</test-href>
          <reference-value>=</reference-value>
          <reference-href>reference/abs-pos-non-replaced-vrl-002-ref.xht</reference-href>
          <flags>
              <flag>Ahem</flag><flag>Bitmaps</flag>
              </flags>
        </test><test>
          <test-title>absolutely positioned non-replaced element - 'direction: ltr' and 'height' and 'bottom' are 'auto' and 'top' is not 'auto'</test-title>
          <test-href>abs-pos-non-replaced-vlr-153.xht</test-href>
          <reference-value>=</reference-value>
          <reference-href>reference/abs-pos-non-replaced-vrl-004-ref.xht</reference-href>
          <flags>
              <flag>Ahem</flag><flag>Bitmaps</flag>
              </flags>
        </test><test>
          <test-title>absolutely positioned non-replaced element - 'direction: ltr' and 'left' and 'width' are 'auto' and 'right' is not 'auto'</test-title>
          <test-href>abs-pos-non-replaced-vlr-155.xht</test-href>
          <reference-value>=</reference-value>
          <reference-href>reference/abs-pos-non-replaced-vlr-155-ref.xht</reference-href>
          <flags>
              <flag>Ahem</flag><flag>Bitmaps</flag>
              </flags>
        </test><test>
          <test-title>absolutely positioned non-replaced element - 'direction: ltr' and 'left' and 'width' are 'auto' and 'right' is not 'auto'</test-title>
          <test-href>abs-pos-non-replaced-vlr-157.xht</test-href>
          <reference-value>=</reference-value>
          <reference-href>reference/abs-pos-non-replaced-vrl-002-ref.xht</reference-href>
          <flags>
              <flag>Ahem</flag><flag>Bitmaps</flag>
              </flags>
        </test><test>
          <test-title>absolutely positioned non-replaced element - 'direction: rtl' and 'left' and 'width' are 'auto' and 'right' is not 'auto'</test-title>
          <test-href>abs-pos-non-replaced-vlr-159.xht</test-href>
          <reference-value>=</reference-value>
          <reference-href>reference/abs-pos-non-replaced-vrl-004-ref.xht</reference-href>
          <flags>
              <flag>Ahem</flag><flag>Bitmaps</flag>
              </flags>
        </test><test>
          <test-title>absolutely positioned non-replaced element - 'direction: rtl' and 'height' and 'bottom' are 'auto' and 'top' is not 'auto'</test-title>
          <test-href>abs-pos-non-replaced-vlr-161.xht</test-href>
          <reference-value>=</reference-value>
          <reference-href>reference/abs-pos-non-replaced-vlr-009-ref.xht</reference-href>
          <flags>
              <flag>Ahem</flag><flag>Bitmaps</flag>
              </flags>
        </test><test>
          <test-title>absolutely positioned non-replaced element - 'direction: rtl' and 'left' and 'width' are 'auto' and 'right' is not 'auto'</test-title>
          <test-href>abs-pos-non-replaced-vlr-163.xht</test-href>
          <reference-value>=</reference-value>
          <reference-href>reference/abs-pos-non-replaced-vlr-163-ref.xht</reference-href>
          <flags>
              <flag>Ahem</flag><flag>Bitmaps</flag>
              </flags>
        </test><test>
          <test-title>absolutely positioned non-replaced element - 'direction: rtl' and 'left' and 'width' are 'auto' and 'right' is not 'auto'</test-title>
          <test-href>abs-pos-non-replaced-vlr-165.xht</test-href>
          <reference-value>=</reference-value>
          <reference-href>reference/abs-pos-non-replaced-vrl-004-ref.xht</reference-href>
          <flags>
              <flag>Ahem</flag><flag>Bitmaps</flag>
              </flags>
        </test><test>
          <test-title>absolutely positioned non-replaced element - 'direction: ltr' and 'right' is 'auto', 'width' and 'left' are not 'auto'</test-title>
          <test-href>abs-pos-non-replaced-vlr-167.xht</test-href>
          <reference-value>=</reference-value>
          <reference-href>reference/abs-pos-non-replaced-vlr-003-ref.xht</reference-href>
          <flags>
              <flag>Ahem</flag><flag>Bitmaps</flag>
              </flags>
        </test><test>
          <test-title>absolutely positioned non-replaced element - 'direction: ltr' and 'top' is 'auto', 'height' and 'bottom' are not 'auto'</test-title>
          <test-href>abs-pos-non-replaced-vlr-169.xht</test-href>
          <reference-value>=</reference-value>
          <reference-href>reference/abs-pos-non-replaced-vrl-002-ref.xht</reference-href>
          <flags>
              <flag>Ahem</flag><flag>Bitmaps</flag>
              </flags>
        </test><test>
          <test-title>absolutely positioned non-replaced element - 'direction: ltr' and 'right' is 'auto' and 'width' and 'left' are not 'auto'</test-title>
          <test-href>abs-pos-non-replaced-vlr-171.xht</test-href>
          <reference-value>=</reference-value>
          <reference-href>reference/abs-pos-non-replaced-vlr-007-ref.xht</reference-href>
          <flags>
              <flag>Ahem</flag><flag>Bitmaps</flag>
              </flags>
        </test><test>
          <test-title>absolutely positioned non-replaced element - 'direction: ltr' and 'right' is 'auto' and 'width' and 'left' are not 'auto'</test-title>
          <test-href>abs-pos-non-replaced-vlr-173.xht</test-href>
          <reference-value>=</reference-value>
          <reference-href>reference/abs-pos-non-replaced-vlr-003-ref.xht</reference-href>
          <flags>
              <flag>Ahem</flag><flag>Bitmaps</flag>
              </flags>
        </test><test>
          <test-title>absolutely positioned non-replaced element - 'direction: rtl' and 'right' is 'auto' and 'width' and 'left' are not 'auto'</test-title>
          <test-href>abs-pos-non-replaced-vlr-175.xht</test-href>
          <reference-value>=</reference-value>
          <reference-href>reference/abs-pos-non-replaced-vlr-009-ref.xht</reference-href>
          <flags>
              <flag>Ahem</flag><flag>Bitmaps</flag>
              </flags>
        </test><test>
          <test-title>absolutely positioned non-replaced element - 'direction: rtl' and 'top' is 'auto', 'height' and 'bottom' are not 'auto'</test-title>
          <test-href>abs-pos-non-replaced-vlr-177.xht</test-href>
          <reference-value>=</reference-value>
          <reference-href>reference/abs-pos-non-replaced-vlr-003-ref.xht</reference-href>
          <flags>
              <flag>Ahem</flag><flag>Bitmaps</flag>
              </flags>
        </test><test>
          <test-title>absolutely positioned non-replaced element - 'direction: rtl' and 'right' is 'auto' and 'width' and 'left' are not 'auto'</test-title>
          <test-href>abs-pos-non-replaced-vlr-179.xht</test-href>
          <reference-value>=</reference-value>
          <reference-href>reference/abs-pos-non-replaced-vlr-013-ref.xht</reference-href>
          <flags>
              <flag>Ahem</flag><flag>Bitmaps</flag>
              </flags>
        </test><test>
          <test-title>absolutely positioned non-replaced element - 'direction: rtl' and 'right' is 'auto' and 'width' and 'left' are not 'auto'</test-title>
          <test-href>abs-pos-non-replaced-vlr-181.xht</test-href>
          <reference-value>=</reference-value>
          <reference-href>reference/abs-pos-non-replaced-vlr-009-ref.xht</reference-href>
          <flags>
              <flag>Ahem</flag><flag>Bitmaps</flag>
              </flags>
        </test><test>
          <test-title>absolutely positioned non-replaced element - 'direction: ltr' and 'width' is 'auto' and 'left' and 'right' are not 'auto'</test-title>
          <test-href>abs-pos-non-replaced-vlr-183.xht</test-href>
          <reference-value>=</reference-value>
          <reference-href>reference/abs-pos-non-replaced-vlr-003-ref.xht</reference-href>
          <flags>
              <flag>Ahem</flag><flag>Bitmaps</flag>
              </flags>
        </test><test>
          <test-title>absolutely positioned non-replaced element - 'direction: ltr' and 'height' is 'auto', 'top' and 'bottom' are not 'auto'</test-title>
          <test-href>abs-pos-non-replaced-vlr-185.xht</test-href>
          <reference-value>=</reference-value>
          <reference-href>reference/abs-pos-non-replaced-vrl-002-ref.xht</reference-href>
          <flags>
              <flag>Ahem</flag><flag>Bitmaps</flag>
              </flags>
        </test><test>
          <test-title>absolutely positioned non-replaced element - 'direction: ltr' and 'width' is 'auto' and 'left' and 'right' are not 'auto'</test-title>
          <test-href>abs-pos-non-replaced-vlr-187.xht</test-href>
          <reference-value>=</reference-value>
          <reference-href>reference/abs-pos-non-replaced-vlr-007-ref.xht</reference-href>
          <flags>
              <flag>Ahem</flag><flag>Bitmaps</flag>
              </flags>
        </test><test>
          <test-title>absolutely positioned non-replaced element - 'direction: ltr' and 'width' is 'auto' and 'left' and 'right' are not 'auto'</test-title>
          <test-href>abs-pos-non-replaced-vlr-189.xht</test-href>
          <reference-value>=</reference-value>
          <reference-href>reference/abs-pos-non-replaced-vlr-003-ref.xht</reference-href>
          <flags>
              <flag>Ahem</flag><flag>Bitmaps</flag>
              </flags>
        </test><test>
          <test-title>absolutely positioned non-replaced element - 'direction: rtl' and 'width' is 'auto' and 'left' and 'right' are not 'auto'</test-title>
          <test-href>abs-pos-non-replaced-vlr-191.xht</test-href>
          <reference-value>=</reference-value>
          <reference-href>reference/abs-pos-non-replaced-vlr-009-ref.xht</reference-href>
          <flags>
              <flag>Ahem</flag><flag>Bitmaps</flag>
              </flags>
        </test><test>
          <test-title>absolutely positioned non-replaced element - 'direction: rtl' and 'height' is 'auto', 'top' and 'bottom' are not 'auto'</test-title>
          <test-href>abs-pos-non-replaced-vlr-193.xht</test-href>
          <reference-value>=</reference-value>
          <reference-href>reference/abs-pos-non-replaced-vlr-003-ref.xht</reference-href>
          <flags>
              <flag>Ahem</flag><flag>Bitmaps</flag>
              </flags>
        </test><test>
          <test-title>absolutely positioned non-replaced element - 'direction: rtl' and 'width' is 'auto' and 'left' and 'right' are not 'auto'</test-title>
          <test-href>abs-pos-non-replaced-vlr-195.xht</test-href>
          <reference-value>=</reference-value>
          <reference-href>reference/abs-pos-non-replaced-vlr-013-ref.xht</reference-href>
          <flags>
              <flag>Ahem</flag><flag>Bitmaps</flag>
              </flags>
        </test><test>
          <test-title>absolutely positioned non-replaced element - 'direction: rtl' and 'width' is 'auto' and 'left' and 'right' are not 'auto'</test-title>
          <test-href>abs-pos-non-replaced-vlr-197.xht</test-href>
          <reference-value>=</reference-value>
          <reference-href>reference/abs-pos-non-replaced-vlr-009-ref.xht</reference-href>
          <flags>
              <flag>Ahem</flag><flag>Bitmaps</flag>
              </flags>
        </test><test>
          <test-title>absolutely positioned non-replaced element - 'direction: ltr' and 'left' is 'auto' and 'right' and 'width' are not 'auto'</test-title>
          <test-href>abs-pos-non-replaced-vlr-199.xht</test-href>
          <reference-value>=</reference-value>
          <reference-href>reference/abs-pos-non-replaced-vrl-002-ref.xht</reference-href>
          <flags>
              <flag>Ahem</flag><flag>Bitmaps</flag>
              </flags>
        </test><test>
          <test-title>absolutely positioned non-replaced element - 'direction: ltr' and 'bottom' is 'auto', 'top' and 'height' are not 'auto'</test-title>
          <test-href>abs-pos-non-replaced-vlr-201.xht</test-href>
          <reference-value>=</reference-value>
          <reference-href>reference/abs-pos-non-replaced-vrl-004-ref.xht</reference-href>
          <flags>
              <flag>Ahem</flag><flag>Bitmaps</flag>
              </flags>
        </test><test>
          <test-title>absolutely positioned non-replaced element - 'direction: ltr' and 'left' is 'auto' and 'right' and 'width' are not 'auto'</test-title>
          <test-href>abs-pos-non-replaced-vlr-203.xht</test-href>
          <reference-value>=</reference-value>
          <reference-href>reference/abs-pos-non-replaced-vlr-155-ref.xht</reference-href>
          <flags>
              <flag>Ahem</flag><flag>Bitmaps</flag>
              </flags>
        </test><test>
          <test-title>absolutely positioned non-replaced element - 'direction: ltr' and 'left' is 'auto' and 'right' and 'width' are not 'auto'</test-title>
          <test-href>abs-pos-non-replaced-vlr-205.xht</test-href>
          <reference-value>=</reference-value>
          <reference-href>reference/abs-pos-non-replaced-vrl-002-ref.xht</reference-href>
          <flags>
              <flag>Ahem</flag><flag>Bitmaps</flag>
              </flags>
        </test><test>
          <test-title>absolutely positioned non-replaced element - 'direction: rtl' and 'left' is 'auto' and 'right' and 'width' are not 'auto'</test-title>
          <test-href>abs-pos-non-replaced-vlr-207.xht</test-href>
          <reference-value>=</reference-value>
          <reference-href>reference/abs-pos-non-replaced-vrl-004-ref.xht</reference-href>
          <flags>
              <flag>Ahem</flag><flag>Bitmaps</flag>
              </flags>
        </test><test>
          <test-title>absolutely positioned non-replaced element - 'direction: rtl' and 'bottom' is 'auto', 'top' and 'height' are not 'auto'</test-title>
          <test-href>abs-pos-non-replaced-vlr-209.xht</test-href>
          <reference-value>=</reference-value>
          <reference-href>reference/abs-pos-non-replaced-vlr-009-ref.xht</reference-href>
          <flags>
              <flag>Ahem</flag><flag>Bitmaps</flag>
              </flags>
        </test><test>
          <test-title>absolutely positioned non-replaced element - 'direction: rtl' and 'left' is 'auto' and 'right' and 'width' are not 'auto'</test-title>
          <test-href>abs-pos-non-replaced-vlr-211.xht</test-href>
          <reference-value>=</reference-value>
          <reference-href>reference/abs-pos-non-replaced-vlr-163-ref.xht</reference-href>
          <flags>
              <flag>Ahem</flag><flag>Bitmaps</flag>
              </flags>
        </test><test>
          <test-title>absolutely positioned non-replaced element - 'direction: rtl' and 'left' is 'auto' and 'right' and 'width' are not 'auto'</test-title>
          <test-href>abs-pos-non-replaced-vlr-213.xht</test-href>
          <reference-value>=</reference-value>
          <reference-href>reference/abs-pos-non-replaced-vrl-004-ref.xht</reference-href>
          <flags>
              <flag>Ahem</flag><flag>Bitmaps</flag>
              </flags>
        </test><test>
          <test-title>absolutely positioned non-replaced element - 'direction: ltr' and 'left', 'right' and 'width' are not 'auto' (overconstrained)</test-title>
          <test-href>abs-pos-non-replaced-vlr-215.xht</test-href>
          <reference-value>=</reference-value>
          <reference-href>reference/abs-pos-non-replaced-vrl-002-ref.xht</reference-href>
          <flags>
              <flag>Ahem</flag><flag>Bitmaps</flag>
              </flags>
        </test><test>
          <test-title>absolutely positioned non-replaced element - 'direction: ltr' and 'top', 'bottom' and 'height' are not 'auto' (overconstrained)</test-title>
          <test-href>abs-pos-non-replaced-vlr-217.xht</test-href>
          <reference-value>=</reference-value>
          <reference-href>reference/abs-pos-non-replaced-vrl-002-ref.xht</reference-href>
          <flags>
              <flag>Ahem</flag><flag>Bitmaps</flag>
              </flags>
        </test><test>
          <test-title>absolutely positioned non-replaced element - 'direction: ltr' and 'left', 'right' and 'width' are not 'auto' (overconstrained)</test-title>
          <test-href>abs-pos-non-replaced-vlr-219.xht</test-href>
          <reference-value>=</reference-value>
          <reference-href>reference/abs-pos-non-replaced-vlr-155-ref.xht</reference-href>
          <flags>
              <flag>Ahem</flag><flag>Bitmaps</flag>
              </flags>
        </test><test>
          <test-title>absolutely positioned non-replaced element - 'direction: ltr' and 'left', 'right' and 'width' are not 'auto' (overconstrained)</test-title>
          <test-href>abs-pos-non-replaced-vlr-221.xht</test-href>
          <reference-value>=</reference-value>
          <reference-href>reference/abs-pos-non-replaced-vrl-002-ref.xht</reference-href>
          <flags>
              <flag>Ahem</flag><flag>Bitmaps</flag>
              </flags>
        </test><test>
          <test-title>absolutely positioned non-replaced element - 'direction: rtl' and 'left', 'right' and 'width' are not 'auto' (overconstrained)</test-title>
          <test-href>abs-pos-non-replaced-vlr-223.xht</test-href>
          <reference-value>=</reference-value>
          <reference-href>reference/abs-pos-non-replaced-vrl-004-ref.xht</reference-href>
          <flags>
              <flag>Ahem</flag><flag>Bitmaps</flag>
              </flags>
        </test><test>
          <test-title>absolutely positioned non-replaced element - 'direction: rtl' and 'top', 'bottom' and 'height' are not 'auto' (overconstrained)</test-title>
          <test-href>abs-pos-non-replaced-vlr-225.xht</test-href>
          <reference-value>=</reference-value>
          <reference-href>reference/abs-pos-non-replaced-vlr-003-ref.xht</reference-href>
          <flags>
              <flag>Ahem</flag><flag>Bitmaps</flag>
              </flags>
        </test><test>
          <test-title>absolutely positioned non-replaced element - 'direction: rtl' and 'left', 'right' and 'width' are not 'auto' (overconstrained)</test-title>
          <test-href>abs-pos-non-replaced-vlr-227.xht</test-href>
          <reference-value>=</reference-value>
          <reference-href>reference/abs-pos-non-replaced-vlr-163-ref.xht</reference-href>
          <flags>
              <flag>Ahem</flag><flag>Bitmaps</flag>
              </flags>
        </test><test>
          <test-title>absolutely positioned non-replaced element - 'direction: rtl' and 'left', 'right' and 'width' are not 'auto' (overconstrained)</test-title>
          <test-href>abs-pos-non-replaced-vlr-229.xht</test-href>
          <reference-value>=</reference-value>
          <reference-href>reference/abs-pos-non-replaced-vrl-004-ref.xht</reference-href>
          <flags>
              <flag>Ahem</flag><flag>Bitmaps</flag>
              </flags>
        </test><test>
          <test-title>absolutely positioned non-replaced element - 'direction: ltr' and 'top', 'height' and 'bottom' are 'auto'</test-title>
          <test-href>abs-pos-non-replaced-vrl-002.xht</test-href>
          <reference-value>=</reference-value>
          <reference-href>reference/abs-pos-non-replaced-vrl-002-ref.xht</reference-href>
          <flags>
              <flag>Ahem</flag><flag>Bitmaps</flag>
              </flags>
        </test><test>
          <test-title>absolutely positioned non-replaced element - 'direction: ltr' and 'left', 'width' and 'right' are 'auto'</test-title>
          <test-href>abs-pos-non-replaced-vrl-004.xht</test-href>
          <reference-value>=</reference-value>
          <reference-href>reference/abs-pos-non-replaced-vrl-004-ref.xht</reference-href>
          <flags>
              <flag>Ahem</flag><flag>Bitmaps</flag>
              </flags>
        </test><test>
          <test-title>absolutely positioned non-replaced element - 'direction: ltr' and 'top', 'height' and 'bottom' are 'auto'</test-title>
          <test-href>abs-pos-non-replaced-vrl-006.xht</test-href>
          <reference-value>=</reference-value>
          <reference-href>reference/abs-pos-non-replaced-vrl-006-ref.xht</reference-href>
          <flags>
              <flag>Ahem</flag><flag>Bitmaps</flag>
              </flags>
        </test><test>
          <test-title>absolutely positioned non-replaced element - 'direction: rtl' and 'top', 'height' and 'bottom' are 'auto'</test-title>
          <test-href>abs-pos-non-replaced-vrl-008.xht</test-href>
          <reference-value>=</reference-value>
          <reference-href>reference/abs-pos-non-replaced-vrl-004-ref.xht</reference-href>
          <flags>
              <flag>Ahem</flag><flag>Bitmaps</flag>
              </flags>
        </test><test>
          <test-title>absolutely positioned non-replaced element - 'direction: rtl' and 'left', 'width' and 'right' are 'auto'</test-title>
          <test-href>abs-pos-non-replaced-vrl-010.xht</test-href>
          <reference-value>=</reference-value>
          <reference-href>reference/abs-pos-non-replaced-vlr-009-ref.xht</reference-href>
          <flags>
              <flag>Ahem</flag><flag>Bitmaps</flag>
              </flags>
        </test><test>
          <test-title>absolutely positioned non-replaced element - 'direction: rtl' and 'top', 'height' and 'bottom' are 'auto'</test-title>
          <test-href>abs-pos-non-replaced-vrl-012.xht</test-href>
          <reference-value>=</reference-value>
          <reference-href>reference/abs-pos-non-replaced-vrl-012-ref.xht</reference-href>
          <flags>
              <flag>Ahem</flag><flag>Bitmaps</flag>
              </flags>
        </test><test>
          <test-title>absolutely positioned non-replaced element - 'direction: ltr' and 'top', 'height' are 'auto' and bottom is not 'auto'</test-title>
          <test-href>abs-pos-non-replaced-vrl-014.xht</test-href>
          <reference-value>=</reference-value>
          <reference-href>reference/abs-pos-non-replaced-vrl-004-ref.xht</reference-href>
          <flags>
              <flag>Ahem</flag><flag>Bitmaps</flag>
              </flags>
        </test><test>
          <test-title>absolutely positioned non-replaced element - 'direction: ltr' and 'left' and 'width' are 'auto' and 'right' is not 'auto'</test-title>
          <test-href>abs-pos-non-replaced-vrl-016.xht</test-href>
          <reference-value>=</reference-value>
          <reference-href>reference/abs-pos-non-replaced-vlr-009-ref.xht</reference-href>
          <flags>
              <flag>Ahem</flag><flag>Bitmaps</flag>
              </flags>
        </test><test>
          <test-title>absolutely positioned non-replaced element - 'direction: ltr' and 'top' and 'height' are 'auto' and 'bottom' is not 'auto'</test-title>
          <test-href>abs-pos-non-replaced-vrl-018.xht</test-href>
          <reference-value>=</reference-value>
          <reference-href>reference/abs-pos-non-replaced-vrl-012-ref.xht</reference-href>
          <flags>
              <flag>Ahem</flag><flag>Bitmaps</flag>
              </flags>
        </test><test>
          <test-title>absolutely positioned non-replaced element - 'direction: rtl' and 'top' and 'height' are 'auto and 'bottom' is not 'auto'</test-title>
          <test-href>abs-pos-non-replaced-vrl-020.xht</test-href>
          <reference-value>=</reference-value>
          <reference-href>reference/abs-pos-non-replaced-vrl-004-ref.xht</reference-href>
          <flags>
              <flag>Ahem</flag><flag>Bitmaps</flag>
              </flags>
        </test><test>
          <test-title>absolutely positioned non-replaced element - 'direction: rtl' and 'left' and 'width' are 'auto' and 'right' is not 'auto'</test-title>
          <test-href>abs-pos-non-replaced-vrl-022.xht</test-href>
          <reference-value>=</reference-value>
          <reference-href>reference/abs-pos-non-replaced-vlr-009-ref.xht</reference-href>
          <flags>
              <flag>Ahem</flag><flag>Bitmaps</flag>
              </flags>
        </test><test>
          <test-title>absolutely positioned non-replaced element - 'direction: rtl' and 'top' and 'height' are 'auto' and 'bottom' is not 'auto'</test-title>
          <test-href>abs-pos-non-replaced-vrl-024.xht</test-href>
          <reference-value>=</reference-value>
          <reference-href>reference/abs-pos-non-replaced-vrl-012-ref.xht</reference-href>
          <flags>
              <flag>Ahem</flag><flag>Bitmaps</flag>
              </flags>
        </test><test>
          <test-title>absolutely positioned non-replaced element - 'direction: ltr' and 'top' and 'bottom' are 'auto' and 'height' is not 'auto'</test-title>
          <test-href>abs-pos-non-replaced-vrl-026.xht</test-href>
          <reference-value>=</reference-value>
          <reference-href>reference/abs-pos-non-replaced-vrl-002-ref.xht</reference-href>
          <flags>
              <flag>Ahem</flag><flag>Bitmaps</flag>
              </flags>
        </test><test>
          <test-title>absolutely positioned non-replaced element - 'direction: ltr' and 'left' and 'right' are 'auto' and 'width' is not 'auto'</test-title>
          <test-href>abs-pos-non-replaced-vrl-028.xht</test-href>
          <reference-value>=</reference-value>
          <reference-href>reference/abs-pos-non-replaced-vrl-004-ref.xht</reference-href>
          <flags>
              <flag>Ahem</flag><flag>Bitmaps</flag>
              </flags>
        </test><test>
          <test-title>absolutely positioned non-replaced element - 'direction: ltr' and 'top' and 'bottom' are 'auto' and 'height' is not 'auto'</test-title>
          <test-href>abs-pos-non-replaced-vrl-030.xht</test-href>
          <reference-value>=</reference-value>
          <reference-href>reference/abs-pos-non-replaced-vrl-006-ref.xht</reference-href>
          <flags>
              <flag>Ahem</flag><flag>Bitmaps</flag>
              </flags>
        </test><test>
          <test-title>absolutely positioned non-replaced element - 'direction: rtl' and 'top' and 'bottom' are 'auto and 'height' is not 'auto'</test-title>
          <test-href>abs-pos-non-replaced-vrl-032.xht</test-href>
          <reference-value>=</reference-value>
          <reference-href>reference/abs-pos-non-replaced-vrl-004-ref.xht</reference-href>
          <flags>
              <flag>Ahem</flag><flag>Bitmaps</flag>
              </flags>
        </test><test>
          <test-title>absolutely positioned non-replaced element - 'direction: rtl' and 'left' and 'right' are 'auto' and 'width' is not 'auto'</test-title>
          <test-href>abs-pos-non-replaced-vrl-034.xht</test-href>
          <reference-value>=</reference-value>
          <reference-href>reference/abs-pos-non-replaced-vlr-009-ref.xht</reference-href>
          <flags>
              <flag>Ahem</flag><flag>Bitmaps</flag>
              </flags>
        </test><test>
          <test-title>absolutely positioned non-replaced element - 'direction: rtl' and 'top' and 'bottom' are 'auto' and 'height' is not 'auto'</test-title>
          <test-href>abs-pos-non-replaced-vrl-036.xht</test-href>
          <reference-value>=</reference-value>
          <reference-href>reference/abs-pos-non-replaced-vrl-012-ref.xht</reference-href>
          <flags>
              <flag>Ahem</flag><flag>Bitmaps</flag>
              </flags>
        </test><test>
          <test-title>absolutely positioned non-replaced element - 'direction: ltr' and 'height' and 'bottom' are 'auto' and 'top' is not 'auto'</test-title>
          <test-href>abs-pos-non-replaced-vrl-038.xht</test-href>
          <reference-value>=</reference-value>
          <reference-href>reference/abs-pos-non-replaced-vrl-004-ref.xht</reference-href>
          <flags>
              <flag>Ahem</flag><flag>Bitmaps</flag>
              </flags>
        </test><test>
          <test-title>absolutely positioned non-replaced element - 'direction: ltr' and 'width' and 'right' are 'auto' and 'left' is not 'auto'</test-title>
          <test-href>abs-pos-non-replaced-vrl-040.xht</test-href>
          <reference-value>=</reference-value>
          <reference-href>reference/abs-pos-non-replaced-vlr-009-ref.xht</reference-href>
          <flags>
              <flag>Ahem</flag><flag>Bitmaps</flag>
              </flags>
        </test><test>
          <test-title>absolutely positioned non-replaced element - 'direction: ltr' and 'height' and 'bottom' are 'auto' and 'top' is not 'auto'</test-title>
          <test-href>abs-pos-non-replaced-vrl-042.xht</test-href>
          <reference-value>=</reference-value>
          <reference-href>reference/abs-pos-non-replaced-vrl-012-ref.xht</reference-href>
          <flags>
              <flag>Ahem</flag><flag>Bitmaps</flag>
              </flags>
        </test><test>
          <test-title>absolutely positioned non-replaced element - 'direction: rtl' and 'height' and 'bottom' are 'auto' and 'top' is not 'auto'</test-title>
          <test-href>abs-pos-non-replaced-vrl-044.xht</test-href>
          <reference-value>=</reference-value>
          <reference-href>reference/abs-pos-non-replaced-vrl-004-ref.xht</reference-href>
          <flags>
              <flag>Ahem</flag><flag>Bitmaps</flag>
              </flags>
        </test><test>
          <test-title>absolutely positioned non-replaced element - 'direction: rtl' and 'width' and 'right' are 'auto' and 'left' is not 'auto'</test-title>
          <test-href>abs-pos-non-replaced-vrl-046.xht</test-href>
          <reference-value>=</reference-value>
          <reference-href>reference/abs-pos-non-replaced-vlr-009-ref.xht</reference-href>
          <flags>
              <flag>Ahem</flag><flag>Bitmaps</flag>
              </flags>
        </test><test>
          <test-title>absolutely positioned non-replaced element - 'direction: rtl' and 'height' and 'bottom' are 'auto' and 'top' is not 'auto'</test-title>
          <test-href>abs-pos-non-replaced-vrl-048.xht</test-href>
          <reference-value>=</reference-value>
          <reference-href>reference/abs-pos-non-replaced-vrl-012-ref.xht</reference-href>
          <flags>
              <flag>Ahem</flag><flag>Bitmaps</flag>
              </flags>
        </test><test>
          <test-title>absolutely positioned non-replaced element - 'direction: ltr' and 'top' is 'auto' and 'height' and 'bottom' are not 'auto'</test-title>
          <test-href>abs-pos-non-replaced-vrl-050.xht</test-href>
          <reference-value>=</reference-value>
          <reference-href>reference/abs-pos-non-replaced-vrl-002-ref.xht</reference-href>
          <flags>
              <flag>Ahem</flag><flag>Bitmaps</flag>
              </flags>
        </test><test>
          <test-title>absolutely positioned non-replaced element - 'direction: ltr' and 'left' is 'auto', 'width' and 'right' are not 'auto'</test-title>
          <test-href>abs-pos-non-replaced-vrl-052.xht</test-href>
          <reference-value>=</reference-value>
          <reference-href>reference/abs-pos-non-replaced-vrl-004-ref.xht</reference-href>
          <flags>
              <flag>Ahem</flag><flag>Bitmaps</flag>
              </flags>
        </test><test>
          <test-title>absolutely positioned non-replaced element - 'direction: ltr' and 'top' is 'auto' and 'height' and 'bottom' are not 'auto'</test-title>
          <test-href>abs-pos-non-replaced-vrl-054.xht</test-href>
          <reference-value>=</reference-value>
          <reference-href>reference/abs-pos-non-replaced-vrl-006-ref.xht</reference-href>
          <flags>
              <flag>Ahem</flag><flag>Bitmaps</flag>
              </flags>
        </test><test>
          <test-title>absolutely positioned non-replaced element - 'direction: rtl' and 'top' is 'auto' and 'height' and 'bottom' are not 'auto'</test-title>
          <test-href>abs-pos-non-replaced-vrl-056.xht</test-href>
          <reference-value>=</reference-value>
          <reference-href>reference/abs-pos-non-replaced-vrl-002-ref.xht</reference-href>
          <flags>
              <flag>Ahem</flag><flag>Bitmaps</flag>
              </flags>
        </test><test>
          <test-title>absolutely positioned non-replaced element - 'direction: rtl' and 'left' is 'auto', 'width' and 'right' are not 'auto', then solve for 'left'</test-title>
          <test-href>abs-pos-non-replaced-vrl-058.xht</test-href>
          <reference-value>=</reference-value>
          <reference-href>reference/abs-pos-non-replaced-vrl-004-ref.xht</reference-href>
          <flags>
              <flag>Ahem</flag><flag>Bitmaps</flag>
              </flags>
        </test><test>
          <test-title>absolutely positioned non-replaced element - 'direction: rtl' and 'top' is 'auto' and 'height' and 'bottom' are not 'auto'</test-title>
          <test-href>abs-pos-non-replaced-vrl-060.xht</test-href>
          <reference-value>=</reference-value>
          <reference-href>reference/abs-pos-non-replaced-vrl-006-ref.xht</reference-href>
          <flags>
              <flag>Ahem</flag><flag>Bitmaps</flag>
              </flags>
        </test><test>
          <test-title>absolutely positioned non-replaced element - 'direction: ltr' and 'height' is 'auto' and 'top' and 'bottom' are not 'auto'</test-title>
          <test-href>abs-pos-non-replaced-vrl-062.xht</test-href>
          <reference-value>=</reference-value>
          <reference-href>reference/abs-pos-non-replaced-vrl-002-ref.xht</reference-href>
          <flags>
              <flag>Ahem</flag><flag>Bitmaps</flag>
              </flags>
        </test><test>
          <test-title>absolutely positioned non-replaced element - 'direction: ltr' and 'width' is 'auto', 'left' and 'right' are not 'auto'</test-title>
          <test-href>abs-pos-non-replaced-vrl-064.xht</test-href>
          <reference-value>=</reference-value>
          <reference-href>reference/abs-pos-non-replaced-vrl-004-ref.xht</reference-href>
          <flags>
              <flag>Ahem</flag><flag>Bitmaps</flag>
              </flags>
        </test><test>
          <test-title>absolutely positioned non-replaced element - 'direction: ltr' and 'height' is 'auto' and 'top' and 'bottom' are not 'auto'</test-title>
          <test-href>abs-pos-non-replaced-vrl-066.xht</test-href>
          <reference-value>=</reference-value>
          <reference-href>reference/abs-pos-non-replaced-vrl-006-ref.xht</reference-href>
          <flags>
              <flag>Ahem</flag><flag>Bitmaps</flag>
              </flags>
        </test><test>
          <test-title>absolutely positioned non-replaced element - 'direction: rtl' and 'height' is 'auto' and 'top' and 'bottom' are not 'auto'</test-title>
          <test-href>abs-pos-non-replaced-vrl-068.xht</test-href>
          <reference-value>=</reference-value>
          <reference-href>reference/abs-pos-non-replaced-vrl-002-ref.xht</reference-href>
          <flags>
              <flag>Ahem</flag><flag>Bitmaps</flag>
              </flags>
        </test><test>
          <test-title>absolutely positioned non-replaced element - 'direction: rtl' and 'width' is 'auto', 'left' and 'right' are not 'auto'</test-title>
          <test-href>abs-pos-non-replaced-vrl-070.xht</test-href>
          <reference-value>=</reference-value>
          <reference-href>reference/abs-pos-non-replaced-vrl-004-ref.xht</reference-href>
          <flags>
              <flag>Ahem</flag><flag>Bitmaps</flag>
              </flags>
        </test><test>
          <test-title>absolutely positioned non-replaced element - 'direction: rtl' and 'height' is 'auto' and 'top' and 'bottom' are not 'auto'</test-title>
          <test-href>abs-pos-non-replaced-vrl-072.xht</test-href>
          <reference-value>=</reference-value>
          <reference-href>reference/abs-pos-non-replaced-vrl-006-ref.xht</reference-href>
          <flags>
              <flag>Ahem</flag><flag>Bitmaps</flag>
              </flags>
        </test><test>
          <test-title>absolutely positioned non-replaced element - 'direction: ltr' and 'bottom' is 'auto' and 'top' and 'height' are not 'auto'</test-title>
          <test-href>abs-pos-non-replaced-vrl-074.xht</test-href>
          <reference-value>=</reference-value>
          <reference-href>reference/abs-pos-non-replaced-vrl-004-ref.xht</reference-href>
          <flags>
              <flag>Ahem</flag><flag>Bitmaps</flag>
              </flags>
        </test><test>
          <test-title>absolutely positioned non-replaced element - 'direction: ltr' and 'right' is 'auto', 'left' and 'width' are not 'auto'</test-title>
          <test-href>abs-pos-non-replaced-vrl-076.xht</test-href>
          <reference-value>=</reference-value>
          <reference-href>reference/abs-pos-non-replaced-vlr-009-ref.xht</reference-href>
          <flags>
              <flag>Ahem</flag><flag>Bitmaps</flag>
              </flags>
        </test><test>
          <test-title>absolutely positioned non-replaced element - 'direction: ltr' and 'bottom' is 'auto' and 'top' and 'height' are not 'auto'</test-title>
          <test-href>abs-pos-non-replaced-vrl-078.xht</test-href>
          <reference-value>=</reference-value>
          <reference-href>reference/abs-pos-non-replaced-vrl-012-ref.xht</reference-href>
          <flags>
              <flag>Ahem</flag><flag>Bitmaps</flag>
              </flags>
        </test><test>
          <test-title>absolutely positioned non-replaced element - 'direction: rtl' and 'bottom' is 'auto' and 'top' and 'height' are not 'auto'</test-title>
          <test-href>abs-pos-non-replaced-vrl-080.xht</test-href>
          <reference-value>=</reference-value>
          <reference-href>reference/abs-pos-non-replaced-vrl-004-ref.xht</reference-href>
          <flags>
              <flag>Ahem</flag><flag>Bitmaps</flag>
              </flags>
        </test><test>
          <test-title>absolutely positioned non-replaced element - 'direction: rtl' and 'right' is 'auto', 'left' and 'width' are not 'auto'</test-title>
          <test-href>abs-pos-non-replaced-vrl-082.xht</test-href>
          <reference-value>=</reference-value>
          <reference-href>reference/abs-pos-non-replaced-vlr-009-ref.xht</reference-href>
          <flags>
              <flag>Ahem</flag><flag>Bitmaps</flag>
              </flags>
        </test><test>
          <test-title>absolutely positioned non-replaced element - 'direction: rtl' and 'bottom' is 'auto' and 'top' and 'height' are not 'auto'</test-title>
          <test-href>abs-pos-non-replaced-vrl-084.xht</test-href>
          <reference-value>=</reference-value>
          <reference-href>reference/abs-pos-non-replaced-vrl-012-ref.xht</reference-href>
          <flags>
              <flag>Ahem</flag><flag>Bitmaps</flag>
              </flags>
        </test><test>
          <test-title>absolutely positioned non-replaced element - 'direction: ltr' and 'top', 'height' and 'bottom' are not 'auto' (overconstrained)</test-title>
          <test-href>abs-pos-non-replaced-vrl-086.xht</test-href>
          <reference-value>=</reference-value>
          <reference-href>reference/abs-pos-non-replaced-vrl-002-ref.xht</reference-href>
          <flags>
              <flag>Ahem</flag><flag>Bitmaps</flag>
              </flags>
        </test><test>
          <test-title>absolutely positioned non-replaced element - 'direction: ltr' and 'left', 'width' and 'right' are not 'auto' (overconstrained)</test-title>
          <test-href>abs-pos-non-replaced-vrl-088.xht</test-href>
          <reference-value>=</reference-value>
          <reference-href>reference/abs-pos-non-replaced-vrl-004-ref.xht</reference-href>
          <flags>
              <flag>Ahem</flag><flag>Bitmaps</flag>
              </flags>
        </test><test>
          <test-title>absolutely positioned non-replaced element - 'direction: ltr' and 'top', 'height' and 'bottom' are not 'auto' (overconstrained)</test-title>
          <test-href>abs-pos-non-replaced-vrl-090.xht</test-href>
          <reference-value>=</reference-value>
          <reference-href>reference/abs-pos-non-replaced-vrl-006-ref.xht</reference-href>
          <flags>
              <flag>Ahem</flag><flag>Bitmaps</flag>
              </flags>
        </test><test>
          <test-title>absolutely positioned non-replaced element - 'direction: rtl' and 'top', 'height' and 'bottom' are not 'auto' (overconstrained)</test-title>
          <test-href>abs-pos-non-replaced-vrl-092.xht</test-href>
          <reference-value>=</reference-value>
          <reference-href>reference/abs-pos-non-replaced-vrl-004-ref.xht</reference-href>
          <flags>
              <flag>Ahem</flag><flag>Bitmaps</flag>
              </flags>
        </test><test>
          <test-title>absolutely positioned non-replaced element - 'direction: rtl' and 'left', 'width' and 'right' are not 'auto' (overconstrained)</test-title>
          <test-href>abs-pos-non-replaced-vrl-094.xht</test-href>
          <reference-value>=</reference-value>
          <reference-href>reference/abs-pos-non-replaced-vlr-009-ref.xht</reference-href>
          <flags>
              <flag>Ahem</flag><flag>Bitmaps</flag>
              </flags>
        </test><test>
          <test-title>absolutely positioned non-replaced element - 'direction: rtl' and 'top', 'height' and 'bottom' are not 'auto' (overconstrained)</test-title>
          <test-href>abs-pos-non-replaced-vrl-096.xht</test-href>
          <reference-value>=</reference-value>
          <reference-href>reference/abs-pos-non-replaced-vrl-012-ref.xht</reference-href>
          <flags>
              <flag>Ahem</flag><flag>Bitmaps</flag>
              </flags>
        </test><test>
          <test-title>absolutely positioned non-replaced element - 'direction: ltr' and 'left', 'width' and 'right' are 'auto'</test-title>
          <test-href>abs-pos-non-replaced-vrl-102.xht</test-href>
          <reference-value>=</reference-value>
          <reference-href>reference/abs-pos-non-replaced-vrl-002-ref.xht</reference-href>
          <flags>
              <flag>Ahem</flag><flag>Bitmaps</flag>
              </flags>
        </test><test>
          <test-title>absolutely positioned non-replaced element - 'direction: ltr' and 'top', 'height', and 'bottom' are 'auto'</test-title>
          <test-href>abs-pos-non-replaced-vrl-104.xht</test-href>
          <reference-value>=</reference-value>
          <reference-href>reference/abs-pos-non-replaced-vrl-004-ref.xht</reference-href>
          <flags>
              <flag>Ahem</flag><flag>Bitmaps</flag>
              </flags>
        </test><test>
          <test-title>absolutely positioned non-replaced element - 'direction: ltr' and 'left', 'width' and 'right' are 'auto'</test-title>
          <test-href>abs-pos-non-replaced-vrl-106.xht</test-href>
          <reference-value>=</reference-value>
          <reference-href>reference/abs-pos-non-replaced-vrl-006-ref.xht</reference-href>
          <flags>
              <flag>Ahem</flag><flag>Bitmaps</flag>
              </flags>
        </test><test>
          <test-title>absolutely positioned non-replaced element - 'direction: ltr' and 'left', 'width' and 'right' are 'auto'</test-title>
          <test-href>abs-pos-non-replaced-vrl-108.xht</test-href>
          <reference-value>=</reference-value>
          <reference-href>reference/abs-pos-non-replaced-vrl-002-ref.xht</reference-href>
          <flags>
              <flag>Ahem</flag><flag>Bitmaps</flag>
              </flags>
        </test><test>
          <test-title>absolutely positioned non-replaced element - 'direction: rtl' and 'left', 'width' and 'right' are 'auto'</test-title>
          <test-href>abs-pos-non-replaced-vrl-110.xht</test-href>
          <reference-value>=</reference-value>
          <reference-href>reference/abs-pos-non-replaced-vrl-004-ref.xht</reference-href>
          <flags>
              <flag>Ahem</flag><flag>Bitmaps</flag>
              </flags>
        </test><test>
          <test-title>absolutely positioned non-replaced element - 'direction: rtl' and 'top', 'height', and 'bottom' are 'auto'</test-title>
          <test-href>abs-pos-non-replaced-vrl-112.xht</test-href>
          <reference-value>=</reference-value>
          <reference-href>reference/abs-pos-non-replaced-vlr-009-ref.xht</reference-href>
          <flags>
              <flag>Ahem</flag><flag>Bitmaps</flag>
              </flags>
        </test><test>
          <test-title>absolutely positioned non-replaced element - 'direction: rtl' and 'left', 'width' and 'right' are 'auto'</test-title>
          <test-href>abs-pos-non-replaced-vrl-114.xht</test-href>
          <reference-value>=</reference-value>
          <reference-href>reference/abs-pos-non-replaced-vrl-012-ref.xht</reference-href>
          <flags>
              <flag>Ahem</flag><flag>Bitmaps</flag>
              </flags>
        </test><test>
          <test-title>absolutely positioned non-replaced element - 'direction: rtl' and 'left', 'width' and 'right' are 'auto'</test-title>
          <test-href>abs-pos-non-replaced-vrl-116.xht</test-href>
          <reference-value>=</reference-value>
          <reference-href>reference/abs-pos-non-replaced-vrl-004-ref.xht</reference-href>
          <flags>
              <flag>Ahem</flag><flag>Bitmaps</flag>
              </flags>
        </test><test>
          <test-title>absolutely positioned non-replaced element - 'direction: ltr' and 'width' and 'right' are 'auto' and 'left' is not 'auto'</test-title>
          <test-href>abs-pos-non-replaced-vrl-118.xht</test-href>
          <reference-value>=</reference-value>
          <reference-href>reference/abs-pos-non-replaced-vlr-003-ref.xht</reference-href>
          <flags>
              <flag>Ahem</flag><flag>Bitmaps</flag>
              </flags>
        </test><test>
          <test-title>absolutely positioned non-replaced element - 'direction: ltr' and 'top' and 'height' are 'auto' and 'bottom' is not 'auto'</test-title>
          <test-href>abs-pos-non-replaced-vrl-120.xht</test-href>
          <reference-value>=</reference-value>
          <reference-href>reference/abs-pos-non-replaced-vrl-002-ref.xht</reference-href>
          <flags>
              <flag>Ahem</flag><flag>Bitmaps</flag>
              </flags>
        </test><test>
          <test-title>absolutely positioned non-replaced element - 'direction: ltr' and 'width' and 'right' are 'auto' and 'left' is not 'auto'</test-title>
          <test-href>abs-pos-non-replaced-vrl-122.xht</test-href>
          <reference-value>=</reference-value>
          <reference-href>reference/abs-pos-non-replaced-vrl-122-ref.xht</reference-href>
          <flags>
              <flag>Ahem</flag><flag>Bitmaps</flag>
              </flags>
        </test><test>
          <test-title>absolutely positioned non-replaced element - 'direction: ltr' and 'width' and 'right' are 'auto' and 'left' is not 'auto'</test-title>
          <test-href>abs-pos-non-replaced-vrl-124.xht</test-href>
          <reference-value>=</reference-value>
          <reference-href>reference/abs-pos-non-replaced-vlr-003-ref.xht</reference-href>
          <flags>
              <flag>Ahem</flag><flag>Bitmaps</flag>
              </flags>
        </test><test>
          <test-title>absolutely positioned non-replaced element - 'direction: rtl' and 'width' and 'right' are 'auto' and 'left' is not 'auto'</test-title>
          <test-href>abs-pos-non-replaced-vrl-126.xht</test-href>
          <reference-value>=</reference-value>
          <reference-href>reference/abs-pos-non-replaced-vlr-009-ref.xht</reference-href>
          <flags>
              <flag>Ahem</flag><flag>Bitmaps</flag>
              </flags>
        </test><test>
          <test-title>absolutely positioned non-replaced element - 'direction: rtl' and 'top' and 'height' are 'auto' and 'bottom' is not 'auto'</test-title>
          <test-href>abs-pos-non-replaced-vrl-128.xht</test-href>
          <reference-value>=</reference-value>
          <reference-href>reference/abs-pos-non-replaced-vlr-003-ref.xht</reference-href>
          <flags>
              <flag>Ahem</flag><flag>Bitmaps</flag>
              </flags>
        </test><test>
          <test-title>absolutely positioned non-replaced element - 'direction: rtl' and 'width' and 'right' are 'auto' and 'left' is not 'auto'</test-title>
          <test-href>abs-pos-non-replaced-vrl-130.xht</test-href>
          <reference-value>=</reference-value>
          <reference-href>reference/abs-pos-non-replaced-vrl-130-ref.xht</reference-href>
          <flags>
              <flag>Ahem</flag><flag>Bitmaps</flag>
              </flags>
        </test><test>
          <test-title>absolutely positioned non-replaced element - 'direction: rtl' and 'width' and 'right' are 'auto' and 'left' is not 'auto'</test-title>
          <test-href>abs-pos-non-replaced-vrl-132.xht</test-href>
          <reference-value>=</reference-value>
          <reference-href>reference/abs-pos-non-replaced-vlr-009-ref.xht</reference-href>
          <flags>
              <flag>Ahem</flag><flag>Bitmaps</flag>
              </flags>
        </test><test>
          <test-title>absolutely positioned non-replaced element - 'direction: ltr' and 'left' and 'right' are 'auto' and 'width' is not 'auto'</test-title>
          <test-href>abs-pos-non-replaced-vrl-134.xht</test-href>
          <reference-value>=</reference-value>
          <reference-href>reference/abs-pos-non-replaced-vrl-002-ref.xht</reference-href>
          <flags>
              <flag>Ahem</flag><flag>Bitmaps</flag>
              </flags>
        </test><test>
          <test-title>absolutely positioned non-replaced element - 'direction: ltr' and 'top' and 'bottom' are 'auto' and 'height' is not 'auto'</test-title>
          <test-href>abs-pos-non-replaced-vrl-136.xht</test-href>
          <reference-value>=</reference-value>
          <reference-href>reference/abs-pos-non-replaced-vrl-004-ref.xht</reference-href>
          <flags>
              <flag>Ahem</flag><flag>Bitmaps</flag>
              </flags>
        </test><test>
          <test-title>absolutely positioned non-replaced element - 'direction: ltr' and 'left' and 'right' are 'auto' and 'width' is not 'auto'</test-title>
          <test-href>abs-pos-non-replaced-vrl-138.xht</test-href>
          <reference-value>=</reference-value>
          <reference-href>reference/abs-pos-non-replaced-vrl-006-ref.xht</reference-href>
          <flags>
              <flag>Ahem</flag><flag>Bitmaps</flag>
              </flags>
        </test><test>
          <test-title>absolutely positioned non-replaced element - 'direction: ltr' and 'left' and 'right' are 'auto' and 'width' is not 'auto'</test-title>
          <test-href>abs-pos-non-replaced-vrl-140.xht</test-href>
          <reference-value>=</reference-value>
          <reference-href>reference/abs-pos-non-replaced-vrl-002-ref.xht</reference-href>
          <flags>
              <flag>Ahem</flag><flag>Bitmaps</flag>
              </flags>
        </test><test>
          <test-title>absolutely positioned non-replaced element - 'direction: rtl' and 'left' and 'right' are 'auto' and 'width' is not 'auto'</test-title>
          <test-href>abs-pos-non-replaced-vrl-142.xht</test-href>
          <reference-value>=</reference-value>
          <reference-href>reference/abs-pos-non-replaced-vrl-004-ref.xht</reference-href>
          <flags>
              <flag>Ahem</flag><flag>Bitmaps</flag>
              </flags>
        </test><test>
          <test-title>absolutely positioned non-replaced element - 'direction: rtl' and 'top' and 'bottom' are 'auto' and 'height' is not 'auto'</test-title>
          <test-href>abs-pos-non-replaced-vrl-144.xht</test-href>
          <reference-value>=</reference-value>
          <reference-href>reference/abs-pos-non-replaced-vlr-009-ref.xht</reference-href>
          <flags>
              <flag>Ahem</flag><flag>Bitmaps</flag>
              </flags>
        </test><test>
          <test-title>absolutely positioned non-replaced element - 'direction: rtl' and 'left' and 'right' are 'auto' and 'width' is not 'auto'</test-title>
          <test-href>abs-pos-non-replaced-vrl-146.xht</test-href>
          <reference-value>=</reference-value>
          <reference-href>reference/abs-pos-non-replaced-vrl-012-ref.xht</reference-href>
          <flags>
              <flag>Ahem</flag><flag>Bitmaps</flag>
              </flags>
        </test><test>
          <test-title>absolutely positioned non-replaced element - 'direction: rtl' and 'left' and 'right' are 'auto' and 'width' is not 'auto'</test-title>
          <test-href>abs-pos-non-replaced-vrl-148.xht</test-href>
          <reference-value>=</reference-value>
          <reference-href>reference/abs-pos-non-replaced-vrl-004-ref.xht</reference-href>
          <flags>
              <flag>Ahem</flag><flag>Bitmaps</flag>
              </flags>
        </test><test>
          <test-title>absolutely positioned non-replaced element - 'direction: ltr' and 'left' and 'width' are 'auto' and 'right' is not 'auto'</test-title>
          <test-href>abs-pos-non-replaced-vrl-150.xht</test-href>
          <reference-value>=</reference-value>
          <reference-href>reference/abs-pos-non-replaced-vrl-002-ref.xht</reference-href>
          <flags>
              <flag>Ahem</flag><flag>Bitmaps</flag>
              </flags>
        </test><test>
          <test-title>absolutely positioned non-replaced element - 'direction: ltr' and 'height' and 'bottom' are 'auto' and 'top' is not 'auto'</test-title>
          <test-href>abs-pos-non-replaced-vrl-152.xht</test-href>
          <reference-value>=</reference-value>
          <reference-href>reference/abs-pos-non-replaced-vrl-004-ref.xht</reference-href>
          <flags>
              <flag>Ahem</flag><flag>Bitmaps</flag>
              </flags>
        </test><test>
          <test-title>absolutely positioned non-replaced element - 'direction: ltr' and 'left' and 'width' are 'auto' and 'right' is not 'auto'</test-title>
          <test-href>abs-pos-non-replaced-vrl-154.xht</test-href>
          <reference-value>=</reference-value>
          <reference-href>reference/abs-pos-non-replaced-vrl-006-ref.xht</reference-href>
          <flags>
              <flag>Ahem</flag><flag>Bitmaps</flag>
              </flags>
        </test><test>
          <test-title>absolutely positioned non-replaced element - 'direction: ltr' and 'left' and 'width' are 'auto' and 'right' is not 'auto'</test-title>
          <test-href>abs-pos-non-replaced-vrl-156.xht</test-href>
          <reference-value>=</reference-value>
          <reference-href>reference/abs-pos-non-replaced-vrl-002-ref.xht</reference-href>
          <flags>
              <flag>Ahem</flag><flag>Bitmaps</flag>
              </flags>
        </test><test>
          <test-title>absolutely positioned non-replaced element - 'direction: rtl' and 'left' and 'width' are 'auto' and 'right' is not 'auto'</test-title>
          <test-href>abs-pos-non-replaced-vrl-158.xht</test-href>
          <reference-value>=</reference-value>
          <reference-href>reference/abs-pos-non-replaced-vrl-004-ref.xht</reference-href>
          <flags>
              <flag>Ahem</flag><flag>Bitmaps</flag>
              </flags>
        </test><test>
          <test-title>absolutely positioned non-replaced element - 'direction: rtl' and 'height' and 'bottom' are 'auto' and 'top' is not 'auto'</test-title>
          <test-href>abs-pos-non-replaced-vrl-160.xht</test-href>
          <reference-value>=</reference-value>
          <reference-href>reference/abs-pos-non-replaced-vlr-009-ref.xht</reference-href>
          <flags>
              <flag>Ahem</flag><flag>Bitmaps</flag>
              </flags>
        </test><test>
          <test-title>absolutely positioned non-replaced element - 'direction: rtl' and 'left' and 'width' are 'auto' and 'right' is not 'auto'</test-title>
          <test-href>abs-pos-non-replaced-vrl-162.xht</test-href>
          <reference-value>=</reference-value>
          <reference-href>reference/abs-pos-non-replaced-vrl-012-ref.xht</reference-href>
          <flags>
              <flag>Ahem</flag><flag>Bitmaps</flag>
              </flags>
        </test><test>
          <test-title>absolutely positioned non-replaced element - 'direction: rtl' and 'left' and 'width' are 'auto' and 'right' is not 'auto'</test-title>
          <test-href>abs-pos-non-replaced-vrl-164.xht</test-href>
          <reference-value>=</reference-value>
          <reference-href>reference/abs-pos-non-replaced-vrl-004-ref.xht</reference-href>
          <flags>
              <flag>Ahem</flag><flag>Bitmaps</flag>
              </flags>
        </test><test>
          <test-title>absolutely positioned non-replaced element - 'direction: ltr' and 'right' is 'auto', 'width' and 'left' are not 'auto'</test-title>
          <test-href>abs-pos-non-replaced-vrl-166.xht</test-href>
          <reference-value>=</reference-value>
          <reference-href>reference/abs-pos-non-replaced-vlr-003-ref.xht</reference-href>
          <flags>
              <flag>Ahem</flag><flag>Bitmaps</flag>
              </flags>
        </test><test>
          <test-title>absolutely positioned non-replaced element - 'direction: ltr' and 'top' is 'auto', 'height' and 'bottom' are not 'auto'</test-title>
          <test-href>abs-pos-non-replaced-vrl-168.xht</test-href>
          <reference-value>=</reference-value>
          <reference-href>reference/abs-pos-non-replaced-vrl-002-ref.xht</reference-href>
          <flags>
              <flag>Ahem</flag><flag>Bitmaps</flag>
              </flags>
        </test><test>
          <test-title>absolutely positioned non-replaced element - 'direction: ltr' and 'right' is 'auto' and 'width' and 'left' are not 'auto'</test-title>
          <test-href>abs-pos-non-replaced-vrl-170.xht</test-href>
          <reference-value>=</reference-value>
          <reference-href>reference/abs-pos-non-replaced-vrl-122-ref.xht</reference-href>
          <flags>
              <flag>Ahem</flag><flag>Bitmaps</flag>
              </flags>
        </test><test>
          <test-title>absolutely positioned non-replaced element - 'direction: ltr' and 'right' is 'auto' and 'width' and 'left' are not 'auto'</test-title>
          <test-href>abs-pos-non-replaced-vrl-172.xht</test-href>
          <reference-value>=</reference-value>
          <reference-href>reference/abs-pos-non-replaced-vlr-003-ref.xht</reference-href>
          <flags>
              <flag>Ahem</flag><flag>Bitmaps</flag>
              </flags>
        </test><test>
          <test-title>absolutely positioned non-replaced element - 'direction: rtl' and 'right' is 'auto' and 'width' and 'left' are not 'auto'</test-title>
          <test-href>abs-pos-non-replaced-vrl-174.xht</test-href>
          <reference-value>=</reference-value>
          <reference-href>reference/abs-pos-non-replaced-vlr-009-ref.xht</reference-href>
          <flags>
              <flag>Ahem</flag><flag>Bitmaps</flag>
              </flags>
        </test><test>
          <test-title>absolutely positioned non-replaced element - 'direction: rtl' and 'top' is 'auto', 'height' and 'bottom' are not 'auto'</test-title>
          <test-href>abs-pos-non-replaced-vrl-176.xht</test-href>
          <reference-value>=</reference-value>
          <reference-href>reference/abs-pos-non-replaced-vlr-003-ref.xht</reference-href>
          <flags>
              <flag>Ahem</flag><flag>Bitmaps</flag>
              </flags>
        </test><test>
          <test-title>absolutely positioned non-replaced element - 'direction: rtl' and 'right' is 'auto' and 'width' and 'left' are not 'auto'</test-title>
          <test-href>abs-pos-non-replaced-vrl-178.xht</test-href>
          <reference-value>=</reference-value>
          <reference-href>reference/abs-pos-non-replaced-vrl-130-ref.xht</reference-href>
          <flags>
              <flag>Ahem</flag><flag>Bitmaps</flag>
              </flags>
        </test><test>
          <test-title>absolutely positioned non-replaced element - 'direction: rtl' and 'right' is 'auto' and 'width' and 'left' are not 'auto'</test-title>
          <test-href>abs-pos-non-replaced-vrl-180.xht</test-href>
          <reference-value>=</reference-value>
          <reference-href>reference/abs-pos-non-replaced-vlr-009-ref.xht</reference-href>
          <flags>
              <flag>Ahem</flag><flag>Bitmaps</flag>
              </flags>
        </test><test>
          <test-title>absolutely positioned non-replaced element - 'direction: ltr' and 'width' is 'auto' and 'left' and 'right' are not 'auto'</test-title>
          <test-href>abs-pos-non-replaced-vrl-182.xht</test-href>
          <reference-value>=</reference-value>
          <reference-href>reference/abs-pos-non-replaced-vlr-003-ref.xht</reference-href>
          <flags>
              <flag>Ahem</flag><flag>Bitmaps</flag>
              </flags>
        </test><test>
          <test-title>absolutely positioned non-replaced element - 'direction: ltr' and 'height' is 'auto', 'top' and 'bottom' are not 'auto'</test-title>
          <test-href>abs-pos-non-replaced-vrl-184.xht</test-href>
          <reference-value>=</reference-value>
          <reference-href>reference/abs-pos-non-replaced-vrl-002-ref.xht</reference-href>
          <flags>
              <flag>Ahem</flag><flag>Bitmaps</flag>
              </flags>
        </test><test>
          <test-title>absolutely positioned non-replaced element - 'direction: ltr' and 'width' is 'auto' and 'left' and 'right' are not 'auto'</test-title>
          <test-href>abs-pos-non-replaced-vrl-186.xht</test-href>
          <reference-value>=</reference-value>
          <reference-href>reference/abs-pos-non-replaced-vrl-122-ref.xht</reference-href>
          <flags>
              <flag>Ahem</flag><flag>Bitmaps</flag>
              </flags>
        </test><test>
          <test-title>absolutely positioned non-replaced element - 'direction: ltr' and 'width' is 'auto' and 'left' and 'right' are not 'auto'</test-title>
          <test-href>abs-pos-non-replaced-vrl-188.xht</test-href>
          <reference-value>=</reference-value>
          <reference-href>reference/abs-pos-non-replaced-vlr-003-ref.xht</reference-href>
          <flags>
              <flag>Ahem</flag><flag>Bitmaps</flag>
              </flags>
        </test><test>
          <test-title>absolutely positioned non-replaced element - 'direction: rtl' and 'width' is 'auto' and 'left' and 'right' are not 'auto'</test-title>
          <test-href>abs-pos-non-replaced-vrl-190.xht</test-href>
          <reference-value>=</reference-value>
          <reference-href>reference/abs-pos-non-replaced-vlr-009-ref.xht</reference-href>
          <flags>
              <flag>Ahem</flag><flag>Bitmaps</flag>
              </flags>
        </test><test>
          <test-title>absolutely positioned non-replaced element - 'direction: rtl' and 'height' is 'auto', 'top' and 'bottom' are not 'auto'</test-title>
          <test-href>abs-pos-non-replaced-vrl-192.xht</test-href>
          <reference-value>=</reference-value>
          <reference-href>reference/abs-pos-non-replaced-vlr-003-ref.xht</reference-href>
          <flags>
              <flag>Ahem</flag><flag>Bitmaps</flag>
              </flags>
        </test><test>
          <test-title>absolutely positioned non-replaced element - 'direction: rtl' and 'width' is 'auto' and 'left' and 'right' are not 'auto'</test-title>
          <test-href>abs-pos-non-replaced-vrl-194.xht</test-href>
          <reference-value>=</reference-value>
          <reference-href>reference/abs-pos-non-replaced-vrl-130-ref.xht</reference-href>
          <flags>
              <flag>Ahem</flag><flag>Bitmaps</flag>
              </flags>
        </test><test>
          <test-title>absolutely positioned non-replaced element - 'direction: rtl' and 'width' is 'auto' and 'left' and 'right' are not 'auto'</test-title>
          <test-href>abs-pos-non-replaced-vrl-196.xht</test-href>
          <reference-value>=</reference-value>
          <reference-href>reference/abs-pos-non-replaced-vlr-009-ref.xht</reference-href>
          <flags>
              <flag>Ahem</flag><flag>Bitmaps</flag>
              </flags>
        </test><test>
          <test-title>absolutely positioned non-replaced element - 'direction: ltr' and 'left' is 'auto' and 'right' and 'width' are not 'auto'</test-title>
          <test-href>abs-pos-non-replaced-vrl-198.xht</test-href>
          <reference-value>=</reference-value>
          <reference-href>reference/abs-pos-non-replaced-vrl-002-ref.xht</reference-href>
          <flags>
              <flag>Ahem</flag><flag>Bitmaps</flag>
              </flags>
        </test><test>
          <test-title>absolutely positioned non-replaced element - 'direction: ltr' and 'bottom' is 'auto', 'top' and 'height' are not 'auto'</test-title>
          <test-href>abs-pos-non-replaced-vrl-200.xht</test-href>
          <reference-value>=</reference-value>
          <reference-href>reference/abs-pos-non-replaced-vrl-004-ref.xht</reference-href>
          <flags>
              <flag>Ahem</flag><flag>Bitmaps</flag>
              </flags>
        </test><test>
          <test-title>absolutely positioned non-replaced element - 'direction: ltr' and 'left' is 'auto' and 'right' and 'width' are not 'auto'</test-title>
          <test-href>abs-pos-non-replaced-vrl-202.xht</test-href>
          <reference-value>=</reference-value>
          <reference-href>reference/abs-pos-non-replaced-vrl-006-ref.xht</reference-href>
          <flags>
              <flag>Ahem</flag><flag>Bitmaps</flag>
              </flags>
        </test><test>
          <test-title>absolutely positioned non-replaced element - 'direction: ltr' and 'left' is 'auto' and 'right' and 'width' are not 'auto'</test-title>
          <test-href>abs-pos-non-replaced-vrl-204.xht</test-href>
          <reference-value>=</reference-value>
          <reference-href>reference/abs-pos-non-replaced-vrl-002-ref.xht</reference-href>
          <flags>
              <flag>Ahem</flag><flag>Bitmaps</flag>
              </flags>
        </test><test>
          <test-title>absolutely positioned non-replaced element - 'direction: rtl' and 'left' is 'auto' and 'right' and 'width' are not 'auto'</test-title>
          <test-href>abs-pos-non-replaced-vrl-206.xht</test-href>
          <reference-value>=</reference-value>
          <reference-href>reference/abs-pos-non-replaced-vrl-004-ref.xht</reference-href>
          <flags>
              <flag>Ahem</flag><flag>Bitmaps</flag>
              </flags>
        </test><test>
          <test-title>absolutely positioned non-replaced element - 'direction: rtl' and 'bottom' is 'auto', 'top' and 'height' are not 'auto'</test-title>
          <test-href>abs-pos-non-replaced-vrl-208.xht</test-href>
          <reference-value>=</reference-value>
          <reference-href>reference/abs-pos-non-replaced-vlr-009-ref.xht</reference-href>
          <flags>
              <flag>Ahem</flag><flag>Bitmaps</flag>
              </flags>
        </test><test>
          <test-title>absolutely positioned non-replaced element - 'direction: rtl' and 'left' is 'auto' and 'right' and 'width' are not 'auto'</test-title>
          <test-href>abs-pos-non-replaced-vrl-210.xht</test-href>
          <reference-value>=</reference-value>
          <reference-href>reference/abs-pos-non-replaced-vrl-012-ref.xht</reference-href>
          <flags>
              <flag>Ahem</flag><flag>Bitmaps</flag>
              </flags>
        </test><test>
          <test-title>absolutely positioned non-replaced element - 'direction: rtl' and 'left' is 'auto' and 'right' and 'width' are not 'auto'</test-title>
          <test-href>abs-pos-non-replaced-vrl-212.xht</test-href>
          <reference-value>=</reference-value>
          <reference-href>reference/abs-pos-non-replaced-vrl-004-ref.xht</reference-href>
          <flags>
              <flag>Ahem</flag><flag>Bitmaps</flag>
              </flags>
        </test><test>
          <test-title>absolutely positioned non-replaced element - 'direction: ltr' and 'left', 'right' and 'width' are not 'auto' (overconstrained)</test-title>
          <test-href>abs-pos-non-replaced-vrl-214.xht</test-href>
          <reference-value>=</reference-value>
          <reference-href>reference/abs-pos-non-replaced-vlr-003-ref.xht</reference-href>
          <flags>
              <flag>Ahem</flag><flag>Bitmaps</flag>
              </flags>
        </test><test>
          <test-title>absolutely positioned non-replaced element - 'direction: ltr' and 'top', 'bottom' and 'height' are not 'auto' (overconstrained)</test-title>
          <test-href>abs-pos-non-replaced-vrl-216.xht</test-href>
          <reference-value>=</reference-value>
          <reference-href>reference/abs-pos-non-replaced-vrl-002-ref.xht</reference-href>
          <flags>
              <flag>Ahem</flag><flag>Bitmaps</flag>
              </flags>
        </test><test>
          <test-title>absolutely positioned non-replaced element - 'direction: ltr' and 'left', 'right' and 'width' are not 'auto' (overconstrained)</test-title>
          <test-href>abs-pos-non-replaced-vrl-218.xht</test-href>
          <reference-value>=</reference-value>
          <reference-href>reference/abs-pos-non-replaced-vrl-122-ref.xht</reference-href>
          <flags>
              <flag>Ahem</flag><flag>Bitmaps</flag>
              </flags>
        </test><test>
          <test-title>absolutely positioned non-replaced element - 'direction: ltr' and 'left', 'right' and 'width' are not 'auto' (overconstrained)</test-title>
          <test-href>abs-pos-non-replaced-vrl-220.xht</test-href>
          <reference-value>=</reference-value>
          <reference-href>reference/abs-pos-non-replaced-vlr-003-ref.xht</reference-href>
          <flags>
              <flag>Ahem</flag><flag>Bitmaps</flag>
              </flags>
        </test><test>
          <test-title>absolutely positioned non-replaced element - 'direction: rtl' and 'left', 'right' and 'width' are not 'auto' (overconstrained)</test-title>
          <test-href>abs-pos-non-replaced-vrl-222.xht</test-href>
          <reference-value>=</reference-value>
          <reference-href>reference/abs-pos-non-replaced-vlr-009-ref.xht</reference-href>
          <flags>
              <flag>Ahem</flag><flag>Bitmaps</flag>
              </flags>
        </test><test>
          <test-title>absolutely positioned non-replaced element - 'direction: rtl' and 'top', 'bottom' and 'height' are not 'auto' (overconstrained)</test-title>
          <test-href>abs-pos-non-replaced-vrl-224.xht</test-href>
          <reference-value>=</reference-value>
          <reference-href>reference/abs-pos-non-replaced-vlr-003-ref.xht</reference-href>
          <flags>
              <flag>Ahem</flag><flag>Bitmaps</flag>
              </flags>
        </test><test>
          <test-title>absolutely positioned non-replaced element - 'direction: rtl' and 'left', 'right' and 'width' are not 'auto' (overconstrained)</test-title>
          <test-href>abs-pos-non-replaced-vrl-226.xht</test-href>
          <reference-value>=</reference-value>
          <reference-href>reference/abs-pos-non-replaced-vrl-130-ref.xht</reference-href>
          <flags>
              <flag>Ahem</flag><flag>Bitmaps</flag>
              </flags>
        </test><test>
          <test-title>absolutely positioned non-replaced element - 'direction: rtl' and 'left', 'right' and 'width' are not 'auto' (overconstrained)</test-title>
          <test-href>abs-pos-non-replaced-vrl-228.xht</test-href>
          <reference-value>=</reference-value>
          <reference-href>reference/abs-pos-non-replaced-vlr-009-ref.xht</reference-href>
          <flags>
              <flag>Ahem</flag><flag>Bitmaps</flag>
              </flags>
        </test><test>
          <test-title>Absolutely positioned, non-replaced elements with height based on the content</test-title>
          <test-href>absolute-non-replaced-height-002.xht</test-href>
          <reference-value>=</reference-value>
          <reference-href>reference/absolute-non-replaced-height-002-ref.xht</reference-href>
          <flags>
              <flag>Ahem</flag>
              </flags>
        </test><test>
          <test-title>Absolutely positioned, non-replaced elements, vertical centering</test-title>
          <test-href>absolute-non-replaced-height-003.xht</test-href>
          <reference-value>=</reference-value>
          <reference-href>reference/absolute-non-replaced-height-003-ref.xht</reference-href>
          
        </test><test>
          <test-title>Absolutely positioned, non-replaced elements, 'margin-top' set to 'auto'</test-title>
          <test-href>absolute-non-replaced-height-004.xht</test-href>
          <reference-value>=</reference-value>
          <reference-href>reference/absolute-non-replaced-height-003-ref.xht</reference-href>
          
        </test><test>
          <test-title>Absolutely positioned, non-replaced elements, 'margin-bottom' set to 'auto'</test-title>
          <test-href>absolute-non-replaced-height-005.xht</test-href>
          <reference-value>=</reference-value>
          <reference-href>reference/absolute-non-replaced-height-003-ref.xht</reference-href>
          
        </test><test>
          <test-title>Absolutely positioned, non-replaced elements, over-constrained</test-title>
          <test-href>absolute-non-replaced-height-006.xht</test-href>
          <reference-value>=</reference-value>
          <reference-href>reference/absolute-non-replaced-height-006-ref.xht</reference-href>
          
        </test><test>
          <test-title>Absolutely positioned, non-replaced elements, shrink-to-fit solve for top</test-title>
          <test-href>absolute-non-replaced-height-007.xht</test-href>
          <reference-value>=</reference-value>
          <reference-href>reference/absolute-non-replaced-height-007-ref.xht</reference-href>
          <flags>
              <flag>Ahem</flag>
              </flags>
        </test><test>
          <test-title>Absolutely positioned, non-replaced elements, 'top' set to static position</test-title>
          <test-href>absolute-non-replaced-height-008.xht</test-href>
          <reference-value>=</reference-value>
          <reference-href>reference/absolute-non-replaced-height-008-ref.xht</reference-href>
          
        </test><test>
          <test-title>Absolutely positioned, non-replaced elements, height is based on the content</test-title>
          <test-href>absolute-non-replaced-height-009.xht</test-href>
          <reference-value>=</reference-value>
          <reference-href>reference/absolute-non-replaced-height-009-ref.xht</reference-href>
          <flags>
              <flag>Ahem</flag>
              </flags>
        </test><test>
          <test-title>Absolutely positioned, non-replaced elements, 'margin-top' and 'margin-bottom' set to '0'</test-title>
          <test-href>absolute-non-replaced-height-010.xht</test-href>
          <reference-value>=</reference-value>
          <reference-href>reference/absolute-non-replaced-height-003-ref.xht</reference-href>
          
        </test><test>
          <test-title>Absolutely positioned, non-replaced elements, 'height' based on 'top' and 'bottom' positions</test-title>
          <test-href>absolute-non-replaced-height-011.xht</test-href>
          <reference-value>=</reference-value>
          <reference-href>reference/absolute-non-replaced-height-003-ref.xht</reference-href>
          
        </test><test>
          <test-title>Absolutely positioned, non-replaced elements, solve for 'bottom'</test-title>
          <test-href>absolute-non-replaced-height-012.xht</test-href>
          <reference-value>=</reference-value>
          <reference-href>reference/absolute-non-replaced-height-003-ref.xht</reference-href>
          
        </test><test>
          <test-title>Max-height on absolutely positioned, non-replaced elements</test-title>
          <test-href>absolute-non-replaced-max-height-002.xht</test-href>
          <reference-value>=</reference-value>
          <reference-href>reference/absolute-non-replaced-max-height-002-ref.xht</reference-href>
          <flags>
              <flag>Ahem</flag>
              </flags>
        </test><test>
          <test-title>Max-height on absolutely positioned, non-replaced elements, vertical centering</test-title>
          <test-href>absolute-non-replaced-max-height-003.xht</test-href>
          <reference-value>=</reference-value>
          <reference-href>reference/absolute-non-replaced-max-height-003-ref.xht</reference-href>
          
        </test><test>
          <test-title>Max-height on absolutely positioned, non-replaced elements, 'margin-top' set to 'auto'</test-title>
          <test-href>absolute-non-replaced-max-height-004.xht</test-href>
          <reference-value>=</reference-value>
          <reference-href>reference/absolute-non-replaced-height-003-ref.xht</reference-href>
          
        </test><test>
          <test-title>Max-height on absolutely positioned, non-replaced elements, 'margin-bottom' set to 'auto'</test-title>
          <test-href>absolute-non-replaced-max-height-005.xht</test-href>
          <reference-value>=</reference-value>
          <reference-href>reference/absolute-non-replaced-height-003-ref.xht</reference-href>
          
        </test><test>
          <test-title>Max-height on absolutely positioned, non-replaced elements, over-constrained</test-title>
          <test-href>absolute-non-replaced-max-height-006.xht</test-href>
          <reference-value>=</reference-value>
          <reference-href>reference/absolute-non-replaced-height-003-ref.xht</reference-href>
          
        </test><test>
          <test-title>Max-height on absolutely positioned, non-replaced elements, shrink-to-fit solve for top</test-title>
          <test-href>absolute-non-replaced-max-height-007.xht</test-href>
          <reference-value>=</reference-value>
          <reference-href>reference/absolute-non-replaced-max-height-007-ref.xht</reference-href>
          <flags>
              <flag>Ahem</flag>
              </flags>
        </test><test>
          <test-title>Max-height on absolutely positioned, non-replaced elements, 'top' set to static position</test-title>
          <test-href>absolute-non-replaced-max-height-008.xht</test-href>
          <reference-value>=</reference-value>
          <reference-href>reference/absolute-non-replaced-max-height-008-ref.xht</reference-href>
          
        </test><test>
          <test-title>Max-height on absolutely positioned, non-replaced elements, height is shrink-to-fit</test-title>
          <test-href>absolute-non-replaced-max-height-009.xht</test-href>
          <reference-value>=</reference-value>
          <reference-href>reference/absolute-non-replaced-max-height-009-ref.xht</reference-href>
          <flags>
              <flag>Ahem</flag>
              </flags>
        </test><test>
          <test-title>Max-height on absolutely positioned, non-replaced elements, 'margin-top' and 'margin-bottom' set to '0'</test-title>
          <test-href>absolute-non-replaced-max-height-010.xht</test-href>
          <reference-value>=</reference-value>
          <reference-href>reference/absolute-non-replaced-height-003-ref.xht</reference-href>
          
        </test><test>
          <test-title>Max-height on absolutely positioned, non-replaced elements, 'height' based on 'top' and 'bottom' positions</test-title>
          <test-href>absolute-non-replaced-max-height-011.xht</test-href>
          <reference-value>=</reference-value>
          <reference-href>reference/absolute-non-replaced-max-height-003-ref.xht</reference-href>
          
        </test><test>
          <test-title>Max-height on absolutely positioned, non-replaced elements, solve for 'bottom'</test-title>
          <test-href>absolute-non-replaced-max-height-012.xht</test-href>
          <reference-value>=</reference-value>
          <reference-href>reference/absolute-non-replaced-height-003-ref.xht</reference-href>
          
        </test><test>
          <test-title>Solving for 'right' on absolutely positioned non-replaced elements</test-title>
          <test-href>absolute-non-replaced-width-001.xht</test-href>
          <reference-value>=</reference-value>
          <reference-href>reference/absolute-non-replaced-height-002-ref.xht</reference-href>
          <flags>
              <flag>Ahem</flag>
              </flags>
        </test><test>
          <test-title>Solving for 'left' on absolutely positioned non-replaced elements</test-title>
          <test-href>absolute-non-replaced-width-002.xht</test-href>
          <reference-value>=</reference-value>
          <reference-href>reference/absolute-non-replaced-width-002-ref.xht</reference-href>
          <flags>
              <flag>Ahem</flag>
              </flags>
        </test><test>
          <test-title>Absolutely positioned non-replaced elements with 'margin-left' and 'margin-right' set to 'auto'</test-title>
          <test-href>absolute-non-replaced-width-003.xht</test-href>
          <reference-value>=</reference-value>
          <reference-href>reference/absolute-non-replaced-width-003-ref.xht</reference-href>
          <flags>
              <flag>Ahem</flag>
              </flags>
        </test><test>
          <test-title>Absolutely positioned non-replaced elements when both 'margin-left' and 'margin-right' are set to 'auto' and direction is left-to-right</test-title>
          <test-href>absolute-non-replaced-width-004.xht</test-href>
          <reference-value>=</reference-value>
          <reference-href>reference/absolute-non-replaced-width-002-ref.xht</reference-href>
          <flags>
              <flag>Ahem</flag>
              </flags>
        </test><test>
          <test-title>Absolutely positioned non-replaced elements when both 'margin-left' and 'margin-right' are set to 'auto' and direction is right-to-left</test-title>
          <test-href>absolute-non-replaced-width-005.xht</test-href>
          <reference-value>=</reference-value>
          <reference-href>reference/absolute-non-replaced-height-002-ref.xht</reference-href>
          <flags>
              <flag>Ahem</flag>
              </flags>
        </test><test>
          <test-title>Absolutely positioned non-replaced element when only 'margin-right' is 'auto' and direction is left-to-right</test-title>
          <test-href>absolute-non-replaced-width-006.xht</test-href>
          <reference-value>=</reference-value>
          <reference-href>reference/absolute-non-replaced-width-002-ref.xht</reference-href>
          <flags>
              <flag>Ahem</flag>
              </flags>
        </test><test>
          <test-title>Absolutely positioned non-replaced element when only 'margin-left' is 'auto' and direction is right-to-left</test-title>
          <test-href>absolute-non-replaced-width-007.xht</test-href>
          <reference-value>=</reference-value>
          <reference-href>reference/absolute-non-replaced-height-002-ref.xht</reference-href>
          <flags>
              <flag>Ahem</flag>
              </flags>
        </test><test>
          <test-title>Absolutely positioned non-replaced elements with left, width, right and margin-right not auto</test-title>
          <test-href>absolute-non-replaced-width-008.xht</test-href>
          <reference-value>=</reference-value>
          <reference-href>reference/absolute-non-replaced-width-008-ref.xht</reference-href>
          <flags>
              <flag>Ahem</flag>
              </flags>
        </test><test>
          <test-title>Solved for 'left' when absolutely positioned non-replaced elements has 'left' and 'width' as 'auto'</test-title>
          <test-href>absolute-non-replaced-width-010.xht</test-href>
          <reference-value>=</reference-value>
          <reference-href>reference/absolute-non-replaced-height-002-ref.xht</reference-href>
          <flags>
              <flag>Ahem</flag>
              </flags>
        </test><test>
          <test-title>Absolutely positioned non-replaced elements when 'left' and 'right' are 'auto', 'width' is not 'auto' and 'direction' is left-to-right</test-title>
          <test-href>absolute-non-replaced-width-011.xht</test-href>
          <reference-value>=</reference-value>
          <reference-href>reference/absolute-non-replaced-height-002-ref.xht</reference-href>
          <flags>
              <flag>Ahem</flag>
              </flags>
        </test><test>
          <test-title>Absolutely positioned non-replaced elements when 'left' and 'right' are 'auto', 'width' is not 'auto' and 'direction' is right-to-left</test-title>
          <test-href>absolute-non-replaced-width-012.xht</test-href>
          <reference-value>=</reference-value>
          <reference-href>reference/absolute-non-replaced-width-002-ref.xht</reference-href>
          <flags>
              <flag>Ahem</flag>
              </flags>
        </test><test>
          <test-title>Solved for 'right' when absolutely positioned non-replaced elements has 'right' and 'width' as 'auto'</test-title>
          <test-href>absolute-non-replaced-width-013.xht</test-href>
          <reference-value>=</reference-value>
          <reference-href>reference/absolute-non-replaced-width-002-ref.xht</reference-href>
          <flags>
              <flag>Ahem</flag>
              </flags>
        </test><test>
          <test-title>Solved for 'left' when absolutely positioned non-replaced elements has 'right' and 'width' not set to 'auto'</test-title>
          <test-href>absolute-non-replaced-width-014.xht</test-href>
          <reference-value>=</reference-value>
          <reference-href>reference/absolute-non-replaced-height-002-ref.xht</reference-href>
          <flags>
              <flag>Ahem</flag>
              </flags>
        </test><test>
          <test-title>Solved for 'width' when absolutely positioned non-replaced elements has 'left' and 'right' not set to 'auto'</test-title>
          <test-href>absolute-non-replaced-width-015.xht</test-href>
          <reference-value>=</reference-value>
          <reference-href>reference/absolute-non-replaced-width-015-ref.xht</reference-href>
          
        </test><test>
          <test-title>Solved for 'right' when absolutely positioned non-replaced elements has 'left' and 'width' not set to 'auto'</test-title>
          <test-href>absolute-non-replaced-width-016.xht</test-href>
          <reference-value>=</reference-value>
          <reference-href>reference/absolute-non-replaced-width-002-ref.xht</reference-href>
          <flags>
              <flag>Ahem</flag>
              </flags>
        </test><test>
          <test-title>'shrink-to-fit' width of absolutely positioned, non-replaced elements - direction (left-to-right), inline-block and max-width</test-title>
          <test-href>absolute-non-replaced-width-017.xht</test-href>
          <reference-value>=</reference-value>
          <reference-href>reference/absolute-non-replaced-width-017-ref.xht</reference-href>
          <flags>
              <flag>Ahem</flag>
              </flags>
        </test><test>
          <test-title>'shrink-to-fit' width of absolutely positioned, non-replaced elements - direction (left-to-right), inline-block and max-width</test-title>
          <test-href>absolute-non-replaced-width-018.xht</test-href>
          <reference-value>=</reference-value>
          <reference-href>reference/absolute-non-replaced-width-017-ref.xht</reference-href>
          <flags>
              <flag>Ahem</flag>
              </flags>
        </test><test>
          <test-title>'shrink-to-fit' width of absolutely positioned, non-replaced elements - direction (left-to-right), float and max-width</test-title>
          <test-href>absolute-non-replaced-width-019.xht</test-href>
          <reference-value>=</reference-value>
          <reference-href>reference/absolute-non-replaced-width-017-ref.xht</reference-href>
          <flags>
              <flag>Ahem</flag>
              </flags>
        </test><test>
          <test-title>'shrink-to-fit' width of absolutely positioned, non-replaced elements - direction (left-to-right), float and max-width</test-title>
          <test-href>absolute-non-replaced-width-020.xht</test-href>
          <reference-value>=</reference-value>
          <reference-href>reference/absolute-non-replaced-width-017-ref.xht</reference-href>
          <flags>
              <flag>Ahem</flag>
              </flags>
        </test><test>
          <test-title>'shrink-to-fit' width of absolutely positioned, non-replaced elements - direction (right-to-left), inline-block and max-width</test-title>
          <test-href>absolute-non-replaced-width-021.xht</test-href>
          <reference-value>=</reference-value>
          <reference-href>reference/absolute-non-replaced-width-021-ref.xht</reference-href>
          <flags>
              <flag>Ahem</flag>
              </flags>
        </test><test>
          <test-title>'shrink-to-fit' width of absolutely positioned, non-replaced elements - direction (right-to-left), inline-block and max-width</test-title>
          <test-href>absolute-non-replaced-width-022.xht</test-href>
          <reference-value>=</reference-value>
          <reference-href>reference/absolute-non-replaced-width-021-ref.xht</reference-href>
          <flags>
              <flag>Ahem</flag>
              </flags>
        </test><test>
          <test-title>'shrink-to-fit' width of absolutely positioned, non-replaced elements - direction (right-to-left), float and max-width</test-title>
          <test-href>absolute-non-replaced-width-023.xht</test-href>
          <reference-value>=</reference-value>
          <reference-href>reference/absolute-non-replaced-width-021-ref.xht</reference-href>
          <flags>
              <flag>Ahem</flag>
              </flags>
        </test><test>
          <test-title>'shrink-to-fit' width of absolutely positioned, non-replaced elements - direction (right-to-left), float and max-width</test-title>
          <test-href>absolute-non-replaced-width-024.xht</test-href>
          <reference-value>=</reference-value>
          <reference-href>reference/absolute-non-replaced-width-021-ref.xht</reference-href>
          <flags>
              <flag>Ahem</flag>
              </flags>
        </test><test>
          <test-title>CSS Test: absolutely positioned non-replaced element with 'left' and 'right' not set to 'auto' and 'width' set to 'auto' - max-width, horizontal margins</test-title>
          <test-href>absolute-non-replaced-width-025.xht</test-href>
          <reference-value>=</reference-value>
          <reference-href>reference/absolute-non-replaced-width-025-ref.xht</reference-href>
          
        </test><test>
          <test-title>absolutely positioned non-replaced element with 'left' and 'right' not set to 'auto' and 'width' set to 'auto' - max-width, horizontal margins</test-title>
          <test-href>absolute-non-replaced-width-026.xht</test-href>
          <reference-value>=</reference-value>
          <reference-href>reference/absolute-non-replaced-width-026-ref.xht</reference-href>
          
        </test><test>
          <test-title>absolutely positioned non-replaced element - 'auto' margins, max-width and max-height</test-title>
          <test-href>absolute-non-replaced-width-027.xht</test-href>
          <reference-value>=</reference-value>
          <reference-href>reference/ref-filled-green-100px-square.xht</reference-href>
          
        </test><test>
          <test-title>Absolute replaced elements with 'margin-top' and 'margin-bottom' as 'auto'</test-title>
          <test-href>absolute-replaced-height-001.xht</test-href>
          <reference-value>=</reference-value>
          <reference-href>reference/absolute-replaced-height-001-ref.xht</reference-href>
          <flags>
              <flag>Bitmaps</flag>
              </flags>
        </test><test>
          <test-title>Absolutely positioned inline replaced elements relying on intrinsic height dimensions</test-title>
          <test-href>absolute-replaced-height-002.xht</test-href>
          <reference-value>=</reference-value>
          <reference-href>reference/absolute-replaced-height-002-ref.xht</reference-href>
          <flags>
              <flag>Bitmaps</flag>
              </flags>
        </test><test>
          <test-title>Absolutely positioned inline replaced element with intrinsic ratio and 'height' set to 'auto'</test-title>
          <test-href>absolute-replaced-height-003.xht</test-href>
          <reference-value>=</reference-value>
          <reference-href>reference/absolute-non-replaced-height-007-ref.xht</reference-href>
          <flags>
              <flag>Bitmaps</flag>
              </flags>
        </test><test>
          <test-title>Absolute replaced inline-block elements without intrinsic ratio and 'height' set to 'auto'</test-title>
          <test-href>absolute-replaced-height-004.xht</test-href>
          <reference-value>=</reference-value>
          <reference-href>reference/absolute-replaced-height-004-ref.xht</reference-href>
          
        </test><test>
          <test-title>Absolutely positioned inline-block replaced element with its height set to a percentage</test-title>
          <test-href>absolute-replaced-height-005.xht</test-href>
          <reference-value>=</reference-value>
          <reference-href>reference/absolute-replaced-height-005-ref.xht</reference-href>
          
        </test><test>
          <test-title>Absolutely positioned inline replaced element with percentage based intrinsic height</test-title>
          <test-href>absolute-replaced-height-006.xht</test-href>
          <reference-value>=</reference-value>
          <reference-href>reference/absolute-replaced-height-006-ref.xht</reference-href>
          <flags>
              <flag>SVG</flag>
              </flags>
        </test><test>
          <test-title>Absolutely positioned inline-block replaced elements with percentage based intrinsic height that cannot be resolved</test-title>
          <test-href>absolute-replaced-height-007.xht</test-href>
          <reference-value>=</reference-value>
          <reference-href>reference/absolute-replaced-height-007-ref.xht</reference-href>
          
        </test><test>
          <test-title>Absolutely positioned inline replaced element with 'margin-top', 'margin-bottom' and 'bottom' as 'auto'</test-title>
          <test-href>absolute-replaced-height-008.xht</test-href>
          <reference-value>=</reference-value>
          <reference-href>reference/absolute-replaced-height-008-ref.xht</reference-href>
          <flags>
              <flag>Bitmaps</flag>
              </flags>
        </test><test>
          <test-title>Absolute positioned inline replaced elements relying on intrinsic height dimensions and 'bottom' set to 'auto'</test-title>
          <test-href>absolute-replaced-height-009.xht</test-href>
          <reference-value>=</reference-value>
          <reference-href>reference/absolute-replaced-height-008-ref.xht</reference-href>
          <flags>
              <flag>Bitmaps</flag>
              </flags>
        </test><test>
          <test-title>Absolutely positioned inline replaced element with intrinsic ratio, 'height' and 'bottom' set to 'auto'</test-title>
          <test-href>absolute-replaced-height-010.xht</test-href>
          <reference-value>=</reference-value>
          <reference-href>reference/absolute-replaced-height-010-ref.xht</reference-href>
          <flags>
              <flag>Bitmaps</flag>
              </flags>
        </test><test>
          <test-title>Absolutely positioned inline-block replaced element without intrinsic ratio, 'height' and 'bottom' set to 'auto'</test-title>
          <test-href>absolute-replaced-height-011.xht</test-href>
          <reference-value>=</reference-value>
          <reference-href>reference/absolute-replaced-height-011-ref.xht</reference-href>
          
        </test><test>
          <test-title>Absolutely positioned inline-block replaced element with its height set to a percentage and 'bottom' set to 'auto'</test-title>
          <test-href>absolute-replaced-height-012.xht</test-href>
          <reference-value>=</reference-value>
          <reference-href>reference/absolute-replaced-height-012-ref.xht</reference-href>
          
        </test><test>
          <test-title>Absolutely positioned inline replaced element with percentage based intrinsic height and 'bottom' set to 'auto'</test-title>
          <test-href>absolute-replaced-height-013.xht</test-href>
          <reference-value>=</reference-value>
          <reference-href>reference/absolute-replaced-height-013-ref.xht</reference-href>
          <flags>
              <flag>SVG</flag>
              </flags>
        </test><test>
          <test-title>Absolutely positioned inline-block replaced elements with percentage based intrinsic height that cannot be resolved and 'top' specified</test-title>
          <test-href>absolute-replaced-height-014.xht</test-href>
          <reference-value>=</reference-value>
          <reference-href>reference/absolute-replaced-height-014-ref.xht</reference-href>
          
        </test><test>
          <test-title>Absolutely positioned inline replaced element relying on intrinsic height dimensions and 'top', 'bottom' are not 'auto'</test-title>
          <test-href>absolute-replaced-height-016.xht</test-href>
          <reference-value>=</reference-value>
          <reference-href>reference/absolute-replaced-height-008-ref.xht</reference-href>
          <flags>
              <flag>Bitmaps</flag>
              </flags>
        </test><test>
          <test-title>Absolutely positioned inline replaced element with intrinsic ratio, 'height' set to 'auto' and 'top', 'bottom' are not 'auto'</test-title>
          <test-href>absolute-replaced-height-017.xht</test-href>
          <reference-value>=</reference-value>
          <reference-href>reference/absolute-replaced-height-010-ref.xht</reference-href>
          <flags>
              <flag>Bitmaps</flag>
              </flags>
        </test><test>
          <test-title>Absolutely positioned inline-block replaced element without intrinsic ratio, 'height' set to 'auto' and 'top', 'bottom' are not 'auto'</test-title>
          <test-href>absolute-replaced-height-018.xht</test-href>
          <reference-value>=</reference-value>
          <reference-href>reference/absolute-replaced-height-011-ref.xht</reference-href>
          
        </test><test>
          <test-title>Absolutely positioned inline-block replaced element with its height set to a percentage and 'top', 'bottom' are not 'auto'</test-title>
          <test-href>absolute-replaced-height-019.xht</test-href>
          <reference-value>=</reference-value>
          <reference-href>reference/absolute-replaced-height-012-ref.xht</reference-href>
          
        </test><test>
          <test-title>Absolutely positioned inline replaced element with percentage based intrinsic height set to 'auto' and 'top', 'bottom' are not 'auto'</test-title>
          <test-href>absolute-replaced-height-020.xht</test-href>
          <reference-value>=</reference-value>
          <reference-href>reference/absolute-replaced-height-013-ref.xht</reference-href>
          <flags>
              <flag>SVG</flag>
              </flags>
        </test><test>
          <test-title>Absolutely positioned inline-block replaced element with percentage based intrinsic height that cannot be resolved where 'top' and 'bottom' are not 'auto'</test-title>
          <test-href>absolute-replaced-height-021.xht</test-href>
          <reference-value>=</reference-value>
          <reference-href>reference/absolute-replaced-height-014-ref.xht</reference-href>
          
        </test><test>
          <test-title>Absolutely positioned inline replaced element with 'margin-bottom' as 'auto' and 'top', 'bottom', 'margin-top' are not 'auto'</test-title>
          <test-href>absolute-replaced-height-022.xht</test-href>
          <reference-value>=</reference-value>
          <reference-href>reference/absolute-replaced-height-008-ref.xht</reference-href>
          <flags>
              <flag>Bitmaps</flag>
              </flags>
        </test><test>
          <test-title>Absolutely positioned inline replaced element relying on intrinsic height dimensions and 'top', 'bottom', 'margin-top' are not 'auto'</test-title>
          <test-href>absolute-replaced-height-023.xht</test-href>
          <reference-value>=</reference-value>
          <reference-href>reference/absolute-replaced-height-008-ref.xht</reference-href>
          <flags>
              <flag>Bitmaps</flag>
              </flags>
        </test><test>
          <test-title>Absolutely positioned inline replaced element with intrinsic ratio, 'height' set to 'auto' and 'top', 'bottom', 'margin-top' are not 'auto'</test-title>
          <test-href>absolute-replaced-height-024.xht</test-href>
          <reference-value>=</reference-value>
          <reference-href>reference/absolute-replaced-height-010-ref.xht</reference-href>
          <flags>
              <flag>Bitmaps</flag>
              </flags>
        </test><test>
          <test-title>Absolutely positioned inline-block replaced elements without intrinsic ratio, 'height' set to 'auto' and 'top', 'bottom', 'margin-top' are not 'auto'</test-title>
          <test-href>absolute-replaced-height-025.xht</test-href>
          <reference-value>=</reference-value>
          <reference-href>reference/absolute-replaced-height-011-ref.xht</reference-href>
          
        </test><test>
          <test-title>Absolutely positioned inline-block replaced element with its height set to a percentage of its containing block's height and 'top', 'bottom', 'margin-top' are not 'auto'</test-title>
          <test-href>absolute-replaced-height-026.xht</test-href>
          <reference-value>=</reference-value>
          <reference-href>reference/absolute-replaced-height-012-ref.xht</reference-href>
          
        </test><test>
          <test-title>Absolutely positioned inline replaced element with percentage based intrinsic height set to 'auto' and 'top', 'bottom', 'margin-top' are not 'auto'</test-title>
          <test-href>absolute-replaced-height-027.xht</test-href>
          <reference-value>=</reference-value>
          <reference-href>reference/absolute-replaced-height-013-ref.xht</reference-href>
          <flags>
              <flag>SVG</flag>
              </flags>
        </test><test>
          <test-title>Absolutely positioned inline-block replaced element with percentage based intrinsic height that cannot be resolved where 'top', 'bottom', 'margin-top' are not 'auto'</test-title>
          <test-href>absolute-replaced-height-028.xht</test-href>
          <reference-value>=</reference-value>
          <reference-href>reference/absolute-replaced-height-014-ref.xht</reference-href>
          
        </test><test>
          <test-title>Absolutely positioned inline replaced element with over-constrained values</test-title>
          <test-href>absolute-replaced-height-029.xht</test-href>
          <reference-value>=</reference-value>
          <reference-href>reference/absolute-replaced-height-008-ref.xht</reference-href>
          <flags>
              <flag>Bitmaps</flag>
              </flags>
        </test><test>
          <test-title>Absolutely positioned inline replaced element with intrinsic height dimension and over-constrained values</test-title>
          <test-href>absolute-replaced-height-030.xht</test-href>
          <reference-value>=</reference-value>
          <reference-href>reference/absolute-replaced-height-008-ref.xht</reference-href>
          <flags>
              <flag>Bitmaps</flag>
              </flags>
        </test><test>
          <test-title>Absolutely positioned inline replaced element with intrinsic ratio, 'height' set to 'auto' and over-constrained values</test-title>
          <test-href>absolute-replaced-height-031.xht</test-href>
          <reference-value>=</reference-value>
          <reference-href>reference/absolute-replaced-height-010-ref.xht</reference-href>
          <flags>
              <flag>Bitmaps</flag>
              </flags>
        </test><test>
          <test-title>Absolute positioned inline-block replaced element without intrinsic ratio, 'height' set to 'auto' and over-constrained values</test-title>
          <test-href>absolute-replaced-height-032.xht</test-href>
          <reference-value>=</reference-value>
          <reference-href>reference/absolute-replaced-height-011-ref.xht</reference-href>
          
        </test><test>
          <test-title>Absolutely positioned inline-block element with percentage based height set to 'auto' and over-constrained values</test-title>
          <test-href>absolute-replaced-height-033.xht</test-href>
          <reference-value>=</reference-value>
          <reference-href>reference/absolute-replaced-height-012-ref.xht</reference-href>
          
        </test><test>
          <test-title>Absolutely positioned inline replaced element with percentage based intrinsic height set to 'auto' and over-constrained values</test-title>
          <test-href>absolute-replaced-height-034.xht</test-href>
          <reference-value>=</reference-value>
          <reference-href>reference/absolute-replaced-height-013-ref.xht</reference-href>
          <flags>
              <flag>SVG</flag>
              </flags>
        </test><test>
          <test-title>Absolute replaced elements with percentage based intrinsic height that cannot be resolved and there are over-constrained values</test-title>
          <test-href>absolute-replaced-height-035.xht</test-href>
          <reference-value>=</reference-value>
          <reference-href>reference/absolute-replaced-height-014-ref.xht</reference-href>
          
        </test><test>
          <test-title>Absolute Replaced Elements: specified 'top' and 'bottom' with auto margins</test-title>
          <test-href>absolute-replaced-height-036.xht</test-href>
          <reference-value>=</reference-value>
          <reference-href>reference/ref-if-there-is-no-red.xht</reference-href>
          <flags>
              <flag>Bitmaps</flag>
              </flags>
        </test><test>
          <test-title>Absolutely positioned inline replaced element with 'auto' specified for 'margin-left', 'margin-right' and intrinsic width</test-title>
          <test-href>absolute-replaced-width-001.xht</test-href>
          <reference-value>=</reference-value>
          <reference-href>reference/absolute-replaced-width-001-ref.xht</reference-href>
          <flags>
              <flag>Bitmaps</flag>
              </flags>
        </test><test>
          <test-title>Absolutely positioned inline replaced element and 'auto' specified for 'margin-left', 'margin-right' and intrinsic height</test-title>
          <test-href>absolute-replaced-width-002.xht</test-href>
          <reference-value>=</reference-value>
          <reference-href>reference/absolute-replaced-width-002-ref.xht</reference-href>
          <flags>
              <flag>SVG</flag>
              </flags>
        </test><test>
          <test-title>Absolutely positioned inline replaced element with 'auto' specified for 'margin-left', 'margin-right', with no intrinsic width and no intrinsic ratio</test-title>
          <test-href>absolute-replaced-width-003.xht</test-href>
          <reference-value>=</reference-value>
          <reference-href>reference/absolute-replaced-width-003-ref.xht</reference-href>
          <flags>
              <flag>SVG</flag>
              </flags>
        </test><test>
          <test-title>Absolutely positioned inline replaced element, 'auto' specified for 'margin-left', 'margin-right', no intrinsic height and no intrinsic width</test-title>
          <test-href>absolute-replaced-width-003a.xht</test-href>
          <reference-value>=</reference-value>
          <reference-href>reference/absolute-replaced-width-003a-ref.xht</reference-href>
          <flags>
              <flag>SVG</flag>
              </flags>
        </test><test>
          <test-title>Absolutely positioned inline replaced element, 'auto' specified for 'margin-left', 'margin-right', no intrinsic height and no intrinsic ratio</test-title>
          <test-href>absolute-replaced-width-003b.xht</test-href>
          <reference-value>=</reference-value>
          <reference-href>reference/absolute-replaced-width-003b-ref.xht</reference-href>
          <flags>
              <flag>SVG</flag>
              </flags>
        </test><test>
          <test-title>Absolutely positioned inline replaced element, 'auto' specified for 'margin-left', 'margin-right', no intrinsic width and no intrinsic ratio</test-title>
          <test-href>absolute-replaced-width-003c.xht</test-href>
          <reference-value>=</reference-value>
          <reference-href>reference/absolute-replaced-width-003c-ref.xht</reference-href>
          <flags>
              <flag>SVG</flag>
              </flags>
        </test><test>
          <test-title>Absolutely positioned inline replaced element and 'auto' specified for 'margin-left', 'margin-right' and no intrinsic height or width</test-title>
          <test-href>absolute-replaced-width-004.xht</test-href>
          <reference-value>=</reference-value>
          <reference-href>reference/absolute-replaced-width-004-ref.xht</reference-href>
          <flags>
              <flag>SVG</flag>
              </flags>
        </test><test>
          <test-title>Absolutely positioned inline replaced element and 'auto' specified for 'margin-left', 'margin-right' and width set to a percentage</test-title>
          <test-href>absolute-replaced-width-006.xht</test-href>
          <reference-value>=</reference-value>
          <reference-href>reference/absolute-replaced-width-006-ref.xht</reference-href>
          <flags>
              <flag>Bitmaps</flag>
              </flags>
        </test><test>
          <test-title>Absolutely positioned inline replaced element with 'direction' as left-to-right, 'auto' specified for 'margin-left', 'margin-right', 'left', 'right' and intrinsic width</test-title>
          <test-href>absolute-replaced-width-008.xht</test-href>
          <reference-value>=</reference-value>
          <reference-href>reference/absolute-replaced-width-001-ref.xht</reference-href>
          <flags>
              <flag>Bitmaps</flag>
              </flags>
        </test><test>
          <test-title>Absolute replaced elements with 'direction' as left-to-right, 'auto' specified for 'margin-left', 'margin-right', 'left', 'right' and intrinsic height</test-title>
          <test-href>absolute-replaced-width-009.xht</test-href>
          <reference-value>=</reference-value>
          <reference-href>reference/absolute-replaced-width-002-ref.xht</reference-href>
          <flags>
              <flag>SVG</flag>
              </flags>
        </test><test>
          <test-title>Absolute replaced elements with 'direction' as left-to-right, 'auto' specified for 'margin-left', 'margin-right', 'left', 'right' and 'height'</test-title>
          <test-href>absolute-replaced-width-010.xht</test-href>
          <reference-value>=</reference-value>
          <reference-href>reference/absolute-replaced-width-003-ref.xht</reference-href>
          <flags>
              <flag>SVG</flag>
              </flags>
        </test><test>
          <test-title>Absolutely positioned inline replaced element with 'direction' as left-to-right, 'auto' specified for 'margin-left', 'margin-right', 'left', 'right' and no intrinsic height or width</test-title>
          <test-href>absolute-replaced-width-011.xht</test-href>
          <reference-value>=</reference-value>
          <reference-href>reference/absolute-replaced-width-004-ref.xht</reference-href>
          <flags>
              <flag>SVG</flag>
              </flags>
        </test><test>
          <test-title>Absolutely positioned inline replaced element with 'direction' as left-to-right, 'auto' specified for 'margin-left', 'margin-right', 'left', 'right' and percentage intrinsic width</test-title>
          <test-href>absolute-replaced-width-013.xht</test-href>
          <reference-value>=</reference-value>
          <reference-href>reference/absolute-replaced-width-006-ref.xht</reference-href>
          <flags>
              <flag>Bitmaps</flag>
              </flags>
        </test><test>
          <test-title>Absolutely positioned replaced element with 'direction' as right-to-left, 'auto' specified for 'margin-left', 'margin-right', 'left', 'right' and intrinsic width</test-title>
          <test-href>absolute-replaced-width-015.xht</test-href>
          <reference-value>=</reference-value>
          <reference-href>reference/absolute-replaced-width-015-ref.xht</reference-href>
          <flags>
              <flag>Bitmaps</flag>
              </flags>
        </test><test>
          <test-title>Absolutely positioned inline replaced element with 'direction' as right-to-left, 'auto' specified for 'margin-left', 'margin-right', 'left', 'right' and width set to a percentage</test-title>
          <test-href>absolute-replaced-width-020.xht</test-href>
          <reference-value>=</reference-value>
          <reference-href>reference/absolute-replaced-width-020-ref.xht</reference-href>
          <flags>
              <flag>Bitmaps</flag>
              </flags>
        </test><test>
          <test-title>Absolutely positioned inline replaced element with 'direction' as left-to-right, 'auto' specified for 'margin-left', 'margin-right', 'right' and intrinsic width</test-title>
          <test-href>absolute-replaced-width-022.xht</test-href>
          <reference-value>=</reference-value>
          <reference-href>reference/absolute-replaced-width-022-ref.xht</reference-href>
          <flags>
              <flag>Bitmaps</flag>
              </flags>
        </test><test>
          <test-title>Absolutely positioned replaced element with 'direction' as left-to-right, 'auto' specified for 'margin-left', 'margin-right', 'right' and intrinsic height</test-title>
          <test-href>absolute-replaced-width-023.xht</test-href>
          <reference-value>=</reference-value>
          <reference-href>reference/absolute-replaced-width-023-ref.xht</reference-href>
          <flags>
              <flag>SVG</flag>
              </flags>
        </test><test>
          <test-title>Absolutely positioned inline replaced element with 'direction' as left-to-right, 'auto' specified for 'margin-left', 'margin-right', 'right' and 'height'</test-title>
          <test-href>absolute-replaced-width-024.xht</test-href>
          <reference-value>=</reference-value>
          <reference-href>reference/absolute-replaced-width-024-ref.xht</reference-href>
          <flags>
              <flag>SVG</flag>
              </flags>
        </test><test>
          <test-title>Absolutely positioned inline replaced element with 'direction' as left-to-right, 'auto' specified for 'margin-left', 'margin-right', 'right' and no intrinsic height or width</test-title>
          <test-href>absolute-replaced-width-025.xht</test-href>
          <reference-value>=</reference-value>
          <reference-href>reference/absolute-replaced-width-025-ref.xht</reference-href>
          <flags>
              <flag>SVG</flag>
              </flags>
        </test><test>
          <test-title>Absolutely positioned replaced element with 'direction' as left-to-right, 'auto' specified for 'margin-left', 'margin-right', 'right' and percentage width</test-title>
          <test-href>absolute-replaced-width-027.xht</test-href>
          <reference-value>=</reference-value>
          <reference-href>reference/absolute-replaced-width-027-ref.xht</reference-href>
          <flags>
              <flag>Bitmaps</flag>
              </flags>
        </test><test>
          <test-title>Absolutely positioned inline replaced element with 'direction' as right-to-left, 'auto' specified for 'margin-left', 'margin-right', 'right' and intrinsic width</test-title>
          <test-href>absolute-replaced-width-029.xht</test-href>
          <reference-value>=</reference-value>
          <reference-href>reference/absolute-replaced-width-022-ref.xht</reference-href>
          <flags>
              <flag>Bitmaps</flag>
              </flags>
        </test><test>
          <test-title>Absolutely positioned replaced element with 'direction' as right-to-left, 'auto' specified for 'margin-left', 'margin-right', 'right' and intrinsic height</test-title>
          <test-href>absolute-replaced-width-030.xht</test-href>
          <reference-value>=</reference-value>
          <reference-href>reference/absolute-replaced-width-023-ref.xht</reference-href>
          <flags>
              <flag>SVG</flag>
              </flags>
        </test><test>
          <test-title>Absolutely positioned inline replaced element with 'direction' as right-to-left, 'auto' specified for 'margin-left', 'margin-right', 'right' and 'height'</test-title>
          <test-href>absolute-replaced-width-031.xht</test-href>
          <reference-value>=</reference-value>
          <reference-href>reference/absolute-replaced-width-024-ref.xht</reference-href>
          <flags>
              <flag>SVG</flag>
              </flags>
        </test><test>
          <test-title>Absolutely positioned inline replaced element with 'direction' as right-to-left, 'auto' specified for 'margin-left', 'margin-right', 'right' and no intrinsic height or width</test-title>
          <test-href>absolute-replaced-width-032.xht</test-href>
          <reference-value>=</reference-value>
          <reference-href>reference/absolute-replaced-width-025-ref.xht</reference-href>
          <flags>
              <flag>SVG</flag>
              </flags>
        </test><test>
          <test-title>Absolutely positioned inline replaced element with 'direction' as right-to-left, 'auto' specified for 'margin-left', 'margin-right', 'right' and percentage intrinsic width</test-title>
          <test-href>absolute-replaced-width-034.xht</test-href>
          <reference-value>=</reference-value>
          <reference-href>reference/absolute-replaced-width-020-ref.xht</reference-href>
          <flags>
              <flag>Bitmaps</flag>
              </flags>
        </test><test>
          <test-title>Absolutely positioned inline replaced element with 'direction' as left-to-right, 'auto' specified for 'margin-left', 'margin-right' and intrinsic width</test-title>
          <test-href>absolute-replaced-width-036.xht</test-href>
          <reference-value>=</reference-value>
          <reference-href>reference/absolute-replaced-width-036-ref.xht</reference-href>
          <flags>
              <flag>Bitmaps</flag>
              </flags>
        </test><test>
          <test-title>Absolutely positioned inline replaced element with 'direction' as left-to-right, 'auto' specified for 'margin-left', 'margin-right' and intrinsic height</test-title>
          <test-href>absolute-replaced-width-037.xht</test-href>
          <reference-value>=</reference-value>
          <reference-href>reference/absolute-replaced-width-037-ref.xht</reference-href>
          <flags>
              <flag>SVG</flag>
              </flags>
        </test><test>
          <test-title>Absolute replaced elements with 'direction' as left-to-right, 'auto' specified for 'margin-left', 'margin-right' and 'height'</test-title>
          <test-href>absolute-replaced-width-038.xht</test-href>
          <reference-value>=</reference-value>
          <reference-href>reference/absolute-replaced-width-038-ref.xht</reference-href>
          <flags>
              <flag>SVG</flag>
              </flags>
        </test><test>
          <test-title>Absolutely positioned inline replaced element with 'direction' as left-to-right, 'auto' specified for 'margin-left', 'margin-right' and no intrinsic height or width</test-title>
          <test-href>absolute-replaced-width-039.xht</test-href>
          <reference-value>=</reference-value>
          <reference-href>reference/absolute-replaced-width-039-ref.xht</reference-href>
          <flags>
              <flag>SVG</flag>
              </flags>
        </test><test>
          <test-title>Absolutely positioned inline replaced element with 'direction' as left-to-right, 'auto' specified for 'margin-left', 'margin-right' and percentage intrinsic width</test-title>
          <test-href>absolute-replaced-width-041.xht</test-href>
          <reference-value>=</reference-value>
          <reference-href>reference/absolute-replaced-width-041-ref.xht</reference-href>
          <flags>
              <flag>Bitmaps</flag>
              </flags>
        </test><test>
          <test-title>Absolutely positioned inline replaced element with 'direction' as right-to-left, 'auto' specified for 'margin-left', 'margin-right' and intrinsic width</test-title>
          <test-href>absolute-replaced-width-043.xht</test-href>
          <reference-value>=</reference-value>
          <reference-href>reference/absolute-replaced-width-036-ref.xht</reference-href>
          <flags>
              <flag>Bitmaps</flag>
              </flags>
        </test><test>
          <test-title>Absolutely positioned inline replaced element with 'direction' as right-to-left, 'auto' specified for 'margin-left', 'margin-right' and percentage intrinsic width</test-title>
          <test-href>absolute-replaced-width-048.xht</test-href>
          <reference-value>=</reference-value>
          <reference-href>reference/absolute-replaced-width-041-ref.xht</reference-href>
          <flags>
              <flag>Bitmaps</flag>
              </flags>
        </test><test>
          <test-title>Absolutely positioned inline replaced element with 'direction' as left-to-right, 'auto' specified for 'margin-right' and intrinsic width</test-title>
          <test-href>absolute-replaced-width-050.xht</test-href>
          <reference-value>=</reference-value>
          <reference-href>reference/absolute-replaced-width-036-ref.xht</reference-href>
          <flags>
              <flag>Bitmaps</flag>
              </flags>
        </test><test>
          <test-title>Absolutely positioned inline replaced element with 'direction' as left-to-right, 'auto' specified for 'margin-right' and intrinsic height</test-title>
          <test-href>absolute-replaced-width-051.xht</test-href>
          <reference-value>=</reference-value>
          <reference-href>reference/absolute-replaced-width-037-ref.xht</reference-href>
          <flags>
              <flag>SVG</flag>
              </flags>
        </test><test>
          <test-title>Absolutely positioned inline replaced element with 'direction' as left-to-right, 'auto' specified for 'margin-right' and 'height'</test-title>
          <test-href>absolute-replaced-width-052.xht</test-href>
          <reference-value>=</reference-value>
          <reference-href>reference/absolute-replaced-width-038-ref.xht</reference-href>
          <flags>
              <flag>SVG</flag>
              </flags>
        </test><test>
          <test-title>Absolutely positioned inline replaced element with 'direction' as left-to-right, 'auto' specified for 'margin-right' and no intrinsic height or width</test-title>
          <test-href>absolute-replaced-width-053.xht</test-href>
          <reference-value>=</reference-value>
          <reference-href>reference/absolute-replaced-width-039-ref.xht</reference-href>
          <flags>
              <flag>SVG</flag>
              </flags>
        </test><test>
          <test-title>Absolutely positioned inline replaced element with 'direction' as left-to-right, 'auto' specified for 'margin-right' and percentage intrinsic width</test-title>
          <test-href>absolute-replaced-width-055.xht</test-href>
          <reference-value>=</reference-value>
          <reference-href>reference/absolute-replaced-width-041-ref.xht</reference-href>
          <flags>
              <flag>Bitmaps</flag>
              </flags>
        </test><test>
          <test-title>Absolutely positioned inline replaced element with 'direction' as right-to-left, 'auto' specified for 'margin-right' and intrinsic width</test-title>
          <test-href>absolute-replaced-width-057.xht</test-href>
          <reference-value>=</reference-value>
          <reference-href>reference/absolute-replaced-width-036-ref.xht</reference-href>
          <flags>
              <flag>Bitmaps</flag>
              </flags>
        </test><test>
          <test-title>Absolutely positioned inline replaced element with 'direction' as right-to-left, 'auto' specified for 'margin-right' and percentage width</test-title>
          <test-href>absolute-replaced-width-062.xht</test-href>
          <reference-value>=</reference-value>
          <reference-href>reference/absolute-replaced-width-041-ref.xht</reference-href>
          <flags>
              <flag>Bitmaps</flag>
              </flags>
        </test><test>
          <test-title>Absolutely positioned inline replaced element with 'direction' as left-to-right, intrinsic width and over-constrained situation</test-title>
          <test-href>absolute-replaced-width-064.xht</test-href>
          <reference-value>=</reference-value>
          <reference-href>reference/absolute-replaced-width-036-ref.xht</reference-href>
          <flags>
              <flag>Bitmaps</flag>
              </flags>
        </test><test>
          <test-title>Absolutely positioned inline replaced element with 'direction' as left-to-right, intrinsic height and over-constrained situation</test-title>
          <test-href>absolute-replaced-width-065.xht</test-href>
          <reference-value>=</reference-value>
          <reference-href>reference/absolute-replaced-width-037-ref.xht</reference-href>
          <flags>
              <flag>SVG</flag>
              </flags>
        </test><test>
          <test-title>Absolutely positioned inline replaced element with 'direction' as left-to-right, 'height' and over-constrained situation</test-title>
          <test-href>absolute-replaced-width-066.xht</test-href>
          <reference-value>=</reference-value>
          <reference-href>reference/absolute-replaced-width-038-ref.xht</reference-href>
          <flags>
              <flag>SVG</flag>
              </flags>
        </test><test>
          <test-title>Absolutely positioned inline replaced element with 'direction' as left-to-right, no intrinsic height or width and over-constrained situation</test-title>
          <test-href>absolute-replaced-width-067.xht</test-href>
          <reference-value>=</reference-value>
          <reference-href>reference/absolute-replaced-width-039-ref.xht</reference-href>
          <flags>
              <flag>SVG</flag>
              </flags>
        </test><test>
          <test-title>Absolutely positioned inline replaced element with 'direction' as left-to-right, percentage intrinsic width and over-constrained situation</test-title>
          <test-href>absolute-replaced-width-069.xht</test-href>
          <reference-value>=</reference-value>
          <reference-href>reference/absolute-replaced-width-041-ref.xht</reference-href>
          <flags>
              <flag>Bitmaps</flag>
              </flags>
        </test><test>
          <test-title>Absolutely positioned inline replaced element with 'direction' as right-to-left, intrinsic width and over-constrained situation</test-title>
          <test-href>absolute-replaced-width-071.xht</test-href>
          <reference-value>=</reference-value>
          <reference-href>reference/absolute-replaced-width-036-ref.xht</reference-href>
          <flags>
              <flag>Bitmaps</flag>
              </flags>
        </test><test>
          <test-title>Absolutely positioned inline replaced element with 'direction' as right-to-left, percentage intrinsic width and over-constrained situation</test-title>
          <test-href>absolute-replaced-width-076.xht</test-href>
          <reference-value>=</reference-value>
          <reference-href>reference/absolute-replaced-width-041-ref.xht</reference-href>
          <flags>
              <flag>Bitmaps</flag>
              </flags>
        </test><test>
          <test-title>CSS Absolute Positioning: static position after previous margin</test-title>
          <test-href>abspos-001.xht</test-href>
          <reference-value>=</reference-value>
          <reference-href>reference/abspos-001-ref.xht</reference-href>
          
        </test><test>
          <test-title>Positioning with a relpos ancestor containing block</test-title>
          <test-href>abspos-002.xht</test-href>
          <reference-value>=</reference-value>
          <reference-href>reference/abspos-002-ref.xht</reference-href>
          
        </test><test>
          <test-title>Positioning blocks inside inline contexts with top:auto</test-title>
          <test-href>abspos-007.xht</test-href>
          <reference-value>=</reference-value>
          <reference-href>reference/abspos-007-ref.xht</reference-href>
          
        </test><test>
          <test-title>Shrink wrapping of absolute positioned blocks</test-title>
          <test-href>abspos-008.xht</test-href>
          <reference-value>=</reference-value>
          <reference-href>reference/abspos-008-ref.xht</reference-href>
          
        </test><test>
          <test-title>Right alignment with position:right</test-title>
          <test-href>abspos-009.xht</test-href>
          <reference-value>=</reference-value>
          <reference-href>reference/abspos-009-ref.xht</reference-href>
          
        </test><test>
          <test-title>position: absolute; top: auto; test (assumed initial values)</test-title>
          <test-href>abspos-011.xht</test-href>
          <reference-value>=</reference-value>
          <reference-href>reference/abspos-011-ref.xht</reference-href>
          <flags>
              <flag>Optional</flag>
              </flags>
        </test><test>
          <test-title>position: absolute; top: auto; test (assumed initial values)</test-title>
          <test-href>abspos-012.xht</test-href>
          <reference-value>=</reference-value>
          <reference-href>reference/abspos-011-ref.xht</reference-href>
          <flags>
              <flag>Optional</flag>
              </flags>
        </test><test>
          <test-title>position: fixed; top: auto; test - body padding</test-title>
          <test-href>abspos-013.xht</test-href>
          <reference-value>=</reference-value>
          <reference-href>reference/abspos-013-ref.xht</reference-href>
          <flags>
              <flag>Optional</flag>
              </flags>
        </test><test>
          <test-title>position: fixed; top: auto; test - body padding</test-title>
          <test-href>abspos-014.xht</test-href>
          <reference-value>=</reference-value>
          <reference-href>reference/abspos-013-ref.xht</reference-href>
          <flags>
              <flag>Optional</flag>
              </flags>
        </test><test>
          <test-title>position: fixed; top: auto; test - html padding</test-title>
          <test-href>abspos-015.xht</test-href>
          <reference-value>=</reference-value>
          <reference-href>reference/abspos-013-ref.xht</reference-href>
          <flags>
              <flag>Optional</flag>
              </flags>
        </test><test>
          <test-title>position: fixed; top: auto; test - html padding</test-title>
          <test-href>abspos-016.xht</test-href>
          <reference-value>=</reference-value>
          <reference-href>reference/abspos-013-ref.xht</reference-href>
          <flags>
              <flag>Optional</flag>
              </flags>
        </test><test>
          <test-title>position: fixed; top: auto; test - body margin</test-title>
          <test-href>abspos-017.xht</test-href>
          <reference-value>=</reference-value>
          <reference-href>reference/abspos-013-ref.xht</reference-href>
          <flags>
              <flag>Optional</flag>
              </flags>
        </test><test>
          <test-title>position: fixed; top: auto; test - body margin</test-title>
          <test-href>abspos-018.xht</test-href>
          <reference-value>=</reference-value>
          <reference-href>reference/abspos-013-ref.xht</reference-href>
          <flags>
              <flag>Optional</flag>
              </flags>
        </test><test>
          <test-title>position: fixed; top: auto; test - html margin</test-title>
          <test-href>abspos-019.xht</test-href>
          <reference-value>=</reference-value>
          <reference-href>reference/abspos-013-ref.xht</reference-href>
          <flags>
              <flag>Optional</flag>
              </flags>
        </test><test>
          <test-title>position: fixed; top: auto; test - html margin</test-title>
          <test-href>abspos-020.xht</test-href>
          <reference-value>=</reference-value>
          <reference-href>reference/abspos-013-ref.xht</reference-href>
          <flags>
              <flag>Optional</flag>
              </flags>
        </test><test>
          <test-title>position: fixed; top: auto; test - margin collapsing</test-title>
          <test-href>abspos-022.xht</test-href>
          <reference-value>=</reference-value>
          <reference-href>reference/abspos-013-ref.xht</reference-href>
          <flags>
              <flag>Optional</flag>
              </flags>
        </test><test>
          <test-title>Static position in rtl context</test-title>
          <test-href>abspos-024.xht</test-href>
          <reference-value>=</reference-value>
          <reference-href>reference/abspos-024-ref.xht</reference-href>
          
        </test><test>
          <test-title>Positioning replaced elements with four offsets</test-title>
          <test-href>abspos-025.xht</test-href>
          <reference-value>=</reference-value>
          <reference-href>reference/abspos-025-ref.xht</reference-href>
          <flags>
              <flag>Bitmaps</flag>
              </flags>
        </test><test>
          <test-title>Positioning replaced elements with four offsets</test-title>
          <test-href>abspos-026.xht</test-href>
          <reference-value>=</reference-value>
          <reference-href>reference/abspos-025-ref.xht</reference-href>
          
        </test><test>
          <test-title>Absolutely positioned elements must shrink wrap tables</test-title>
          <test-href>abspos-027.xht</test-href>
          <reference-value>=</reference-value>
          <reference-href>reference/ref-if-there-is-no-red.xht</reference-href>
          
        </test><test>
          <test-title>Abspos static position and clear</test-title>
          <test-href>abspos-028.xht</test-href>
          <reference-value>=</reference-value>
          <reference-href>reference/abspos-028-ref.xht</reference-href>
          
        </test><test>
          <test-title>Containing block for fixed positioning</test-title>
          <test-href>abspos-containing-block-001.xht</test-href>
          <reference-value>=</reference-value>
          <reference-href>reference/abspos-containing-block-001-ref.xht</reference-href>
          
        </test><test>
          <test-title>Containing block for absolute positioning</test-title>
          <test-href>abspos-containing-block-002.xht</test-href>
          <reference-value>=</reference-value>
          <reference-href>reference/abspos-containing-block-001-ref.xht</reference-href>
          
        </test><test>
          <test-title>Containing block for absolute positioning</test-title>
          <test-href>abspos-containing-block-003.xht</test-href>
          <reference-value>=</reference-value>
          <reference-href>reference/abspos-containing-block-001-ref.xht</reference-href>
          
        </test><test>
          <test-title>Containing block for absolute positioning</test-title>
          <test-href>abspos-containing-block-004.xht</test-href>
          <reference-value>=</reference-value>
          <reference-href>reference/abspos-containing-block-001-ref.xht</reference-href>
          
        </test><test>
          <test-title>Containing block for absolute positioning</test-title>
          <test-href>abspos-containing-block-005.xht</test-href>
          <reference-value>=</reference-value>
          <reference-href>reference/abspos-containing-block-001-ref.xht</reference-href>
          
        </test><test>
          <test-title>Containing block for absolute positioning</test-title>
          <test-href>abspos-containing-block-006.xht</test-href>
          <reference-value>=</reference-value>
          <reference-href>reference/abspos-containing-block-001-ref.xht</reference-href>
          
        </test><test>
          <test-title>Containing block for absolute positioning</test-title>
          <test-href>abspos-containing-block-007.xht</test-href>
          <reference-value>=</reference-value>
          <reference-href>reference/abspos-containing-block-001-ref.xht</reference-href>
          
        </test><test>
          <test-title>Containing block for absolute positioning</test-title>
          <test-href>abspos-containing-block-008.xht</test-href>
          <reference-value>=</reference-value>
          <reference-href>reference/abspos-containing-block-001-ref.xht</reference-href>
          
        </test><test>
          <test-title>Containing block for absolute positioning</test-title>
          <test-href>abspos-containing-block-009.xht</test-href>
          <reference-value>=</reference-value>
          <reference-href>reference/abspos-containing-block-001-ref.xht</reference-href>
          
        </test><test>
          <test-title>Absolute Positioning: Containing Block of Top Level Absolutely Positioned Block</test-title>
          <test-href>abspos-containing-block-010.xht</test-href>
          <reference-value>=</reference-value>
          <reference-href>reference/abspos-containing-block-010-ref.xht</reference-href>
          
        </test><test>
          <test-title>Test for containing block for absolutely positioned elements being initial containing block</test-title>
          <test-href>abspos-containing-block-initial-001.xht</test-href>
          <reference-value>=</reference-value>
          <reference-href>reference/abspos-containing-block-initial-001-ref.xht</reference-href>
          <flags>
              <flag>DOM/JS</flag>
              </flags>
        </test><test>
          <test-title>Test for containing block for absolutely positioned elements being initial containing block</test-title>
          <test-href>abspos-containing-block-initial-004a.xht</test-href>
          <reference-value>=</reference-value>
          <reference-href>reference/abspos-containing-block-initial-004-ref.xht</reference-href>
          
        </test><test>
          <test-title>Test for containing block for absolutely positioned elements being initial containing block</test-title>
          <test-href>abspos-containing-block-initial-004b.xht</test-href>
          <reference-value>=</reference-value>
          <reference-href>reference/abspos-containing-block-initial-004-ref.xht</reference-href>
          
        </test><test>
          <test-title>Test for containing block for absolutely positioned elements being initial containing block</test-title>
          <test-href>abspos-containing-block-initial-004c.xht</test-href>
          <reference-value>=</reference-value>
          <reference-href>reference/abspos-containing-block-initial-004-ref.xht</reference-href>
          
        </test><test>
          <test-title>Test for containing block for absolutely positioned elements being initial containing block</test-title>
          <test-href>abspos-containing-block-initial-004d.xht</test-href>
          <reference-value>=</reference-value>
          <reference-href>reference/abspos-containing-block-initial-004-ref.xht</reference-href>
          
        </test><test>
          <test-title>Test for containing block for absolutely positioned elements being initial containing block</test-title>
          <test-href>abspos-containing-block-initial-004e.xht</test-href>
          <reference-value>=</reference-value>
          <reference-href>reference/abspos-containing-block-initial-004-ref.xht</reference-href>
          
        </test><test>
          <test-title>Test for containing block for absolutely positioned elements being initial containing block</test-title>
          <test-href>abspos-containing-block-initial-004f.xht</test-href>
          <reference-value>=</reference-value>
          <reference-href>reference/abspos-containing-block-initial-004-ref.xht</reference-href>
          
        </test><test>
          <test-title>Test for containing block for absolutely positioned elements being initial containing block</test-title>
          <test-href>abspos-containing-block-initial-005a.xht</test-href>
          <reference-value>=</reference-value>
          <reference-href>reference/abspos-containing-block-initial-005-ref.xht</reference-href>
          
        </test><test>
          <test-title>Test for containing block for absolutely positioned elements being initial containing block</test-title>
          <test-href>abspos-containing-block-initial-005b.xht</test-href>
          <reference-value>=</reference-value>
          <reference-href>reference/abspos-containing-block-initial-005-ref.xht</reference-href>
          
        </test><test>
          <test-title>Test for containing block for absolutely positioned elements being initial containing block</test-title>
          <test-href>abspos-containing-block-initial-005c.xht</test-href>
          <reference-value>=</reference-value>
          <reference-href>reference/abspos-containing-block-initial-005-ref.xht</reference-href>
          
        </test><test>
          <test-title>Test for containing block for absolutely positioned elements being initial containing block</test-title>
          <test-href>abspos-containing-block-initial-005d.xht</test-href>
          <reference-value>=</reference-value>
          <reference-href>reference/abspos-containing-block-initial-005-ref.xht</reference-href>
          
        </test><test>
          <test-title>Test for containing block for absolutely positioned elements being initial containing block</test-title>
          <test-href>abspos-containing-block-initial-007.xht</test-href>
          <reference-value>=</reference-value>
          <reference-href>reference/abspos-containing-block-initial-007-ref.xht</reference-href>
          
        </test><test>
          <test-title>Test for containing block for absolutely positioned elements being initial containing block</test-title>
          <test-href>abspos-containing-block-initial-009a.xht</test-href>
          <reference-value>=</reference-value>
          <reference-href>reference/abspos-containing-block-initial-009-ref.xht</reference-href>
          
        </test><test>
          <test-title>Test for containing block for absolutely positioned elements being initial containing block</test-title>
          <test-href>abspos-containing-block-initial-009b.xht</test-href>
          <reference-value>=</reference-value>
          <reference-href>reference/abspos-containing-block-initial-009-ref.xht</reference-href>
          
        </test><test>
          <test-title>Test for containing block for absolutely positioned elements being initial containing block</test-title>
          <test-href>abspos-containing-block-initial-009e.xht</test-href>
          <reference-value>=</reference-value>
          <reference-href>reference/abspos-containing-block-initial-009-ref.xht</reference-href>
          
        </test><test>
          <test-title>Test for containing block for absolutely positioned elements being initial containing block</test-title>
          <test-href>abspos-containing-block-initial-009f.xht</test-href>
          <reference-value>=</reference-value>
          <reference-href>reference/abspos-containing-block-initial-009-ref.xht</reference-href>
          
        </test><test>
          <test-title>CSS2.1:10.3.7 Comprehensive - Absolutely Positioned Non-Replaced Horizontal Size+Position Calculations</test-title>
          <test-href>abspos-non-replaced-width-margin-000.xht</test-href>
          <reference-value>=</reference-value>
          <reference-href>reference/abspos-non-replaced-width-margin-000-ref.xht</reference-href>
          
        </test><test>
          <test-title>Absolutely positioned children of overflow: scroll</test-title>
          <test-href>abspos-overflow-001.xht</test-href>
          <reference-value>=</reference-value>
          <reference-href>reference/abspos-overflow-001-ref.xht</reference-href>
          
        </test><test>
          <test-title>Absolutely positioned children of overflow: scroll</test-title>
          <test-href>abspos-overflow-002.xht</test-href>
          <reference-value>=</reference-value>
          <reference-href>reference/abspos-overflow-002-ref.xht</reference-href>
          
        </test><test>
          <test-title>Absolutely positioned children of overflow: scroll</test-title>
          <test-href>abspos-overflow-003.xht</test-href>
          <reference-value>=</reference-value>
          <reference-href>reference/abspos-overflow-003-ref.xht</reference-href>
          
        </test><test>
          <test-title>Absolutely positioned children of overflow: hidden</test-title>
          <test-href>abspos-overflow-004.xht</test-href>
          <reference-value>=</reference-value>
          <reference-href>reference/abspos-overflow-004-ref.xht</reference-href>
          
        </test><test>
          <test-title>Absolutely positioned children of overflow: hidden</test-title>
          <test-href>abspos-overflow-005.xht</test-href>
          <reference-value>=</reference-value>
          <reference-href>reference/abspos-overflow-005-ref.xht</reference-href>
          
        </test><test>
          <test-title>Absolutely positioned children of overflow: hidden</test-title>
          <test-href>abspos-overflow-006.xht</test-href>
          <reference-value>=</reference-value>
          <reference-href>reference/abspos-overflow-006-ref.xht</reference-href>
          
        </test><test>
          <test-title>Absolutely positioned children of overflow: auto</test-title>
          <test-href>abspos-overflow-007.xht</test-href>
          <reference-value>=</reference-value>
          <reference-href>reference/abspos-overflow-004-ref.xht</reference-href>
          
        </test><test>
          <test-title>Absolutely positioned children of overflow: auto</test-title>
          <test-href>abspos-overflow-008.xht</test-href>
          <reference-value>=</reference-value>
          <reference-href>reference/abspos-overflow-005-ref.xht</reference-href>
          
        </test><test>
          <test-title>Absolutely positioned children of overflow: auto</test-title>
          <test-href>abspos-overflow-009.xht</test-href>
          <reference-value>=</reference-value>
          <reference-href>reference/abspos-overflow-006-ref.xht</reference-href>
          
        </test><test>
          <test-title>Positioning, Overflow, and Stacking: Empty positioned children of 'overflow:auto' boxes</test-title>
          <test-href>abspos-overflow-010.xht</test-href>
          <reference-value>=</reference-value>
          <reference-href>reference/abspos-overflow-010-ref.xht</reference-href>
          
        </test><test>
          <test-title>Positioning, Overflow, and Stacking: 'overflow:auto' as an in-flow sibling of a positioned element</test-title>
          <test-href>abspos-overflow-011.xht</test-href>
          <reference-value>=</reference-value>
          <reference-href>reference/abspos-overflow-011-ref.xht</reference-href>
          
        </test><test>
          <test-title>Positioning, Overflow, and Clipping: Does 'overflow:auto' affect positioned elements that are relative to elements outside the overflow</test-title>
          <test-href>abspos-overflow-012.xht</test-href>
          <reference-value>=</reference-value>
          <reference-href>reference/abspos-overflow-011-ref.xht</reference-href>
          
        </test><test>
          <test-title>CSS2.1:10.3.8 Comprehensive - Absolutely Positioned Replaced Horizontal Size+Position Calculations</test-title>
          <test-href>abspos-replaced-width-margin-000.xht</test-href>
          <reference-value>=</reference-value>
          <reference-href>reference/abspos-replaced-width-margin-000-ref.xht</reference-href>
          
        </test><test>
          <test-title>Absolute Positioning: width:auto with table width:100%</test-title>
          <test-href>abspos-width-001.xht</test-href>
          <reference-value>=</reference-value>
          <reference-href>reference/ref-if-there-is-no-red.xht</reference-href>
          
        </test><test>
          <test-title>Absolute Positioning: width:auto with block width:100%</test-title>
          <test-href>abspos-width-002.xht</test-href>
          <reference-value>=</reference-value>
          <reference-href>reference/ref-if-there-is-no-red.xht</reference-href>
          
        </test><test>
          <test-title>Absolute Positioning: width:auto with block width:50%</test-title>
          <test-href>abspos-width-003.xht</test-href>
          <reference-value>=</reference-value>
          <reference-href>reference/ref-if-there-is-no-red.xht</reference-href>
          
        </test><test>
          <test-title>Absolute Positioning: width: 2em with block width:100%</test-title>
          <test-href>abspos-width-004.xht</test-href>
          <reference-value>=</reference-value>
          <reference-href>reference/ref-filled-green-100px-square.xht</reference-href>
          
        </test><test>
          <test-title>Absolute Positioning: max-width</test-title>
          <test-href>abspos-width-005.xht</test-href>
          <reference-value>=</reference-value>
          <reference-href>reference/abspos-width-005-ref.xht</reference-href>
          
        </test><test>
          <test-title>Multiple floated boxes adjacent to each other</test-title>
          <test-href>adjacent-floats-001.xht</test-href>
          <reference-value>=</reference-value>
          <reference-href>reference/adjacent-floats-001-ref.xht</reference-href>
          
        </test><test>
          <test-title>:after generated content - display inline</test-title>
          <test-href>after-content-display-001.xht</test-href>
          <reference-value>=</reference-value>
          <reference-href>reference/after-content-display-001-ref.xht</reference-href>
          
        </test><test>
          <test-title>:after generated content - display block</test-title>
          <test-href>after-content-display-002.xht</test-href>
          <reference-value>=</reference-value>
          <reference-href>reference/after-content-display-002-ref.xht</reference-href>
          
        </test><test>
          <test-title>:after generated content - display list-item</test-title>
          <test-href>after-content-display-003.xht</test-href>
          <reference-value>=</reference-value>
          <reference-href>reference/after-content-display-003-ref.xht</reference-href>
          
        </test><test>
          <test-title>:after generated content - display inline-block</test-title>
          <test-href>after-content-display-005.xht</test-href>
          <reference-value>=</reference-value>
          <reference-href>reference/after-content-display-001-ref.xht</reference-href>
          
        </test><test>
          <test-title>:after generated content - display table</test-title>
          <test-href>after-content-display-006.xht</test-href>
          <reference-value>=</reference-value>
          <reference-href>reference/after-content-display-002-ref.xht</reference-href>
          
        </test><test>
          <test-title>:after generated content - display inline-table</test-title>
          <test-href>after-content-display-007.xht</test-href>
          <reference-value>=</reference-value>
          <reference-href>reference/after-content-display-001-ref.xht</reference-href>
          
        </test><test>
          <test-title>:after generated content - display table-row-group</test-title>
          <test-href>after-content-display-008.xht</test-href>
          <reference-value>=</reference-value>
          <reference-href>reference/after-content-display-002-ref.xht</reference-href>
          
        </test><test>
          <test-title>:after generated content - display table-header-group</test-title>
          <test-href>after-content-display-009.xht</test-href>
          <reference-value>=</reference-value>
          <reference-href>reference/after-content-display-002-ref.xht</reference-href>
          
        </test><test>
          <test-title>:after generated content - display table-footer-group</test-title>
          <test-href>after-content-display-010.xht</test-href>
          <reference-value>=</reference-value>
          <reference-href>reference/after-content-display-002-ref.xht</reference-href>
          
        </test><test>
          <test-title>:after generated content - display table-row</test-title>
          <test-href>after-content-display-011.xht</test-href>
          <reference-value>=</reference-value>
          <reference-href>reference/after-content-display-002-ref.xht</reference-href>
          
        </test><test>
          <test-title>:after generated content - display table-column-group</test-title>
          <test-href>after-content-display-012.xht</test-href>
          <reference-value>=</reference-value>
          <reference-href>reference/after-content-display-012-ref.xht</reference-href>
          
        </test><test>
          <test-title>:after generated content - display table-column</test-title>
          <test-href>after-content-display-013.xht</test-href>
          <reference-value>=</reference-value>
          <reference-href>reference/after-content-display-012-ref.xht</reference-href>
          
        </test><test>
          <test-title>:after generated content - display table-cell</test-title>
          <test-href>after-content-display-014.xht</test-href>
          <reference-value>=</reference-value>
          <reference-href>reference/after-content-display-002-ref.xht</reference-href>
          
        </test><test>
          <test-title>:after generated content - display table-caption</test-title>
          <test-href>after-content-display-015.xht</test-href>
          <reference-value>=</reference-value>
          <reference-href>reference/after-content-display-002-ref.xht</reference-href>
          
        </test><test>
          <test-title>:after generated content - display none</test-title>
          <test-href>after-content-display-016.xht</test-href>
          <reference-value>=</reference-value>
          <reference-href>reference/after-content-display-012-ref.xht</reference-href>
          
        </test><test>
          <test-title>:after generated content - display inherit</test-title>
          <test-href>after-content-display-017.xht</test-href>
          <reference-value>=</reference-value>
          <reference-href>reference/after-content-display-002-ref.xht</reference-href>
          
        </test><test>
          <test-title>:after generated content - initial value of display</test-title>
          <test-href>after-content-display-018.xht</test-href>
          <reference-value>=</reference-value>
          <reference-href>reference/after-content-display-001-ref.xht</reference-href>
          
        </test><test>
          <test-title>Anonymous block box generation</test-title>
          <test-href>anonymous-box-generation-001.xht</test-href>
          <reference-value>=</reference-value>
          <reference-href>reference/anonymous-box-generation-001-ref.xht</reference-href>
          
        </test><test>
          <test-title>Percent heights inside anonymous blocks</test-title>
          <test-href>anonymous-boxes-001.xht</test-href>
          <reference-value>=</reference-value>
          <reference-href>reference/ref-green-box-100x100.xht</reference-href>
          
        </test><test>
          <test-title>Percent height inside anonymous block</test-title>
          <test-href>anonymous-boxes-001a.xht</test-href>
          <reference-value>=</reference-value>
          <reference-href>reference/anonymous-boxes-001a-ref.xht</reference-href>
          <flags>
              <flag>Ahem</flag><flag>Bitmaps</flag>
              </flags>
        </test><test>
          <test-title>Percent height inside anonymous block</test-title>
          <test-href>anonymous-boxes-001b.xht</test-href>
          <reference-value>=</reference-value>
          <reference-href>reference/anonymous-boxes-001b-ref.xht</reference-href>
          <flags>
              <flag>Ahem</flag>
              </flags>
        </test><test>
          <test-title>Anonymous box property inheritance</test-title>
          <test-href>anonymous-boxes-inheritance-001.xht</test-href>
          <reference-value>=</reference-value>
          <reference-href>reference/anonymous-boxes-inheritance-001-ref.xht</reference-href>
          <flags>
              <flag>Ahem</flag>
              </flags>
        </test><test>
          <test-title>White space does not generate an anonymous inline box</test-title>
          <test-href>anonymous-inline-whitespace-001.xht</test-href>
          <reference-value>=</reference-value>
          <reference-href>reference/ref-if-there-is-no-red.xht</reference-href>
          
        </test><test>
          <test-title>Width of anonymous table box versus caption box in the automatic table layout</test-title>
          <test-href>anonymous-table-box-width-001.xht</test-href>
          <reference-value>=</reference-value>
          <reference-href>reference/ref-filled-green-100px-square.xht</reference-href>
          
        </test><test>
          <test-title>HTTP Charset vs BOM</test-title>
          <test-href>at-charset-001.xht</test-href>
          <reference-value>=</reference-value>
          <reference-href>reference/at-charset-001-ref.xht</reference-href>
          <flags>
              <flag>HTTP</flag>
              </flags>
        </test><test>
          <test-title>HTTP Charset over @charset</test-title>
          <test-href>at-charset-002.xht</test-href>
          <reference-value>=</reference-value>
          <reference-href>at-charset-001.xht</reference-href>
          <flags>
              <flag>HTTP</flag>
              </flags>
        </test><test>
          <test-title>HTTP charset over link charset</test-title>
          <test-href>at-charset-003.xht</test-href>
          <reference-value>=</reference-value>
          <reference-href>at-charset-001.xht</reference-href>
          <flags>
              <flag>HTTP</flag>
              </flags>
        </test><test>
          <test-title>HTTP charset over set referring code page (UTF-8)</test-title>
          <test-href>at-charset-004.xht</test-href>
          <reference-value>=</reference-value>
          <reference-href>at-charset-001.xht</reference-href>
          <flags>
              <flag>HTTP</flag>
              </flags>
        </test><test>
          <test-title>HTTP charset over set referring code page (windows-1252)</test-title>
          <test-href>at-charset-005.xht</test-href>
          <reference-value>=</reference-value>
          <reference-href>at-charset-001.xht</reference-href>
          <flags>
              <flag>HTTP</flag>
              </flags>
        </test><test>
          <test-title>HTTP charset over referring code page (not set)</test-title>
          <test-href>at-charset-006.xht</test-href>
          <reference-value>=</reference-value>
          <reference-href>at-charset-001.xht</reference-href>
          <flags>
              <flag>HTTP</flag>
              </flags>
        </test><test>
          <test-title>@charset over link charset attribute</test-title>
          <test-href>at-charset-007.xht</test-href>
          <reference-value>=</reference-value>
          <reference-href>at-charset-001.xht</reference-href>
          
        </test><test>
          <test-title>@charset over referring document's code page (set)</test-title>
          <test-href>at-charset-008.xht</test-href>
          <reference-value>=</reference-value>
          <reference-href>at-charset-001.xht</reference-href>
          
        </test><test>
          <test-title>@charset over referring document's code page (unset)</test-title>
          <test-href>at-charset-009.xht</test-href>
          <reference-value>=</reference-value>
          <reference-href>at-charset-001.xht</reference-href>
          
        </test><test>
          <test-title>Link charset attribute over referring document's codepage (set)</test-title>
          <test-href>at-charset-010.xht</test-href>
          <reference-value>=</reference-value>
          <reference-href>at-charset-001.xht</reference-href>
          
        </test><test>
          <test-title>Link charset attribute over referring document's codepage (not set)</test-title>
          <test-href>at-charset-011.xht</test-href>
          <reference-value>=</reference-value>
          <reference-href>at-charset-001.xht</reference-href>
          
        </test><test>
          <test-title>Stylesheet encoding via the referring document's encoding (set)</test-title>
          <test-href>at-charset-012.xht</test-href>
          <reference-value>=</reference-value>
          <reference-href>at-charset-001.xht</reference-href>
          
        </test><test>
          <test-title>Matching BOM and @charset (utf-8)</test-title>
          <test-href>at-charset-014.xht</test-href>
          <reference-value>=</reference-value>
          <reference-href>at-charset-001.xht</reference-href>
          
        </test><test>
          <test-title>Matching BOM and @charset (utf-16 LE)</test-title>
          <test-href>at-charset-015.xht</test-href>
          <reference-value>=</reference-value>
          <reference-href>at-charset-001.xht</reference-href>
          
        </test><test>
          <test-title>Matching BOM and @charset (utf-16 BE)</test-title>
          <test-href>at-charset-016.xht</test-href>
          <reference-value>=</reference-value>
          <reference-href>at-charset-001.xht</reference-href>
          
        </test><test>
          <test-title>BOM with no @charset (utf-8)</test-title>
          <test-href>at-charset-019.xht</test-href>
          <reference-value>=</reference-value>
          <reference-href>at-charset-001.xht</reference-href>
          
        </test><test>
          <test-title>BOM with no @charset (utf-16LE)</test-title>
          <test-href>at-charset-020.xht</test-href>
          <reference-value>=</reference-value>
          <reference-href>at-charset-001.xht</reference-href>
          
        </test><test>
          <test-title>BOM with no @charset (utf-16BE)</test-title>
          <test-href>at-charset-021.xht</test-href>
          <reference-value>=</reference-value>
          <reference-href>at-charset-001.xht</reference-href>
          
        </test><test>
          <test-title>@charset specified (windows-1252)</test-title>
          <test-href>at-charset-024.xht</test-href>
          <reference-value>=</reference-value>
          <reference-href>at-charset-001.xht</reference-href>
          
        </test><test>
          <test-title>@charset specified (Shift-JIS)</test-title>
          <test-href>at-charset-025.xht</test-href>
          <reference-value>=</reference-value>
          <reference-href>at-charset-001.xht</reference-href>
          
        </test><test>
          <test-title>@charset specified (ISO-8859-6)</test-title>
          <test-href>at-charset-026.xht</test-href>
          <reference-value>=</reference-value>
          <reference-href>at-charset-001.xht</reference-href>
          
        </test><test>
          <test-title>@charset specified (Big5)</test-title>
          <test-href>at-charset-027.xht</test-href>
          <reference-value>=</reference-value>
          <reference-href>at-charset-001.xht</reference-href>
          
        </test><test>
          <test-title>@charset specified (UTF-8)</test-title>
          <test-href>at-charset-028.xht</test-href>
          <reference-value>=</reference-value>
          <reference-href>at-charset-001.xht</reference-href>
          
        </test><test>
          <test-title>@charset specified (UTF-16LE)</test-title>
          <test-href>at-charset-029.xht</test-href>
          <reference-value>=</reference-value>
          <reference-href>at-charset-001.xht</reference-href>
          
        </test><test>
          <test-title>@charset specified (UTF-16BE)</test-title>
          <test-href>at-charset-030.xht</test-href>
          <reference-value>=</reference-value>
          <reference-href>at-charset-001.xht</reference-href>
          
        </test><test>
          <test-title>Non-matching BOM (windows-1252 with UTF-8 BOM)</test-title>
          <test-href>at-charset-033.xht</test-href>
          <reference-value>=</reference-value>
          <reference-href>reference/filler-text-below-green.xht</reference-href>
          
        </test><test>
          <test-title>Non-matching BOM (UTF-8 with UTF-16LE BOM)</test-title>
          <test-href>at-charset-034.xht</test-href>
          <reference-value>=</reference-value>
          <reference-href>reference/filler-text-below-green.xht</reference-href>
          
        </test><test>
          <test-title>Non-matching BOM (UTF-16LE with UTF-8 BOM)</test-title>
          <test-href>at-charset-035.xht</test-href>
          <reference-value>=</reference-value>
          <reference-href>reference/filler-text-below-green.xht</reference-href>
          
        </test><test>
          <test-title>Non-matching BOM (UTF-32BE with UTF-16LE BOM)</test-title>
          <test-href>at-charset-036.xht</test-href>
          <reference-value>=</reference-value>
          <reference-href>reference/filler-text-below-green.xht</reference-href>
          
        </test><test>
          <test-title>Non-matching @charset (Shift-JIS with 1252 @charset)</test-title>
          <test-href>at-charset-037.xht</test-href>
          <reference-value>=</reference-value>
          <reference-href>reference/filler-text-below-green.xht</reference-href>
          
        </test><test>
          <test-title>Non-matching @charset (Big5 with Shift-JIS @charset)</test-title>
          <test-href>at-charset-038.xht</test-href>
          <reference-value>=</reference-value>
          <reference-href>reference/filler-text-below-green.xht</reference-href>
          
        </test><test>
          <test-title>Non-matching @charset (UTF-16BE with UTF-8 @charset)</test-title>
          <test-href>at-charset-040.xht</test-href>
          <reference-value>=</reference-value>
          <reference-href>at-charset-001.xht</reference-href>
          
        </test><test>
          <test-title>Non-matching @charset (UTF-32LE with UTF-16BE @charset)</test-title>
          <test-href>at-charset-041.xht</test-href>
          <reference-value>=</reference-value>
          <reference-href>at-charset-001.xht</reference-href>
          
        </test><test>
          <test-title>@charset does not match BOM (UTF8 encoding and BOM with UTF-16BE @charset)</test-title>
          <test-href>at-charset-042.xht</test-href>
          <reference-value>=</reference-value>
          <reference-href>at-charset-001.xht</reference-href>
          
        </test><test>
          <test-title>@charset does not match BOM (UTF-16LE encoding and BOM with UTF-8 @charset)</test-title>
          <test-href>at-charset-043.xht</test-href>
          <reference-value>=</reference-value>
          <reference-href>at-charset-001.xht</reference-href>
          
        </test><test>
          <test-title>@charset does not match BOM (UTF-32BE encoding and BOM with UTF-16BE @charset)</test-title>
          <test-href>at-charset-044.xht</test-href>
          <reference-value>=</reference-value>
          <reference-href>at-charset-001.xht</reference-href>
          
        </test><test>
          <test-title>Mismatched endianness in @charset (UTF-16LE encoding and BOM with UTF-16BE @charset)</test-title>
          <test-href>at-charset-045.xht</test-href>
          <reference-value>=</reference-value>
          <reference-href>at-charset-001.xht</reference-href>
          
        </test><test>
          <test-title>Mismatched endianness in @charset (UTF-16BE encoding and BOM with UTF-16LE @charset)</test-title>
          <test-href>at-charset-046.xht</test-href>
          <reference-value>=</reference-value>
          <reference-href>at-charset-001.xht</reference-href>
          
        </test><test>
          <test-title>Endianness not specified (UTF-16LE encoding with UTF-16 @charset)</test-title>
          <test-href>at-charset-047.xht</test-href>
          <reference-value>=</reference-value>
          <reference-href>at-charset-001.xht</reference-href>
          
        </test><test>
          <test-title>Endianness not specified (UTF-16BE encoding with UTF-16 @charset)</test-title>
          <test-href>at-charset-048.xht</test-href>
          <reference-value>=</reference-value>
          <reference-href>at-charset-001.xht</reference-href>
          
        </test><test>
          <test-title>@charset preceded by a newline</test-title>
          <test-href>at-charset-049.xht</test-href>
          <reference-value>=</reference-value>
          <reference-href>reference/filler-text-below-green.xht</reference-href>
          
        </test><test>
          <test-title>@charset preceded by a space</test-title>
          <test-href>at-charset-050.xht</test-href>
          <reference-value>=</reference-value>
          <reference-href>reference/filler-text-below-green.xht</reference-href>
          
        </test><test>
          <test-title>@charset preceded by a declaration</test-title>
          <test-href>at-charset-051.xht</test-href>
          <reference-value>=</reference-value>
          <reference-href>reference/filler-text-below-green.xht</reference-href>
          
        </test><test>
          <test-title>@charset preceded by another @charset</test-title>
          <test-href>at-charset-052.xht</test-href>
          <reference-value>=</reference-value>
          <reference-href>reference/filler-text-below-green.xht</reference-href>
          
        </test><test>
          <test-title>@charset immediately followed by a declaration block</test-title>
          <test-href>at-charset-053.xht</test-href>
          <reference-value>=</reference-value>
          <reference-href>reference/filler-text-below-green.xht</reference-href>
          
        </test><test>
          <test-title>@charset in uppercase</test-title>
          <test-href>at-charset-054.xht</test-href>
          <reference-value>=</reference-value>
          <reference-href>reference/filler-text-below-green.xht</reference-href>
          
        </test><test>
          <test-title>@charset without quotes</test-title>
          <test-href>at-charset-055.xht</test-href>
          <reference-value>=</reference-value>
          <reference-href>reference/filler-text-below-green.xht</reference-href>
          
        </test><test>
          <test-title>@charset missing a space</test-title>
          <test-href>at-charset-056.xht</test-href>
          <reference-value>=</reference-value>
          <reference-href>reference/filler-text-below-green.xht</reference-href>
          
        </test><test>
          <test-title>@charset escaped numerically</test-title>
          <test-href>at-charset-057.xht</test-href>
          <reference-value>=</reference-value>
          <reference-href>reference/filler-text-below-green.xht</reference-href>
          
        </test><test>
          <test-title>@charset escaped char</test-title>
          <test-href>at-charset-058.xht</test-href>
          <reference-value>=</reference-value>
          <reference-href>reference/filler-text-below-green.xht</reference-href>
          
        </test><test>
          <test-title>@charset missing semi-colon</test-title>
          <test-href>at-charset-059.xht</test-href>
          <reference-value>=</reference-value>
          <reference-href>reference/filler-text-below-green.xht</reference-href>
          
        </test><test>
          <test-title>@charset with bogus name</test-title>
          <test-href>at-charset-060.xht</test-href>
          <reference-value>=</reference-value>
          <reference-href>at-charset-001.xht</reference-href>
          
        </test><test>
          <test-title>@charset within style block</test-title>
          <test-href>at-charset-061.xht</test-href>
          <reference-value>=</reference-value>
          <reference-href>reference/filler-text-below-green.xht</reference-href>
          
        </test><test>
          <test-title>Stylesheet encodings: ISO-8859-1</test-title>
          <test-href>at-charset-071.xht</test-href>
          <reference-value>=</reference-value>
          <reference-href>reference/ref-green-background.xht</reference-href>
          <flags>
              <flag>HTTP</flag>
              </flags>
        </test><test>
          <test-title>Stylesheet encodings: ISO-8859-11</test-title>
          <test-href>at-charset-072.xht</test-href>
          <reference-value>=</reference-value>
          <reference-href>reference/ref-green-background.xht</reference-href>
          <flags>
              <flag>HTTP</flag>
              </flags>
        </test><test>
          <test-title>Stylesheet encodings: ISO-8859-5</test-title>
          <test-href>at-charset-073.xht</test-href>
          <reference-value>=</reference-value>
          <reference-href>reference/ref-green-background.xht</reference-href>
          <flags>
              <flag>HTTP</flag>
              </flags>
        </test><test>
          <test-title>Stylesheet encodings: ISO-8859-6</test-title>
          <test-href>at-charset-074.xht</test-href>
          <reference-value>=</reference-value>
          <reference-href>reference/ref-green-background.xht</reference-href>
          <flags>
              <flag>HTTP</flag>
              </flags>
        </test><test>
          <test-title>Stylesheet encodings: ISO-8859-7</test-title>
          <test-href>at-charset-075.xht</test-href>
          <reference-value>=</reference-value>
          <reference-href>reference/ref-green-background.xht</reference-href>
          <flags>
              <flag>HTTP</flag>
              </flags>
        </test><test>
          <test-title>Stylesheet encodings: ISO-8859-8</test-title>
          <test-href>at-charset-076.xht</test-href>
          <reference-value>=</reference-value>
          <reference-href>reference/ref-green-background.xht</reference-href>
          <flags>
              <flag>HTTP</flag>
              </flags>
        </test><test>
          <test-title>Stylesheet encodings: KOI8-R</test-title>
          <test-href>at-charset-077.xht</test-href>
          <reference-value>=</reference-value>
          <reference-href>reference/ref-green-background.xht</reference-href>
          <flags>
              <flag>HTTP</flag>
              </flags>
        </test><test>
          <test-title>@charset quotes</test-title>
          <test-href>at-charset-quotes-001.xht</test-href>
          <reference-value>=</reference-value>
          <reference-href>reference/at-charset-ref.xht</reference-href>
          
        </test><test>
          <test-title>@charset leading-space</test-title>
          <test-href>at-charset-space-001.xht</test-href>
          <reference-value>=</reference-value>
          <reference-href>reference/at-charset-ref.xht</reference-href>
          
        </test><test>
          <test-title>@charset trailing-space</test-title>
          <test-href>at-charset-space-002.xht</test-href>
          <reference-value>=</reference-value>
          <reference-href>reference/at-charset-ref.xht</reference-href>
          
        </test><test>
          <test-title>@charset utf-16-be-no-bom</test-title>
          <test-href>at-charset-utf16-be-001.xht</test-href>
          <reference-value>=</reference-value>
          <reference-href>reference/at-charset-ref.xht</reference-href>
          
        </test><test>
          <test-title>@charset utf-16-be-bom</test-title>
          <test-href>at-charset-utf16-be-002.xht</test-href>
          <reference-value>=</reference-value>
          <reference-href>reference/at-charset-ref.xht</reference-href>
          
        </test><test>
          <test-title>@charset utf-16-bom-be</test-title>
          <test-href>at-charset-utf16-be-003.xht</test-href>
          <reference-value>=</reference-value>
          <reference-href>reference/at-charset-ref.xht</reference-href>
          
        </test><test>
          <test-title>@charset utf-16-le-no-bom</test-title>
          <test-href>at-charset-utf16-le-001.xht</test-href>
          <reference-value>=</reference-value>
          <reference-href>reference/at-charset-ref.xht</reference-href>
          
        </test><test>
          <test-title>@charset utf-16-le-bom</test-title>
          <test-href>at-charset-utf16-le-002.xht</test-href>
          <reference-value>=</reference-value>
          <reference-href>reference/at-charset-ref.xht</reference-href>
          
        </test><test>
          <test-title>@charset utf-16-bom-le</test-title>
          <test-href>at-charset-utf16-le-003.xht</test-href>
          <reference-value>=</reference-value>
          <reference-href>reference/at-charset-ref.xht</reference-href>
          
        </test><test>
          <test-title>Importing external stylesheets with @import</test-title>
          <test-href>at-import-002.xht</test-href>
          <reference-value>=</reference-value>
          <reference-href>reference/filler-text-below-green.xht</reference-href>
          
        </test><test>
          <test-title>Importing styles using @import with a string</test-title>
          <test-href>at-import-003.xht</test-href>
          <reference-value>=</reference-value>
          <reference-href>reference/filler-text-below-green.xht</reference-href>
          
        </test><test>
          <test-title>Media dependency on @import set to 'print'</test-title>
          <test-href>at-import-004.xht</test-href>
          <reference-value>=</reference-value>
          <reference-href>reference/no-red-filler-text-ref.xht</reference-href>
          
        </test><test>
          <test-title>Media dependency on @import set to 'all'</test-title>
          <test-href>at-import-005.xht</test-href>
          <reference-value>=</reference-value>
          <reference-href>reference/filler-text-below-green.xht</reference-href>
          
        </test><test>
          <test-title>Media dependency on @import set to 'screen'</test-title>
          <test-href>at-import-006.xht</test-href>
          <reference-value>=</reference-value>
          <reference-href>reference/filler-text-below-green.xht</reference-href>
          
        </test><test>
          <test-title>@import with @charset</test-title>
          <test-href>at-import-007.xht</test-href>
          <reference-value>=</reference-value>
          <reference-href>reference/filler-text-below-green.xht</reference-href>
          
        </test><test>
          <test-title>@import following a known but invalid @rule</test-title>
          <test-href>at-import-009.xht</test-href>
          <reference-value>=</reference-value>
          <reference-href>reference/ref-this-text-should-be-green.xht</reference-href>
          <flags>
              <flag>Invalid</flag>
              </flags>
        </test><test>
          <test-title>@import following an invalid selector</test-title>
          <test-href>at-import-010.xht</test-href>
          <reference-value>=</reference-value>
          <reference-href>reference/ref-this-text-should-be-green.xht</reference-href>
          <flags>
              <flag>Invalid</flag>
              </flags>
        </test><test>
          <test-title>@import following garbage</test-title>
          <test-href>at-import-011.xht</test-href>
          <reference-value>=</reference-value>
          <reference-href>reference/ref-this-text-should-be-green.xht</reference-href>
          <flags>
              <flag>Invalid</flag>
              </flags>
        </test><test>
          <test-title>At-rules</test-title>
          <test-href>at-keywords-000.xht</test-href>
          <reference-value>=</reference-value>
          <reference-href>reference/ref-this-text-should-be-green.xht</reference-href>
          
        </test><test>
          <test-title>At-rules</test-title>
          <test-href>at-keywords-001.xht</test-href>
          <reference-value>=</reference-value>
          <reference-href>reference/ref-this-text-should-be-green.xht</reference-href>
          
        </test><test>
          <test-title>At-rules</test-title>
          <test-href>at-keywords-002.xht</test-href>
          <reference-value>=</reference-value>
          <reference-href>reference/ref-this-text-should-be-green.xht</reference-href>
          <flags>
              <flag>Invalid</flag>
              </flags>
        </test><test>
          <test-title>Parser error handling with invalid at-rules: @ invalid selector</test-title>
          <test-href>at-rule-001.xht</test-href>
          <reference-value>=</reference-value>
          <reference-href>reference/filler-text-below-green.xht</reference-href>
          <flags>
              <flag>Invalid</flag>
              </flags>
        </test><test>
          <test-title>Parsing of invalid @rules</test-title>
          <test-href>at-rule-002.xht</test-href>
          <reference-value>=</reference-value>
          <reference-href>reference/filler-text-below-green.xht</reference-href>
          <flags>
              <flag>Invalid</flag>
              </flags>
        </test><test>
          <test-title>Parsing of invalid @rules with blocks</test-title>
          <test-href>at-rule-003.xht</test-href>
          <reference-value>=</reference-value>
          <reference-href>reference/filler-text-below-green.xht</reference-href>
          <flags>
              <flag>Invalid</flag>
              </flags>
        </test><test>
          <test-title>@import inside block</test-title>
          <test-href>at-rule-004.xht</test-href>
          <reference-value>=</reference-value>
          <reference-href>reference/no-red-filler-text-ref.xht</reference-href>
          <flags>
              <flag>Invalid</flag>
              </flags>
        </test><test>
          <test-title>@import following @charset</test-title>
          <test-href>at-rule-005.xht</test-href>
          <reference-value>=</reference-value>
          <reference-href>reference/filler-text-below-green.xht</reference-href>
          <flags>
              <flag>Invalid</flag>
              </flags>
        </test><test>
          <test-title>@import following valid statements</test-title>
          <test-href>at-rule-006.xht</test-href>
          <reference-value>=</reference-value>
          <reference-href>reference/filler-text-below-green.xht</reference-href>
          <flags>
              <flag>Invalid</flag>
              </flags>
        </test><test>
          <test-title>@import following an invalid statement</test-title>
          <test-href>at-rule-007.xht</test-href>
          <reference-value>=</reference-value>
          <reference-href>reference/no-red-filler-text-ref.xht</reference-href>
          <flags>
              <flag>Invalid</flag>
              </flags>
        </test><test>
          <test-title>@import following a bad @rule</test-title>
          <test-href>at-rule-008.xht</test-href>
          <reference-value>=</reference-value>
          <reference-href>reference/filler-text-below-green.xht</reference-href>
          <flags>
              <flag>Invalid</flag>
              </flags>
        </test><test>
          <test-title>@import after a bad selector and rule block</test-title>
          <test-href>at-rule-009.xht</test-href>
          <reference-value>=</reference-value>
          <reference-href>reference/filler-text-below-green.xht</reference-href>
          <flags>
              <flag>Invalid</flag>
              </flags>
        </test><test>
          <test-title>@rules and white space</test-title>
          <test-href>at-rule-010.xht</test-href>
          <reference-value>=</reference-value>
          <reference-href>reference/filler-text-below-green.xht</reference-href>
          
        </test><test>
          <test-title>Parser error handling with invalid at-rules: @ invalid selector with a number</test-title>
          <test-href>at-rule-011.xht</test-href>
          <reference-value>=</reference-value>
          <reference-href>reference/filler-text-below-green.xht</reference-href>
          <flags>
              <flag>Invalid</flag>
              </flags>
        </test><test>
          <test-title>Parser error handling with invalid at-rules: @ invalid selector with a hyphen</test-title>
          <test-href>at-rule-012.xht</test-href>
          <reference-value>=</reference-value>
          <reference-href>reference/filler-text-below-green.xht</reference-href>
          <flags>
              <flag>Invalid</flag>
              </flags>
        </test><test>
          <test-title>Ignoring at-rules inside @media blocks</test-title>
          <test-href>at-rule-013.xht</test-href>
          <reference-value>=</reference-value>
          <reference-href>reference/at-rule-013-ref.xht</reference-href>
          <flags>
              <flag>Invalid</flag>
              </flags>
        </test><test>
          <test-title>At-rules</test-title>
          <test-href>at-rules-000.xht</test-href>
          <reference-value>=</reference-value>
          <reference-href>reference/ref-this-text-should-be-green.xht</reference-href>
          <flags>
              <flag>Invalid</flag>
              </flags>
        </test><test>
          <test-title>At-rules</test-title>
          <test-href>at-rules-001.xht</test-href>
          <reference-value>=</reference-value>
          <reference-href>reference/ref-this-text-should-be-green.xht</reference-href>
          
        </test><test>
          <test-title>At-rules</test-title>
          <test-href>at-rules-002.xht</test-href>
          <reference-value>=</reference-value>
          <reference-href>reference/ref-this-text-should-be-green.xht</reference-href>
          
        </test><test>
          <test-title>At-rules</test-title>
          <test-href>at-rules-003.xht</test-href>
          <reference-value>=</reference-value>
          <reference-href>reference/ref-this-text-should-be-green.xht</reference-href>
          
        </test><test>
          <test-title>At-rules</test-title>
          <test-href>at-rules-004.xht</test-href>
          <reference-value>=</reference-value>
          <reference-href>reference/ref-this-text-should-be-green.xht</reference-href>
          
        </test><test>
          <test-title>ID selector without value and no matching element</test-title>
          <test-href>attribute-selector-001.xht</test-href>
          <reference-value>=</reference-value>
          <reference-href>reference/no-red-filler-text-ref.xht</reference-href>
          
        </test><test>
          <test-title>Attribute selector without value</test-title>
          <test-href>attribute-selector-002.xht</test-href>
          <reference-value>=</reference-value>
          <reference-href>reference/filler-text-below-green.xht</reference-href>
          
        </test><test>
          <test-title>[attr~=&quot;&quot;]Attribute Selectors with Empty String Values</test-title>
          <test-href>attribute-token-selector-002.xht</test-href>
          <reference-value>=</reference-value>
          <reference-href>reference/attribute-token-selector-002-ref.xht</reference-href>
          
        </test><test>
          <test-title>Numeric attributes</test-title>
          <test-href>attribute-value-selector-004.xht</test-href>
          <reference-value>=</reference-value>
          <reference-href>reference/no-red-filler-text-ref.xht</reference-href>
          <flags>
              <flag>Invalid</flag>
              </flags>
        </test><test>
          <test-title>Multiple and repeating attributes</test-title>
          <test-href>attribute-value-selector-006.xht</test-href>
          <reference-value>=</reference-value>
          <reference-href>reference/filler-text-below-green.xht</reference-href>
          
        </test><test>
          <test-title>Background with color</test-title>
          <test-href>background-001.xht</test-href>
          <reference-value>=</reference-value>
          <reference-href>reference/background-001-ref.xht</reference-href>
          
        </test><test>
          <test-title>Background with an image</test-title>
          <test-href>background-002.xht</test-href>
          <reference-value>=</reference-value>
          <reference-href>reference/background-001-ref.xht</reference-href>
          <flags>
              <flag>Bitmaps</flag>
              </flags>
        </test><test>
          <test-title>Background with repeat</test-title>
          <test-href>background-003.xht</test-href>
          <reference-value>=</reference-value>
          <reference-href>reference/background-003-ref.xht</reference-href>
          <flags>
              <flag>Bitmaps</flag>
              </flags>
        </test><test>
          <test-title>Background with attachment</test-title>
          <test-href>background-004.xht</test-href>
          <reference-value>=</reference-value>
          <reference-href>reference/ref-nothing-below.xht</reference-href>
          
        </test><test>
          <test-title>Background with position</test-title>
          <test-href>background-005.xht</test-href>
          <reference-value>=</reference-value>
          <reference-href>reference/ref-nothing-below.xht</reference-href>
          
        </test><test>
          <test-title>Background with (color image)</test-title>
          <test-href>background-006.xht</test-href>
          <reference-value>=</reference-value>
          <reference-href>reference/background-001-ref.xht</reference-href>
          <flags>
              <flag>Bitmaps</flag>
              </flags>
        </test><test>
          <test-title>Background with (color repeat)</test-title>
          <test-href>background-007.xht</test-href>
          <reference-value>=</reference-value>
          <reference-href>reference/background-001-ref.xht</reference-href>
          
        </test><test>
          <test-title>Background with (color attachment)</test-title>
          <test-href>background-008.xht</test-href>
          <reference-value>=</reference-value>
          <reference-href>reference/background-001-ref.xht</reference-href>
          
        </test><test>
          <test-title>Background with (color position)</test-title>
          <test-href>background-009.xht</test-href>
          <reference-value>=</reference-value>
          <reference-href>reference/background-001-ref.xht</reference-href>
          
        </test><test>
          <test-title>Background with (image color)</test-title>
          <test-href>background-010.xht</test-href>
          <reference-value>=</reference-value>
          <reference-href>reference/background-001-ref.xht</reference-href>
          <flags>
              <flag>Bitmaps</flag>
              </flags>
        </test><test>
          <test-title>Background with (repeat color)</test-title>
          <test-href>background-014.xht</test-href>
          <reference-value>=</reference-value>
          <reference-href>reference/background-001-ref.xht</reference-href>
          
        </test><test>
          <test-title>Background with (repeat attachment)</test-title>
          <test-href>background-016.xht</test-href>
          <reference-value>=</reference-value>
          <reference-href>reference/ref-nothing-below.xht</reference-href>
          
        </test><test>
          <test-title>Background with (repeat position)</test-title>
          <test-href>background-017.xht</test-href>
          <reference-value>=</reference-value>
          <reference-href>reference/ref-nothing-below.xht</reference-href>
          
        </test><test>
          <test-title>Background with (attachment color)</test-title>
          <test-href>background-018.xht</test-href>
          <reference-value>=</reference-value>
          <reference-href>reference/background-001-ref.xht</reference-href>
          
        </test><test>
          <test-title>Background with (attachment repeat)</test-title>
          <test-href>background-020.xht</test-href>
          <reference-value>=</reference-value>
          <reference-href>reference/ref-nothing-below.xht</reference-href>
          
        </test><test>
          <test-title>Background with (attachment position)</test-title>
          <test-href>background-021.xht</test-href>
          <reference-value>=</reference-value>
          <reference-href>reference/ref-nothing-below.xht</reference-href>
          
        </test><test>
          <test-title>Background with (position color)</test-title>
          <test-href>background-022.xht</test-href>
          <reference-value>=</reference-value>
          <reference-href>reference/background-001-ref.xht</reference-href>
          
        </test><test>
          <test-title>Background with (position repeat)</test-title>
          <test-href>background-024.xht</test-href>
          <reference-value>=</reference-value>
          <reference-href>reference/ref-nothing-below.xht</reference-href>
          
        </test><test>
          <test-title>Background with (position attachment)</test-title>
          <test-href>background-025.xht</test-href>
          <reference-value>=</reference-value>
          <reference-href>reference/ref-nothing-below.xht</reference-href>
          
        </test><test>
          <test-title>Background with (color image repeat)</test-title>
          <test-href>background-026.xht</test-href>
          <reference-value>=</reference-value>
          <reference-href>reference/background-026-ref.xht</reference-href>
          <flags>
              <flag>Bitmaps</flag>
              </flags>
        </test><test>
          <test-title>Background with (color repeat image)</test-title>
          <test-href>background-029.xht</test-href>
          <reference-value>=</reference-value>
          <reference-href>reference/background-026-ref.xht</reference-href>
          <flags>
              <flag>Bitmaps</flag>
              </flags>
        </test><test>
          <test-title>Background with (color repeat attachment)</test-title>
          <test-href>background-030.xht</test-href>
          <reference-value>=</reference-value>
          <reference-href>reference/background-030-ref.xht</reference-href>
          
        </test><test>
          <test-title>Background with (color repeat position)</test-title>
          <test-href>background-031.xht</test-href>
          <reference-value>=</reference-value>
          <reference-href>reference/background-030-ref.xht</reference-href>
          
        </test><test>
          <test-title>Background with (color attachment repeat)</test-title>
          <test-href>background-033.xht</test-href>
          <reference-value>=</reference-value>
          <reference-href>reference/background-030-ref.xht</reference-href>
          
        </test><test>
          <test-title>Background with (color attachment position)</test-title>
          <test-href>background-034.xht</test-href>
          <reference-value>=</reference-value>
          <reference-href>reference/background-030-ref.xht</reference-href>
          
        </test><test>
          <test-title>Background with (color position repeat)</test-title>
          <test-href>background-036.xht</test-href>
          <reference-value>=</reference-value>
          <reference-href>reference/background-030-ref.xht</reference-href>
          
        </test><test>
          <test-title>Background with (color position attachment)</test-title>
          <test-href>background-037.xht</test-href>
          <reference-value>=</reference-value>
          <reference-href>reference/background-030-ref.xht</reference-href>
          
        </test><test>
          <test-title>Background with (image color repeat)</test-title>
          <test-href>background-038.xht</test-href>
          <reference-value>=</reference-value>
          <reference-href>reference/background-026-ref.xht</reference-href>
          <flags>
              <flag>Bitmaps</flag>
              </flags>
        </test><test>
          <test-title>Background with (image repeat color)</test-title>
          <test-href>background-041.xht</test-href>
          <reference-value>=</reference-value>
          <reference-href>reference/background-026-ref.xht</reference-href>
          <flags>
              <flag>Bitmaps</flag>
              </flags>
        </test><test>
          <test-title>Background with (image repeat position)</test-title>
          <test-href>background-043.xht</test-href>
          <reference-value>=</reference-value>
          <reference-href>reference/background-043-ref.xht</reference-href>
          <flags>
              <flag>Bitmaps</flag>
              </flags>
        </test><test>
          <test-title>Background with (image position repeat)</test-title>
          <test-href>background-048.xht</test-href>
          <reference-value>=</reference-value>
          <reference-href>reference/background-043-ref.xht</reference-href>
          <flags>
              <flag>Bitmaps</flag>
              </flags>
        </test><test>
          <test-title>Background with (repeat color image)</test-title>
          <test-href>background-050.xht</test-href>
          <reference-value>=</reference-value>
          <reference-href>reference/background-026-ref.xht</reference-href>
          <flags>
              <flag>Bitmaps</flag>
              </flags>
        </test><test>
          <test-title>Background with (repeat color attachment)</test-title>
          <test-href>background-051.xht</test-href>
          <reference-value>=</reference-value>
          <reference-href>reference/background-030-ref.xht</reference-href>
          
        </test><test>
          <test-title>Background with (repeat color position)</test-title>
          <test-href>background-052.xht</test-href>
          <reference-value>=</reference-value>
          <reference-href>reference/background-030-ref.xht</reference-href>
          
        </test><test>
          <test-title>Background with (repeat image color)</test-title>
          <test-href>background-053.xht</test-href>
          <reference-value>=</reference-value>
          <reference-href>reference/background-026-ref.xht</reference-href>
          <flags>
              <flag>Bitmaps</flag>
              </flags>
        </test><test>
          <test-title>Background with (repeat image position)</test-title>
          <test-href>background-055.xht</test-href>
          <reference-value>=</reference-value>
          <reference-href>reference/background-043-ref.xht</reference-href>
          <flags>
              <flag>Bitmaps</flag>
              </flags>
        </test><test>
          <test-title>Background with (repeat attachment color)</test-title>
          <test-href>background-056.xht</test-href>
          <reference-value>=</reference-value>
          <reference-href>reference/background-030-ref.xht</reference-href>
          
        </test><test>
          <test-title>Background with (repeat attachment position)</test-title>
          <test-href>background-058.xht</test-href>
          <reference-value>=</reference-value>
          <reference-href>reference/ref-nothing-below.xht</reference-href>
          
        </test><test>
          <test-title>Background with (repeat position color)</test-title>
          <test-href>background-059.xht</test-href>
          <reference-value>=</reference-value>
          <reference-href>reference/background-030-ref.xht</reference-href>
          
        </test><test>
          <test-title>Background with (repeat position image)</test-title>
          <test-href>background-060.xht</test-href>
          <reference-value>=</reference-value>
          <reference-href>reference/background-043-ref.xht</reference-href>
          <flags>
              <flag>Bitmaps</flag>
              </flags>
        </test><test>
          <test-title>Background with (repeat position attachment)</test-title>
          <test-href>background-061.xht</test-href>
          <reference-value>=</reference-value>
          <reference-href>reference/ref-nothing-below.xht</reference-href>
          
        </test><test>
          <test-title>Background with (attachment color repeat)</test-title>
          <test-href>background-063.xht</test-href>
          <reference-value>=</reference-value>
          <reference-href>reference/background-030-ref.xht</reference-href>
          
        </test><test>
          <test-title>Background with (attachment color position)</test-title>
          <test-href>background-064.xht</test-href>
          <reference-value>=</reference-value>
          <reference-href>reference/background-030-ref.xht</reference-href>
          
        </test><test>
          <test-title>Background with (attachment repeat color)</test-title>
          <test-href>background-068.xht</test-href>
          <reference-value>=</reference-value>
          <reference-href>reference/background-030-ref.xht</reference-href>
          
        </test><test>
          <test-title>Background with (attachment repeat position)</test-title>
          <test-href>background-070.xht</test-href>
          <reference-value>=</reference-value>
          <reference-href>reference/ref-nothing-below.xht</reference-href>
          
        </test><test>
          <test-title>Background with (attachment position color)</test-title>
          <test-href>background-071.xht</test-href>
          <reference-value>=</reference-value>
          <reference-href>reference/background-030-ref.xht</reference-href>
          
        </test><test>
          <test-title>Background with (attachment position repeat)</test-title>
          <test-href>background-073.xht</test-href>
          <reference-value>=</reference-value>
          <reference-href>reference/ref-nothing-below.xht</reference-href>
          
        </test><test>
          <test-title>Background with (position color repeat)</test-title>
          <test-href>background-075.xht</test-href>
          <reference-value>=</reference-value>
          <reference-href>reference/background-030-ref.xht</reference-href>
          
        </test><test>
          <test-title>Background with (position color attachment)</test-title>
          <test-href>background-076.xht</test-href>
          <reference-value>=</reference-value>
          <reference-href>reference/background-030-ref.xht</reference-href>
          
        </test><test>
          <test-title>Background with (position image repeat)</test-title>
          <test-href>background-078.xht</test-href>
          <reference-value>=</reference-value>
          <reference-href>reference/background-043-ref.xht</reference-href>
          <flags>
              <flag>Bitmaps</flag>
              </flags>
        </test><test>
          <test-title>Background with (position repeat color)</test-title>
          <test-href>background-080.xht</test-href>
          <reference-value>=</reference-value>
          <reference-href>reference/background-030-ref.xht</reference-href>
          
        </test><test>
          <test-title>Background with (position repeat image)</test-title>
          <test-href>background-081.xht</test-href>
          <reference-value>=</reference-value>
          <reference-href>reference/background-043-ref.xht</reference-href>
          <flags>
              <flag>Bitmaps</flag>
              </flags>
        </test><test>
          <test-title>Background with (position repeat attachment)</test-title>
          <test-href>background-082.xht</test-href>
          <reference-value>=</reference-value>
          <reference-href>reference/ref-nothing-below.xht</reference-href>
          
        </test><test>
          <test-title>Background with (position attachment color)</test-title>
          <test-href>background-083.xht</test-href>
          <reference-value>=</reference-value>
          <reference-href>reference/background-030-ref.xht</reference-href>
          
        </test><test>
          <test-title>Background with (position attachment repeat)</test-title>
          <test-href>background-085.xht</test-href>
          <reference-value>=</reference-value>
          <reference-href>reference/ref-nothing-below.xht</reference-href>
          
        </test><test>
          <test-title>Background with (color image repeat position)</test-title>
          <test-href>background-087.xht</test-href>
          <reference-value>=</reference-value>
          <reference-href>reference/background-087-ref.xht</reference-href>
          <flags>
              <flag>Bitmaps</flag>
              </flags>
        </test><test>
          <test-title>Background with (color image position repeat)</test-title>
          <test-href>background-090.xht</test-href>
          <reference-value>=</reference-value>
          <reference-href>reference/background-090-ref.xht</reference-href>
          <flags>
              <flag>Bitmaps</flag>
              </flags>
        </test><test>
          <test-title>Background with (color repeat image position)</test-title>
          <test-href>background-093.xht</test-href>
          <reference-value>=</reference-value>
          <reference-href>reference/background-090-ref.xht</reference-href>
          <flags>
              <flag>Bitmaps</flag>
              </flags>
        </test><test>
          <test-title>Background with (color repeat attachment position)</test-title>
          <test-href>background-095.xht</test-href>
          <reference-value>=</reference-value>
          <reference-href>reference/background-030-ref.xht</reference-href>
          
        </test><test>
          <test-title>Background with (color repeat position image)</test-title>
          <test-href>background-096.xht</test-href>
          <reference-value>=</reference-value>
          <reference-href>reference/background-090-ref.xht</reference-href>
          <flags>
              <flag>Bitmaps</flag>
              </flags>
        </test><test>
          <test-title>Background with (color repeat position attachment)</test-title>
          <test-href>background-097.xht</test-href>
          <reference-value>=</reference-value>
          <reference-href>reference/background-030-ref.xht</reference-href>
          
        </test><test>
          <test-title>Background with (color attachment repeat position)</test-title>
          <test-href>background-101.xht</test-href>
          <reference-value>=</reference-value>
          <reference-href>reference/background-030-ref.xht</reference-href>
          
        </test><test>
          <test-title>Background with (color attachment position repeat)</test-title>
          <test-href>background-103.xht</test-href>
          <reference-value>=</reference-value>
          <reference-href>reference/background-030-ref.xht</reference-href>
          
        </test><test>
          <test-title>Background with (color position image repeat)</test-title>
          <test-href>background-104.xht</test-href>
          <reference-value>=</reference-value>
          <reference-href>reference/background-090-ref.xht</reference-href>
          <flags>
              <flag>Bitmaps</flag>
              </flags>
        </test><test>
          <test-title>Background with (color position repeat image)</test-title>
          <test-href>background-106.xht</test-href>
          <reference-value>=</reference-value>
          <reference-href>reference/background-090-ref.xht</reference-href>
          <flags>
              <flag>Bitmaps</flag>
              </flags>
        </test><test>
          <test-title>Background with (color position repeat attachment)</test-title>
          <test-href>background-107.xht</test-href>
          <reference-value>=</reference-value>
          <reference-href>reference/background-030-ref.xht</reference-href>
          
        </test><test>
          <test-title>Background with (color position attachment repeat)</test-title>
          <test-href>background-109.xht</test-href>
          <reference-value>=</reference-value>
          <reference-href>reference/background-030-ref.xht</reference-href>
          
        </test><test>
          <test-title>Background with (image color repeat position)</test-title>
          <test-href>background-111.xht</test-href>
          <reference-value>=</reference-value>
          <reference-href>reference/background-090-ref.xht</reference-href>
          <flags>
              <flag>Bitmaps</flag>
              </flags>
        </test><test>
          <test-title>Background with (image color position repeat)</test-title>
          <test-href>background-114.xht</test-href>
          <reference-value>=</reference-value>
          <reference-href>reference/background-090-ref.xht</reference-href>
          <flags>
              <flag>Bitmaps</flag>
              </flags>
        </test><test>
          <test-title>Background with (image repeat color position)</test-title>
          <test-href>background-117.xht</test-href>
          <reference-value>=</reference-value>
          <reference-href>reference/background-090-ref.xht</reference-href>
          <flags>
              <flag>Bitmaps</flag>
              </flags>
        </test><test>
          <test-title>Background with (image repeat position color)</test-title>
          <test-href>background-120.xht</test-href>
          <reference-value>=</reference-value>
          <reference-href>reference/background-090-ref.xht</reference-href>
          <flags>
              <flag>Bitmaps</flag>
              </flags>
        </test><test>
          <test-title>Background with (image position color repeat)</test-title>
          <test-href>background-128.xht</test-href>
          <reference-value>=</reference-value>
          <reference-href>reference/background-090-ref.xht</reference-href>
          <flags>
              <flag>Bitmaps</flag>
              </flags>
        </test><test>
          <test-title>Background with (image position repeat color)</test-title>
          <test-href>background-130.xht</test-href>
          <reference-value>=</reference-value>
          <reference-href>reference/background-130-ref.xht</reference-href>
          <flags>
              <flag>Bitmaps</flag>
              </flags>
        </test><test>
          <test-title>Background with (repeat color image position)</test-title>
          <test-href>background-135.xht</test-href>
          <reference-value>=</reference-value>
          <reference-href>reference/background-090-ref.xht</reference-href>
          <flags>
              <flag>Bitmaps</flag>
              </flags>
        </test><test>
          <test-title>Background with (repeat color attachment position)</test-title>
          <test-href>background-137.xht</test-href>
          <reference-value>=</reference-value>
          <reference-href>reference/background-030-ref.xht</reference-href>
          
        </test><test>
          <test-title>Background with (repeat color position image)</test-title>
          <test-href>background-138.xht</test-href>
          <reference-value>=</reference-value>
          <reference-href>reference/background-090-ref.xht</reference-href>
          <flags>
              <flag>Bitmaps</flag>
              </flags>
        </test><test>
          <test-title>Background with (repeat color position attachment)</test-title>
          <test-href>background-139.xht</test-href>
          <reference-value>=</reference-value>
          <reference-href>reference/background-030-ref.xht</reference-href>
          
        </test><test>
          <test-title>Background with (repeat image color position)</test-title>
          <test-href>background-141.xht</test-href>
          <reference-value>=</reference-value>
          <reference-href>reference/background-090-ref.xht</reference-href>
          <flags>
              <flag>Bitmaps</flag>
              </flags>
        </test><test>
          <test-title>Background with (repeat image position color)</test-title>
          <test-href>background-144.xht</test-href>
          <reference-value>=</reference-value>
          <reference-href>reference/background-090-ref.xht</reference-href>
          <flags>
              <flag>Bitmaps</flag>
              </flags>
        </test><test>
          <test-title>Background with (repeat attachment color position)</test-title>
          <test-href>background-147.xht</test-href>
          <reference-value>=</reference-value>
          <reference-href>reference/background-030-ref.xht</reference-href>
          
        </test><test>
          <test-title>Background with (repeat attachment position color)</test-title>
          <test-href>background-150.xht</test-href>
          <reference-value>=</reference-value>
          <reference-href>reference/background-030-ref.xht</reference-href>
          
        </test><test>
          <test-title>Background with (repeat position color image)</test-title>
          <test-href>background-152.xht</test-href>
          <reference-value>=</reference-value>
          <reference-href>reference/background-090-ref.xht</reference-href>
          <flags>
              <flag>Bitmaps</flag>
              </flags>
        </test><test>
          <test-title>Background with (repeat position color attachment)</test-title>
          <test-href>background-153.xht</test-href>
          <reference-value>=</reference-value>
          <reference-href>reference/background-030-ref.xht</reference-href>
          
        </test><test>
          <test-title>Background with (repeat position image color)</test-title>
          <test-href>background-154.xht</test-href>
          <reference-value>=</reference-value>
          <reference-href>reference/background-090-ref.xht</reference-href>
          <flags>
              <flag>Bitmaps</flag>
              </flags>
        </test><test>
          <test-title>Background with (repeat position attachment color)</test-title>
          <test-href>background-156.xht</test-href>
          <reference-value>=</reference-value>
          <reference-href>reference/background-030-ref.xht</reference-href>
          
        </test><test>
          <test-title>Background with (attachment color repeat position)</test-title>
          <test-href>background-161.xht</test-href>
          <reference-value>=</reference-value>
          <reference-href>reference/background-030-ref.xht</reference-href>
          
        </test><test>
          <test-title>Background with (attachment color position repeat)</test-title>
          <test-href>background-163.xht</test-href>
          <reference-value>=</reference-value>
          <reference-href>reference/background-030-ref.xht</reference-href>
          
        </test><test>
          <test-title>Background with (attachment repeat color position)</test-title>
          <test-href>background-171.xht</test-href>
          <reference-value>=</reference-value>
          <reference-href>reference/background-030-ref.xht</reference-href>
          
        </test><test>
          <test-title>Background with (attachment repeat position color)</test-title>
          <test-href>background-174.xht</test-href>
          <reference-value>=</reference-value>
          <reference-href>reference/background-030-ref.xht</reference-href>
          
        </test><test>
          <test-title>Background with (attachment position color repeat)</test-title>
          <test-href>background-177.xht</test-href>
          <reference-value>=</reference-value>
          <reference-href>reference/background-030-ref.xht</reference-href>
          
        </test><test>
          <test-title>Background with (attachment position repeat color)</test-title>
          <test-href>background-180.xht</test-href>
          <reference-value>=</reference-value>
          <reference-href>reference/background-030-ref.xht</reference-href>
          
        </test><test>
          <test-title>Background with (position color image repeat)</test-title>
          <test-href>background-182.xht</test-href>
          <reference-value>=</reference-value>
          <reference-href>reference/background-087-ref.xht</reference-href>
          <flags>
              <flag>Bitmaps</flag>
              </flags>
        </test><test>
          <test-title>Background with (position color repeat image)</test-title>
          <test-href>background-184.xht</test-href>
          <reference-value>=</reference-value>
          <reference-href>reference/background-090-ref.xht</reference-href>
          <flags>
              <flag>Bitmaps</flag>
              </flags>
        </test><test>
          <test-title>Background with (position color repeat attachment)</test-title>
          <test-href>background-185.xht</test-href>
          <reference-value>=</reference-value>
          <reference-href>reference/background-030-ref.xht</reference-href>
          
        </test><test>
          <test-title>Background with (position color attachment repeat)</test-title>
          <test-href>background-187.xht</test-href>
          <reference-value>=</reference-value>
          <reference-href>reference/background-030-ref.xht</reference-href>
          
        </test><test>
          <test-title>Background with (position image color repeat)</test-title>
          <test-href>background-188.xht</test-href>
          <reference-value>=</reference-value>
          <reference-href>reference/background-090-ref.xht</reference-href>
          <flags>
              <flag>Bitmaps</flag>
              </flags>
        </test><test>
          <test-title>Background with (position image repeat color)</test-title>
          <test-href>background-190.xht</test-href>
          <reference-value>=</reference-value>
          <reference-href>reference/background-090-ref.xht</reference-href>
          <flags>
              <flag>Bitmaps</flag>
              </flags>
        </test><test>
          <test-title>Background with (position repeat color image)</test-title>
          <test-href>background-194.xht</test-href>
          <reference-value>=</reference-value>
          <reference-href>reference/background-090-ref.xht</reference-href>
          <flags>
              <flag>Bitmaps</flag>
              </flags>
        </test><test>
          <test-title>Background with (position repeat color attachment)</test-title>
          <test-href>background-195.xht</test-href>
          <reference-value>=</reference-value>
          <reference-href>reference/background-030-ref.xht</reference-href>
          
        </test><test>
          <test-title>Background with (position repeat image color)</test-title>
          <test-href>background-196.xht</test-href>
          <reference-value>=</reference-value>
          <reference-href>reference/background-090-ref.xht</reference-href>
          <flags>
              <flag>Bitmaps</flag>
              </flags>
        </test><test>
          <test-title>Background with (position repeat attachment color)</test-title>
          <test-href>background-198.xht</test-href>
          <reference-value>=</reference-value>
          <reference-href>reference/background-030-ref.xht</reference-href>
          
        </test><test>
          <test-title>Background with (position attachment color repeat)</test-title>
          <test-href>background-201.xht</test-href>
          <reference-value>=</reference-value>
          <reference-href>reference/background-030-ref.xht</reference-href>
          
        </test><test>
          <test-title>Background with (position attachment repeat color)</test-title>
          <test-href>background-204.xht</test-href>
          <reference-value>=</reference-value>
          <reference-href>reference/background-030-ref.xht</reference-href>
          
        </test><test>
          <test-title>Background with inherit inheriting one value</test-title>
          <test-href>background-326.xht</test-href>
          <reference-value>=</reference-value>
          <reference-href>reference/background-326-ref.xht</reference-href>
          
        </test><test>
          <test-title>Background with inherit inheriting two values</test-title>
          <test-href>background-327.xht</test-href>
          <reference-value>=</reference-value>
          <reference-href>reference/background-326-ref.xht</reference-href>
          <flags>
              <flag>Bitmaps</flag>
              </flags>
        </test><test>
          <test-title>Background with inherit inheriting three values</test-title>
          <test-href>background-328.xht</test-href>
          <reference-value>=</reference-value>
          <reference-href>reference/background-328-ref.xht</reference-href>
          <flags>
              <flag>Bitmaps</flag>
              </flags>
        </test><test>
          <test-title>Background with inherit inheriting four values</test-title>
          <test-href>background-329.xht</test-href>
          <reference-value>=</reference-value>
          <reference-href>reference/background-329-ref.xht</reference-href>
          <flags>
              <flag>Bitmaps</flag>
              </flags>
        </test><test>
          <test-title>Background applied to elements with 'display' set to 'table-row-group'</test-title>
          <test-href>background-applies-to-001.xht</test-href>
          <reference-value>=</reference-value>
          <reference-href>reference/ref-filled-black-96px-square.xht</reference-href>
          
        </test><test>
          <test-title>Background applied to elements with 'display' set to 'table-header-group'</test-title>
          <test-href>background-applies-to-002.xht</test-href>
          <reference-value>=</reference-value>
          <reference-href>reference/ref-filled-black-96px-square.xht</reference-href>
          
        </test><test>
          <test-title>Background applied to elements with 'display' set to 'table-footer-group'</test-title>
          <test-href>background-applies-to-003.xht</test-href>
          <reference-value>=</reference-value>
          <reference-href>reference/ref-filled-black-96px-square.xht</reference-href>
          
        </test><test>
          <test-title>Background applied to elements with 'display' set to 'table-row'</test-title>
          <test-href>background-applies-to-004.xht</test-href>
          <reference-value>=</reference-value>
          <reference-href>reference/ref-filled-black-96px-square.xht</reference-href>
          
        </test><test>
          <test-title>Background applied to elements with 'display' set to 'table-column-group'</test-title>
          <test-href>background-applies-to-005.xht</test-href>
          <reference-value>=</reference-value>
          <reference-href>reference/ref-filled-black-96px-square.xht</reference-href>
          
        </test><test>
          <test-title>Background applied to elements with 'display' set to 'table-column'</test-title>
          <test-href>background-applies-to-006.xht</test-href>
          <reference-value>=</reference-value>
          <reference-href>reference/ref-filled-black-96px-square.xht</reference-href>
          
        </test><test>
          <test-title>Background applied to elements with 'display' set to 'table-cell'</test-title>
          <test-href>background-applies-to-007.xht</test-href>
          <reference-value>=</reference-value>
          <reference-href>reference/ref-filled-black-96px-square.xht</reference-href>
          
        </test><test>
          <test-title>Background applied to elements with 'display' set to 'block'</test-title>
          <test-href>background-applies-to-009.xht</test-href>
          <reference-value>=</reference-value>
          <reference-href>reference/ref-filled-black-96px-square.xht</reference-href>
          
        </test><test>
          <test-title>Background applied to elements with 'display' set to 'inline-block'</test-title>
          <test-href>background-applies-to-012.xht</test-href>
          <reference-value>=</reference-value>
          <reference-href>reference/ref-filled-black-96px-square.xht</reference-href>
          
        </test><test>
          <test-title>Background applied to elements with 'display' set to 'table'</test-title>
          <test-href>background-applies-to-013.xht</test-href>
          <reference-value>=</reference-value>
          <reference-href>reference/ref-filled-black-96px-square.xht</reference-href>
          
        </test><test>
          <test-title>Background applied to elements with 'display' set to 'inline-table'</test-title>
          <test-href>background-applies-to-014.xht</test-href>
          <reference-value>=</reference-value>
          <reference-href>reference/ref-filled-black-96px-square.xht</reference-href>
          
        </test><test>
          <test-title>Background applied to elements with 'display' set to 'table-caption'</test-title>
          <test-href>background-applies-to-015.xht</test-href>
          <reference-value>=</reference-value>
          <reference-href>reference/ref-filled-black-96px-square.xht</reference-href>
          
        </test><test>
          <test-title>Background Positioning Test</test-title>
          <test-href>background-attachment-009.xht</test-href>
          <reference-value>=</reference-value>
          <reference-href>reference/background-attachment-009-ref.xht</reference-href>
          
        </test><test>
          <test-title>Background-attachment applied to elements with 'display' set to 'table-row-group'</test-title>
          <test-href>background-attachment-applies-to-001.xht</test-href>
          <reference-value>=</reference-value>
          <reference-href>reference/background-attachment-applies-to-001-ref.xht</reference-href>
          <flags>
              <flag>Bitmaps</flag>
              </flags>
        </test><test>
          <test-title>Background-attachment applied to elements with 'display' set to 'table-header-group'</test-title>
          <test-href>background-attachment-applies-to-002.xht</test-href>
          <reference-value>=</reference-value>
          <reference-href>reference/background-attachment-applies-to-001-ref.xht</reference-href>
          <flags>
              <flag>Bitmaps</flag>
              </flags>
        </test><test>
          <test-title>Background-attachment applied to elements with 'display' set to 'table-footer-group'</test-title>
          <test-href>background-attachment-applies-to-003.xht</test-href>
          <reference-value>=</reference-value>
          <reference-href>reference/background-attachment-applies-to-001-ref.xht</reference-href>
          <flags>
              <flag>Bitmaps</flag>
              </flags>
        </test><test>
          <test-title>Background-attachment applied to elements with 'display' set to 'table-row'</test-title>
          <test-href>background-attachment-applies-to-004.xht</test-href>
          <reference-value>=</reference-value>
          <reference-href>reference/background-attachment-applies-to-001-ref.xht</reference-href>
          <flags>
              <flag>Bitmaps</flag>
              </flags>
        </test><test>
          <test-title>Background-attachment applied to elements with 'display' set to 'table-column-group'</test-title>
          <test-href>background-attachment-applies-to-005.xht</test-href>
          <reference-value>=</reference-value>
          <reference-href>reference/background-attachment-applies-to-001-ref.xht</reference-href>
          <flags>
              <flag>Bitmaps</flag>
              </flags>
        </test><test>
          <test-title>Background-attachment applied to elements with 'display' set to 'table-column'</test-title>
          <test-href>background-attachment-applies-to-006.xht</test-href>
          <reference-value>=</reference-value>
          <reference-href>reference/background-attachment-applies-to-001-ref.xht</reference-href>
          <flags>
              <flag>Bitmaps</flag>
              </flags>
        </test><test>
          <test-title>Background-attachment applied to elements with 'display' set to 'table-cell'</test-title>
          <test-href>background-attachment-applies-to-007.xht</test-href>
          <reference-value>=</reference-value>
          <reference-href>reference/background-attachment-applies-to-001-ref.xht</reference-href>
          <flags>
              <flag>Bitmaps</flag>
              </flags>
        </test><test>
          <test-title>Background-attachment applied to elements with 'display' set to 'block'</test-title>
          <test-href>background-attachment-applies-to-009.xht</test-href>
          <reference-value>=</reference-value>
          <reference-href>reference/background-attachment-applies-to-001-ref.xht</reference-href>
          <flags>
              <flag>Bitmaps</flag>
              </flags>
        </test><test>
          <test-title>Background-attachment applied to elements with 'display' set to 'inline-block'</test-title>
          <test-href>background-attachment-applies-to-012.xht</test-href>
          <reference-value>=</reference-value>
          <reference-href>reference/background-attachment-applies-to-001-ref.xht</reference-href>
          <flags>
              <flag>Bitmaps</flag>
              </flags>
        </test><test>
          <test-title>Background-attachment applied to elements with 'display' set to 'table'</test-title>
          <test-href>background-attachment-applies-to-013.xht</test-href>
          <reference-value>=</reference-value>
          <reference-href>reference/background-attachment-applies-to-001-ref.xht</reference-href>
          <flags>
              <flag>Bitmaps</flag>
              </flags>
        </test><test>
          <test-title>Background-attachment applied to elements with 'display' set to 'inline-table'</test-title>
          <test-href>background-attachment-applies-to-014.xht</test-href>
          <reference-value>=</reference-value>
          <reference-href>reference/background-attachment-applies-to-001-ref.xht</reference-href>
          <flags>
              <flag>Bitmaps</flag>
              </flags>
        </test><test>
          <test-title>Background-attachment applied to elements with 'display' set to 'table-caption'</test-title>
          <test-href>background-attachment-applies-to-015.xht</test-href>
          <reference-value>=</reference-value>
          <reference-href>reference/background-attachment-applies-to-001-ref.xht</reference-href>
          <flags>
              <flag>Bitmaps</flag>
              </flags>
        </test><test>
          <test-title>Background Position: bottom right and the viewport</test-title>
          <test-href>background-bg-pos-204.xht</test-href>
          <reference-value>=</reference-value>
          <reference-href>reference/background-bg-pos-204-ref.xht</reference-href>
          
        </test><test>
          <test-title>Background Position: bottom right and the viewport (fixed)</test-title>
          <test-href>background-bg-pos-206.xht</test-href>
          <reference-value>=</reference-value>
          <reference-href>reference/background-bg-pos-204-ref.xht</reference-href>
          
        </test><test>
          <test-title>Background Position: bottom right and the viewport</test-title>
          <test-href>background-bg-pos-208.xht</test-href>
          <reference-value>=</reference-value>
          <reference-href>reference/background-bg-pos-208-ref.xht</reference-href>
          
        </test><test>
          <test-title>Background-color set to hex with 5 digits which is invalid</test-title>
          <test-href>background-color-001.xht</test-href>
          <reference-value>=</reference-value>
          <reference-href>reference/background-color-001-ref.xht</reference-href>
          <flags>
              <flag>Invalid</flag>
              </flags>
        </test><test>
          <test-title>Background-color set to hex with 6 digits with the minimum value, #000000</test-title>
          <test-href>background-color-002.xht</test-href>
          <reference-value>=</reference-value>
          <reference-href>reference/background-color-002-ref.xht</reference-href>
          <flags>
              <flag>Bitmaps</flag>
              </flags>
        </test><test>
          <test-title>Background-color set to hex with 6 digits with the minimum plus one value, #010101</test-title>
          <test-href>background-color-003.xht</test-href>
          <reference-value>=</reference-value>
          <reference-href>reference/background-color-003-ref.xht</reference-href>
          <flags>
              <flag>Bitmaps</flag>
              </flags>
        </test><test>
          <test-title>Background-color set to hex with 6 digits with a nominal value #999999</test-title>
          <test-href>background-color-004.xht</test-href>
          <reference-value>=</reference-value>
          <reference-href>reference/background-color-004-ref.xht</reference-href>
          <flags>
              <flag>Bitmaps</flag>
              </flags>
        </test><test>
          <test-title>Background-color set to hex with 6 digits with the maximum minus one value of #fefefe</test-title>
          <test-href>background-color-005.xht</test-href>
          <reference-value>=</reference-value>
          <reference-href>reference/background-color-005-ref.xht</reference-href>
          <flags>
              <flag>Bitmaps</flag>
              </flags>
        </test><test>
          <test-title>Background-color set to hex with 6 digits with the maximum value of #ffffff</test-title>
          <test-href>background-color-006.xht</test-href>
          <reference-value>=</reference-value>
          <reference-href>reference/background-color-006-ref.xht</reference-href>
          <flags>
              <flag>Bitmaps</flag>
              </flags>
        </test><test>
          <test-title>Background-color set to hex with 6 digits with the maximum plus one value of #1000000 which is invalid</test-title>
          <test-href>background-color-007.xht</test-href>
          <reference-value>=</reference-value>
          <reference-href>reference/background-color-001-ref.xht</reference-href>
          <flags>
              <flag>Invalid</flag>
              </flags>
        </test><test>
          <test-title>Background-color set to hex with 6 digits with the maximum plus one value of #fgfgfg which is invalid</test-title>
          <test-href>background-color-008.xht</test-href>
          <reference-value>=</reference-value>
          <reference-href>reference/background-color-001-ref.xht</reference-href>
          <flags>
              <flag>Invalid</flag>
              </flags>
        </test><test>
          <test-title>Background-color set to hex with 6 digits with a red set to minimum plus one value, #010000</test-title>
          <test-href>background-color-009.xht</test-href>
          <reference-value>=</reference-value>
          <reference-href>reference/background-color-009-ref.xht</reference-href>
          <flags>
              <flag>Bitmaps</flag>
              </flags>
        </test><test>
          <test-title>Background-color set to hex with 6 digits with a red set to a nominal value, #990000</test-title>
          <test-href>background-color-010.xht</test-href>
          <reference-value>=</reference-value>
          <reference-href>reference/background-color-010-ref.xht</reference-href>
          <flags>
              <flag>Bitmaps</flag>
              </flags>
        </test><test>
          <test-title>Background-color set to hex with 6 digits with a red set to maximum minus one value, #fe0000</test-title>
          <test-href>background-color-011.xht</test-href>
          <reference-value>=</reference-value>
          <reference-href>reference/background-color-011-ref.xht</reference-href>
          <flags>
              <flag>Bitmaps</flag>
              </flags>
        </test><test>
          <test-title>Background-color set to hex with 6 digits with a red set to the maximum value, #ff0000</test-title>
          <test-href>background-color-012.xht</test-href>
          <reference-value>=</reference-value>
          <reference-href>reference/background-color-012-ref.xht</reference-href>
          <flags>
              <flag>Bitmaps</flag>
              </flags>
        </test><test>
          <test-title>Background-color set to hex with 6 digits with a red set to the maximum plus one value of #fg0000 which is invalid</test-title>
          <test-href>background-color-013.xht</test-href>
          <reference-value>=</reference-value>
          <reference-href>reference/background-color-013-ref.xht</reference-href>
          <flags>
              <flag>Invalid</flag>
              </flags>
        </test><test>
          <test-title>Background-color set to hex with 6 digits with a green set to minimum plus one value, #000100</test-title>
          <test-href>background-color-014.xht</test-href>
          <reference-value>=</reference-value>
          <reference-href>reference/background-color-014-ref.xht</reference-href>
          <flags>
              <flag>Bitmaps</flag>
              </flags>
        </test><test>
          <test-title>Background-color set to hex with 6 digits with a green set to a nominal value, #009900</test-title>
          <test-href>background-color-015.xht</test-href>
          <reference-value>=</reference-value>
          <reference-href>reference/background-color-015-ref.xht</reference-href>
          <flags>
              <flag>Bitmaps</flag>
              </flags>
        </test><test>
          <test-title>Background-color set to hex with 6 digits with a green set to maximum minus one value, #00fe00</test-title>
          <test-href>background-color-016.xht</test-href>
          <reference-value>=</reference-value>
          <reference-href>reference/background-color-016-ref.xht</reference-href>
          <flags>
              <flag>Bitmaps</flag>
              </flags>
        </test><test>
          <test-title>Background-color set to hex with 6 digits with a green set to the maximum value, #00ff00</test-title>
          <test-href>background-color-017.xht</test-href>
          <reference-value>=</reference-value>
          <reference-href>reference/background-color-017-ref.xht</reference-href>
          <flags>
              <flag>Bitmaps</flag>
              </flags>
        </test><test>
          <test-title>Background-color set to hex with 6 digits with a green set to the maximum plus one value of #00fg00 is invalid</test-title>
          <test-href>background-color-018.xht</test-href>
          <reference-value>=</reference-value>
          <reference-href>reference/background-color-013-ref.xht</reference-href>
          <flags>
              <flag>Invalid</flag>
              </flags>
        </test><test>
          <test-title>Background-color set to hex with 6 digits with a blue set to minimum plus one value, #000001</test-title>
          <test-href>background-color-019.xht</test-href>
          <reference-value>=</reference-value>
          <reference-href>reference/background-color-019-ref.xht</reference-href>
          <flags>
              <flag>Bitmaps</flag>
              </flags>
        </test><test>
          <test-title>Background-color set to hex with 6 digits with a blue set to a nominal value, #000099</test-title>
          <test-href>background-color-020.xht</test-href>
          <reference-value>=</reference-value>
          <reference-href>reference/background-color-020-ref.xht</reference-href>
          <flags>
              <flag>Bitmaps</flag>
              </flags>
        </test><test>
          <test-title>Background-color set to hex with 6 digits with a blue set to maximum minus one value, #0000fe</test-title>
          <test-href>background-color-021.xht</test-href>
          <reference-value>=</reference-value>
          <reference-href>reference/background-color-021-ref.xht</reference-href>
          <flags>
              <flag>Bitmaps</flag>
              </flags>
        </test><test>
          <test-title>Background-color set to hex with 6 digits with a blue set to the maximum value, #0000ff</test-title>
          <test-href>background-color-022.xht</test-href>
          <reference-value>=</reference-value>
          <reference-href>reference/background-color-022-ref.xht</reference-href>
          <flags>
              <flag>Bitmaps</flag>
              </flags>
        </test><test>
          <test-title>Background-color set to hex with 6 digits with a blue set to the maximum plus one value of #0000fg is invalid</test-title>
          <test-href>background-color-023.xht</test-href>
          <reference-value>=</reference-value>
          <reference-href>reference/background-color-013-ref.xht</reference-href>
          <flags>
              <flag>Invalid</flag>
              </flags>
        </test><test>
          <test-title>Background-color set to hex with 2 digits which is invalid</test-title>
          <test-href>background-color-024.xht</test-href>
          <reference-value>=</reference-value>
          <reference-href>reference/background-color-001-ref.xht</reference-href>
          <flags>
              <flag>Invalid</flag>
              </flags>
        </test><test>
          <test-title>Background-color set to hex with 3 digits with the minimum possible value #000</test-title>
          <test-href>background-color-025.xht</test-href>
          <reference-value>=</reference-value>
          <reference-href>reference/background-color-025-ref.xht</reference-href>
          <flags>
              <flag>Bitmaps</flag>
              </flags>
        </test><test>
          <test-title>Background-color set to hex with 3 digits with the minimum plus one value, #111</test-title>
          <test-href>background-color-026.xht</test-href>
          <reference-value>=</reference-value>
          <reference-href>reference/background-color-026-ref.xht</reference-href>
          <flags>
              <flag>Bitmaps</flag>
              </flags>
        </test><test>
          <test-title>Background-color set to hex with 3 digits with a nominal value #999</test-title>
          <test-href>background-color-027.xht</test-href>
          <reference-value>=</reference-value>
          <reference-href>reference/background-color-027-ref.xht</reference-href>
          <flags>
              <flag>Bitmaps</flag>
              </flags>
        </test><test>
          <test-title>Background-color set to hex with 3 digits with the maximum minus one value of #eee</test-title>
          <test-href>background-color-028.xht</test-href>
          <reference-value>=</reference-value>
          <reference-href>reference/background-color-028-ref.xht</reference-href>
          <flags>
              <flag>Bitmaps</flag>
              </flags>
        </test><test>
          <test-title>Background-color set to hex with 3 digits with the maximum value of #fff</test-title>
          <test-href>background-color-029.xht</test-href>
          <reference-value>=</reference-value>
          <reference-href>reference/background-color-029-ref.xht</reference-href>
          <flags>
              <flag>Bitmaps</flag>
              </flags>
        </test><test>
          <test-title>Background-color set to hex with 3 digits with the maximum plus one value of #1000 which is invalid</test-title>
          <test-href>background-color-030.xht</test-href>
          <reference-value>=</reference-value>
          <reference-href>reference/background-color-001-ref.xht</reference-href>
          <flags>
              <flag>Invalid</flag>
              </flags>
        </test><test>
          <test-title>Background-color set to hex with 3 digits with the maximum plus one value of #ggg which is invalid</test-title>
          <test-href>background-color-031.xht</test-href>
          <reference-value>=</reference-value>
          <reference-href>reference/background-color-001-ref.xht</reference-href>
          <flags>
              <flag>Invalid</flag>
              </flags>
        </test><test>
          <test-title>Background-color set to hex with 3 digits with a red set to minimum plus one value, #100</test-title>
          <test-href>background-color-032.xht</test-href>
          <reference-value>=</reference-value>
          <reference-href>reference/background-color-032-ref.xht</reference-href>
          <flags>
              <flag>Bitmaps</flag>
              </flags>
        </test><test>
          <test-title>Background-color set to hex with 3 digits with a red set to a nominal value, #900</test-title>
          <test-href>background-color-033.xht</test-href>
          <reference-value>=</reference-value>
          <reference-href>reference/background-color-033-ref.xht</reference-href>
          <flags>
              <flag>Bitmaps</flag>
              </flags>
        </test><test>
          <test-title>Background-color set to hex with 3 digits with a red set to maximum minus one value, #e00</test-title>
          <test-href>background-color-034.xht</test-href>
          <reference-value>=</reference-value>
          <reference-href>reference/background-color-034-ref.xht</reference-href>
          <flags>
              <flag>Bitmaps</flag>
              </flags>
        </test><test>
          <test-title>Background-color set to hex with 3 digits with a red set to the maximum value, #f00</test-title>
          <test-href>background-color-035.xht</test-href>
          <reference-value>=</reference-value>
          <reference-href>reference/background-color-035-ref.xht</reference-href>
          <flags>
              <flag>Bitmaps</flag>
              </flags>
        </test><test>
          <test-title>Background-color set to hex with 3 digits with a red set to the maximum plus one value of #g00 is invalid</test-title>
          <test-href>background-color-036.xht</test-href>
          <reference-value>=</reference-value>
          <reference-href>reference/background-color-013-ref.xht</reference-href>
          <flags>
              <flag>Invalid</flag>
              </flags>
        </test><test>
          <test-title>Background-color set to hex with 3 digits with a green set to minimum plus one value, #010</test-title>
          <test-href>background-color-037.xht</test-href>
          <reference-value>=</reference-value>
          <reference-href>reference/background-color-037-ref.xht</reference-href>
          <flags>
              <flag>Bitmaps</flag>
              </flags>
        </test><test>
          <test-title>Background-color set to hex with 3 digits with a green set to a nominal value, #090</test-title>
          <test-href>background-color-038.xht</test-href>
          <reference-value>=</reference-value>
          <reference-href>reference/background-color-038-ref.xht</reference-href>
          <flags>
              <flag>Bitmaps</flag>
              </flags>
        </test><test>
          <test-title>Background-color set to hex with 3 digits with a green set to maximum minus one value, #0e0</test-title>
          <test-href>background-color-039.xht</test-href>
          <reference-value>=</reference-value>
          <reference-href>reference/background-color-039-ref.xht</reference-href>
          <flags>
              <flag>Bitmaps</flag>
              </flags>
        </test><test>
          <test-title>Background-color set to hex with 3 digits with a green set to the maximum value, #0f0</test-title>
          <test-href>background-color-040.xht</test-href>
          <reference-value>=</reference-value>
          <reference-href>reference/background-color-040-ref.xht</reference-href>
          <flags>
              <flag>Bitmaps</flag>
              </flags>
        </test><test>
          <test-title>Background-color set to hex with 3 digits with a green set to the maximum plus one value, #0g0</test-title>
          <test-href>background-color-041.xht</test-href>
          <reference-value>=</reference-value>
          <reference-href>reference/background-color-041-ref.xht</reference-href>
          <flags>
              <flag>Invalid</flag>
              </flags>
        </test><test>
          <test-title>Background-color set to hex with 3 digits with a blue set to minimum plus one value, #001</test-title>
          <test-href>background-color-042.xht</test-href>
          <reference-value>=</reference-value>
          <reference-href>reference/background-color-042-ref.xht</reference-href>
          <flags>
              <flag>Bitmaps</flag>
              </flags>
        </test><test>
          <test-title>Background-color set to hex with 3 digits with a blue set to a nominal value, #009</test-title>
          <test-href>background-color-043.xht</test-href>
          <reference-value>=</reference-value>
          <reference-href>reference/background-color-043-ref.xht</reference-href>
          <flags>
              <flag>Bitmaps</flag>
              </flags>
        </test><test>
          <test-title>Background-color set to hex with 3 digits with a blue set to maximum minus one value, #00e</test-title>
          <test-href>background-color-044.xht</test-href>
          <reference-value>=</reference-value>
          <reference-href>reference/background-color-044-ref.xht</reference-href>
          <flags>
              <flag>Bitmaps</flag>
              </flags>
        </test><test>
          <test-title>Background-color set to hex with 3 digits with a blue set to the maximum value, #00f</test-title>
          <test-href>background-color-045.xht</test-href>
          <reference-value>=</reference-value>
          <reference-href>reference/background-color-045-ref.xht</reference-href>
          <flags>
              <flag>Bitmaps</flag>
              </flags>
        </test><test>
          <test-title>Background-color set to hex with 3 digits with a blue set to the maximum plus one value of #00g is invalid</test-title>
          <test-href>background-color-046.xht</test-href>
          <reference-value>=</reference-value>
          <reference-href>reference/background-color-001-ref.xht</reference-href>
          <flags>
              <flag>Invalid</flag>
              </flags>
        </test><test>
          <test-title>Background-color set to rgb() using percentages with the minimum minus one value, rgb(-1%, -1%, -1%)</test-title>
          <test-href>background-color-047.xht</test-href>
          <reference-value>=</reference-value>
          <reference-href>reference/background-color-002-ref.xht</reference-href>
          <flags>
              <flag>Bitmaps</flag><flag>Invalid</flag>
              </flags>
        </test><test>
          <test-title>Background-color set to rgb() using percentages with the minimum value, rgb(0%, 0%, 0%)</test-title>
          <test-href>background-color-048.xht</test-href>
          <reference-value>=</reference-value>
          <reference-href>reference/background-color-002-ref.xht</reference-href>
          <flags>
              <flag>Bitmaps</flag>
              </flags>
        </test><test>
          <test-title>Background-color set to rgb() using percentages with the minimum plus one value, rgb(1%, 1%, 1%)</test-title>
          <test-href>background-color-049.xht</test-href>
          <reference-value>=</reference-value>
          <reference-href>reference/background-color-049-020202-ref.xht</reference-href>
          <flags>
              <flag>Ahem</flag>
              </flags>
        </test><test>
          <test-title>Background-color set to rgb() using percentages with the minimum value and minus sign, rgb(-0%, -0%, -0%)</test-title>
          <test-href>background-color-050.xht</test-href>
          <reference-value>=</reference-value>
          <reference-href>reference/background-color-002-ref.xht</reference-href>
          <flags>
              <flag>Bitmaps</flag>
              </flags>
        </test><test>
          <test-title>Background-color set to rgb() using percentages with the minimum value and plus sign, rgb(+0%, +0%, +0%)</test-title>
          <test-href>background-color-051.xht</test-href>
          <reference-value>=</reference-value>
          <reference-href>reference/background-color-002-ref.xht</reference-href>
          <flags>
              <flag>Bitmaps</flag>
              </flags>
        </test><test>
          <test-title>Background-color set to rgb() using percentages with a nominal value, rgb(40%, 40%, 40%)</test-title>
          <test-href>background-color-052.xht</test-href>
          <reference-value>=</reference-value>
          <reference-href>reference/background-color-052-ref.xht</reference-href>
          <flags>
              <flag>Ahem</flag>
              </flags>
        </test><test>
          <test-title>Background-color set to rgb() using percentages with a nominal value and a plus sign, rgb(+40%, +40%, +40%)</test-title>
          <test-href>background-color-053.xht</test-href>
          <reference-value>=</reference-value>
          <reference-href>reference/background-color-052-ref.xht</reference-href>
          <flags>
              <flag>Ahem</flag>
              </flags>
        </test><test>
          <test-title>Background-color set to rgb() using percentages with a maximum minus one value, rgb(99%, 99%, 99%)</test-title>
          <test-href>background-color-054.xht</test-href>
          <reference-value>=</reference-value>
          <reference-href>reference/background-color-054-fcfcfc-ref.xht</reference-href>
          <flags>
              <flag>Ahem</flag>
              </flags>
        </test><test>
          <test-title>Background-color set to rgb() using percentages with a maximum value, rgb(100%, 100%, 100%)</test-title>
          <test-href>background-color-055.xht</test-href>
          <reference-value>=</reference-value>
          <reference-href>reference/background-color-006-ref.xht</reference-href>
          <flags>
              <flag>Bitmaps</flag>
              </flags>
        </test><test>
          <test-title>Background-color set to rgb() using percentages with plus sign on each maximum value, rgb(+100%, +100%, +100%)</test-title>
          <test-href>background-color-056.xht</test-href>
          <reference-value>=</reference-value>
          <reference-href>reference/background-color-006-ref.xht</reference-href>
          <flags>
              <flag>Bitmaps</flag>
              </flags>
        </test><test>
          <test-title>Background-color set to rgb() using percentages with a maximum plus one value, rgb(101%, 101%, 101%)</test-title>
          <test-href>background-color-057.xht</test-href>
          <reference-value>=</reference-value>
          <reference-href>reference/background-color-006-ref.xht</reference-href>
          <flags>
              <flag>Bitmaps</flag><flag>Invalid</flag>
              </flags>
        </test><test>
          <test-title>Background-color set to rgb() using integers with the minimum minus one value, rgb(-1, -1, -1)</test-title>
          <test-href>background-color-058.xht</test-href>
          <reference-value>=</reference-value>
          <reference-href>reference/background-color-002-ref.xht</reference-href>
          <flags>
              <flag>Bitmaps</flag><flag>Invalid</flag>
              </flags>
        </test><test>
          <test-title>Background-color set to rgb() using integers with the minimum value, rgb(0, 0, 0)</test-title>
          <test-href>background-color-059.xht</test-href>
          <reference-value>=</reference-value>
          <reference-href>reference/background-color-002-ref.xht</reference-href>
          <flags>
              <flag>Bitmaps</flag>
              </flags>
        </test><test>
          <test-title>Background-color set to rgb() using integers with the minimum plus one value, rgb(1, 1, 1)</test-title>
          <test-href>background-color-060.xht</test-href>
          <reference-value>=</reference-value>
          <reference-href>reference/background-color-003-ref.xht</reference-href>
          <flags>
              <flag>Bitmaps</flag>
              </flags>
        </test><test>
          <test-title>Background-color set to rgb() using integers with the minimum value and minus sign, rgb(-0, -0, -0)</test-title>
          <test-href>background-color-061.xht</test-href>
          <reference-value>=</reference-value>
          <reference-href>reference/background-color-002-ref.xht</reference-href>
          <flags>
              <flag>Bitmaps</flag>
              </flags>
        </test><test>
          <test-title>Background-color set to rgb() using integers with the minimum value and plus sign, rgb(+0, +0, +0)</test-title>
          <test-href>background-color-062.xht</test-href>
          <reference-value>=</reference-value>
          <reference-href>reference/background-color-002-ref.xht</reference-href>
          <flags>
              <flag>Bitmaps</flag>
              </flags>
        </test><test>
          <test-title>Background-color set to rgb() using integers with a nominal value, rgb(128, 128, 128)</test-title>
          <test-href>background-color-063.xht</test-href>
          <reference-value>=</reference-value>
          <reference-href>reference/background-color-063-ref.xht</reference-href>
          <flags>
              <flag>Bitmaps</flag>
              </flags>
        </test><test>
          <test-title>Background-color set to rgb() using integers with a nominal value and a plus sign, rgb(+128, +128, +128)</test-title>
          <test-href>background-color-064.xht</test-href>
          <reference-value>=</reference-value>
          <reference-href>reference/background-color-063-ref.xht</reference-href>
          <flags>
              <flag>Bitmaps</flag>
              </flags>
        </test><test>
          <test-title>Background-color set to rgb() using integers with a maximum minus one value, rgb(254, 254, 254)</test-title>
          <test-href>background-color-065.xht</test-href>
          <reference-value>=</reference-value>
          <reference-href>reference/background-color-005-ref.xht</reference-href>
          <flags>
              <flag>Bitmaps</flag>
              </flags>
        </test><test>
          <test-title>Background-color set to rgb() using integers with a maximum value, rgb(255, 255, 255)</test-title>
          <test-href>background-color-066.xht</test-href>
          <reference-value>=</reference-value>
          <reference-href>reference/background-color-006-ref.xht</reference-href>
          <flags>
              <flag>Bitmaps</flag>
              </flags>
        </test><test>
          <test-title>Background-color set to rgb() using integers with a maximum value and a plus sign, rgb(+255, +255, +255)</test-title>
          <test-href>background-color-067.xht</test-href>
          <reference-value>=</reference-value>
          <reference-href>reference/background-color-006-ref.xht</reference-href>
          <flags>
              <flag>Bitmaps</flag>
              </flags>
        </test><test>
          <test-title>Background-color set to rgb() using integers with a maximum plus one value, rgb(256, 256, 256)</test-title>
          <test-href>background-color-068.xht</test-href>
          <reference-value>=</reference-value>
          <reference-href>reference/background-color-006-ref.xht</reference-href>
          <flags>
              <flag>Bitmaps</flag><flag>Invalid</flag>
              </flags>
        </test><test>
          <test-title>Background-color set to rgb() using percentages with red set to the minimum minus one value, rgb(-1%, 0%, 0%)</test-title>
          <test-href>background-color-069.xht</test-href>
          <reference-value>=</reference-value>
          <reference-href>reference/background-color-002-ref.xht</reference-href>
          <flags>
              <flag>Bitmaps</flag><flag>Invalid</flag>
              </flags>
        </test><test>
          <test-title>Background-color set to rgb() using percentages with red set to the minimum plus one value, rgb(1%, 0%, 0%)</test-title>
          <test-href>background-color-070.xht</test-href>
          <reference-value>=</reference-value>
          <reference-href>reference/background-color-070-020000-ref.xht</reference-href>
          <flags>
              <flag>Ahem</flag>
              </flags>
        </test><test>
          <test-title>Background-color set to rgb() using percentages with red set to the minimum value and minus sign, rgb(-0%, 0%, 0%)</test-title>
          <test-href>background-color-071.xht</test-href>
          <reference-value>=</reference-value>
          <reference-href>reference/background-color-002-ref.xht</reference-href>
          <flags>
              <flag>Bitmaps</flag>
              </flags>
        </test><test>
          <test-title>Background-color set to rgb() using percentages with red set to the minimum value and plus sign, rgb(+0%, 0%, 0%)</test-title>
          <test-href>background-color-072.xht</test-href>
          <reference-value>=</reference-value>
          <reference-href>reference/background-color-002-ref.xht</reference-href>
          <flags>
              <flag>Bitmaps</flag>
              </flags>
        </test><test>
          <test-title>Background-color set to rgb() using percentages with red set to a nominal value, rgb(40%, 0%, 0%)</test-title>
          <test-href>background-color-073.xht</test-href>
          <reference-value>=</reference-value>
          <reference-href>reference/background-color-073-ref.xht</reference-href>
          <flags>
              <flag>Ahem</flag>
              </flags>
        </test><test>
          <test-title>Background-color set to rgb() using percentages with red set to a nominal value with a plus sign, rgb(+40%, 0%, 0%)</test-title>
          <test-href>background-color-074.xht</test-href>
          <reference-value>=</reference-value>
          <reference-href>reference/background-color-073-ref.xht</reference-href>
          <flags>
              <flag>Ahem</flag>
              </flags>
        </test><test>
          <test-title>Background-color set to rgb() using percentages with red set to a maximum minus one value, rgb(99%, 0%, 0%)</test-title>
          <test-href>background-color-075.xht</test-href>
          <reference-value>=</reference-value>
          <reference-href>reference/background-color-075-fd0000-ref.xht</reference-href>
          <flags>
              <flag>Ahem</flag>
              </flags>
        </test><test>
          <test-title>Background-color set to rgb() using percentages with red set to a maximum value, rgb(100%, 0%, 0%)</test-title>
          <test-href>background-color-076.xht</test-href>
          <reference-value>=</reference-value>
          <reference-href>reference/background-color-012-ref.xht</reference-href>
          <flags>
              <flag>Bitmaps</flag>
              </flags>
        </test><test>
          <test-title>Background-color set to rgb() using percentages with red set to a maximum value with a plus sign, rgb(+100%, 0%, 0%)</test-title>
          <test-href>background-color-077.xht</test-href>
          <reference-value>=</reference-value>
          <reference-href>reference/background-color-012-ref.xht</reference-href>
          <flags>
              <flag>Bitmaps</flag>
              </flags>
        </test><test>
          <test-title>Background-color set to rgb() using percentages with red set to a maximum plus one value, rgb(101%, 0%, 0%)</test-title>
          <test-href>background-color-078.xht</test-href>
          <reference-value>=</reference-value>
          <reference-href>reference/background-color-012-ref.xht</reference-href>
          <flags>
              <flag>Bitmaps</flag><flag>Invalid</flag>
              </flags>
        </test><test>
          <test-title>Background-color set to rgb() using integers with red set to the minimum minus one value, rgb(-1, 0, 0)</test-title>
          <test-href>background-color-079.xht</test-href>
          <reference-value>=</reference-value>
          <reference-href>reference/background-color-002-ref.xht</reference-href>
          <flags>
              <flag>Bitmaps</flag><flag>Invalid</flag>
              </flags>
        </test><test>
          <test-title>Background-color set to rgb() using integers with red set to the minimum plus one value, rgb(1, 0, 0)</test-title>
          <test-href>background-color-080.xht</test-href>
          <reference-value>=</reference-value>
          <reference-href>reference/background-color-009-ref.xht</reference-href>
          <flags>
              <flag>Bitmaps</flag>
              </flags>
        </test><test>
          <test-title>Background-color set to rgb() using integers with red set to the minimum value with a minus sign, rgb(-0, 0, 0)</test-title>
          <test-href>background-color-081.xht</test-href>
          <reference-value>=</reference-value>
          <reference-href>reference/background-color-002-ref.xht</reference-href>
          <flags>
              <flag>Bitmaps</flag>
              </flags>
        </test><test>
          <test-title>Background-color set to rgb() using integers with red set to the minimum value with a plus sign, rgb(+0, 0, 0)</test-title>
          <test-href>background-color-082.xht</test-href>
          <reference-value>=</reference-value>
          <reference-href>reference/background-color-002-ref.xht</reference-href>
          <flags>
              <flag>Bitmaps</flag>
              </flags>
        </test><test>
          <test-title>Background-color set to rgb() using integers with red set to a nominal value, rgb(128, 0, 0)</test-title>
          <test-href>background-color-083.xht</test-href>
          <reference-value>=</reference-value>
          <reference-href>reference/background-color-083-ref.xht</reference-href>
          <flags>
              <flag>Bitmaps</flag>
              </flags>
        </test><test>
          <test-title>Background-color set to rgb() using integers with red set to a nominal value with a plus sign, rgb(+128, 0, 0)</test-title>
          <test-href>background-color-084.xht</test-href>
          <reference-value>=</reference-value>
          <reference-href>reference/background-color-083-ref.xht</reference-href>
          <flags>
              <flag>Bitmaps</flag>
              </flags>
        </test><test>
          <test-title>Background-color set to rgb() using integers with red set to a maximum minus one value, rgb(254, 0, 0)</test-title>
          <test-href>background-color-085.xht</test-href>
          <reference-value>=</reference-value>
          <reference-href>reference/background-color-011-ref.xht</reference-href>
          <flags>
              <flag>Bitmaps</flag>
              </flags>
        </test><test>
          <test-title>Background-color set to rgb() using integers with red set to a maximum value, rgb(255, 0, 0)</test-title>
          <test-href>background-color-086.xht</test-href>
          <reference-value>=</reference-value>
          <reference-href>reference/background-color-012-ref.xht</reference-href>
          <flags>
              <flag>Bitmaps</flag>
              </flags>
        </test><test>
          <test-title>Background-color set to rgb() using integers with red set to a maximum value with a plus sign, rgb(+255, 0, 0)</test-title>
          <test-href>background-color-087.xht</test-href>
          <reference-value>=</reference-value>
          <reference-href>reference/background-color-012-ref.xht</reference-href>
          <flags>
              <flag>Bitmaps</flag>
              </flags>
        </test><test>
          <test-title>Background-color set to rgb() using integers with red set to a maximum plus one value, rgb(256, 0, 0)</test-title>
          <test-href>background-color-088.xht</test-href>
          <reference-value>=</reference-value>
          <reference-href>reference/background-color-012-ref.xht</reference-href>
          <flags>
              <flag>Bitmaps</flag><flag>Invalid</flag>
              </flags>
        </test><test>
          <test-title>Background-color set to rgb() using percentages with green set to the minimum minus one value, rgb(0%, -1%, 0%)</test-title>
          <test-href>background-color-089.xht</test-href>
          <reference-value>=</reference-value>
          <reference-href>reference/background-color-002-ref.xht</reference-href>
          <flags>
              <flag>Bitmaps</flag><flag>Invalid</flag>
              </flags>
        </test><test>
          <test-title>Background-color set to rgb() using percentages with green set to the minimum plus one value, rgb(0%, 1%, 0%)</test-title>
          <test-href>background-color-090.xht</test-href>
          <reference-value>=</reference-value>
          <reference-href>reference/background-color-090-000200-ref.xht</reference-href>
          <flags>
              <flag>Bitmaps</flag>
              </flags>
        </test><test>
          <test-title>Background-color set to rgb() using percentages with green set to the minimum value and minus sign, rgb(0%, -0%, 0%)</test-title>
          <test-href>background-color-091.xht</test-href>
          <reference-value>=</reference-value>
          <reference-href>reference/background-color-002-ref.xht</reference-href>
          <flags>
              <flag>Bitmaps</flag>
              </flags>
        </test><test>
          <test-title>Background-color set to rgb() using percentages with green set to the minimum value and plus sign, rgb(0%, +0%, 0%)</test-title>
          <test-href>background-color-092.xht</test-href>
          <reference-value>=</reference-value>
          <reference-href>reference/background-color-002-ref.xht</reference-href>
          <flags>
              <flag>Bitmaps</flag>
              </flags>
        </test><test>
          <test-title>Background-color set to rgb() using percentages with green set to a nominal value, rgb(0%, 40%, 0%)</test-title>
          <test-href>background-color-093.xht</test-href>
          <reference-value>=</reference-value>
          <reference-href>reference/background-color-093-ref.xht</reference-href>
          <flags>
              <flag>Ahem</flag>
              </flags>
        </test><test>
          <test-title>Background-color set to rgb() using percentages with green set to a nominal value with a plus sign, rgb(0%, +40%, 0%)</test-title>
          <test-href>background-color-094.xht</test-href>
          <reference-value>=</reference-value>
          <reference-href>reference/background-color-093-ref.xht</reference-href>
          <flags>
              <flag>Ahem</flag>
              </flags>
        </test><test>
          <test-title>Background-color set to rgb() using percentages with green set to a maximum minus one value, rgb(0%, 99%, 0%)</test-title>
          <test-href>background-color-095.xht</test-href>
          <reference-value>=</reference-value>
          <reference-href>reference/background-color-095-00fd00-ref.xht</reference-href>
          <flags>
              <flag>Ahem</flag>
              </flags>
        </test><test>
          <test-title>Background-color set to rgb() using percentages with green set to a maximum value, rgb(0%, 100%, 0%)</test-title>
          <test-href>background-color-096.xht</test-href>
          <reference-value>=</reference-value>
          <reference-href>reference/background-color-017-ref.xht</reference-href>
          <flags>
              <flag>Bitmaps</flag>
              </flags>
        </test><test>
          <test-title>Background-color set to rgb() using percentages with green set to a maximum value with a plus sign, rgb(0%, +100%, 0%)</test-title>
          <test-href>background-color-097.xht</test-href>
          <reference-value>=</reference-value>
          <reference-href>reference/background-color-017-ref.xht</reference-href>
          <flags>
              <flag>Bitmaps</flag>
              </flags>
        </test><test>
          <test-title>Background-color set to rgb() using percentages with green set to a maximum plus one value, rgb(0%, 101%, 0%)</test-title>
          <test-href>background-color-098.xht</test-href>
          <reference-value>=</reference-value>
          <reference-href>reference/background-color-017-ref.xht</reference-href>
          <flags>
              <flag>Bitmaps</flag><flag>Invalid</flag>
              </flags>
        </test><test>
          <test-title>Background-color set to rgb() using integers with green set to the minimum minus one value, rgb(0, -1, 0)</test-title>
          <test-href>background-color-099.xht</test-href>
          <reference-value>=</reference-value>
          <reference-href>reference/background-color-002-ref.xht</reference-href>
          <flags>
              <flag>Bitmaps</flag><flag>Invalid</flag>
              </flags>
        </test><test>
          <test-title>Background-color set to rgb() using integers with green set to the minimum plus one value, rgb(0, 1, 0)</test-title>
          <test-href>background-color-100.xht</test-href>
          <reference-value>=</reference-value>
          <reference-href>reference/background-color-014-ref.xht</reference-href>
          <flags>
              <flag>Bitmaps</flag>
              </flags>
        </test><test>
          <test-title>Background-color set to rgb() using integers with green set to the minimum value with a minus sign, rgb(0, -0, 0)</test-title>
          <test-href>background-color-101.xht</test-href>
          <reference-value>=</reference-value>
          <reference-href>reference/background-color-002-ref.xht</reference-href>
          <flags>
              <flag>Bitmaps</flag>
              </flags>
        </test><test>
          <test-title>Background-color set to rgb() using integers with green set to the minimum value with a plus sign, rgb(0, +0, 0)</test-title>
          <test-href>background-color-102.xht</test-href>
          <reference-value>=</reference-value>
          <reference-href>reference/background-color-002-ref.xht</reference-href>
          <flags>
              <flag>Bitmaps</flag>
              </flags>
        </test><test>
          <test-title>Background-color set to rgb() using integers with green set to a nominal value, rgb(0, 128, 0)</test-title>
          <test-href>background-color-103.xht</test-href>
          <reference-value>=</reference-value>
          <reference-href>reference/background-color-103-ref.xht</reference-href>
          <flags>
              <flag>Bitmaps</flag>
              </flags>
        </test><test>
          <test-title>Background-color set to rgb() using integers with green set to a nominal value with a plus sign, rgb(0, +128, 0)</test-title>
          <test-href>background-color-104.xht</test-href>
          <reference-value>=</reference-value>
          <reference-href>reference/background-color-103-ref.xht</reference-href>
          <flags>
              <flag>Bitmaps</flag>
              </flags>
        </test><test>
          <test-title>Background-color set to rgb() using integers with green set to a maximum minus one value, rgb(0, 254, 0)</test-title>
          <test-href>background-color-105.xht</test-href>
          <reference-value>=</reference-value>
          <reference-href>reference/background-color-016-ref.xht</reference-href>
          <flags>
              <flag>Bitmaps</flag>
              </flags>
        </test><test>
          <test-title>Background-color set to rgb() using integers with green set to a maximum value, rgb(0, 255, 0)</test-title>
          <test-href>background-color-106.xht</test-href>
          <reference-value>=</reference-value>
          <reference-href>reference/background-color-017-ref.xht</reference-href>
          <flags>
              <flag>Bitmaps</flag>
              </flags>
        </test><test>
          <test-title>Background-color set to rgb() using integers with green set to a maximum value with a plus sign, rgb(0, +255, 0)</test-title>
          <test-href>background-color-107.xht</test-href>
          <reference-value>=</reference-value>
          <reference-href>reference/background-color-017-ref.xht</reference-href>
          <flags>
              <flag>Bitmaps</flag>
              </flags>
        </test><test>
          <test-title>Background-color set to rgb() using integers with green set to a maximum plus one value, rgb(0, 256 0)</test-title>
          <test-href>background-color-108.xht</test-href>
          <reference-value>=</reference-value>
          <reference-href>reference/background-color-017-ref.xht</reference-href>
          <flags>
              <flag>Bitmaps</flag><flag>Invalid</flag>
              </flags>
        </test><test>
          <test-title>Background-color set to rgb() using percentages with blue set to the minimum minus one value, rgb(0%, 0%, -1%)</test-title>
          <test-href>background-color-109.xht</test-href>
          <reference-value>=</reference-value>
          <reference-href>reference/background-color-002-ref.xht</reference-href>
          <flags>
              <flag>Bitmaps</flag><flag>Invalid</flag>
              </flags>
        </test><test>
          <test-title>Background-color set to rgb() using percentages with blue set to the minimum plus one value, rgb(0%, 0%, 1%)</test-title>
          <test-href>background-color-110.xht</test-href>
          <reference-value>=</reference-value>
          <reference-href>reference/background-color-110-000003-ref.xht</reference-href>
          <flags>
              <flag>Ahem</flag>
              </flags>
        </test><test>
          <test-title>Background-color set to rgb() using percentages with blue set to the minimum value and minus sign, rgb(0%, 0%, -0%)</test-title>
          <test-href>background-color-111.xht</test-href>
          <reference-value>=</reference-value>
          <reference-href>reference/background-color-002-ref.xht</reference-href>
          <flags>
              <flag>Bitmaps</flag>
              </flags>
        </test><test>
          <test-title>Background-color set to rgb() using percentages with blue set to the minimum value and plus sign, rgb(0%, 0%, +0%)</test-title>
          <test-href>background-color-112.xht</test-href>
          <reference-value>=</reference-value>
          <reference-href>reference/background-color-002-ref.xht</reference-href>
          <flags>
              <flag>Bitmaps</flag>
              </flags>
        </test><test>
          <test-title>Background-color set to rgb() using percentages with blue set to a nominal value, rgb(0%, 0%, 40%)</test-title>
          <test-href>background-color-113.xht</test-href>
          <reference-value>=</reference-value>
          <reference-href>reference/background-color-113-ref.xht</reference-href>
          <flags>
              <flag>Ahem</flag>
              </flags>
        </test><test>
          <test-title>Background-color set to rgb() using percentages with blue set to a nominal value with a plus sign, rgb(0%, 0%, +40%)</test-title>
          <test-href>background-color-114.xht</test-href>
          <reference-value>=</reference-value>
          <reference-href>reference/background-color-113-ref.xht</reference-href>
          <flags>
              <flag>Ahem</flag>
              </flags>
        </test><test>
          <test-title>Background-color set to rgb() using percentages with blue set to a maximum minus one value, rgb(0%, 0%, 99%)</test-title>
          <test-href>background-color-115.xht</test-href>
          <reference-value>=</reference-value>
          <reference-href>reference/background-color-115-0000fc-ref.xht</reference-href>
          <flags>
              <flag>Ahem</flag>
              </flags>
        </test><test>
          <test-title>Background-color set to rgb() using percentages with blue set to a maximum value, rgb(0%, 0%, 100%)</test-title>
          <test-href>background-color-116.xht</test-href>
          <reference-value>=</reference-value>
          <reference-href>reference/background-color-022-ref.xht</reference-href>
          <flags>
              <flag>Bitmaps</flag>
              </flags>
        </test><test>
          <test-title>Background-color set to rgb() using percentages with blue set to a maximum value with a plus sign, rgb(0%, 0%, +100%)</test-title>
          <test-href>background-color-117.xht</test-href>
          <reference-value>=</reference-value>
          <reference-href>reference/background-color-022-ref.xht</reference-href>
          <flags>
              <flag>Bitmaps</flag>
              </flags>
        </test><test>
          <test-title>Background-color set to rgb() using percentages with blue set to a maximum plus one value, rgb(0%, 0%, 101%)</test-title>
          <test-href>background-color-118.xht</test-href>
          <reference-value>=</reference-value>
          <reference-href>reference/background-color-022-ref.xht</reference-href>
          <flags>
              <flag>Bitmaps</flag><flag>Invalid</flag>
              </flags>
        </test><test>
          <test-title>Background-color set to rgb() using integers with blue set to the minimum minus one value, rgb(0, 0, -1)</test-title>
          <test-href>background-color-119.xht</test-href>
          <reference-value>=</reference-value>
          <reference-href>reference/background-color-002-ref.xht</reference-href>
          <flags>
              <flag>Bitmaps</flag><flag>Invalid</flag>
              </flags>
        </test><test>
          <test-title>Background-color set to rgb() using integers with blue set to the minimum plus one value, rgb(0, 0, 1)</test-title>
          <test-href>background-color-120.xht</test-href>
          <reference-value>=</reference-value>
          <reference-href>reference/background-color-019-ref.xht</reference-href>
          <flags>
              <flag>Bitmaps</flag>
              </flags>
        </test><test>
          <test-title>Background-color set to rgb() using integers with blue set to the minimum value with a minus sign, rgb(0, 0, -0)</test-title>
          <test-href>background-color-121.xht</test-href>
          <reference-value>=</reference-value>
          <reference-href>reference/background-color-002-ref.xht</reference-href>
          <flags>
              <flag>Bitmaps</flag>
              </flags>
        </test><test>
          <test-title>Background-color set to rgb() using integers with blue set to the minimum value with a plus sign, rgb(0, 0, +0)</test-title>
          <test-href>background-color-122.xht</test-href>
          <reference-value>=</reference-value>
          <reference-href>reference/background-color-002-ref.xht</reference-href>
          <flags>
              <flag>Bitmaps</flag>
              </flags>
        </test><test>
          <test-title>Background-color set to rgb() using integers with blue set to a nominal value, rgb(0, 0, 128)</test-title>
          <test-href>background-color-123.xht</test-href>
          <reference-value>=</reference-value>
          <reference-href>reference/background-color-123-ref.xht</reference-href>
          <flags>
              <flag>Bitmaps</flag>
              </flags>
        </test><test>
          <test-title>Background-color set to rgb() using integers with blue set to a nominal value with a plus sign, rgb(0, 0, +128)</test-title>
          <test-href>background-color-124.xht</test-href>
          <reference-value>=</reference-value>
          <reference-href>reference/background-color-123-ref.xht</reference-href>
          <flags>
              <flag>Bitmaps</flag>
              </flags>
        </test><test>
          <test-title>Background-color set to rgb() using integers with blue set to a maximum minus one value, rgb(0, 0, 254)</test-title>
          <test-href>background-color-125.xht</test-href>
          <reference-value>=</reference-value>
          <reference-href>reference/background-color-021-ref.xht</reference-href>
          <flags>
              <flag>Bitmaps</flag>
              </flags>
        </test><test>
          <test-title>Background-color set to rgb() using integers with blue set to a maximum value, rgb(0, 0, 255)</test-title>
          <test-href>background-color-126.xht</test-href>
          <reference-value>=</reference-value>
          <reference-href>reference/background-color-022-ref.xht</reference-href>
          <flags>
              <flag>Bitmaps</flag>
              </flags>
        </test><test>
          <test-title>Background-color set to rgb() using integers with blue set to a maximum value with a plus sign, rgb(0, 0, +255)</test-title>
          <test-href>background-color-127.xht</test-href>
          <reference-value>=</reference-value>
          <reference-href>reference/background-color-022-ref.xht</reference-href>
          <flags>
              <flag>Bitmaps</flag>
              </flags>
        </test><test>
          <test-title>Background-color set to rgb() using integers with blue set to a maximum plus one value, rgb(0, 0, 256)</test-title>
          <test-href>background-color-128.xht</test-href>
          <reference-value>=</reference-value>
          <reference-href>reference/background-color-022-ref.xht</reference-href>
          <flags>
              <flag>Bitmaps</flag><flag>Invalid</flag>
              </flags>
        </test><test>
          <test-title>Background-color set to aqua</test-title>
          <test-href>background-color-129.xht</test-href>
          <reference-value>=</reference-value>
          <reference-href>reference/background-color-129-ref.xht</reference-href>
          <flags>
              <flag>Bitmaps</flag>
              </flags>
        </test><test>
          <test-title>Background-color set to black</test-title>
          <test-href>background-color-130.xht</test-href>
          <reference-value>=</reference-value>
          <reference-href>reference/background-color-002-ref.xht</reference-href>
          <flags>
              <flag>Bitmaps</flag>
              </flags>
        </test><test>
          <test-title>Background-color set to blue</test-title>
          <test-href>background-color-131.xht</test-href>
          <reference-value>=</reference-value>
          <reference-href>reference/background-color-022-ref.xht</reference-href>
          <flags>
              <flag>Bitmaps</flag>
              </flags>
        </test><test>
          <test-title>Background-color set to fuchsia</test-title>
          <test-href>background-color-132.xht</test-href>
          <reference-value>=</reference-value>
          <reference-href>reference/background-color-132-ref.xht</reference-href>
          <flags>
              <flag>Bitmaps</flag>
              </flags>
        </test><test>
          <test-title>Background-color set to gray</test-title>
          <test-href>background-color-133.xht</test-href>
          <reference-value>=</reference-value>
          <reference-href>reference/background-color-063-ref.xht</reference-href>
          <flags>
              <flag>Bitmaps</flag>
              </flags>
        </test><test>
          <test-title>Background-color set to green</test-title>
          <test-href>background-color-134.xht</test-href>
          <reference-value>=</reference-value>
          <reference-href>reference/background-color-103-ref.xht</reference-href>
          <flags>
              <flag>Bitmaps</flag>
              </flags>
        </test><test>
          <test-title>Background-color set to lime</test-title>
          <test-href>background-color-135.xht</test-href>
          <reference-value>=</reference-value>
          <reference-href>reference/background-color-135-ref.xht</reference-href>
          <flags>
              <flag>Bitmaps</flag>
              </flags>
        </test><test>
          <test-title>Background-color set to maroon</test-title>
          <test-href>background-color-136.xht</test-href>
          <reference-value>=</reference-value>
          <reference-href>reference/background-color-136-ref.xht</reference-href>
          <flags>
              <flag>Bitmaps</flag>
              </flags>
        </test><test>
          <test-title>Background-color set to navy</test-title>
          <test-href>background-color-137.xht</test-href>
          <reference-value>=</reference-value>
          <reference-href>reference/background-color-123-ref.xht</reference-href>
          <flags>
              <flag>Bitmaps</flag>
              </flags>
        </test><test>
          <test-title>Background-color set to olive</test-title>
          <test-href>background-color-138.xht</test-href>
          <reference-value>=</reference-value>
          <reference-href>reference/background-color-138-ref.xht</reference-href>
          <flags>
              <flag>Bitmaps</flag>
              </flags>
        </test><test>
          <test-title>Background-color set to orange</test-title>
          <test-href>background-color-139.xht</test-href>
          <reference-value>=</reference-value>
          <reference-href>reference/background-color-139-ref.xht</reference-href>
          <flags>
              <flag>Bitmaps</flag>
              </flags>
        </test><test>
          <test-title>Background-color set to purple</test-title>
          <test-href>background-color-140.xht</test-href>
          <reference-value>=</reference-value>
          <reference-href>reference/background-color-140-ref.xht</reference-href>
          <flags>
              <flag>Bitmaps</flag>
              </flags>
        </test><test>
          <test-title>Background-color set to red</test-title>
          <test-href>background-color-141.xht</test-href>
          <reference-value>=</reference-value>
          <reference-href>reference/background-color-012-ref.xht</reference-href>
          <flags>
              <flag>Bitmaps</flag>
              </flags>
        </test><test>
          <test-title>Background-color set to silver</test-title>
          <test-href>background-color-142.xht</test-href>
          <reference-value>=</reference-value>
          <reference-href>reference/background-color-142-ref.xht</reference-href>
          <flags>
              <flag>Bitmaps</flag>
              </flags>
        </test><test>
          <test-title>Background-color set to teal</test-title>
          <test-href>background-color-143.xht</test-href>
          <reference-value>=</reference-value>
          <reference-href>reference/background-color-143-ref.xht</reference-href>
          <flags>
              <flag>Bitmaps</flag>
              </flags>
        </test><test>
          <test-title>Background-color set to white</test-title>
          <test-href>background-color-144.xht</test-href>
          <reference-value>=</reference-value>
          <reference-href>reference/background-color-006-ref.xht</reference-href>
          <flags>
              <flag>Bitmaps</flag>
              </flags>
        </test><test>
          <test-title>Background-color set to yellow</test-title>
          <test-href>background-color-145.xht</test-href>
          <reference-value>=</reference-value>
          <reference-href>reference/background-color-145-ref.xht</reference-href>
          <flags>
              <flag>Bitmaps</flag>
              </flags>
        </test><test>
          <test-title>Background-color set to transparent</test-title>
          <test-href>background-color-174.xht</test-href>
          <reference-value>=</reference-value>
          <reference-href>reference/background-color-001-ref.xht</reference-href>
          
        </test><test>
          <test-title>Background-color set to inherit</test-title>
          <test-href>background-color-175.xht</test-href>
          <reference-value>=</reference-value>
          <reference-href>reference/background-color-175-ref.xht</reference-href>
          
        </test><test>
          <test-title>Background-color applied to elements with 'display' set to 'table-row-group'</test-title>
          <test-href>background-color-applies-to-001.xht</test-href>
          <reference-value>=</reference-value>
          <reference-href>reference/ref-filled-black-96px-square.xht</reference-href>
          
        </test><test>
          <test-title>Background-color applied to elements with 'display' set to 'table-header-group'</test-title>
          <test-href>background-color-applies-to-002.xht</test-href>
          <reference-value>=</reference-value>
          <reference-href>reference/ref-filled-black-96px-square.xht</reference-href>
          
        </test><test>
          <test-title>Background-color applied to elements with 'display' set to 'table-footer-group'</test-title>
          <test-href>background-color-applies-to-003.xht</test-href>
          <reference-value>=</reference-value>
          <reference-href>reference/ref-filled-black-96px-square.xht</reference-href>
          
        </test><test>
          <test-title>Background-color applied to elements with 'display' set to 'table-row'</test-title>
          <test-href>background-color-applies-to-004.xht</test-href>
          <reference-value>=</reference-value>
          <reference-href>reference/ref-filled-black-96px-square.xht</reference-href>
          
        </test><test>
          <test-title>Background-color applied to elements with 'display' set to 'table-column-group'</test-title>
          <test-href>background-color-applies-to-005.xht</test-href>
          <reference-value>=</reference-value>
          <reference-href>reference/ref-filled-black-96px-square.xht</reference-href>
          
        </test><test>
          <test-title>Background-color applied to elements with 'display' set to 'table-column'</test-title>
          <test-href>background-color-applies-to-006.xht</test-href>
          <reference-value>=</reference-value>
          <reference-href>reference/ref-filled-black-96px-square.xht</reference-href>
          
        </test><test>
          <test-title>Background-color applied to elements with 'display' set to 'table-cell'</test-title>
          <test-href>background-color-applies-to-007.xht</test-href>
          <reference-value>=</reference-value>
          <reference-href>reference/ref-filled-black-96px-square.xht</reference-href>
          
        </test><test>
          <test-title>Background-color applied to elements with 'display' set to 'block'</test-title>
          <test-href>background-color-applies-to-009.xht</test-href>
          <reference-value>=</reference-value>
          <reference-href>reference/ref-filled-black-96px-square.xht</reference-href>
          
        </test><test>
          <test-title>Background-color applied to elements with 'display' set to 'inline-block'</test-title>
          <test-href>background-color-applies-to-012.xht</test-href>
          <reference-value>=</reference-value>
          <reference-href>reference/ref-filled-black-96px-square.xht</reference-href>
          
        </test><test>
          <test-title>Background-color applied to elements with 'display' set to 'table'</test-title>
          <test-href>background-color-applies-to-013.xht</test-href>
          <reference-value>=</reference-value>
          <reference-href>reference/ref-filled-black-96px-square.xht</reference-href>
          
        </test><test>
          <test-title>Background-color applied to elements with 'display' set to 'inline-table'</test-title>
          <test-href>background-color-applies-to-014.xht</test-href>
          <reference-value>=</reference-value>
          <reference-href>reference/ref-filled-black-96px-square.xht</reference-href>
          
        </test><test>
          <test-title>Background-color applied to elements with 'display' set to 'table-caption'</test-title>
          <test-href>background-color-applies-to-015.xht</test-href>
          <reference-value>=</reference-value>
          <reference-href>reference/ref-filled-black-96px-square.xht</reference-href>
          
        </test><test>
          <test-title>Background-image set to 'none'</test-title>
          <test-href>background-image-001.xht</test-href>
          <reference-value>=</reference-value>
          <reference-href>reference/ref-if-there-is-no-red.xht</reference-href>
          <flags>
              <flag>Bitmaps</flag>
              </flags>
        </test><test>
          <test-title>Background-image set using the url() function</test-title>
          <test-href>background-image-002.xht</test-href>
          <reference-value>=</reference-value>
          <reference-href>reference/background-color-001-ref.xht</reference-href>
          <flags>
              <flag>Bitmaps</flag>
              </flags>
        </test><test>
          <test-title>Background-image set to 'inherit'</test-title>
          <test-href>background-image-003.xht</test-href>
          <reference-value>=</reference-value>
          <reference-href>reference/ref-filled-green-100px-square.xht</reference-href>
          <flags>
              <flag>Bitmaps</flag>
              </flags>
        </test><test>
          <test-title>Parsing 'background-image'</test-title>
          <test-href>background-image-005.xht</test-href>
          <reference-value>=</reference-value>
          <reference-href>reference/ref-this-text-should-be-green.xht</reference-href>
          <flags>
              <flag>Invalid</flag>
              </flags>
        </test><test>
          <test-title>Background-image applied to elements with 'display' set to 'table-row-group'</test-title>
          <test-href>background-image-applies-to-001.xht</test-href>
          <reference-value>=</reference-value>
          <reference-href>reference/ref-filled-black-96px-square.xht</reference-href>
          <flags>
              <flag>Bitmaps</flag>
              </flags>
        </test><test>
          <test-title>Background-image applied to elements with 'display' set to 'table-header-group'</test-title>
          <test-href>background-image-applies-to-002.xht</test-href>
          <reference-value>=</reference-value>
          <reference-href>reference/ref-filled-black-96px-square.xht</reference-href>
          <flags>
              <flag>Bitmaps</flag>
              </flags>
        </test><test>
          <test-title>Background-image applied to elements with 'display' set to 'table-footer-group'</test-title>
          <test-href>background-image-applies-to-003.xht</test-href>
          <reference-value>=</reference-value>
          <reference-href>reference/ref-filled-black-96px-square.xht</reference-href>
          <flags>
              <flag>Bitmaps</flag>
              </flags>
        </test><test>
          <test-title>Background-image applied to elements with 'display' set to 'table-row'</test-title>
          <test-href>background-image-applies-to-004.xht</test-href>
          <reference-value>=</reference-value>
          <reference-href>reference/ref-filled-black-96px-square.xht</reference-href>
          <flags>
              <flag>Bitmaps</flag>
              </flags>
        </test><test>
          <test-title>Background-image applied to elements with 'display' set to 'table-column-group'</test-title>
          <test-href>background-image-applies-to-005.xht</test-href>
          <reference-value>=</reference-value>
          <reference-href>reference/ref-filled-black-96px-square.xht</reference-href>
          <flags>
              <flag>Bitmaps</flag>
              </flags>
        </test><test>
          <test-title>Background-image applied to elements with 'display' set to 'table-column'</test-title>
          <test-href>background-image-applies-to-006.xht</test-href>
          <reference-value>=</reference-value>
          <reference-href>reference/ref-filled-black-96px-square.xht</reference-href>
          <flags>
              <flag>Bitmaps</flag>
              </flags>
        </test><test>
          <test-title>Background-image applied to elements with 'display' set to 'table-cell'</test-title>
          <test-href>background-image-applies-to-007.xht</test-href>
          <reference-value>=</reference-value>
          <reference-href>reference/ref-filled-black-96px-square.xht</reference-href>
          <flags>
              <flag>Bitmaps</flag>
              </flags>
        </test><test>
          <test-title>Background-image applied to elements with 'display' set to 'block'</test-title>
          <test-href>background-image-applies-to-009.xht</test-href>
          <reference-value>=</reference-value>
          <reference-href>reference/ref-filled-black-96px-square.xht</reference-href>
          <flags>
              <flag>Bitmaps</flag>
              </flags>
        </test><test>
          <test-title>Background-image applied to elements with 'display' set to 'inline-block'</test-title>
          <test-href>background-image-applies-to-012.xht</test-href>
          <reference-value>=</reference-value>
          <reference-href>reference/ref-filled-black-96px-square.xht</reference-href>
          <flags>
              <flag>Bitmaps</flag>
              </flags>
        </test><test>
          <test-title>Background-image applied to elements with 'display' set to 'table'</test-title>
          <test-href>background-image-applies-to-013.xht</test-href>
          <reference-value>=</reference-value>
          <reference-href>reference/ref-filled-black-96px-square.xht</reference-href>
          <flags>
              <flag>Bitmaps</flag>
              </flags>
        </test><test>
          <test-title>Background-image applied to elements with 'display' set to 'inline-table'</test-title>
          <test-href>background-image-applies-to-014.xht</test-href>
          <reference-value>=</reference-value>
          <reference-href>reference/ref-filled-black-96px-square.xht</reference-href>
          <flags>
              <flag>Bitmaps</flag>
              </flags>
        </test><test>
          <test-title>Background-image applied to elements with 'display' set to 'table-caption'</test-title>
          <test-href>background-image-applies-to-015.xht</test-href>
          <reference-value>=</reference-value>
          <reference-href>reference/ref-filled-black-96px-square.xht</reference-href>
          <flags>
              <flag>Bitmaps</flag>
              </flags>
        </test><test>
          <test-title>Background-image tiling over padding</test-title>
          <test-href>background-image-cover-002.xht</test-href>
          <reference-value>=</reference-value>
          <reference-href>reference/background-image-cover-002-ref.xht</reference-href>
          <flags>
              <flag>Bitmaps</flag>
              </flags>
        </test><test>
          <test-title>Background-image tiling over margin</test-title>
          <test-href>background-image-cover-004.xht</test-href>
          <reference-value>=</reference-value>
          <reference-href>reference/background-image-cover-004-ref.xht</reference-href>
          <flags>
              <flag>Bitmaps</flag>
              </flags>
        </test><test>
          <test-title>Background-image tiling over margin with fixed background-attachment</test-title>
          <test-href>background-image-cover-attachment-001.xht</test-href>
          <reference-value>=</reference-value>
          <reference-href>reference/background-image-cover-attachment-001-ref.xht</reference-href>
          <flags>
              <flag>Bitmaps</flag>
              </flags>
        </test><test>
          <test-title>background-image applicability to ::first-letter</test-title>
          <test-href>background-image-first-letter.xht</test-href>
          <reference-value>=</reference-value>
          <reference-href>reference/background-image-first-letter-ref.xht</reference-href>
          <flags>
              <flag>Ahem</flag><flag>Bitmaps</flag>
              </flags>
        </test><test>
          <test-title>Transparent background-image with background-color</test-title>
          <test-href>background-image-transparency-001.xht</test-href>
          <reference-value>=</reference-value>
          <reference-href>reference/background-001-ref.xht</reference-href>
          <flags>
              <flag>Bitmaps</flag>
              </flags>
        </test><test>
          <test-title>Background Intrinsic Sizes: No intrinsic size</test-title>
          <test-href>background-intrinsic-001.xht</test-href>
          <reference-value>=</reference-value>
          <reference-href>reference/background-intrinsic-ref.xht</reference-href>
          <flags>
              <flag>SVG</flag>
              </flags>
        </test><test>
          <test-title>Background Intrinsic Sizes: Intrinsic Width</test-title>
          <test-href>background-intrinsic-002.xht</test-href>
          <reference-value>=</reference-value>
          <reference-href>reference/background-intrinsic-ref.xht</reference-href>
          <flags>
              <flag>SVG</flag>
              </flags>
        </test><test>
          <test-title>Background Intrinsic Sizes: Intrinsic Height</test-title>
          <test-href>background-intrinsic-003.xht</test-href>
          <reference-value>=</reference-value>
          <reference-href>reference/background-intrinsic-ref.xht</reference-href>
          <flags>
              <flag>SVG</flag>
              </flags>
        </test><test>
          <test-title>Background Intrinsic Sizes: Intrinsic Ratio (Match Heights)</test-title>
          <test-href>background-intrinsic-004.xht</test-href>
          <reference-value>=</reference-value>
          <reference-href>reference/background-intrinsic-ref.xht</reference-href>
          <flags>
              <flag>Optional</flag><flag>SVG</flag>
              </flags>
        </test><test>
          <test-title>Background Intrinsic Sizes: Intrinsic Ratio (Match Widths)</test-title>
          <test-href>background-intrinsic-005.xht</test-href>
          <reference-value>=</reference-value>
          <reference-href>reference/background-intrinsic-ref.xht</reference-href>
          <flags>
              <flag>Optional</flag><flag>SVG</flag>
              </flags>
        </test><test>
          <test-title>Background Intrinsic Sizes: Intrinsic Percentage Width and Height</test-title>
          <test-href>background-intrinsic-006.xht</test-href>
          <reference-value>=</reference-value>
          <reference-href>reference/background-intrinsic-ref.xht</reference-href>
          <flags>
              <flag>SVG</flag>
              </flags>
        </test><test>
          <test-title>Background Intrinsic Sizes: Intrinsic Width and Ratio</test-title>
          <test-href>background-intrinsic-007.xht</test-href>
          <reference-value>=</reference-value>
          <reference-href>reference/background-intrinsic-ref.xht</reference-href>
          <flags>
              <flag>SVG</flag>
              </flags>
        </test><test>
          <test-title>Background Intrinsic Sizes: Intrinsic Height and Ratio</test-title>
          <test-href>background-intrinsic-008.xht</test-href>
          <reference-value>=</reference-value>
          <reference-href>reference/background-intrinsic-ref.xht</reference-href>
          <flags>
              <flag>SVG</flag>
              </flags>
        </test><test>
          <test-title>Background Intrinsic Sizes: Intrinsic Width and Height (Vector)</test-title>
          <test-href>background-intrinsic-009.xht</test-href>
          <reference-value>=</reference-value>
          <reference-href>reference/background-intrinsic-ref.xht</reference-href>
          <flags>
              <flag>SVG</flag>
              </flags>
        </test><test>
          <test-title>Background Intrinsic Sizes: Intrinsic Width and Height (Raster)</test-title>
          <test-href>background-intrinsic-010.xht</test-href>
          <reference-value>=</reference-value>
          <reference-href>reference/background-intrinsic-ref.xht</reference-href>
          <flags>
              <flag>SVG</flag>
              </flags>
        </test><test>
          <test-title>background-position - ex unit</test-title>
          <test-href>background-position-001.xht</test-href>
          <reference-value>=</reference-value>
          <reference-href>reference/background-position-001-ref.xht</reference-href>
          <flags>
              <flag>Ahem</flag><flag>Bitmaps</flag>
              </flags>
        </test><test>
          <test-title>background-position - ex unit</test-title>
          <test-href>background-position-002.xht</test-href>
          <reference-value>=</reference-value>
          <reference-href>reference/background-position-002-ref.xht</reference-href>
          <flags>
              <flag>Ahem</flag><flag>Bitmaps</flag>
              </flags>
        </test><test>
          <test-title>Background-position using pixels with a negative zero value, -0px</test-title>
          <test-href>background-position-004.xht</test-href>
          <reference-value>=</reference-value>
          <reference-href>reference/background-position-004-ref.xht</reference-href>
          <flags>
              <flag>Bitmaps</flag>
              </flags>
        </test><test>
          <test-title>Background-position using pixels with a zero value, 0px</test-title>
          <test-href>background-position-005.xht</test-href>
          <reference-value>=</reference-value>
          <reference-href>reference/background-position-004-ref.xht</reference-href>
          <flags>
              <flag>Bitmaps</flag>
              </flags>
        </test><test>
          <test-title>Background-position using pixels with a zero value with a plus sign, +0px</test-title>
          <test-href>background-position-006.xht</test-href>
          <reference-value>=</reference-value>
          <reference-href>reference/background-position-004-ref.xht</reference-href>
          <flags>
              <flag>Bitmaps</flag>
              </flags>
        </test><test>
          <test-title>Background-position using pixels with a nominal value, 96px</test-title>
          <test-href>background-position-007.xht</test-href>
          <reference-value>=</reference-value>
          <reference-href>reference/background-position-007-ref.xht</reference-href>
          <flags>
              <flag>Bitmaps</flag>
              </flags>
        </test><test>
          <test-title>Background-position using pixels with a nominal value and a plus sign, +96px</test-title>
          <test-href>background-position-008.xht</test-href>
          <reference-value>=</reference-value>
          <reference-href>reference/background-position-007-ref.xht</reference-href>
          <flags>
              <flag>Bitmaps</flag>
              </flags>
        </test><test>
          <test-title>Background-position using points with a negative zero value, -0pt</test-title>
          <test-href>background-position-016.xht</test-href>
          <reference-value>=</reference-value>
          <reference-href>reference/background-position-004-ref.xht</reference-href>
          <flags>
              <flag>Bitmaps</flag>
              </flags>
        </test><test>
          <test-title>Background-position using points with a zero value, 0pt</test-title>
          <test-href>background-position-017.xht</test-href>
          <reference-value>=</reference-value>
          <reference-href>reference/background-position-004-ref.xht</reference-href>
          <flags>
              <flag>Bitmaps</flag>
              </flags>
        </test><test>
          <test-title>Background-position using points with a zero value with a plus sign, +0pt</test-title>
          <test-href>background-position-018.xht</test-href>
          <reference-value>=</reference-value>
          <reference-href>reference/background-position-004-ref.xht</reference-href>
          <flags>
              <flag>Bitmaps</flag>
              </flags>
        </test><test>
          <test-title>Background-position using picas with a negative zero value, -0pc</test-title>
          <test-href>background-position-028.xht</test-href>
          <reference-value>=</reference-value>
          <reference-href>reference/background-position-004-ref.xht</reference-href>
          <flags>
              <flag>Bitmaps</flag>
              </flags>
        </test><test>
          <test-title>Background-position using picas with a zero value, 0pc</test-title>
          <test-href>background-position-029.xht</test-href>
          <reference-value>=</reference-value>
          <reference-href>reference/background-position-004-ref.xht</reference-href>
          <flags>
              <flag>Bitmaps</flag>
              </flags>
        </test><test>
          <test-title>Background-position using picas with a zero value with a plus sign, +0pc</test-title>
          <test-href>background-position-030.xht</test-href>
          <reference-value>=</reference-value>
          <reference-href>reference/background-position-004-ref.xht</reference-href>
          <flags>
              <flag>Bitmaps</flag>
              </flags>
        </test><test>
          <test-title>Background-position using centimeters with a negative zero value, -0cm</test-title>
          <test-href>background-position-040.xht</test-href>
          <reference-value>=</reference-value>
          <reference-href>reference/background-position-004-ref.xht</reference-href>
          <flags>
              <flag>Bitmaps</flag>
              </flags>
        </test><test>
          <test-title>Background-position using centimeters with a zero value, 0cm</test-title>
          <test-href>background-position-041.xht</test-href>
          <reference-value>=</reference-value>
          <reference-href>reference/background-position-004-ref.xht</reference-href>
          <flags>
              <flag>Bitmaps</flag>
              </flags>
        </test><test>
          <test-title>Background-position using centimeters with a zero value with a plus sign, +0cm</test-title>
          <test-href>background-position-042.xht</test-href>
          <reference-value>=</reference-value>
          <reference-href>reference/background-position-004-ref.xht</reference-href>
          <flags>
              <flag>Bitmaps</flag>
              </flags>
        </test><test>
          <test-title>Background-position using millimeters with a negative zero value, -0mm</test-title>
          <test-href>background-position-052.xht</test-href>
          <reference-value>=</reference-value>
          <reference-href>reference/background-position-004-ref.xht</reference-href>
          <flags>
              <flag>Bitmaps</flag>
              </flags>
        </test><test>
          <test-title>Background-position using millimeters with a zero value, 0mm</test-title>
          <test-href>background-position-053.xht</test-href>
          <reference-value>=</reference-value>
          <reference-href>reference/background-position-004-ref.xht</reference-href>
          <flags>
              <flag>Bitmaps</flag>
              </flags>
        </test><test>
          <test-title>Background-position using millimeters with a zero value with a plus sign, +0mm</test-title>
          <test-href>background-position-054.xht</test-href>
          <reference-value>=</reference-value>
          <reference-href>reference/background-position-004-ref.xht</reference-href>
          <flags>
              <flag>Bitmaps</flag>
              </flags>
        </test><test>
          <test-title>Background-position using inches with a negative zero value, -0in</test-title>
          <test-href>background-position-064.xht</test-href>
          <reference-value>=</reference-value>
          <reference-href>reference/background-position-004-ref.xht</reference-href>
          <flags>
              <flag>Bitmaps</flag>
              </flags>
        </test><test>
          <test-title>Background-position using inches with a zero value, 0in</test-title>
          <test-href>background-position-065.xht</test-href>
          <reference-value>=</reference-value>
          <reference-href>reference/background-position-004-ref.xht</reference-href>
          <flags>
              <flag>Bitmaps</flag>
              </flags>
        </test><test>
          <test-title>Background-position using inches with a zero value with a plus sign, +0in</test-title>
          <test-href>background-position-066.xht</test-href>
          <reference-value>=</reference-value>
          <reference-href>reference/background-position-004-ref.xht</reference-href>
          <flags>
              <flag>Bitmaps</flag>
              </flags>
        </test><test>
          <test-title>Background-position using 'em' units with a negative zero value, -0em</test-title>
          <test-href>background-position-076.xht</test-href>
          <reference-value>=</reference-value>
          <reference-href>reference/background-position-004-ref.xht</reference-href>
          <flags>
              <flag>Ahem</flag><flag>Bitmaps</flag>
              </flags>
        </test><test>
          <test-title>Background-position using 'em' units with a zero value, 0em</test-title>
          <test-href>background-position-077.xht</test-href>
          <reference-value>=</reference-value>
          <reference-href>reference/background-position-004-ref.xht</reference-href>
          <flags>
              <flag>Ahem</flag><flag>Bitmaps</flag>
              </flags>
        </test><test>
          <test-title>Background-position using 'em' units with a zero value with a plus sign, +0em</test-title>
          <test-href>background-position-078.xht</test-href>
          <reference-value>=</reference-value>
          <reference-href>reference/background-position-004-ref.xht</reference-href>
          <flags>
              <flag>Ahem</flag><flag>Bitmaps</flag>
              </flags>
        </test><test>
          <test-title>Background-position using 'ex' units with a negative zero value, -0ex</test-title>
          <test-href>background-position-088.xht</test-href>
          <reference-value>=</reference-value>
          <reference-href>reference/background-position-004-ref.xht</reference-href>
          <flags>
              <flag>Ahem</flag><flag>Bitmaps</flag>
              </flags>
        </test><test>
          <test-title>Background-position using 'ex' units with a zero value, 0ex</test-title>
          <test-href>background-position-089.xht</test-href>
          <reference-value>=</reference-value>
          <reference-href>reference/background-position-004-ref.xht</reference-href>
          <flags>
              <flag>Ahem</flag><flag>Bitmaps</flag>
              </flags>
        </test><test>
          <test-title>Background-position using 'ex' units with a zero value with a plus sign, +0ex</test-title>
          <test-href>background-position-090.xht</test-href>
          <reference-value>=</reference-value>
          <reference-href>reference/background-position-004-ref.xht</reference-href>
          <flags>
              <flag>Ahem</flag><flag>Bitmaps</flag>
              </flags>
        </test><test>
          <test-title>Background-position using percentages with a negative zero value, -0%</test-title>
          <test-href>background-position-100.xht</test-href>
          <reference-value>=</reference-value>
          <reference-href>reference/background-position-004-ref.xht</reference-href>
          <flags>
              <flag>Bitmaps</flag>
              </flags>
        </test><test>
          <test-title>Background-position using percentages with a zero value, 0%</test-title>
          <test-href>background-position-101.xht</test-href>
          <reference-value>=</reference-value>
          <reference-href>reference/background-position-004-ref.xht</reference-href>
          <flags>
              <flag>Bitmaps</flag>
              </flags>
        </test><test>
          <test-title>Background-position using percentages with a zero value with a plus sign, +0%</test-title>
          <test-href>background-position-102.xht</test-href>
          <reference-value>=</reference-value>
          <reference-href>reference/background-position-004-ref.xht</reference-href>
          <flags>
              <flag>Bitmaps</flag>
              </flags>
        </test><test>
          <test-title>Background-position with a negative zero value, -0</test-title>
          <test-href>background-position-109.xht</test-href>
          <reference-value>=</reference-value>
          <reference-href>reference/background-position-004-ref.xht</reference-href>
          <flags>
              <flag>Bitmaps</flag>
              </flags>
        </test><test>
          <test-title>Background-position with a zero value, 0</test-title>
          <test-href>background-position-110.xht</test-href>
          <reference-value>=</reference-value>
          <reference-href>reference/background-position-004-ref.xht</reference-href>
          <flags>
              <flag>Bitmaps</flag>
              </flags>
        </test><test>
          <test-title>Background-position with a zero value and plus sign, +0</test-title>
          <test-href>background-position-111.xht</test-href>
          <reference-value>=</reference-value>
          <reference-href>reference/background-position-004-ref.xht</reference-href>
          <flags>
              <flag>Bitmaps</flag>
              </flags>
        </test><test>
          <test-title>Background-position using keyword values, left</test-title>
          <test-href>background-position-112.xht</test-href>
          <reference-value>=</reference-value>
          <reference-href>reference/background-position-004-ref.xht</reference-href>
          <flags>
              <flag>Bitmaps</flag>
              </flags>
        </test><test>
          <test-title>Background-position using keyword values, center</test-title>
          <test-href>background-position-113.xht</test-href>
          <reference-value>=</reference-value>
          <reference-href>reference/background-position-113-ref.xht</reference-href>
          <flags>
              <flag>Bitmaps</flag>
              </flags>
        </test><test>
          <test-title>Background-position using keyword values, right</test-title>
          <test-href>background-position-114.xht</test-href>
          <reference-value>=</reference-value>
          <reference-href>reference/background-position-114-ref.xht</reference-href>
          <flags>
              <flag>Bitmaps</flag>
              </flags>
        </test><test>
          <test-title>Background-position using keyword values, top</test-title>
          <test-href>background-position-115.xht</test-href>
          <reference-value>=</reference-value>
          <reference-href>reference/background-position-115-ref.xht</reference-href>
          <flags>
              <flag>Bitmaps</flag>
              </flags>
        </test><test>
          <test-title>Background-position using keyword values, bottom</test-title>
          <test-href>background-position-116.xht</test-href>
          <reference-value>=</reference-value>
          <reference-href>reference/background-position-116-ref.xht</reference-href>
          <flags>
              <flag>Bitmaps</flag>
              </flags>
        </test><test>
          <test-title>Background-position using two percentage values, 100% 100%</test-title>
          <test-href>background-position-117.xht</test-href>
          <reference-value>=</reference-value>
          <reference-href>reference/background-position-117-ref.xht</reference-href>
          <flags>
              <flag>Bitmaps</flag>
              </flags>
        </test><test>
          <test-title>Background-position using a percentage and length value, 100% 96px</test-title>
          <test-href>background-position-118.xht</test-href>
          <reference-value>=</reference-value>
          <reference-href>reference/background-position-114-ref.xht</reference-href>
          <flags>
              <flag>Bitmaps</flag>
              </flags>
        </test><test>
          <test-title>Background-position using a percentage and keyword value, 100% top</test-title>
          <test-href>background-position-119.xht</test-href>
          <reference-value>=</reference-value>
          <reference-href>reference/background-position-119-ref.xht</reference-href>
          <flags>
              <flag>Bitmaps</flag>
              </flags>
        </test><test>
          <test-title>Background-position using a percentage and keyword value, 100% center</test-title>
          <test-href>background-position-120.xht</test-href>
          <reference-value>=</reference-value>
          <reference-href>reference/background-position-114-ref.xht</reference-href>
          <flags>
              <flag>Bitmaps</flag>
              </flags>
        </test><test>
          <test-title>Background-position using a percentage and keyword value, 100% bottom</test-title>
          <test-href>background-position-121.xht</test-href>
          <reference-value>=</reference-value>
          <reference-href>reference/background-position-117-ref.xht</reference-href>
          <flags>
              <flag>Bitmaps</flag>
              </flags>
        </test><test>
          <test-title>Background-position using a length and percentage value, 96px 100%</test-title>
          <test-href>background-position-122.xht</test-href>
          <reference-value>=</reference-value>
          <reference-href>reference/background-position-116-ref.xht</reference-href>
          <flags>
              <flag>Bitmaps</flag>
              </flags>
        </test><test>
          <test-title>Background-position using two length values, 96px 192px</test-title>
          <test-href>background-position-123.xht</test-href>
          <reference-value>=</reference-value>
          <reference-href>reference/background-position-116-ref.xht</reference-href>
          <flags>
              <flag>Bitmaps</flag>
              </flags>
        </test><test>
          <test-title>Background-position using a length and a keyword value, 192px top</test-title>
          <test-href>background-position-124.xht</test-href>
          <reference-value>=</reference-value>
          <reference-href>reference/background-position-119-ref.xht</reference-href>
          <flags>
              <flag>Bitmaps</flag>
              </flags>
        </test><test>
          <test-title>Background-position using a length and a keyword value, 192px center</test-title>
          <test-href>background-position-125.xht</test-href>
          <reference-value>=</reference-value>
          <reference-href>reference/background-position-114-ref.xht</reference-href>
          <flags>
              <flag>Bitmaps</flag>
              </flags>
        </test><test>
          <test-title>Background-position using a length and a keyword value, 96px bottom</test-title>
          <test-href>background-position-126.xht</test-href>
          <reference-value>=</reference-value>
          <reference-href>reference/background-position-116-ref.xht</reference-href>
          <flags>
              <flag>Bitmaps</flag>
              </flags>
        </test><test>
          <test-title>Background-position using a keyword and percentage value, left 100%</test-title>
          <test-href>background-position-127.xht</test-href>
          <reference-value>=</reference-value>
          <reference-href>reference/background-position-127-ref.xht</reference-href>
          <flags>
              <flag>Bitmaps</flag>
              </flags>
        </test><test>
          <test-title>Background-position using a keyword and length value, left 96px</test-title>
          <test-href>background-position-128.xht</test-href>
          <reference-value>=</reference-value>
          <reference-href>reference/background-position-004-ref.xht</reference-href>
          <flags>
              <flag>Bitmaps</flag>
              </flags>
        </test><test>
          <test-title>Background-position using two keyword values, left top</test-title>
          <test-href>background-position-129.xht</test-href>
          <reference-value>=</reference-value>
          <reference-href>reference/background-position-129-ref.xht</reference-href>
          <flags>
              <flag>Bitmaps</flag>
              </flags>
        </test><test>
          <test-title>Background-position using two keyword values, left center</test-title>
          <test-href>background-position-130.xht</test-href>
          <reference-value>=</reference-value>
          <reference-href>reference/background-position-004-ref.xht</reference-href>
          <flags>
              <flag>Bitmaps</flag>
              </flags>
        </test><test>
          <test-title>Background-position using two keyword values, left bottom</test-title>
          <test-href>background-position-131.xht</test-href>
          <reference-value>=</reference-value>
          <reference-href>reference/background-position-127-ref.xht</reference-href>
          <flags>
              <flag>Bitmaps</flag>
              </flags>
        </test><test>
          <test-title>Background-position using a keyword and percentage value, center 100%</test-title>
          <test-href>background-position-132.xht</test-href>
          <reference-value>=</reference-value>
          <reference-href>reference/background-position-116-ref.xht</reference-href>
          <flags>
              <flag>Bitmaps</flag>
              </flags>
        </test><test>
          <test-title>Background-position using a keyword and length value, center 96px</test-title>
          <test-href>background-position-133.xht</test-href>
          <reference-value>=</reference-value>
          <reference-href>reference/background-position-113-ref.xht</reference-href>
          <flags>
              <flag>Bitmaps</flag>
              </flags>
        </test><test>
          <test-title>Background-position using two keyword values, center top</test-title>
          <test-href>background-position-134.xht</test-href>
          <reference-value>=</reference-value>
          <reference-href>reference/background-position-115-ref.xht</reference-href>
          <flags>
              <flag>Bitmaps</flag>
              </flags>
        </test><test>
          <test-title>Background-position using two keyword values, center center</test-title>
          <test-href>background-position-135.xht</test-href>
          <reference-value>=</reference-value>
          <reference-href>reference/background-position-113-ref.xht</reference-href>
          <flags>
              <flag>Bitmaps</flag>
              </flags>
        </test><test>
          <test-title>Background-position using two keyword values, center bottom</test-title>
          <test-href>background-position-136.xht</test-href>
          <reference-value>=</reference-value>
          <reference-href>reference/background-position-116-ref.xht</reference-href>
          <flags>
              <flag>Bitmaps</flag>
              </flags>
        </test><test>
          <test-title>Background-position using a keyword and percentage value, right 100%</test-title>
          <test-href>background-position-137.xht</test-href>
          <reference-value>=</reference-value>
          <reference-href>reference/background-position-117-ref.xht</reference-href>
          <flags>
              <flag>Bitmaps</flag>
              </flags>
        </test><test>
          <test-title>Background-position using a keyword and length value, right 96px</test-title>
          <test-href>background-position-138.xht</test-href>
          <reference-value>=</reference-value>
          <reference-href>reference/background-position-114-ref.xht</reference-href>
          <flags>
              <flag>Bitmaps</flag>
              </flags>
        </test><test>
          <test-title>Background-position using two keyword values, right top</test-title>
          <test-href>background-position-139.xht</test-href>
          <reference-value>=</reference-value>
          <reference-href>reference/background-position-119-ref.xht</reference-href>
          <flags>
              <flag>Bitmaps</flag>
              </flags>
        </test><test>
          <test-title>Background-position using two keyword values, right center</test-title>
          <test-href>background-position-140.xht</test-href>
          <reference-value>=</reference-value>
          <reference-href>reference/background-position-114-ref.xht</reference-href>
          <flags>
              <flag>Bitmaps</flag>
              </flags>
        </test><test>
          <test-title>Background-position using two keyword values, right bottom</test-title>
          <test-href>background-position-141.xht</test-href>
          <reference-value>=</reference-value>
          <reference-href>reference/background-position-117-ref.xht</reference-href>
          <flags>
              <flag>Bitmaps</flag>
              </flags>
        </test><test>
          <test-title>Background-position using two keyword values, top left</test-title>
          <test-href>background-position-142.xht</test-href>
          <reference-value>=</reference-value>
          <reference-href>reference/background-position-129-ref.xht</reference-href>
          <flags>
              <flag>Bitmaps</flag>
              </flags>
        </test><test>
          <test-title>Background-position using two keyword values, top center</test-title>
          <test-href>background-position-143.xht</test-href>
          <reference-value>=</reference-value>
          <reference-href>reference/background-position-115-ref.xht</reference-href>
          <flags>
              <flag>Bitmaps</flag>
              </flags>
        </test><test>
          <test-title>Background-position using two keyword values, top right</test-title>
          <test-href>background-position-144.xht</test-href>
          <reference-value>=</reference-value>
          <reference-href>reference/background-position-119-ref.xht</reference-href>
          <flags>
              <flag>Bitmaps</flag>
              </flags>
        </test><test>
          <test-title>Background-position using two keyword values, center left</test-title>
          <test-href>background-position-145.xht</test-href>
          <reference-value>=</reference-value>
          <reference-href>reference/background-position-004-ref.xht</reference-href>
          <flags>
              <flag>Bitmaps</flag>
              </flags>
        </test><test>
          <test-title>Background-position using two keyword values, center right</test-title>
          <test-href>background-position-146.xht</test-href>
          <reference-value>=</reference-value>
          <reference-href>reference/background-position-114-ref.xht</reference-href>
          <flags>
              <flag>Bitmaps</flag>
              </flags>
        </test><test>
          <test-title>Background-position using two keyword values, bottom left</test-title>
          <test-href>background-position-147.xht</test-href>
          <reference-value>=</reference-value>
          <reference-href>reference/background-position-127-ref.xht</reference-href>
          <flags>
              <flag>Bitmaps</flag>
              </flags>
        </test><test>
          <test-title>Background-position using two keyword values, bottom center</test-title>
          <test-href>background-position-148.xht</test-href>
          <reference-value>=</reference-value>
          <reference-href>reference/background-position-116-ref.xht</reference-href>
          <flags>
              <flag>Bitmaps</flag>
              </flags>
        </test><test>
          <test-title>Background-position using two keyword values, bottom right</test-title>
          <test-href>background-position-149.xht</test-href>
          <reference-value>=</reference-value>
          <reference-href>reference/background-position-117-ref.xht</reference-href>
          <flags>
              <flag>Bitmaps</flag>
              </flags>
        </test><test>
          <test-title>Background-position using 'inherit', inheriting one value</test-title>
          <test-href>background-position-150.xht</test-href>
          <reference-value>=</reference-value>
          <reference-href>reference/background-position-114-ref.xht</reference-href>
          <flags>
              <flag>Bitmaps</flag>
              </flags>
        </test><test>
          <test-title>Background-position using 'inherit', inheriting two values</test-title>
          <test-href>background-position-151.xht</test-href>
          <reference-value>=</reference-value>
          <reference-href>reference/background-position-116-ref.xht</reference-href>
          <flags>
              <flag>Bitmaps</flag>
              </flags>
        </test><test>
          <test-title>background-position - percentage values versus left offset and top offset percentages</test-title>
          <test-href>background-position-152.xht</test-href>
          <reference-value>=</reference-value>
          <reference-href>reference/background-position-152-ref.xht</reference-href>
          <flags>
              <flag>Bitmaps</flag>
              </flags>
        </test><test>
          <test-title>Background-position applied to elements with 'display' set to 'table-row-group'</test-title>
          <test-href>background-position-applies-to-001.xht</test-href>
          <reference-value>=</reference-value>
          <reference-href>reference/background-position-applies-to-001-ref.xht</reference-href>
          <flags>
              <flag>Bitmaps</flag>
              </flags>
        </test><test>
          <test-title>Background-position applied to elements with 'display' set to 'table-row-group'</test-title>
          <test-href>background-position-applies-to-001a.xht</test-href>
          <reference-value>=</reference-value>
          <reference-href>reference/background-position-applies-to-001a-ref.xht</reference-href>
          <flags>
              <flag>Bitmaps</flag>
              </flags>
        </test><test>
          <test-title>Background-position applied to elements with 'display' set to 'table-row-group'</test-title>
          <test-href>background-position-applies-to-001b.xht</test-href>
          <reference-value>=</reference-value>
          <reference-href>reference/background-position-applies-to-001b-ref.xht</reference-href>
          <flags>
              <flag>Bitmaps</flag>
              </flags>
        </test><test>
          <test-title>Background-position applied to elements with 'display' set to 'table-row-group'</test-title>
          <test-href>background-position-applies-to-001c.xht</test-href>
          <reference-value>=</reference-value>
          <reference-href>reference/background-position-applies-to-001b-ref.xht</reference-href>
          <flags>
              <flag>Bitmaps</flag>
              </flags>
        </test><test>
          <test-title>Background-position applied to elements with 'display' set to 'table-row-group'</test-title>
          <test-href>background-position-applies-to-001d.xht</test-href>
          <reference-value>=</reference-value>
          <reference-href>reference/background-position-applies-to-001b-ref.xht</reference-href>
          <flags>
              <flag>Bitmaps</flag>
              </flags>
        </test><test>
          <test-title>Background-position applied to elements with 'display' set to 'table-row-group'</test-title>
          <test-href>background-position-applies-to-001e.xht</test-href>
          <reference-value>=</reference-value>
          <reference-href>reference/background-position-applies-to-001e-ref.xht</reference-href>
          <flags>
              <flag>Bitmaps</flag>
              </flags>
        </test><test>
          <test-title>Background-position applied to elements with 'display' set to 'table-header-group'</test-title>
          <test-href>background-position-applies-to-002.xht</test-href>
          <reference-value>=</reference-value>
          <reference-href>reference/background-position-applies-to-001-ref.xht</reference-href>
          <flags>
              <flag>Bitmaps</flag>
              </flags>
        </test><test>
          <test-title>Background-position applied to elements with 'display' set to 'table-header-group'</test-title>
          <test-href>background-position-applies-to-002a.xht</test-href>
          <reference-value>=</reference-value>
          <reference-href>reference/background-position-applies-to-001a-ref.xht</reference-href>
          <flags>
              <flag>Bitmaps</flag>
              </flags>
        </test><test>
          <test-title>Background-position applied to elements with 'display' set to 'table-header-group'</test-title>
          <test-href>background-position-applies-to-002b.xht</test-href>
          <reference-value>=</reference-value>
          <reference-href>reference/background-position-applies-to-001b-ref.xht</reference-href>
          <flags>
              <flag>Bitmaps</flag>
              </flags>
        </test><test>
          <test-title>Background-position applied to elements with 'display' set to 'table-header-group'</test-title>
          <test-href>background-position-applies-to-002c.xht</test-href>
          <reference-value>=</reference-value>
          <reference-href>reference/background-position-applies-to-001b-ref.xht</reference-href>
          <flags>
              <flag>Bitmaps</flag>
              </flags>
        </test><test>
          <test-title>Background-position applied to elements with 'display' set to 'table-header-group'</test-title>
          <test-href>background-position-applies-to-002d.xht</test-href>
          <reference-value>=</reference-value>
          <reference-href>reference/background-position-applies-to-001b-ref.xht</reference-href>
          <flags>
              <flag>Bitmaps</flag>
              </flags>
        </test><test>
          <test-title>Background-position applied to elements with 'display' set to 'table-header-group'</test-title>
          <test-href>background-position-applies-to-002e.xht</test-href>
          <reference-value>=</reference-value>
          <reference-href>reference/background-position-applies-to-001e-ref.xht</reference-href>
          <flags>
              <flag>Bitmaps</flag>
              </flags>
        </test><test>
          <test-title>Background-position applied to elements with 'display' set to 'table-footer-group'</test-title>
          <test-href>background-position-applies-to-003.xht</test-href>
          <reference-value>=</reference-value>
          <reference-href>reference/background-position-applies-to-001-ref.xht</reference-href>
          <flags>
              <flag>Bitmaps</flag>
              </flags>
        </test><test>
          <test-title>Background-position applied to elements with 'display' set to 'table-footer-group'</test-title>
          <test-href>background-position-applies-to-003b.xht</test-href>
          <reference-value>=</reference-value>
          <reference-href>reference/background-position-applies-to-001b-ref.xht</reference-href>
          <flags>
              <flag>Bitmaps</flag>
              </flags>
        </test><test>
          <test-title>Background-position applied to elements with 'display' set to 'table-footer-group'</test-title>
          <test-href>background-position-applies-to-003c.xht</test-href>
          <reference-value>=</reference-value>
          <reference-href>reference/background-position-applies-to-001b-ref.xht</reference-href>
          <flags>
              <flag>Bitmaps</flag>
              </flags>
        </test><test>
          <test-title>Background-position applied to elements with 'display' set to 'table-footer-group'</test-title>
          <test-href>background-position-applies-to-003d.xht</test-href>
          <reference-value>=</reference-value>
          <reference-href>reference/background-position-applies-to-001b-ref.xht</reference-href>
          <flags>
              <flag>Bitmaps</flag>
              </flags>
        </test><test>
          <test-title>Background-position applied to elements with 'display' set to 'table-footer-group'</test-title>
          <test-href>background-position-applies-to-003e.xht</test-href>
          <reference-value>=</reference-value>
          <reference-href>reference/background-position-applies-to-001e-ref.xht</reference-href>
          <flags>
              <flag>Bitmaps</flag>
              </flags>
        </test><test>
          <test-title>Background-position applied to elements with 'display' set to 'table-row'</test-title>
          <test-href>background-position-applies-to-004.xht</test-href>
          <reference-value>=</reference-value>
          <reference-href>reference/background-position-applies-to-001-ref.xht</reference-href>
          <flags>
              <flag>Bitmaps</flag>
              </flags>
        </test><test>
          <test-title>Background-position applied to elements with 'display' set to 'table-column-group'</test-title>
          <test-href>background-position-applies-to-005.xht</test-href>
          <reference-value>=</reference-value>
          <reference-href>reference/background-position-applies-to-001-ref.xht</reference-href>
          <flags>
              <flag>Bitmaps</flag>
              </flags>
        </test><test>
          <test-title>Background-position applied to elements with 'display' set to 'table-column-group'</test-title>
          <test-href>background-position-applies-to-005a.xht</test-href>
          <reference-value>=</reference-value>
          <reference-href>reference/background-position-applies-to-001a-ref.xht</reference-href>
          <flags>
              <flag>Bitmaps</flag>
              </flags>
        </test><test>
          <test-title>Background-position applied to elements with 'display' set to 'table-column-group'</test-title>
          <test-href>background-position-applies-to-005b.xht</test-href>
          <reference-value>=</reference-value>
          <reference-href>reference/background-position-applies-to-001b-ref.xht</reference-href>
          <flags>
              <flag>Bitmaps</flag>
              </flags>
        </test><test>
          <test-title>Background-position applied to elements with 'display' set to 'table-column-group'</test-title>
          <test-href>background-position-applies-to-005c.xht</test-href>
          <reference-value>=</reference-value>
          <reference-href>reference/background-position-applies-to-001b-ref.xht</reference-href>
          <flags>
              <flag>Bitmaps</flag>
              </flags>
        </test><test>
          <test-title>Background-position applied to elements with 'display' set to 'table-column-group'</test-title>
          <test-href>background-position-applies-to-005d.xht</test-href>
          <reference-value>=</reference-value>
          <reference-href>reference/background-position-applies-to-001b-ref.xht</reference-href>
          <flags>
              <flag>Bitmaps</flag>
              </flags>
        </test><test>
          <test-title>Background-position applied to elements with 'display' set to 'table-column-group'</test-title>
          <test-href>background-position-applies-to-005e.xht</test-href>
          <reference-value>=</reference-value>
          <reference-href>reference/background-position-applies-to-001e-ref.xht</reference-href>
          <flags>
              <flag>Bitmaps</flag>
              </flags>
        </test><test>
          <test-title>Background-position applied to elements with 'display' set to 'table-column'</test-title>
          <test-href>background-position-applies-to-006.xht</test-href>
          <reference-value>=</reference-value>
          <reference-href>reference/background-position-applies-to-001-ref.xht</reference-href>
          <flags>
              <flag>Bitmaps</flag>
              </flags>
        </test><test>
          <test-title>Background-position applied to elements with 'display' set to 'table-column'</test-title>
          <test-href>background-position-applies-to-006a.xht</test-href>
          <reference-value>=</reference-value>
          <reference-href>reference/background-position-applies-to-001a-ref.xht</reference-href>
          <flags>
              <flag>Bitmaps</flag>
              </flags>
        </test><test>
          <test-title>Background-position applied to elements with 'display' set to 'table-column'</test-title>
          <test-href>background-position-applies-to-006b.xht</test-href>
          <reference-value>=</reference-value>
          <reference-href>reference/background-position-applies-to-001b-ref.xht</reference-href>
          <flags>
              <flag>Bitmaps</flag>
              </flags>
        </test><test>
          <test-title>Background-position applied to elements with 'display' set to 'table-column'</test-title>
          <test-href>background-position-applies-to-006c.xht</test-href>
          <reference-value>=</reference-value>
          <reference-href>reference/background-position-applies-to-001b-ref.xht</reference-href>
          <flags>
              <flag>Bitmaps</flag>
              </flags>
        </test><test>
          <test-title>Background-position applied to elements with 'display' set to 'table-column'</test-title>
          <test-href>background-position-applies-to-006d.xht</test-href>
          <reference-value>=</reference-value>
          <reference-href>reference/background-position-applies-to-001b-ref.xht</reference-href>
          <flags>
              <flag>Bitmaps</flag>
              </flags>
        </test><test>
          <test-title>Background-position applied to elements with 'display' set to 'table-column'</test-title>
          <test-href>background-position-applies-to-006e.xht</test-href>
          <reference-value>=</reference-value>
          <reference-href>reference/background-position-applies-to-001e-ref.xht</reference-href>
          <flags>
              <flag>Bitmaps</flag>
              </flags>
        </test><test>
          <test-title>Background-position applied to elements with 'display' set to 'table-cell'</test-title>
          <test-href>background-position-applies-to-007.xht</test-href>
          <reference-value>=</reference-value>
          <reference-href>reference/background-position-applies-to-001-ref.xht</reference-href>
          <flags>
              <flag>Bitmaps</flag>
              </flags>
        </test><test>
          <test-title>Background-position applied to elements with 'display' set to 'block'</test-title>
          <test-href>background-position-applies-to-009.xht</test-href>
          <reference-value>=</reference-value>
          <reference-href>reference/background-position-applies-to-001-ref.xht</reference-href>
          <flags>
              <flag>Bitmaps</flag>
              </flags>
        </test><test>
          <test-title>Background-position applied to elements with 'display' set to 'inline-block'</test-title>
          <test-href>background-position-applies-to-012.xht</test-href>
          <reference-value>=</reference-value>
          <reference-href>reference/background-position-applies-to-001-ref.xht</reference-href>
          <flags>
              <flag>Bitmaps</flag>
              </flags>
        </test><test>
          <test-title>Background-position applied to elements with 'display' set to 'table'</test-title>
          <test-href>background-position-applies-to-013.xht</test-href>
          <reference-value>=</reference-value>
          <reference-href>reference/background-position-applies-to-001-ref.xht</reference-href>
          <flags>
              <flag>Bitmaps</flag>
              </flags>
        </test><test>
          <test-title>Background-position applied to elements with 'display' set to 'table'</test-title>
          <test-href>background-position-applies-to-013d.xht</test-href>
          <reference-value>=</reference-value>
          <reference-href>reference/background-position-applies-to-001b-ref.xht</reference-href>
          <flags>
              <flag>Bitmaps</flag>
              </flags>
        </test><test>
          <test-title>Background-position applied to elements with 'display' set to 'table'</test-title>
          <test-href>background-position-applies-to-013e.xht</test-href>
          <reference-value>=</reference-value>
          <reference-href>reference/background-position-applies-to-001e-ref.xht</reference-href>
          <flags>
              <flag>Bitmaps</flag>
              </flags>
        </test><test>
          <test-title>Background-position applied to elements with 'display' set to 'inline-table'</test-title>
          <test-href>background-position-applies-to-014.xht</test-href>
          <reference-value>=</reference-value>
          <reference-href>reference/background-position-applies-to-001-ref.xht</reference-href>
          <flags>
              <flag>Bitmaps</flag>
              </flags>
        </test><test>
          <test-title>Background-position applied to elements with 'display' set to 'table-caption'</test-title>
          <test-href>background-position-applies-to-015.xht</test-href>
          <reference-value>=</reference-value>
          <reference-href>reference/background-position-applies-to-001-ref.xht</reference-href>
          <flags>
              <flag>Bitmaps</flag>
              </flags>
        </test><test>
          <test-title>Background-repeat set to 'repeat'</test-title>
          <test-href>background-repeat-001.xht</test-href>
          <reference-value>=</reference-value>
          <reference-href>reference/background-repeat-001-ref.xht</reference-href>
          <flags>
              <flag>Bitmaps</flag>
              </flags>
        </test><test>
          <test-title>Background-repeat set to 'repeat-x'</test-title>
          <test-href>background-repeat-002.xht</test-href>
          <reference-value>=</reference-value>
          <reference-href>reference/background-repeat-002-ref.xht</reference-href>
          <flags>
              <flag>Bitmaps</flag>
              </flags>
        </test><test>
          <test-title>Background-repeat set to 'repeat-y'</test-title>
          <test-href>background-repeat-003.xht</test-href>
          <reference-value>=</reference-value>
          <reference-href>reference/background-repeat-003-ref.xht</reference-href>
          <flags>
              <flag>Bitmaps</flag>
              </flags>
        </test><test>
          <test-title>Background-repeat set to 'no-repeat'</test-title>
          <test-href>background-repeat-004.xht</test-href>
          <reference-value>=</reference-value>
          <reference-href>reference/background-repeat-004-ref.xht</reference-href>
          <flags>
              <flag>Bitmaps</flag>
              </flags>
        </test><test>
          <test-title>Background-repeat set to 'inherit'</test-title>
          <test-href>background-repeat-005.xht</test-href>
          <reference-value>=</reference-value>
          <reference-href>reference/background-repeat-002-ref.xht</reference-href>
          <flags>
              <flag>Bitmaps</flag>
              </flags>
        </test><test>
          <test-title>Background-repeat applied to elements with 'display' set to 'table-row-group'</test-title>
          <test-href>background-repeat-applies-to-001.xht</test-href>
          <reference-value>=</reference-value>
          <reference-href>reference/ref-filled-green-100px-square.xht</reference-href>
          <flags>
              <flag>Bitmaps</flag>
              </flags>
        </test><test>
          <test-title>Background-repeat applied to elements with 'display' set to 'table-header-group'</test-title>
          <test-href>background-repeat-applies-to-002.xht</test-href>
          <reference-value>=</reference-value>
          <reference-href>reference/ref-filled-green-100px-square.xht</reference-href>
          <flags>
              <flag>Bitmaps</flag>
              </flags>
        </test><test>
          <test-title>Background-repeat applied to elements with 'display' set to 'table-footer-group'</test-title>
          <test-href>background-repeat-applies-to-003.xht</test-href>
          <reference-value>=</reference-value>
          <reference-href>reference/ref-filled-green-100px-square.xht</reference-href>
          <flags>
              <flag>Bitmaps</flag>
              </flags>
        </test><test>
          <test-title>Background-repeat applied to elements with 'display' set to 'table-row'</test-title>
          <test-href>background-repeat-applies-to-004.xht</test-href>
          <reference-value>=</reference-value>
          <reference-href>reference/ref-filled-green-100px-square.xht</reference-href>
          <flags>
              <flag>Bitmaps</flag>
              </flags>
        </test><test>
          <test-title>Background-repeat applied to elements with 'display' set to 'table-column-group'</test-title>
          <test-href>background-repeat-applies-to-005.xht</test-href>
          <reference-value>=</reference-value>
          <reference-href>reference/ref-filled-green-100px-square.xht</reference-href>
          <flags>
              <flag>Bitmaps</flag>
              </flags>
        </test><test>
          <test-title>Background-repeat applied to elements with 'display' set to 'table-column'</test-title>
          <test-href>background-repeat-applies-to-006.xht</test-href>
          <reference-value>=</reference-value>
          <reference-href>reference/ref-filled-green-100px-square.xht</reference-href>
          <flags>
              <flag>Bitmaps</flag>
              </flags>
        </test><test>
          <test-title>Background-repeat applied to elements with 'display' set to 'table-cell'</test-title>
          <test-href>background-repeat-applies-to-007.xht</test-href>
          <reference-value>=</reference-value>
          <reference-href>reference/ref-filled-green-100px-square.xht</reference-href>
          <flags>
              <flag>Bitmaps</flag>
              </flags>
        </test><test>
          <test-title>Background-repeat applied to elements with 'display' set to 'block'</test-title>
          <test-href>background-repeat-applies-to-009.xht</test-href>
          <reference-value>=</reference-value>
          <reference-href>reference/ref-filled-green-100px-square.xht</reference-href>
          <flags>
              <flag>Bitmaps</flag>
              </flags>
        </test><test>
          <test-title>Background-repeat applied to elements with 'display' set to 'inline-block'</test-title>
          <test-href>background-repeat-applies-to-012.xht</test-href>
          <reference-value>=</reference-value>
          <reference-href>reference/ref-filled-green-100px-square.xht</reference-href>
          <flags>
              <flag>Bitmaps</flag>
              </flags>
        </test><test>
          <test-title>Background-repeat applied to elements with 'display' set to 'table'</test-title>
          <test-href>background-repeat-applies-to-013.xht</test-href>
          <reference-value>=</reference-value>
          <reference-href>reference/ref-filled-green-100px-square.xht</reference-href>
          <flags>
              <flag>Bitmaps</flag>
              </flags>
        </test><test>
          <test-title>Background-repeat applied to elements with 'display' set to 'inline-table'</test-title>
          <test-href>background-repeat-applies-to-014.xht</test-href>
          <reference-value>=</reference-value>
          <reference-href>reference/ref-filled-green-100px-square.xht</reference-href>
          <flags>
              <flag>Bitmaps</flag>
              </flags>
        </test><test>
          <test-title>Background-repeat applied to elements with 'display' set to 'table-caption'</test-title>
          <test-href>background-repeat-applies-to-015.xht</test-href>
          <reference-value>=</reference-value>
          <reference-href>reference/ref-filled-green-100px-square.xht</reference-href>
          <flags>
              <flag>Bitmaps</flag>
              </flags>
        </test><test>
          <test-title>background-repeat:no-repeat</test-title>
          <test-href>background-repeat-no-repeat.xht</test-href>
          <reference-value>=</reference-value>
          <reference-href>reference/background-repeat-no-repeat.xht</reference-href>
          <flags>
              <flag>Bitmaps</flag>
              </flags>
        </test><test>
          <test-title>background-repeat:repeat-x</test-title>
          <test-href>background-repeat-repeat-x.xht</test-href>
          <reference-value>=</reference-value>
          <reference-href>reference/background-repeat-repeat-x.xht</reference-href>
          <flags>
              <flag>Bitmaps</flag>
              </flags>
        </test><test>
          <test-title>background-repeat:repeat-y</test-title>
          <test-href>background-repeat-repeat-y.xht</test-href>
          <reference-value>=</reference-value>
          <reference-href>reference/background-repeat-repeat-y.xht</reference-href>
          <flags>
              <flag>Bitmaps</flag>
              </flags>
        </test><test>
          <test-title>Background resets all background settings</test-title>
          <test-href>background-reset-001.xht</test-href>
          <reference-value>=</reference-value>
          <reference-href>reference/ref-if-there-is-no-red.xht</reference-href>
          
        </test><test>
          <test-title>Background on root element</test-title>
          <test-href>background-root-001.xht</test-href>
          <reference-value>=</reference-value>
          <reference-href>reference/background-root-001-ref.xht</reference-href>
          
        </test><test>
          <test-title>Background on root element - background-position</test-title>
          <test-href>background-root-002.xht</test-href>
          <reference-value>=</reference-value>
          <reference-href>reference/background-root-002-ref.xht</reference-href>
          <flags>
              <flag>Bitmaps</flag>
              </flags>
        </test><test>
          <test-title>Backgrounds on &lt;body&gt; and &lt;html&gt; - color vs color</test-title>
          <test-href>background-root-004.xht</test-href>
          <reference-value>=</reference-value>
          <reference-href>reference/background-root-004-ref.xht</reference-href>
          
        </test><test>
          <test-title>Backgrounds on &lt;body&gt; and &lt;html&gt; - color vs. transparent</test-title>
          <test-href>background-root-005.xht</test-href>
          <reference-value>=</reference-value>
          <reference-href>reference/background-root-005-ref.xht</reference-href>
          
        </test><test>
          <test-title>Image backgrounds on &lt;body&gt; and &lt;html&gt; - image vs. color</test-title>
          <test-href>background-root-006.xht</test-href>
          <reference-value>=</reference-value>
          <reference-href>reference/background-root-006-ref.xht</reference-href>
          <flags>
              <flag>Bitmaps</flag>
              </flags>
        </test><test>
          <test-title>Image backgrounds on &lt;body&gt; and &lt;html&gt; - image vs. transparent</test-title>
          <test-href>background-root-007.xht</test-href>
          <reference-value>=</reference-value>
          <reference-href>reference/background-root-007-ref.xht</reference-href>
          <flags>
              <flag>Bitmaps</flag>
              </flags>
        </test><test>
          <test-title>Background propagation on &lt;body&gt; and &lt;html&gt; - repeat-y</test-title>
          <test-href>background-root-008.xht</test-href>
          <reference-value>=</reference-value>
          <reference-href>reference/background-root-008-ref.xht</reference-href>
          <flags>
              <flag>Bitmaps</flag>
              </flags>
        </test><test>
          <test-title>Backgrounds on &lt;body&gt; and &lt;html&gt; - propagation vs. repeat</test-title>
          <test-href>background-root-009.xht</test-href>
          <reference-value>=</reference-value>
          <reference-href>reference/background-root-008-ref.xht</reference-href>
          <flags>
              <flag>Bitmaps</flag>
              </flags>
        </test><test>
          <test-title>Background propagation on &lt;body&gt; and &lt;html&gt; - propagation vs. image</test-title>
          <test-href>background-root-010.xht</test-href>
          <reference-value>=</reference-value>
          <reference-href>reference/background-root-010-ref.xht</reference-href>
          <flags>
              <flag>Bitmaps</flag>
              </flags>
        </test><test>
          <test-title>Background propagation on &lt;body&gt; and &lt;html&gt; - fully transparent</test-title>
          <test-href>background-root-011.xht</test-href>
          <reference-value>=</reference-value>
          <reference-href>reference/background-root-011-ref.xht</reference-href>
          
        </test><test>
          <test-title>Background propagation on &lt;body&gt; and &lt;html&gt; - double positioning</test-title>
          <test-href>background-root-015.xht</test-href>
          <reference-value>=</reference-value>
          <reference-href>reference/background-root-015-ref.xht</reference-href>
          <flags>
              <flag>Bitmaps</flag>
              </flags>
        </test><test>
          <test-title>Background propagation on &lt;body&gt; and &lt;html&gt; - canvas positioning</test-title>
          <test-href>background-root-016.xht</test-href>
          <reference-value>=</reference-value>
          <reference-href>reference/background-root-016-ref.xht</reference-href>
          
        </test><test>
          <test-title>Background propagation on &lt;body&gt; and &lt;html&gt; - Tiling and positioning</test-title>
          <test-href>background-root-018.xht</test-href>
          <reference-value>=</reference-value>
          <reference-href>reference/background-root-018-ref.xht</reference-href>
          <flags>
              <flag>Bitmaps</flag>
              </flags>
        </test><test>
          <test-title>Canvas background - position</test-title>
          <test-href>background-root-019.xht</test-href>
          <reference-value>=</reference-value>
          <reference-href>reference/background-root-019-ref.xht</reference-href>
          
        </test><test>
          <test-title>Background: Test Seventeen</test-title>
          <test-href>background-root-020.xht</test-href>
          <reference-value>=</reference-value>
          <reference-href>reference/background-root-020-ref.xht</reference-href>
          
        </test><test>
          <test-title>Opera Tests: Background: Test Twenty Three</test-title>
          <test-href>background-root-023.xht</test-href>
          <reference-value>=</reference-value>
          <reference-href>reference/background-root-023-ref.xht</reference-href>
          
        </test><test>
          <test-title>Repeating Backgrounds: Y</test-title>
          <test-href>background-root-024.xht</test-href>
          <reference-value>=</reference-value>
          <reference-href>reference/background-root-024-ref.xht</reference-href>
          
        </test><test>
          <test-title>CSS: Changing the background of the BODY element by changing a sibling's class</test-title>
          <test-href>background-root-101.xht</test-href>
          <reference-value>=</reference-value>
          <reference-href>reference/background-root-101-ref.xht</reference-href>
          <flags>
              <flag>DOM/JS</flag>
              </flags>
        </test><test>
          <test-title>CSS: Changing the background of the BODY element by changing its class</test-title>
          <test-href>background-root-102.xht</test-href>
          <reference-value>=</reference-value>
          <reference-href>reference/background-root-101-ref.xht</reference-href>
          <flags>
              <flag>DOM/JS</flag>
              </flags>
        </test><test>
          <test-title>CSS: Changing the background of the BODY element by changing a parent's attribute</test-title>
          <test-href>background-root-103.xht</test-href>
          <reference-value>=</reference-value>
          <reference-href>reference/background-root-101-ref.xht</reference-href>
          <flags>
              <flag>DOM/JS</flag>
              </flags>
        </test><test>
          <test-title>Parsing of bad selectors</test-title>
          <test-href>bad-selector-001.xht</test-href>
          <reference-value>=</reference-value>
          <reference-href>reference/no-red-filler-text-ref.xht</reference-href>
          <flags>
              <flag>Invalid</flag>
              </flags>
        </test><test>
          <test-title>Before, after applies to same selector</test-title>
          <test-href>before-after-001.xht</test-href>
          <reference-value>=</reference-value>
          <reference-href>reference/no-red-on-blank-page-ref.xht</reference-href>
          <flags>
              <flag>Invalid</flag>
              </flags>
        </test><test>
          <test-title>CSS table model and generated content: Basics</test-title>
          <test-href>before-after-011.xht</test-href>
          <reference-value>=</reference-value>
          <reference-href>reference/before-after-011-ref.xht</reference-href>
          
        </test><test>
          <test-title>generated content</test-title>
          <test-href>before-after-display-types-001.xht</test-href>
          <reference-value>=</reference-value>
          <reference-href>reference/before-after-display-types-001-ref.xht</reference-href>
          
        </test><test>
          <test-title>generated content</test-title>
          <test-href>before-after-dynamic-attr-001.xht</test-href>
          <reference-value>=</reference-value>
          <reference-href>reference/before-after-dynamic-attr-001-ref.xht</reference-href>
          <flags>
              <flag>DOM/JS</flag>
              </flags>
        </test><test>
          <test-title>generated content</test-title>
          <test-href>before-after-dynamic-restyle-001.xht</test-href>
          <reference-value>=</reference-value>
          <reference-href>reference/before-after-dynamic-restyle-001-ref.xht</reference-href>
          <flags>
              <flag>DOM/JS</flag>
              </flags>
        </test><test>
          <test-title>generated content</test-title>
          <test-href>before-after-floated-001.xht</test-href>
          <reference-value>=</reference-value>
          <reference-href>reference/before-after-floated-001-ref.xht</reference-href>
          
        </test><test>
          <test-title>generated content</test-title>
          <test-href>before-after-images-001.xht</test-href>
          <reference-value>=</reference-value>
          <reference-href>reference/before-after-images-001-ref.xht</reference-href>
          
        </test><test>
          <test-title>generated content</test-title>
          <test-href>before-after-positioned-001.xht</test-href>
          <reference-value>=</reference-value>
          <reference-href>reference/before-after-positioned-001-ref.xht</reference-href>
          
        </test><test>
          <test-title>generated content</test-title>
          <test-href>before-after-table-parts-001.xht</test-href>
          <reference-value>=</reference-value>
          <reference-href>reference/before-after-table-parts-001-ref.xht</reference-href>
          
        </test><test>
          <test-title>generated content</test-title>
          <test-href>before-after-table-whitespace-001.xht</test-href>
          <reference-value>=</reference-value>
          <reference-href>reference/before-after-table-whitespace-001-ref.xht</reference-href>
          
        </test><test>
          <test-title>:before generated content - display inline</test-title>
          <test-href>before-content-display-001.xht</test-href>
          <reference-value>=</reference-value>
          <reference-href>reference/after-content-display-001-ref.xht</reference-href>
          
        </test><test>
          <test-title>:before generated content - display block</test-title>
          <test-href>before-content-display-002.xht</test-href>
          <reference-value>=</reference-value>
          <reference-href>reference/after-content-display-002-ref.xht</reference-href>
          
        </test><test>
          <test-title>:before generated content - display list-item</test-title>
          <test-href>before-content-display-003.xht</test-href>
          <reference-value>=</reference-value>
          <reference-href>reference/before-content-display-003-ref.xht</reference-href>
          
        </test><test>
          <test-title>:before generated content - display inline-block</test-title>
          <test-href>before-content-display-005.xht</test-href>
          <reference-value>=</reference-value>
          <reference-href>reference/after-content-display-001-ref.xht</reference-href>
          
        </test><test>
          <test-title>:before generated content - display table</test-title>
          <test-href>before-content-display-006.xht</test-href>
          <reference-value>=</reference-value>
          <reference-href>reference/after-content-display-002-ref.xht</reference-href>
          
        </test><test>
          <test-title>:before generated content - display inline-table</test-title>
          <test-href>before-content-display-007.xht</test-href>
          <reference-value>=</reference-value>
          <reference-href>reference/after-content-display-001-ref.xht</reference-href>
          
        </test><test>
          <test-title>:before generated content - display table-row-group</test-title>
          <test-href>before-content-display-008.xht</test-href>
          <reference-value>=</reference-value>
          <reference-href>reference/after-content-display-002-ref.xht</reference-href>
          
        </test><test>
          <test-title>:before generated content - display table-header-group</test-title>
          <test-href>before-content-display-009.xht</test-href>
          <reference-value>=</reference-value>
          <reference-href>reference/after-content-display-002-ref.xht</reference-href>
          
        </test><test>
          <test-title>:before generated content - display table-footer-group</test-title>
          <test-href>before-content-display-010.xht</test-href>
          <reference-value>=</reference-value>
          <reference-href>reference/after-content-display-002-ref.xht</reference-href>
          
        </test><test>
          <test-title>:before generated content - display table-row</test-title>
          <test-href>before-content-display-011.xht</test-href>
          <reference-value>=</reference-value>
          <reference-href>reference/after-content-display-002-ref.xht</reference-href>
          
        </test><test>
          <test-title>:before generated content - display table-column-group</test-title>
          <test-href>before-content-display-012.xht</test-href>
          <reference-value>=</reference-value>
          <reference-href>reference/after-content-display-012-ref.xht</reference-href>
          
        </test><test>
          <test-title>:before generated content - display table-column</test-title>
          <test-href>before-content-display-013.xht</test-href>
          <reference-value>=</reference-value>
          <reference-href>reference/after-content-display-012-ref.xht</reference-href>
          
        </test><test>
          <test-title>:before generated content - display table-cell</test-title>
          <test-href>before-content-display-014.xht</test-href>
          <reference-value>=</reference-value>
          <reference-href>reference/after-content-display-002-ref.xht</reference-href>
          
        </test><test>
          <test-title>:before generated content - display table-caption</test-title>
          <test-href>before-content-display-015.xht</test-href>
          <reference-value>=</reference-value>
          <reference-href>reference/after-content-display-002-ref.xht</reference-href>
          
        </test><test>
          <test-title>:before generated content - display none</test-title>
          <test-href>before-content-display-016.xht</test-href>
          <reference-value>=</reference-value>
          <reference-href>reference/after-content-display-012-ref.xht</reference-href>
          
        </test><test>
          <test-title>:before generated content - display inherit</test-title>
          <test-href>before-content-display-017.xht</test-href>
          <reference-value>=</reference-value>
          <reference-href>reference/after-content-display-002-ref.xht</reference-href>
          
        </test><test>
          <test-title>:before generated content - initial value of display</test-title>
          <test-href>before-content-display-018.xht</test-href>
          <reference-value>=</reference-value>
          <reference-href>reference/after-content-display-001-ref.xht</reference-href>
          
        </test><test>
          <test-title>RLO/PDF bidi reordering across closing inline element boundary</test-title>
          <test-href>bidi-001.xht</test-href>
          <reference-value>=</reference-value>
          <reference-href>reference/bidi-001-ref.xht</reference-href>
          
        </test><test>
          <test-title>RLO/PDF bidi reordering across closing inline element boundary + soft line break</test-title>
          <test-href>bidi-002.xht</test-href>
          <reference-value>=</reference-value>
          <reference-href>reference/bidi-002-ref.xht</reference-href>
          
        </test><test>
          <test-title>RLO/PDF bidi reordering across closing inline element boundary + opening inline boundary</test-title>
          <test-href>bidi-003.xht</test-href>
          <reference-value>=</reference-value>
          <reference-href>reference/bidi-003-ref.xht</reference-href>
          
        </test><test>
          <test-title>The bidi algorithm and inlines in CSS</test-title>
          <test-href>bidi-004.xht</test-href>
          <reference-value>=</reference-value>
          <reference-href>reference/bidi-004-ref.xht</reference-href>
          <flags>
              <flag>Ahem</flag><flag>Optional</flag>
              </flags>
        </test><test>
          <test-title>The bidi algorithm and inlines in CSS: embed levels and white-space: pre;</test-title>
          <test-href>bidi-005a.xht</test-href>
          <reference-value>=</reference-value>
          <reference-href>reference/bidi-005a-ref.xht</reference-href>
          
        </test><test>
          <test-title>The bidi algorithm and inlines in CSS: embed levels and white-space: pre;</test-title>
          <test-href>bidi-005b.xht</test-href>
          <reference-value>=</reference-value>
          <reference-href>reference/bidi-005b-ref.xht</reference-href>
          
        </test><test>
          <test-title>The bidi algorithm and inlines in CSS: embed levels and white-space: nowrap;</test-title>
          <test-href>bidi-006a.xht</test-href>
          <reference-value>=</reference-value>
          <reference-href>reference/bidi-005a-ref.xht</reference-href>
          
        </test><test>
          <test-title>The bidi algorithm and inlines in CSS: embed levels and white-space: nowrap;</test-title>
          <test-href>bidi-006b.xht</test-href>
          <reference-value>=</reference-value>
          <reference-href>reference/bidi-005b-ref.xht</reference-href>
          
        </test><test>
          <test-title>The bidi algorithm and inlines in CSS: embed levels and float: left;</test-title>
          <test-href>bidi-007a.xht</test-href>
          <reference-value>=</reference-value>
          <reference-href>reference/bidi-007a-ref.xht</reference-href>
          
        </test><test>
          <test-title>The bidi algorithm and inlines in CSS: embed levels and float: left;</test-title>
          <test-href>bidi-007b.xht</test-href>
          <reference-value>=</reference-value>
          <reference-href>reference/bidi-007b-ref.xht</reference-href>
          
        </test><test>
          <test-title>The bidi algorithm and inlines in CSS: embed levels and display: table;</test-title>
          <test-href>bidi-008a.xht</test-href>
          <reference-value>=</reference-value>
          <reference-href>reference/bidi-008a-ref.xht</reference-href>
          
        </test><test>
          <test-title>The bidi algorithm and inlines in CSS: embed levels and display: table;</test-title>
          <test-href>bidi-008b.xht</test-href>
          <reference-value>=</reference-value>
          <reference-href>reference/bidi-008b-ref.xht</reference-href>
          
        </test><test>
          <test-title>The bidi algorithm and inlines in CSS: embed levels and display: table-row;</test-title>
          <test-href>bidi-009a.xht</test-href>
          <reference-value>=</reference-value>
          <reference-href>reference/bidi-005a-ref.xht</reference-href>
          
        </test><test>
          <test-title>The bidi algorithm and inlines in CSS: embed levels and display: table-row;</test-title>
          <test-href>bidi-009b.xht</test-href>
          <reference-value>=</reference-value>
          <reference-href>reference/bidi-005b-ref.xht</reference-href>
          
        </test><test>
          <test-title>The bidi algorithm and inlines in CSS: embed levels and position: absolute</test-title>
          <test-href>bidi-010a.xht</test-href>
          <reference-value>=</reference-value>
          <reference-href>reference/bidi-007a-ref.xht</reference-href>
          
        </test><test>
          <test-title>The bidi algorithm and inlines in CSS: embed levels and position: absolute</test-title>
          <test-href>bidi-010b.xht</test-href>
          <reference-value>=</reference-value>
          <reference-href>reference/bidi-007b-ref.xht</reference-href>
          
        </test><test>
          <test-title>The bidi algorithm and inlines in CSS wrapping bidi formatting characters</test-title>
          <test-href>bidi-011.xht</test-href>
          <reference-value>=</reference-value>
          <reference-href>reference/bidi-011-ref.xht</reference-href>
          
        </test><test>
          <test-title>bidirection box model - borders on inline in normal block</test-title>
          <test-href>bidi-box-model-001.xht</test-href>
          <reference-value>=</reference-value>
          <reference-href>reference/bidi-box-model-001-ref.xht</reference-href>
          
        </test><test>
          <test-title>bidirection box model - borders on inline in embed block</test-title>
          <test-href>bidi-box-model-002.xht</test-href>
          <reference-value>=</reference-value>
          <reference-href>reference/bidi-box-model-001-ref.xht</reference-href>
          
        </test><test>
          <test-title>bidirection box model - borders on inline in bidi-override block</test-title>
          <test-href>bidi-box-model-003.xht</test-href>
          <reference-value>=</reference-value>
          <reference-href>reference/bidi-box-model-001-ref.xht</reference-href>
          
        </test><test>
          <test-title>bidirection box model - borders on normal inline</test-title>
          <test-href>bidi-box-model-004.xht</test-href>
          <reference-value>=</reference-value>
          <reference-href>reference/bidi-box-model-001-ref.xht</reference-href>
          
        </test><test>
          <test-title>bidirection box model - borders on embed inline</test-title>
          <test-href>bidi-box-model-005.xht</test-href>
          <reference-value>=</reference-value>
          <reference-href>reference/bidi-box-model-001-ref.xht</reference-href>
          
        </test><test>
          <test-title>bidirection box model - borders on bidi-override inline</test-title>
          <test-href>bidi-box-model-006.xht</test-href>
          <reference-value>=</reference-value>
          <reference-href>reference/bidi-box-model-001-ref.xht</reference-href>
          
        </test><test>
          <test-title>bidirection box model - borders on normal block</test-title>
          <test-href>bidi-box-model-007.xht</test-href>
          <reference-value>=</reference-value>
          <reference-href>reference/bidi-box-model-007-ref.xht</reference-href>
          
        </test><test>
          <test-title>bidirection box model - borders on embed block</test-title>
          <test-href>bidi-box-model-008.xht</test-href>
          <reference-value>=</reference-value>
          <reference-href>reference/bidi-box-model-007-ref.xht</reference-href>
          
        </test><test>
          <test-title>bidirection box model - borders on bidi-override block</test-title>
          <test-href>bidi-box-model-009.xht</test-href>
          <reference-value>=</reference-value>
          <reference-href>reference/bidi-box-model-007-ref.xht</reference-href>
          
        </test><test>
          <test-title>bidirection box model - margin-left on bidi-override inline</test-title>
          <test-href>bidi-box-model-010.xht</test-href>
          <reference-value>=</reference-value>
          <reference-href>reference/bidi-box-model-010-ref.xht</reference-href>
          <flags>
              <flag>Ahem</flag>
              </flags>
        </test><test>
          <test-title>bidirection box model - margin-left on normal inline</test-title>
          <test-href>bidi-box-model-011.xht</test-href>
          <reference-value>=</reference-value>
          <reference-href>reference/bidi-box-model-010-ref.xht</reference-href>
          <flags>
              <flag>Ahem</flag>
              </flags>
        </test><test>
          <test-title>bidirection box model - margin-left on embed inline</test-title>
          <test-href>bidi-box-model-012.xht</test-href>
          <reference-value>=</reference-value>
          <reference-href>reference/bidi-box-model-010-ref.xht</reference-href>
          <flags>
              <flag>Ahem</flag>
              </flags>
        </test><test>
          <test-title>bidirection box model - margin-left on inline in bidi-override block</test-title>
          <test-href>bidi-box-model-013.xht</test-href>
          <reference-value>=</reference-value>
          <reference-href>reference/bidi-box-model-010-ref.xht</reference-href>
          <flags>
              <flag>Ahem</flag>
              </flags>
        </test><test>
          <test-title>bidirection box model - margin-left on inline in normal block</test-title>
          <test-href>bidi-box-model-014.xht</test-href>
          <reference-value>=</reference-value>
          <reference-href>reference/bidi-box-model-010-ref.xht</reference-href>
          <flags>
              <flag>Ahem</flag>
              </flags>
        </test><test>
          <test-title>bidirection box model - margin-left on inline in embed block</test-title>
          <test-href>bidi-box-model-015.xht</test-href>
          <reference-value>=</reference-value>
          <reference-href>reference/bidi-box-model-010-ref.xht</reference-href>
          <flags>
              <flag>Ahem</flag>
              </flags>
        </test><test>
          <test-title>bidirection box model - margin-left on bidi-override block</test-title>
          <test-href>bidi-box-model-016.xht</test-href>
          <reference-value>=</reference-value>
          <reference-href>reference/bidi-box-model-016-ref.xht</reference-href>
          <flags>
              <flag>Ahem</flag>
              </flags>
        </test><test>
          <test-title>bidirection box model - margin-left on normal block</test-title>
          <test-href>bidi-box-model-017.xht</test-href>
          <reference-value>=</reference-value>
          <reference-href>reference/bidi-box-model-016-ref.xht</reference-href>
          <flags>
              <flag>Ahem</flag>
              </flags>
        </test><test>
          <test-title>bidirection box model - margin-left on embed block</test-title>
          <test-href>bidi-box-model-018.xht</test-href>
          <reference-value>=</reference-value>
          <reference-href>reference/bidi-box-model-016-ref.xht</reference-href>
          <flags>
              <flag>Ahem</flag>
              </flags>
        </test><test>
          <test-title>bidirection box model - margin-right on bidi-override inline</test-title>
          <test-href>bidi-box-model-019.xht</test-href>
          <reference-value>=</reference-value>
          <reference-href>reference/bidi-box-model-019-ref.xht</reference-href>
          <flags>
              <flag>Ahem</flag>
              </flags>
        </test><test>
          <test-title>bidirection box model - margin-right on normal inline</test-title>
          <test-href>bidi-box-model-020.xht</test-href>
          <reference-value>=</reference-value>
          <reference-href>reference/bidi-box-model-019-ref.xht</reference-href>
          <flags>
              <flag>Ahem</flag>
              </flags>
        </test><test>
          <test-title>bidirection box model - margin-right on embed inline</test-title>
          <test-href>bidi-box-model-021.xht</test-href>
          <reference-value>=</reference-value>
          <reference-href>reference/bidi-box-model-019-ref.xht</reference-href>
          <flags>
              <flag>Ahem</flag>
              </flags>
        </test><test>
          <test-title>bidirection box model - margin-right on inline in bidi-override block</test-title>
          <test-href>bidi-box-model-022.xht</test-href>
          <reference-value>=</reference-value>
          <reference-href>reference/bidi-box-model-019-ref.xht</reference-href>
          <flags>
              <flag>Ahem</flag>
              </flags>
        </test><test>
          <test-title>bidirection box model - margin-right on inline in normal block</test-title>
          <test-href>bidi-box-model-023.xht</test-href>
          <reference-value>=</reference-value>
          <reference-href>reference/bidi-box-model-019-ref.xht</reference-href>
          <flags>
              <flag>Ahem</flag>
              </flags>
        </test><test>
          <test-title>bidirection box model - margin-right on inline in embed block</test-title>
          <test-href>bidi-box-model-024.xht</test-href>
          <reference-value>=</reference-value>
          <reference-href>reference/bidi-box-model-019-ref.xht</reference-href>
          <flags>
              <flag>Ahem</flag>
              </flags>
        </test><test>
          <test-title>bidirection box model - margin-right on bidi-override block</test-title>
          <test-href>bidi-box-model-025.xht</test-href>
          <reference-value>=</reference-value>
          <reference-href>reference/bidi-box-model-025-ref.xht</reference-href>
          <flags>
              <flag>Ahem</flag>
              </flags>
        </test><test>
          <test-title>bidirection box model - margin-right on normal block</test-title>
          <test-href>bidi-box-model-026.xht</test-href>
          <reference-value>=</reference-value>
          <reference-href>reference/bidi-box-model-025-ref.xht</reference-href>
          <flags>
              <flag>Ahem</flag>
              </flags>
        </test><test>
          <test-title>bidirection box model - margin-right on embed block</test-title>
          <test-href>bidi-box-model-027.xht</test-href>
          <reference-value>=</reference-value>
          <reference-href>reference/bidi-box-model-025-ref.xht</reference-href>
          <flags>
              <flag>Ahem</flag>
              </flags>
        </test><test>
          <test-title>bidirection box model - padding-left on bidi-override inline</test-title>
          <test-href>bidi-box-model-028.xht</test-href>
          <reference-value>=</reference-value>
          <reference-href>reference/bidi-box-model-010-ref.xht</reference-href>
          <flags>
              <flag>Ahem</flag>
              </flags>
        </test><test>
          <test-title>bidirection box model - padding-left on inline in normal block</test-title>
          <test-href>bidi-box-model-029.xht</test-href>
          <reference-value>=</reference-value>
          <reference-href>reference/bidi-box-model-010-ref.xht</reference-href>
          <flags>
              <flag>Ahem</flag>
              </flags>
        </test><test>
          <test-title>bidirection box model - padding-left on inline in embed block</test-title>
          <test-href>bidi-box-model-030.xht</test-href>
          <reference-value>=</reference-value>
          <reference-href>reference/bidi-box-model-010-ref.xht</reference-href>
          <flags>
              <flag>Ahem</flag>
              </flags>
        </test><test>
          <test-title>bidirection box model - padding-left on inline in bidi-override block</test-title>
          <test-href>bidi-box-model-031.xht</test-href>
          <reference-value>=</reference-value>
          <reference-href>reference/bidi-box-model-010-ref.xht</reference-href>
          <flags>
              <flag>Ahem</flag>
              </flags>
        </test><test>
          <test-title>bidirection box model - padding-left on normal inline</test-title>
          <test-href>bidi-box-model-032.xht</test-href>
          <reference-value>=</reference-value>
          <reference-href>reference/bidi-box-model-010-ref.xht</reference-href>
          <flags>
              <flag>Ahem</flag>
              </flags>
        </test><test>
          <test-title>bidirection box model - padding-left on embed inline</test-title>
          <test-href>bidi-box-model-033.xht</test-href>
          <reference-value>=</reference-value>
          <reference-href>reference/bidi-box-model-010-ref.xht</reference-href>
          <flags>
              <flag>Ahem</flag>
              </flags>
        </test><test>
          <test-title>bidirection box model - padding-left on bidi-override block</test-title>
          <test-href>bidi-box-model-034.xht</test-href>
          <reference-value>=</reference-value>
          <reference-href>reference/bidi-box-model-034-ref.xht</reference-href>
          <flags>
              <flag>Ahem</flag>
              </flags>
        </test><test>
          <test-title>bidirection box model - padding-left on normal block</test-title>
          <test-href>bidi-box-model-035.xht</test-href>
          <reference-value>=</reference-value>
          <reference-href>reference/bidi-box-model-034-ref.xht</reference-href>
          <flags>
              <flag>Ahem</flag>
              </flags>
        </test><test>
          <test-title>bidirection box model - padding-left on embed block</test-title>
          <test-href>bidi-box-model-036.xht</test-href>
          <reference-value>=</reference-value>
          <reference-href>reference/bidi-box-model-034-ref.xht</reference-href>
          <flags>
              <flag>Ahem</flag>
              </flags>
        </test><test>
          <test-title>bidirection box model - padding-right on bidi-override inline</test-title>
          <test-href>bidi-box-model-037.xht</test-href>
          <reference-value>=</reference-value>
          <reference-href>reference/bidi-box-model-019-ref.xht</reference-href>
          <flags>
              <flag>Ahem</flag>
              </flags>
        </test><test>
          <test-title>bidirection box model - padding-right on inline in normal block</test-title>
          <test-href>bidi-box-model-038.xht</test-href>
          <reference-value>=</reference-value>
          <reference-href>reference/bidi-box-model-019-ref.xht</reference-href>
          <flags>
              <flag>Ahem</flag>
              </flags>
        </test><test>
          <test-title>bidirection box model - padding-right on inline in embed block</test-title>
          <test-href>bidi-box-model-039.xht</test-href>
          <reference-value>=</reference-value>
          <reference-href>reference/bidi-box-model-019-ref.xht</reference-href>
          <flags>
              <flag>Ahem</flag>
              </flags>
        </test><test>
          <test-title>bidirection box model - padding-right on inline in bidi-override block</test-title>
          <test-href>bidi-box-model-040.xht</test-href>
          <reference-value>=</reference-value>
          <reference-href>reference/bidi-box-model-019-ref.xht</reference-href>
          <flags>
              <flag>Ahem</flag>
              </flags>
        </test><test>
          <test-title>bidirection box model - padding-right on normal inline</test-title>
          <test-href>bidi-box-model-041.xht</test-href>
          <reference-value>=</reference-value>
          <reference-href>reference/bidi-box-model-019-ref.xht</reference-href>
          <flags>
              <flag>Ahem</flag>
              </flags>
        </test><test>
          <test-title>bidirection box model - padding-right on embed inline</test-title>
          <test-href>bidi-box-model-042.xht</test-href>
          <reference-value>=</reference-value>
          <reference-href>reference/bidi-box-model-019-ref.xht</reference-href>
          <flags>
              <flag>Ahem</flag>
              </flags>
        </test><test>
          <test-title>bidirection box model - padding-right on bidi-override block</test-title>
          <test-href>bidi-box-model-043.xht</test-href>
          <reference-value>=</reference-value>
          <reference-href>reference/bidi-box-model-043-ref.xht</reference-href>
          <flags>
              <flag>Ahem</flag>
              </flags>
        </test><test>
          <test-title>bidirection box model - padding-right on normal block</test-title>
          <test-href>bidi-box-model-044.xht</test-href>
          <reference-value>=</reference-value>
          <reference-href>reference/bidi-box-model-043-ref.xht</reference-href>
          <flags>
              <flag>Ahem</flag>
              </flags>
        </test><test>
          <test-title>bidirection box model - padding-right on embed block</test-title>
          <test-href>bidi-box-model-045.xht</test-href>
          <reference-value>=</reference-value>
          <reference-href>reference/bidi-box-model-043-ref.xht</reference-href>
          <flags>
              <flag>Ahem</flag>
              </flags>
        </test><test>
          <test-title>Bidi paragraph boundaries: Blocks</test-title>
          <test-href>bidi-breaking-001.xht</test-href>
          <reference-value>=</reference-value>
          <reference-href>reference/bidi-breaking-001-ref.xht</reference-href>
          
        </test><test>
          <test-title>Bidi paragraph boundaries: Forced Line Breaks</test-title>
          <test-href>bidi-breaking-002.xht</test-href>
          <reference-value>=</reference-value>
          <reference-href>reference/bidi-breaking-002-ref.xht</reference-href>
          
        </test><test>
          <test-title>Bidi paragraph boundaries: Forced Line Breaks (Unicode)</test-title>
          <test-href>bidi-breaking-003.xht</test-href>
          <reference-value>=</reference-value>
          <reference-href>reference/bidi-breaking-003-ref.xht</reference-href>
          <flags>
              <flag>Optional</flag>
              </flags>
        </test><test>
          <test-title>unicode-bidi: bidi-override - glyph mirroring</test-title>
          <test-href>bidi-glyph-mirroring-001.xht</test-href>
          <reference-value>=</reference-value>
          <reference-href>reference/bidi-glyph-mirroring-001-ref.xht</reference-href>
          
        </test><test>
          <test-title>unicode-bidi: bidi-override - glyph mirroring</test-title>
          <test-href>bidi-glyph-mirroring-002.xht</test-href>
          <reference-value>=</reference-value>
          <reference-href>reference/bidi-glyph-mirroring-002-ref.xht</reference-href>
          
        </test><test>
          <test-title>unicode-bidi: bidi-override on inline - rtl</test-title>
          <test-href>bidi-inline-001.xht</test-href>
          <reference-value>=</reference-value>
          <reference-href>reference/bidi-inline-001-ref.xht</reference-href>
          
        </test><test>
          <test-title>unicode-bidi: bidi-override on inline - nested</test-title>
          <test-href>bidi-inline-002.xht</test-href>
          <reference-value>=</reference-value>
          <reference-href>reference/bidi-inline-001-ref.xht</reference-href>
          
        </test><test>
          <test-title>Block formatting context auto height with floats and bottom margins</test-title>
          <test-href>block-formatting-context-height-001.xht</test-href>
          <reference-value>=</reference-value>
          <reference-href>reference/ref-filled-black-96px-square.xht</reference-href>
          
        </test><test>
          <test-title>Block formatting context auto height with floated descendants of the normal flow and bottom margins</test-title>
          <test-href>block-formatting-context-height-002.xht</test-href>
          <reference-value>=</reference-value>
          <reference-href>reference/ref-filled-black-96px-square.xht</reference-href>
          
        </test><test>
          <test-title>Block formatting context auto height with floated descendants outside the normal flow and bottom margins</test-title>
          <test-href>block-formatting-context-height-003.xht</test-href>
          <reference-value>=</reference-value>
          <reference-href>reference/block-formatting-context-height-003-ref.xht</reference-href>
          
        </test><test>
          <test-title>Vertical layout of boxes</test-title>
          <test-href>block-formatting-contexts-001.xht</test-href>
          <reference-value>=</reference-value>
          <reference-href>reference/block-formatting-contexts-001-ref.xht</reference-href>
          
        </test><test>
          <test-title>Vertical distance with margins</test-title>
          <test-href>block-formatting-contexts-003.xht</test-href>
          <reference-value>=</reference-value>
          <reference-href>reference/block-formatting-contexts-003-ref.xht</reference-href>
          
        </test><test>
          <test-title>Block Formatting Contexts: Margin Collapsing</test-title>
          <test-href>block-formatting-contexts-004.xht</test-href>
          <reference-value>=</reference-value>
          <reference-href>reference/block-formatting-contexts-004-ref.xht</reference-href>
          <flags>
              <flag>Ahem</flag><flag>Bitmaps</flag>
              </flags>
        </test><test>
          <test-title>No padding or margin, left edges touch</test-title>
          <test-href>block-formatting-contexts-005.xht</test-href>
          <reference-value>=</reference-value>
          <reference-href>reference/block-formatting-contexts-005-ref.xht</reference-href>
          
        </test><test>
          <test-title>No padding and margin, right edges touch</test-title>
          <test-href>block-formatting-contexts-006.xht</test-href>
          <reference-value>=</reference-value>
          <reference-href>reference/block-formatting-contexts-006-ref.xht</reference-href>
          
        </test><test>
          <test-title>Floats and box edges</test-title>
          <test-href>block-formatting-contexts-007.xht</test-href>
          <reference-value>=</reference-value>
          <reference-href>reference/block-formatting-contexts-005-ref.xht</reference-href>
          
        </test><test>
          <test-title>New block formatting context with floated elements</test-title>
          <test-href>block-formatting-contexts-008.xht</test-href>
          <reference-value>=</reference-value>
          <reference-href>reference/block-formatting-contexts-008-ref.xht</reference-href>
          
        </test><test>
          <test-title>New block formatting context with absolute positioned elements</test-title>
          <test-href>block-formatting-contexts-009.xht</test-href>
          <reference-value>=</reference-value>
          <reference-href>reference/block-formatting-contexts-008-ref.xht</reference-href>
          
        </test><test>
          <test-title>Inline-block elements establish a new block formatting context</test-title>
          <test-href>block-formatting-contexts-010.xht</test-href>
          <reference-value>=</reference-value>
          <reference-href>reference/block-formatting-contexts-008-ref.xht</reference-href>
          
        </test><test>
          <test-title>Table-cell elements establish a new block formatting context</test-title>
          <test-href>block-formatting-contexts-011.xht</test-href>
          <reference-value>=</reference-value>
          <reference-href>reference/block-formatting-contexts-011-ref.xht</reference-href>
          
        </test><test>
          <test-title>Table-caption elements establish a new block formatting context</test-title>
          <test-href>block-formatting-contexts-012.xht</test-href>
          <reference-value>=</reference-value>
          <reference-href>reference/block-formatting-contexts-008-ref.xht</reference-href>
          
        </test><test>
          <test-title>Overflow set to 'hidden' establishes a new block formatting context</test-title>
          <test-href>block-formatting-contexts-015.xht</test-href>
          <reference-value>=</reference-value>
          <reference-href>reference/block-formatting-contexts-015-ref.xht</reference-href>
          
        </test><test>
          <test-title>Block formatting contexts and 'overflow' set to 'visible'</test-title>
          <test-href>block-formatting-contexts-016.xht</test-href>
          <reference-value>=</reference-value>
          <reference-href>reference/ref-filled-green-100px-square.xht</reference-href>
          
        </test><test>
          <test-title>CSS: Blocks Within Inlines - Basic</test-title>
          <test-href>block-in-inline-001.xht</test-href>
          <reference-value>=</reference-value>
          <reference-href>reference/block-in-inline-001-ref.xht</reference-href>
          
        </test><test>
          <test-title>CSS: Blocks Within Inlines - Backgrounds</test-title>
          <test-href>block-in-inline-002.xht</test-href>
          <reference-value>=</reference-value>
          <reference-href>reference/block-in-inline-001-ref.xht</reference-href>
          
        </test><test>
          <test-title>Blocks within inlines: Simple</test-title>
          <test-href>block-in-inline-003.xht</test-href>
          <reference-value>=</reference-value>
          <reference-href>reference/block-in-inline-003-ref.xht</reference-href>
          
        </test><test>
          <test-title>Blocks within inlines: Simple</test-title>
          <test-href>block-in-inline-007.xht</test-href>
          <reference-value>=</reference-value>
          <reference-href>reference/block-in-inline-007-ref.xht</reference-href>
          
        </test><test>
          <test-title>Blocks within inlines: Relative positioning</test-title>
          <test-href>block-in-inline-008.xht</test-href>
          <reference-value>=</reference-value>
          <reference-href>reference/block-in-inline-008-ref.xht</reference-href>
          
        </test><test>
          <test-title>blocks inside inlines &amp;#8211; append-to-empty-trailing-inline-1</test-title>
          <test-href>block-in-inline-append-001.xht</test-href>
          <reference-value>=</reference-value>
          <reference-href>reference/block-in-inline-append-001-ref.xht</reference-href>
          <flags>
              <flag>DOM/JS</flag>
              </flags>
        </test><test>
          <test-title>blocks inside inlines &amp;#8211; append-to-nested-split-inline-1</test-title>
          <test-href>block-in-inline-append-002.xht</test-href>
          <reference-value>=</reference-value>
          <reference-href>reference/block-in-inline-append-002-nosplit-ref.xht</reference-href>
          <flags>
              <flag>DOM/JS</flag>
              </flags>
        </test><test>
          <test-title>blocks inside inlines &amp;#8211; emptyspan-1</test-title>
          <test-href>block-in-inline-empty-001.xht</test-href>
          <reference-value>=</reference-value>
          <reference-href>reference/block-in-inline-empty-001-ref.xht</reference-href>
          
        </test><test>
          <test-title>blocks inside inlines &amp;#8211; emptyspan-2</test-title>
          <test-href>block-in-inline-empty-002.xht</test-href>
          <reference-value>=</reference-value>
          <reference-href>reference/block-in-inline-empty-002-ref.xht</reference-href>
          
        </test><test>
          <test-title>blocks inside inlines &amp;#8211; emptyspan-3</test-title>
          <test-href>block-in-inline-empty-003.xht</test-href>
          <reference-value>=</reference-value>
          <reference-href>reference/block-in-inline-empty-003-ref.xht</reference-href>
          
        </test><test>
          <test-title>blocks inside inlines &amp;#8211; emptyspan-4</test-title>
          <test-href>block-in-inline-empty-004.xht</test-href>
          <reference-value>=</reference-value>
          <reference-href>reference/block-in-inline-empty-004-ref.xht</reference-href>
          
        </test><test>
          <test-title>blocks inside inlines &amp;#8211; float-inside-inline-between-blocks-1</test-title>
          <test-href>block-in-inline-float-between-001.xht</test-href>
          <reference-value>=</reference-value>
          <reference-href>reference/block-in-inline-float-between-001-ref.xht</reference-href>
          
        </test><test>
          <test-title>blocks inside inlines &amp;#8211; insert-into-split-inline-1a</test-title>
          <test-href>block-in-inline-insert-001a.xht</test-href>
          <reference-value>=</reference-value>
          <reference-href>reference/block-in-inline-insert-001-nosplit-ref.xht</reference-href>
          <flags>
              <flag>DOM/JS</flag>
              </flags>
        </test><test>
          <test-title>blocks inside inlines &amp;#8211; insert-into-split-inline-1b</test-title>
          <test-href>block-in-inline-insert-001b.xht</test-href>
          <reference-value>=</reference-value>
          <reference-href>reference/block-in-inline-insert-001-ref.xht</reference-href>
          <flags>
              <flag>DOM/JS</flag>
              </flags>
        </test><test>
          <test-title>blocks inside inlines &amp;#8211; insert-into-split-inline-1c</test-title>
          <test-href>block-in-inline-insert-001c.xht</test-href>
          <reference-value>=</reference-value>
          <reference-href>reference/block-in-inline-insert-001-ref.xht</reference-href>
          <flags>
              <flag>DOM/JS</flag>
              </flags>
        </test><test>
          <test-title>blocks inside inlines &amp;#8211; insert-into-split-inline-1d</test-title>
          <test-href>block-in-inline-insert-001d.xht</test-href>
          <reference-value>=</reference-value>
          <reference-href>reference/block-in-inline-insert-001-ref.xht</reference-href>
          <flags>
              <flag>DOM/JS</flag>
              </flags>
        </test><test>
          <test-title>blocks inside inlines &amp;#8211; insert-into-split-inline-1e</test-title>
          <test-href>block-in-inline-insert-001e.xht</test-href>
          <reference-value>=</reference-value>
          <reference-href>reference/block-in-inline-insert-001-ref.xht</reference-href>
          <flags>
              <flag>DOM/JS</flag>
              </flags>
        </test><test>
          <test-title>blocks inside inlines &amp;#8211; insert-into-split-inline-1f</test-title>
          <test-href>block-in-inline-insert-001f.xht</test-href>
          <reference-value>=</reference-value>
          <reference-href>reference/block-in-inline-insert-001-ref.xht</reference-href>
          <flags>
              <flag>DOM/JS</flag>
              </flags>
        </test><test>
          <test-title>blocks inside inlines &amp;#8211; insert-into-split-inline-1g</test-title>
          <test-href>block-in-inline-insert-001g.xht</test-href>
          <reference-value>=</reference-value>
          <reference-href>reference/block-in-inline-insert-001-ref.xht</reference-href>
          <flags>
              <flag>DOM/JS</flag>
              </flags>
        </test><test>
          <test-title>blocks inside inlines &amp;#8211; insert-into-split-inline-1h</test-title>
          <test-href>block-in-inline-insert-001h.xht</test-href>
          <reference-value>=</reference-value>
          <reference-href>reference/block-in-inline-insert-001-ref.xht</reference-href>
          <flags>
              <flag>DOM/JS</flag>
              </flags>
        </test><test>
          <test-title>blocks inside inlines &amp;#8211; insert-into-split-inline-1i</test-title>
          <test-href>block-in-inline-insert-001i.xht</test-href>
          <reference-value>=</reference-value>
          <reference-href>reference/block-in-inline-insert-001-ref.xht</reference-href>
          <flags>
              <flag>DOM/JS</flag>
              </flags>
        </test><test>
          <test-title>blocks inside inlines &amp;#8211; insert-into-split-inline-1j</test-title>
          <test-href>block-in-inline-insert-001j.xht</test-href>
          <reference-value>=</reference-value>
          <reference-href>reference/block-in-inline-insert-001-ref.xht</reference-href>
          <flags>
              <flag>DOM/JS</flag>
              </flags>
        </test><test>
          <test-title>blocks inside inlines &amp;#8211; insert-into-split-inline-1k</test-title>
          <test-href>block-in-inline-insert-001k.xht</test-href>
          <reference-value>=</reference-value>
          <reference-href>reference/block-in-inline-insert-001-ref.xht</reference-href>
          <flags>
              <flag>DOM/JS</flag>
              </flags>
        </test><test>
          <test-title>blocks inside inlines &amp;#8211; insert-into-split-inline-1l</test-title>
          <test-href>block-in-inline-insert-001l.xht</test-href>
          <reference-value>=</reference-value>
          <reference-href>reference/block-in-inline-insert-001-ref.xht</reference-href>
          <flags>
              <flag>DOM/JS</flag>
              </flags>
        </test><test>
          <test-title>blocks inside inlines &amp;#8211; insert-into-split-inline-2a</test-title>
          <test-href>block-in-inline-insert-002a.xht</test-href>
          <reference-value>=</reference-value>
          <reference-href>reference/block-in-inline-insert-002-nosplit-ref.xht</reference-href>
          <flags>
              <flag>DOM/JS</flag>
              </flags>
        </test><test>
          <test-title>blocks inside inlines &amp;#8211; insert-into-split-inline-2b</test-title>
          <test-href>block-in-inline-insert-002b.xht</test-href>
          <reference-value>=</reference-value>
          <reference-href>reference/block-in-inline-insert-002-ref.xht</reference-href>
          <flags>
              <flag>DOM/JS</flag>
              </flags>
        </test><test>
          <test-title>blocks inside inlines &amp;#8211; insert-into-split-inline-2c</test-title>
          <test-href>block-in-inline-insert-002c.xht</test-href>
          <reference-value>=</reference-value>
          <reference-href>reference/block-in-inline-insert-002-ref.xht</reference-href>
          <flags>
              <flag>DOM/JS</flag>
              </flags>
        </test><test>
          <test-title>blocks inside inlines &amp;#8211; insert-into-split-inline-2d</test-title>
          <test-href>block-in-inline-insert-002d.xht</test-href>
          <reference-value>=</reference-value>
          <reference-href>reference/block-in-inline-insert-002-ref.xht</reference-href>
          <flags>
              <flag>DOM/JS</flag>
              </flags>
        </test><test>
          <test-title>blocks inside inlines &amp;#8211; insert-into-split-inline-2e</test-title>
          <test-href>block-in-inline-insert-002e.xht</test-href>
          <reference-value>=</reference-value>
          <reference-href>reference/block-in-inline-insert-002-ref.xht</reference-href>
          <flags>
              <flag>DOM/JS</flag>
              </flags>
        </test><test>
          <test-title>blocks inside inlines &amp;#8211; insert-into-split-inline-2f</test-title>
          <test-href>block-in-inline-insert-002f.xht</test-href>
          <reference-value>=</reference-value>
          <reference-href>reference/block-in-inline-insert-002-ref.xht</reference-href>
          <flags>
              <flag>DOM/JS</flag>
              </flags>
        </test><test>
          <test-title>blocks inside inlines &amp;#8211; insert-into-split-inline-2g</test-title>
          <test-href>block-in-inline-insert-002g.xht</test-href>
          <reference-value>=</reference-value>
          <reference-href>reference/block-in-inline-insert-002-ref.xht</reference-href>
          <flags>
              <flag>DOM/JS</flag>
              </flags>
        </test><test>
          <test-title>blocks inside inlines &amp;#8211; insert-into-split-inline-2h</test-title>
          <test-href>block-in-inline-insert-002h.xht</test-href>
          <reference-value>=</reference-value>
          <reference-href>reference/block-in-inline-insert-002-ref.xht</reference-href>
          <flags>
              <flag>DOM/JS</flag>
              </flags>
        </test><test>
          <test-title>blocks inside inlines &amp;#8211; insert-into-split-inline-2i</test-title>
          <test-href>block-in-inline-insert-002i.xht</test-href>
          <reference-value>=</reference-value>
          <reference-href>reference/block-in-inline-insert-002-ref.xht</reference-href>
          <flags>
              <flag>DOM/JS</flag>
              </flags>
        </test><test>
          <test-title>blocks inside inlines &amp;#8211; insert-into-split-inline-3</test-title>
          <test-href>block-in-inline-insert-003.xht</test-href>
          <reference-value>=</reference-value>
          <reference-href>reference/block-in-inline-insert-003-nosplit-ref.xht</reference-href>
          <flags>
              <flag>DOM/JS</flag>
              </flags>
        </test><test>
          <test-title>blocks inside inlines &amp;#8211; insert-into-split-inline-4</test-title>
          <test-href>block-in-inline-insert-004.xht</test-href>
          <reference-value>=</reference-value>
          <reference-href>reference/block-in-inline-insert-004-nosplit-ref.xht</reference-href>
          <flags>
              <flag>DOM/JS</flag>
              </flags>
        </test><test>
          <test-title>blocks inside inlines &amp;#8211; insert-into-split-inline-6</test-title>
          <test-href>block-in-inline-insert-006.xht</test-href>
          <reference-value>=</reference-value>
          <reference-href>reference/block-in-inline-insert-006-nosplit-ref.xht</reference-href>
          <flags>
              <flag>DOM/JS</flag>
              </flags>
        </test><test>
          <test-title>blocks inside inlines &amp;#8211; insert-into-split-inline-7</test-title>
          <test-href>block-in-inline-insert-007.xht</test-href>
          <reference-value>=</reference-value>
          <reference-href>reference/block-in-inline-insert-007-nosplit-ref.xht</reference-href>
          <flags>
              <flag>DOM/JS</flag>
              </flags>
        </test><test>
          <test-title>blocks inside inlines &amp;#8211; insert-into-split-inline-8a</test-title>
          <test-href>block-in-inline-insert-008a.xht</test-href>
          <reference-value>=</reference-value>
          <reference-href>reference/block-in-inline-insert-008-nosplit-ref.xht</reference-href>
          <flags>
              <flag>DOM/JS</flag>
              </flags>
        </test><test>
          <test-title>blocks inside inlines &amp;#8211; insert-into-split-inline-8b</test-title>
          <test-href>block-in-inline-insert-008b.xht</test-href>
          <reference-value>=</reference-value>
          <reference-href>reference/block-in-inline-insert-008-ref.xht</reference-href>
          <flags>
              <flag>DOM/JS</flag>
              </flags>
        </test><test>
          <test-title>blocks inside inlines &amp;#8211; insert-into-split-inline-8c</test-title>
          <test-href>block-in-inline-insert-008c.xht</test-href>
          <reference-value>=</reference-value>
          <reference-href>reference/block-in-inline-insert-008-ref.xht</reference-href>
          <flags>
              <flag>DOM/JS</flag>
              </flags>
        </test><test>
          <test-title>blocks inside inlines &amp;#8211; insert-into-split-inline-9</test-title>
          <test-href>block-in-inline-insert-009.xht</test-href>
          <reference-value>=</reference-value>
          <reference-href>reference/block-in-inline-insert-009-nosplit-ref.xht</reference-href>
          <flags>
              <flag>DOM/JS</flag>
              </flags>
        </test><test>
          <test-title>blocks inside inlines &amp;#8211; insert-into-split-inline-10</test-title>
          <test-href>block-in-inline-insert-010.xht</test-href>
          <reference-value>=</reference-value>
          <reference-href>reference/block-in-inline-insert-010-nosplit-ref.xht</reference-href>
          <flags>
              <flag>DOM/JS</flag>
              </flags>
        </test><test>
          <test-title>blocks inside inlines &amp;#8211; insert-into-split-inline-11</test-title>
          <test-href>block-in-inline-insert-011.xht</test-href>
          <reference-value>=</reference-value>
          <reference-href>reference/block-in-inline-insert-011-nosplit-ref.xht</reference-href>
          <flags>
              <flag>DOM/JS</flag>
              </flags>
        </test><test>
          <test-title>blocks inside inlines &amp;#8211; insert-into-split-inline-12</test-title>
          <test-href>block-in-inline-insert-012.xht</test-href>
          <reference-value>=</reference-value>
          <reference-href>reference/block-in-inline-insert-012-nosplit-ref.xht</reference-href>
          <flags>
              <flag>DOM/JS</flag>
              </flags>
        </test><test>
          <test-title>blocks inside inlines &amp;#8211; insert-into-split-inline-13</test-title>
          <test-href>block-in-inline-insert-013.xht</test-href>
          <reference-value>=</reference-value>
          <reference-href>reference/block-in-inline-insert-013-nosplit-ref.xht</reference-href>
          <flags>
              <flag>DOM/JS</flag>
              </flags>
        </test><test>
          <test-title>blocks inside inlines &amp;#8211; insert-into-split-inline-14</test-title>
          <test-href>block-in-inline-insert-014.xht</test-href>
          <reference-value>=</reference-value>
          <reference-href>reference/block-in-inline-insert-014-nosplit-ref.xht</reference-href>
          <flags>
              <flag>DOM/JS</flag>
              </flags>
        </test><test>
          <test-title>blocks inside inlines &amp;#8211; insert-into-split-inline-15</test-title>
          <test-href>block-in-inline-insert-015.xht</test-href>
          <reference-value>=</reference-value>
          <reference-href>reference/block-in-inline-insert-015-nosplit-ref.xht</reference-href>
          <flags>
              <flag>DOM/JS</flag>
              </flags>
        </test><test>
          <test-title>blocks inside inlines &amp;#8211; insert-into-split-inline-16a</test-title>
          <test-href>block-in-inline-insert-016a.xht</test-href>
          <reference-value>=</reference-value>
          <reference-href>reference/block-in-inline-insert-016-nosplit-ref.xht</reference-href>
          <flags>
              <flag>DOM/JS</flag>
              </flags>
        </test><test>
          <test-title>blocks inside inlines &amp;#8211; insert-into-split-inline-16b</test-title>
          <test-href>block-in-inline-insert-016b.xht</test-href>
          <reference-value>=</reference-value>
          <reference-href>reference/block-in-inline-insert-016-ref.xht</reference-href>
          <flags>
              <flag>DOM/JS</flag>
              </flags>
        </test><test>
          <test-title>blocks inside inlines &amp;#8211; trailing-inline-with-continuations-1</test-title>
          <test-href>block-in-inline-insert-017.xht</test-href>
          <reference-value>=</reference-value>
          <reference-href>reference/block-in-inline-insert-017-ref.xht</reference-href>
          <flags>
              <flag>DOM/JS</flag>
              </flags>
        </test><test>
          <test-title>blocks inside inlines &amp;#8211; ignored-margins-1a</test-title>
          <test-href>block-in-inline-margins-001a.xht</test-href>
          <reference-value>=</reference-value>
          <reference-href>reference/block-in-inline-margins-001-ref.xht</reference-href>
          
        </test><test>
          <test-title>blocks inside inlines &amp;#8211; ignored-margins-1b</test-title>
          <test-href>block-in-inline-margins-001b.xht</test-href>
          <reference-value>=</reference-value>
          <reference-href>reference/block-in-inline-margins-001-ref.xht</reference-href>
          
        </test><test>
          <test-title>blocks inside inlines &amp;#8211; ignored-margins-2a</test-title>
          <test-href>block-in-inline-margins-002a.xht</test-href>
          <reference-value>=</reference-value>
          <reference-href>reference/block-in-inline-margins-002-ref.xht</reference-href>
          
        </test><test>
          <test-title>blocks inside inlines &amp;#8211; ignored-margins-2b</test-title>
          <test-href>block-in-inline-margins-002b.xht</test-href>
          <reference-value>=</reference-value>
          <reference-href>reference/block-in-inline-margins-002-ref.xht</reference-href>
          
        </test><test>
          <test-title>blocks inside inlines &amp;#8211; split-inner-inline-1</test-title>
          <test-href>block-in-inline-nested-001.xht</test-href>
          <reference-value>=</reference-value>
          <reference-href>reference/block-in-inline-nested-001-ref.xht</reference-href>
          
        </test><test>
          <test-title>blocks inside inlines &amp;#8211; split-inner-inline-2</test-title>
          <test-href>block-in-inline-nested-002.xht</test-href>
          <reference-value>=</reference-value>
          <reference-href>reference/block-in-inline-nested-002-ref.xht</reference-href>
          
        </test><test>
          <test-title>blocks inside inlines &amp;#8211; percent-height-1</test-title>
          <test-href>block-in-inline-percents-001.xht</test-href>
          <reference-value>=</reference-value>
          <reference-href>reference/block-in-inline-percents-001-ref.xht</reference-href>
          
        </test><test>
          <test-title>Relative-positioning Inline Containing Block</test-title>
          <test-href>block-in-inline-relpos-001.xht</test-href>
          <reference-value>=</reference-value>
          <reference-href>reference/block-in-inline-relpos-001-ref.xht</reference-href>
          <flags>
              <flag>Ahem</flag>
              </flags>
        </test><test>
          <test-title>Relative-positioning Inline Containing Blocks and Floats</test-title>
          <test-href>block-in-inline-relpos-002.xht</test-href>
          <reference-value>=</reference-value>
          <reference-href>reference/block-in-inline-relpos-001-ref.xht</reference-href>
          <flags>
              <flag>Ahem</flag>
              </flags>
        </test><test>
          <test-title>blocks inside inlines &amp;#8211; remove-split-inline-1</test-title>
          <test-href>block-in-inline-remove-000.xht</test-href>
          <reference-value>=</reference-value>
          <reference-href>reference/block-in-inline-remove-000-ref.xht</reference-href>
          <flags>
              <flag>DOM/JS</flag>
              </flags>
        </test><test>
          <test-title>blocks inside inlines &amp;#8211; remove-from-split-inline-1</test-title>
          <test-href>block-in-inline-remove-001.xht</test-href>
          <reference-value>=</reference-value>
          <reference-href>reference/block-in-inline-remove-001-nosplit-ref.xht</reference-href>
          <flags>
              <flag>DOM/JS</flag>
              </flags>
        </test><test>
          <test-title>blocks inside inlines &amp;#8211; remove-from-split-inline-2</test-title>
          <test-href>block-in-inline-remove-002.xht</test-href>
          <reference-value>=</reference-value>
          <reference-href>reference/block-in-inline-remove-002-ref.xht</reference-href>
          <flags>
              <flag>DOM/JS</flag>
              </flags>
        </test><test>
          <test-title>blocks inside inlines &amp;#8211; remove-from-split-inline-3</test-title>
          <test-href>block-in-inline-remove-003.xht</test-href>
          <reference-value>=</reference-value>
          <reference-href>reference/block-in-inline-remove-003-nosplit-ref.xht</reference-href>
          <flags>
              <flag>DOM/JS</flag>
              </flags>
        </test><test>
          <test-title>blocks inside inlines &amp;#8211; remove-from-split-inline-4</test-title>
          <test-href>block-in-inline-remove-004.xht</test-href>
          <reference-value>=</reference-value>
          <reference-href>reference/block-in-inline-remove-004-nosplit-ref.xht</reference-href>
          <flags>
              <flag>DOM/JS</flag>
              </flags>
        </test><test>
          <test-title>blocks inside inlines &amp;#8211; remove-from-split-inline-5</test-title>
          <test-href>block-in-inline-remove-005.xht</test-href>
          <reference-value>=</reference-value>
          <reference-href>reference/block-in-inline-remove-005-nosplit-ref.xht</reference-href>
          <flags>
              <flag>DOM/JS</flag>
              </flags>
        </test><test>
          <test-title>blocks inside inlines &amp;#8211; remove-from-split-inline-6</test-title>
          <test-href>block-in-inline-remove-006.xht</test-href>
          <reference-value>=</reference-value>
          <reference-href>reference/block-in-inline-remove-006-nosplit-ref.xht</reference-href>
          <flags>
              <flag>DOM/JS</flag>
              </flags>
        </test><test>
          <test-title>blocks inside inlines &amp;#8211; whitespace-present-1a</test-title>
          <test-href>block-in-inline-whitespace-001a.xht</test-href>
          <reference-value>=</reference-value>
          <reference-href>reference/block-in-inline-whitespace-001-ref.xht</reference-href>
          
        </test><test>
          <test-title>blocks inside inlines &amp;#8211; whitespace-present-1b</test-title>
          <test-href>block-in-inline-whitespace-001b.xht</test-href>
          <reference-value>=</reference-value>
          <reference-href>reference/block-in-inline-whitespace-001-ref.xht</reference-href>
          <flags>
              <flag>DOM/JS</flag>
              </flags>
        </test><test>
          <test-title>Block-level non-replaced elements in normal flow when 'overflow' computes to 'visible' and margins top and bottom are 'auto'</test-title>
          <test-href>block-non-replaced-height-001.xht</test-href>
          <reference-value>=</reference-value>
          <reference-href>reference/block-non-replaced-height-001-ref.xht</reference-href>
          
        </test><test>
          <test-title>Block-level non-replaced elements in normal flow when 'overflow' computes to 'visible' and 'height' is 'auto' adjust based on the line box height</test-title>
          <test-href>block-non-replaced-height-005.xht</test-href>
          <reference-value>=</reference-value>
          <reference-href>reference/block-non-replaced-height-005-ref.xht</reference-href>
          <flags>
              <flag>Ahem</flag>
              </flags>
        </test><test>
          <test-title>Floated children are ignored for 'height' on block-level non-replaced elements in normal flow when 'overflow' computes to 'visible'</test-title>
          <test-href>block-non-replaced-height-011.xht</test-href>
          <reference-value>=</reference-value>
          <reference-href>reference/ref-if-there-is-no-red.xht</reference-href>
          
        </test><test>
          <test-title>An absolutely positioned child elements' 'height' is ignored for block-level non-replaced elements in normal flow when 'overflow' computes to 'visible'</test-title>
          <test-href>block-non-replaced-height-013.xht</test-href>
          <reference-value>=</reference-value>
          <reference-href>reference/ref-if-there-is-no-red.xht</reference-href>
          
        </test><test>
          <test-title>Solving for width of block-level non-replaced elements in normal flow</test-title>
          <test-href>block-non-replaced-width-001.xht</test-href>
          <reference-value>=</reference-value>
          <reference-href>reference/block-non-replaced-width-001-ref.xht</reference-href>
          
        </test><test>
          <test-title>Solving over-constrained situation for block-level non-replaced elements in normal flow and direction is left-to-right</test-title>
          <test-href>block-non-replaced-width-003.xht</test-href>
          <reference-value>=</reference-value>
          <reference-href>reference/block-non-replaced-width-001-ref.xht</reference-href>
          
        </test><test>
          <test-title>Solving over-constrained situation for block-level non-replaced elements in normal flow and direction is right-to-left</test-title>
          <test-href>block-non-replaced-width-004.xht</test-href>
          <reference-value>=</reference-value>
          <reference-href>reference/block-non-replaced-width-004-ref.xht</reference-href>
          
        </test><test>
          <test-title>Solving width for block-level non-replaced elements in normal flow with single 'auto' value</test-title>
          <test-href>block-non-replaced-width-005.xht</test-href>
          <reference-value>=</reference-value>
          <reference-href>reference/block-non-replaced-width-005-ref.xht</reference-href>
          
        </test><test>
          <test-title>Solving width for block-level non-replaced elements in normal flow with multiple properties with 'auto' values</test-title>
          <test-href>block-non-replaced-width-006.xht</test-href>
          <reference-value>=</reference-value>
          <reference-href>reference/block-non-replaced-width-005-ref.xht</reference-href>
          
        </test><test>
          <test-title>Box centering with 'margin-left' and 'margin-right' set to auto</test-title>
          <test-href>block-non-replaced-width-007.xht</test-href>
          <reference-value>=</reference-value>
          <reference-href>reference/block-non-replaced-width-007-ref.xht</reference-href>
          <flags>
              <flag>Ahem</flag>
              </flags>
        </test><test>
          <test-title>Block replaced elements with 'margin-top' and 'margin-bottom' as 'auto'</test-title>
          <test-href>block-replaced-height-001.xht</test-href>
          <reference-value>=</reference-value>
          <reference-href>reference/block-replaced-height-001-ref.xht</reference-href>
          <flags>
              <flag>Bitmaps</flag>
              </flags>
        </test><test>
          <test-title>Block replaced elements relying on intrinsic height dimensions</test-title>
          <test-href>block-replaced-height-002.xht</test-href>
          <reference-value>=</reference-value>
          <reference-href>reference/block-replaced-height-002-ref.xht</reference-href>
          <flags>
              <flag>Bitmaps</flag>
              </flags>
        </test><test>
          <test-title>Block replaced elements without intrinsic ratios and 'height' set to 'auto'</test-title>
          <test-href>block-replaced-height-004.xht</test-href>
          <reference-value>=</reference-value>
          <reference-href>reference/block-replaced-height-004-ref.xht</reference-href>
          
        </test><test>
          <test-title>Block replaced elements with percentage based intrinsic height</test-title>
          <test-href>block-replaced-height-005.xht</test-href>
          <reference-value>=</reference-value>
          <reference-href>reference/block-replaced-height-005-ref.xht</reference-href>
          
        </test><test>
          <test-title>Absolutely positioned block replaced elements with percentage based intrinsic height</test-title>
          <test-href>block-replaced-height-006.xht</test-href>
          <reference-value>=</reference-value>
          <reference-href>reference/block-replaced-height-006-ref.xht</reference-href>
          <flags>
              <flag>SVG</flag>
              </flags>
        </test><test>
          <test-title>Block replaced elements with percentage based intrinsic height that cannot be resolved</test-title>
          <test-href>block-replaced-height-007.xht</test-href>
          <reference-value>=</reference-value>
          <reference-href>reference/block-replaced-height-004-ref.xht</reference-href>
          
        </test><test>
          <test-title>Block replaced elements and 'auto' specified for 'margin-left', 'margin-right' and intrinsic height</test-title>
          <test-href>block-replaced-width-002.xht</test-href>
          <reference-value>=</reference-value>
          <reference-href>reference/block-replaced-width-002-ref.xht</reference-href>
          <flags>
              <flag>SVG</flag>
              </flags>
        </test><test>
          <test-title>Block replaced elements and 'auto' specified for 'margin-left', 'margin-right' and percentage intrinsic width</test-title>
          <test-href>block-replaced-width-006.xht</test-href>
          <reference-value>=</reference-value>
          <reference-href>reference/block-replaced-width-006-ref.xht</reference-href>
          <flags>
              <flag>Ahem</flag><flag>Bitmaps</flag>
              </flags>
        </test><test>
          <test-title>Parsing nested blocks and strings in style blocks</test-title>
          <test-href>blocks-001.xht</test-href>
          <reference-value>=</reference-value>
          <reference-href>reference/blocks-001-ref.xht</reference-href>
          <flags>
              <flag>Invalid</flag>
              </flags>
        </test><test>
          <test-title>Empty declaration block</test-title>
          <test-href>blocks-002.xht</test-href>
          <reference-value>=</reference-value>
          <reference-href>reference/filler-text-below-green.xht</reference-href>
          
        </test><test>
          <test-title>Rule blocks and white space</test-title>
          <test-href>blocks-003.xht</test-href>
          <reference-value>=</reference-value>
          <reference-href>reference/filler-text-below-green.xht</reference-href>
          
        </test><test>
          <test-title>Parsing square bracket blocks</test-title>
          <test-href>blocks-004.xht</test-href>
          <reference-value>=</reference-value>
          <reference-href>reference/no-red-filler-text-ref.xht</reference-href>
          <flags>
              <flag>Invalid</flag>
              </flags>
        </test><test>
          <test-title>Parsing curly bracket blocks</test-title>
          <test-href>blocks-005.xht</test-href>
          <reference-value>=</reference-value>
          <reference-href>reference/no-red-filler-text-ref.xht</reference-href>
          <flags>
              <flag>Invalid</flag>
              </flags>
        </test><test>
          <test-title>Parsing parentheses blocks</test-title>
          <test-href>blocks-006.xht</test-href>
          <reference-value>=</reference-value>
          <reference-href>reference/no-red-filler-text-ref.xht</reference-href>
          <flags>
              <flag>Invalid</flag>
              </flags>
        </test><test>
          <test-title>CSS Block Box Model: overconstrained horizontal box model and minimum widths</test-title>
          <test-href>blocks-011.xht</test-href>
          <reference-value>=</reference-value>
          <reference-href>reference/blocks-011-ref.xht</reference-href>
          
        </test><test>
          <test-title>CSS Block Box Model: overconstrained horizontal box model and minimum widths</test-title>
          <test-href>blocks-012.xht</test-href>
          <reference-value>=</reference-value>
          <reference-href>reference/blocks-011-ref.xht</reference-href>
          
        </test><test>
          <test-title>CSS Block Box Model: overconstrained horizontal box model and minimum widths</test-title>
          <test-href>blocks-013.xht</test-href>
          <reference-value>=</reference-value>
          <reference-href>reference/blocks-013-ref.xht</reference-href>
          
        </test><test>
          <test-title>CSS Block Box Model: sane horizontal box model and minimum widths</test-title>
          <test-href>blocks-014.xht</test-href>
          <reference-value>=</reference-value>
          <reference-href>reference/blocks-014-ref.xht</reference-href>
          
        </test><test>
          <test-title>CSS Block Box Model: sane horizontal box model and minimum widths</test-title>
          <test-href>blocks-015.xht</test-href>
          <reference-value>=</reference-value>
          <reference-href>reference/blocks-014-ref.xht</reference-href>
          
        </test><test>
          <test-title>CSS Block Box Model: sane horizontal box model and minimum widths</test-title>
          <test-href>blocks-016.xht</test-href>
          <reference-value>=</reference-value>
          <reference-href>reference/blocks-013-ref.xht</reference-href>
          
        </test><test>
          <test-title>CSS Blocks: Margin Collapsing</test-title>
          <test-href>blocks-017.xht</test-href>
          <reference-value>=</reference-value>
          <reference-href>reference/table-margin-004-ref.xht</reference-href>
          <flags>
              <flag>Ahem</flag>
              </flags>
        </test><test>
          <test-title>CSS Blocks: Effect of Bottom Padding on Inline Layout</test-title>
          <test-href>blocks-018.xht</test-href>
          <reference-value>=</reference-value>
          <reference-href>reference/blocks-018-ref.xht</reference-href>
          
        </test><test>
          <test-title>CSS Blocks: Effect of Top Padding on Inline Layout</test-title>
          <test-href>blocks-019.xht</test-href>
          <reference-value>=</reference-value>
          <reference-href>reference/blocks-019-ref.xht</reference-href>
          
        </test><test>
          <test-title>CSS Block Box Model: block widths with position:relative</test-title>
          <test-href>blocks-020.xht</test-href>
          <reference-value>=</reference-value>
          <reference-href>reference/blocks-020-ref.xht</reference-href>
          <flags>
              <flag>Ahem</flag>
              </flags>
        </test><test>
          <test-title>CSS Block Box Model: block widths with position:absolute</test-title>
          <test-href>blocks-021.xht</test-href>
          <reference-value>=</reference-value>
          <reference-href>reference/blocks-020-ref.xht</reference-href>
          <flags>
              <flag>Ahem</flag>
              </flags>
        </test><test>
          <test-title>CSS Block Box Model: block widths with position:static</test-title>
          <test-href>blocks-022.xht</test-href>
          <reference-value>=</reference-value>
          <reference-href>reference/blocks-020-ref.xht</reference-href>
          <flags>
              <flag>Ahem</flag>
              </flags>
        </test><test>
          <test-title>Percentage Dimensions in Shrink Wrap Blocks</test-title>
          <test-href>blocks-025.xht</test-href>
          <reference-value>=</reference-value>
          <reference-href>reference/blocks-025-ref.xht</reference-href>
          
        </test><test>
          <test-title>Percentage widths on INPUT elements with borders</test-title>
          <test-href>blocks-026.xht</test-href>
          <reference-value>=</reference-value>
          <reference-href>reference/blocks-026-ref.xht</reference-href>
          
        </test><test>
          <test-title>Parsing blocks and strings in style blocks</test-title>
          <test-href>blocks-and-strings-001.xht</test-href>
          <reference-value>=</reference-value>
          <reference-href>reference/filler-text-below-green.xht</reference-href>
          <flags>
              <flag>Invalid</flag>
              </flags>
        </test><test>
          <test-title>Border set using border-width</test-title>
          <test-href>border-001.xht</test-href>
          <reference-value>=</reference-value>
          <reference-href>reference/border-001-ref.xht</reference-href>
          
        </test><test>
          <test-title>Border set using border-color</test-title>
          <test-href>border-003.xht</test-href>
          <reference-value>=</reference-value>
          <reference-href>reference/border-003-ref.xht</reference-href>
          
        </test><test>
          <test-title>Border set using border-width border-color</test-title>
          <test-href>border-005.xht</test-href>
          <reference-value>=</reference-value>
          <reference-href>reference/border-005-ref.xht</reference-href>
          
        </test><test>
          <test-title>Border set using border-style border-width</test-title>
          <test-href>border-006.xht</test-href>
          <reference-value>=</reference-value>
          <reference-href>reference/border-006-ref.xht</reference-href>
          
        </test><test>
          <test-title>Border set using border-color border-width</test-title>
          <test-href>border-008.xht</test-href>
          <reference-value>=</reference-value>
          <reference-href>reference/border-005-ref.xht</reference-href>
          
        </test><test>
          <test-title>Border applied to element with 'display' set to 'table-row-group'</test-title>
          <test-href>border-applies-to-001.xht</test-href>
          <reference-value>=</reference-value>
          <reference-href>reference/border-applies-to-001-ref.xht</reference-href>
          
        </test><test>
          <test-title>Border applied to element with 'display' set to 'table-header-group'</test-title>
          <test-href>border-applies-to-002.xht</test-href>
          <reference-value>=</reference-value>
          <reference-href>reference/border-applies-to-001-ref.xht</reference-href>
          
        </test><test>
          <test-title>Border applied to element with 'display' set to 'table-footer-group'</test-title>
          <test-href>border-applies-to-003.xht</test-href>
          <reference-value>=</reference-value>
          <reference-href>reference/border-applies-to-001-ref.xht</reference-href>
          
        </test><test>
          <test-title>Border applied to element with 'display' set to 'table-row'</test-title>
          <test-href>border-applies-to-004.xht</test-href>
          <reference-value>=</reference-value>
          <reference-href>reference/border-applies-to-001-ref.xht</reference-href>
          
        </test><test>
          <test-title>Border applied to element with 'display' set to 'table-column-group'</test-title>
          <test-href>border-applies-to-005.xht</test-href>
          <reference-value>=</reference-value>
          <reference-href>reference/border-applies-to-001-ref.xht</reference-href>
          
        </test><test>
          <test-title>Border applied to element with 'display' set to 'table-column'</test-title>
          <test-href>border-applies-to-006.xht</test-href>
          <reference-value>=</reference-value>
          <reference-href>reference/border-applies-to-001-ref.xht</reference-href>
          
        </test><test>
          <test-title>Border applied to element with 'display' set to 'table-cell'</test-title>
          <test-href>border-applies-to-007.xht</test-href>
          <reference-value>=</reference-value>
          <reference-href>reference/border-applies-to-001-ref.xht</reference-href>
          
        </test><test>
          <test-title>Border applied to element with 'display' set to block</test-title>
          <test-href>border-applies-to-009.xht</test-href>
          <reference-value>=</reference-value>
          <reference-href>reference/border-applies-to-001-ref.xht</reference-href>
          
        </test><test>
          <test-title>Border applied to element with 'display' set to inline-block</test-title>
          <test-href>border-applies-to-012.xht</test-href>
          <reference-value>=</reference-value>
          <reference-href>reference/border-applies-to-001-ref.xht</reference-href>
          
        </test><test>
          <test-title>Border applied to element with 'display' set to 'table'</test-title>
          <test-href>border-applies-to-013.xht</test-href>
          <reference-value>=</reference-value>
          <reference-href>reference/border-applies-to-001-ref.xht</reference-href>
          
        </test><test>
          <test-title>Border applied to element with 'display' set to 'inline-table'</test-title>
          <test-href>border-applies-to-014.xht</test-href>
          <reference-value>=</reference-value>
          <reference-href>reference/border-applies-to-001-ref.xht</reference-href>
          
        </test><test>
          <test-title>Border applied to element with 'display' set to 'table-caption'</test-title>
          <test-href>border-applies-to-015.xht</test-href>
          <reference-value>=</reference-value>
          <reference-href>reference/border-applies-to-001-ref.xht</reference-href>
          
        </test><test>
          <test-title>Border-bottom set to border-width</test-title>
          <test-href>border-bottom-001.xht</test-href>
          <reference-value>=</reference-value>
          <reference-href>reference/border-bottom-001-ref.xht</reference-href>
          
        </test><test>
          <test-title>Border-bottom set to border-width border-color</test-title>
          <test-href>border-bottom-005.xht</test-href>
          <reference-value>=</reference-value>
          <reference-href>reference/border-bottom-005-ref.xht</reference-href>
          
        </test><test>
          <test-title>Border-bottom set to border-style border-width</test-title>
          <test-href>border-bottom-006.xht</test-href>
          <reference-value>=</reference-value>
          <reference-href>reference/border-bottom-001-ref.xht</reference-href>
          
        </test><test>
          <test-title>Border-bottom set to border-color border-width</test-title>
          <test-href>border-bottom-008.xht</test-href>
          <reference-value>=</reference-value>
          <reference-href>reference/border-bottom-005-ref.xht</reference-href>
          
        </test><test>
          <test-title>Border-bottom set to inherit, inheriting a single value for a shorthand property</test-title>
          <test-href>border-bottom-016.xht</test-href>
          <reference-value>=</reference-value>
          <reference-href>reference/border-bottom-016-ref.xht</reference-href>
          
        </test><test>
          <test-title>Border-bottom set to inherit, inheriting three values for a shorthand property</test-title>
          <test-href>border-bottom-018.xht</test-href>
          <reference-value>=</reference-value>
          <reference-href>reference/border-bottom-018-ref.xht</reference-href>
          
        </test><test>
          <test-title>Border-bottom applied to element with display table-row-group</test-title>
          <test-href>border-bottom-applies-to-001.xht</test-href>
          <reference-value>=</reference-value>
          <reference-href>reference/border-bottom-applies-to-001-ref.xht</reference-href>
          
        </test><test>
          <test-title>Border-bottom applied to element with display table-header-group</test-title>
          <test-href>border-bottom-applies-to-002.xht</test-href>
          <reference-value>=</reference-value>
          <reference-href>reference/border-bottom-applies-to-001-ref.xht</reference-href>
          
        </test><test>
          <test-title>Border-bottom applied to element with display table-footer-group</test-title>
          <test-href>border-bottom-applies-to-003.xht</test-href>
          <reference-value>=</reference-value>
          <reference-href>reference/border-bottom-applies-to-001-ref.xht</reference-href>
          
        </test><test>
          <test-title>Border-bottom applied to element with 'display' set to 'table-row'</test-title>
          <test-href>border-bottom-applies-to-004.xht</test-href>
          <reference-value>=</reference-value>
          <reference-href>reference/border-bottom-applies-to-001-ref.xht</reference-href>
          
        </test><test>
          <test-title>Border-bottom applied to element with display table-column-group</test-title>
          <test-href>border-bottom-applies-to-005.xht</test-href>
          <reference-value>=</reference-value>
          <reference-href>reference/border-bottom-applies-to-001-ref.xht</reference-href>
          
        </test><test>
          <test-title>Border-bottom applied to element with display table-column</test-title>
          <test-href>border-bottom-applies-to-006.xht</test-href>
          <reference-value>=</reference-value>
          <reference-href>reference/border-bottom-applies-to-001-ref.xht</reference-href>
          
        </test><test>
          <test-title>Border-bottom applied to element with display table-cell</test-title>
          <test-href>border-bottom-applies-to-007.xht</test-href>
          <reference-value>=</reference-value>
          <reference-href>reference/border-bottom-applies-to-001-ref.xht</reference-href>
          
        </test><test>
          <test-title>Border-bottom applied to element with display block</test-title>
          <test-href>border-bottom-applies-to-009.xht</test-href>
          <reference-value>=</reference-value>
          <reference-href>reference/border-bottom-applies-to-001-ref.xht</reference-href>
          
        </test><test>
          <test-title>Border-bottom applied to element with display inline-block</test-title>
          <test-href>border-bottom-applies-to-012.xht</test-href>
          <reference-value>=</reference-value>
          <reference-href>reference/border-bottom-applies-to-001-ref.xht</reference-href>
          
        </test><test>
          <test-title>Border-bottom applied to element with 'display' set to 'table'</test-title>
          <test-href>border-bottom-applies-to-013.xht</test-href>
          <reference-value>=</reference-value>
          <reference-href>reference/border-bottom-applies-to-001-ref.xht</reference-href>
          
        </test><test>
          <test-title>Border-bottom applied to element with 'display' set to 'inline-table'</test-title>
          <test-href>border-bottom-applies-to-014.xht</test-href>
          <reference-value>=</reference-value>
          <reference-href>reference/border-bottom-applies-to-001-ref.xht</reference-href>
          
        </test><test>
          <test-title>Border-bottom applied to element with 'display' set to 'table-caption'</test-title>
          <test-href>border-bottom-applies-to-015.xht</test-href>
          <reference-value>=</reference-value>
          <reference-href>reference/border-bottom-applies-to-001-ref.xht</reference-href>
          
        </test><test>
          <test-title>Border-bottom-color set to hex with five digits which is invalid and is equivalent to minimum minus one value for six digit hex</test-title>
          <test-href>border-bottom-color-001.xht</test-href>
          <reference-value>=</reference-value>
          <reference-href>reference/border-bottom-color-001-ref.xht</reference-href>
          <flags>
              <flag>Invalid</flag>
              </flags>
        </test><test>
          <test-title>Border-bottom-color set to hex with six digits with the minimum value, #000000</test-title>
          <test-href>border-bottom-color-002.xht</test-href>
          <reference-value>=</reference-value>
          <reference-href>reference/border-bottom-color-001-ref.xht</reference-href>
          
        </test><test>
          <test-title>Border-bottom-color set to hex with six digits with the minimum plus one value, #010101</test-title>
          <test-href>border-bottom-color-003.xht</test-href>
          <reference-value>=</reference-value>
          <reference-href>reference/border-bottom-color-003-ref.xht</reference-href>
          
        </test><test>
          <test-title>Border-bottom-color set to hex with six digits with a nominal value #999999</test-title>
          <test-href>border-bottom-color-004.xht</test-href>
          <reference-value>=</reference-value>
          <reference-href>reference/border-bottom-color-004-ref.xht</reference-href>
          
        </test><test>
          <test-title>Border-bottom-color set to hex with six digits with the maximum minus one value of #fefefe</test-title>
          <test-href>border-bottom-color-005.xht</test-href>
          <reference-value>=</reference-value>
          <reference-href>reference/border-bottom-color-005-ref.xht</reference-href>
          
        </test><test>
          <test-title>Border-bottom-color set to hex with six digits with the maximum value of #ffffff</test-title>
          <test-href>border-bottom-color-006.xht</test-href>
          <reference-value>=</reference-value>
          <reference-href>reference/border-bottom-color-006-ref.xht</reference-href>
          
        </test><test>
          <test-title>Border-bottom-color set to hex with six digits with the maximum plus one value of #1000000</test-title>
          <test-href>border-bottom-color-007.xht</test-href>
          <reference-value>=</reference-value>
          <reference-href>reference/ref-filled-black-96px-square.xht</reference-href>
          <flags>
              <flag>Invalid</flag>
              </flags>
        </test><test>
          <test-title>Border-bottom-color set to hex with six digits with the maximum plus one value of #fgfgfg</test-title>
          <test-href>border-bottom-color-008.xht</test-href>
          <reference-value>=</reference-value>
          <reference-href>reference/ref-filled-black-96px-square.xht</reference-href>
          <flags>
              <flag>Invalid</flag>
              </flags>
        </test><test>
          <test-title>Border-bottom-color set to hex with six digits with a red set to minimum plus one value, #010000</test-title>
          <test-href>border-bottom-color-009.xht</test-href>
          <reference-value>=</reference-value>
          <reference-href>reference/border-bottom-color-009-ref.xht</reference-href>
          
        </test><test>
          <test-title>Border-bottom-color set to hex with six digits with a red set to a nominal value, #990000</test-title>
          <test-href>border-bottom-color-010.xht</test-href>
          <reference-value>=</reference-value>
          <reference-href>reference/border-bottom-color-010-ref.xht</reference-href>
          
        </test><test>
          <test-title>Border-bottom-color set to hex with six digits with a red set to maximum minus one value, #fe0000</test-title>
          <test-href>border-bottom-color-011.xht</test-href>
          <reference-value>=</reference-value>
          <reference-href>reference/border-bottom-color-011-ref.xht</reference-href>
          
        </test><test>
          <test-title>Border-bottom-color set to hex with six digits with a red set to the maximum value, #ff0000</test-title>
          <test-href>border-bottom-color-012.xht</test-href>
          <reference-value>=</reference-value>
          <reference-href>reference/border-bottom-color-012-ref.xht</reference-href>
          
        </test><test>
          <test-title>Border-bottom-color set to hex with six digits with a red set to the maximum plus one value, #fg0000</test-title>
          <test-href>border-bottom-color-013.xht</test-href>
          <reference-value>=</reference-value>
          <reference-href>reference/ref-filled-black-96px-square.xht</reference-href>
          <flags>
              <flag>Invalid</flag>
              </flags>
        </test><test>
          <test-title>Border-bottom-color set to hex with six digits with a green set to minimum plus one value, #000100</test-title>
          <test-href>border-bottom-color-014.xht</test-href>
          <reference-value>=</reference-value>
          <reference-href>reference/border-bottom-color-014-ref.xht</reference-href>
          
        </test><test>
          <test-title>Border-bottom-color set to hex with six digits with a green set to a nominal value, #009900</test-title>
          <test-href>border-bottom-color-015.xht</test-href>
          <reference-value>=</reference-value>
          <reference-href>reference/border-bottom-color-015-ref.xht</reference-href>
          
        </test><test>
          <test-title>Border-bottom-color set to hex with six digits with a green set to maximum minus one value, #00fe00</test-title>
          <test-href>border-bottom-color-016.xht</test-href>
          <reference-value>=</reference-value>
          <reference-href>reference/border-bottom-color-016-ref.xht</reference-href>
          
        </test><test>
          <test-title>Border-bottom-color set to hex with six digits with a green set to the maximum value, #00ff00</test-title>
          <test-href>border-bottom-color-017.xht</test-href>
          <reference-value>=</reference-value>
          <reference-href>reference/border-bottom-color-017-ref.xht</reference-href>
          
        </test><test>
          <test-title>Border-bottom-color set to hex with six digits with a green set to the maximum plus one value, #00fg00</test-title>
          <test-href>border-bottom-color-018.xht</test-href>
          <reference-value>=</reference-value>
          <reference-href>reference/ref-filled-black-96px-square.xht</reference-href>
          <flags>
              <flag>Invalid</flag>
              </flags>
        </test><test>
          <test-title>Border-bottom-color set to hex with six digits with a blue set to minimum plus one value, #000001</test-title>
          <test-href>border-bottom-color-019.xht</test-href>
          <reference-value>=</reference-value>
          <reference-href>reference/border-bottom-color-019-ref.xht</reference-href>
          
        </test><test>
          <test-title>Border-bottom-color set to hex with six digits with a blue set to a nominal value, #000099</test-title>
          <test-href>border-bottom-color-020.xht</test-href>
          <reference-value>=</reference-value>
          <reference-href>reference/border-bottom-color-020-ref.xht</reference-href>
          
        </test><test>
          <test-title>Border-bottom-color set to hex with six digits with a blue set to maximum minus one value, #0000fe</test-title>
          <test-href>border-bottom-color-021.xht</test-href>
          <reference-value>=</reference-value>
          <reference-href>reference/border-bottom-color-021-ref.xht</reference-href>
          
        </test><test>
          <test-title>Border-bottom-color set to hex with six digits with a blue set to the maximum value, #0000ff</test-title>
          <test-href>border-bottom-color-022.xht</test-href>
          <reference-value>=</reference-value>
          <reference-href>reference/border-bottom-color-022-ref.xht</reference-href>
          
        </test><test>
          <test-title>Border-bottom-color set to hex with six digits with a blue set to the maximum plus one value, #0000fg</test-title>
          <test-href>border-bottom-color-023.xht</test-href>
          <reference-value>=</reference-value>
          <reference-href>reference/ref-filled-black-96px-square.xht</reference-href>
          <flags>
              <flag>Invalid</flag>
              </flags>
        </test><test>
          <test-title>Border-bottom-color set to hex with 2 digits which is invalid and is equivalent to minimum minus one value for 3 digit hex</test-title>
          <test-href>border-bottom-color-024.xht</test-href>
          <reference-value>=</reference-value>
          <reference-href>reference/ref-filled-black-96px-square.xht</reference-href>
          <flags>
              <flag>Invalid</flag>
              </flags>
        </test><test>
          <test-title>Border-bottom-color set to hex with three digits with the minimum possible value #000</test-title>
          <test-href>border-bottom-color-025.xht</test-href>
          <reference-value>=</reference-value>
          <reference-href>reference/border-bottom-color-001-ref.xht</reference-href>
          
        </test><test>
          <test-title>Border-bottom-color set to hex with three digits with the minimum plus one value, #111</test-title>
          <test-href>border-bottom-color-026.xht</test-href>
          <reference-value>=</reference-value>
          <reference-href>reference/border-bottom-color-026-ref.xht</reference-href>
          
        </test><test>
          <test-title>Border-bottom-color set to hex with three digits with a nominal value #999</test-title>
          <test-href>border-bottom-color-027.xht</test-href>
          <reference-value>=</reference-value>
          <reference-href>reference/border-bottom-color-027-ref.xht</reference-href>
          
        </test><test>
          <test-title>Border-bottom-color set to hex with three digits with the maximum minus one value of #eee</test-title>
          <test-href>border-bottom-color-028.xht</test-href>
          <reference-value>=</reference-value>
          <reference-href>reference/border-bottom-color-028-ref.xht</reference-href>
          
        </test><test>
          <test-title>Border-bottom-color set to hex with three digits with the maximum value of #fff</test-title>
          <test-href>border-bottom-color-029.xht</test-href>
          <reference-value>=</reference-value>
          <reference-href>reference/border-bottom-color-006-ref.xht</reference-href>
          
        </test><test>
          <test-title>Border-bottom-color set to hex with three digits with the maximum plus one value of #1000</test-title>
          <test-href>border-bottom-color-030.xht</test-href>
          <reference-value>=</reference-value>
          <reference-href>reference/ref-transparent-or-black-square-transparent.xht</reference-href>
          <flags>
              <flag>Invalid</flag>
              </flags>
        </test><test>
          <test-title>Border-bottom-color set to hex with three digits with the maximum plus one value of #ggg</test-title>
          <test-href>border-bottom-color-031.xht</test-href>
          <reference-value>=</reference-value>
          <reference-href>reference/ref-filled-black-96px-square.xht</reference-href>
          <flags>
              <flag>Invalid</flag>
              </flags>
        </test><test>
          <test-title>Border-bottom-color set to hex with three digits with a red set to minimum plus one value, #100</test-title>
          <test-href>border-bottom-color-032.xht</test-href>
          <reference-value>=</reference-value>
          <reference-href>reference/border-bottom-color-032-ref.xht</reference-href>
          
        </test><test>
          <test-title>Border-bottom-color set to hex with three digits with a red set to a nominal value, #900</test-title>
          <test-href>border-bottom-color-033.xht</test-href>
          <reference-value>=</reference-value>
          <reference-href>reference/border-bottom-color-010-ref.xht</reference-href>
          
        </test><test>
          <test-title>Border-bottom-color set to hex with three digits with a red set to maximum minus one value, #e00</test-title>
          <test-href>border-bottom-color-034.xht</test-href>
          <reference-value>=</reference-value>
          <reference-href>reference/border-bottom-color-034-ref.xht</reference-href>
          
        </test><test>
          <test-title>Border-bottom-color set to hex with three digits with a red set to the maximum value, #f00</test-title>
          <test-href>border-bottom-color-035.xht</test-href>
          <reference-value>=</reference-value>
          <reference-href>reference/border-bottom-color-012-ref.xht</reference-href>
          
        </test><test>
          <test-title>Border-bottom-color set to hex with three digits with a red set to the maximum plus one value, #g00</test-title>
          <test-href>border-bottom-color-036.xht</test-href>
          <reference-value>=</reference-value>
          <reference-href>reference/ref-filled-black-96px-square.xht</reference-href>
          <flags>
              <flag>Invalid</flag>
              </flags>
        </test><test>
          <test-title>Border-bottom-color set to hex with three digits with a green set to minimum plus one value, #010</test-title>
          <test-href>border-bottom-color-037.xht</test-href>
          <reference-value>=</reference-value>
          <reference-href>reference/border-bottom-color-037-ref.xht</reference-href>
          
        </test><test>
          <test-title>Border-bottom-color set to hex with three digits with a green set to a nominal value, #090</test-title>
          <test-href>border-bottom-color-038.xht</test-href>
          <reference-value>=</reference-value>
          <reference-href>reference/border-bottom-color-038-ref.xht</reference-href>
          
        </test><test>
          <test-title>Border-bottom-color set to hex with three digits with a green set to maximum minus one value, #0e0</test-title>
          <test-href>border-bottom-color-039.xht</test-href>
          <reference-value>=</reference-value>
          <reference-href>reference/border-bottom-color-039-ref.xht</reference-href>
          
        </test><test>
          <test-title>Border-bottom-color set to hex with three digits with a green set to the maximum value, #0f0</test-title>
          <test-href>border-bottom-color-040.xht</test-href>
          <reference-value>=</reference-value>
          <reference-href>reference/border-bottom-color-017-ref.xht</reference-href>
          
        </test><test>
          <test-title>Border-bottom-color set to hex with three digits with a green set to the maximum plus one value, #0g0</test-title>
          <test-href>border-bottom-color-041.xht</test-href>
          <reference-value>=</reference-value>
          <reference-href>reference/ref-filled-black-96px-square.xht</reference-href>
          <flags>
              <flag>Invalid</flag>
              </flags>
        </test><test>
          <test-title>Border-bottom-color set to hex with three digits with a blue set to minimum plus one value, #001</test-title>
          <test-href>border-bottom-color-042.xht</test-href>
          <reference-value>=</reference-value>
          <reference-href>reference/border-bottom-color-042-ref.xht</reference-href>
          
        </test><test>
          <test-title>Border-bottom-color set to hex with three digits with a blue set to a nominal value, #009</test-title>
          <test-href>border-bottom-color-043.xht</test-href>
          <reference-value>=</reference-value>
          <reference-href>reference/border-bottom-color-020-ref.xht</reference-href>
          
        </test><test>
          <test-title>Border-bottom-color set to hex with three digits with a blue set to maximum minus one value, #00e</test-title>
          <test-href>border-bottom-color-044.xht</test-href>
          <reference-value>=</reference-value>
          <reference-href>reference/border-bottom-color-044-ref.xht</reference-href>
          
        </test><test>
          <test-title>Border-bottom-color set to hex with three digits with a blue set to the maximum value, #00f</test-title>
          <test-href>border-bottom-color-045.xht</test-href>
          <reference-value>=</reference-value>
          <reference-href>reference/border-bottom-color-022-ref.xht</reference-href>
          
        </test><test>
          <test-title>Border-bottom-color set to hex with three digits with a blue set to the maximum plus one value, #00g</test-title>
          <test-href>border-bottom-color-046.xht</test-href>
          <reference-value>=</reference-value>
          <reference-href>reference/ref-filled-black-96px-square.xht</reference-href>
          <flags>
              <flag>Invalid</flag>
              </flags>
        </test><test>
          <test-title>Border-bottom-color set to rgb() using percentages with the minimum minus one value, rgb(-1%, -1%, -1%)</test-title>
          <test-href>border-bottom-color-047.xht</test-href>
          <reference-value>=</reference-value>
          <reference-href>reference/border-bottom-color-001-ref.xht</reference-href>
          <flags>
              <flag>Invalid</flag>
              </flags>
        </test><test>
          <test-title>Border-bottom-color set to rgb() using percentages with the minimum value, rgb(0%, 0%, 0%)</test-title>
          <test-href>border-bottom-color-048.xht</test-href>
          <reference-value>=</reference-value>
          <reference-href>reference/border-bottom-color-001-ref.xht</reference-href>
          
        </test><test>
          <test-title>Border-bottom-color set to rgb() using percentages with the minimum plus one value, rgb(1%, 1%, 1%)</test-title>
          <test-href>border-bottom-color-049.xht</test-href>
          <reference-value>=</reference-value>
          <reference-href>reference/border-bottom-color-049-ref.xht</reference-href>
          
        </test><test>
          <test-title>Border-bottom-color set to rgb() using percentages with the minimum value and minus sign, rgb(-0%, -0%, -0%)</test-title>
          <test-href>border-bottom-color-050.xht</test-href>
          <reference-value>=</reference-value>
          <reference-href>reference/border-bottom-color-001-ref.xht</reference-href>
          
        </test><test>
          <test-title>Border-bottom-color set to rgb() using percentages with the minimum value and plus sign, rgb(+0%, +0%, +0%)</test-title>
          <test-href>border-bottom-color-051.xht</test-href>
          <reference-value>=</reference-value>
          <reference-href>reference/border-bottom-color-001-ref.xht</reference-href>
          
        </test><test>
          <test-title>Border-bottom-color set to rgb() using percentages with a nominal value, rgb(40%, 40%, 40%)</test-title>
          <test-href>border-bottom-color-052.xht</test-href>
          <reference-value>=</reference-value>
          <reference-href>reference/border-bottom-color-052-ref.xht</reference-href>
          
        </test><test>
          <test-title>Border-bottom-color set to rgb() using percentages with a nominal value and a plus sign, rgb(+40%, +40%, +40%)</test-title>
          <test-href>border-bottom-color-053.xht</test-href>
          <reference-value>=</reference-value>
          <reference-href>reference/border-bottom-color-052-ref.xht</reference-href>
          
        </test><test>
          <test-title>Border-bottom-color set to rgb() using percentages with a maximum minus one value, rgb(99%, 99%, 99%)</test-title>
          <test-href>border-bottom-color-054.xht</test-href>
          <reference-value>=</reference-value>
          <reference-href>reference/border-bottom-color-054-ref.xht</reference-href>
          
        </test><test>
          <test-title>Border-bottom-color set to rgb() using percentages with a maximum value, rgb(100%, 100%, 100%)</test-title>
          <test-href>border-bottom-color-055.xht</test-href>
          <reference-value>=</reference-value>
          <reference-href>reference/border-bottom-color-006-ref.xht</reference-href>
          
        </test><test>
          <test-title>Border-bottom-color set to rgb() using percentages with plus sign on each maximum value, rgb(+100%, +100%, +100%)</test-title>
          <test-href>border-bottom-color-056.xht</test-href>
          <reference-value>=</reference-value>
          <reference-href>reference/border-bottom-color-006-ref.xht</reference-href>
          
        </test><test>
          <test-title>Border-bottom-color set to rgb() using percentages with a maximum plus one value, rgb(101%, 101%, 101%)</test-title>
          <test-href>border-bottom-color-057.xht</test-href>
          <reference-value>=</reference-value>
          <reference-href>reference/border-bottom-color-006-ref.xht</reference-href>
          <flags>
              <flag>Invalid</flag>
              </flags>
        </test><test>
          <test-title>Border-bottom-color set to rgb() using integers with the minimum minus one value, rgb(-1, -1, -1)</test-title>
          <test-href>border-bottom-color-058.xht</test-href>
          <reference-value>=</reference-value>
          <reference-href>reference/border-bottom-color-001-ref.xht</reference-href>
          <flags>
              <flag>Invalid</flag>
              </flags>
        </test><test>
          <test-title>Border-bottom-color set to rgb() using integers with the minimum value, rgb(0, 0, 0)</test-title>
          <test-href>border-bottom-color-059.xht</test-href>
          <reference-value>=</reference-value>
          <reference-href>reference/border-bottom-color-001-ref.xht</reference-href>
          
        </test><test>
          <test-title>Border-bottom-color set to rgb() using integers with the minimum plus one value, rgb(1, 1, 1)</test-title>
          <test-href>border-bottom-color-060.xht</test-href>
          <reference-value>=</reference-value>
          <reference-href>reference/border-bottom-color-003-ref.xht</reference-href>
          
        </test><test>
          <test-title>Border-bottom-color set to rgb() using integers with the minimum value and minus sign, rgb(-0, -0, -0)</test-title>
          <test-href>border-bottom-color-061.xht</test-href>
          <reference-value>=</reference-value>
          <reference-href>reference/border-bottom-color-001-ref.xht</reference-href>
          
        </test><test>
          <test-title>Border-bottom-color set to rgb() using integers with the minimum value and plus sign, rgb(+0, +0, +0)</test-title>
          <test-href>border-bottom-color-062.xht</test-href>
          <reference-value>=</reference-value>
          <reference-href>reference/border-bottom-color-001-ref.xht</reference-href>
          
        </test><test>
          <test-title>Border-bottom-color set to rgb() using integers with a nominal value, rgb(128, 128, 128)</test-title>
          <test-href>border-bottom-color-063.xht</test-href>
          <reference-value>=</reference-value>
          <reference-href>reference/border-bottom-color-063-ref.xht</reference-href>
          
        </test><test>
          <test-title>Border-bottom-color set to rgb() using integers with a nominal value and a plus sign, rgb(+128, +128, +128)</test-title>
          <test-href>border-bottom-color-064.xht</test-href>
          <reference-value>=</reference-value>
          <reference-href>reference/border-bottom-color-063-ref.xht</reference-href>
          
        </test><test>
          <test-title>Border-bottom-color set to rgb() using integers with a maximum minus one value, rgb(254, 254, 254)</test-title>
          <test-href>border-bottom-color-065.xht</test-href>
          <reference-value>=</reference-value>
          <reference-href>reference/border-bottom-color-005-ref.xht</reference-href>
          
        </test><test>
          <test-title>Border-bottom-color set to rgb() using integers with a maximum value, rgb(255, 255, 255)</test-title>
          <test-href>border-bottom-color-066.xht</test-href>
          <reference-value>=</reference-value>
          <reference-href>reference/border-bottom-color-006-ref.xht</reference-href>
          
        </test><test>
          <test-title>Border-bottom-color set to rgb() using integers with a maximum value and a plus sign, rgb(+255, +255, +255)</test-title>
          <test-href>border-bottom-color-067.xht</test-href>
          <reference-value>=</reference-value>
          <reference-href>reference/border-bottom-color-006-ref.xht</reference-href>
          
        </test><test>
          <test-title>Border-bottom-color set to rgb() using integers with a maximum plus one value, rgb(256, 256, 256)</test-title>
          <test-href>border-bottom-color-068.xht</test-href>
          <reference-value>=</reference-value>
          <reference-href>reference/border-bottom-color-006-ref.xht</reference-href>
          <flags>
              <flag>Invalid</flag>
              </flags>
        </test><test>
          <test-title>Border-bottom-color set to rgb() using percentages with red set to the minimum minus one value, rgb(-1%, 0%, 0%)</test-title>
          <test-href>border-bottom-color-069.xht</test-href>
          <reference-value>=</reference-value>
          <reference-href>reference/border-bottom-color-001-ref.xht</reference-href>
          <flags>
              <flag>Invalid</flag>
              </flags>
        </test><test>
          <test-title>Border-bottom-color set to rgb() using percentages with red set to the minimum plus one value, rgb(1%, 0%, 0%)</test-title>
          <test-href>border-bottom-color-070.xht</test-href>
          <reference-value>=</reference-value>
          <reference-href>reference/border-bottom-color-070-ref.xht</reference-href>
          
        </test><test>
          <test-title>Border-bottom-color set to rgb() using percentages with red set to the minimum value and minus sign, rgb(-0%, 0%, 0%)</test-title>
          <test-href>border-bottom-color-071.xht</test-href>
          <reference-value>=</reference-value>
          <reference-href>reference/border-bottom-color-001-ref.xht</reference-href>
          
        </test><test>
          <test-title>Border-bottom-color set to rgb() using percentages with red set to the minimum value and plus sign, rgb(+0%, 0%, 0%)</test-title>
          <test-href>border-bottom-color-072.xht</test-href>
          <reference-value>=</reference-value>
          <reference-href>reference/border-bottom-color-001-ref.xht</reference-href>
          
        </test><test>
          <test-title>Border-bottom-color set to rgb() using percentages with red set to a nominal value, rgb(40%, 0%, 0%)</test-title>
          <test-href>border-bottom-color-073.xht</test-href>
          <reference-value>=</reference-value>
          <reference-href>reference/border-bottom-color-073-ref.xht</reference-href>
          
        </test><test>
          <test-title>Border-bottom-color set to rgb() using percentages with red set to a nominal value with a plus sign, rgb(+40%, 0%, 0%)</test-title>
          <test-href>border-bottom-color-074.xht</test-href>
          <reference-value>=</reference-value>
          <reference-href>reference/border-bottom-color-073-ref.xht</reference-href>
          
        </test><test>
          <test-title>Border-bottom-color set to rgb() using percentages with red set to a maximum minus one value, rgb(99%, 0%, 0%)</test-title>
          <test-href>border-bottom-color-075.xht</test-href>
          <reference-value>=</reference-value>
          <reference-href>reference/border-bottom-color-075-ref.xht</reference-href>
          
        </test><test>
          <test-title>Border-bottom-color set to rgb() using percentages with red set to a maximum value, rgb(100%, 0%, 0%)</test-title>
          <test-href>border-bottom-color-076.xht</test-href>
          <reference-value>=</reference-value>
          <reference-href>reference/border-bottom-color-012-ref.xht</reference-href>
          
        </test><test>
          <test-title>Border-bottom-color set to rgb() using percentages with red set to a maximum value with a plus sign, rgb(+100%, 0%, 0%)</test-title>
          <test-href>border-bottom-color-077.xht</test-href>
          <reference-value>=</reference-value>
          <reference-href>reference/border-bottom-color-012-ref.xht</reference-href>
          
        </test><test>
          <test-title>Border-bottom-color set to rgb() using percentages with red set to a maximum plus one value, rgb(101%, 0%, 0%)</test-title>
          <test-href>border-bottom-color-078.xht</test-href>
          <reference-value>=</reference-value>
          <reference-href>reference/border-bottom-color-012-ref.xht</reference-href>
          <flags>
              <flag>Invalid</flag>
              </flags>
        </test><test>
          <test-title>Border-bottom-color set to rgb() using integers with red set to the minimum minus one value, rgb(-1, 0, 0)</test-title>
          <test-href>border-bottom-color-079.xht</test-href>
          <reference-value>=</reference-value>
          <reference-href>reference/border-bottom-color-001-ref.xht</reference-href>
          <flags>
              <flag>Invalid</flag>
              </flags>
        </test><test>
          <test-title>Border-bottom-color set to rgb() using integers with red set to the minimum plus one value, rgb(1, 0, 0)</test-title>
          <test-href>border-bottom-color-080.xht</test-href>
          <reference-value>=</reference-value>
          <reference-href>reference/border-bottom-color-009-ref.xht</reference-href>
          
        </test><test>
          <test-title>Border-bottom-color set to rgb() using integers with red set to the minimum value with a minus sign, rgb(-0, 0, 0)</test-title>
          <test-href>border-bottom-color-081.xht</test-href>
          <reference-value>=</reference-value>
          <reference-href>reference/border-bottom-color-001-ref.xht</reference-href>
          
        </test><test>
          <test-title>Border-bottom-color set to rgb() using integers with red set to the minimum value with a plus sign, rgb(+0, 0, 0)</test-title>
          <test-href>border-bottom-color-082.xht</test-href>
          <reference-value>=</reference-value>
          <reference-href>reference/border-bottom-color-001-ref.xht</reference-href>
          
        </test><test>
          <test-title>Border-bottom-color set to rgb() using integers with red set to a nominal value, rgb(128, 0, 0)</test-title>
          <test-href>border-bottom-color-083.xht</test-href>
          <reference-value>=</reference-value>
          <reference-href>reference/border-bottom-color-083-ref.xht</reference-href>
          
        </test><test>
          <test-title>Border-bottom-color set to rgb() using integers with red set to a nominal value with a plus sign, rgb(+128, 0, 0)</test-title>
          <test-href>border-bottom-color-084.xht</test-href>
          <reference-value>=</reference-value>
          <reference-href>reference/border-bottom-color-083-ref.xht</reference-href>
          
        </test><test>
          <test-title>Border-bottom-color set to rgb() using integers with red set to a maximum minus one value, rgb(254, 0, 0)</test-title>
          <test-href>border-bottom-color-085.xht</test-href>
          <reference-value>=</reference-value>
          <reference-href>reference/border-bottom-color-011-ref.xht</reference-href>
          
        </test><test>
          <test-title>Border-bottom-color set to rgb() using integers with red set to a maximum value, rgb(255, 0, 0)</test-title>
          <test-href>border-bottom-color-086.xht</test-href>
          <reference-value>=</reference-value>
          <reference-href>reference/border-bottom-color-012-ref.xht</reference-href>
          
        </test><test>
          <test-title>Border-bottom-color set to rgb() using integers with red set to a maximum value with a plus sign, rgb(+255, 0, 0)</test-title>
          <test-href>border-bottom-color-087.xht</test-href>
          <reference-value>=</reference-value>
          <reference-href>reference/border-bottom-color-012-ref.xht</reference-href>
          
        </test><test>
          <test-title>Border-bottom-color set to rgb() using integers with red set to a maximum plus one value, rgb(256, 0, 0)</test-title>
          <test-href>border-bottom-color-088.xht</test-href>
          <reference-value>=</reference-value>
          <reference-href>reference/border-bottom-color-012-ref.xht</reference-href>
          <flags>
              <flag>Invalid</flag>
              </flags>
        </test><test>
          <test-title>Border-bottom-color set to rgb() using percentages with green set to the minimum minus one value, rgb(0%, -1%, 0%)</test-title>
          <test-href>border-bottom-color-089.xht</test-href>
          <reference-value>=</reference-value>
          <reference-href>reference/border-bottom-color-001-ref.xht</reference-href>
          <flags>
              <flag>Invalid</flag>
              </flags>
        </test><test>
          <test-title>Border-bottom-color set to rgb() using percentages with green set to the minimum plus one value, rgb(0%, 1%, 0%)</test-title>
          <test-href>border-bottom-color-090.xht</test-href>
          <reference-value>=</reference-value>
          <reference-href>reference/border-bottom-color-090-ref.xht</reference-href>
          
        </test><test>
          <test-title>Border-bottom-color set to rgb() using percentages with green set to the minimum value and minus sign, rgb(0%, -0%, 0%)</test-title>
          <test-href>border-bottom-color-091.xht</test-href>
          <reference-value>=</reference-value>
          <reference-href>reference/border-bottom-color-001-ref.xht</reference-href>
          
        </test><test>
          <test-title>Border-bottom-color set to rgb() using percentages with green set to the minimum value and plus sign, rgb(0%, +0%, 0%)</test-title>
          <test-href>border-bottom-color-092.xht</test-href>
          <reference-value>=</reference-value>
          <reference-href>reference/border-bottom-color-001-ref.xht</reference-href>
          
        </test><test>
          <test-title>Border-bottom-color set to rgb() using percentages with green set to a nominal value, rgb(0%, 40%, 0%)</test-title>
          <test-href>border-bottom-color-093.xht</test-href>
          <reference-value>=</reference-value>
          <reference-href>reference/border-bottom-color-093-ref.xht</reference-href>
          
        </test><test>
          <test-title>Border-bottom-color set to rgb() using percentages with green set to a nominal value with a plus sign, rgb(0%, +40%, 0%)</test-title>
          <test-href>border-bottom-color-094.xht</test-href>
          <reference-value>=</reference-value>
          <reference-href>reference/border-bottom-color-093-ref.xht</reference-href>
          
        </test><test>
          <test-title>Border-bottom-color set to rgb() using percentages with green set to a maximum minus one value, rgb(0%, 99%, 0%)</test-title>
          <test-href>border-bottom-color-095.xht</test-href>
          <reference-value>=</reference-value>
          <reference-href>reference/border-bottom-color-095-ref.xht</reference-href>
          
        </test><test>
          <test-title>Border-bottom-color set to rgb() using percentages with green set to a maximum value, rgb(0%, 100%, 0%)</test-title>
          <test-href>border-bottom-color-096.xht</test-href>
          <reference-value>=</reference-value>
          <reference-href>reference/border-bottom-color-017-ref.xht</reference-href>
          
        </test><test>
          <test-title>Border-bottom-color set to rgb() using percentages with green set to a maximum value with a plus sign, rgb(0%, +100%, 0%)</test-title>
          <test-href>border-bottom-color-097.xht</test-href>
          <reference-value>=</reference-value>
          <reference-href>reference/border-bottom-color-017-ref.xht</reference-href>
          
        </test><test>
          <test-title>Border-bottom-color set to rgb() using percentages with green set to a maximum plus one value, rgb(0%, 101%, 0%)</test-title>
          <test-href>border-bottom-color-098.xht</test-href>
          <reference-value>=</reference-value>
          <reference-href>reference/border-bottom-color-017-ref.xht</reference-href>
          <flags>
              <flag>Invalid</flag>
              </flags>
        </test><test>
          <test-title>Border-bottom-color set to rgb() using integers with green set to the minimum minus one value, rgb(0, -1, 0)</test-title>
          <test-href>border-bottom-color-099.xht</test-href>
          <reference-value>=</reference-value>
          <reference-href>reference/border-bottom-color-001-ref.xht</reference-href>
          <flags>
              <flag>Invalid</flag>
              </flags>
        </test><test>
          <test-title>Border-bottom-color set to rgb() using integers with green set to the minimum plus one value, rgb(0, 1, 0)</test-title>
          <test-href>border-bottom-color-100.xht</test-href>
          <reference-value>=</reference-value>
          <reference-href>reference/border-bottom-color-100-ref.xht</reference-href>
          
        </test><test>
          <test-title>Border-bottom-color set to rgb() using integers with green set to the minimum value with a minus sign, rgb(0, -0, 0)</test-title>
          <test-href>border-bottom-color-101.xht</test-href>
          <reference-value>=</reference-value>
          <reference-href>reference/border-bottom-color-001-ref.xht</reference-href>
          
        </test><test>
          <test-title>Border-bottom-color set to rgb() using integers with green set to the minimum value with a plus sign, rgb(0, +0, 0)</test-title>
          <test-href>border-bottom-color-102.xht</test-href>
          <reference-value>=</reference-value>
          <reference-href>reference/border-bottom-color-001-ref.xht</reference-href>
          
        </test><test>
          <test-title>Border-bottom-color set to rgb() using integers with green set to a nominal value, rgb(0, 128, 0)</test-title>
          <test-href>border-bottom-color-103.xht</test-href>
          <reference-value>=</reference-value>
          <reference-href>reference/border-bottom-color-103-ref.xht</reference-href>
          
        </test><test>
          <test-title>Border-bottom-color set to rgb() using integers with green set to a nominal value with a plus sign, rgb(0, +128, 0)</test-title>
          <test-href>border-bottom-color-104.xht</test-href>
          <reference-value>=</reference-value>
          <reference-href>reference/border-bottom-color-103-ref.xht</reference-href>
          
        </test><test>
          <test-title>Border-bottom-color set to rgb() using integers with green set to a maximum minus one value, rgb(0, 254, 0)</test-title>
          <test-href>border-bottom-color-105.xht</test-href>
          <reference-value>=</reference-value>
          <reference-href>reference/border-bottom-color-016-ref.xht</reference-href>
          
        </test><test>
          <test-title>Border-bottom-color set to rgb() using integers with green set to a maximum value, rgb(0, 255, 0)</test-title>
          <test-href>border-bottom-color-106.xht</test-href>
          <reference-value>=</reference-value>
          <reference-href>reference/border-bottom-color-017-ref.xht</reference-href>
          
        </test><test>
          <test-title>Border-bottom-color set to rgb() using integers with green set to a maximum value with a plus sign, rgb(0, +255, 0)</test-title>
          <test-href>border-bottom-color-107.xht</test-href>
          <reference-value>=</reference-value>
          <reference-href>reference/border-bottom-color-017-ref.xht</reference-href>
          
        </test><test>
          <test-title>Border-bottom-color set to rgb() using integers with green set to a maximum plus one value, rgb(0, 256 0)</test-title>
          <test-href>border-bottom-color-108.xht</test-href>
          <reference-value>=</reference-value>
          <reference-href>reference/border-bottom-color-017-ref.xht</reference-href>
          <flags>
              <flag>Invalid</flag>
              </flags>
        </test><test>
          <test-title>Border-bottom-color set to rgb() using percentages with blue set to the minimum minus one value, rgb(0%, 0%, -1%)</test-title>
          <test-href>border-bottom-color-109.xht</test-href>
          <reference-value>=</reference-value>
          <reference-href>reference/border-bottom-color-001-ref.xht</reference-href>
          <flags>
              <flag>Invalid</flag>
              </flags>
        </test><test>
          <test-title>Border-bottom-color set to rgb() using percentages with blue set to the minimum plus one value, rgb(0%, 0%, 1%)</test-title>
          <test-href>border-bottom-color-110.xht</test-href>
          <reference-value>=</reference-value>
          <reference-href>reference/border-bottom-color-110-ref.xht</reference-href>
          
        </test><test>
          <test-title>Border-bottom-color set to rgb() using percentages with blue set to the minimum value and minus sign, rgb(0%, 0%, -0%)</test-title>
          <test-href>border-bottom-color-111.xht</test-href>
          <reference-value>=</reference-value>
          <reference-href>reference/border-bottom-color-001-ref.xht</reference-href>
          
        </test><test>
          <test-title>Border-bottom-color set to rgb() using percentages with blue set to the minimum value and plus sign, rgb(0%, 0%, +0%)</test-title>
          <test-href>border-bottom-color-112.xht</test-href>
          <reference-value>=</reference-value>
          <reference-href>reference/border-bottom-color-001-ref.xht</reference-href>
          
        </test><test>
          <test-title>Border-bottom-color set to rgb() using percentages with blue set to a nominal value, rgb(0%, 0%, 40%)</test-title>
          <test-href>border-bottom-color-113.xht</test-href>
          <reference-value>=</reference-value>
          <reference-href>reference/border-bottom-color-113-ref.xht</reference-href>
          
        </test><test>
          <test-title>Border-bottom-color set to rgb() using percentages with blue set to a nominal value with a plus sign, rgb(0%, 0%, +40%)</test-title>
          <test-href>border-bottom-color-114.xht</test-href>
          <reference-value>=</reference-value>
          <reference-href>reference/border-bottom-color-113-ref.xht</reference-href>
          
        </test><test>
          <test-title>Border-bottom-color set to rgb() using percentages with blue set to a maximum minus one value, rgb(0%, 0%, 99%)</test-title>
          <test-href>border-bottom-color-115.xht</test-href>
          <reference-value>=</reference-value>
          <reference-href>reference/border-bottom-color-115-ref.xht</reference-href>
          
        </test><test>
          <test-title>Border-bottom-color set to rgb() using percentages with blue set to a maximum value, rgb(0%, 0%, 100%)</test-title>
          <test-href>border-bottom-color-116.xht</test-href>
          <reference-value>=</reference-value>
          <reference-href>reference/border-bottom-color-022-ref.xht</reference-href>
          
        </test><test>
          <test-title>Border-bottom-color set to rgb() using percentages with blue set to a maximum value with a plus sign, rgb(0%, 0%, +100%)</test-title>
          <test-href>border-bottom-color-117.xht</test-href>
          <reference-value>=</reference-value>
          <reference-href>reference/border-bottom-color-022-ref.xht</reference-href>
          
        </test><test>
          <test-title>Border-bottom-color set to rgb() using percentages with blue set to a maximum plus one value, rgb(0%, 0%, 101%)</test-title>
          <test-href>border-bottom-color-118.xht</test-href>
          <reference-value>=</reference-value>
          <reference-href>reference/border-bottom-color-022-ref.xht</reference-href>
          <flags>
              <flag>Invalid</flag>
              </flags>
        </test><test>
          <test-title>Border-bottom-color set to rgb() using integers with blue set to the minimum minus one value, rgb(0, 0, -1)</test-title>
          <test-href>border-bottom-color-119.xht</test-href>
          <reference-value>=</reference-value>
          <reference-href>reference/border-bottom-color-001-ref.xht</reference-href>
          <flags>
              <flag>Invalid</flag>
              </flags>
        </test><test>
          <test-title>Border-bottom-color set to rgb() using integers with blue set to the minimum plus one value, rgb(0, 0, 1)</test-title>
          <test-href>border-bottom-color-120.xht</test-href>
          <reference-value>=</reference-value>
          <reference-href>reference/border-bottom-color-019-ref.xht</reference-href>
          
        </test><test>
          <test-title>Border-bottom-color set to rgb() using integers with blue set to the minimum value with a minus sign, rgb(0, 0, -0)</test-title>
          <test-href>border-bottom-color-121.xht</test-href>
          <reference-value>=</reference-value>
          <reference-href>reference/border-bottom-color-001-ref.xht</reference-href>
          
        </test><test>
          <test-title>Border-bottom-color set to rgb() using integers with blue set to the minimum value with a plus sign, rgb(0, 0, +0)</test-title>
          <test-href>border-bottom-color-122.xht</test-href>
          <reference-value>=</reference-value>
          <reference-href>reference/border-bottom-color-001-ref.xht</reference-href>
          
        </test><test>
          <test-title>Border-bottom-color set to rgb() using integers with blue set to a nominal value, rgb(0, 0, 128)</test-title>
          <test-href>border-bottom-color-123.xht</test-href>
          <reference-value>=</reference-value>
          <reference-href>reference/border-bottom-color-123-ref.xht</reference-href>
          
        </test><test>
          <test-title>Border-bottom-color set to rgb() using integers with blue set to a nominal value with a plus sign, rgb(0, 0, +128)</test-title>
          <test-href>border-bottom-color-124.xht</test-href>
          <reference-value>=</reference-value>
          <reference-href>reference/border-bottom-color-123-ref.xht</reference-href>
          
        </test><test>
          <test-title>Border-bottom-color set to rgb() using integers with blue set to a maximum minus one value, rgb(0, 0, 254)</test-title>
          <test-href>border-bottom-color-125.xht</test-href>
          <reference-value>=</reference-value>
          <reference-href>reference/border-bottom-color-021-ref.xht</reference-href>
          
        </test><test>
          <test-title>Border-bottom-color set to rgb() using integers with blue set to a maximum value, rgb(0, 0, 255)</test-title>
          <test-href>border-bottom-color-126.xht</test-href>
          <reference-value>=</reference-value>
          <reference-href>reference/border-bottom-color-022-ref.xht</reference-href>
          
        </test><test>
          <test-title>Border-bottom-color set to rgb() using integers with blue set to a maximum value with a plus sign, rgb(0, 0, +255)</test-title>
          <test-href>border-bottom-color-127.xht</test-href>
          <reference-value>=</reference-value>
          <reference-href>reference/border-bottom-color-022-ref.xht</reference-href>
          
        </test><test>
          <test-title>Border-bottom-color set to rgb() using integers with blue set to a maximum plus one value, rgb(0, 0, 256)</test-title>
          <test-href>border-bottom-color-128.xht</test-href>
          <reference-value>=</reference-value>
          <reference-href>reference/border-bottom-color-022-ref.xht</reference-href>
          <flags>
              <flag>Invalid</flag>
              </flags>
        </test><test>
          <test-title>Border-bottom-color set to aqua</test-title>
          <test-href>border-bottom-color-129.xht</test-href>
          <reference-value>=</reference-value>
          <reference-href>reference/border-bottom-color-129-ref.xht</reference-href>
          
        </test><test>
          <test-title>Border-bottom-color set to black</test-title>
          <test-href>border-bottom-color-130.xht</test-href>
          <reference-value>=</reference-value>
          <reference-href>reference/border-bottom-color-001-ref.xht</reference-href>
          
        </test><test>
          <test-title>Border-bottom-color set to blue</test-title>
          <test-href>border-bottom-color-131.xht</test-href>
          <reference-value>=</reference-value>
          <reference-href>reference/border-bottom-color-131-ref.xht</reference-href>
          
        </test><test>
          <test-title>Border-bottom-color set to fuchsia</test-title>
          <test-href>border-bottom-color-132.xht</test-href>
          <reference-value>=</reference-value>
          <reference-href>reference/border-bottom-color-132-ref.xht</reference-href>
          
        </test><test>
          <test-title>Border-bottom-color set to gray</test-title>
          <test-href>border-bottom-color-133.xht</test-href>
          <reference-value>=</reference-value>
          <reference-href>reference/border-bottom-color-133-ref.xht</reference-href>
          
        </test><test>
          <test-title>Border-bottom-color set to green</test-title>
          <test-href>border-bottom-color-134.xht</test-href>
          <reference-value>=</reference-value>
          <reference-href>reference/border-bottom-color-134-ref.xht</reference-href>
          
        </test><test>
          <test-title>Border-bottom-color set to lime</test-title>
          <test-href>border-bottom-color-135.xht</test-href>
          <reference-value>=</reference-value>
          <reference-href>reference/border-bottom-color-135-ref.xht</reference-href>
          
        </test><test>
          <test-title>Border-bottom-color set to maroon</test-title>
          <test-href>border-bottom-color-136.xht</test-href>
          <reference-value>=</reference-value>
          <reference-href>reference/border-bottom-color-136-ref.xht</reference-href>
          
        </test><test>
          <test-title>Border-bottom-color set to navy</test-title>
          <test-href>border-bottom-color-137.xht</test-href>
          <reference-value>=</reference-value>
          <reference-href>reference/border-bottom-color-137-ref.xht</reference-href>
          
        </test><test>
          <test-title>Border-bottom-color set to olive</test-title>
          <test-href>border-bottom-color-138.xht</test-href>
          <reference-value>=</reference-value>
          <reference-href>reference/border-bottom-color-138-ref.xht</reference-href>
          
        </test><test>
          <test-title>Border-bottom-color set to orange</test-title>
          <test-href>border-bottom-color-139.xht</test-href>
          <reference-value>=</reference-value>
          <reference-href>reference/border-bottom-color-139-ref.xht</reference-href>
          
        </test><test>
          <test-title>Border-bottom-color set to purple</test-title>
          <test-href>border-bottom-color-140.xht</test-href>
          <reference-value>=</reference-value>
          <reference-href>reference/border-bottom-color-140-ref.xht</reference-href>
          
        </test><test>
          <test-title>Border-bottom-color set to red</test-title>
          <test-href>border-bottom-color-141.xht</test-href>
          <reference-value>=</reference-value>
          <reference-href>reference/border-bottom-color-141-ref.xht</reference-href>
          
        </test><test>
          <test-title>Border-bottom-color set to silver</test-title>
          <test-href>border-bottom-color-142.xht</test-href>
          <reference-value>=</reference-value>
          <reference-href>reference/border-bottom-color-142-ref.xht</reference-href>
          
        </test><test>
          <test-title>Border-bottom-color set to teal</test-title>
          <test-href>border-bottom-color-143.xht</test-href>
          <reference-value>=</reference-value>
          <reference-href>reference/border-bottom-color-143-ref.xht</reference-href>
          
        </test><test>
          <test-title>Border-bottom-color set to white</test-title>
          <test-href>border-bottom-color-144.xht</test-href>
          <reference-value>=</reference-value>
          <reference-href>reference/border-bottom-color-144-ref.xht</reference-href>
          
        </test><test>
          <test-title>Border-bottom-color set to yellow</test-title>
          <test-href>border-bottom-color-145.xht</test-href>
          <reference-value>=</reference-value>
          <reference-href>reference/border-bottom-color-145-ref.xht</reference-href>
          
        </test><test>
          <test-title>Border-bottom-color set to transparent</test-title>
          <test-href>border-bottom-color-174.xht</test-href>
          <reference-value>=</reference-value>
          <reference-href>reference/ref-filled-green-100px-square.xht</reference-href>
          
        </test><test>
          <test-title>Border-bottom-color set to inherit</test-title>
          <test-href>border-bottom-color-175.xht</test-href>
          <reference-value>=</reference-value>
          <reference-href>reference/ref-filled-green-100px-square.xht</reference-href>
          
        </test><test>
          <test-title>Border-bottom-color applied to element with display table-row-group</test-title>
          <test-href>border-bottom-color-applies-to-001.xht</test-href>
          <reference-value>=</reference-value>
          <reference-href>reference/border-bottom-applies-to-001-ref.xht</reference-href>
          
        </test><test>
          <test-title>Border-bottom-color applied to element with display table-header-group</test-title>
          <test-href>border-bottom-color-applies-to-002.xht</test-href>
          <reference-value>=</reference-value>
          <reference-href>reference/border-bottom-applies-to-001-ref.xht</reference-href>
          
        </test><test>
          <test-title>Border-bottom-color applied to element with display table-footer-group</test-title>
          <test-href>border-bottom-color-applies-to-003.xht</test-href>
          <reference-value>=</reference-value>
          <reference-href>reference/border-bottom-applies-to-001-ref.xht</reference-href>
          
        </test><test>
          <test-title>Border-bottom-color applied to element with display table-row</test-title>
          <test-href>border-bottom-color-applies-to-004.xht</test-href>
          <reference-value>=</reference-value>
          <reference-href>reference/border-bottom-applies-to-001-ref.xht</reference-href>
          
        </test><test>
          <test-title>Border-bottom-color applied to element with display table-column-group</test-title>
          <test-href>border-bottom-color-applies-to-005.xht</test-href>
          <reference-value>=</reference-value>
          <reference-href>reference/border-bottom-applies-to-001-ref.xht</reference-href>
          
        </test><test>
          <test-title>Border-bottom-color applied to element with display table-column</test-title>
          <test-href>border-bottom-color-applies-to-006.xht</test-href>
          <reference-value>=</reference-value>
          <reference-href>reference/border-bottom-applies-to-001-ref.xht</reference-href>
          
        </test><test>
          <test-title>Border-bottom-color applied to element with display table-cell</test-title>
          <test-href>border-bottom-color-applies-to-007.xht</test-href>
          <reference-value>=</reference-value>
          <reference-href>reference/border-bottom-applies-to-001-ref.xht</reference-href>
          
        </test><test>
          <test-title>Border-bottom-color applied to element with display block</test-title>
          <test-href>border-bottom-color-applies-to-009.xht</test-href>
          <reference-value>=</reference-value>
          <reference-href>reference/border-bottom-applies-to-001-ref.xht</reference-href>
          
        </test><test>
          <test-title>Border-bottom-color applied to element with display inline-block</test-title>
          <test-href>border-bottom-color-applies-to-012.xht</test-href>
          <reference-value>=</reference-value>
          <reference-href>reference/border-bottom-applies-to-001-ref.xht</reference-href>
          
        </test><test>
          <test-title>Border-bottom-color applied to element with display table</test-title>
          <test-href>border-bottom-color-applies-to-013.xht</test-href>
          <reference-value>=</reference-value>
          <reference-href>reference/border-bottom-applies-to-001-ref.xht</reference-href>
          
        </test><test>
          <test-title>Border-bottom-color applied to element with display inline-table</test-title>
          <test-href>border-bottom-color-applies-to-014.xht</test-href>
          <reference-value>=</reference-value>
          <reference-href>reference/border-bottom-applies-to-001-ref.xht</reference-href>
          
        </test><test>
          <test-title>Border-bottom-color applied to element with display table-caption</test-title>
          <test-href>border-bottom-color-applies-to-015.xht</test-href>
          <reference-value>=</reference-value>
          <reference-href>reference/border-bottom-applies-to-001-ref.xht</reference-href>
          
        </test><test>
          <test-title>Border-bottom-style set to 'none'</test-title>
          <test-href>border-bottom-style-001.xht</test-href>
          <reference-value>=</reference-value>
          <reference-href>reference/ref-nothing-below.xht</reference-href>
          
        </test><test>
          <test-title>Border-bottom-style set to 'hidden'</test-title>
          <test-href>border-bottom-style-002.xht</test-href>
          <reference-value>=</reference-value>
          <reference-href>reference/ref-nothing-below.xht</reference-href>
          
        </test><test>
          <test-title>Border-bottom-style set to 'solid'</test-title>
          <test-href>border-bottom-style-005.xht</test-href>
          <reference-value>=</reference-value>
          <reference-href>reference/border-bottom-style-005-ref.xht</reference-href>
          
        </test><test>
          <test-title>Border-bottom-width using pixels with a minimum minus one (negative) value, -1px</test-title>
          <test-href>border-bottom-width-001.xht</test-href>
          <reference-value>=</reference-value>
          <reference-href>reference/border-bottom-width-001-ref.xht</reference-href>
          <flags>
              <flag>Invalid</flag>
              </flags>
        </test><test>
          <test-title>Border-bottom-width using pixels with a minimum value, 0px</test-title>
          <test-href>border-bottom-width-002.xht</test-href>
          <reference-value>=</reference-value>
          <reference-href>reference/ref-if-there-is-no-red.xht</reference-href>
          
        </test><test>
          <test-title>Border-bottom-width using pixels with a minimum plus one value, 1px</test-title>
          <test-href>border-bottom-width-003.xht</test-href>
          <reference-value>=</reference-value>
          <reference-href>reference/border-bottom-width-003-ref.xht</reference-href>
          
        </test><test>
          <test-title>Border-bottom-width using pixels with a minimum value with a minus sign, -0px</test-title>
          <test-href>border-bottom-width-004.xht</test-href>
          <reference-value>=</reference-value>
          <reference-href>reference/ref-if-there-is-no-red.xht</reference-href>
          
        </test><test>
          <test-title>Border-bottom-width using pixels with a minimum value with a plus sign, +0px</test-title>
          <test-href>border-bottom-width-005.xht</test-href>
          <reference-value>=</reference-value>
          <reference-href>reference/ref-if-there-is-no-red.xht</reference-href>
          
        </test><test>
          <test-title>Border-bottom-width using pixels with a nominal value, 96px</test-title>
          <test-href>border-bottom-width-006.xht</test-href>
          <reference-value>=</reference-value>
          <reference-href>reference/border-bottom-width-006-ref.xht</reference-href>
          <flags>
              <flag>96</flag>
              </flags>
        </test><test>
          <test-title>Border-bottom-width using pixels with a nominal value with a plus sign, +96px</test-title>
          <test-href>border-bottom-width-007.xht</test-href>
          <reference-value>=</reference-value>
          <reference-href>reference/border-bottom-width-006-ref.xht</reference-href>
          <flags>
              <flag>96</flag>
              </flags>
        </test><test>
          <test-title>Border-bottom-width using points with a minimum minus one (negative) value, -1pt</test-title>
          <test-href>border-bottom-width-012.xht</test-href>
          <reference-value>=</reference-value>
          <reference-href>reference/border-bottom-width-012-ref.xht</reference-href>
          <flags>
              <flag>Invalid</flag>
              </flags>
        </test><test>
          <test-title>Border-bottom-width using points with a minimum value, 0pt</test-title>
          <test-href>border-bottom-width-013.xht</test-href>
          <reference-value>=</reference-value>
          <reference-href>reference/ref-if-there-is-no-red.xht</reference-href>
          
        </test><test>
          <test-title>Border-bottom-width using points with a minimum value with a minus sign, -0pt</test-title>
          <test-href>border-bottom-width-015.xht</test-href>
          <reference-value>=</reference-value>
          <reference-href>reference/ref-if-there-is-no-red.xht</reference-href>
          
        </test><test>
          <test-title>Border-bottom-width using points with a minimum value with a plus sign, +0pt</test-title>
          <test-href>border-bottom-width-016.xht</test-href>
          <reference-value>=</reference-value>
          <reference-href>reference/ref-if-there-is-no-red.xht</reference-href>
          
        </test><test>
          <test-title>Border-bottom-width using points with a nominal value, 72pt</test-title>
          <test-href>border-bottom-width-017.xht</test-href>
          <reference-value>=</reference-value>
          <reference-href>reference/border-bottom-width-006-ref.xht</reference-href>
          
        </test><test>
          <test-title>Border-bottom-width using points with a nominal value with a plus sign, +72pt</test-title>
          <test-href>border-bottom-width-018.xht</test-href>
          <reference-value>=</reference-value>
          <reference-href>reference/border-bottom-width-006-ref.xht</reference-href>
          
        </test><test>
          <test-title>Border-bottom-width using picas with a minimum minus one (negative) value, -1pc</test-title>
          <test-href>border-bottom-width-023.xht</test-href>
          <reference-value>=</reference-value>
          <reference-href>reference/border-bottom-width-012-ref.xht</reference-href>
          <flags>
              <flag>Invalid</flag>
              </flags>
        </test><test>
          <test-title>Border-bottom-width using picas with a minimum value, 0pc</test-title>
          <test-href>border-bottom-width-024.xht</test-href>
          <reference-value>=</reference-value>
          <reference-href>reference/ref-if-there-is-no-red.xht</reference-href>
          
        </test><test>
          <test-title>Border-bottom-width using picas with a minimum plus one value, 1pc</test-title>
          <test-href>border-bottom-width-025.xht</test-href>
          <reference-value>=</reference-value>
          <reference-href>reference/border-bottom-width-025-ref.xht</reference-href>
          
        </test><test>
          <test-title>Border-bottom-width using picas with a minimum value with a minus sign, -0pc</test-title>
          <test-href>border-bottom-width-026.xht</test-href>
          <reference-value>=</reference-value>
          <reference-href>reference/ref-if-there-is-no-red.xht</reference-href>
          
        </test><test>
          <test-title>Border-bottom-width using picas with a minimum value with a plus sign, +0pc</test-title>
          <test-href>border-bottom-width-027.xht</test-href>
          <reference-value>=</reference-value>
          <reference-href>reference/ref-if-there-is-no-red.xht</reference-href>
          
        </test><test>
          <test-title>Border-bottom-width using picas with a nominal value, 6pc</test-title>
          <test-href>border-bottom-width-028.xht</test-href>
          <reference-value>=</reference-value>
          <reference-href>reference/border-bottom-width-006-ref.xht</reference-href>
          
        </test><test>
          <test-title>Border-bottom-width using picas with a nominal value with a plus sign, +6pc</test-title>
          <test-href>border-bottom-width-029.xht</test-href>
          <reference-value>=</reference-value>
          <reference-href>reference/border-bottom-width-006-ref.xht</reference-href>
          
        </test><test>
          <test-title>Border-bottom-width using centimeters with a minimum minus one (negative) value, -1cm</test-title>
          <test-href>border-bottom-width-034.xht</test-href>
          <reference-value>=</reference-value>
          <reference-href>reference/border-bottom-width-012-ref.xht</reference-href>
          <flags>
              <flag>Invalid</flag>
              </flags>
        </test><test>
          <test-title>Border-bottom-width using centimeters with a minimum value, 0cm</test-title>
          <test-href>border-bottom-width-035.xht</test-href>
          <reference-value>=</reference-value>
          <reference-href>reference/ref-if-there-is-no-red.xht</reference-href>
          
        </test><test>
          <test-title>Border-bottom-width using centimeters with a minimum value with a minus sign, -0cm</test-title>
          <test-href>border-bottom-width-037.xht</test-href>
          <reference-value>=</reference-value>
          <reference-href>reference/ref-if-there-is-no-red.xht</reference-href>
          
        </test><test>
          <test-title>Border-bottom-width using centimeters with a minimum value with a plus sign, +0cm</test-title>
          <test-href>border-bottom-width-038.xht</test-href>
          <reference-value>=</reference-value>
          <reference-href>reference/ref-if-there-is-no-red.xht</reference-href>
          
        </test><test>
          <test-title>Border-bottom-width using centimeters with a nominal value, 2.54cm</test-title>
          <test-href>border-bottom-width-039.xht</test-href>
          <reference-value>=</reference-value>
          <reference-href>reference/border-bottom-width-006-ref.xht</reference-href>
          
        </test><test>
          <test-title>Border-bottom-width using centimeters with a nominal value with a plus sign, +2.54cm</test-title>
          <test-href>border-bottom-width-040.xht</test-href>
          <reference-value>=</reference-value>
          <reference-href>reference/border-bottom-width-006-ref.xht</reference-href>
          
        </test><test>
          <test-title>Border-bottom-width using millimeters with a minimum minus one (negative) value, -1mm</test-title>
          <test-href>border-bottom-width-045.xht</test-href>
          <reference-value>=</reference-value>
          <reference-href>reference/border-bottom-width-012-ref.xht</reference-href>
          <flags>
              <flag>Invalid</flag>
              </flags>
        </test><test>
          <test-title>Border-bottom-width using millimeters with a minimum value, 0mm</test-title>
          <test-href>border-bottom-width-046.xht</test-href>
          <reference-value>=</reference-value>
          <reference-href>reference/ref-if-there-is-no-red.xht</reference-href>
          
        </test><test>
          <test-title>Border-bottom-width using millimeters with a minimum value with a minus sign, -0mm</test-title>
          <test-href>border-bottom-width-048.xht</test-href>
          <reference-value>=</reference-value>
          <reference-href>reference/ref-if-there-is-no-red.xht</reference-href>
          
        </test><test>
          <test-title>Border-bottom-width using millimeters with a minimum value with a plus sign, +0mm</test-title>
          <test-href>border-bottom-width-049.xht</test-href>
          <reference-value>=</reference-value>
          <reference-href>reference/ref-if-there-is-no-red.xht</reference-href>
          
        </test><test>
          <test-title>Border-bottom-width using millimeters with a nominal value, 25.4mm</test-title>
          <test-href>border-bottom-width-050.xht</test-href>
          <reference-value>=</reference-value>
          <reference-href>reference/border-bottom-width-006-ref.xht</reference-href>
          
        </test><test>
          <test-title>Border-bottom-width using millimeters with a nominal value with a plus sign, +25.4mm</test-title>
          <test-href>border-bottom-width-051.xht</test-href>
          <reference-value>=</reference-value>
          <reference-href>reference/border-bottom-width-006-ref.xht</reference-href>
          
        </test><test>
          <test-title>Border-bottom-width using inches with a minimum minus one (negative) value, -1in</test-title>
          <test-href>border-bottom-width-056.xht</test-href>
          <reference-value>=</reference-value>
          <reference-href>reference/border-bottom-width-012-ref.xht</reference-href>
          <flags>
              <flag>Invalid</flag>
              </flags>
        </test><test>
          <test-title>Border-bottom-width using inches with a minimum value, 0in</test-title>
          <test-href>border-bottom-width-057.xht</test-href>
          <reference-value>=</reference-value>
          <reference-href>reference/ref-if-there-is-no-red.xht</reference-href>
          
        </test><test>
          <test-title>Border-bottom-width using inches with a minimum plus one value, 1in</test-title>
          <test-href>border-bottom-width-058.xht</test-href>
          <reference-value>=</reference-value>
          <reference-href>reference/border-bottom-width-058-ref.xht</reference-href>
          
        </test><test>
          <test-title>Border-bottom-width using inches with a minimum value with a minus sign, -0in</test-title>
          <test-href>border-bottom-width-059.xht</test-href>
          <reference-value>=</reference-value>
          <reference-href>reference/ref-if-there-is-no-red.xht</reference-href>
          
        </test><test>
          <test-title>Border-bottom-width using inches with a minimum value with a plus sign, +0in</test-title>
          <test-href>border-bottom-width-060.xht</test-href>
          <reference-value>=</reference-value>
          <reference-href>reference/ref-if-there-is-no-red.xht</reference-href>
          
        </test><test>
          <test-title>Border-bottom-width using inches with a nominal value, 3in</test-title>
          <test-href>border-bottom-width-061.xht</test-href>
          <reference-value>=</reference-value>
          <reference-href>reference/border-bottom-width-061-ref.xht</reference-href>
          
        </test><test>
          <test-title>Border-bottom-width using inches with a nominal value with a plus sign, +3in</test-title>
          <test-href>border-bottom-width-062.xht</test-href>
          <reference-value>=</reference-value>
          <reference-href>reference/border-bottom-width-061-ref.xht</reference-href>
          
        </test><test>
          <test-title>Border-bottom-width using 'em' units with a minimum minus one (negative) value, -1em</test-title>
          <test-href>border-bottom-width-067.xht</test-href>
          <reference-value>=</reference-value>
          <reference-href>reference/border-bottom-width-012-ref.xht</reference-href>
          <flags>
              <flag>Invalid</flag>
              </flags>
        </test><test>
          <test-title>Border-bottom-width using 'em' units with a minimum value, 0em</test-title>
          <test-href>border-bottom-width-068.xht</test-href>
          <reference-value>=</reference-value>
          <reference-href>reference/ref-if-there-is-no-red.xht</reference-href>
          <flags>
              <flag>Ahem</flag>
              </flags>
        </test><test>
          <test-title>Border-bottom-width using 'em' units with a minimum plus one value, 1em</test-title>
          <test-href>border-bottom-width-069.xht</test-href>
          <reference-value>=</reference-value>
          <reference-href>reference/border-bottom-width-069-ref.xht</reference-href>
          <flags>
              <flag>Ahem</flag>
              </flags>
        </test><test>
          <test-title>Border-bottom-width using 'em' units with a minimum value with a minus sign, -0em</test-title>
          <test-href>border-bottom-width-070.xht</test-href>
          <reference-value>=</reference-value>
          <reference-href>reference/ref-if-there-is-no-red.xht</reference-href>
          <flags>
              <flag>Ahem</flag>
              </flags>
        </test><test>
          <test-title>Border-bottom-width using 'em' units with a minimum value with a plus sign, +0em</test-title>
          <test-href>border-bottom-width-071.xht</test-href>
          <reference-value>=</reference-value>
          <reference-href>reference/ref-if-there-is-no-red.xht</reference-href>
          <flags>
              <flag>Ahem</flag>
              </flags>
        </test><test>
          <test-title>Border-bottom-width using 'em' units with a nominal value, 6em</test-title>
          <test-href>border-bottom-width-072.xht</test-href>
          <reference-value>=</reference-value>
          <reference-href>reference/border-bottom-width-072-ref.xht</reference-href>
          <flags>
              <flag>Ahem</flag>
              </flags>
        </test><test>
          <test-title>Border-bottom-width using 'em' units with a nominal value with a plus sign, +6em</test-title>
          <test-href>border-bottom-width-073.xht</test-href>
          <reference-value>=</reference-value>
          <reference-href>reference/border-bottom-width-072-ref.xht</reference-href>
          <flags>
              <flag>Ahem</flag>
              </flags>
        </test><test>
          <test-title>Border-bottom-width using 'ex' units with a minimum minus one (negative) value, -1ex</test-title>
          <test-href>border-bottom-width-078.xht</test-href>
          <reference-value>=</reference-value>
          <reference-href>reference/border-bottom-width-012-ref.xht</reference-href>
          <flags>
              <flag>Invalid</flag>
              </flags>
        </test><test>
          <test-title>Border-bottom-width using 'ex' units with a minimum value, 0ex</test-title>
          <test-href>border-bottom-width-079.xht</test-href>
          <reference-value>=</reference-value>
          <reference-href>reference/ref-if-there-is-no-red.xht</reference-href>
          <flags>
              <flag>Ahem</flag>
              </flags>
        </test><test>
          <test-title>Border-bottom-width using 'ex' units with a minimum plus one value, 1ex</test-title>
          <test-href>border-bottom-width-080.xht</test-href>
          <reference-value>=</reference-value>
          <reference-href>reference/border-bottom-width-025-ref.xht</reference-href>
          <flags>
              <flag>Ahem</flag>
              </flags>
        </test><test>
          <test-title>Border-bottom-width using 'ex' units with a minimum value with a minus sign, -0ex</test-title>
          <test-href>border-bottom-width-081.xht</test-href>
          <reference-value>=</reference-value>
          <reference-href>reference/ref-if-there-is-no-red.xht</reference-href>
          <flags>
              <flag>Ahem</flag>
              </flags>
        </test><test>
          <test-title>Border-bottom-width using 'ex' units with a minimum value with a plus sign, +0ex</test-title>
          <test-href>border-bottom-width-082.xht</test-href>
          <reference-value>=</reference-value>
          <reference-href>reference/ref-if-there-is-no-red.xht</reference-href>
          <flags>
              <flag>Ahem</flag>
              </flags>
        </test><test>
          <test-title>Border-bottom-width using 'ex' units with a nominal value, 6ex</test-title>
          <test-href>border-bottom-width-083.xht</test-href>
          <reference-value>=</reference-value>
          <reference-href>reference/border-bottom-width-006-ref.xht</reference-href>
          <flags>
              <flag>Ahem</flag>
              </flags>
        </test><test>
          <test-title>Border-bottom-width using 'ex' units with a nominal value with a plus sign, +6ex</test-title>
          <test-href>border-bottom-width-084.xht</test-href>
          <reference-value>=</reference-value>
          <reference-href>reference/border-bottom-width-006-ref.xht</reference-href>
          <flags>
              <flag>Ahem</flag>
              </flags>
        </test><test>
          <test-title>Border-bottom-width set to negative zero with no units, -0</test-title>
          <test-href>border-bottom-width-089.xht</test-href>
          <reference-value>=</reference-value>
          <reference-href>reference/ref-if-there-is-no-red.xht</reference-href>
          
        </test><test>
          <test-title>Border-bottom-width set to zero with no units, 0</test-title>
          <test-href>border-bottom-width-090.xht</test-href>
          <reference-value>=</reference-value>
          <reference-href>reference/ref-if-there-is-no-red.xht</reference-href>
          
        </test><test>
          <test-title>Border-bottom-width set to positive zero with no units, +0</test-title>
          <test-href>border-bottom-width-091.xht</test-href>
          <reference-value>=</reference-value>
          <reference-href>reference/ref-if-there-is-no-red.xht</reference-href>
          
        </test><test>
          <test-title>Border-bottom-width set to inherit</test-title>
          <test-href>border-bottom-width-095.xht</test-href>
          <reference-value>=</reference-value>
          <reference-href>reference/ref-filled-black-96px-square.xht</reference-href>
          
        </test><test>
          <test-title>Border-bottom-width applied to element with display table-row-group</test-title>
          <test-href>border-bottom-width-applies-to-001.xht</test-href>
          <reference-value>=</reference-value>
          <reference-href>reference/ref-filled-black-96px-square.xht</reference-href>
          
        </test><test>
          <test-title>Border-bottom-width applied to element with display table-header-group</test-title>
          <test-href>border-bottom-width-applies-to-002.xht</test-href>
          <reference-value>=</reference-value>
          <reference-href>reference/ref-filled-black-96px-square.xht</reference-href>
          
        </test><test>
          <test-title>Border-bottom-width applied to element with display table-footer-group</test-title>
          <test-href>border-bottom-width-applies-to-003.xht</test-href>
          <reference-value>=</reference-value>
          <reference-href>reference/ref-filled-black-96px-square.xht</reference-href>
          
        </test><test>
          <test-title>Border-bottom-width applied to element with display table-row</test-title>
          <test-href>border-bottom-width-applies-to-004.xht</test-href>
          <reference-value>=</reference-value>
          <reference-href>reference/ref-filled-black-96px-square.xht</reference-href>
          
        </test><test>
          <test-title>Border-bottom-width applied to element with display table-column-group</test-title>
          <test-href>border-bottom-width-applies-to-005.xht</test-href>
          <reference-value>=</reference-value>
          <reference-href>reference/ref-filled-black-96px-square.xht</reference-href>
          
        </test><test>
          <test-title>Border-bottom-width applied to element with display table-column</test-title>
          <test-href>border-bottom-width-applies-to-006.xht</test-href>
          <reference-value>=</reference-value>
          <reference-href>reference/ref-filled-black-96px-square.xht</reference-href>
          
        </test><test>
          <test-title>Border-bottom-width applied to element with display table-cell</test-title>
          <test-href>border-bottom-width-applies-to-007.xht</test-href>
          <reference-value>=</reference-value>
          <reference-href>reference/ref-filled-black-96px-square.xht</reference-href>
          
        </test><test>
          <test-title>Border-bottom-width applied to element with display block</test-title>
          <test-href>border-bottom-width-applies-to-009.xht</test-href>
          <reference-value>=</reference-value>
          <reference-href>reference/ref-filled-black-96px-square.xht</reference-href>
          
        </test><test>
          <test-title>Border-bottom-width applied to element with display inline-block</test-title>
          <test-href>border-bottom-width-applies-to-012.xht</test-href>
          <reference-value>=</reference-value>
          <reference-href>reference/ref-filled-black-96px-square.xht</reference-href>
          
        </test><test>
          <test-title>Border-bottom-width applied to element with display table</test-title>
          <test-href>border-bottom-width-applies-to-013.xht</test-href>
          <reference-value>=</reference-value>
          <reference-href>reference/ref-filled-black-96px-square.xht</reference-href>
          
        </test><test>
          <test-title>Border-bottom-width applied to element with display inline-table</test-title>
          <test-href>border-bottom-width-applies-to-014.xht</test-href>
          <reference-value>=</reference-value>
          <reference-href>reference/ref-filled-black-96px-square.xht</reference-href>
          
        </test><test>
          <test-title>Border-bottom-width applied to element with display table-caption</test-title>
          <test-href>border-bottom-width-applies-to-015.xht</test-href>
          <reference-value>=</reference-value>
          <reference-href>reference/ref-filled-black-96px-square.xht</reference-href>
          
        </test><test>
          <test-title>collapsing borders with empty tbody</test-title>
          <test-href>border-collapse-005.xht</test-href>
          <reference-value>=</reference-value>
          <reference-href>reference/border-collapse-005-ref.xht</reference-href>
          
        </test><test>
          <test-title>Border-collapse and 'display: none' elements</test-title>
          <test-href>border-collapse-applies-to-016.xht</test-href>
          <reference-value>=</reference-value>
          <reference-href>reference/no-red-on-blank-page-ref.xht</reference-href>
          
        </test><test>
          <test-title>border collapse dynamic change to cell style</test-title>
          <test-href>border-collapse-dynamic-cell-001.xht</test-href>
          <reference-value>=</reference-value>
          <reference-href>reference/border-collapse-dynamic-cell-001-ref.xht</reference-href>
          <flags>
              <flag>DOM/JS</flag>
              </flags>
        </test><test>
          <test-title>border collapse dynamic change to cell color</test-title>
          <test-href>border-collapse-dynamic-cell-002.xht</test-href>
          <reference-value>=</reference-value>
          <reference-href>reference/border-collapse-dynamic-cell-002-ref.xht</reference-href>
          <flags>
              <flag>DOM/JS</flag>
              </flags>
        </test><test>
          <test-title>border collapse dynamic change to cell border width</test-title>
          <test-href>border-collapse-dynamic-cell-003.xht</test-href>
          <reference-value>=</reference-value>
          <reference-href>reference/border-collapse-dynamic-cell-003-ref.xht</reference-href>
          <flags>
              <flag>DOM/JS</flag>
              </flags>
        </test><test>
          <test-title>border collapse dynamic change to colspan cell style</test-title>
          <test-href>border-collapse-dynamic-cell-004.xht</test-href>
          <reference-value>=</reference-value>
          <reference-href>reference/border-collapse-dynamic-cell-004-ref.xht</reference-href>
          <flags>
              <flag>DOM/JS</flag>
              </flags>
        </test><test>
          <test-title>border collapse dynamic change to rowspan cell style</test-title>
          <test-href>border-collapse-dynamic-cell-005.xht</test-href>
          <reference-value>=</reference-value>
          <reference-href>reference/border-collapse-dynamic-cell-005-ref.xht</reference-href>
          <flags>
              <flag>DOM/JS</flag>
              </flags>
        </test><test>
          <test-title>border collapse dynamic change to colgroup border color</test-title>
          <test-href>border-collapse-dynamic-colgroup-001.xht</test-href>
          <reference-value>=</reference-value>
          <reference-href>reference/border-collapse-dynamic-colgroup-001-ref.xht</reference-href>
          <flags>
              <flag>DOM/JS</flag>
              </flags>
        </test><test>
          <test-title>border collapse dynamic change to colgroup border width</test-title>
          <test-href>border-collapse-dynamic-colgroup-002.xht</test-href>
          <reference-value>=</reference-value>
          <reference-href>reference/border-collapse-dynamic-colgroup-002-ref.xht</reference-href>
          <flags>
              <flag>DOM/JS</flag>
              </flags>
        </test><test>
          <test-title>border collapse dynamic change to colgroup border style</test-title>
          <test-href>border-collapse-dynamic-colgroup-003.xht</test-href>
          <reference-value>=</reference-value>
          <reference-href>reference/border-collapse-dynamic-colgroup-003-ref.xht</reference-href>
          <flags>
              <flag>DOM/JS</flag>
              </flags>
        </test><test>
          <test-title>border collapse dynamic change to col border color</test-title>
          <test-href>border-collapse-dynamic-column-001.xht</test-href>
          <reference-value>=</reference-value>
          <reference-href>reference/border-collapse-dynamic-colgroup-001-ref.xht</reference-href>
          <flags>
              <flag>DOM/JS</flag>
              </flags>
        </test><test>
          <test-title>border collapse dynamic change to col border width</test-title>
          <test-href>border-collapse-dynamic-column-002.xht</test-href>
          <reference-value>=</reference-value>
          <reference-href>reference/border-collapse-dynamic-colgroup-002-ref.xht</reference-href>
          <flags>
              <flag>DOM/JS</flag>
              </flags>
        </test><test>
          <test-title>border collapse dynamic change to col border style</test-title>
          <test-href>border-collapse-dynamic-column-003.xht</test-href>
          <reference-value>=</reference-value>
          <reference-href>reference/border-collapse-dynamic-colgroup-003-ref.xht</reference-href>
          <flags>
              <flag>DOM/JS</flag>
              </flags>
        </test><test>
          <test-title>border collapse dynamic change to row border color</test-title>
          <test-href>border-collapse-dynamic-row-001.xht</test-href>
          <reference-value>=</reference-value>
          <reference-href>reference/border-collapse-dynamic-rowgroup-001-ref.xht</reference-href>
          <flags>
              <flag>DOM/JS</flag>
              </flags>
        </test><test>
          <test-title>border collapse dynamic change to row border width</test-title>
          <test-href>border-collapse-dynamic-row-002.xht</test-href>
          <reference-value>=</reference-value>
          <reference-href>reference/border-collapse-dynamic-rowgroup-002-ref.xht</reference-href>
          <flags>
              <flag>DOM/JS</flag>
              </flags>
        </test><test>
          <test-title>border collapse dynamic change to row border style</test-title>
          <test-href>border-collapse-dynamic-row-003.xht</test-href>
          <reference-value>=</reference-value>
          <reference-href>reference/border-collapse-dynamic-rowgroup-003-ref.xht</reference-href>
          <flags>
              <flag>DOM/JS</flag>
              </flags>
        </test><test>
          <test-title>border collapse dynamic change to rowgroup border color</test-title>
          <test-href>border-collapse-dynamic-rowgroup-001.xht</test-href>
          <reference-value>=</reference-value>
          <reference-href>reference/border-collapse-dynamic-rowgroup-001-ref.xht</reference-href>
          <flags>
              <flag>DOM/JS</flag>
              </flags>
        </test><test>
          <test-title>border collapse dynamic change to rowgroup border width</test-title>
          <test-href>border-collapse-dynamic-rowgroup-002.xht</test-href>
          <reference-value>=</reference-value>
          <reference-href>reference/border-collapse-dynamic-rowgroup-002-ref.xht</reference-href>
          <flags>
              <flag>DOM/JS</flag>
              </flags>
        </test><test>
          <test-title>border collapse dynamic change to rowgroup border style</test-title>
          <test-href>border-collapse-dynamic-rowgroup-003.xht</test-href>
          <reference-value>=</reference-value>
          <reference-href>reference/border-collapse-dynamic-rowgroup-003-ref.xht</reference-href>
          <flags>
              <flag>DOM/JS</flag>
              </flags>
        </test><test>
          <test-title>border collapse dynamic change to table border color</test-title>
          <test-href>border-collapse-dynamic-table-001.xht</test-href>
          <reference-value>=</reference-value>
          <reference-href>reference/border-collapse-dynamic-table-001-ref.xht</reference-href>
          <flags>
              <flag>DOM/JS</flag>
              </flags>
        </test><test>
          <test-title>border collapse dynamic change to table border width</test-title>
          <test-href>border-collapse-dynamic-table-002.xht</test-href>
          <reference-value>=</reference-value>
          <reference-href>reference/border-collapse-dynamic-table-002-ref.xht</reference-href>
          <flags>
              <flag>DOM/JS</flag>
              </flags>
        </test><test>
          <test-title>border collapse dynamic change to table border style</test-title>
          <test-href>border-collapse-dynamic-table-003.xht</test-href>
          <reference-value>=</reference-value>
          <reference-href>reference/border-collapse-dynamic-table-003-ref.xht</reference-href>
          <flags>
              <flag>DOM/JS</flag>
              </flags>
        </test><test>
          <test-title>border collapse</test-title>
          <test-href>border-collapse-offset-001.xht</test-href>
          <reference-value>=</reference-value>
          <reference-href>reference/border-collapse-offset-001-ref.xht</reference-href>
          
        </test><test>
          <test-title>border collapse</test-title>
          <test-href>border-collapse-offset-002.xht</test-href>
          <reference-value>=</reference-value>
          <reference-href>reference/border-collapse-offset-002-ref.xht</reference-href>
          
        </test><test>
          <test-title>Border-color with one color value</test-title>
          <test-href>border-color-001.xht</test-href>
          <reference-value>=</reference-value>
          <reference-href>reference/border-color-001-ref.xht</reference-href>
          
        </test><test>
          <test-title>Border-color with a transparent border</test-title>
          <test-href>border-color-005.xht</test-href>
          <reference-value>=</reference-value>
          <reference-href>reference/border-color-005-ref.xht</reference-href>
          
        </test><test>
          <test-title>Border-color set to inherit, inheriting one value</test-title>
          <test-href>border-color-006.xht</test-href>
          <reference-value>=</reference-value>
          <reference-href>reference/border-color-006-ref.xht</reference-href>
          
        </test><test>
          <test-title>CSS Colours: Initial Border Color</test-title>
          <test-href>border-color-010.xht</test-href>
          <reference-value>=</reference-value>
          <reference-href>reference/border-color-010-ref.xht</reference-href>
          
        </test><test>
          <test-title>CSS inheritance: border-color</test-title>
          <test-href>border-color-011.xht</test-href>
          <reference-value>=</reference-value>
          <reference-href>reference/border-color-011-ref.xht</reference-href>
          
        </test><test>
          <test-title>CSS inheritance: border-color</test-title>
          <test-href>border-color-012.xht</test-href>
          <reference-value>=</reference-value>
          <reference-href>reference/border-color-012-ref.xht</reference-href>
          
        </test><test>
          <test-title>Border-color applied to element with display table-row-group</test-title>
          <test-href>border-color-applies-to-001.xht</test-href>
          <reference-value>=</reference-value>
          <reference-href>reference/border-applies-to-001-ref.xht</reference-href>
          
        </test><test>
          <test-title>Border-color applied to element with display table-header-group</test-title>
          <test-href>border-color-applies-to-002.xht</test-href>
          <reference-value>=</reference-value>
          <reference-href>reference/border-applies-to-001-ref.xht</reference-href>
          
        </test><test>
          <test-title>Border-color applied to element with display table-footer-group</test-title>
          <test-href>border-color-applies-to-003.xht</test-href>
          <reference-value>=</reference-value>
          <reference-href>reference/border-applies-to-001-ref.xht</reference-href>
          
        </test><test>
          <test-title>Border-color applied to element with display table-row</test-title>
          <test-href>border-color-applies-to-004.xht</test-href>
          <reference-value>=</reference-value>
          <reference-href>reference/border-applies-to-001-ref.xht</reference-href>
          
        </test><test>
          <test-title>Border-color applied to element with display table-column-group</test-title>
          <test-href>border-color-applies-to-005.xht</test-href>
          <reference-value>=</reference-value>
          <reference-href>reference/border-applies-to-001-ref.xht</reference-href>
          
        </test><test>
          <test-title>Border-color applied to element with display table-column</test-title>
          <test-href>border-color-applies-to-006.xht</test-href>
          <reference-value>=</reference-value>
          <reference-href>reference/border-applies-to-001-ref.xht</reference-href>
          
        </test><test>
          <test-title>Border-color applied to element with display table-cell</test-title>
          <test-href>border-color-applies-to-007.xht</test-href>
          <reference-value>=</reference-value>
          <reference-href>reference/border-applies-to-001-ref.xht</reference-href>
          
        </test><test>
          <test-title>Border-color applied to element with display block</test-title>
          <test-href>border-color-applies-to-009.xht</test-href>
          <reference-value>=</reference-value>
          <reference-href>reference/border-applies-to-001-ref.xht</reference-href>
          
        </test><test>
          <test-title>Border-color applied to element with display inline-block</test-title>
          <test-href>border-color-applies-to-012.xht</test-href>
          <reference-value>=</reference-value>
          <reference-href>reference/border-applies-to-001-ref.xht</reference-href>
          
        </test><test>
          <test-title>Border-color applied to element with display table</test-title>
          <test-href>border-color-applies-to-013.xht</test-href>
          <reference-value>=</reference-value>
          <reference-href>reference/border-applies-to-001-ref.xht</reference-href>
          
        </test><test>
          <test-title>Border-color applied to element with display inline-table</test-title>
          <test-href>border-color-applies-to-014.xht</test-href>
          <reference-value>=</reference-value>
          <reference-href>reference/border-applies-to-001-ref.xht</reference-href>
          
        </test><test>
          <test-title>Border-color applied to element with display table-caption</test-title>
          <test-href>border-color-applies-to-015.xht</test-href>
          <reference-value>=</reference-value>
          <reference-href>reference/border-applies-to-001-ref.xht</reference-href>
          
        </test><test>
          <test-title>Border-color shorthand - one value</test-title>
          <test-href>border-color-shorthand-001.xht</test-href>
          <reference-value>=</reference-value>
          <reference-href>reference/border-color-shorthand-001-ref.xht</reference-href>
          
        </test><test>
          <test-title>Border conflict resolution - adjacent cells with same border-style and border-width</test-title>
          <test-href>border-conflict-element-001a.xht</test-href>
          <reference-value>=</reference-value>
          <reference-href>reference/ref-filled-green-100px-square.xht</reference-href>
          
        </test><test>
          <test-title>Border conflict resolution - adjacent cells with same border-style and border-width</test-title>
          <test-href>border-conflict-element-001b.xht</test-href>
          <reference-value>=</reference-value>
          <reference-href>reference/ref-filled-green-100px-square.xht</reference-href>
          
        </test><test>
          <test-title>Border conflict resolution - adjacent cells with same border-style and border-width</test-title>
          <test-href>border-conflict-element-001c.xht</test-href>
          <reference-value>=</reference-value>
          <reference-href>reference/ref-filled-green-100px-square.xht</reference-href>
          
        </test><test>
          <test-title>Border conflict resolution - adjacent cells with same border-style and border-width</test-title>
          <test-href>border-conflict-element-001d.xht</test-href>
          <reference-value>=</reference-value>
          <reference-href>reference/border-conflict-element-001d-ref.xht</reference-href>
          <flags>
              <flag>Ahem</flag><flag>Bitmaps</flag>
              </flags>
        </test><test>
          <test-title>Border conflict resolution - adjacent cells with same border-style and border-width</test-title>
          <test-href>border-conflict-element-001e.xht</test-href>
          <reference-value>=</reference-value>
          <reference-href>reference/border-conflict-element-001e-ref.xht</reference-href>
          <flags>
              <flag>Bitmaps</flag>
              </flags>
        </test><test>
          <test-title>Border conflict resolution - adjacent cells with same border styles in a 'vertical-lr' table with 'direction: ltr' (basic)</test-title>
          <test-href>border-conflict-element-vlr-003.xht</test-href>
          <reference-value>=</reference-value>
          <reference-href>reference/ref-filled-green-100px-square.xht</reference-href>
          
        </test><test>
          <test-title>Border conflict resolution - adjacent cells with same border styles in a 'vertical-lr' table with 'direction: ltr' (basic)</test-title>
          <test-href>border-conflict-element-vlr-005.xht</test-href>
          <reference-value>=</reference-value>
          <reference-href>reference/ref-filled-green-100px-square.xht</reference-href>
          
        </test><test>
          <test-title>Border conflict resolution - adjacent cells with same border styles in a 'vertical-lr' table with 'direction: ltr' (complex)</test-title>
          <test-href>border-conflict-element-vlr-007.xht</test-href>
          <reference-value>=</reference-value>
          <reference-href>reference/ref-filled-green-100px-square.xht</reference-href>
          
        </test><test>
          <test-title>Border conflict resolution - adjacent cells with same border styles in a 'vertical-lr' table with 'direction: ltr' (complex)</test-title>
          <test-href>border-conflict-element-vlr-009.xht</test-href>
          <reference-value>=</reference-value>
          <reference-href>reference/ref-filled-green-100px-square.xht</reference-href>
          
        </test><test>
          <test-title>Border conflict resolution - adjacent cells with same border styles in a 'vertical-lr' table with 'direction: rtl' (complex)</test-title>
          <test-href>border-conflict-element-vlr-011.xht</test-href>
          <reference-value>=</reference-value>
          <reference-href>reference/ref-filled-green-100px-square.xht</reference-href>
          
        </test><test>
          <test-title>Border conflict resolution - cell wins over row, cell wins over rowgroup and cell wins over table (compound)</test-title>
          <test-href>border-conflict-element-vlr-013.xht</test-href>
          <reference-value>=</reference-value>
          <reference-href>reference/ref-filled-green-100px-square.xht</reference-href>
          
        </test><test>
          <test-title>Border conflict resolution - adjacent cells with same border styles in a 'vertical-rl' table with 'direction: ltr' (basic)</test-title>
          <test-href>border-conflict-element-vrl-002.xht</test-href>
          <reference-value>=</reference-value>
          <reference-href>reference/ref-filled-green-100px-square.xht</reference-href>
          
        </test><test>
          <test-title>Border conflict resolution - adjacent cells with same border styles in a 'vertical-rl' table with 'direction: ltr' (basic)</test-title>
          <test-href>border-conflict-element-vrl-004.xht</test-href>
          <reference-value>=</reference-value>
          <reference-href>reference/ref-filled-green-100px-square.xht</reference-href>
          
        </test><test>
          <test-title>Border conflict resolution - adjacent cells with same border styles in a 'vertical-rl' table with 'direction: ltr' (complex)</test-title>
          <test-href>border-conflict-element-vrl-006.xht</test-href>
          <reference-value>=</reference-value>
          <reference-href>reference/ref-filled-green-100px-square.xht</reference-href>
          
        </test><test>
          <test-title>Border conflict resolution - adjacent cells with same border styles in a 'vertical-rl' table with 'direction: ltr' (complex)</test-title>
          <test-href>border-conflict-element-vrl-008.xht</test-href>
          <reference-value>=</reference-value>
          <reference-href>reference/ref-filled-green-100px-square.xht</reference-href>
          
        </test><test>
          <test-title>Border conflict resolution - adjacent cells with same border styles in a 'vertical-rl' table with 'direction: rtl' (complex)</test-title>
          <test-href>border-conflict-element-vrl-010.xht</test-href>
          <reference-value>=</reference-value>
          <reference-href>reference/ref-filled-green-100px-square.xht</reference-href>
          
        </test><test>
          <test-title>Border conflict resolution - cell wins over row, cell wins over rowgroup and cell wins over table (compound)</test-title>
          <test-href>border-conflict-element-vrl-012.xht</test-href>
          <reference-value>=</reference-value>
          <reference-href>reference/ref-filled-green-100px-square.xht</reference-href>
          
        </test><test>
          <test-title>border conflict resolution - border-style: hidden applied to table-row</test-title>
          <test-href>border-conflict-style-101.xht</test-href>
          <reference-value>=</reference-value>
          <reference-href>reference/border-conflict-style-101-ref.xht</reference-href>
          
        </test><test>
          <test-title>border conflict resolution - border-style: hidden applied to table-column-group</test-title>
          <test-href>border-conflict-style-102.xht</test-href>
          <reference-value>=</reference-value>
          <reference-href>reference/border-conflict-style-101-ref.xht</reference-href>
          
        </test><test>
          <test-title>border conflict resolution - border-style: hidden applied to table-column</test-title>
          <test-href>border-conflict-style-103.xht</test-href>
          <reference-value>=</reference-value>
          <reference-href>reference/border-conflict-style-101-ref.xht</reference-href>
          
        </test><test>
          <test-title>border conflict resolution - border-style: hidden applied to table-row-group</test-title>
          <test-href>border-conflict-style-104.xht</test-href>
          <reference-value>=</reference-value>
          <reference-href>reference/border-conflict-style-101-ref.xht</reference-href>
          
        </test><test>
          <test-title>border conflict resolution - border-style: hidden applied to table-footer-group</test-title>
          <test-href>border-conflict-style-105.xht</test-href>
          <reference-value>=</reference-value>
          <reference-href>reference/border-conflict-style-101-ref.xht</reference-href>
          
        </test><test>
          <test-title>border conflict resolution - border-style: hidden applied to table-header-group</test-title>
          <test-href>border-conflict-style-106.xht</test-href>
          <reference-value>=</reference-value>
          <reference-href>reference/border-conflict-style-101-ref.xht</reference-href>
          
        </test><test>
          <test-title>Dynamic Borders (style attribute)</test-title>
          <test-href>border-dynamic-001.xht</test-href>
          <reference-value>=</reference-value>
          <reference-href>reference/border-dynamic-001-ref.xht</reference-href>
          <flags>
              <flag>DOM/JS</flag>
              </flags>
        </test><test>
          <test-title>Dynamic Borders (class attribute)</test-title>
          <test-href>border-dynamic-002.xht</test-href>
          <reference-value>=</reference-value>
          <reference-href>reference/border-dynamic-001-ref.xht</reference-href>
          <flags>
              <flag>DOM/JS</flag>
              </flags>
        </test><test>
          <test-title>Border-left set to border-width</test-title>
          <test-href>border-left-001.xht</test-href>
          <reference-value>=</reference-value>
          <reference-href>reference/ref-filled-black-96px-square.xht</reference-href>
          
        </test><test>
          <test-title>Border-left set to border-color</test-title>
          <test-href>border-left-003.xht</test-href>
          <reference-value>=</reference-value>
          <reference-href>reference/border-left-003-ref.xht</reference-href>
          
        </test><test>
          <test-title>Border-left set to border-width border-color</test-title>
          <test-href>border-left-005.xht</test-href>
          <reference-value>=</reference-value>
          <reference-href>reference/border-left-005-ref.xht</reference-href>
          
        </test><test>
          <test-title>Border-left set to border-style border-width</test-title>
          <test-href>border-left-006.xht</test-href>
          <reference-value>=</reference-value>
          <reference-href>reference/ref-filled-black-96px-square.xht</reference-href>
          
        </test><test>
          <test-title>Border-left set to border-color border-width</test-title>
          <test-href>border-left-008.xht</test-href>
          <reference-value>=</reference-value>
          <reference-href>reference/border-left-005-ref.xht</reference-href>
          
        </test><test>
          <test-title>Border-left set to inherit, inheriting three values for a shorthand property</test-title>
          <test-href>border-left-018.xht</test-href>
          <reference-value>=</reference-value>
          <reference-href>reference/border-left-018-ref.xht</reference-href>
          
        </test><test>
          <test-title>Border-left applied to element with display table-row-group</test-title>
          <test-href>border-left-applies-to-001.xht</test-href>
          <reference-value>=</reference-value>
          <reference-href>reference/border-left-applies-to-001-ref.xht</reference-href>
          
        </test><test>
          <test-title>Border-left applied to element with display table-header-group</test-title>
          <test-href>border-left-applies-to-002.xht</test-href>
          <reference-value>=</reference-value>
          <reference-href>reference/border-left-applies-to-001-ref.xht</reference-href>
          
        </test><test>
          <test-title>Border-left applied to element with display table-footer-group</test-title>
          <test-href>border-left-applies-to-003.xht</test-href>
          <reference-value>=</reference-value>
          <reference-href>reference/border-left-applies-to-001-ref.xht</reference-href>
          
        </test><test>
          <test-title>Border-left applied to element with display table-row</test-title>
          <test-href>border-left-applies-to-004.xht</test-href>
          <reference-value>=</reference-value>
          <reference-href>reference/border-left-applies-to-001-ref.xht</reference-href>
          
        </test><test>
          <test-title>Border-left applied to element with display table-column-group</test-title>
          <test-href>border-left-applies-to-005.xht</test-href>
          <reference-value>=</reference-value>
          <reference-href>reference/border-left-applies-to-001-ref.xht</reference-href>
          
        </test><test>
          <test-title>Border-left applied to element with display table-column</test-title>
          <test-href>border-left-applies-to-006.xht</test-href>
          <reference-value>=</reference-value>
          <reference-href>reference/border-left-applies-to-001-ref.xht</reference-href>
          
        </test><test>
          <test-title>Border-left applied to element with display table-cell</test-title>
          <test-href>border-left-applies-to-007.xht</test-href>
          <reference-value>=</reference-value>
          <reference-href>reference/border-left-applies-to-001-ref.xht</reference-href>
          
        </test><test>
          <test-title>Border-left applied to element with display block</test-title>
          <test-href>border-left-applies-to-009.xht</test-href>
          <reference-value>=</reference-value>
          <reference-href>reference/border-left-applies-to-001-ref.xht</reference-href>
          
        </test><test>
          <test-title>Border-left applied to element with display inline-block</test-title>
          <test-href>border-left-applies-to-012.xht</test-href>
          <reference-value>=</reference-value>
          <reference-href>reference/border-left-applies-to-001-ref.xht</reference-href>
          
        </test><test>
          <test-title>Border-left applied to element with display table</test-title>
          <test-href>border-left-applies-to-013.xht</test-href>
          <reference-value>=</reference-value>
          <reference-href>reference/border-left-applies-to-001-ref.xht</reference-href>
          
        </test><test>
          <test-title>Border-left applied to element with display inline-table</test-title>
          <test-href>border-left-applies-to-014.xht</test-href>
          <reference-value>=</reference-value>
          <reference-href>reference/border-left-applies-to-001-ref.xht</reference-href>
          
        </test><test>
          <test-title>Border-left applied to element with display table-caption</test-title>
          <test-href>border-left-applies-to-015.xht</test-href>
          <reference-value>=</reference-value>
          <reference-href>reference/border-left-applies-to-001-ref.xht</reference-href>
          
        </test><test>
          <test-title>Border-left-color set to hex with five digits which is invalid and is equivalent to minimum minus one value for six digit hex</test-title>
          <test-href>border-left-color-001.xht</test-href>
          <reference-value>=</reference-value>
          <reference-href>reference/border-bottom-color-001-ref.xht</reference-href>
          <flags>
              <flag>Invalid</flag>
              </flags>
        </test><test>
          <test-title>Border-left-color set to hex with six digits with the minimum value, #000000</test-title>
          <test-href>border-left-color-002.xht</test-href>
          <reference-value>=</reference-value>
          <reference-href>reference/border-bottom-color-001-ref.xht</reference-href>
          
        </test><test>
          <test-title>Border-left-color set to hex with six digits with the minimum plus one value, #010101</test-title>
          <test-href>border-left-color-003.xht</test-href>
          <reference-value>=</reference-value>
          <reference-href>reference/border-bottom-color-003-ref.xht</reference-href>
          
        </test><test>
          <test-title>Border-left-color set to hex with six digits with a nominal value #999999</test-title>
          <test-href>border-left-color-004.xht</test-href>
          <reference-value>=</reference-value>
          <reference-href>reference/border-bottom-color-004-ref.xht</reference-href>
          
        </test><test>
          <test-title>Border-left-color set to hex with six digits with the maximum minus one value of #fefefe</test-title>
          <test-href>border-left-color-005.xht</test-href>
          <reference-value>=</reference-value>
          <reference-href>reference/border-bottom-color-005-ref.xht</reference-href>
          
        </test><test>
          <test-title>Border-left-color set to hex with six digits with the maximum value of #ffffff</test-title>
          <test-href>border-left-color-006.xht</test-href>
          <reference-value>=</reference-value>
          <reference-href>reference/border-bottom-color-006-ref.xht</reference-href>
          
        </test><test>
          <test-title>Border-left-color set to hex with six digits with the maximum plus one value of #1000000</test-title>
          <test-href>border-left-color-007.xht</test-href>
          <reference-value>=</reference-value>
          <reference-href>reference/ref-filled-black-96px-square.xht</reference-href>
          <flags>
              <flag>Invalid</flag>
              </flags>
        </test><test>
          <test-title>Border-left-color set to hex with six digits with the maximum plus one value of #fgfgfg</test-title>
          <test-href>border-left-color-008.xht</test-href>
          <reference-value>=</reference-value>
          <reference-href>reference/ref-filled-black-96px-square.xht</reference-href>
          <flags>
              <flag>Invalid</flag>
              </flags>
        </test><test>
          <test-title>Border-left-color set to hex with six digits with a red set to minimum plus one value, #010000</test-title>
          <test-href>border-left-color-009.xht</test-href>
          <reference-value>=</reference-value>
          <reference-href>reference/border-bottom-color-009-ref.xht</reference-href>
          
        </test><test>
          <test-title>Border-left-color set to hex with six digits with a red set to a nominal value, #990000</test-title>
          <test-href>border-left-color-010.xht</test-href>
          <reference-value>=</reference-value>
          <reference-href>reference/border-bottom-color-010-ref.xht</reference-href>
          
        </test><test>
          <test-title>Border-left-color set to hex with six digits with a red set to maximum minus one value, #fe0000</test-title>
          <test-href>border-left-color-011.xht</test-href>
          <reference-value>=</reference-value>
          <reference-href>reference/border-bottom-color-011-ref.xht</reference-href>
          
        </test><test>
          <test-title>Border-left-color set to hex with six digits with a red set to the maximum value, #ff0000</test-title>
          <test-href>border-left-color-012.xht</test-href>
          <reference-value>=</reference-value>
          <reference-href>reference/border-bottom-color-012-ref.xht</reference-href>
          
        </test><test>
          <test-title>Border-left-color set to hex with six digits with a red set to the maximum plus one value, #fg0000</test-title>
          <test-href>border-left-color-013.xht</test-href>
          <reference-value>=</reference-value>
          <reference-href>reference/ref-filled-black-96px-square.xht</reference-href>
          <flags>
              <flag>Invalid</flag>
              </flags>
        </test><test>
          <test-title>Border-left-color set to hex with six digits with a green set to minimum plus one value, #000100</test-title>
          <test-href>border-left-color-014.xht</test-href>
          <reference-value>=</reference-value>
          <reference-href>reference/border-bottom-color-014-ref.xht</reference-href>
          
        </test><test>
          <test-title>Border-left-color set to hex with six digits with a green set to a nominal value, #009900</test-title>
          <test-href>border-left-color-015.xht</test-href>
          <reference-value>=</reference-value>
          <reference-href>reference/border-bottom-color-015-ref.xht</reference-href>
          
        </test><test>
          <test-title>Border-left-color set to hex with six digits with a green set to maximum minus one value, #00fe00</test-title>
          <test-href>border-left-color-016.xht</test-href>
          <reference-value>=</reference-value>
          <reference-href>reference/border-bottom-color-016-ref.xht</reference-href>
          
        </test><test>
          <test-title>Border-left-color set to hex with six digits with a green set to the maximum value, #00ff00</test-title>
          <test-href>border-left-color-017.xht</test-href>
          <reference-value>=</reference-value>
          <reference-href>reference/border-bottom-color-017-ref.xht</reference-href>
          
        </test><test>
          <test-title>Border-left-color set to hex with six digits with a green set to the maximum plus one value, #00fg00</test-title>
          <test-href>border-left-color-018.xht</test-href>
          <reference-value>=</reference-value>
          <reference-href>reference/ref-filled-black-96px-square.xht</reference-href>
          <flags>
              <flag>Invalid</flag>
              </flags>
        </test><test>
          <test-title>Border-left-color set to hex with six digits with a blue set to minimum plus one value, #000001</test-title>
          <test-href>border-left-color-019.xht</test-href>
          <reference-value>=</reference-value>
          <reference-href>reference/border-bottom-color-019-ref.xht</reference-href>
          
        </test><test>
          <test-title>Border-left-color set to hex with six digits with a blue set to a nominal value, #000099</test-title>
          <test-href>border-left-color-020.xht</test-href>
          <reference-value>=</reference-value>
          <reference-href>reference/border-bottom-color-020-ref.xht</reference-href>
          
        </test><test>
          <test-title>Border-left-color set to hex with six digits with a blue set to maximum minus one value, #0000fe</test-title>
          <test-href>border-left-color-021.xht</test-href>
          <reference-value>=</reference-value>
          <reference-href>reference/border-bottom-color-021-ref.xht</reference-href>
          
        </test><test>
          <test-title>Border-left-color set to hex with six digits with a blue set to the maximum value, #0000ff</test-title>
          <test-href>border-left-color-022.xht</test-href>
          <reference-value>=</reference-value>
          <reference-href>reference/border-bottom-color-022-ref.xht</reference-href>
          
        </test><test>
          <test-title>Border-left-color set to hex with six digits with a blue set to the maximum plus one value, #0000fg</test-title>
          <test-href>border-left-color-023.xht</test-href>
          <reference-value>=</reference-value>
          <reference-href>reference/ref-filled-black-96px-square.xht</reference-href>
          <flags>
              <flag>Invalid</flag>
              </flags>
        </test><test>
          <test-title>Border-left-color set to hex with 2 digits which is invalid and is equivalent to minimum minus one value for 3 digit hex</test-title>
          <test-href>border-left-color-024.xht</test-href>
          <reference-value>=</reference-value>
          <reference-href>reference/ref-filled-black-96px-square.xht</reference-href>
          <flags>
              <flag>Invalid</flag>
              </flags>
        </test><test>
          <test-title>Border-left-color set to hex with three digits with the minimum possible value #000</test-title>
          <test-href>border-left-color-025.xht</test-href>
          <reference-value>=</reference-value>
          <reference-href>reference/border-bottom-color-001-ref.xht</reference-href>
          
        </test><test>
          <test-title>Border-left-color set to hex with three digits with the minimum plus one value, #111</test-title>
          <test-href>border-left-color-026.xht</test-href>
          <reference-value>=</reference-value>
          <reference-href>reference/border-bottom-color-026-ref.xht</reference-href>
          
        </test><test>
          <test-title>Border-left-color set to hex with three digits with a nominal value #999</test-title>
          <test-href>border-left-color-027.xht</test-href>
          <reference-value>=</reference-value>
          <reference-href>reference/border-bottom-color-027-ref.xht</reference-href>
          
        </test><test>
          <test-title>Border-left-color set to hex with three digits with the maximum minus one value of #eee</test-title>
          <test-href>border-left-color-028.xht</test-href>
          <reference-value>=</reference-value>
          <reference-href>reference/border-bottom-color-028-ref.xht</reference-href>
          
        </test><test>
          <test-title>Border-left-color set to hex with three digits with the maximum value of #fff</test-title>
          <test-href>border-left-color-029.xht</test-href>
          <reference-value>=</reference-value>
          <reference-href>reference/border-bottom-color-006-ref.xht</reference-href>
          
        </test><test>
          <test-title>Border-left-color set to hex with three digits with the maximum plus one value of #1000</test-title>
          <test-href>border-left-color-030.xht</test-href>
          <reference-value>=</reference-value>
          <reference-href>reference/ref-transparent-or-black-square-transparent.xht</reference-href>
          <flags>
              <flag>Invalid</flag>
              </flags>
        </test><test>
          <test-title>Border-left-color set to hex with three digits with the maximum plus one value of #ggg</test-title>
          <test-href>border-left-color-031.xht</test-href>
          <reference-value>=</reference-value>
          <reference-href>reference/ref-filled-black-96px-square.xht</reference-href>
          <flags>
              <flag>Invalid</flag>
              </flags>
        </test><test>
          <test-title>Border-left-color set to hex with three digits with a red set to minimum plus one value, #100</test-title>
          <test-href>border-left-color-032.xht</test-href>
          <reference-value>=</reference-value>
          <reference-href>reference/border-bottom-color-032-ref.xht</reference-href>
          
        </test><test>
          <test-title>Border-left-color set to hex with three digits with a red set to a nominal value, #900</test-title>
          <test-href>border-left-color-033.xht</test-href>
          <reference-value>=</reference-value>
          <reference-href>reference/border-bottom-color-010-ref.xht</reference-href>
          
        </test><test>
          <test-title>Border-left-color set to hex with three digits with a red set to maximum minus one value, #e00</test-title>
          <test-href>border-left-color-034.xht</test-href>
          <reference-value>=</reference-value>
          <reference-href>reference/border-bottom-color-034-ref.xht</reference-href>
          
        </test><test>
          <test-title>Border-left-color set to hex with three digits with a red set to the maximum value, #f00</test-title>
          <test-href>border-left-color-035.xht</test-href>
          <reference-value>=</reference-value>
          <reference-href>reference/border-bottom-color-012-ref.xht</reference-href>
          
        </test><test>
          <test-title>Border-left-color set to hex with three digits with a red set to the maximum plus one value, #g00</test-title>
          <test-href>border-left-color-036.xht</test-href>
          <reference-value>=</reference-value>
          <reference-href>reference/ref-filled-black-96px-square.xht</reference-href>
          <flags>
              <flag>Invalid</flag>
              </flags>
        </test><test>
          <test-title>Border-left-color set to hex with three digits with a green set to minimum plus one value, #010</test-title>
          <test-href>border-left-color-037.xht</test-href>
          <reference-value>=</reference-value>
          <reference-href>reference/border-bottom-color-037-ref.xht</reference-href>
          
        </test><test>
          <test-title>Border-left-color set to hex with three digits with a green set to a nominal value, #090</test-title>
          <test-href>border-left-color-038.xht</test-href>
          <reference-value>=</reference-value>
          <reference-href>reference/border-bottom-color-038-ref.xht</reference-href>
          
        </test><test>
          <test-title>Border-left-color set to hex with three digits with a green set to maximum minus one value, #0e0</test-title>
          <test-href>border-left-color-039.xht</test-href>
          <reference-value>=</reference-value>
          <reference-href>reference/border-bottom-color-039-ref.xht</reference-href>
          
        </test><test>
          <test-title>Border-left-color set to hex with three digits with a green set to the maximum value, #0f0</test-title>
          <test-href>border-left-color-040.xht</test-href>
          <reference-value>=</reference-value>
          <reference-href>reference/border-bottom-color-017-ref.xht</reference-href>
          
        </test><test>
          <test-title>Border-left-color set to hex with three digits with a green set to the maximum plus one value, #0g0</test-title>
          <test-href>border-left-color-041.xht</test-href>
          <reference-value>=</reference-value>
          <reference-href>reference/ref-filled-black-96px-square.xht</reference-href>
          <flags>
              <flag>Invalid</flag>
              </flags>
        </test><test>
          <test-title>Border-left-color set to hex with three digits with a blue set to minimum plus one value, #001</test-title>
          <test-href>border-left-color-042.xht</test-href>
          <reference-value>=</reference-value>
          <reference-href>reference/border-bottom-color-042-ref.xht</reference-href>
          
        </test><test>
          <test-title>Border-left-color set to hex with three digits with a blue set to a nominal value, #009</test-title>
          <test-href>border-left-color-043.xht</test-href>
          <reference-value>=</reference-value>
          <reference-href>reference/border-bottom-color-020-ref.xht</reference-href>
          
        </test><test>
          <test-title>Border-left-color set to hex with three digits with a blue set to maximum minus one value, #00e</test-title>
          <test-href>border-left-color-044.xht</test-href>
          <reference-value>=</reference-value>
          <reference-href>reference/border-bottom-color-044-ref.xht</reference-href>
          
        </test><test>
          <test-title>Border-left-color set to hex with three digits with a blue set to the maximum value, #00f</test-title>
          <test-href>border-left-color-045.xht</test-href>
          <reference-value>=</reference-value>
          <reference-href>reference/border-bottom-color-022-ref.xht</reference-href>
          
        </test><test>
          <test-title>Border-left-color set to hex with three digits with a blue set to the maximum plus one value, #00g</test-title>
          <test-href>border-left-color-046.xht</test-href>
          <reference-value>=</reference-value>
          <reference-href>reference/ref-filled-black-96px-square.xht</reference-href>
          <flags>
              <flag>Invalid</flag>
              </flags>
        </test><test>
          <test-title>Border-left-color set to rgb() using percentages with the minimum minus one value, rgb(-1%, -1%, -1%)</test-title>
          <test-href>border-left-color-047.xht</test-href>
          <reference-value>=</reference-value>
          <reference-href>reference/border-bottom-color-001-ref.xht</reference-href>
          <flags>
              <flag>Invalid</flag>
              </flags>
        </test><test>
          <test-title>Border-left-color set to rgb() using percentages with the minimum value, rgb(0%, 0%, 0%)</test-title>
          <test-href>border-left-color-048.xht</test-href>
          <reference-value>=</reference-value>
          <reference-href>reference/border-bottom-color-001-ref.xht</reference-href>
          
        </test><test>
          <test-title>Border-left-color set to rgb() using percentages with the minimum plus one value, rgb(1%, 1%, 1%)</test-title>
          <test-href>border-left-color-049.xht</test-href>
          <reference-value>=</reference-value>
          <reference-href>reference/border-bottom-color-049-ref.xht</reference-href>
          
        </test><test>
          <test-title>Border-left-color set to rgb() using percentages with the minimum value and minus sign, rgb(-0%, -0%, -0%)</test-title>
          <test-href>border-left-color-050.xht</test-href>
          <reference-value>=</reference-value>
          <reference-href>reference/border-bottom-color-001-ref.xht</reference-href>
          
        </test><test>
          <test-title>Border-left-color set to rgb() using percentages with the minimum value and plus sign, rgb(+0%, +0%, +0%)</test-title>
          <test-href>border-left-color-051.xht</test-href>
          <reference-value>=</reference-value>
          <reference-href>reference/border-bottom-color-001-ref.xht</reference-href>
          
        </test><test>
          <test-title>Border-left-color set to rgb() using percentages with a nominal value, rgb(40%, 40%, 40%)</test-title>
          <test-href>border-left-color-052.xht</test-href>
          <reference-value>=</reference-value>
          <reference-href>reference/border-bottom-color-052-ref.xht</reference-href>
          
        </test><test>
          <test-title>Border-left-color set to rgb() using percentages with a nominal value and a plus sign, rgb(+40%, +40%, +40%)</test-title>
          <test-href>border-left-color-053.xht</test-href>
          <reference-value>=</reference-value>
          <reference-href>reference/border-bottom-color-052-ref.xht</reference-href>
          
        </test><test>
          <test-title>Border-left-color set to rgb() using percentages with a maximum minus one value, rgb(99%, 99%, 99%)</test-title>
          <test-href>border-left-color-054.xht</test-href>
          <reference-value>=</reference-value>
          <reference-href>reference/border-bottom-color-054-ref.xht</reference-href>
          
        </test><test>
          <test-title>Border-left-color set to rgb() using percentages with a maximum value, rgb(100%, 100%, 100%)</test-title>
          <test-href>border-left-color-055.xht</test-href>
          <reference-value>=</reference-value>
          <reference-href>reference/border-bottom-color-006-ref.xht</reference-href>
          
        </test><test>
          <test-title>Border-left-color set to rgb() using percentages with plus sign on each maximum value, rgb(+100%, +100%, +100%)</test-title>
          <test-href>border-left-color-056.xht</test-href>
          <reference-value>=</reference-value>
          <reference-href>reference/border-bottom-color-006-ref.xht</reference-href>
          
        </test><test>
          <test-title>Border-left-color set to rgb() using percentages with a maximum plus one value, rgb(101%, 101%, 101%)</test-title>
          <test-href>border-left-color-057.xht</test-href>
          <reference-value>=</reference-value>
          <reference-href>reference/border-bottom-color-006-ref.xht</reference-href>
          <flags>
              <flag>Invalid</flag>
              </flags>
        </test><test>
          <test-title>Border-left-color set to rgb() using integers with the minimum minus one value, rgb(-1, -1, -1)</test-title>
          <test-href>border-left-color-058.xht</test-href>
          <reference-value>=</reference-value>
          <reference-href>reference/border-bottom-color-001-ref.xht</reference-href>
          <flags>
              <flag>Invalid</flag>
              </flags>
        </test><test>
          <test-title>Border-left-color set to rgb() using integers with the minimum value, rgb(0, 0, 0)</test-title>
          <test-href>border-left-color-059.xht</test-href>
          <reference-value>=</reference-value>
          <reference-href>reference/border-bottom-color-001-ref.xht</reference-href>
          
        </test><test>
          <test-title>Border-left-color set to rgb() using integers with the minimum plus one value, rgb(1, 1, 1)</test-title>
          <test-href>border-left-color-060.xht</test-href>
          <reference-value>=</reference-value>
          <reference-href>reference/border-bottom-color-003-ref.xht</reference-href>
          
        </test><test>
          <test-title>Border-left-color set to rgb() using integers with the minimum value and minus sign, rgb(-0, -0, -0)</test-title>
          <test-href>border-left-color-061.xht</test-href>
          <reference-value>=</reference-value>
          <reference-href>reference/border-bottom-color-001-ref.xht</reference-href>
          
        </test><test>
          <test-title>Border-left-color set to rgb() using integers with the minimum value and plus sign, rgb(+0, +0, +0)</test-title>
          <test-href>border-left-color-062.xht</test-href>
          <reference-value>=</reference-value>
          <reference-href>reference/border-bottom-color-001-ref.xht</reference-href>
          
        </test><test>
          <test-title>Border-left-color set to rgb() using integers with a nominal value, rgb(128, 128, 128)</test-title>
          <test-href>border-left-color-063.xht</test-href>
          <reference-value>=</reference-value>
          <reference-href>reference/border-bottom-color-063-ref.xht</reference-href>
          
        </test><test>
          <test-title>Border-left-color set to rgb() using integers with a nominal value and a plus sign, rgb(+128, +128, +128)</test-title>
          <test-href>border-left-color-064.xht</test-href>
          <reference-value>=</reference-value>
          <reference-href>reference/border-bottom-color-063-ref.xht</reference-href>
          
        </test><test>
          <test-title>Border-left-color set to rgb() using integers with a maximum minus one value, rgb(254, 254, 254)</test-title>
          <test-href>border-left-color-065.xht</test-href>
          <reference-value>=</reference-value>
          <reference-href>reference/border-bottom-color-005-ref.xht</reference-href>
          
        </test><test>
          <test-title>Border-left-color set to rgb() using integers with a maximum value, rgb(255, 255, 255)</test-title>
          <test-href>border-left-color-066.xht</test-href>
          <reference-value>=</reference-value>
          <reference-href>reference/border-bottom-color-006-ref.xht</reference-href>
          
        </test><test>
          <test-title>Border-left-color set to rgb() using integers with a maximum value and a plus sign, rgb(+255, +255, +255)</test-title>
          <test-href>border-left-color-067.xht</test-href>
          <reference-value>=</reference-value>
          <reference-href>reference/border-bottom-color-006-ref.xht</reference-href>
          
        </test><test>
          <test-title>Border-left-color set to rgb() using integers with a maximum plus one value, rgb(256, 256, 256)</test-title>
          <test-href>border-left-color-068.xht</test-href>
          <reference-value>=</reference-value>
          <reference-href>reference/border-bottom-color-006-ref.xht</reference-href>
          <flags>
              <flag>Invalid</flag>
              </flags>
        </test><test>
          <test-title>Border-left-color set to rgb() using percentages with red set to the minimum minus one value, rgb(-1%, 0%, 0%)</test-title>
          <test-href>border-left-color-069.xht</test-href>
          <reference-value>=</reference-value>
          <reference-href>reference/border-bottom-color-001-ref.xht</reference-href>
          <flags>
              <flag>Invalid</flag>
              </flags>
        </test><test>
          <test-title>Border-left-color set to rgb() using percentages with red set to the minimum plus one value, rgb(1%, 0%, 0%)</test-title>
          <test-href>border-left-color-070.xht</test-href>
          <reference-value>=</reference-value>
          <reference-href>reference/border-bottom-color-070-ref.xht</reference-href>
          
        </test><test>
          <test-title>Border-left-color set to rgb() using percentages with red set to the minimum value and minus sign, rgb(-0%, 0%, 0%)</test-title>
          <test-href>border-left-color-071.xht</test-href>
          <reference-value>=</reference-value>
          <reference-href>reference/border-bottom-color-001-ref.xht</reference-href>
          
        </test><test>
          <test-title>Border-left-color set to rgb() using percentages with red set to the minimum value and plus sign, rgb(+0%, 0%, 0%)</test-title>
          <test-href>border-left-color-072.xht</test-href>
          <reference-value>=</reference-value>
          <reference-href>reference/border-bottom-color-001-ref.xht</reference-href>
          
        </test><test>
          <test-title>Border-left-color set to rgb() using percentages with red set to a nominal value, rgb(40%, 0%, 0%)</test-title>
          <test-href>border-left-color-073.xht</test-href>
          <reference-value>=</reference-value>
          <reference-href>reference/border-bottom-color-073-ref.xht</reference-href>
          
        </test><test>
          <test-title>Border-left-color set to rgb() using percentages with red set to a nominal value with a plus sign, rgb(+40%, 0%, 0%)</test-title>
          <test-href>border-left-color-074.xht</test-href>
          <reference-value>=</reference-value>
          <reference-href>reference/border-bottom-color-073-ref.xht</reference-href>
          
        </test><test>
          <test-title>Border-left-color set to rgb() using percentages with red set to a maximum minus one value, rgb(99%, 0%, 0%)</test-title>
          <test-href>border-left-color-075.xht</test-href>
          <reference-value>=</reference-value>
          <reference-href>reference/border-bottom-color-075-ref.xht</reference-href>
          
        </test><test>
          <test-title>Border-left-color set to rgb() using percentages with red set to a maximum value, rgb(100%, 0%, 0%)</test-title>
          <test-href>border-left-color-076.xht</test-href>
          <reference-value>=</reference-value>
          <reference-href>reference/border-bottom-color-012-ref.xht</reference-href>
          
        </test><test>
          <test-title>Border-left-color set to rgb() using percentages with red set to a maximum value with a plus sign, rgb(+100%, 0%, 0%)</test-title>
          <test-href>border-left-color-077.xht</test-href>
          <reference-value>=</reference-value>
          <reference-href>reference/border-bottom-color-012-ref.xht</reference-href>
          
        </test><test>
          <test-title>Border-left-color set to rgb() using percentages with red set to a maximum plus one value, rgb(101%, 0%, 0%)</test-title>
          <test-href>border-left-color-078.xht</test-href>
          <reference-value>=</reference-value>
          <reference-href>reference/border-bottom-color-012-ref.xht</reference-href>
          <flags>
              <flag>Invalid</flag>
              </flags>
        </test><test>
          <test-title>Border-left-color set to rgb() using integers with red set to the minimum minus one value, rgb(-1, 0, 0)</test-title>
          <test-href>border-left-color-079.xht</test-href>
          <reference-value>=</reference-value>
          <reference-href>reference/border-bottom-color-001-ref.xht</reference-href>
          <flags>
              <flag>Invalid</flag>
              </flags>
        </test><test>
          <test-title>Border-left-color set to rgb() using integers with red set to the minimum plus one value, rgb(1, 0, 0)</test-title>
          <test-href>border-left-color-080.xht</test-href>
          <reference-value>=</reference-value>
          <reference-href>reference/border-bottom-color-009-ref.xht</reference-href>
          
        </test><test>
          <test-title>Border-left-color set to rgb() using integers with red set to the minimum value with a minus sign, rgb(-0, 0, 0)</test-title>
          <test-href>border-left-color-081.xht</test-href>
          <reference-value>=</reference-value>
          <reference-href>reference/border-bottom-color-001-ref.xht</reference-href>
          
        </test><test>
          <test-title>Border-left-color set to rgb() using integers with red set to the minimum value with a plus sign, rgb(+0, 0, 0)</test-title>
          <test-href>border-left-color-082.xht</test-href>
          <reference-value>=</reference-value>
          <reference-href>reference/border-bottom-color-001-ref.xht</reference-href>
          
        </test><test>
          <test-title>Border-left-color set to rgb() using integers with red set to a nominal value, rgb(128, 0, 0)</test-title>
          <test-href>border-left-color-083.xht</test-href>
          <reference-value>=</reference-value>
          <reference-href>reference/border-bottom-color-083-ref.xht</reference-href>
          
        </test><test>
          <test-title>Border-left-color set to rgb() using integers with red set to a nominal value with a plus sign, rgb(+128, 0, 0)</test-title>
          <test-href>border-left-color-084.xht</test-href>
          <reference-value>=</reference-value>
          <reference-href>reference/border-bottom-color-083-ref.xht</reference-href>
          
        </test><test>
          <test-title>Border-left-color set to rgb() using integers with red set to a maximum minus one value, rgb(254, 0, 0)</test-title>
          <test-href>border-left-color-085.xht</test-href>
          <reference-value>=</reference-value>
          <reference-href>reference/border-bottom-color-011-ref.xht</reference-href>
          
        </test><test>
          <test-title>Border-left-color set to rgb() using integers with red set to a maximum value, rgb(255, 0, 0)</test-title>
          <test-href>border-left-color-086.xht</test-href>
          <reference-value>=</reference-value>
          <reference-href>reference/border-bottom-color-012-ref.xht</reference-href>
          
        </test><test>
          <test-title>Border-left-color set to rgb() using integers with red set to a maximum value with a plus sign, rgb(+255, 0, 0)</test-title>
          <test-href>border-left-color-087.xht</test-href>
          <reference-value>=</reference-value>
          <reference-href>reference/border-bottom-color-012-ref.xht</reference-href>
          
        </test><test>
          <test-title>Border-left-color set to rgb() using integers with red set to a maximum plus one value, rgb(256, 0, 0)</test-title>
          <test-href>border-left-color-088.xht</test-href>
          <reference-value>=</reference-value>
          <reference-href>reference/border-bottom-color-012-ref.xht</reference-href>
          <flags>
              <flag>Invalid</flag>
              </flags>
        </test><test>
          <test-title>Border-left-color set to rgb() using percentages with green set to the minimum minus one value, rgb(0%, -1%, 0%)</test-title>
          <test-href>border-left-color-089.xht</test-href>
          <reference-value>=</reference-value>
          <reference-href>reference/border-bottom-color-001-ref.xht</reference-href>
          <flags>
              <flag>Invalid</flag>
              </flags>
        </test><test>
          <test-title>Border-left-color set to rgb() using percentages with green set to the minimum plus one value, rgb(0%, 1%, 0%)</test-title>
          <test-href>border-left-color-090.xht</test-href>
          <reference-value>=</reference-value>
          <reference-href>reference/border-bottom-color-090-ref.xht</reference-href>
          
        </test><test>
          <test-title>Border-left-color set to rgb() using percentages with green set to the minimum value and minus sign, rgb(0%, -0%, 0%)</test-title>
          <test-href>border-left-color-091.xht</test-href>
          <reference-value>=</reference-value>
          <reference-href>reference/border-bottom-color-001-ref.xht</reference-href>
          
        </test><test>
          <test-title>Border-left-color set to rgb() using percentages with green set to the minimum value and plus sign, rgb(0%, +0%, 0%)</test-title>
          <test-href>border-left-color-092.xht</test-href>
          <reference-value>=</reference-value>
          <reference-href>reference/border-bottom-color-001-ref.xht</reference-href>
          
        </test><test>
          <test-title>Border-left-color set to rgb() using percentages with green set to a nominal value, rgb(0%, 40%, 0%)</test-title>
          <test-href>border-left-color-093.xht</test-href>
          <reference-value>=</reference-value>
          <reference-href>reference/border-bottom-color-093-ref.xht</reference-href>
          
        </test><test>
          <test-title>Border-left-color set to rgb() using percentages with green set to a nominal value with a plus sign, rgb(0%, +40%, 0%)</test-title>
          <test-href>border-left-color-094.xht</test-href>
          <reference-value>=</reference-value>
          <reference-href>reference/border-bottom-color-093-ref.xht</reference-href>
          
        </test><test>
          <test-title>Border-left-color set to rgb() using percentages with green set to a maximum minus one value, rgb(0%, 99%, 0%)</test-title>
          <test-href>border-left-color-095.xht</test-href>
          <reference-value>=</reference-value>
          <reference-href>reference/border-bottom-color-095-ref.xht</reference-href>
          
        </test><test>
          <test-title>Border-left-color set to rgb() using percentages with green set to a maximum value, rgb(0%, 100%, 0%)</test-title>
          <test-href>border-left-color-096.xht</test-href>
          <reference-value>=</reference-value>
          <reference-href>reference/border-bottom-color-017-ref.xht</reference-href>
          
        </test><test>
          <test-title>Border-left-color set to rgb() using percentages with green set to a maximum value with a plus sign, rgb(0%, +100%, 0%)</test-title>
          <test-href>border-left-color-097.xht</test-href>
          <reference-value>=</reference-value>
          <reference-href>reference/border-bottom-color-017-ref.xht</reference-href>
          
        </test><test>
          <test-title>Border-left-color set to rgb() using percentages with green set to a maximum plus one value, rgb(0%, 101%, 0%)</test-title>
          <test-href>border-left-color-098.xht</test-href>
          <reference-value>=</reference-value>
          <reference-href>reference/border-bottom-color-017-ref.xht</reference-href>
          <flags>
              <flag>Invalid</flag>
              </flags>
        </test><test>
          <test-title>Border-left-color set to rgb() using integers with green set to the minimum minus one value, rgb(0, -1, 0)</test-title>
          <test-href>border-left-color-099.xht</test-href>
          <reference-value>=</reference-value>
          <reference-href>reference/border-bottom-color-001-ref.xht</reference-href>
          <flags>
              <flag>Invalid</flag>
              </flags>
        </test><test>
          <test-title>Border-left-color set to rgb() using integers with green set to the minimum plus one value, rgb(0, 1, 0)</test-title>
          <test-href>border-left-color-100.xht</test-href>
          <reference-value>=</reference-value>
          <reference-href>reference/border-bottom-color-100-ref.xht</reference-href>
          
        </test><test>
          <test-title>Border-left-color set to rgb() using integers with green set to the minimum value with a minus sign, rgb(0, -0, 0)</test-title>
          <test-href>border-left-color-101.xht</test-href>
          <reference-value>=</reference-value>
          <reference-href>reference/border-bottom-color-001-ref.xht</reference-href>
          
        </test><test>
          <test-title>Border-left-color set to rgb() using integers with green set to the minimum value with a plus sign, rgb(0, +0, 0)</test-title>
          <test-href>border-left-color-102.xht</test-href>
          <reference-value>=</reference-value>
          <reference-href>reference/border-bottom-color-001-ref.xht</reference-href>
          
        </test><test>
          <test-title>Border-left-color set to rgb() using integers with green set to a nominal value, rgb(0, 128, 0)</test-title>
          <test-href>border-left-color-103.xht</test-href>
          <reference-value>=</reference-value>
          <reference-href>reference/border-bottom-color-103-ref.xht</reference-href>
          
        </test><test>
          <test-title>Border-left-color set to rgb() using integers with green set to a nominal value with a plus sign, rgb(0, +128, 0)</test-title>
          <test-href>border-left-color-104.xht</test-href>
          <reference-value>=</reference-value>
          <reference-href>reference/border-bottom-color-103-ref.xht</reference-href>
          
        </test><test>
          <test-title>Border-left-color set to rgb() using integers with green set to a maximum minus one value, rgb(0, 254, 0)</test-title>
          <test-href>border-left-color-105.xht</test-href>
          <reference-value>=</reference-value>
          <reference-href>reference/border-bottom-color-016-ref.xht</reference-href>
          
        </test><test>
          <test-title>Border-left-color set to rgb() using integers with green set to a maximum value, rgb(0, 255, 0)</test-title>
          <test-href>border-left-color-106.xht</test-href>
          <reference-value>=</reference-value>
          <reference-href>reference/border-bottom-color-017-ref.xht</reference-href>
          
        </test><test>
          <test-title>Border-left-color set to rgb() using integers with green set to a maximum value with a plus sign, rgb(0, +255, 0)</test-title>
          <test-href>border-left-color-107.xht</test-href>
          <reference-value>=</reference-value>
          <reference-href>reference/border-bottom-color-017-ref.xht</reference-href>
          
        </test><test>
          <test-title>Border-left-color set to rgb() using integers with green set to a maximum plus one value, rgb(0, 256 0)</test-title>
          <test-href>border-left-color-108.xht</test-href>
          <reference-value>=</reference-value>
          <reference-href>reference/border-bottom-color-017-ref.xht</reference-href>
          <flags>
              <flag>Invalid</flag>
              </flags>
        </test><test>
          <test-title>Border-left-color set to rgb() using percentages with blue set to the minimum minus one value, rgb(0%, 0%, -1%)</test-title>
          <test-href>border-left-color-109.xht</test-href>
          <reference-value>=</reference-value>
          <reference-href>reference/border-bottom-color-001-ref.xht</reference-href>
          <flags>
              <flag>Invalid</flag>
              </flags>
        </test><test>
          <test-title>Border-left-color set to rgb() using percentages with blue set to the minimum plus one value, rgb(0%, 0%, 1%)</test-title>
          <test-href>border-left-color-110.xht</test-href>
          <reference-value>=</reference-value>
          <reference-href>reference/border-bottom-color-110-ref.xht</reference-href>
          
        </test><test>
          <test-title>Border-left-color set to rgb() using percentages with blue set to the minimum value and minus sign, rgb(0%, 0%, -0%)</test-title>
          <test-href>border-left-color-111.xht</test-href>
          <reference-value>=</reference-value>
          <reference-href>reference/border-bottom-color-001-ref.xht</reference-href>
          
        </test><test>
          <test-title>Border-left-color set to rgb() using percentages with blue set to the minimum value and plus sign, rgb(0%, 0%, +0%)</test-title>
          <test-href>border-left-color-112.xht</test-href>
          <reference-value>=</reference-value>
          <reference-href>reference/border-bottom-color-001-ref.xht</reference-href>
          
        </test><test>
          <test-title>Border-left-color set to rgb() using percentages with blue set to a nominal value, rgb(0%, 0%, 40%)</test-title>
          <test-href>border-left-color-113.xht</test-href>
          <reference-value>=</reference-value>
          <reference-href>reference/border-bottom-color-113-ref.xht</reference-href>
          
        </test><test>
          <test-title>Border-left-color set to rgb() using percentages with blue set to a nominal value with a plus sign, rgb(0%, 0%, +40%)</test-title>
          <test-href>border-left-color-114.xht</test-href>
          <reference-value>=</reference-value>
          <reference-href>reference/border-bottom-color-113-ref.xht</reference-href>
          
        </test><test>
          <test-title>Border-left-color set to rgb() using percentages with blue set to a maximum minus one value, rgb(0%, 0%, 99%)</test-title>
          <test-href>border-left-color-115.xht</test-href>
          <reference-value>=</reference-value>
          <reference-href>reference/border-bottom-color-115-ref.xht</reference-href>
          
        </test><test>
          <test-title>Border-left-color set to rgb() using percentages with blue set to a maximum value, rgb(0%, 0%, 100%)</test-title>
          <test-href>border-left-color-116.xht</test-href>
          <reference-value>=</reference-value>
          <reference-href>reference/border-bottom-color-022-ref.xht</reference-href>
          
        </test><test>
          <test-title>Border-left-color set to rgb() using percentages with blue set to a maximum value with a plus sign, rgb(0%, 0%, +100%)</test-title>
          <test-href>border-left-color-117.xht</test-href>
          <reference-value>=</reference-value>
          <reference-href>reference/border-bottom-color-022-ref.xht</reference-href>
          
        </test><test>
          <test-title>Border-left-color set to rgb() using percentages with blue set to a maximum plus one value, rgb(0%, 0%, 101%)</test-title>
          <test-href>border-left-color-118.xht</test-href>
          <reference-value>=</reference-value>
          <reference-href>reference/border-bottom-color-022-ref.xht</reference-href>
          <flags>
              <flag>Invalid</flag>
              </flags>
        </test><test>
          <test-title>Border-left-color set to rgb() using integers with blue set to the minimum minus one value, rgb(0, 0, -1)</test-title>
          <test-href>border-left-color-119.xht</test-href>
          <reference-value>=</reference-value>
          <reference-href>reference/border-bottom-color-001-ref.xht</reference-href>
          <flags>
              <flag>Invalid</flag>
              </flags>
        </test><test>
          <test-title>Border-left-color set to rgb() using integers with blue set to the minimum plus one value, rgb(0, 0, 1)</test-title>
          <test-href>border-left-color-120.xht</test-href>
          <reference-value>=</reference-value>
          <reference-href>reference/border-bottom-color-019-ref.xht</reference-href>
          
        </test><test>
          <test-title>Border-left-color set to rgb() using integers with blue set to the minimum value with a minus sign, rgb(0, 0, -0)</test-title>
          <test-href>border-left-color-121.xht</test-href>
          <reference-value>=</reference-value>
          <reference-href>reference/border-bottom-color-001-ref.xht</reference-href>
          
        </test><test>
          <test-title>Border-left-color set to rgb() using integers with blue set to the minimum value with a plus sign, rgb(0, 0, +0)</test-title>
          <test-href>border-left-color-122.xht</test-href>
          <reference-value>=</reference-value>
          <reference-href>reference/border-bottom-color-001-ref.xht</reference-href>
          
        </test><test>
          <test-title>Border-left-color set to rgb() using integers with blue set to a nominal value, rgb(0, 0, 128)</test-title>
          <test-href>border-left-color-123.xht</test-href>
          <reference-value>=</reference-value>
          <reference-href>reference/border-bottom-color-123-ref.xht</reference-href>
          
        </test><test>
          <test-title>Border-left-color set to rgb() using integers with blue set to a nominal value with a plus sign, rgb(0, 0, +128)</test-title>
          <test-href>border-left-color-124.xht</test-href>
          <reference-value>=</reference-value>
          <reference-href>reference/border-bottom-color-123-ref.xht</reference-href>
          
        </test><test>
          <test-title>Border-left-color set to rgb() using integers with blue set to a maximum minus one value, rgb(0, 0, 254)</test-title>
          <test-href>border-left-color-125.xht</test-href>
          <reference-value>=</reference-value>
          <reference-href>reference/border-bottom-color-021-ref.xht</reference-href>
          
        </test><test>
          <test-title>Border-left-color set to rgb() using integers with blue set to a maximum value, rgb(0, 0, 255)</test-title>
          <test-href>border-left-color-126.xht</test-href>
          <reference-value>=</reference-value>
          <reference-href>reference/border-bottom-color-022-ref.xht</reference-href>
          
        </test><test>
          <test-title>Border-left-color set to rgb() using integers with blue set to a maximum value with a plus sign, rgb(0, 0, +255)</test-title>
          <test-href>border-left-color-127.xht</test-href>
          <reference-value>=</reference-value>
          <reference-href>reference/border-bottom-color-022-ref.xht</reference-href>
          
        </test><test>
          <test-title>Border-left-color set to rgb() using integers with blue set to a maximum plus one value, rgb(0, 0, 256)</test-title>
          <test-href>border-left-color-128.xht</test-href>
          <reference-value>=</reference-value>
          <reference-href>reference/border-bottom-color-022-ref.xht</reference-href>
          <flags>
              <flag>Invalid</flag>
              </flags>
        </test><test>
          <test-title>Border-left-color set to aqua</test-title>
          <test-href>border-left-color-129.xht</test-href>
          <reference-value>=</reference-value>
          <reference-href>reference/border-bottom-color-129-ref.xht</reference-href>
          
        </test><test>
          <test-title>Border-left-color set to black</test-title>
          <test-href>border-left-color-130.xht</test-href>
          <reference-value>=</reference-value>
          <reference-href>reference/border-bottom-color-001-ref.xht</reference-href>
          
        </test><test>
          <test-title>Border-left-color set to blue</test-title>
          <test-href>border-left-color-131.xht</test-href>
          <reference-value>=</reference-value>
          <reference-href>reference/border-bottom-color-131-ref.xht</reference-href>
          
        </test><test>
          <test-title>Border-left-color set to fuchsia</test-title>
          <test-href>border-left-color-132.xht</test-href>
          <reference-value>=</reference-value>
          <reference-href>reference/border-bottom-color-132-ref.xht</reference-href>
          
        </test><test>
          <test-title>Border-left-color set to gray</test-title>
          <test-href>border-left-color-133.xht</test-href>
          <reference-value>=</reference-value>
          <reference-href>reference/border-bottom-color-133-ref.xht</reference-href>
          
        </test><test>
          <test-title>Border-left-color set to green</test-title>
          <test-href>border-left-color-134.xht</test-href>
          <reference-value>=</reference-value>
          <reference-href>reference/border-bottom-color-134-ref.xht</reference-href>
          
        </test><test>
          <test-title>Border-left-color set to lime</test-title>
          <test-href>border-left-color-135.xht</test-href>
          <reference-value>=</reference-value>
          <reference-href>reference/border-bottom-color-135-ref.xht</reference-href>
          
        </test><test>
          <test-title>Border-left-color set to maroon</test-title>
          <test-href>border-left-color-136.xht</test-href>
          <reference-value>=</reference-value>
          <reference-href>reference/border-bottom-color-136-ref.xht</reference-href>
          
        </test><test>
          <test-title>Border-left-color set to navy</test-title>
          <test-href>border-left-color-137.xht</test-href>
          <reference-value>=</reference-value>
          <reference-href>reference/border-bottom-color-137-ref.xht</reference-href>
          
        </test><test>
          <test-title>Border-left-color set to olive</test-title>
          <test-href>border-left-color-138.xht</test-href>
          <reference-value>=</reference-value>
          <reference-href>reference/border-bottom-color-138-ref.xht</reference-href>
          
        </test><test>
          <test-title>Border-left-color set to orange</test-title>
          <test-href>border-left-color-139.xht</test-href>
          <reference-value>=</reference-value>
          <reference-href>reference/border-bottom-color-139-ref.xht</reference-href>
          
        </test><test>
          <test-title>Border-left-color set to purple</test-title>
          <test-href>border-left-color-140.xht</test-href>
          <reference-value>=</reference-value>
          <reference-href>reference/border-bottom-color-140-ref.xht</reference-href>
          
        </test><test>
          <test-title>Border-left-color set to red</test-title>
          <test-href>border-left-color-141.xht</test-href>
          <reference-value>=</reference-value>
          <reference-href>reference/border-bottom-color-141-ref.xht</reference-href>
          
        </test><test>
          <test-title>Border-left-color set to silver</test-title>
          <test-href>border-left-color-142.xht</test-href>
          <reference-value>=</reference-value>
          <reference-href>reference/border-bottom-color-142-ref.xht</reference-href>
          
        </test><test>
          <test-title>Border-left-color set to teal</test-title>
          <test-href>border-left-color-143.xht</test-href>
          <reference-value>=</reference-value>
          <reference-href>reference/border-bottom-color-143-ref.xht</reference-href>
          
        </test><test>
          <test-title>Border-left-color set to white</test-title>
          <test-href>border-left-color-144.xht</test-href>
          <reference-value>=</reference-value>
          <reference-href>reference/border-bottom-color-144-ref.xht</reference-href>
          
        </test><test>
          <test-title>Border-left-color set to yellow</test-title>
          <test-href>border-left-color-145.xht</test-href>
          <reference-value>=</reference-value>
          <reference-href>reference/border-bottom-color-145-ref.xht</reference-href>
          
        </test><test>
          <test-title>Border-left-color set to transparent</test-title>
          <test-href>border-left-color-174.xht</test-href>
          <reference-value>=</reference-value>
          <reference-href>reference/border-left-color-174-ref.xht</reference-href>
          
        </test><test>
          <test-title>Border-left-color set to inherit</test-title>
          <test-href>border-left-color-175.xht</test-href>
          <reference-value>=</reference-value>
          <reference-href>reference/ref-filled-green-100px-square.xht</reference-href>
          
        </test><test>
          <test-title>Border-left-color applied to element with display table-row-group</test-title>
          <test-href>border-left-color-applies-to-001.xht</test-href>
          <reference-value>=</reference-value>
          <reference-href>reference/border-left-applies-to-001-ref.xht</reference-href>
          
        </test><test>
          <test-title>Border-left-color applied to element with display table-header-group</test-title>
          <test-href>border-left-color-applies-to-002.xht</test-href>
          <reference-value>=</reference-value>
          <reference-href>reference/border-left-applies-to-001-ref.xht</reference-href>
          
        </test><test>
          <test-title>Border-left-color applied to element with display table-footer-group</test-title>
          <test-href>border-left-color-applies-to-003.xht</test-href>
          <reference-value>=</reference-value>
          <reference-href>reference/border-left-applies-to-001-ref.xht</reference-href>
          
        </test><test>
          <test-title>Border-left-color applied to element with display table-row</test-title>
          <test-href>border-left-color-applies-to-004.xht</test-href>
          <reference-value>=</reference-value>
          <reference-href>reference/border-left-applies-to-001-ref.xht</reference-href>
          
        </test><test>
          <test-title>Border-left-color applied to element with display table-column-group</test-title>
          <test-href>border-left-color-applies-to-005.xht</test-href>
          <reference-value>=</reference-value>
          <reference-href>reference/border-left-applies-to-001-ref.xht</reference-href>
          
        </test><test>
          <test-title>Border-left-color applied to element with display table-column</test-title>
          <test-href>border-left-color-applies-to-006.xht</test-href>
          <reference-value>=</reference-value>
          <reference-href>reference/border-left-applies-to-001-ref.xht</reference-href>
          
        </test><test>
          <test-title>Border-left-color applied to element with display table-cell</test-title>
          <test-href>border-left-color-applies-to-007.xht</test-href>
          <reference-value>=</reference-value>
          <reference-href>reference/border-left-applies-to-001-ref.xht</reference-href>
          
        </test><test>
          <test-title>Border-left-color applied to element with display block</test-title>
          <test-href>border-left-color-applies-to-009.xht</test-href>
          <reference-value>=</reference-value>
          <reference-href>reference/border-left-applies-to-001-ref.xht</reference-href>
          
        </test><test>
          <test-title>Border-left-color applied to element with display inline-block</test-title>
          <test-href>border-left-color-applies-to-012.xht</test-href>
          <reference-value>=</reference-value>
          <reference-href>reference/border-left-applies-to-001-ref.xht</reference-href>
          
        </test><test>
          <test-title>Border-left-color applied to element with display table</test-title>
          <test-href>border-left-color-applies-to-013.xht</test-href>
          <reference-value>=</reference-value>
          <reference-href>reference/border-left-applies-to-001-ref.xht</reference-href>
          
        </test><test>
          <test-title>Border-left-color applied to element with display inline-table</test-title>
          <test-href>border-left-color-applies-to-014.xht</test-href>
          <reference-value>=</reference-value>
          <reference-href>reference/border-left-applies-to-001-ref.xht</reference-href>
          
        </test><test>
          <test-title>Border-left-color applied to element with display table-caption</test-title>
          <test-href>border-left-color-applies-to-015.xht</test-href>
          <reference-value>=</reference-value>
          <reference-href>reference/border-left-applies-to-001-ref.xht</reference-href>
          
        </test><test>
          <test-title>Border-left-style set to 'none'</test-title>
          <test-href>border-left-style-001.xht</test-href>
          <reference-value>=</reference-value>
          <reference-href>reference/ref-nothing-below.xht</reference-href>
          
        </test><test>
          <test-title>Border-left-style set to 'hidden'</test-title>
          <test-href>border-left-style-002.xht</test-href>
          <reference-value>=</reference-value>
          <reference-href>reference/ref-nothing-below.xht</reference-href>
          
        </test><test>
          <test-title>Border-left-style set to 'solid'</test-title>
          <test-href>border-left-style-005.xht</test-href>
          <reference-value>=</reference-value>
          <reference-href>reference/border-left-style-005-ref.xht</reference-href>
          
        </test><test>
          <test-title>Border-left-width using pixels with a minimum minus one (negative) value, -1px</test-title>
          <test-href>border-left-width-001.xht</test-href>
          <reference-value>=</reference-value>
          <reference-href>reference/border-left-width-001-ref.xht</reference-href>
          <flags>
              <flag>Invalid</flag>
              </flags>
        </test><test>
          <test-title>Border-left-width using pixels with a minimum value, 0px</test-title>
          <test-href>border-left-width-002.xht</test-href>
          <reference-value>=</reference-value>
          <reference-href>reference/ref-if-there-is-no-red.xht</reference-href>
          
        </test><test>
          <test-title>Border-left-width using pixels with a minimum plus one value, 1px</test-title>
          <test-href>border-left-width-003.xht</test-href>
          <reference-value>=</reference-value>
          <reference-href>reference/border-left-width-003-ref.xht</reference-href>
          
        </test><test>
          <test-title>Border-left-width using pixels with a minimum value with a minus sign, -0px</test-title>
          <test-href>border-left-width-004.xht</test-href>
          <reference-value>=</reference-value>
          <reference-href>reference/ref-if-there-is-no-red.xht</reference-href>
          
        </test><test>
          <test-title>Border-left-width using pixels with a minimum value with a plus sign, +0px</test-title>
          <test-href>border-left-width-005.xht</test-href>
          <reference-value>=</reference-value>
          <reference-href>reference/ref-if-there-is-no-red.xht</reference-href>
          
        </test><test>
          <test-title>Border-left-width using pixels with a nominal value, 96px</test-title>
          <test-href>border-left-width-006.xht</test-href>
          <reference-value>=</reference-value>
          <reference-href>reference/border-left-width-006-ref.xht</reference-href>
          <flags>
              <flag>96</flag>
              </flags>
        </test><test>
          <test-title>Border-left-width using pixels with a nominal value with a plus sign, +96px</test-title>
          <test-href>border-left-width-007.xht</test-href>
          <reference-value>=</reference-value>
          <reference-href>reference/border-left-width-006-ref.xht</reference-href>
          <flags>
              <flag>96</flag>
              </flags>
        </test><test>
          <test-title>Border-left-width using points with a minimum value, 0pt</test-title>
          <test-href>border-left-width-013.xht</test-href>
          <reference-value>=</reference-value>
          <reference-href>reference/ref-if-there-is-no-red.xht</reference-href>
          
        </test><test>
          <test-title>Border-left-width using points with a minimum value with a minus sign, -0pt</test-title>
          <test-href>border-left-width-015.xht</test-href>
          <reference-value>=</reference-value>
          <reference-href>reference/ref-if-there-is-no-red.xht</reference-href>
          
        </test><test>
          <test-title>Border-left-width using points with a minimum value with a plus sign, +0pt</test-title>
          <test-href>border-left-width-016.xht</test-href>
          <reference-value>=</reference-value>
          <reference-href>reference/ref-if-there-is-no-red.xht</reference-href>
          
        </test><test>
          <test-title>Border-left-width using points with a nominal value, 72pt</test-title>
          <test-href>border-left-width-017.xht</test-href>
          <reference-value>=</reference-value>
          <reference-href>reference/border-left-width-006-ref.xht</reference-href>
          
        </test><test>
          <test-title>Border-left-width using points with a nominal value with a plus sign, +72pt</test-title>
          <test-href>border-left-width-018.xht</test-href>
          <reference-value>=</reference-value>
          <reference-href>reference/border-left-width-006-ref.xht</reference-href>
          
        </test><test>
          <test-title>Border-left-width using picas with a minimum value, 0pc</test-title>
          <test-href>border-left-width-024.xht</test-href>
          <reference-value>=</reference-value>
          <reference-href>reference/ref-if-there-is-no-red.xht</reference-href>
          
        </test><test>
          <test-title>Border-left-width using picas with a minimum plus one value, 1pc</test-title>
          <test-href>border-left-width-025.xht</test-href>
          <reference-value>=</reference-value>
          <reference-href>reference/border-left-width-025-ref.xht</reference-href>
          
        </test><test>
          <test-title>Border-left-width using picas with a minimum value with a minus sign, -0pc</test-title>
          <test-href>border-left-width-026.xht</test-href>
          <reference-value>=</reference-value>
          <reference-href>reference/ref-if-there-is-no-red.xht</reference-href>
          
        </test><test>
          <test-title>Border-left-width using picas with a minimum value with a plus sign, +0pc</test-title>
          <test-href>border-left-width-027.xht</test-href>
          <reference-value>=</reference-value>
          <reference-href>reference/ref-if-there-is-no-red.xht</reference-href>
          
        </test><test>
          <test-title>Border-left-width using picas with a nominal value, 6pc</test-title>
          <test-href>border-left-width-028.xht</test-href>
          <reference-value>=</reference-value>
          <reference-href>reference/border-left-width-006-ref.xht</reference-href>
          
        </test><test>
          <test-title>Border-left-width using picas with a nominal value with a plus sign, +6pc</test-title>
          <test-href>border-left-width-029.xht</test-href>
          <reference-value>=</reference-value>
          <reference-href>reference/border-left-width-006-ref.xht</reference-href>
          
        </test><test>
          <test-title>Border-left-width using centimeters with a minimum value, 0cm</test-title>
          <test-href>border-left-width-035.xht</test-href>
          <reference-value>=</reference-value>
          <reference-href>reference/ref-if-there-is-no-red.xht</reference-href>
          
        </test><test>
          <test-title>Border-left-width using centimeters with a minimum value with a minus sign, -0cm</test-title>
          <test-href>border-left-width-037.xht</test-href>
          <reference-value>=</reference-value>
          <reference-href>reference/ref-if-there-is-no-red.xht</reference-href>
          
        </test><test>
          <test-title>Border-left-width using centimeters with a minimum value with a plus sign, +0cm</test-title>
          <test-href>border-left-width-038.xht</test-href>
          <reference-value>=</reference-value>
          <reference-href>reference/ref-if-there-is-no-red.xht</reference-href>
          
        </test><test>
          <test-title>Border-left-width using centimeters with a nominal value, 2.54cm</test-title>
          <test-href>border-left-width-039.xht</test-href>
          <reference-value>=</reference-value>
          <reference-href>reference/border-left-width-006-ref.xht</reference-href>
          
        </test><test>
          <test-title>Border-left-width using centimeters with a nominal value with a plus sign, +2.54cm</test-title>
          <test-href>border-left-width-040.xht</test-href>
          <reference-value>=</reference-value>
          <reference-href>reference/border-left-width-006-ref.xht</reference-href>
          
        </test><test>
          <test-title>Border-left-width using millimeters with a minimum value, 0mm</test-title>
          <test-href>border-left-width-046.xht</test-href>
          <reference-value>=</reference-value>
          <reference-href>reference/ref-if-there-is-no-red.xht</reference-href>
          
        </test><test>
          <test-title>Border-left-width using millimeters with a minimum value with a minus sign, -0mm</test-title>
          <test-href>border-left-width-048.xht</test-href>
          <reference-value>=</reference-value>
          <reference-href>reference/ref-if-there-is-no-red.xht</reference-href>
          
        </test><test>
          <test-title>Border-left-width using millimeters with a minimum value with a plus sign, +0mm</test-title>
          <test-href>border-left-width-049.xht</test-href>
          <reference-value>=</reference-value>
          <reference-href>reference/ref-if-there-is-no-red.xht</reference-href>
          
        </test><test>
          <test-title>Border-left-width using millimeters with a nominal value, 25.4mm</test-title>
          <test-href>border-left-width-050.xht</test-href>
          <reference-value>=</reference-value>
          <reference-href>reference/border-left-width-006-ref.xht</reference-href>
          
        </test><test>
          <test-title>Border-left-width using millimeters with a nominal value with a plus sign, +25.4mm</test-title>
          <test-href>border-left-width-051.xht</test-href>
          <reference-value>=</reference-value>
          <reference-href>reference/border-left-width-006-ref.xht</reference-href>
          
        </test><test>
          <test-title>Border-left-width using inches with a minimum value, 0in</test-title>
          <test-href>border-left-width-057.xht</test-href>
          <reference-value>=</reference-value>
          <reference-href>reference/ref-if-there-is-no-red.xht</reference-href>
          
        </test><test>
          <test-title>Border-left-width using inches with a minimum plus one value, 1in</test-title>
          <test-href>border-left-width-058.xht</test-href>
          <reference-value>=</reference-value>
          <reference-href>reference/border-left-width-006-ref.xht</reference-href>
          
        </test><test>
          <test-title>Border-left-width using inches with a minimum value with a minus sign, -0in</test-title>
          <test-href>border-left-width-059.xht</test-href>
          <reference-value>=</reference-value>
          <reference-href>reference/ref-if-there-is-no-red.xht</reference-href>
          
        </test><test>
          <test-title>Border-left-width using inches with a minimum value with a plus sign, +0in</test-title>
          <test-href>border-left-width-060.xht</test-href>
          <reference-value>=</reference-value>
          <reference-href>reference/ref-if-there-is-no-red.xht</reference-href>
          
        </test><test>
          <test-title>Border-left-width using inches with a nominal value, 5in</test-title>
          <test-href>border-left-width-061.xht</test-href>
          <reference-value>=</reference-value>
          <reference-href>reference/border-left-width-061-ref.xht</reference-href>
          
        </test><test>
          <test-title>Border-left-width using inches with a nominal value with a plus sign, +5in</test-title>
          <test-href>border-left-width-062.xht</test-href>
          <reference-value>=</reference-value>
          <reference-href>reference/border-left-width-061-ref.xht</reference-href>
          
        </test><test>
          <test-title>Border-left-width using 'em' units with a minimum value, 0em</test-title>
          <test-href>border-left-width-068.xht</test-href>
          <reference-value>=</reference-value>
          <reference-href>reference/ref-if-there-is-no-red.xht</reference-href>
          <flags>
              <flag>Ahem</flag>
              </flags>
        </test><test>
          <test-title>Border-left-width using 'em' units with a minimum plus one value, 1em</test-title>
          <test-href>border-left-width-069.xht</test-href>
          <reference-value>=</reference-value>
          <reference-href>reference/border-left-width-069-ref.xht</reference-href>
          <flags>
              <flag>Ahem</flag>
              </flags>
        </test><test>
          <test-title>Border-left-width using 'em' units with a minimum value with a minus sign, -0em</test-title>
          <test-href>border-left-width-070.xht</test-href>
          <reference-value>=</reference-value>
          <reference-href>reference/ref-if-there-is-no-red.xht</reference-href>
          <flags>
              <flag>Ahem</flag>
              </flags>
        </test><test>
          <test-title>Border-left-width using 'em' units with a minimum value with a plus sign, +0em</test-title>
          <test-href>border-left-width-071.xht</test-href>
          <reference-value>=</reference-value>
          <reference-href>reference/ref-if-there-is-no-red.xht</reference-href>
          <flags>
              <flag>Ahem</flag>
              </flags>
        </test><test>
          <test-title>Border-left-width using 'em' units with a nominal value, 6em</test-title>
          <test-href>border-left-width-072.xht</test-href>
          <reference-value>=</reference-value>
          <reference-href>reference/border-left-width-072-ref.xht</reference-href>
          <flags>
              <flag>Ahem</flag>
              </flags>
        </test><test>
          <test-title>Border-left-width using 'em' units with a nominal value with a plus sign, +6em</test-title>
          <test-href>border-left-width-073.xht</test-href>
          <reference-value>=</reference-value>
          <reference-href>reference/border-left-width-072-ref.xht</reference-href>
          <flags>
              <flag>Ahem</flag>
              </flags>
        </test><test>
          <test-title>Border-left-width using 'ex' units with a minimum value, 0ex</test-title>
          <test-href>border-left-width-079.xht</test-href>
          <reference-value>=</reference-value>
          <reference-href>reference/ref-if-there-is-no-red.xht</reference-href>
          <flags>
              <flag>Ahem</flag>
              </flags>
        </test><test>
          <test-title>Border-left-width using 'ex' units with a minimum plus one value, 1ex</test-title>
          <test-href>border-left-width-080.xht</test-href>
          <reference-value>=</reference-value>
          <reference-href>reference/border-left-width-025-ref.xht</reference-href>
          <flags>
              <flag>Ahem</flag>
              </flags>
        </test><test>
          <test-title>Border-left-width using 'ex' units with a minimum value with a minus sign, -0ex</test-title>
          <test-href>border-left-width-081.xht</test-href>
          <reference-value>=</reference-value>
          <reference-href>reference/ref-if-there-is-no-red.xht</reference-href>
          <flags>
              <flag>Ahem</flag>
              </flags>
        </test><test>
          <test-title>Border-left-width using 'ex' units with a minimum value with a plus sign, +0ex</test-title>
          <test-href>border-left-width-082.xht</test-href>
          <reference-value>=</reference-value>
          <reference-href>reference/ref-if-there-is-no-red.xht</reference-href>
          <flags>
              <flag>Ahem</flag>
              </flags>
        </test><test>
          <test-title>Border-left-width using 'ex' units with a nominal value</test-title>
          <test-href>border-left-width-083.xht</test-href>
          <reference-value>=</reference-value>
          <reference-href>reference/border-left-width-006-ref.xht</reference-href>
          <flags>
              <flag>Ahem</flag>
              </flags>
        </test><test>
          <test-title>Border-left-width using 'ex' units with a nominal value with a plus sign</test-title>
          <test-href>border-left-width-084.xht</test-href>
          <reference-value>=</reference-value>
          <reference-href>reference/border-left-width-006-ref.xht</reference-href>
          <flags>
              <flag>Ahem</flag>
              </flags>
        </test><test>
          <test-title>Border-left-width set to negative zero with no units, -0</test-title>
          <test-href>border-left-width-089.xht</test-href>
          <reference-value>=</reference-value>
          <reference-href>reference/ref-if-there-is-no-red.xht</reference-href>
          
        </test><test>
          <test-title>Border-left-width set to zero with no units, 0</test-title>
          <test-href>border-left-width-090.xht</test-href>
          <reference-value>=</reference-value>
          <reference-href>reference/ref-if-there-is-no-red.xht</reference-href>
          
        </test><test>
          <test-title>Border-left-width set to positive zero with no units, +0</test-title>
          <test-href>border-left-width-091.xht</test-href>
          <reference-value>=</reference-value>
          <reference-href>reference/ref-if-there-is-no-red.xht</reference-href>
          
        </test><test>
          <test-title>Border-left-width set to inherit</test-title>
          <test-href>border-left-width-095.xht</test-href>
          <reference-value>=</reference-value>
          <reference-href>reference/border-left-width-095-ref.xht</reference-href>
          
        </test><test>
          <test-title>Border-left-width applied to element with display table-row-group</test-title>
          <test-href>border-left-width-applies-to-001.xht</test-href>
          <reference-value>=</reference-value>
          <reference-href>reference/ref-filled-black-96px-square.xht</reference-href>
          
        </test><test>
          <test-title>Border-left-width applied to element with display table-header-group</test-title>
          <test-href>border-left-width-applies-to-002.xht</test-href>
          <reference-value>=</reference-value>
          <reference-href>reference/ref-filled-black-96px-square.xht</reference-href>
          
        </test><test>
          <test-title>Border-left-width applied to element with display table-footer-group</test-title>
          <test-href>border-left-width-applies-to-003.xht</test-href>
          <reference-value>=</reference-value>
          <reference-href>reference/ref-filled-black-96px-square.xht</reference-href>
          
        </test><test>
          <test-title>Border-left-width applied to element with display table-row</test-title>
          <test-href>border-left-width-applies-to-004.xht</test-href>
          <reference-value>=</reference-value>
          <reference-href>reference/ref-filled-black-96px-square.xht</reference-href>
          
        </test><test>
          <test-title>Border-left-width applied to element with display table-column-group</test-title>
          <test-href>border-left-width-applies-to-005.xht</test-href>
          <reference-value>=</reference-value>
          <reference-href>reference/ref-filled-black-96px-square.xht</reference-href>
          
        </test><test>
          <test-title>Border-left-width applied to element with display table-column</test-title>
          <test-href>border-left-width-applies-to-006.xht</test-href>
          <reference-value>=</reference-value>
          <reference-href>reference/ref-filled-black-96px-square.xht</reference-href>
          
        </test><test>
          <test-title>Border-left-width applied to element with display table-cell</test-title>
          <test-href>border-left-width-applies-to-007.xht</test-href>
          <reference-value>=</reference-value>
          <reference-href>reference/ref-filled-black-96px-square.xht</reference-href>
          
        </test><test>
          <test-title>Border-left-width applied to element with display block</test-title>
          <test-href>border-left-width-applies-to-009.xht</test-href>
          <reference-value>=</reference-value>
          <reference-href>reference/ref-filled-black-96px-square.xht</reference-href>
          
        </test><test>
          <test-title>Border-left-width applied to element with display inline-block</test-title>
          <test-href>border-left-width-applies-to-012.xht</test-href>
          <reference-value>=</reference-value>
          <reference-href>reference/ref-filled-black-96px-square.xht</reference-href>
          
        </test><test>
          <test-title>Border-left-width applied to element with display table</test-title>
          <test-href>border-left-width-applies-to-013.xht</test-href>
          <reference-value>=</reference-value>
          <reference-href>reference/ref-filled-black-96px-square.xht</reference-href>
          
        </test><test>
          <test-title>Border-left-width applied to element with display inline-table</test-title>
          <test-href>border-left-width-applies-to-014.xht</test-href>
          <reference-value>=</reference-value>
          <reference-href>reference/ref-filled-black-96px-square.xht</reference-href>
          
        </test><test>
          <test-title>Border-left-width applied to element with display table-caption</test-title>
          <test-href>border-left-width-applies-to-015.xht</test-href>
          <reference-value>=</reference-value>
          <reference-href>reference/ref-filled-black-96px-square.xht</reference-href>
          
        </test><test>
          <test-title>line-height - border-top and padding-top of inline non-replaced element paint over previous line box</test-title>
          <test-href>border-padding-bleed-001.xht</test-href>
          <reference-value>=</reference-value>
          <reference-href>reference/border-padding-bleed-001-ref.xht</reference-href>
          <flags>
              <flag>Ahem</flag>
              </flags>
        </test><test>
          <test-title>line-height - padding-top of inline non-replaced element paint over previous line box</test-title>
          <test-href>border-padding-bleed-002.xht</test-href>
          <reference-value>=</reference-value>
          <reference-href>reference/border-padding-bleed-001-ref.xht</reference-href>
          <flags>
              <flag>Ahem</flag>
              </flags>
        </test><test>
          <test-title>line-height - border-top of inline non-replaced element paint over previous line box</test-title>
          <test-href>border-padding-bleed-003.xht</test-href>
          <reference-value>=</reference-value>
          <reference-href>reference/border-padding-bleed-001-ref.xht</reference-href>
          <flags>
              <flag>Ahem</flag>
              </flags>
        </test><test>
          <test-title>Border-right set to border-width</test-title>
          <test-href>border-right-001.xht</test-href>
          <reference-value>=</reference-value>
          <reference-href>reference/border-right-001-ref.xht</reference-href>
          
        </test><test>
          <test-title>Border-right set to border-color</test-title>
          <test-href>border-right-003.xht</test-href>
          <reference-value>=</reference-value>
          <reference-href>reference/border-right-003-ref.xht</reference-href>
          
        </test><test>
          <test-title>Border-right set to border-width border-color</test-title>
          <test-href>border-right-005.xht</test-href>
          <reference-value>=</reference-value>
          <reference-href>reference/border-right-005-ref.xht</reference-href>
          
        </test><test>
          <test-title>Border-right set to border-style border-width</test-title>
          <test-href>border-right-006.xht</test-href>
          <reference-value>=</reference-value>
          <reference-href>reference/border-right-001-ref.xht</reference-href>
          
        </test><test>
          <test-title>Border-right set to border-color border-width</test-title>
          <test-href>border-right-008.xht</test-href>
          <reference-value>=</reference-value>
          <reference-href>reference/border-right-005-ref.xht</reference-href>
          
        </test><test>
          <test-title>Border-right set to inherit, inheriting three values for a shorthand property</test-title>
          <test-href>border-right-018.xht</test-href>
          <reference-value>=</reference-value>
          <reference-href>reference/border-right-018-ref.xht</reference-href>
          
        </test><test>
          <test-title>Border-right applied to element with display table-row-group</test-title>
          <test-href>border-right-applies-to-001.xht</test-href>
          <reference-value>=</reference-value>
          <reference-href>reference/border-left-applies-to-001-ref.xht</reference-href>
          
        </test><test>
          <test-title>Border-right applied to element with display table-header-group</test-title>
          <test-href>border-right-applies-to-002.xht</test-href>
          <reference-value>=</reference-value>
          <reference-href>reference/border-left-applies-to-001-ref.xht</reference-href>
          
        </test><test>
          <test-title>Border-right applied to element with display table-footer-group</test-title>
          <test-href>border-right-applies-to-003.xht</test-href>
          <reference-value>=</reference-value>
          <reference-href>reference/border-left-applies-to-001-ref.xht</reference-href>
          
        </test><test>
          <test-title>Border-right applied to element with display table-row</test-title>
          <test-href>border-right-applies-to-004.xht</test-href>
          <reference-value>=</reference-value>
          <reference-href>reference/border-left-applies-to-001-ref.xht</reference-href>
          
        </test><test>
          <test-title>Border-right applied to element with display table-column-group</test-title>
          <test-href>border-right-applies-to-005.xht</test-href>
          <reference-value>=</reference-value>
          <reference-href>reference/border-left-applies-to-001-ref.xht</reference-href>
          
        </test><test>
          <test-title>Border-right applied to element with display table-column</test-title>
          <test-href>border-right-applies-to-006.xht</test-href>
          <reference-value>=</reference-value>
          <reference-href>reference/border-left-applies-to-001-ref.xht</reference-href>
          
        </test><test>
          <test-title>Border-right applied to element with display table-cell</test-title>
          <test-href>border-right-applies-to-007.xht</test-href>
          <reference-value>=</reference-value>
          <reference-href>reference/border-left-applies-to-001-ref.xht</reference-href>
          
        </test><test>
          <test-title>Border-right applied to element with display block</test-title>
          <test-href>border-right-applies-to-009.xht</test-href>
          <reference-value>=</reference-value>
          <reference-href>reference/border-left-applies-to-001-ref.xht</reference-href>
          
        </test><test>
          <test-title>Border-right applied to element with display inline-block</test-title>
          <test-href>border-right-applies-to-012.xht</test-href>
          <reference-value>=</reference-value>
          <reference-href>reference/border-left-applies-to-001-ref.xht</reference-href>
          
        </test><test>
          <test-title>Border-right applied to element with display table</test-title>
          <test-href>border-right-applies-to-013.xht</test-href>
          <reference-value>=</reference-value>
          <reference-href>reference/border-left-applies-to-001-ref.xht</reference-href>
          
        </test><test>
          <test-title>Border-right applied to element with display inline-table</test-title>
          <test-href>border-right-applies-to-014.xht</test-href>
          <reference-value>=</reference-value>
          <reference-href>reference/border-left-applies-to-001-ref.xht</reference-href>
          
        </test><test>
          <test-title>Border-right applied to element with display table-caption</test-title>
          <test-href>border-right-applies-to-015.xht</test-href>
          <reference-value>=</reference-value>
          <reference-href>reference/border-left-applies-to-001-ref.xht</reference-href>
          
        </test><test>
          <test-title>Border-right-color set to hex with five digits which is invalid and is equivalent to minimum minus one value for six digit hex</test-title>
          <test-href>border-right-color-001.xht</test-href>
          <reference-value>=</reference-value>
          <reference-href>reference/border-right-color-001-ref.xht</reference-href>
          <flags>
              <flag>Invalid</flag>
              </flags>
        </test><test>
          <test-title>Border-right-color set to hex with six digits with the minimum value, #000000</test-title>
          <test-href>border-right-color-002.xht</test-href>
          <reference-value>=</reference-value>
          <reference-href>reference/border-right-color-001-ref.xht</reference-href>
          
        </test><test>
          <test-title>Border-right-color set to hex with six digits with the minimum plus one value, #010101</test-title>
          <test-href>border-right-color-003.xht</test-href>
          <reference-value>=</reference-value>
          <reference-href>reference/border-right-color-003-ref.xht</reference-href>
          
        </test><test>
          <test-title>Border-right-color set to hex with six digits with a nominal value #999999</test-title>
          <test-href>border-right-color-004.xht</test-href>
          <reference-value>=</reference-value>
          <reference-href>reference/border-right-color-004-ref.xht</reference-href>
          
        </test><test>
          <test-title>Border-right-color set to hex with six digits with the maximum minus one value of #fefefe</test-title>
          <test-href>border-right-color-005.xht</test-href>
          <reference-value>=</reference-value>
          <reference-href>reference/border-right-color-005-ref.xht</reference-href>
          
        </test><test>
          <test-title>Border-right-color set to hex with six digits with the maximum value of #ffffff</test-title>
          <test-href>border-right-color-006.xht</test-href>
          <reference-value>=</reference-value>
          <reference-href>reference/border-right-color-006-ref.xht</reference-href>
          
        </test><test>
          <test-title>Border-right-color set to hex with six digits with the maximum plus one value of #1000000</test-title>
          <test-href>border-right-color-007.xht</test-href>
          <reference-value>=</reference-value>
          <reference-href>reference/border-right-color-007-ref.xht</reference-href>
          <flags>
              <flag>Invalid</flag>
              </flags>
        </test><test>
          <test-title>Border-right-color set to hex with six digits with the maximum plus one value of #fgfgfg</test-title>
          <test-href>border-right-color-008.xht</test-href>
          <reference-value>=</reference-value>
          <reference-href>reference/border-right-color-007-ref.xht</reference-href>
          <flags>
              <flag>Invalid</flag>
              </flags>
        </test><test>
          <test-title>Border-right-color set to hex with six digits with a red set to minimum plus one value, #010000</test-title>
          <test-href>border-right-color-009.xht</test-href>
          <reference-value>=</reference-value>
          <reference-href>reference/border-right-color-009-ref.xht</reference-href>
          
        </test><test>
          <test-title>Border-right-color set to hex with six digits with a red set to a nominal value, #990000</test-title>
          <test-href>border-right-color-010.xht</test-href>
          <reference-value>=</reference-value>
          <reference-href>reference/border-right-color-010-ref.xht</reference-href>
          
        </test><test>
          <test-title>Border-right-color set to hex with six digits with a red set to maximum minus one value, #fe0000</test-title>
          <test-href>border-right-color-011.xht</test-href>
          <reference-value>=</reference-value>
          <reference-href>reference/border-right-color-011-ref.xht</reference-href>
          
        </test><test>
          <test-title>Border-right-color set to hex with six digits with a red set to the maximum value, #ff0000</test-title>
          <test-href>border-right-color-012.xht</test-href>
          <reference-value>=</reference-value>
          <reference-href>reference/border-right-color-012-ref.xht</reference-href>
          
        </test><test>
          <test-title>Border-right-color set to hex with six digits with a red set to the maximum plus one value, #fg0000</test-title>
          <test-href>border-right-color-013.xht</test-href>
          <reference-value>=</reference-value>
          <reference-href>reference/border-right-color-007-ref.xht</reference-href>
          <flags>
              <flag>Invalid</flag>
              </flags>
        </test><test>
          <test-title>Border-right-color set to hex with six digits with a green set to minimum plus one value, #000100</test-title>
          <test-href>border-right-color-014.xht</test-href>
          <reference-value>=</reference-value>
          <reference-href>reference/border-right-color-014-ref.xht</reference-href>
          
        </test><test>
          <test-title>Border-right-color set to hex with six digits with a green set to a nominal value, #009900</test-title>
          <test-href>border-right-color-015.xht</test-href>
          <reference-value>=</reference-value>
          <reference-href>reference/border-right-color-015-ref.xht</reference-href>
          
        </test><test>
          <test-title>Border-right-color set to hex with six digits with a green set to maximum minus one value, #00fe00</test-title>
          <test-href>border-right-color-016.xht</test-href>
          <reference-value>=</reference-value>
          <reference-href>reference/border-right-color-016-ref.xht</reference-href>
          
        </test><test>
          <test-title>Border-right-color set to hex with six digits with a green set to the maximum value, #00ff00</test-title>
          <test-href>border-right-color-017.xht</test-href>
          <reference-value>=</reference-value>
          <reference-href>reference/border-right-color-017-ref.xht</reference-href>
          
        </test><test>
          <test-title>Border-right-color set to hex with six digits with a green set to the maximum plus one value, #00fg00</test-title>
          <test-href>border-right-color-018.xht</test-href>
          <reference-value>=</reference-value>
          <reference-href>reference/border-right-color-007-ref.xht</reference-href>
          <flags>
              <flag>Invalid</flag>
              </flags>
        </test><test>
          <test-title>Border-right-color set to hex with six digits with a blue set to minimum plus one value, #000001</test-title>
          <test-href>border-right-color-019.xht</test-href>
          <reference-value>=</reference-value>
          <reference-href>reference/border-right-color-019-ref.xht</reference-href>
          
        </test><test>
          <test-title>Border-right-color set to hex with six digits with a blue set to a nominal value, #000099</test-title>
          <test-href>border-right-color-020.xht</test-href>
          <reference-value>=</reference-value>
          <reference-href>reference/border-right-color-020-ref.xht</reference-href>
          
        </test><test>
          <test-title>Border-right-color set to hex with six digits with a blue set to maximum minus one value, #0000fe</test-title>
          <test-href>border-right-color-021.xht</test-href>
          <reference-value>=</reference-value>
          <reference-href>reference/border-right-color-021-ref.xht</reference-href>
          
        </test><test>
          <test-title>Border-right-color set to hex with six digits with a blue set to the maximum value, #0000ff</test-title>
          <test-href>border-right-color-022.xht</test-href>
          <reference-value>=</reference-value>
          <reference-href>reference/border-right-color-022-ref.xht</reference-href>
          
        </test><test>
          <test-title>Border-right-color set to hex with six digits with a blue set to the maximum plus one value, #0000fg</test-title>
          <test-href>border-right-color-023.xht</test-href>
          <reference-value>=</reference-value>
          <reference-href>reference/border-right-color-007-ref.xht</reference-href>
          <flags>
              <flag>Invalid</flag>
              </flags>
        </test><test>
          <test-title>Border-right-color set to hex with 2 digits which is invalid and is equivalent to minimum minus one value for 3 digit hex</test-title>
          <test-href>border-right-color-024.xht</test-href>
          <reference-value>=</reference-value>
          <reference-href>reference/border-right-color-007-ref.xht</reference-href>
          <flags>
              <flag>Invalid</flag>
              </flags>
        </test><test>
          <test-title>Border-right-color set to hex with three digits with the minimum possible value #000</test-title>
          <test-href>border-right-color-025.xht</test-href>
          <reference-value>=</reference-value>
          <reference-href>reference/border-right-color-001-ref.xht</reference-href>
          
        </test><test>
          <test-title>Border-right-color set to hex with three digits with the minimum plus one value, #111</test-title>
          <test-href>border-right-color-026.xht</test-href>
          <reference-value>=</reference-value>
          <reference-href>reference/border-right-color-026-ref.xht</reference-href>
          
        </test><test>
          <test-title>Border-right-color set to hex with three digits with a nominal value #999</test-title>
          <test-href>border-right-color-027.xht</test-href>
          <reference-value>=</reference-value>
          <reference-href>reference/border-right-color-027-ref.xht</reference-href>
          
        </test><test>
          <test-title>Border-right-color set to hex with three digits with the maximum minus one value of #eee</test-title>
          <test-href>border-right-color-028.xht</test-href>
          <reference-value>=</reference-value>
          <reference-href>reference/border-right-color-028-ref.xht</reference-href>
          
        </test><test>
          <test-title>Border-right-color set to hex with three digits with the maximum value of #fff</test-title>
          <test-href>border-right-color-029.xht</test-href>
          <reference-value>=</reference-value>
          <reference-href>reference/border-right-color-006-ref.xht</reference-href>
          
        </test><test>
          <test-title>Border-right-color set to hex with three digits with the maximum plus one value of #1000</test-title>
          <test-href>border-right-color-030.xht</test-href>
          <reference-value>=</reference-value>
          <reference-href>reference/ref-transparent-or-black-square-transparent.xht</reference-href>
          <flags>
              <flag>Invalid</flag>
              </flags>
        </test><test>
          <test-title>Border-right-color set to hex with three digits with the maximum plus one value of #ggg</test-title>
          <test-href>border-right-color-031.xht</test-href>
          <reference-value>=</reference-value>
          <reference-href>reference/border-right-color-007-ref.xht</reference-href>
          <flags>
              <flag>Invalid</flag>
              </flags>
        </test><test>
          <test-title>Border-right-color set to hex with three digits with a red set to minimum plus one value, #100</test-title>
          <test-href>border-right-color-032.xht</test-href>
          <reference-value>=</reference-value>
          <reference-href>reference/border-right-color-032-ref.xht</reference-href>
          
        </test><test>
          <test-title>Border-right-color set to hex with three digits with a red set to a nominal value, #900</test-title>
          <test-href>border-right-color-033.xht</test-href>
          <reference-value>=</reference-value>
          <reference-href>reference/border-right-color-010-ref.xht</reference-href>
          
        </test><test>
          <test-title>Border-right-color set to hex with three digits with a red set to maximum minus one value, #e00</test-title>
          <test-href>border-right-color-034.xht</test-href>
          <reference-value>=</reference-value>
          <reference-href>reference/border-right-color-034-ref.xht</reference-href>
          
        </test><test>
          <test-title>Border-right-color set to hex with three digits with a red set to the maximum value, #f00</test-title>
          <test-href>border-right-color-035.xht</test-href>
          <reference-value>=</reference-value>
          <reference-href>reference/border-right-color-012-ref.xht</reference-href>
          
        </test><test>
          <test-title>Border-right-color set to hex with three digits with a red set to the maximum plus one value, #g00</test-title>
          <test-href>border-right-color-036.xht</test-href>
          <reference-value>=</reference-value>
          <reference-href>reference/border-right-color-007-ref.xht</reference-href>
          <flags>
              <flag>Invalid</flag>
              </flags>
        </test><test>
          <test-title>Border-right-color set to hex with three digits with a green set to minimum plus one value, #010</test-title>
          <test-href>border-right-color-037.xht</test-href>
          <reference-value>=</reference-value>
          <reference-href>reference/border-right-color-037-ref.xht</reference-href>
          
        </test><test>
          <test-title>Border-right-color set to hex with three digits with a green set to a nominal value, #090</test-title>
          <test-href>border-right-color-038.xht</test-href>
          <reference-value>=</reference-value>
          <reference-href>reference/border-right-color-038-ref.xht</reference-href>
          
        </test><test>
          <test-title>Border-right-color set to hex with three digits with a green set to maximum minus one value, #0e0</test-title>
          <test-href>border-right-color-039.xht</test-href>
          <reference-value>=</reference-value>
          <reference-href>reference/border-right-color-039-ref.xht</reference-href>
          
        </test><test>
          <test-title>Border-right-color set to hex with three digits with a green set to the maximum value, #0f0</test-title>
          <test-href>border-right-color-040.xht</test-href>
          <reference-value>=</reference-value>
          <reference-href>reference/border-right-color-017-ref.xht</reference-href>
          
        </test><test>
          <test-title>Border-right-color set to hex with three digits with a green set to the maximum plus one value, #0g0</test-title>
          <test-href>border-right-color-041.xht</test-href>
          <reference-value>=</reference-value>
          <reference-href>reference/border-right-color-007-ref.xht</reference-href>
          <flags>
              <flag>Invalid</flag>
              </flags>
        </test><test>
          <test-title>Border-right-color set to hex with three digits with a blue set to minimum plus one value, #001</test-title>
          <test-href>border-right-color-042.xht</test-href>
          <reference-value>=</reference-value>
          <reference-href>reference/border-right-color-042-ref.xht</reference-href>
          
        </test><test>
          <test-title>Border-right-color set to hex with three digits with a blue set to a nominal value, #009</test-title>
          <test-href>border-right-color-043.xht</test-href>
          <reference-value>=</reference-value>
          <reference-href>reference/border-right-color-020-ref.xht</reference-href>
          
        </test><test>
          <test-title>Border-right-color set to hex with three digits with a blue set to maximum minus one value, #00e</test-title>
          <test-href>border-right-color-044.xht</test-href>
          <reference-value>=</reference-value>
          <reference-href>reference/border-right-color-044-ref.xht</reference-href>
          
        </test><test>
          <test-title>Border-right-color set to hex with three digits with a blue set to the maximum value, #00f</test-title>
          <test-href>border-right-color-045.xht</test-href>
          <reference-value>=</reference-value>
          <reference-href>reference/border-right-color-022-ref.xht</reference-href>
          
        </test><test>
          <test-title>Border-right-color set to hex with three digits with a blue set to the maximum plus one value, #00g</test-title>
          <test-href>border-right-color-046.xht</test-href>
          <reference-value>=</reference-value>
          <reference-href>reference/border-right-color-007-ref.xht</reference-href>
          <flags>
              <flag>Invalid</flag>
              </flags>
        </test><test>
          <test-title>Border-right-color set to rgb() using percentages with the minimum minus one value, rgb(-1%, -1%, -1%)</test-title>
          <test-href>border-right-color-047.xht</test-href>
          <reference-value>=</reference-value>
          <reference-href>reference/border-right-color-001-ref.xht</reference-href>
          <flags>
              <flag>Invalid</flag>
              </flags>
        </test><test>
          <test-title>Border-right-color set to rgb() using percentages with the minimum value, rgb(0%, 0%, 0%)</test-title>
          <test-href>border-right-color-048.xht</test-href>
          <reference-value>=</reference-value>
          <reference-href>reference/border-right-color-001-ref.xht</reference-href>
          
        </test><test>
          <test-title>Border-right-color set to rgb() using percentages with the minimum plus one value, rgb(1%, 1%, 1%)</test-title>
          <test-href>border-right-color-049.xht</test-href>
          <reference-value>=</reference-value>
          <reference-href>reference/border-right-color-049-ref.xht</reference-href>
          
        </test><test>
          <test-title>Border-right-color set to rgb() using percentages with the minimum value and minus sign, rgb(-0%, -0%, -0%)</test-title>
          <test-href>border-right-color-050.xht</test-href>
          <reference-value>=</reference-value>
          <reference-href>reference/border-right-color-001-ref.xht</reference-href>
          
        </test><test>
          <test-title>Border-right-color set to rgb() using percentages with the minimum value and plus sign, rgb(+0%, +0%, +0%)</test-title>
          <test-href>border-right-color-051.xht</test-href>
          <reference-value>=</reference-value>
          <reference-href>reference/border-right-color-001-ref.xht</reference-href>
          
        </test><test>
          <test-title>Border-right-color set to rgb() using percentages with a nominal value, rgb(40%, 40%, 40%)</test-title>
          <test-href>border-right-color-052.xht</test-href>
          <reference-value>=</reference-value>
          <reference-href>reference/border-right-color-052-ref.xht</reference-href>
          
        </test><test>
          <test-title>Border-right-color set to rgb() using percentages with a nominal value and a plus sign, rgb(+40%, +40%, +40%)</test-title>
          <test-href>border-right-color-053.xht</test-href>
          <reference-value>=</reference-value>
          <reference-href>reference/border-right-color-052-ref.xht</reference-href>
          
        </test><test>
          <test-title>Border-right-color set to rgb() using percentages with a maximum minus one value, rgb(99%, 99%, 99%)</test-title>
          <test-href>border-right-color-054.xht</test-href>
          <reference-value>=</reference-value>
          <reference-href>reference/border-right-color-054-ref.xht</reference-href>
          
        </test><test>
          <test-title>Border-right-color set to rgb() using percentages with a maximum value, rgb(100%, 100%, 100%)</test-title>
          <test-href>border-right-color-055.xht</test-href>
          <reference-value>=</reference-value>
          <reference-href>reference/border-right-color-006-ref.xht</reference-href>
          
        </test><test>
          <test-title>Border-right-color set to rgb() using percentages with plus sign on each maximum value, rgb(+100%, +100%, +100%)</test-title>
          <test-href>border-right-color-056.xht</test-href>
          <reference-value>=</reference-value>
          <reference-href>reference/border-right-color-006-ref.xht</reference-href>
          
        </test><test>
          <test-title>Border-right-color set to rgb() using percentages with a maximum plus one value, rgb(101%, 101%, 101%)</test-title>
          <test-href>border-right-color-057.xht</test-href>
          <reference-value>=</reference-value>
          <reference-href>reference/border-right-color-006-ref.xht</reference-href>
          <flags>
              <flag>Invalid</flag>
              </flags>
        </test><test>
          <test-title>Border-right-color set to rgb() using integers with the minimum minus one value, rgb(-1, -1, -1)</test-title>
          <test-href>border-right-color-058.xht</test-href>
          <reference-value>=</reference-value>
          <reference-href>reference/border-right-color-001-ref.xht</reference-href>
          <flags>
              <flag>Invalid</flag>
              </flags>
        </test><test>
          <test-title>Border-right-color set to rgb() using integers with the minimum value, rgb(0, 0, 0)</test-title>
          <test-href>border-right-color-059.xht</test-href>
          <reference-value>=</reference-value>
          <reference-href>reference/border-right-color-001-ref.xht</reference-href>
          
        </test><test>
          <test-title>Border-right-color set to rgb() using integers with the minimum plus one value, rgb(1, 1, 1)</test-title>
          <test-href>border-right-color-060.xht</test-href>
          <reference-value>=</reference-value>
          <reference-href>reference/border-right-color-003-ref.xht</reference-href>
          
        </test><test>
          <test-title>Border-right-color set to rgb() using integers with the minimum value and minus sign, rgb(-0, -0, -0)</test-title>
          <test-href>border-right-color-061.xht</test-href>
          <reference-value>=</reference-value>
          <reference-href>reference/border-right-color-001-ref.xht</reference-href>
          
        </test><test>
          <test-title>Border-right-color set to rgb() using integers with the minimum value and plus sign, rgb(+0, +0, +0)</test-title>
          <test-href>border-right-color-062.xht</test-href>
          <reference-value>=</reference-value>
          <reference-href>reference/border-right-color-001-ref.xht</reference-href>
          
        </test><test>
          <test-title>Border-right-color set to rgb() using integers with a nominal value, rgb(128, 128, 128)</test-title>
          <test-href>border-right-color-063.xht</test-href>
          <reference-value>=</reference-value>
          <reference-href>reference/border-right-color-063-ref.xht</reference-href>
          
        </test><test>
          <test-title>Border-right-color set to rgb() using integers with a nominal value and a plus sign, rgb(+128, +128, +128)</test-title>
          <test-href>border-right-color-064.xht</test-href>
          <reference-value>=</reference-value>
          <reference-href>reference/border-right-color-063-ref.xht</reference-href>
          
        </test><test>
          <test-title>Border-right-color set to rgb() using integers with a maximum minus one value, rgb(254, 254, 254)</test-title>
          <test-href>border-right-color-065.xht</test-href>
          <reference-value>=</reference-value>
          <reference-href>reference/border-right-color-005-ref.xht</reference-href>
          
        </test><test>
          <test-title>Border-right-color set to rgb() using integers with a maximum value, rgb(255, 255, 255)</test-title>
          <test-href>border-right-color-066.xht</test-href>
          <reference-value>=</reference-value>
          <reference-href>reference/border-right-color-006-ref.xht</reference-href>
          
        </test><test>
          <test-title>Border-right-color set to rgb() using integers with a maximum value and a plus sign, rgb(+255, +255, +255)</test-title>
          <test-href>border-right-color-067.xht</test-href>
          <reference-value>=</reference-value>
          <reference-href>reference/border-right-color-006-ref.xht</reference-href>
          
        </test><test>
          <test-title>Border-right-color set to rgb() using integers with a maximum plus one value, rgb(256, 256, 256)</test-title>
          <test-href>border-right-color-068.xht</test-href>
          <reference-value>=</reference-value>
          <reference-href>reference/border-right-color-006-ref.xht</reference-href>
          <flags>
              <flag>Invalid</flag>
              </flags>
        </test><test>
          <test-title>Border-right-color set to rgb() using percentages with red set to the minimum minus one value, rgb(-1%, 0%, 0%)</test-title>
          <test-href>border-right-color-069.xht</test-href>
          <reference-value>=</reference-value>
          <reference-href>reference/border-right-color-001-ref.xht</reference-href>
          <flags>
              <flag>Invalid</flag>
              </flags>
        </test><test>
          <test-title>Border-right-color set to rgb() using percentages with red set to the minimum plus one value, rgb(1%, 0%, 0%)</test-title>
          <test-href>border-right-color-070.xht</test-href>
          <reference-value>=</reference-value>
          <reference-href>reference/border-right-color-070-ref.xht</reference-href>
          
        </test><test>
          <test-title>Border-right-color set to rgb() using percentages with red set to the minimum value and minus sign, rgb(-0%, 0%, 0%)</test-title>
          <test-href>border-right-color-071.xht</test-href>
          <reference-value>=</reference-value>
          <reference-href>reference/border-right-color-001-ref.xht</reference-href>
          
        </test><test>
          <test-title>Border-right-color set to rgb() using percentages with red set to the minimum value and plus sign, rgb(+0%, 0%, 0%)</test-title>
          <test-href>border-right-color-072.xht</test-href>
          <reference-value>=</reference-value>
          <reference-href>reference/border-right-color-001-ref.xht</reference-href>
          
        </test><test>
          <test-title>Border-right-color set to rgb() using percentages with red set to a nominal value, rgb(40%, 0%, 0%)</test-title>
          <test-href>border-right-color-073.xht</test-href>
          <reference-value>=</reference-value>
          <reference-href>reference/border-right-color-073-ref.xht</reference-href>
          
        </test><test>
          <test-title>Border-right-color set to rgb() using percentages with red set to a nominal value with a plus sign, rgb(+40%, 0%, 0%)</test-title>
          <test-href>border-right-color-074.xht</test-href>
          <reference-value>=</reference-value>
          <reference-href>reference/border-right-color-073-ref.xht</reference-href>
          
        </test><test>
          <test-title>Border-right-color set to rgb() using percentages with red set to a maximum minus one value, rgb(99%, 0%, 0%)</test-title>
          <test-href>border-right-color-075.xht</test-href>
          <reference-value>=</reference-value>
          <reference-href>reference/border-right-color-075-ref.xht</reference-href>
          
        </test><test>
          <test-title>Border-right-color set to rgb() using percentages with red set to a maximum value, rgb(100%, 0%, 0%)</test-title>
          <test-href>border-right-color-076.xht</test-href>
          <reference-value>=</reference-value>
          <reference-href>reference/border-right-color-012-ref.xht</reference-href>
          
        </test><test>
          <test-title>Border-right-color set to rgb() using percentages with red set to a maximum value with a plus sign, rgb(+100%, 0%, 0%)</test-title>
          <test-href>border-right-color-077.xht</test-href>
          <reference-value>=</reference-value>
          <reference-href>reference/border-right-color-012-ref.xht</reference-href>
          
        </test><test>
          <test-title>Border-right-color set to rgb() using percentages with red set to a maximum plus one value, rgb(101%, 0%, 0%)</test-title>
          <test-href>border-right-color-078.xht</test-href>
          <reference-value>=</reference-value>
          <reference-href>reference/border-right-color-012-ref.xht</reference-href>
          <flags>
              <flag>Invalid</flag>
              </flags>
        </test><test>
          <test-title>Border-right-color set to rgb() using integers with red set to the minimum minus one value, rgb(-1, 0, 0)</test-title>
          <test-href>border-right-color-079.xht</test-href>
          <reference-value>=</reference-value>
          <reference-href>reference/border-right-color-001-ref.xht</reference-href>
          <flags>
              <flag>Invalid</flag>
              </flags>
        </test><test>
          <test-title>Border-right-color set to rgb() using integers with red set to the minimum plus one value, rgb(1, 0, 0)</test-title>
          <test-href>border-right-color-080.xht</test-href>
          <reference-value>=</reference-value>
          <reference-href>reference/border-right-color-009-ref.xht</reference-href>
          
        </test><test>
          <test-title>Border-right-color set to rgb() using integers with red set to the minimum value with a minus sign, rgb(-0, 0, 0)</test-title>
          <test-href>border-right-color-081.xht</test-href>
          <reference-value>=</reference-value>
          <reference-href>reference/border-right-color-001-ref.xht</reference-href>
          
        </test><test>
          <test-title>Border-right-color set to rgb() using integers with red set to the minimum value with a plus sign, rgb(+0, 0, 0)</test-title>
          <test-href>border-right-color-082.xht</test-href>
          <reference-value>=</reference-value>
          <reference-href>reference/border-right-color-001-ref.xht</reference-href>
          
        </test><test>
          <test-title>Border-right-color set to rgb() using integers with red set to a nominal value, rgb(128, 0, 0)</test-title>
          <test-href>border-right-color-083.xht</test-href>
          <reference-value>=</reference-value>
          <reference-href>reference/border-right-color-083-ref.xht</reference-href>
          
        </test><test>
          <test-title>Border-right-color set to rgb() using integers with red set to a nominal value with a plus sign, rgb(+128, 0, 0)</test-title>
          <test-href>border-right-color-084.xht</test-href>
          <reference-value>=</reference-value>
          <reference-href>reference/border-right-color-083-ref.xht</reference-href>
          
        </test><test>
          <test-title>Border-right-color set to rgb() using integers with red set to a maximum minus one value, rgb(254, 0, 0)</test-title>
          <test-href>border-right-color-085.xht</test-href>
          <reference-value>=</reference-value>
          <reference-href>reference/border-right-color-011-ref.xht</reference-href>
          
        </test><test>
          <test-title>Border-right-color set to rgb() using integers with red set to a maximum value, rgb(255, 0, 0)</test-title>
          <test-href>border-right-color-086.xht</test-href>
          <reference-value>=</reference-value>
          <reference-href>reference/border-right-color-012-ref.xht</reference-href>
          
        </test><test>
          <test-title>Border-right-color set to rgb() using integers with red set to a maximum value with a plus sign, rgb(+255, 0, 0)</test-title>
          <test-href>border-right-color-087.xht</test-href>
          <reference-value>=</reference-value>
          <reference-href>reference/border-right-color-012-ref.xht</reference-href>
          
        </test><test>
          <test-title>Border-right-color set to rgb() using integers with red set to a maximum plus one value, rgb(256, 0, 0)</test-title>
          <test-href>border-right-color-088.xht</test-href>
          <reference-value>=</reference-value>
          <reference-href>reference/border-right-color-012-ref.xht</reference-href>
          <flags>
              <flag>Invalid</flag>
              </flags>
        </test><test>
          <test-title>Border-right-color set to rgb() using percentages with green set to the minimum minus one value, rgb(0%, -1%, 0%)</test-title>
          <test-href>border-right-color-089.xht</test-href>
          <reference-value>=</reference-value>
          <reference-href>reference/border-right-color-001-ref.xht</reference-href>
          <flags>
              <flag>Invalid</flag>
              </flags>
        </test><test>
          <test-title>Border-right-color set to rgb() using percentages with green set to the minimum plus one value, rgb(0%, 1%, 0%)</test-title>
          <test-href>border-right-color-090.xht</test-href>
          <reference-value>=</reference-value>
          <reference-href>reference/border-right-color-090-ref.xht</reference-href>
          
        </test><test>
          <test-title>Border-right-color set to rgb() using percentages with green set to the minimum value and minus sign, rgb(0%, -0%, 0%)</test-title>
          <test-href>border-right-color-091.xht</test-href>
          <reference-value>=</reference-value>
          <reference-href>reference/border-right-color-001-ref.xht</reference-href>
          
        </test><test>
          <test-title>Border-right-color set to rgb() using percentages with green set to the minimum value and plus sign, rgb(0%, +0%, 0%)</test-title>
          <test-href>border-right-color-092.xht</test-href>
          <reference-value>=</reference-value>
          <reference-href>reference/border-right-color-001-ref.xht</reference-href>
          
        </test><test>
          <test-title>Border-right-color set to rgb() using percentages with green set to a nominal value, rgb(0%, 40%, 0%)</test-title>
          <test-href>border-right-color-093.xht</test-href>
          <reference-value>=</reference-value>
          <reference-href>reference/border-right-color-093-ref.xht</reference-href>
          
        </test><test>
          <test-title>Border-right-color set to rgb() using percentages with green set to a nominal value with a plus sign, rgb(0%, +40%, 0%)</test-title>
          <test-href>border-right-color-094.xht</test-href>
          <reference-value>=</reference-value>
          <reference-href>reference/border-right-color-093-ref.xht</reference-href>
          
        </test><test>
          <test-title>Border-right-color set to rgb() using percentages with green set to a maximum minus one value, rgb(0%, 99%, 0%)</test-title>
          <test-href>border-right-color-095.xht</test-href>
          <reference-value>=</reference-value>
          <reference-href>reference/border-right-color-095-ref.xht</reference-href>
          
        </test><test>
          <test-title>Border-right-color set to rgb() using percentages with green set to a maximum value, rgb(0%, 100%, 0%)</test-title>
          <test-href>border-right-color-096.xht</test-href>
          <reference-value>=</reference-value>
          <reference-href>reference/border-right-color-017-ref.xht</reference-href>
          
        </test><test>
          <test-title>Border-right-color set to rgb() using percentages with green set to a maximum value with a plus sign, rgb(0%, +100%, 0%)</test-title>
          <test-href>border-right-color-097.xht</test-href>
          <reference-value>=</reference-value>
          <reference-href>reference/border-right-color-017-ref.xht</reference-href>
          
        </test><test>
          <test-title>Border-right-color set to rgb() using percentages with green set to a maximum plus one value, rgb(0%, 101%, 0%)</test-title>
          <test-href>border-right-color-098.xht</test-href>
          <reference-value>=</reference-value>
          <reference-href>reference/border-right-color-017-ref.xht</reference-href>
          <flags>
              <flag>Invalid</flag>
              </flags>
        </test><test>
          <test-title>Border-right-color set to rgb() using integers with green set to the minimum minus one value, rgb(0, -1, 0)</test-title>
          <test-href>border-right-color-099.xht</test-href>
          <reference-value>=</reference-value>
          <reference-href>reference/border-right-color-001-ref.xht</reference-href>
          <flags>
              <flag>Invalid</flag>
              </flags>
        </test><test>
          <test-title>Border-right-color set to rgb() using integers with green set to the minimum plus one value, rgb(0, 1, 0)</test-title>
          <test-href>border-right-color-100.xht</test-href>
          <reference-value>=</reference-value>
          <reference-href>reference/border-right-color-100-ref.xht</reference-href>
          
        </test><test>
          <test-title>Border-right-color set to rgb() using integers with green set to the minimum value with a minus sign, rgb(0, -0, 0)</test-title>
          <test-href>border-right-color-101.xht</test-href>
          <reference-value>=</reference-value>
          <reference-href>reference/border-right-color-001-ref.xht</reference-href>
          
        </test><test>
          <test-title>Border-right-color set to rgb() using integers with green set to the minimum value with a plus sign, rgb(0, +0, 0)</test-title>
          <test-href>border-right-color-102.xht</test-href>
          <reference-value>=</reference-value>
          <reference-href>reference/border-right-color-001-ref.xht</reference-href>
          
        </test><test>
          <test-title>Border-right-color set to rgb() using integers with green set to a nominal value, rgb(0, 128, 0)</test-title>
          <test-href>border-right-color-103.xht</test-href>
          <reference-value>=</reference-value>
          <reference-href>reference/border-right-color-103-ref.xht</reference-href>
          
        </test><test>
          <test-title>Border-right-color set to rgb() using integers with green set to a nominal value with a plus sign, rgb(0, +128, 0)</test-title>
          <test-href>border-right-color-104.xht</test-href>
          <reference-value>=</reference-value>
          <reference-href>reference/border-right-color-103-ref.xht</reference-href>
          
        </test><test>
          <test-title>Border-right-color set to rgb() using integers with green set to a maximum minus one value, rgb(0, 254, 0)</test-title>
          <test-href>border-right-color-105.xht</test-href>
          <reference-value>=</reference-value>
          <reference-href>reference/border-right-color-016-ref.xht</reference-href>
          
        </test><test>
          <test-title>Border-right-color set to rgb() using integers with green set to a maximum value, rgb(0, 255, 0)</test-title>
          <test-href>border-right-color-106.xht</test-href>
          <reference-value>=</reference-value>
          <reference-href>reference/border-right-color-017-ref.xht</reference-href>
          
        </test><test>
          <test-title>Border-right-color set to rgb() using integers with green set to a maximum value with a plus sign, rgb(0, +255, 0)</test-title>
          <test-href>border-right-color-107.xht</test-href>
          <reference-value>=</reference-value>
          <reference-href>reference/border-right-color-017-ref.xht</reference-href>
          
        </test><test>
          <test-title>Border-right-color set to rgb() using integers with green set to a maximum plus one value, rgb(0, 256 0)</test-title>
          <test-href>border-right-color-108.xht</test-href>
          <reference-value>=</reference-value>
          <reference-href>reference/border-right-color-017-ref.xht</reference-href>
          <flags>
              <flag>Invalid</flag>
              </flags>
        </test><test>
          <test-title>Border-right-color set to rgb() using percentages with blue set to the minimum minus one value, rgb(0%, 0%, -1%)</test-title>
          <test-href>border-right-color-109.xht</test-href>
          <reference-value>=</reference-value>
          <reference-href>reference/border-right-color-001-ref.xht</reference-href>
          <flags>
              <flag>Invalid</flag>
              </flags>
        </test><test>
          <test-title>Border-right-color set to rgb() using percentages with blue set to the minimum plus one value, rgb(0%, 0%, 1%)</test-title>
          <test-href>border-right-color-110.xht</test-href>
          <reference-value>=</reference-value>
          <reference-href>reference/border-right-color-110-ref.xht</reference-href>
          
        </test><test>
          <test-title>Border-right-color set to rgb() using percentages with blue set to the minimum value and minus sign, rgb(0%, 0%, -0%)</test-title>
          <test-href>border-right-color-111.xht</test-href>
          <reference-value>=</reference-value>
          <reference-href>reference/border-right-color-001-ref.xht</reference-href>
          
        </test><test>
          <test-title>Border-right-color set to rgb() using percentages with blue set to the minimum value and plus sign, rgb(0%, 0%, +0%)</test-title>
          <test-href>border-right-color-112.xht</test-href>
          <reference-value>=</reference-value>
          <reference-href>reference/border-right-color-001-ref.xht</reference-href>
          
        </test><test>
          <test-title>Border-right-color set to rgb() using percentages with blue set to a nominal value, rgb(0%, 0%, 40%)</test-title>
          <test-href>border-right-color-113.xht</test-href>
          <reference-value>=</reference-value>
          <reference-href>reference/border-right-color-113-ref.xht</reference-href>
          
        </test><test>
          <test-title>Border-right-color set to rgb() using percentages with blue set to a nominal value with a plus sign, rgb(0%, 0%, +40%)</test-title>
          <test-href>border-right-color-114.xht</test-href>
          <reference-value>=</reference-value>
          <reference-href>reference/border-right-color-113-ref.xht</reference-href>
          
        </test><test>
          <test-title>Border-right-color set to rgb() using percentages with blue set to a maximum minus one value, rgb(0%, 0%, 99%)</test-title>
          <test-href>border-right-color-115.xht</test-href>
          <reference-value>=</reference-value>
          <reference-href>reference/border-right-color-115-ref.xht</reference-href>
          
        </test><test>
          <test-title>Border-right-color set to rgb() using percentages with blue set to a maximum value, rgb(0%, 0%, 100%)</test-title>
          <test-href>border-right-color-116.xht</test-href>
          <reference-value>=</reference-value>
          <reference-href>reference/border-right-color-022-ref.xht</reference-href>
          
        </test><test>
          <test-title>Border-right-color set to rgb() using percentages with blue set to a maximum value with a plus sign, rgb(0%, 0%, +100%)</test-title>
          <test-href>border-right-color-117.xht</test-href>
          <reference-value>=</reference-value>
          <reference-href>reference/border-right-color-022-ref.xht</reference-href>
          
        </test><test>
          <test-title>Border-right-color set to rgb() using percentages with blue set to a maximum plus one value, rgb(0%, 0%, 101%)</test-title>
          <test-href>border-right-color-118.xht</test-href>
          <reference-value>=</reference-value>
          <reference-href>reference/border-right-color-022-ref.xht</reference-href>
          <flags>
              <flag>Invalid</flag>
              </flags>
        </test><test>
          <test-title>Border-right-color set to rgb() using integers with blue set to the minimum minus one value, rgb(0, 0, -1)</test-title>
          <test-href>border-right-color-119.xht</test-href>
          <reference-value>=</reference-value>
          <reference-href>reference/border-right-color-001-ref.xht</reference-href>
          <flags>
              <flag>Invalid</flag>
              </flags>
        </test><test>
          <test-title>Border-right-color set to rgb() using integers with blue set to the minimum plus one value, rgb(0, 0, 1)</test-title>
          <test-href>border-right-color-120.xht</test-href>
          <reference-value>=</reference-value>
          <reference-href>reference/border-right-color-019-ref.xht</reference-href>
          
        </test><test>
          <test-title>Border-right-color set to rgb() using integers with blue set to the minimum value with a minus sign, rgb(0, 0, -0)</test-title>
          <test-href>border-right-color-121.xht</test-href>
          <reference-value>=</reference-value>
          <reference-href>reference/border-right-color-001-ref.xht</reference-href>
          
        </test><test>
          <test-title>Border-right-color set to rgb() using integers with blue set to the minimum value with a plus sign, rgb(0, 0, +0)</test-title>
          <test-href>border-right-color-122.xht</test-href>
          <reference-value>=</reference-value>
          <reference-href>reference/border-right-color-001-ref.xht</reference-href>
          
        </test><test>
          <test-title>Border-right-color set to rgb() using integers with blue set to a nominal value, rgb(0, 0, 128)</test-title>
          <test-href>border-right-color-123.xht</test-href>
          <reference-value>=</reference-value>
          <reference-href>reference/border-right-color-123-ref.xht</reference-href>
          
        </test><test>
          <test-title>Border-right-color set to rgb() using integers with blue set to a nominal value with a plus sign, rgb(0, 0, +128)</test-title>
          <test-href>border-right-color-124.xht</test-href>
          <reference-value>=</reference-value>
          <reference-href>reference/border-bottom-color-123-ref.xht</reference-href>
          
        </test><test>
          <test-title>Border-right-color set to rgb() using integers with blue set to a maximum minus one value, rgb(0, 0, 254)</test-title>
          <test-href>border-right-color-125.xht</test-href>
          <reference-value>=</reference-value>
          <reference-href>reference/border-right-color-021-ref.xht</reference-href>
          
        </test><test>
          <test-title>Border-right-color set to rgb() using integers with blue set to a maximum value, rgb(0, 0, 255)</test-title>
          <test-href>border-right-color-126.xht</test-href>
          <reference-value>=</reference-value>
          <reference-href>reference/border-right-color-022-ref.xht</reference-href>
          
        </test><test>
          <test-title>Border-right-color set to rgb() using integers with blue set to a maximum value with a plus sign, rgb(0, 0, +255)</test-title>
          <test-href>border-right-color-127.xht</test-href>
          <reference-value>=</reference-value>
          <reference-href>reference/border-right-color-022-ref.xht</reference-href>
          
        </test><test>
          <test-title>Border-right-color set to rgb() using integers with blue set to a maximum plus one value, rgb(0, 0, 256)</test-title>
          <test-href>border-right-color-128.xht</test-href>
          <reference-value>=</reference-value>
          <reference-href>reference/border-right-color-022-ref.xht</reference-href>
          <flags>
              <flag>Invalid</flag>
              </flags>
        </test><test>
          <test-title>Border-right-color set to aqua</test-title>
          <test-href>border-right-color-129.xht</test-href>
          <reference-value>=</reference-value>
          <reference-href>reference/border-right-color-129-ref.xht</reference-href>
          
        </test><test>
          <test-title>Border-right-color set to black</test-title>
          <test-href>border-right-color-130.xht</test-href>
          <reference-value>=</reference-value>
          <reference-href>reference/border-right-color-001-ref.xht</reference-href>
          
        </test><test>
          <test-title>Border-right-color set to blue</test-title>
          <test-href>border-right-color-131.xht</test-href>
          <reference-value>=</reference-value>
          <reference-href>reference/border-right-color-131-ref.xht</reference-href>
          
        </test><test>
          <test-title>Border-right-color set to fuchsia</test-title>
          <test-href>border-right-color-132.xht</test-href>
          <reference-value>=</reference-value>
          <reference-href>reference/border-right-color-132-ref.xht</reference-href>
          
        </test><test>
          <test-title>Border-right-color set to gray</test-title>
          <test-href>border-right-color-133.xht</test-href>
          <reference-value>=</reference-value>
          <reference-href>reference/border-right-color-133-ref.xht</reference-href>
          
        </test><test>
          <test-title>Border-right-color set to green</test-title>
          <test-href>border-right-color-134.xht</test-href>
          <reference-value>=</reference-value>
          <reference-href>reference/border-right-color-134-ref.xht</reference-href>
          
        </test><test>
          <test-title>Border-right-color set to lime</test-title>
          <test-href>border-right-color-135.xht</test-href>
          <reference-value>=</reference-value>
          <reference-href>reference/border-right-color-135-ref.xht</reference-href>
          
        </test><test>
          <test-title>Border-right-color set to maroon</test-title>
          <test-href>border-right-color-136.xht</test-href>
          <reference-value>=</reference-value>
          <reference-href>reference/border-right-color-136-ref.xht</reference-href>
          
        </test><test>
          <test-title>Border-right-color set to navy</test-title>
          <test-href>border-right-color-137.xht</test-href>
          <reference-value>=</reference-value>
          <reference-href>reference/border-right-color-137-ref.xht</reference-href>
          
        </test><test>
          <test-title>Border-right-color set to olive</test-title>
          <test-href>border-right-color-138.xht</test-href>
          <reference-value>=</reference-value>
          <reference-href>reference/border-right-color-138-ref.xht</reference-href>
          
        </test><test>
          <test-title>Border-right-color set to orange</test-title>
          <test-href>border-right-color-139.xht</test-href>
          <reference-value>=</reference-value>
          <reference-href>reference/border-right-color-139-ref.xht</reference-href>
          
        </test><test>
          <test-title>Border-right-color set to purple</test-title>
          <test-href>border-right-color-140.xht</test-href>
          <reference-value>=</reference-value>
          <reference-href>reference/border-right-color-140-ref.xht</reference-href>
          
        </test><test>
          <test-title>Border-right-color set to red</test-title>
          <test-href>border-right-color-141.xht</test-href>
          <reference-value>=</reference-value>
          <reference-href>reference/border-right-color-141-ref.xht</reference-href>
          
        </test><test>
          <test-title>Border-right-color set to silver</test-title>
          <test-href>border-right-color-142.xht</test-href>
          <reference-value>=</reference-value>
          <reference-href>reference/border-right-color-142-ref.xht</reference-href>
          
        </test><test>
          <test-title>Border-right-color set to teal</test-title>
          <test-href>border-right-color-143.xht</test-href>
          <reference-value>=</reference-value>
          <reference-href>reference/border-right-color-143-ref.xht</reference-href>
          
        </test><test>
          <test-title>Border-right-color set to white</test-title>
          <test-href>border-right-color-144.xht</test-href>
          <reference-value>=</reference-value>
          <reference-href>reference/border-right-color-144-ref.xht</reference-href>
          
        </test><test>
          <test-title>Border-right-color set to yellow</test-title>
          <test-href>border-right-color-145.xht</test-href>
          <reference-value>=</reference-value>
          <reference-href>reference/border-right-color-145-ref.xht</reference-href>
          
        </test><test>
          <test-title>Border-right-color set to transparent</test-title>
          <test-href>border-right-color-174.xht</test-href>
          <reference-value>=</reference-value>
          <reference-href>reference/border-left-color-174-ref.xht</reference-href>
          
        </test><test>
          <test-title>Border-right-color set to inherit</test-title>
          <test-href>border-right-color-175.xht</test-href>
          <reference-value>=</reference-value>
          <reference-href>reference/border-right-color-175-ref.xht</reference-href>
          
        </test><test>
          <test-title>Border-right-color applied to element with display table-row-group</test-title>
          <test-href>border-right-color-applies-to-001.xht</test-href>
          <reference-value>=</reference-value>
          <reference-href>reference/border-left-applies-to-001-ref.xht</reference-href>
          
        </test><test>
          <test-title>Border-right-color applied to element with display table-header-group</test-title>
          <test-href>border-right-color-applies-to-002.xht</test-href>
          <reference-value>=</reference-value>
          <reference-href>reference/border-left-applies-to-001-ref.xht</reference-href>
          
        </test><test>
          <test-title>Border-right-color applied to element with display table-footer-group</test-title>
          <test-href>border-right-color-applies-to-003.xht</test-href>
          <reference-value>=</reference-value>
          <reference-href>reference/border-left-applies-to-001-ref.xht</reference-href>
          
        </test><test>
          <test-title>Border-right-color applied to element with display table-row</test-title>
          <test-href>border-right-color-applies-to-004.xht</test-href>
          <reference-value>=</reference-value>
          <reference-href>reference/border-left-applies-to-001-ref.xht</reference-href>
          
        </test><test>
          <test-title>Border-right-color applied to element with display table-column-group</test-title>
          <test-href>border-right-color-applies-to-005.xht</test-href>
          <reference-value>=</reference-value>
          <reference-href>reference/border-left-applies-to-001-ref.xht</reference-href>
          
        </test><test>
          <test-title>Border-right-color applied to element with display table-column</test-title>
          <test-href>border-right-color-applies-to-006.xht</test-href>
          <reference-value>=</reference-value>
          <reference-href>reference/border-left-applies-to-001-ref.xht</reference-href>
          
        </test><test>
          <test-title>Border-right-color applied to element with display table-cell</test-title>
          <test-href>border-right-color-applies-to-007.xht</test-href>
          <reference-value>=</reference-value>
          <reference-href>reference/border-left-applies-to-001-ref.xht</reference-href>
          
        </test><test>
          <test-title>Border-right-color applied to element with display block</test-title>
          <test-href>border-right-color-applies-to-009.xht</test-href>
          <reference-value>=</reference-value>
          <reference-href>reference/border-left-applies-to-001-ref.xht</reference-href>
          
        </test><test>
          <test-title>Border-right-color applied to element with display inline-block</test-title>
          <test-href>border-right-color-applies-to-012.xht</test-href>
          <reference-value>=</reference-value>
          <reference-href>reference/border-left-applies-to-001-ref.xht</reference-href>
          
        </test><test>
          <test-title>Border-right-color applied to element with display table</test-title>
          <test-href>border-right-color-applies-to-013.xht</test-href>
          <reference-value>=</reference-value>
          <reference-href>reference/border-left-applies-to-001-ref.xht</reference-href>
          
        </test><test>
          <test-title>Border-right-color applied to element with display inline-table</test-title>
          <test-href>border-right-color-applies-to-014.xht</test-href>
          <reference-value>=</reference-value>
          <reference-href>reference/border-left-applies-to-001-ref.xht</reference-href>
          
        </test><test>
          <test-title>Border-right-color applied to element with display table-caption</test-title>
          <test-href>border-right-color-applies-to-015.xht</test-href>
          <reference-value>=</reference-value>
          <reference-href>reference/border-left-applies-to-001-ref.xht</reference-href>
          
        </test><test>
          <test-title>Border-right-style set to 'none'</test-title>
          <test-href>border-right-style-001.xht</test-href>
          <reference-value>=</reference-value>
          <reference-href>reference/ref-nothing-below.xht</reference-href>
          
        </test><test>
          <test-title>Border-right-style set to 'hidden'</test-title>
          <test-href>border-right-style-002.xht</test-href>
          <reference-value>=</reference-value>
          <reference-href>reference/ref-nothing-below.xht</reference-href>
          
        </test><test>
          <test-title>Border-right-style set to 'solid'</test-title>
          <test-href>border-right-style-005.xht</test-href>
          <reference-value>=</reference-value>
          <reference-href>reference/border-right-style-005-ref.xht</reference-href>
          
        </test><test>
          <test-title>Border-right-width using pixels with a minimum minus one (negative) value, -1px</test-title>
          <test-href>border-right-width-001.xht</test-href>
          <reference-value>=</reference-value>
          <reference-href>reference/border-left-width-001-ref.xht</reference-href>
          <flags>
              <flag>Invalid</flag>
              </flags>
        </test><test>
          <test-title>Border-right-width using pixels with a minimum value, 0px</test-title>
          <test-href>border-right-width-002.xht</test-href>
          <reference-value>=</reference-value>
          <reference-href>reference/ref-if-there-is-no-red.xht</reference-href>
          
        </test><test>
          <test-title>Border-right-width using pixels with a minimum plus one value, 1px</test-title>
          <test-href>border-right-width-003.xht</test-href>
          <reference-value>=</reference-value>
          <reference-href>reference/border-left-width-003-ref.xht</reference-href>
          
        </test><test>
          <test-title>Border-right-width using pixels with a minimum value with a minus sign, -0px</test-title>
          <test-href>border-right-width-004.xht</test-href>
          <reference-value>=</reference-value>
          <reference-href>reference/ref-if-there-is-no-red.xht</reference-href>
          
        </test><test>
          <test-title>Border-right-width using pixels with a minimum value with a plus sign, +0px</test-title>
          <test-href>border-right-width-005.xht</test-href>
          <reference-value>=</reference-value>
          <reference-href>reference/ref-if-there-is-no-red.xht</reference-href>
          
        </test><test>
          <test-title>Border-right-width using pixels with a nominal value, 96px</test-title>
          <test-href>border-right-width-006.xht</test-href>
          <reference-value>=</reference-value>
          <reference-href>reference/border-left-width-006-ref.xht</reference-href>
          <flags>
              <flag>96</flag>
              </flags>
        </test><test>
          <test-title>Border-right-width using pixels with a nominal value with a plus sign, +96px</test-title>
          <test-href>border-right-width-007.xht</test-href>
          <reference-value>=</reference-value>
          <reference-href>reference/border-left-width-006-ref.xht</reference-href>
          <flags>
              <flag>96</flag>
              </flags>
        </test><test>
          <test-title>Border-right-width using points with a minimum minus one (negative) value, -1pt</test-title>
          <test-href>border-right-width-012.xht</test-href>
          <reference-value>=</reference-value>
          <reference-href>reference/border-left-width-001-ref.xht</reference-href>
          <flags>
              <flag>Invalid</flag>
              </flags>
        </test><test>
          <test-title>Border-right-width using points with a minimum value, 0pt</test-title>
          <test-href>border-right-width-013.xht</test-href>
          <reference-value>=</reference-value>
          <reference-href>reference/ref-if-there-is-no-red.xht</reference-href>
          
        </test><test>
          <test-title>Border-right-width using points with a minimum value with a minus sign, -0pt</test-title>
          <test-href>border-right-width-015.xht</test-href>
          <reference-value>=</reference-value>
          <reference-href>reference/ref-if-there-is-no-red.xht</reference-href>
          
        </test><test>
          <test-title>Border-right-width using points with a minimum value with a plus sign, +0pt</test-title>
          <test-href>border-right-width-016.xht</test-href>
          <reference-value>=</reference-value>
          <reference-href>reference/ref-if-there-is-no-red.xht</reference-href>
          
        </test><test>
          <test-title>Border-right-width using points with a nominal value, 72pt</test-title>
          <test-href>border-right-width-017.xht</test-href>
          <reference-value>=</reference-value>
          <reference-href>reference/border-left-width-006-ref.xht</reference-href>
          
        </test><test>
          <test-title>Border-right-width using points with a nominal value with a plus sign, +72pt</test-title>
          <test-href>border-right-width-018.xht</test-href>
          <reference-value>=</reference-value>
          <reference-href>reference/border-left-width-006-ref.xht</reference-href>
          
        </test><test>
          <test-title>Border-right-width using picas with a minimum minus one (negative) value, -1pc</test-title>
          <test-href>border-right-width-023.xht</test-href>
          <reference-value>=</reference-value>
          <reference-href>reference/border-left-width-001-ref.xht</reference-href>
          <flags>
              <flag>Invalid</flag>
              </flags>
        </test><test>
          <test-title>Border-right-width using picas with a minimum value, 0pc</test-title>
          <test-href>border-right-width-024.xht</test-href>
          <reference-value>=</reference-value>
          <reference-href>reference/ref-if-there-is-no-red.xht</reference-href>
          
        </test><test>
          <test-title>Border-right-width using picas with a minimum plus one value, 1pc</test-title>
          <test-href>border-right-width-025.xht</test-href>
          <reference-value>=</reference-value>
          <reference-href>reference/border-left-width-025-ref.xht</reference-href>
          
        </test><test>
          <test-title>Border-right-width using picas with a minimum value with a minus sign, -0pc</test-title>
          <test-href>border-right-width-026.xht</test-href>
          <reference-value>=</reference-value>
          <reference-href>reference/ref-if-there-is-no-red.xht</reference-href>
          
        </test><test>
          <test-title>Border-right-width using picas with a minimum value with a plus sign, +0pc</test-title>
          <test-href>border-right-width-027.xht</test-href>
          <reference-value>=</reference-value>
          <reference-href>reference/ref-if-there-is-no-red.xht</reference-href>
          
        </test><test>
          <test-title>Border-right-width using picas with a nominal value, 6pc</test-title>
          <test-href>border-right-width-028.xht</test-href>
          <reference-value>=</reference-value>
          <reference-href>reference/border-left-width-006-ref.xht</reference-href>
          
        </test><test>
          <test-title>Border-right-width using picas with a nominal value with a plus sign, +6pc</test-title>
          <test-href>border-right-width-029.xht</test-href>
          <reference-value>=</reference-value>
          <reference-href>reference/border-left-width-006-ref.xht</reference-href>
          
        </test><test>
          <test-title>Border-right-width using centimeters with a minimum minus one (negative) value, -1cm</test-title>
          <test-href>border-right-width-034.xht</test-href>
          <reference-value>=</reference-value>
          <reference-href>reference/border-left-width-001-ref.xht</reference-href>
          <flags>
              <flag>Invalid</flag>
              </flags>
        </test><test>
          <test-title>Border-right-width using centimeters with a minimum value, 0cm</test-title>
          <test-href>border-right-width-035.xht</test-href>
          <reference-value>=</reference-value>
          <reference-href>reference/ref-if-there-is-no-red.xht</reference-href>
          
        </test><test>
          <test-title>Border-right-width using centimeters with a minimum value with a minus sign, -0cm</test-title>
          <test-href>border-right-width-037.xht</test-href>
          <reference-value>=</reference-value>
          <reference-href>reference/ref-if-there-is-no-red.xht</reference-href>
          
        </test><test>
          <test-title>Border-right-width using centimeters with a minimum value with a plus sign, +0cm</test-title>
          <test-href>border-right-width-038.xht</test-href>
          <reference-value>=</reference-value>
          <reference-href>reference/ref-if-there-is-no-red.xht</reference-href>
          
        </test><test>
          <test-title>Border-right-width using centimeters with a nominal value, 2.54cm</test-title>
          <test-href>border-right-width-039.xht</test-href>
          <reference-value>=</reference-value>
          <reference-href>reference/border-left-width-006-ref.xht</reference-href>
          
        </test><test>
          <test-title>Border-right-width using centimeters with a nominal value with a plus sign, +2.54cm</test-title>
          <test-href>border-right-width-040.xht</test-href>
          <reference-value>=</reference-value>
          <reference-href>reference/border-left-width-006-ref.xht</reference-href>
          
        </test><test>
          <test-title>Border-right-width using millimeters with a minimum minus one (negative) value, -1mm</test-title>
          <test-href>border-right-width-045.xht</test-href>
          <reference-value>=</reference-value>
          <reference-href>reference/border-left-width-001-ref.xht</reference-href>
          <flags>
              <flag>Invalid</flag>
              </flags>
        </test><test>
          <test-title>Border-right-width using millimeters with a minimum value, 0mm</test-title>
          <test-href>border-right-width-046.xht</test-href>
          <reference-value>=</reference-value>
          <reference-href>reference/ref-if-there-is-no-red.xht</reference-href>
          
        </test><test>
          <test-title>Border-right-width using millimeters with a minimum value with a minus sign, -0mm</test-title>
          <test-href>border-right-width-048.xht</test-href>
          <reference-value>=</reference-value>
          <reference-href>reference/ref-if-there-is-no-red.xht</reference-href>
          
        </test><test>
          <test-title>Border-right-width using millimeters with a minimum value with a plus sign, +0mm</test-title>
          <test-href>border-right-width-049.xht</test-href>
          <reference-value>=</reference-value>
          <reference-href>reference/ref-if-there-is-no-red.xht</reference-href>
          
        </test><test>
          <test-title>Border-right-width using millimeters with a nominal value, 25.4mm</test-title>
          <test-href>border-right-width-050.xht</test-href>
          <reference-value>=</reference-value>
          <reference-href>reference/border-left-width-006-ref.xht</reference-href>
          
        </test><test>
          <test-title>Border-right-width using millimeters with a nominal value with a plus sign, +25.4mm</test-title>
          <test-href>border-right-width-051.xht</test-href>
          <reference-value>=</reference-value>
          <reference-href>reference/border-left-width-006-ref.xht</reference-href>
          
        </test><test>
          <test-title>Border-right-width using inches with a minimum minus one (negative) value, -1in</test-title>
          <test-href>border-right-width-056.xht</test-href>
          <reference-value>=</reference-value>
          <reference-href>reference/border-left-width-001-ref.xht</reference-href>
          <flags>
              <flag>Invalid</flag>
              </flags>
        </test><test>
          <test-title>Border-right-width using inches with a minimum value, 0in</test-title>
          <test-href>border-right-width-057.xht</test-href>
          <reference-value>=</reference-value>
          <reference-href>reference/ref-if-there-is-no-red.xht</reference-href>
          
        </test><test>
          <test-title>Border-right-width using inches with a minimum plus one value, 1in</test-title>
          <test-href>border-right-width-058.xht</test-href>
          <reference-value>=</reference-value>
          <reference-href>reference/border-left-width-006-ref.xht</reference-href>
          
        </test><test>
          <test-title>Border-right-width using inches with a minimum value with a minus sign, -0in</test-title>
          <test-href>border-right-width-059.xht</test-href>
          <reference-value>=</reference-value>
          <reference-href>reference/ref-if-there-is-no-red.xht</reference-href>
          
        </test><test>
          <test-title>Border-right-width using inches with a minimum value with a plus sign, +0in</test-title>
          <test-href>border-right-width-060.xht</test-href>
          <reference-value>=</reference-value>
          <reference-href>reference/ref-if-there-is-no-red.xht</reference-href>
          
        </test><test>
          <test-title>Border-right-width using inches with a nominal value, 5in</test-title>
          <test-href>border-right-width-061.xht</test-href>
          <reference-value>=</reference-value>
          <reference-href>reference/border-left-width-061-ref.xht</reference-href>
          
        </test><test>
          <test-title>Border-right-width using inches with a nominal value with a plus sign, +5in</test-title>
          <test-href>border-right-width-062.xht</test-href>
          <reference-value>=</reference-value>
          <reference-href>reference/border-left-width-061-ref.xht</reference-href>
          
        </test><test>
          <test-title>Border-right-width using 'em' units with a minimum minus one (negative) value, -1em</test-title>
          <test-href>border-right-width-067.xht</test-href>
          <reference-value>=</reference-value>
          <reference-href>reference/border-left-width-001-ref.xht</reference-href>
          <flags>
              <flag>Ahem</flag><flag>Invalid</flag>
              </flags>
        </test><test>
          <test-title>Border-right-width using 'em' units with a minimum value, 0em</test-title>
          <test-href>border-right-width-068.xht</test-href>
          <reference-value>=</reference-value>
          <reference-href>reference/ref-if-there-is-no-red.xht</reference-href>
          <flags>
              <flag>Ahem</flag>
              </flags>
        </test><test>
          <test-title>Border-right-width using 'em' units with a minimum plus one value, 1em</test-title>
          <test-href>border-right-width-069.xht</test-href>
          <reference-value>=</reference-value>
          <reference-href>reference/border-left-width-069-ref.xht</reference-href>
          <flags>
              <flag>Ahem</flag>
              </flags>
        </test><test>
          <test-title>Border-right-width using 'em' units with a minimum value with a minus sign, -0em</test-title>
          <test-href>border-right-width-070.xht</test-href>
          <reference-value>=</reference-value>
          <reference-href>reference/ref-if-there-is-no-red.xht</reference-href>
          <flags>
              <flag>Ahem</flag>
              </flags>
        </test><test>
          <test-title>Border-right-width using 'em' units with a minimum value with a plus sign, +0em</test-title>
          <test-href>border-right-width-071.xht</test-href>
          <reference-value>=</reference-value>
          <reference-href>reference/ref-if-there-is-no-red.xht</reference-href>
          <flags>
              <flag>Ahem</flag>
              </flags>
        </test><test>
          <test-title>Border-right-width using 'em' units with a nominal value, 6em</test-title>
          <test-href>border-right-width-072.xht</test-href>
          <reference-value>=</reference-value>
          <reference-href>reference/border-left-width-072-ref.xht</reference-href>
          <flags>
              <flag>Ahem</flag>
              </flags>
        </test><test>
          <test-title>Border-right-width using 'em' units with a nominal value with a plus sign, +6em</test-title>
          <test-href>border-right-width-073.xht</test-href>
          <reference-value>=</reference-value>
          <reference-href>reference/border-left-width-072-ref.xht</reference-href>
          <flags>
              <flag>Ahem</flag>
              </flags>
        </test><test>
          <test-title>Border-right-width using 'ex' units with a minimum minus one (negative) value, -1ex</test-title>
          <test-href>border-right-width-078.xht</test-href>
          <reference-value>=</reference-value>
          <reference-href>reference/border-left-width-001-ref.xht</reference-href>
          <flags>
              <flag>Ahem</flag><flag>Invalid</flag>
              </flags>
        </test><test>
          <test-title>Border-right-width using 'ex' units with a minimum value, 0ex</test-title>
          <test-href>border-right-width-079.xht</test-href>
          <reference-value>=</reference-value>
          <reference-href>reference/ref-if-there-is-no-red.xht</reference-href>
          <flags>
              <flag>Ahem</flag>
              </flags>
        </test><test>
          <test-title>Border-right-width using 'ex' units with a minimum plus one value, 1ex</test-title>
          <test-href>border-right-width-080.xht</test-href>
          <reference-value>=</reference-value>
          <reference-href>reference/border-left-width-025-ref.xht</reference-href>
          <flags>
              <flag>Ahem</flag>
              </flags>
        </test><test>
          <test-title>Border-right-width using 'ex' units with a minimum value with a minus sign, -0ex</test-title>
          <test-href>border-right-width-081.xht</test-href>
          <reference-value>=</reference-value>
          <reference-href>reference/ref-if-there-is-no-red.xht</reference-href>
          <flags>
              <flag>Ahem</flag>
              </flags>
        </test><test>
          <test-title>Border-right-width using 'ex' units with a minimum value with a plus sign, +0ex</test-title>
          <test-href>border-right-width-082.xht</test-href>
          <reference-value>=</reference-value>
          <reference-href>reference/ref-if-there-is-no-red.xht</reference-href>
          <flags>
              <flag>Ahem</flag>
              </flags>
        </test><test>
          <test-title>Border-right-width using 'ex' units with a nominal value</test-title>
          <test-href>border-right-width-083.xht</test-href>
          <reference-value>=</reference-value>
          <reference-href>reference/border-left-width-006-ref.xht</reference-href>
          <flags>
              <flag>Ahem</flag>
              </flags>
        </test><test>
          <test-title>Border-right-width using 'ex' units with a nominal value with a plus sign</test-title>
          <test-href>border-right-width-084.xht</test-href>
          <reference-value>=</reference-value>
          <reference-href>reference/border-left-width-006-ref.xht</reference-href>
          <flags>
              <flag>Ahem</flag>
              </flags>
        </test><test>
          <test-title>Border-right-width set to negative zero with no units, -0</test-title>
          <test-href>border-right-width-089.xht</test-href>
          <reference-value>=</reference-value>
          <reference-href>reference/ref-if-there-is-no-red.xht</reference-href>
          
        </test><test>
          <test-title>Border-right-width set to zero with no units, 0</test-title>
          <test-href>border-right-width-090.xht</test-href>
          <reference-value>=</reference-value>
          <reference-href>reference/ref-if-there-is-no-red.xht</reference-href>
          
        </test><test>
          <test-title>Border-right-width set to positive zero with no units, +0</test-title>
          <test-href>border-right-width-091.xht</test-href>
          <reference-value>=</reference-value>
          <reference-href>reference/ref-if-there-is-no-red.xht</reference-href>
          
        </test><test>
          <test-title>Border-right-width set to inherit</test-title>
          <test-href>border-right-width-095.xht</test-href>
          <reference-value>=</reference-value>
          <reference-href>reference/border-right-width-095-ref.xht</reference-href>
          
        </test><test>
          <test-title>Border-right-width applied to element with display table-row-group</test-title>
          <test-href>border-right-width-applies-to-001.xht</test-href>
          <reference-value>=</reference-value>
          <reference-href>reference/ref-filled-black-96px-square.xht</reference-href>
          
        </test><test>
          <test-title>Border-right-width applied to element with display table-header-group</test-title>
          <test-href>border-right-width-applies-to-002.xht</test-href>
          <reference-value>=</reference-value>
          <reference-href>reference/ref-filled-black-96px-square.xht</reference-href>
          
        </test><test>
          <test-title>Border-right-width applied to element with display table-footer-group</test-title>
          <test-href>border-right-width-applies-to-003.xht</test-href>
          <reference-value>=</reference-value>
          <reference-href>reference/ref-filled-black-96px-square.xht</reference-href>
          
        </test><test>
          <test-title>Border-right-width applied to element with display table-row</test-title>
          <test-href>border-right-width-applies-to-004.xht</test-href>
          <reference-value>=</reference-value>
          <reference-href>reference/ref-filled-black-96px-square.xht</reference-href>
          
        </test><test>
          <test-title>Border-right-width applied to element with display table-column-group</test-title>
          <test-href>border-right-width-applies-to-005.xht</test-href>
          <reference-value>=</reference-value>
          <reference-href>reference/ref-filled-black-96px-square.xht</reference-href>
          
        </test><test>
          <test-title>Border-right-width applied to element with display table-column</test-title>
          <test-href>border-right-width-applies-to-006.xht</test-href>
          <reference-value>=</reference-value>
          <reference-href>reference/ref-filled-black-96px-square.xht</reference-href>
          
        </test><test>
          <test-title>Border-right-width applied to element with display table-cell</test-title>
          <test-href>border-right-width-applies-to-007.xht</test-href>
          <reference-value>=</reference-value>
          <reference-href>reference/ref-filled-black-96px-square.xht</reference-href>
          
        </test><test>
          <test-title>Border-right-width applied to element with display block</test-title>
          <test-href>border-right-width-applies-to-009.xht</test-href>
          <reference-value>=</reference-value>
          <reference-href>reference/ref-filled-black-96px-square.xht</reference-href>
          
        </test><test>
          <test-title>Border-right-width applied to element with display inline-block</test-title>
          <test-href>border-right-width-applies-to-012.xht</test-href>
          <reference-value>=</reference-value>
          <reference-href>reference/ref-filled-black-96px-square.xht</reference-href>
          
        </test><test>
          <test-title>Border-right-width applied to element with display table</test-title>
          <test-href>border-right-width-applies-to-013.xht</test-href>
          <reference-value>=</reference-value>
          <reference-href>reference/ref-filled-black-96px-square.xht</reference-href>
          
        </test><test>
          <test-title>Border-right-width applied to element with display inline-table</test-title>
          <test-href>border-right-width-applies-to-014.xht</test-href>
          <reference-value>=</reference-value>
          <reference-href>reference/ref-filled-black-96px-square.xht</reference-href>
          
        </test><test>
          <test-title>Border-right-width applied to element with display table-caption</test-title>
          <test-href>border-right-width-applies-to-015.xht</test-href>
          <reference-value>=</reference-value>
          <reference-href>reference/ref-filled-black-96px-square.xht</reference-href>
          
        </test><test>
          <test-title>Color Leaks Between Seams</test-title>
          <test-href>border-seams-001.xht</test-href>
          <reference-value>=</reference-value>
          <reference-href>reference/border-seams-001.xht</reference-href>
          
        </test><test>
          <test-title>border-color shorthand (basic)</test-title>
          <test-href>border-shorthands-001.xht</test-href>
          <reference-value>=</reference-value>
          <reference-href>reference/border-shorthands-001-ref.xht</reference-href>
          
        </test><test>
          <test-title>border-color shorthand (basic)</test-title>
          <test-href>border-shorthands-002.xht</test-href>
          <reference-value>=</reference-value>
          <reference-href>reference/border-shorthands-001-ref.xht</reference-href>
          
        </test><test>
          <test-title>border-color shorthand (basic)</test-title>
          <test-href>border-shorthands-003.xht</test-href>
          <reference-value>=</reference-value>
          <reference-href>reference/border-shorthands-003-ref.xht</reference-href>
          
        </test><test>
          <test-title>Border-spacing and 'display: none' elements</test-title>
          <test-href>border-spacing-applies-to-016.xht</test-href>
          <reference-value>=</reference-value>
          <reference-href>reference/no-red-on-blank-page-ref.xht</reference-href>
          
        </test><test>
          <test-title>Border-spacing - percentage value does not apply</test-title>
          <test-href>border-spacing-percentage-001.xht</test-href>
          <reference-value>=</reference-value>
          <reference-href>reference/ref-if-there-is-no-red.xht</reference-href>
          <flags>
              <flag>Invalid</flag>
              </flags>
        </test><test>
          <test-title>border-style: hidden applied to table-row</test-title>
          <test-href>border-style-applies-to-016.xht</test-href>
          <reference-value>=</reference-value>
          <reference-href>reference/border-conflict-style-101-ref.xht</reference-href>
          
        </test><test>
          <test-title>border-style: hidden applied to element with display table-row</test-title>
          <test-href>border-style-applies-to-017.xht</test-href>
          <reference-value>=</reference-value>
          <reference-href>reference/border-conflict-style-101-ref.xht</reference-href>
          
        </test><test>
          <test-title>border-style: hidden applied to table-column-group</test-title>
          <test-href>border-style-applies-to-018.xht</test-href>
          <reference-value>=</reference-value>
          <reference-href>reference/border-conflict-style-101-ref.xht</reference-href>
          
        </test><test>
          <test-title>border-style: hidden applied to element with display table-column-group</test-title>
          <test-href>border-style-applies-to-019.xht</test-href>
          <reference-value>=</reference-value>
          <reference-href>reference/border-conflict-style-101-ref.xht</reference-href>
          
        </test><test>
          <test-title>border-style: hidden applied to table-column</test-title>
          <test-href>border-style-applies-to-020.xht</test-href>
          <reference-value>=</reference-value>
          <reference-href>reference/border-conflict-style-101-ref.xht</reference-href>
          
        </test><test>
          <test-title>border-style: hidden applied to element with display table-column</test-title>
          <test-href>border-style-applies-to-021.xht</test-href>
          <reference-value>=</reference-value>
          <reference-href>reference/border-conflict-style-101-ref.xht</reference-href>
          
        </test><test>
          <test-title>border-style: hidden applied to table-row-group</test-title>
          <test-href>border-style-applies-to-022.xht</test-href>
          <reference-value>=</reference-value>
          <reference-href>reference/border-conflict-style-101-ref.xht</reference-href>
          
        </test><test>
          <test-title>border-style: hidden applied to element with display table-row-group</test-title>
          <test-href>border-style-applies-to-023.xht</test-href>
          <reference-value>=</reference-value>
          <reference-href>reference/border-conflict-style-101-ref.xht</reference-href>
          
        </test><test>
          <test-title>border-style: hidden applied to table-footer-group</test-title>
          <test-href>border-style-applies-to-024.xht</test-href>
          <reference-value>=</reference-value>
          <reference-href>reference/border-conflict-style-101-ref.xht</reference-href>
          
        </test><test>
          <test-title>border-style: hidden applied to element with display table-footer-group</test-title>
          <test-href>border-style-applies-to-025.xht</test-href>
          <reference-value>=</reference-value>
          <reference-href>reference/border-conflict-style-101-ref.xht</reference-href>
          
        </test><test>
          <test-title>border-style: hidden applied to table-header-group</test-title>
          <test-href>border-style-applies-to-026.xht</test-href>
          <reference-value>=</reference-value>
          <reference-href>reference/border-conflict-style-101-ref.xht</reference-href>
          
        </test><test>
          <test-title>border-style: hidden applied to element with display table-header-group</test-title>
          <test-href>border-style-applies-to-027.xht</test-href>
          <reference-value>=</reference-value>
          <reference-href>reference/border-conflict-style-101-ref.xht</reference-href>
          
        </test><test>
          <test-title>Border-style initial set to 'none'</test-title>
          <test-href>border-style-initial-001.xht</test-href>
          <reference-value>=</reference-value>
          <reference-href>reference/ref-if-there-is-no-red.xht</reference-href>
          
        </test><test>
          <test-title>Border-top set to border-width</test-title>
          <test-href>border-top-001.xht</test-href>
          <reference-value>=</reference-value>
          <reference-href>reference/ref-filled-black-96px-square.xht</reference-href>
          
        </test><test>
          <test-title>Border-top set to border-width border-color</test-title>
          <test-href>border-top-005.xht</test-href>
          <reference-value>=</reference-value>
          <reference-href>reference/border-top-005-ref.xht</reference-href>
          
        </test><test>
          <test-title>Border-top set to border-style border-width</test-title>
          <test-href>border-top-006.xht</test-href>
          <reference-value>=</reference-value>
          <reference-href>reference/ref-filled-black-96px-square.xht</reference-href>
          
        </test><test>
          <test-title>Border-top set to border-color border-width</test-title>
          <test-href>border-top-008.xht</test-href>
          <reference-value>=</reference-value>
          <reference-href>reference/border-top-005-ref.xht</reference-href>
          
        </test><test>
          <test-title>Border-top set to inherit, inheriting three values for a shorthand property</test-title>
          <test-href>border-top-018.xht</test-href>
          <reference-value>=</reference-value>
          <reference-href>reference/border-top-018-ref.xht</reference-href>
          
        </test><test>
          <test-title>Border-top applied to element with display table-row-group</test-title>
          <test-href>border-top-applies-to-001.xht</test-href>
          <reference-value>=</reference-value>
          <reference-href>reference/border-bottom-applies-to-001-ref.xht</reference-href>
          
        </test><test>
          <test-title>Border-top applied to element with display table-header-group</test-title>
          <test-href>border-top-applies-to-002.xht</test-href>
          <reference-value>=</reference-value>
          <reference-href>reference/border-bottom-applies-to-001-ref.xht</reference-href>
          
        </test><test>
          <test-title>Border-top applied to element with display table-footer-group</test-title>
          <test-href>border-top-applies-to-003.xht</test-href>
          <reference-value>=</reference-value>
          <reference-href>reference/border-bottom-applies-to-001-ref.xht</reference-href>
          
        </test><test>
          <test-title>Border-top applied to element with display table-row</test-title>
          <test-href>border-top-applies-to-004.xht</test-href>
          <reference-value>=</reference-value>
          <reference-href>reference/border-bottom-applies-to-001-ref.xht</reference-href>
          
        </test><test>
          <test-title>Border-top applied to element with display table-column-group</test-title>
          <test-href>border-top-applies-to-005.xht</test-href>
          <reference-value>=</reference-value>
          <reference-href>reference/border-bottom-applies-to-001-ref.xht</reference-href>
          
        </test><test>
          <test-title>Border-top applied to element with display table-column</test-title>
          <test-href>border-top-applies-to-006.xht</test-href>
          <reference-value>=</reference-value>
          <reference-href>reference/border-bottom-applies-to-001-ref.xht</reference-href>
          
        </test><test>
          <test-title>Border-top applied to element with display table-cell</test-title>
          <test-href>border-top-applies-to-007.xht</test-href>
          <reference-value>=</reference-value>
          <reference-href>reference/border-bottom-applies-to-001-ref.xht</reference-href>
          
        </test><test>
          <test-title>Border-top applied to element with display block</test-title>
          <test-href>border-top-applies-to-009.xht</test-href>
          <reference-value>=</reference-value>
          <reference-href>reference/border-bottom-applies-to-001-ref.xht</reference-href>
          
        </test><test>
          <test-title>Border-top applied to element with display inline-block</test-title>
          <test-href>border-top-applies-to-012.xht</test-href>
          <reference-value>=</reference-value>
          <reference-href>reference/border-bottom-applies-to-001-ref.xht</reference-href>
          
        </test><test>
          <test-title>Border-top applied to element with display table</test-title>
          <test-href>border-top-applies-to-013.xht</test-href>
          <reference-value>=</reference-value>
          <reference-href>reference/border-bottom-applies-to-001-ref.xht</reference-href>
          
        </test><test>
          <test-title>Border-top applied to element with display inline-table</test-title>
          <test-href>border-top-applies-to-014.xht</test-href>
          <reference-value>=</reference-value>
          <reference-href>reference/border-bottom-applies-to-001-ref.xht</reference-href>
          
        </test><test>
          <test-title>Border-top applied to element with display table-caption</test-title>
          <test-href>border-top-applies-to-015.xht</test-href>
          <reference-value>=</reference-value>
          <reference-href>reference/border-bottom-applies-to-001-ref.xht</reference-href>
          
        </test><test>
          <test-title>Border-top-color set to hex with five digits which is invalid and is equivalent to minimum minus one value for six digit hex</test-title>
          <test-href>border-top-color-001.xht</test-href>
          <reference-value>=</reference-value>
          <reference-href>reference/border-bottom-color-001-ref.xht</reference-href>
          <flags>
              <flag>Invalid</flag>
              </flags>
        </test><test>
          <test-title>Border-top-color set to hex with six digits with the minimum value, #000000</test-title>
          <test-href>border-top-color-002.xht</test-href>
          <reference-value>=</reference-value>
          <reference-href>reference/border-bottom-color-001-ref.xht</reference-href>
          
        </test><test>
          <test-title>Border-top-color set to hex with six digits with the minimum plus one value, #010101</test-title>
          <test-href>border-top-color-003.xht</test-href>
          <reference-value>=</reference-value>
          <reference-href>reference/border-bottom-color-003-ref.xht</reference-href>
          
        </test><test>
          <test-title>Border-top-color set to hex with six digits with a nominal value #999999</test-title>
          <test-href>border-top-color-004.xht</test-href>
          <reference-value>=</reference-value>
          <reference-href>reference/border-bottom-color-004-ref.xht</reference-href>
          
        </test><test>
          <test-title>Border-top-color set to hex with six digits with the maximum minus one value of #fefefe</test-title>
          <test-href>border-top-color-005.xht</test-href>
          <reference-value>=</reference-value>
          <reference-href>reference/border-bottom-color-005-ref.xht</reference-href>
          
        </test><test>
          <test-title>Border-top-color set to hex with six digits with the maximum value of #ffffff</test-title>
          <test-href>border-top-color-006.xht</test-href>
          <reference-value>=</reference-value>
          <reference-href>reference/border-bottom-color-006-ref.xht</reference-href>
          
        </test><test>
          <test-title>Border-top-color set to hex with six digits with the maximum plus one value of #1000000</test-title>
          <test-href>border-top-color-007.xht</test-href>
          <reference-value>=</reference-value>
          <reference-href>reference/ref-filled-black-96px-square.xht</reference-href>
          <flags>
              <flag>Invalid</flag>
              </flags>
        </test><test>
          <test-title>Border-top-color set to hex with six digits with the maximum plus one value of #fgfgfg</test-title>
          <test-href>border-top-color-008.xht</test-href>
          <reference-value>=</reference-value>
          <reference-href>reference/ref-filled-black-96px-square.xht</reference-href>
          <flags>
              <flag>Invalid</flag>
              </flags>
        </test><test>
          <test-title>Border-top-color set to hex with six digits with a red set to minimum plus one value, #010000</test-title>
          <test-href>border-top-color-009.xht</test-href>
          <reference-value>=</reference-value>
          <reference-href>reference/border-bottom-color-009-ref.xht</reference-href>
          
        </test><test>
          <test-title>Border-top-color set to hex with six digits with a red set to a nominal value, #990000</test-title>
          <test-href>border-top-color-010.xht</test-href>
          <reference-value>=</reference-value>
          <reference-href>reference/border-bottom-color-010-ref.xht</reference-href>
          
        </test><test>
          <test-title>Border-top-color set to hex with six digits with a red set to maximum minus one value, #fe0000</test-title>
          <test-href>border-top-color-011.xht</test-href>
          <reference-value>=</reference-value>
          <reference-href>reference/border-bottom-color-011-ref.xht</reference-href>
          
        </test><test>
          <test-title>Border-top-color set to hex with six digits with a red set to the maximum value, #ff0000</test-title>
          <test-href>border-top-color-012.xht</test-href>
          <reference-value>=</reference-value>
          <reference-href>reference/border-bottom-color-012-ref.xht</reference-href>
          
        </test><test>
          <test-title>Border-top-color set to hex with six digits with a red set to the maximum plus one value, #fg0000</test-title>
          <test-href>border-top-color-013.xht</test-href>
          <reference-value>=</reference-value>
          <reference-href>reference/ref-filled-black-96px-square.xht</reference-href>
          <flags>
              <flag>Invalid</flag>
              </flags>
        </test><test>
          <test-title>Border-top-color set to hex with six digits with a green set to minimum plus one value, #000100</test-title>
          <test-href>border-top-color-014.xht</test-href>
          <reference-value>=</reference-value>
          <reference-href>reference/border-bottom-color-014-ref.xht</reference-href>
          
        </test><test>
          <test-title>Border-top-color set to hex with six digits with a green set to a nominal value, #009900</test-title>
          <test-href>border-top-color-015.xht</test-href>
          <reference-value>=</reference-value>
          <reference-href>reference/border-bottom-color-015-ref.xht</reference-href>
          
        </test><test>
          <test-title>Border-top-color set to hex with six digits with a green set to maximum minus one value, #00fe00</test-title>
          <test-href>border-top-color-016.xht</test-href>
          <reference-value>=</reference-value>
          <reference-href>reference/border-bottom-color-016-ref.xht</reference-href>
          
        </test><test>
          <test-title>Border-top-color set to hex with six digits with a green set to the maximum value, #00ff00</test-title>
          <test-href>border-top-color-017.xht</test-href>
          <reference-value>=</reference-value>
          <reference-href>reference/border-bottom-color-017-ref.xht</reference-href>
          
        </test><test>
          <test-title>Border-top-color set to hex with six digits with a green set to the maximum plus one value, #00fg00</test-title>
          <test-href>border-top-color-018.xht</test-href>
          <reference-value>=</reference-value>
          <reference-href>reference/ref-filled-black-96px-square.xht</reference-href>
          <flags>
              <flag>Invalid</flag>
              </flags>
        </test><test>
          <test-title>Border-top-color set to hex with six digits with a blue set to minimum plus one value, #000001</test-title>
          <test-href>border-top-color-019.xht</test-href>
          <reference-value>=</reference-value>
          <reference-href>reference/border-bottom-color-019-ref.xht</reference-href>
          
        </test><test>
          <test-title>Border-top-color set to hex with six digits with a blue set to a nominal value, #000099</test-title>
          <test-href>border-top-color-020.xht</test-href>
          <reference-value>=</reference-value>
          <reference-href>reference/border-bottom-color-020-ref.xht</reference-href>
          
        </test><test>
          <test-title>Border-top-color set to hex with six digits with a blue set to maximum minus one value, #0000fe</test-title>
          <test-href>border-top-color-021.xht</test-href>
          <reference-value>=</reference-value>
          <reference-href>reference/border-bottom-color-021-ref.xht</reference-href>
          
        </test><test>
          <test-title>Border-top-color set to hex with six digits with a blue set to the maximum value, #0000ff</test-title>
          <test-href>border-top-color-022.xht</test-href>
          <reference-value>=</reference-value>
          <reference-href>reference/border-bottom-color-022-ref.xht</reference-href>
          
        </test><test>
          <test-title>Border-top-color set to hex with six digits with a blue set to the maximum plus one value, #0000fg</test-title>
          <test-href>border-top-color-023.xht</test-href>
          <reference-value>=</reference-value>
          <reference-href>reference/ref-filled-black-96px-square.xht</reference-href>
          <flags>
              <flag>Invalid</flag>
              </flags>
        </test><test>
          <test-title>Border-top-color set to hex with 2 digits which is invalid and is equivalent to minimum minus one value for 3 digit hex</test-title>
          <test-href>border-top-color-024.xht</test-href>
          <reference-value>=</reference-value>
          <reference-href>reference/ref-filled-black-96px-square.xht</reference-href>
          <flags>
              <flag>Invalid</flag>
              </flags>
        </test><test>
          <test-title>Border-top-color set to hex with three digits with the minimum possible value #000</test-title>
          <test-href>border-top-color-025.xht</test-href>
          <reference-value>=</reference-value>
          <reference-href>reference/border-bottom-color-001-ref.xht</reference-href>
          
        </test><test>
          <test-title>Border-top-color set to hex with three digits with the minimum plus one value, #111</test-title>
          <test-href>border-top-color-026.xht</test-href>
          <reference-value>=</reference-value>
          <reference-href>reference/border-bottom-color-026-ref.xht</reference-href>
          
        </test><test>
          <test-title>Border-top-color set to hex with three digits with a nominal value #999</test-title>
          <test-href>border-top-color-027.xht</test-href>
          <reference-value>=</reference-value>
          <reference-href>reference/border-bottom-color-027-ref.xht</reference-href>
          
        </test><test>
          <test-title>Border-top-color set to hex with three digits with the maximum minus one value of #eee</test-title>
          <test-href>border-top-color-028.xht</test-href>
          <reference-value>=</reference-value>
          <reference-href>reference/border-bottom-color-028-ref.xht</reference-href>
          
        </test><test>
          <test-title>Border-top-color set to hex with three digits with the maximum value of #fff</test-title>
          <test-href>border-top-color-029.xht</test-href>
          <reference-value>=</reference-value>
          <reference-href>reference/border-bottom-color-006-ref.xht</reference-href>
          
        </test><test>
          <test-title>Border-top-color set to hex with three digits with the maximum plus one value of #1000</test-title>
          <test-href>border-top-color-030.xht</test-href>
          <reference-value>=</reference-value>
          <reference-href>reference/ref-transparent-or-black-square-transparent.xht</reference-href>
          <flags>
              <flag>Invalid</flag>
              </flags>
        </test><test>
          <test-title>Border-top-color set to hex with three digits with the maximum plus one value of #ggg</test-title>
          <test-href>border-top-color-031.xht</test-href>
          <reference-value>=</reference-value>
          <reference-href>reference/ref-filled-black-96px-square.xht</reference-href>
          <flags>
              <flag>Invalid</flag>
              </flags>
        </test><test>
          <test-title>Border-top-color set to hex with three digits with a red set to minimum plus one value, #100</test-title>
          <test-href>border-top-color-032.xht</test-href>
          <reference-value>=</reference-value>
          <reference-href>reference/border-bottom-color-032-ref.xht</reference-href>
          
        </test><test>
          <test-title>Border-top-color set to hex with three digits with a red set to a nominal value, #900</test-title>
          <test-href>border-top-color-033.xht</test-href>
          <reference-value>=</reference-value>
          <reference-href>reference/border-bottom-color-010-ref.xht</reference-href>
          
        </test><test>
          <test-title>Border-top-color set to hex with three digits with a red set to maximum minus one value, #e00</test-title>
          <test-href>border-top-color-034.xht</test-href>
          <reference-value>=</reference-value>
          <reference-href>reference/border-bottom-color-034-ref.xht</reference-href>
          
        </test><test>
          <test-title>Border-top-color set to hex with three digits with a red set to the maximum value, #f00</test-title>
          <test-href>border-top-color-035.xht</test-href>
          <reference-value>=</reference-value>
          <reference-href>reference/border-bottom-color-012-ref.xht</reference-href>
          
        </test><test>
          <test-title>Border-top-color set to hex with three digits with a red set to the maximum plus one value, #g00</test-title>
          <test-href>border-top-color-036.xht</test-href>
          <reference-value>=</reference-value>
          <reference-href>reference/ref-filled-black-96px-square.xht</reference-href>
          <flags>
              <flag>Invalid</flag>
              </flags>
        </test><test>
          <test-title>Border-top-color set to hex with three digits with a green set to minimum plus one value, #010</test-title>
          <test-href>border-top-color-037.xht</test-href>
          <reference-value>=</reference-value>
          <reference-href>reference/border-bottom-color-037-ref.xht</reference-href>
          
        </test><test>
          <test-title>Border-top-color set to hex with three digits with a green set to a nominal value, #090</test-title>
          <test-href>border-top-color-038.xht</test-href>
          <reference-value>=</reference-value>
          <reference-href>reference/border-bottom-color-038-ref.xht</reference-href>
          
        </test><test>
          <test-title>Border-top-color set to hex with three digits with a green set to maximum minus one value, #0e0</test-title>
          <test-href>border-top-color-039.xht</test-href>
          <reference-value>=</reference-value>
          <reference-href>reference/border-bottom-color-039-ref.xht</reference-href>
          
        </test><test>
          <test-title>Border-top-color set to hex with three digits with a green set to the maximum value, #0f0</test-title>
          <test-href>border-top-color-040.xht</test-href>
          <reference-value>=</reference-value>
          <reference-href>reference/border-bottom-color-017-ref.xht</reference-href>
          
        </test><test>
          <test-title>Border-top-color set to hex with three digits with a green set to the maximum plus one value, #0g0</test-title>
          <test-href>border-top-color-041.xht</test-href>
          <reference-value>=</reference-value>
          <reference-href>reference/ref-filled-black-96px-square.xht</reference-href>
          <flags>
              <flag>Invalid</flag>
              </flags>
        </test><test>
          <test-title>Border-top-color set to hex with three digits with a blue set to minimum plus one value, #001</test-title>
          <test-href>border-top-color-042.xht</test-href>
          <reference-value>=</reference-value>
          <reference-href>reference/border-bottom-color-042-ref.xht</reference-href>
          
        </test><test>
          <test-title>Border-top-color set to hex with three digits with a blue set to a nominal value, #009</test-title>
          <test-href>border-top-color-043.xht</test-href>
          <reference-value>=</reference-value>
          <reference-href>reference/border-bottom-color-020-ref.xht</reference-href>
          
        </test><test>
          <test-title>Border-top-color set to hex with three digits with a blue set to maximum minus one value, #00e</test-title>
          <test-href>border-top-color-044.xht</test-href>
          <reference-value>=</reference-value>
          <reference-href>reference/border-bottom-color-044-ref.xht</reference-href>
          
        </test><test>
          <test-title>Border-top-color set to hex with three digits with a blue set to the maximum value, #00f</test-title>
          <test-href>border-top-color-045.xht</test-href>
          <reference-value>=</reference-value>
          <reference-href>reference/border-bottom-color-022-ref.xht</reference-href>
          
        </test><test>
          <test-title>Border-top-color set to hex with three digits with a blue set to the maximum plus one value, #00g</test-title>
          <test-href>border-top-color-046.xht</test-href>
          <reference-value>=</reference-value>
          <reference-href>reference/ref-filled-black-96px-square.xht</reference-href>
          <flags>
              <flag>Invalid</flag>
              </flags>
        </test><test>
          <test-title>Border-top-color set to rgb() using percentages with the minimum minus one value, rgb(-1%, -1%, -1%)</test-title>
          <test-href>border-top-color-047.xht</test-href>
          <reference-value>=</reference-value>
          <reference-href>reference/border-bottom-color-001-ref.xht</reference-href>
          <flags>
              <flag>Invalid</flag>
              </flags>
        </test><test>
          <test-title>Border-top-color set to rgb() using percentages with the minimum value, rgb(0%, 0%, 0%)</test-title>
          <test-href>border-top-color-048.xht</test-href>
          <reference-value>=</reference-value>
          <reference-href>reference/border-bottom-color-001-ref.xht</reference-href>
          
        </test><test>
          <test-title>Border-top-color set to rgb() using percentages with the minimum plus one value, rgb(1%, 1%, 1%)</test-title>
          <test-href>border-top-color-049.xht</test-href>
          <reference-value>=</reference-value>
          <reference-href>reference/border-bottom-color-049-ref.xht</reference-href>
          
        </test><test>
          <test-title>Border-top-color set to rgb() using percentages with the minimum value and minus sign, rgb(-0%, -0%, -0%)</test-title>
          <test-href>border-top-color-050.xht</test-href>
          <reference-value>=</reference-value>
          <reference-href>reference/border-bottom-color-001-ref.xht</reference-href>
          
        </test><test>
          <test-title>Border-top-color set to rgb() using percentages with the minimum value and plus sign, rgb(+0%, +0%, +0%)</test-title>
          <test-href>border-top-color-051.xht</test-href>
          <reference-value>=</reference-value>
          <reference-href>reference/border-bottom-color-001-ref.xht</reference-href>
          
        </test><test>
          <test-title>Border-top-color set to rgb() using percentages with a nominal value, rgb(40%, 40%, 40%)</test-title>
          <test-href>border-top-color-052.xht</test-href>
          <reference-value>=</reference-value>
          <reference-href>reference/border-bottom-color-052-ref.xht</reference-href>
          
        </test><test>
          <test-title>Border-top-color set to rgb() using percentages with a nominal value and a plus sign, rgb(+40%, +40%, +40%)</test-title>
          <test-href>border-top-color-053.xht</test-href>
          <reference-value>=</reference-value>
          <reference-href>reference/border-bottom-color-052-ref.xht</reference-href>
          
        </test><test>
          <test-title>Border-top-color set to rgb() using percentages with a maximum minus one value, rgb(99%, 99%, 99%)</test-title>
          <test-href>border-top-color-054.xht</test-href>
          <reference-value>=</reference-value>
          <reference-href>reference/border-bottom-color-054-ref.xht</reference-href>
          
        </test><test>
          <test-title>Border-top-color set to rgb() using percentages with a maximum value, rgb(100%, 100%, 100%)</test-title>
          <test-href>border-top-color-055.xht</test-href>
          <reference-value>=</reference-value>
          <reference-href>reference/border-bottom-color-006-ref.xht</reference-href>
          
        </test><test>
          <test-title>Border-top-color set to rgb() using percentages with plus sign on each maximum value, rgb(+100%, +100%, +100%)</test-title>
          <test-href>border-top-color-056.xht</test-href>
          <reference-value>=</reference-value>
          <reference-href>reference/border-bottom-color-006-ref.xht</reference-href>
          
        </test><test>
          <test-title>Border-top-color set to rgb() using percentages with a maximum plus one value, rgb(101%, 101%, 101%)</test-title>
          <test-href>border-top-color-057.xht</test-href>
          <reference-value>=</reference-value>
          <reference-href>reference/border-bottom-color-006-ref.xht</reference-href>
          <flags>
              <flag>Invalid</flag>
              </flags>
        </test><test>
          <test-title>Border-top-color set to rgb() using integers with the minimum minus one value, rgb(-1, -1, -1)</test-title>
          <test-href>border-top-color-058.xht</test-href>
          <reference-value>=</reference-value>
          <reference-href>reference/border-bottom-color-001-ref.xht</reference-href>
          <flags>
              <flag>Invalid</flag>
              </flags>
        </test><test>
          <test-title>Border-top-color set to rgb() using integers with the minimum value, rgb(0, 0, 0)</test-title>
          <test-href>border-top-color-059.xht</test-href>
          <reference-value>=</reference-value>
          <reference-href>reference/border-bottom-color-001-ref.xht</reference-href>
          
        </test><test>
          <test-title>Border-top-color set to rgb() using integers with the minimum plus one value, rgb(1, 1, 1)</test-title>
          <test-href>border-top-color-060.xht</test-href>
          <reference-value>=</reference-value>
          <reference-href>reference/border-bottom-color-003-ref.xht</reference-href>
          
        </test><test>
          <test-title>Border-top-color set to rgb() using integers with the minimum value and minus sign, rgb(-0, -0, -0)</test-title>
          <test-href>border-top-color-061.xht</test-href>
          <reference-value>=</reference-value>
          <reference-href>reference/border-bottom-color-001-ref.xht</reference-href>
          
        </test><test>
          <test-title>Border-top-color set to rgb() using integers with the minimum value and plus sign, rgb(+0, +0, +0)</test-title>
          <test-href>border-top-color-062.xht</test-href>
          <reference-value>=</reference-value>
          <reference-href>reference/border-bottom-color-001-ref.xht</reference-href>
          
        </test><test>
          <test-title>Border-top-color set to rgb() using integers with a nominal value, rgb(128, 128, 128)</test-title>
          <test-href>border-top-color-063.xht</test-href>
          <reference-value>=</reference-value>
          <reference-href>reference/border-bottom-color-063-ref.xht</reference-href>
          
        </test><test>
          <test-title>Border-top-color set to rgb() using integers with a nominal value and a plus sign, rgb(+128, +128, +128)</test-title>
          <test-href>border-top-color-064.xht</test-href>
          <reference-value>=</reference-value>
          <reference-href>reference/border-bottom-color-063-ref.xht</reference-href>
          
        </test><test>
          <test-title>Border-top-color set to rgb() using integers with a maximum minus one value, rgb(254, 254, 254)</test-title>
          <test-href>border-top-color-065.xht</test-href>
          <reference-value>=</reference-value>
          <reference-href>reference/border-bottom-color-005-ref.xht</reference-href>
          
        </test><test>
          <test-title>Border-top-color set to rgb() using integers with a maximum value, rgb(255, 255, 255)</test-title>
          <test-href>border-top-color-066.xht</test-href>
          <reference-value>=</reference-value>
          <reference-href>reference/border-bottom-color-006-ref.xht</reference-href>
          
        </test><test>
          <test-title>Border-top-color set to rgb() using integers with a maximum value and a plus sign, rgb(+255, +255, +255)</test-title>
          <test-href>border-top-color-067.xht</test-href>
          <reference-value>=</reference-value>
          <reference-href>reference/border-bottom-color-006-ref.xht</reference-href>
          
        </test><test>
          <test-title>Border-top-color set to rgb() using integers with a maximum plus one value, rgb(256, 256, 256)</test-title>
          <test-href>border-top-color-068.xht</test-href>
          <reference-value>=</reference-value>
          <reference-href>reference/border-bottom-color-006-ref.xht</reference-href>
          <flags>
              <flag>Invalid</flag>
              </flags>
        </test><test>
          <test-title>Border-top-color set to rgb() using percentages with red set to the minimum minus one value, rgb(-1%, 0%, 0%)</test-title>
          <test-href>border-top-color-069.xht</test-href>
          <reference-value>=</reference-value>
          <reference-href>reference/border-bottom-color-001-ref.xht</reference-href>
          <flags>
              <flag>Invalid</flag>
              </flags>
        </test><test>
          <test-title>Border-top-color set to rgb() using percentages with red set to the minimum plus one value, rgb(1%, 0%, 0%)</test-title>
          <test-href>border-top-color-070.xht</test-href>
          <reference-value>=</reference-value>
          <reference-href>reference/border-bottom-color-070-ref.xht</reference-href>
          
        </test><test>
          <test-title>Border-top-color set to rgb() using percentages with red set to the minimum value and minus sign, rgb(-0%, 0%, 0%)</test-title>
          <test-href>border-top-color-071.xht</test-href>
          <reference-value>=</reference-value>
          <reference-href>reference/border-bottom-color-001-ref.xht</reference-href>
          
        </test><test>
          <test-title>Border-top-color set to rgb() using percentages with red set to the minimum value and plus sign, rgb(+0%, 0%, 0%)</test-title>
          <test-href>border-top-color-072.xht</test-href>
          <reference-value>=</reference-value>
          <reference-href>reference/border-bottom-color-001-ref.xht</reference-href>
          
        </test><test>
          <test-title>Border-top-color set to rgb() using percentages with red set to a nominal value, rgb(40%, 0%, 0%)</test-title>
          <test-href>border-top-color-073.xht</test-href>
          <reference-value>=</reference-value>
          <reference-href>reference/border-bottom-color-073-ref.xht</reference-href>
          
        </test><test>
          <test-title>Border-top-color set to rgb() using percentages with red set to a nominal value with a plus sign, rgb(+40%, 0%, 0%)</test-title>
          <test-href>border-top-color-074.xht</test-href>
          <reference-value>=</reference-value>
          <reference-href>reference/border-bottom-color-073-ref.xht</reference-href>
          
        </test><test>
          <test-title>Border-top-color set to rgb() using percentages with red set to a maximum minus one value, rgb(99%, 0%, 0%)</test-title>
          <test-href>border-top-color-075.xht</test-href>
          <reference-value>=</reference-value>
          <reference-href>reference/border-bottom-color-075-ref.xht</reference-href>
          
        </test><test>
          <test-title>Border-top-color set to rgb() using percentages with red set to a maximum value, rgb(100%, 0%, 0%)</test-title>
          <test-href>border-top-color-076.xht</test-href>
          <reference-value>=</reference-value>
          <reference-href>reference/border-bottom-color-012-ref.xht</reference-href>
          
        </test><test>
          <test-title>Border-top-color set to rgb() using percentages with red set to a maximum value with a plus sign, rgb(+100%, 0%, 0%)</test-title>
          <test-href>border-top-color-077.xht</test-href>
          <reference-value>=</reference-value>
          <reference-href>reference/border-bottom-color-012-ref.xht</reference-href>
          
        </test><test>
          <test-title>Border-top-color set to rgb() using percentages with red set to a maximum plus one value, rgb(101%, 0%, 0%)</test-title>
          <test-href>border-top-color-078.xht</test-href>
          <reference-value>=</reference-value>
          <reference-href>reference/border-bottom-color-012-ref.xht</reference-href>
          <flags>
              <flag>Invalid</flag>
              </flags>
        </test><test>
          <test-title>Border-top-color set to rgb() using integers with red set to the minimum minus one value, rgb(-1, 0, 0)</test-title>
          <test-href>border-top-color-079.xht</test-href>
          <reference-value>=</reference-value>
          <reference-href>reference/border-bottom-color-001-ref.xht</reference-href>
          <flags>
              <flag>Invalid</flag>
              </flags>
        </test><test>
          <test-title>Border-top-color set to rgb() using integers with red set to the minimum plus one value, rgb(1, 0, 0)</test-title>
          <test-href>border-top-color-080.xht</test-href>
          <reference-value>=</reference-value>
          <reference-href>reference/border-bottom-color-009-ref.xht</reference-href>
          
        </test><test>
          <test-title>Border-top-color set to rgb() using integers with red set to the minimum value with a minus sign, rgb(-0, 0, 0)</test-title>
          <test-href>border-top-color-081.xht</test-href>
          <reference-value>=</reference-value>
          <reference-href>reference/border-bottom-color-001-ref.xht</reference-href>
          
        </test><test>
          <test-title>Border-top-color set to rgb() using integers with red set to the minimum value with a plus sign, rgb(+0, 0, 0)</test-title>
          <test-href>border-top-color-082.xht</test-href>
          <reference-value>=</reference-value>
          <reference-href>reference/border-bottom-color-001-ref.xht</reference-href>
          
        </test><test>
          <test-title>Border-top-color set to rgb() using integers with red set to a nominal value, rgb(128, 0, 0)</test-title>
          <test-href>border-top-color-083.xht</test-href>
          <reference-value>=</reference-value>
          <reference-href>reference/border-bottom-color-083-ref.xht</reference-href>
          
        </test><test>
          <test-title>Border-top-color set to rgb() using integers with red set to a nominal value with a plus sign, rgb(+128, 0, 0)</test-title>
          <test-href>border-top-color-084.xht</test-href>
          <reference-value>=</reference-value>
          <reference-href>reference/border-bottom-color-083-ref.xht</reference-href>
          
        </test><test>
          <test-title>Border-top-color set to rgb() using integers with red set to a maximum minus one value, rgb(254, 0, 0)</test-title>
          <test-href>border-top-color-085.xht</test-href>
          <reference-value>=</reference-value>
          <reference-href>reference/border-bottom-color-011-ref.xht</reference-href>
          
        </test><test>
          <test-title>Border-top-color set to rgb() using integers with red set to a maximum value, rgb(255, 0, 0)</test-title>
          <test-href>border-top-color-086.xht</test-href>
          <reference-value>=</reference-value>
          <reference-href>reference/border-bottom-color-012-ref.xht</reference-href>
          
        </test><test>
          <test-title>Border-top-color set to rgb() using integers with red set to a maximum value with a plus sign, rgb(+255, 0, 0)</test-title>
          <test-href>border-top-color-087.xht</test-href>
          <reference-value>=</reference-value>
          <reference-href>reference/border-bottom-color-012-ref.xht</reference-href>
          
        </test><test>
          <test-title>Border-top-color set to rgb() using integers with red set to a maximum plus one value, rgb(256, 0, 0)</test-title>
          <test-href>border-top-color-088.xht</test-href>
          <reference-value>=</reference-value>
          <reference-href>reference/border-bottom-color-012-ref.xht</reference-href>
          <flags>
              <flag>Invalid</flag>
              </flags>
        </test><test>
          <test-title>Border-top-color set to rgb() using percentages with green set to the minimum minus one value, rgb(0%, -1%, 0%)</test-title>
          <test-href>border-top-color-089.xht</test-href>
          <reference-value>=</reference-value>
          <reference-href>reference/border-bottom-color-001-ref.xht</reference-href>
          <flags>
              <flag>Invalid</flag>
              </flags>
        </test><test>
          <test-title>Border-top-color set to rgb() using percentages with green set to the minimum plus one value, rgb(0%, 1%, 0%)</test-title>
          <test-href>border-top-color-090.xht</test-href>
          <reference-value>=</reference-value>
          <reference-href>reference/border-bottom-color-090-ref.xht</reference-href>
          
        </test><test>
          <test-title>Border-top-color set to rgb() using percentages with green set to the minimum value and minus sign, rgb(0%, -0%, 0%)</test-title>
          <test-href>border-top-color-091.xht</test-href>
          <reference-value>=</reference-value>
          <reference-href>reference/border-bottom-color-001-ref.xht</reference-href>
          
        </test><test>
          <test-title>Border-top-color set to rgb() using percentages with green set to the minimum value and plus sign, rgb(0%, +0%, 0%)</test-title>
          <test-href>border-top-color-092.xht</test-href>
          <reference-value>=</reference-value>
          <reference-href>reference/border-bottom-color-001-ref.xht</reference-href>
          
        </test><test>
          <test-title>Border-top-color set to rgb() using percentages with green set to a nominal value, rgb(0%, 40%, 0%)</test-title>
          <test-href>border-top-color-093.xht</test-href>
          <reference-value>=</reference-value>
          <reference-href>reference/border-bottom-color-093-ref.xht</reference-href>
          
        </test><test>
          <test-title>Border-top-color set to rgb() using percentages with green set to a nominal value with a plus sign, rgb(0%, +40%, 0%)</test-title>
          <test-href>border-top-color-094.xht</test-href>
          <reference-value>=</reference-value>
          <reference-href>reference/border-bottom-color-093-ref.xht</reference-href>
          
        </test><test>
          <test-title>Border-top-color set to rgb() using percentages with green set to a maximum minus one value, rgb(0%, 99%, 0%)</test-title>
          <test-href>border-top-color-095.xht</test-href>
          <reference-value>=</reference-value>
          <reference-href>reference/border-bottom-color-095-ref.xht</reference-href>
          
        </test><test>
          <test-title>Border-top-color set to rgb() using percentages with green set to a maximum value, rgb(0%, 100%, 0%)</test-title>
          <test-href>border-top-color-096.xht</test-href>
          <reference-value>=</reference-value>
          <reference-href>reference/border-bottom-color-017-ref.xht</reference-href>
          
        </test><test>
          <test-title>Border-top-color set to rgb() using percentages with green set to a maximum value with a plus sign, rgb(0%, +100%, 0%)</test-title>
          <test-href>border-top-color-097.xht</test-href>
          <reference-value>=</reference-value>
          <reference-href>reference/border-bottom-color-017-ref.xht</reference-href>
          
        </test><test>
          <test-title>Border-top-color set to rgb() using percentages with green set to a maximum plus one value, rgb(0%, 101%, 0%)</test-title>
          <test-href>border-top-color-098.xht</test-href>
          <reference-value>=</reference-value>
          <reference-href>reference/border-bottom-color-017-ref.xht</reference-href>
          <flags>
              <flag>Invalid</flag>
              </flags>
        </test><test>
          <test-title>Border-top-color set to rgb() using integers with green set to the minimum minus one value, rgb(0, -1, 0)</test-title>
          <test-href>border-top-color-099.xht</test-href>
          <reference-value>=</reference-value>
          <reference-href>reference/border-bottom-color-001-ref.xht</reference-href>
          <flags>
              <flag>Invalid</flag>
              </flags>
        </test><test>
          <test-title>Border-top-color set to rgb() using integers with green set to the minimum plus one value, rgb(0, 1, 0)</test-title>
          <test-href>border-top-color-100.xht</test-href>
          <reference-value>=</reference-value>
          <reference-href>reference/border-bottom-color-100-ref.xht</reference-href>
          
        </test><test>
          <test-title>Border-top-color set to rgb() using integers with green set to the minimum value with a minus sign, rgb(0, -0, 0)</test-title>
          <test-href>border-top-color-101.xht</test-href>
          <reference-value>=</reference-value>
          <reference-href>reference/border-bottom-color-001-ref.xht</reference-href>
          
        </test><test>
          <test-title>Border-top-color set to rgb() using integers with green set to the minimum value with a plus sign, rgb(0, +0, 0)</test-title>
          <test-href>border-top-color-102.xht</test-href>
          <reference-value>=</reference-value>
          <reference-href>reference/border-bottom-color-001-ref.xht</reference-href>
          
        </test><test>
          <test-title>Border-top-color set to rgb() using integers with green set to a nominal value, rgb(0, 128, 0)</test-title>
          <test-href>border-top-color-103.xht</test-href>
          <reference-value>=</reference-value>
          <reference-href>reference/border-bottom-color-103-ref.xht</reference-href>
          
        </test><test>
          <test-title>Border-top-color set to rgb() using integers with green set to a nominal value with a plus sign, rgb(0, +128, 0)</test-title>
          <test-href>border-top-color-104.xht</test-href>
          <reference-value>=</reference-value>
          <reference-href>reference/border-bottom-color-103-ref.xht</reference-href>
          
        </test><test>
          <test-title>Border-top-color set to rgb() using integers with green set to a maximum minus one value, rgb(0, 254, 0)</test-title>
          <test-href>border-top-color-105.xht</test-href>
          <reference-value>=</reference-value>
          <reference-href>reference/border-bottom-color-016-ref.xht</reference-href>
          
        </test><test>
          <test-title>Border-top-color set to rgb() using integers with green set to a maximum value, rgb(0, 255, 0)</test-title>
          <test-href>border-top-color-106.xht</test-href>
          <reference-value>=</reference-value>
          <reference-href>reference/border-bottom-color-017-ref.xht</reference-href>
          
        </test><test>
          <test-title>Border-top-color set to rgb() using integers with green set to a maximum value with a plus sign, rgb(0, +255, 0)</test-title>
          <test-href>border-top-color-107.xht</test-href>
          <reference-value>=</reference-value>
          <reference-href>reference/border-bottom-color-017-ref.xht</reference-href>
          
        </test><test>
          <test-title>Border-top-color set to rgb() using integers with green set to a maximum plus one value, rgb(0, 256 0)</test-title>
          <test-href>border-top-color-108.xht</test-href>
          <reference-value>=</reference-value>
          <reference-href>reference/border-bottom-color-017-ref.xht</reference-href>
          <flags>
              <flag>Invalid</flag>
              </flags>
        </test><test>
          <test-title>Border-top-color set to rgb() using percentages with blue set to the minimum minus one value, rgb(0%, 0%, -1%)</test-title>
          <test-href>border-top-color-109.xht</test-href>
          <reference-value>=</reference-value>
          <reference-href>reference/border-bottom-color-001-ref.xht</reference-href>
          <flags>
              <flag>Invalid</flag>
              </flags>
        </test><test>
          <test-title>Border-top-color set to rgb() using percentages with blue set to the minimum plus one value, rgb(0%, 0%, 1%)</test-title>
          <test-href>border-top-color-110.xht</test-href>
          <reference-value>=</reference-value>
          <reference-href>reference/border-bottom-color-110-ref.xht</reference-href>
          
        </test><test>
          <test-title>Border-top-color set to rgb() using percentages with blue set to the minimum value and minus sign, rgb(0%, 0%, -0%)</test-title>
          <test-href>border-top-color-111.xht</test-href>
          <reference-value>=</reference-value>
          <reference-href>reference/border-bottom-color-001-ref.xht</reference-href>
          
        </test><test>
          <test-title>Border-top-color set to rgb() using percentages with blue set to the minimum value and plus sign, rgb(0%, 0%, +0%)</test-title>
          <test-href>border-top-color-112.xht</test-href>
          <reference-value>=</reference-value>
          <reference-href>reference/border-bottom-color-001-ref.xht</reference-href>
          
        </test><test>
          <test-title>Border-top-color set to rgb() using percentages with blue set to a nominal value, rgb(0%, 0%, 40%)</test-title>
          <test-href>border-top-color-113.xht</test-href>
          <reference-value>=</reference-value>
          <reference-href>reference/border-bottom-color-113-ref.xht</reference-href>
          
        </test><test>
          <test-title>Border-top-color set to rgb() using percentages with blue set to a nominal value with a plus sign, rgb(0%, 0%, +40%)</test-title>
          <test-href>border-top-color-114.xht</test-href>
          <reference-value>=</reference-value>
          <reference-href>reference/border-bottom-color-113-ref.xht</reference-href>
          
        </test><test>
          <test-title>Border-top-color set to rgb() using percentages with blue set to a maximum minus one value, rgb(0%, 0%, 99%)</test-title>
          <test-href>border-top-color-115.xht</test-href>
          <reference-value>=</reference-value>
          <reference-href>reference/border-bottom-color-115-ref.xht</reference-href>
          
        </test><test>
          <test-title>Border-top-color set to rgb() using percentages with blue set to a maximum value, rgb(0%, 0%, 100%)</test-title>
          <test-href>border-top-color-116.xht</test-href>
          <reference-value>=</reference-value>
          <reference-href>reference/border-bottom-color-022-ref.xht</reference-href>
          
        </test><test>
          <test-title>Border-top-color set to rgb() using percentages with blue set to a maximum value with a plus sign, rgb(0%, 0%, +100%)</test-title>
          <test-href>border-top-color-117.xht</test-href>
          <reference-value>=</reference-value>
          <reference-href>reference/border-bottom-color-022-ref.xht</reference-href>
          
        </test><test>
          <test-title>Border-top-color set to rgb() using percentages with blue set to a maximum plus one value, rgb(0%, 0%, 101%)</test-title>
          <test-href>border-top-color-118.xht</test-href>
          <reference-value>=</reference-value>
          <reference-href>reference/border-bottom-color-022-ref.xht</reference-href>
          <flags>
              <flag>Invalid</flag>
              </flags>
        </test><test>
          <test-title>Border-top-color set to rgb() using integers with blue set to the minimum minus one value, rgb(0, 0, -1)</test-title>
          <test-href>border-top-color-119.xht</test-href>
          <reference-value>=</reference-value>
          <reference-href>reference/border-bottom-color-001-ref.xht</reference-href>
          <flags>
              <flag>Invalid</flag>
              </flags>
        </test><test>
          <test-title>Border-top-color set to rgb() using integers with blue set to the minimum plus one value, rgb(0, 0, 1)</test-title>
          <test-href>border-top-color-120.xht</test-href>
          <reference-value>=</reference-value>
          <reference-href>reference/border-bottom-color-019-ref.xht</reference-href>
          
        </test><test>
          <test-title>Border-top-color set to rgb() using integers with blue set to the minimum value with a minus sign, rgb(0, 0, -0)</test-title>
          <test-href>border-top-color-121.xht</test-href>
          <reference-value>=</reference-value>
          <reference-href>reference/border-bottom-color-001-ref.xht</reference-href>
          
        </test><test>
          <test-title>Border-top-color set to rgb() using integers with blue set to the minimum value with a plus sign, rgb(0, 0, +0)</test-title>
          <test-href>border-top-color-122.xht</test-href>
          <reference-value>=</reference-value>
          <reference-href>reference/border-bottom-color-001-ref.xht</reference-href>
          
        </test><test>
          <test-title>Border-top-color set to rgb() using integers with blue set to a nominal value, rgb(0, 0, 128)</test-title>
          <test-href>border-top-color-123.xht</test-href>
          <reference-value>=</reference-value>
          <reference-href>reference/border-bottom-color-123-ref.xht</reference-href>
          
        </test><test>
          <test-title>Border-top-color set to rgb() using integers with blue set to a nominal value with a plus sign, rgb(0, 0, +128)</test-title>
          <test-href>border-top-color-124.xht</test-href>
          <reference-value>=</reference-value>
          <reference-href>reference/border-bottom-color-123-ref.xht</reference-href>
          
        </test><test>
          <test-title>Border-top-color set to rgb() using integers with blue set to a maximum minus one value, rgb(0, 0, 254)</test-title>
          <test-href>border-top-color-125.xht</test-href>
          <reference-value>=</reference-value>
          <reference-href>reference/border-bottom-color-021-ref.xht</reference-href>
          
        </test><test>
          <test-title>Border-top-color set to rgb() using integers with blue set to a maximum value, rgb(0, 0, 255)</test-title>
          <test-href>border-top-color-126.xht</test-href>
          <reference-value>=</reference-value>
          <reference-href>reference/border-bottom-color-022-ref.xht</reference-href>
          
        </test><test>
          <test-title>Border-top-color set to rgb() using integers with blue set to a maximum value with a plus sign, rgb(0, 0, +255)</test-title>
          <test-href>border-top-color-127.xht</test-href>
          <reference-value>=</reference-value>
          <reference-href>reference/border-bottom-color-022-ref.xht</reference-href>
          
        </test><test>
          <test-title>Border-top-color set to rgb() using integers with blue set to a maximum plus one value, rgb(0, 0, 256)</test-title>
          <test-href>border-top-color-128.xht</test-href>
          <reference-value>=</reference-value>
          <reference-href>reference/border-bottom-color-022-ref.xht</reference-href>
          <flags>
              <flag>Invalid</flag>
              </flags>
        </test><test>
          <test-title>Border-top-color set to aqua</test-title>
          <test-href>border-top-color-129.xht</test-href>
          <reference-value>=</reference-value>
          <reference-href>reference/border-bottom-color-129-ref.xht</reference-href>
          
        </test><test>
          <test-title>Border-top-color set to black</test-title>
          <test-href>border-top-color-130.xht</test-href>
          <reference-value>=</reference-value>
          <reference-href>reference/border-bottom-color-001-ref.xht</reference-href>
          
        </test><test>
          <test-title>Border-top-color set to blue</test-title>
          <test-href>border-top-color-131.xht</test-href>
          <reference-value>=</reference-value>
          <reference-href>reference/border-bottom-color-131-ref.xht</reference-href>
          
        </test><test>
          <test-title>Border-top-color set to fuchsia</test-title>
          <test-href>border-top-color-132.xht</test-href>
          <reference-value>=</reference-value>
          <reference-href>reference/border-bottom-color-132-ref.xht</reference-href>
          
        </test><test>
          <test-title>Border-top-color set to gray</test-title>
          <test-href>border-top-color-133.xht</test-href>
          <reference-value>=</reference-value>
          <reference-href>reference/border-bottom-color-133-ref.xht</reference-href>
          
        </test><test>
          <test-title>Border-top-color set to green</test-title>
          <test-href>border-top-color-134.xht</test-href>
          <reference-value>=</reference-value>
          <reference-href>reference/border-bottom-color-134-ref.xht</reference-href>
          
        </test><test>
          <test-title>Border-top-color set to lime</test-title>
          <test-href>border-top-color-135.xht</test-href>
          <reference-value>=</reference-value>
          <reference-href>reference/border-bottom-color-135-ref.xht</reference-href>
          
        </test><test>
          <test-title>Border-top-color set to maroon</test-title>
          <test-href>border-top-color-136.xht</test-href>
          <reference-value>=</reference-value>
          <reference-href>reference/border-bottom-color-136-ref.xht</reference-href>
          
        </test><test>
          <test-title>Border-top-color set to navy</test-title>
          <test-href>border-top-color-137.xht</test-href>
          <reference-value>=</reference-value>
          <reference-href>reference/border-bottom-color-137-ref.xht</reference-href>
          
        </test><test>
          <test-title>Border-top-color set to olive</test-title>
          <test-href>border-top-color-138.xht</test-href>
          <reference-value>=</reference-value>
          <reference-href>reference/border-bottom-color-138-ref.xht</reference-href>
          
        </test><test>
          <test-title>Border-top-color set to orange</test-title>
          <test-href>border-top-color-139.xht</test-href>
          <reference-value>=</reference-value>
          <reference-href>reference/border-bottom-color-139-ref.xht</reference-href>
          
        </test><test>
          <test-title>Border-top-color set to purple</test-title>
          <test-href>border-top-color-140.xht</test-href>
          <reference-value>=</reference-value>
          <reference-href>reference/border-bottom-color-140-ref.xht</reference-href>
          
        </test><test>
          <test-title>Border-top-color set to red</test-title>
          <test-href>border-top-color-141.xht</test-href>
          <reference-value>=</reference-value>
          <reference-href>reference/border-bottom-color-141-ref.xht</reference-href>
          
        </test><test>
          <test-title>Border-top-color set to silver</test-title>
          <test-href>border-top-color-142.xht</test-href>
          <reference-value>=</reference-value>
          <reference-href>reference/border-bottom-color-142-ref.xht</reference-href>
          
        </test><test>
          <test-title>Border-top-color set to teal</test-title>
          <test-href>border-top-color-143.xht</test-href>
          <reference-value>=</reference-value>
          <reference-href>reference/border-bottom-color-143-ref.xht</reference-href>
          
        </test><test>
          <test-title>Border-top-color set to white</test-title>
          <test-href>border-top-color-144.xht</test-href>
          <reference-value>=</reference-value>
          <reference-href>reference/border-bottom-color-144-ref.xht</reference-href>
          
        </test><test>
          <test-title>Border-top-color set to yellow</test-title>
          <test-href>border-top-color-145.xht</test-href>
          <reference-value>=</reference-value>
          <reference-href>reference/border-bottom-color-145-ref.xht</reference-href>
          
        </test><test>
          <test-title>Border-top-color set to transparent</test-title>
          <test-href>border-top-color-174.xht</test-href>
          <reference-value>=</reference-value>
          <reference-href>reference/ref-filled-green-100px-square.xht</reference-href>
          
        </test><test>
          <test-title>Border-top-color set to inherit</test-title>
          <test-href>border-top-color-175.xht</test-href>
          <reference-value>=</reference-value>
          <reference-href>reference/ref-filled-green-100px-square.xht</reference-href>
          
        </test><test>
          <test-title>Border-top-color applied to element with display table-row-group</test-title>
          <test-href>border-top-color-applies-to-001.xht</test-href>
          <reference-value>=</reference-value>
          <reference-href>reference/border-bottom-applies-to-001-ref.xht</reference-href>
          
        </test><test>
          <test-title>Border-top-color applied to element with display table-header-group</test-title>
          <test-href>border-top-color-applies-to-002.xht</test-href>
          <reference-value>=</reference-value>
          <reference-href>reference/border-bottom-applies-to-001-ref.xht</reference-href>
          
        </test><test>
          <test-title>Border-top-color applied to element with display table-footer-group</test-title>
          <test-href>border-top-color-applies-to-003.xht</test-href>
          <reference-value>=</reference-value>
          <reference-href>reference/border-bottom-applies-to-001-ref.xht</reference-href>
          
        </test><test>
          <test-title>Border-top-color applied to element with display table-row</test-title>
          <test-href>border-top-color-applies-to-004.xht</test-href>
          <reference-value>=</reference-value>
          <reference-href>reference/border-bottom-applies-to-001-ref.xht</reference-href>
          
        </test><test>
          <test-title>Border-top-color applied to element with display table-column-group</test-title>
          <test-href>border-top-color-applies-to-005.xht</test-href>
          <reference-value>=</reference-value>
          <reference-href>reference/border-bottom-applies-to-001-ref.xht</reference-href>
          
        </test><test>
          <test-title>Border-top-color applied to element with display table-column</test-title>
          <test-href>border-top-color-applies-to-006.xht</test-href>
          <reference-value>=</reference-value>
          <reference-href>reference/border-bottom-applies-to-001-ref.xht</reference-href>
          
        </test><test>
          <test-title>Border-top-color applied to element with display table-cell</test-title>
          <test-href>border-top-color-applies-to-007.xht</test-href>
          <reference-value>=</reference-value>
          <reference-href>reference/border-bottom-applies-to-001-ref.xht</reference-href>
          
        </test><test>
          <test-title>Border-top-color applied to element with display block</test-title>
          <test-href>border-top-color-applies-to-009.xht</test-href>
          <reference-value>=</reference-value>
          <reference-href>reference/border-bottom-applies-to-001-ref.xht</reference-href>
          
        </test><test>
          <test-title>Border-top-color applied to element with display inline-block</test-title>
          <test-href>border-top-color-applies-to-012.xht</test-href>
          <reference-value>=</reference-value>
          <reference-href>reference/border-bottom-applies-to-001-ref.xht</reference-href>
          
        </test><test>
          <test-title>Border-top-color applied to element with display table</test-title>
          <test-href>border-top-color-applies-to-013.xht</test-href>
          <reference-value>=</reference-value>
          <reference-href>reference/border-bottom-applies-to-001-ref.xht</reference-href>
          
        </test><test>
          <test-title>Border-top-color applied to element with display inline-table</test-title>
          <test-href>border-top-color-applies-to-014.xht</test-href>
          <reference-value>=</reference-value>
          <reference-href>reference/border-bottom-applies-to-001-ref.xht</reference-href>
          
        </test><test>
          <test-title>Border-top-color applied to element with display table-caption</test-title>
          <test-href>border-top-color-applies-to-015.xht</test-href>
          <reference-value>=</reference-value>
          <reference-href>reference/border-bottom-applies-to-001-ref.xht</reference-href>
          
        </test><test>
          <test-title>Border-top-style set to 'none'</test-title>
          <test-href>border-top-style-001.xht</test-href>
          <reference-value>=</reference-value>
          <reference-href>reference/ref-nothing-below.xht</reference-href>
          
        </test><test>
          <test-title>Border-top-style set to 'hidden'</test-title>
          <test-href>border-top-style-002.xht</test-href>
          <reference-value>=</reference-value>
          <reference-href>reference/ref-nothing-below.xht</reference-href>
          
        </test><test>
          <test-title>Border-top-style set to 'solid'</test-title>
          <test-href>border-top-style-005.xht</test-href>
          <reference-value>=</reference-value>
          <reference-href>reference/border-bottom-style-005-ref.xht</reference-href>
          
        </test><test>
          <test-title>Border-top-width using pixels with a minimum minus one (negative) value, -1px</test-title>
          <test-href>border-top-width-001.xht</test-href>
          <reference-value>=</reference-value>
          <reference-href>reference/border-top-width-001-ref.xht</reference-href>
          <flags>
              <flag>Invalid</flag>
              </flags>
        </test><test>
          <test-title>Border-top-width using pixels with a minimum value, 0px</test-title>
          <test-href>border-top-width-002.xht</test-href>
          <reference-value>=</reference-value>
          <reference-href>reference/ref-if-there-is-no-red.xht</reference-href>
          
        </test><test>
          <test-title>Border-top-width using pixels with a minimum plus one value, 1px</test-title>
          <test-href>border-top-width-003.xht</test-href>
          <reference-value>=</reference-value>
          <reference-href>reference/border-bottom-width-003-ref.xht</reference-href>
          
        </test><test>
          <test-title>Border-top-width using pixels with a minimum value with a minus sign, -0px</test-title>
          <test-href>border-top-width-004.xht</test-href>
          <reference-value>=</reference-value>
          <reference-href>reference/ref-if-there-is-no-red.xht</reference-href>
          
        </test><test>
          <test-title>Border-top-width using pixels with a minimum value with a plus sign, +0px</test-title>
          <test-href>border-top-width-005.xht</test-href>
          <reference-value>=</reference-value>
          <reference-href>reference/ref-if-there-is-no-red.xht</reference-href>
          
        </test><test>
          <test-title>Border-top-width using pixels with a nominal value, 96px</test-title>
          <test-href>border-top-width-006.xht</test-href>
          <reference-value>=</reference-value>
          <reference-href>reference/border-bottom-width-006-ref.xht</reference-href>
          <flags>
              <flag>96</flag>
              </flags>
        </test><test>
          <test-title>Border-top-width using pixels with a nominal value with a plus sign, +96px</test-title>
          <test-href>border-top-width-007.xht</test-href>
          <reference-value>=</reference-value>
          <reference-href>reference/border-bottom-width-006-ref.xht</reference-href>
          <flags>
              <flag>96</flag>
              </flags>
        </test><test>
          <test-title>Border-top-width using points with a minimum minus one (negative) value, -1pt</test-title>
          <test-href>border-top-width-012.xht</test-href>
          <reference-value>=</reference-value>
          <reference-href>reference/border-top-width-012-ref.xht</reference-href>
          <flags>
              <flag>Invalid</flag>
              </flags>
        </test><test>
          <test-title>Border-top-width using points with a minimum value, 0pt</test-title>
          <test-href>border-top-width-013.xht</test-href>
          <reference-value>=</reference-value>
          <reference-href>reference/ref-if-there-is-no-red.xht</reference-href>
          
        </test><test>
          <test-title>Border-top-width using points with a minimum value with a minus sign, -0pt</test-title>
          <test-href>border-top-width-015.xht</test-href>
          <reference-value>=</reference-value>
          <reference-href>reference/ref-if-there-is-no-red.xht</reference-href>
          
        </test><test>
          <test-title>Border-top-width using points with a minimum value with a plus sign, +0pt</test-title>
          <test-href>border-top-width-016.xht</test-href>
          <reference-value>=</reference-value>
          <reference-href>reference/ref-if-there-is-no-red.xht</reference-href>
          
        </test><test>
          <test-title>Border-top-width using points with a nominal value, 72pt</test-title>
          <test-href>border-top-width-017.xht</test-href>
          <reference-value>=</reference-value>
          <reference-href>reference/border-bottom-width-006-ref.xht</reference-href>
          
        </test><test>
          <test-title>Border-top-width using points with a nominal value with a plus sign, +72pt</test-title>
          <test-href>border-top-width-018.xht</test-href>
          <reference-value>=</reference-value>
          <reference-href>reference/border-bottom-width-006-ref.xht</reference-href>
          
        </test><test>
          <test-title>Border-top-width using picas with a minimum minus one (negative) value, -1pc</test-title>
          <test-href>border-top-width-023.xht</test-href>
          <reference-value>=</reference-value>
          <reference-href>reference/border-top-width-012-ref.xht</reference-href>
          <flags>
              <flag>Invalid</flag>
              </flags>
        </test><test>
          <test-title>Border-top-width using picas with a minimum value, 0pc</test-title>
          <test-href>border-top-width-024.xht</test-href>
          <reference-value>=</reference-value>
          <reference-href>reference/ref-if-there-is-no-red.xht</reference-href>
          
        </test><test>
          <test-title>Border-top-width using picas with a minimum plus one value, 1pc</test-title>
          <test-href>border-top-width-025.xht</test-href>
          <reference-value>=</reference-value>
          <reference-href>reference/border-bottom-width-025-ref.xht</reference-href>
          
        </test><test>
          <test-title>Border-top-width using picas with a minimum value with a minus sign, -0pc</test-title>
          <test-href>border-top-width-026.xht</test-href>
          <reference-value>=</reference-value>
          <reference-href>reference/ref-if-there-is-no-red.xht</reference-href>
          
        </test><test>
          <test-title>Border-top-width using picas with a minimum value with a plus sign, +0pc</test-title>
          <test-href>border-top-width-027.xht</test-href>
          <reference-value>=</reference-value>
          <reference-href>reference/ref-if-there-is-no-red.xht</reference-href>
          
        </test><test>
          <test-title>Border-top-width using picas with a nominal value, 6pc</test-title>
          <test-href>border-top-width-028.xht</test-href>
          <reference-value>=</reference-value>
          <reference-href>reference/border-bottom-width-006-ref.xht</reference-href>
          
        </test><test>
          <test-title>Border-top-width using picas with a nominal value with a plus sign, +6pc</test-title>
          <test-href>border-top-width-029.xht</test-href>
          <reference-value>=</reference-value>
          <reference-href>reference/border-bottom-width-006-ref.xht</reference-href>
          
        </test><test>
          <test-title>Border-top-width using centimeters with a minimum minus one (negative) value, -1cm</test-title>
          <test-href>border-top-width-034.xht</test-href>
          <reference-value>=</reference-value>
          <reference-href>reference/border-top-width-012-ref.xht</reference-href>
          <flags>
              <flag>Invalid</flag>
              </flags>
        </test><test>
          <test-title>Border-top-width using centimeters with a minimum value, 0cm</test-title>
          <test-href>border-top-width-035.xht</test-href>
          <reference-value>=</reference-value>
          <reference-href>reference/ref-if-there-is-no-red.xht</reference-href>
          
        </test><test>
          <test-title>Border-top-width using centimeters with a minimum value with a minus sign, -0cm</test-title>
          <test-href>border-top-width-037.xht</test-href>
          <reference-value>=</reference-value>
          <reference-href>reference/ref-if-there-is-no-red.xht</reference-href>
          
        </test><test>
          <test-title>Border-top-width using centimeters with a minimum value with a plus sign, +0cm</test-title>
          <test-href>border-top-width-038.xht</test-href>
          <reference-value>=</reference-value>
          <reference-href>reference/ref-if-there-is-no-red.xht</reference-href>
          
        </test><test>
          <test-title>Border-top-width using centimeters with a nominal value, 2.54cm</test-title>
          <test-href>border-top-width-039.xht</test-href>
          <reference-value>=</reference-value>
          <reference-href>reference/border-bottom-width-006-ref.xht</reference-href>
          
        </test><test>
          <test-title>Border-top-width using centimeters with a nominal value with a plus sign, +2.54cm</test-title>
          <test-href>border-top-width-040.xht</test-href>
          <reference-value>=</reference-value>
          <reference-href>reference/border-bottom-width-006-ref.xht</reference-href>
          
        </test><test>
          <test-title>Border-top-width using millimeters with a minimum minus one (negative) value, -1mm</test-title>
          <test-href>border-top-width-045.xht</test-href>
          <reference-value>=</reference-value>
          <reference-href>reference/border-top-width-012-ref.xht</reference-href>
          <flags>
              <flag>Invalid</flag>
              </flags>
        </test><test>
          <test-title>Border-top-width using millimeters with a minimum value, 0mm</test-title>
          <test-href>border-top-width-046.xht</test-href>
          <reference-value>=</reference-value>
          <reference-href>reference/ref-if-there-is-no-red.xht</reference-href>
          
        </test><test>
          <test-title>Border-top-width using millimeters with a minimum value with a minus sign, -0mm</test-title>
          <test-href>border-top-width-048.xht</test-href>
          <reference-value>=</reference-value>
          <reference-href>reference/ref-if-there-is-no-red.xht</reference-href>
          
        </test><test>
          <test-title>Border-top-width using millimeters with a minimum value with a plus sign, +0mm</test-title>
          <test-href>border-top-width-049.xht</test-href>
          <reference-value>=</reference-value>
          <reference-href>reference/ref-if-there-is-no-red.xht</reference-href>
          
        </test><test>
          <test-title>Border-top-width using millimeters with a nominal value, 25.4mm</test-title>
          <test-href>border-top-width-050.xht</test-href>
          <reference-value>=</reference-value>
          <reference-href>reference/border-bottom-width-006-ref.xht</reference-href>
          
        </test><test>
          <test-title>Border-top-width using millimeters with a nominal value with a plus sign, +25.4mm</test-title>
          <test-href>border-top-width-051.xht</test-href>
          <reference-value>=</reference-value>
          <reference-href>reference/border-bottom-width-006-ref.xht</reference-href>
          
        </test><test>
          <test-title>Border-top-width using inches with a minimum minus one (negative) value, -1in</test-title>
          <test-href>border-top-width-056.xht</test-href>
          <reference-value>=</reference-value>
          <reference-href>reference/border-top-width-012-ref.xht</reference-href>
          <flags>
              <flag>Invalid</flag>
              </flags>
        </test><test>
          <test-title>Border-top-width using inches with a minimum value, 0in</test-title>
          <test-href>border-top-width-057.xht</test-href>
          <reference-value>=</reference-value>
          <reference-href>reference/ref-if-there-is-no-red.xht</reference-href>
          
        </test><test>
          <test-title>Border-top-width using inches with a minimum plus one value, 1in</test-title>
          <test-href>border-top-width-058.xht</test-href>
          <reference-value>=</reference-value>
          <reference-href>reference/border-bottom-width-058-ref.xht</reference-href>
          
        </test><test>
          <test-title>Border-top-width using inches with a minimum value with a minus sign, -0in</test-title>
          <test-href>border-top-width-059.xht</test-href>
          <reference-value>=</reference-value>
          <reference-href>reference/ref-if-there-is-no-red.xht</reference-href>
          
        </test><test>
          <test-title>Border-top-width using inches with a minimum value with a plus sign, +0in</test-title>
          <test-href>border-top-width-060.xht</test-href>
          <reference-value>=</reference-value>
          <reference-href>reference/ref-if-there-is-no-red.xht</reference-href>
          
        </test><test>
          <test-title>Border-top-width using inches with a nominal value, 3in</test-title>
          <test-href>border-top-width-061.xht</test-href>
          <reference-value>=</reference-value>
          <reference-href>reference/border-bottom-width-061-ref.xht</reference-href>
          
        </test><test>
          <test-title>Border-top-width using inches with a nominal value with a plus sign, +3in</test-title>
          <test-href>border-top-width-062.xht</test-href>
          <reference-value>=</reference-value>
          <reference-href>reference/border-bottom-width-061-ref.xht</reference-href>
          
        </test><test>
          <test-title>Border-top-width using 'em' units with a minimum minus one (negative) value, -1em</test-title>
          <test-href>border-top-width-067.xht</test-href>
          <reference-value>=</reference-value>
          <reference-href>reference/border-top-width-012-ref.xht</reference-href>
          <flags>
              <flag>Invalid</flag>
              </flags>
        </test><test>
          <test-title>Border-top-width using 'em' units with a minimum value, 0em</test-title>
          <test-href>border-top-width-068.xht</test-href>
          <reference-value>=</reference-value>
          <reference-href>reference/ref-if-there-is-no-red.xht</reference-href>
          <flags>
              <flag>Ahem</flag>
              </flags>
        </test><test>
          <test-title>Border-top-width using 'em' units with a minimum plus one value, 1em</test-title>
          <test-href>border-top-width-069.xht</test-href>
          <reference-value>=</reference-value>
          <reference-href>reference/border-bottom-width-069-ref.xht</reference-href>
          <flags>
              <flag>Ahem</flag>
              </flags>
        </test><test>
          <test-title>Border-top-width using 'em' units with a minimum value with a minus sign, -0em</test-title>
          <test-href>border-top-width-070.xht</test-href>
          <reference-value>=</reference-value>
          <reference-href>reference/ref-if-there-is-no-red.xht</reference-href>
          <flags>
              <flag>Ahem</flag>
              </flags>
        </test><test>
          <test-title>Border-top-width using 'em' units with a minimum value with a plus sign, +0em</test-title>
          <test-href>border-top-width-071.xht</test-href>
          <reference-value>=</reference-value>
          <reference-href>reference/ref-if-there-is-no-red.xht</reference-href>
          <flags>
              <flag>Ahem</flag>
              </flags>
        </test><test>
          <test-title>Border-top-width using 'em' units with a nominal value, 6em</test-title>
          <test-href>border-top-width-072.xht</test-href>
          <reference-value>=</reference-value>
          <reference-href>reference/border-bottom-width-072-ref.xht</reference-href>
          <flags>
              <flag>Ahem</flag>
              </flags>
        </test><test>
          <test-title>Border-top-width using 'em' units with a nominal value with a plus sign, +6em</test-title>
          <test-href>border-top-width-073.xht</test-href>
          <reference-value>=</reference-value>
          <reference-href>reference/border-bottom-width-072-ref.xht</reference-href>
          <flags>
              <flag>Ahem</flag>
              </flags>
        </test><test>
          <test-title>Border-top-width using 'ex' units with a minimum minus one (negative) value, -1ex</test-title>
          <test-href>border-top-width-078.xht</test-href>
          <reference-value>=</reference-value>
          <reference-href>reference/border-top-width-012-ref.xht</reference-href>
          <flags>
              <flag>Invalid</flag>
              </flags>
        </test><test>
          <test-title>Border-top-width using 'ex' units with a minimum value, 0ex</test-title>
          <test-href>border-top-width-079.xht</test-href>
          <reference-value>=</reference-value>
          <reference-href>reference/ref-if-there-is-no-red.xht</reference-href>
          <flags>
              <flag>Ahem</flag>
              </flags>
        </test><test>
          <test-title>Border-top-width using 'ex' units with a minimum plus one value, 1ex</test-title>
          <test-href>border-top-width-080.xht</test-href>
          <reference-value>=</reference-value>
          <reference-href>reference/border-bottom-width-025-ref.xht</reference-href>
          <flags>
              <flag>Ahem</flag>
              </flags>
        </test><test>
          <test-title>Border-top-width using 'ex' units with a minimum value with a minus sign, -0ex</test-title>
          <test-href>border-top-width-081.xht</test-href>
          <reference-value>=</reference-value>
          <reference-href>reference/ref-if-there-is-no-red.xht</reference-href>
          <flags>
              <flag>Ahem</flag>
              </flags>
        </test><test>
          <test-title>Border-top-width using 'ex' units with a minimum value with a plus sign, +0ex</test-title>
          <test-href>border-top-width-082.xht</test-href>
          <reference-value>=</reference-value>
          <reference-href>reference/ref-if-there-is-no-red.xht</reference-href>
          <flags>
              <flag>Ahem</flag>
              </flags>
        </test><test>
          <test-title>Border-top-width using 'ex' units with a nominal value, 6ex</test-title>
          <test-href>border-top-width-083.xht</test-href>
          <reference-value>=</reference-value>
          <reference-href>reference/border-bottom-width-006-ref.xht</reference-href>
          <flags>
              <flag>Ahem</flag>
              </flags>
        </test><test>
          <test-title>Border-top-width using 'ex' units with a nominal value with a plus sign, +6ex</test-title>
          <test-href>border-top-width-084.xht</test-href>
          <reference-value>=</reference-value>
          <reference-href>reference/border-bottom-width-006-ref.xht</reference-href>
          <flags>
              <flag>Ahem</flag>
              </flags>
        </test><test>
          <test-title>Border-top-width set to negative zero with no units, -0</test-title>
          <test-href>border-top-width-089.xht</test-href>
          <reference-value>=</reference-value>
          <reference-href>reference/ref-if-there-is-no-red.xht</reference-href>
          
        </test><test>
          <test-title>Border-top-width set to zero with no units, 0</test-title>
          <test-href>border-top-width-090.xht</test-href>
          <reference-value>=</reference-value>
          <reference-href>reference/ref-if-there-is-no-red.xht</reference-href>
          
        </test><test>
          <test-title>Border-top-width set to positive zero with no units, +0</test-title>
          <test-href>border-top-width-091.xht</test-href>
          <reference-value>=</reference-value>
          <reference-href>reference/ref-if-there-is-no-red.xht</reference-href>
          
        </test><test>
          <test-title>Border-top-width set to inherit</test-title>
          <test-href>border-top-width-095.xht</test-href>
          <reference-value>=</reference-value>
          <reference-href>reference/border-top-width-095-ref.xht</reference-href>
          
        </test><test>
          <test-title>Border-top-width applied to element with display table-row-group</test-title>
          <test-href>border-top-width-applies-to-001.xht</test-href>
          <reference-value>=</reference-value>
          <reference-href>reference/ref-filled-black-96px-square.xht</reference-href>
          
        </test><test>
          <test-title>Border-top-width applied to element with display table-header-group</test-title>
          <test-href>border-top-width-applies-to-002.xht</test-href>
          <reference-value>=</reference-value>
          <reference-href>reference/ref-filled-black-96px-square.xht</reference-href>
          
        </test><test>
          <test-title>Border-top-width applied to element with display table-footer-group</test-title>
          <test-href>border-top-width-applies-to-003.xht</test-href>
          <reference-value>=</reference-value>
          <reference-href>reference/ref-filled-black-96px-square.xht</reference-href>
          
        </test><test>
          <test-title>Border-top-width applied to element with display table-row</test-title>
          <test-href>border-top-width-applies-to-004.xht</test-href>
          <reference-value>=</reference-value>
          <reference-href>reference/ref-filled-black-96px-square.xht</reference-href>
          
        </test><test>
          <test-title>Border-top-width applied to element with display table-column-group</test-title>
          <test-href>border-top-width-applies-to-005.xht</test-href>
          <reference-value>=</reference-value>
          <reference-href>reference/ref-filled-black-96px-square.xht</reference-href>
          
        </test><test>
          <test-title>Border-top-width applied to element with display table-column</test-title>
          <test-href>border-top-width-applies-to-006.xht</test-href>
          <reference-value>=</reference-value>
          <reference-href>reference/ref-filled-black-96px-square.xht</reference-href>
          
        </test><test>
          <test-title>Border-top-width applied to element with display table-cell</test-title>
          <test-href>border-top-width-applies-to-007.xht</test-href>
          <reference-value>=</reference-value>
          <reference-href>reference/ref-filled-black-96px-square.xht</reference-href>
          
        </test><test>
          <test-title>Border-top-width applied to element with display block</test-title>
          <test-href>border-top-width-applies-to-009.xht</test-href>
          <reference-value>=</reference-value>
          <reference-href>reference/ref-filled-black-96px-square.xht</reference-href>
          
        </test><test>
          <test-title>Border-top-width applied to element with display inline-block</test-title>
          <test-href>border-top-width-applies-to-012.xht</test-href>
          <reference-value>=</reference-value>
          <reference-href>reference/ref-filled-black-96px-square.xht</reference-href>
          
        </test><test>
          <test-title>Border-top-width applied to element with display table</test-title>
          <test-href>border-top-width-applies-to-013.xht</test-href>
          <reference-value>=</reference-value>
          <reference-href>reference/ref-filled-black-96px-square.xht</reference-href>
          
        </test><test>
          <test-title>Border-top-width applied to element with display inline-table</test-title>
          <test-href>border-top-width-applies-to-014.xht</test-href>
          <reference-value>=</reference-value>
          <reference-href>reference/ref-filled-black-96px-square.xht</reference-href>
          
        </test><test>
          <test-title>Border-top-width applied to element with display table-caption</test-title>
          <test-href>border-top-width-applies-to-015.xht</test-href>
          <reference-value>=</reference-value>
          <reference-href>reference/ref-filled-black-96px-square.xht</reference-href>
          
        </test><test>
          <test-title>Border-width shorthand property set using one value</test-title>
          <test-href>border-width-001.xht</test-href>
          <reference-value>=</reference-value>
          <reference-href>reference/border-left-width-006-ref.xht</reference-href>
          
        </test><test>
          <test-title>Border-width shorthand property set using two values</test-title>
          <test-href>border-width-002.xht</test-href>
          <reference-value>=</reference-value>
          <reference-href>reference/border-width-002-ref.xht</reference-href>
          
        </test><test>
          <test-title>Border-width shorthand property set using three values</test-title>
          <test-href>border-width-003.xht</test-href>
          <reference-value>=</reference-value>
          <reference-href>reference/border-width-003-ref.xht</reference-href>
          
        </test><test>
          <test-title>Border-width shorthand property set using four values</test-title>
          <test-href>border-width-004.xht</test-href>
          <reference-value>=</reference-value>
          <reference-href>reference/border-width-004-ref.xht</reference-href>
          
        </test><test>
          <test-title>Border-width shorthand property set to 'inherit', inheriting one value</test-title>
          <test-href>border-width-005.xht</test-href>
          <reference-value>=</reference-value>
          <reference-href>reference/border-width-005-ref.xht</reference-href>
          
        </test><test>
          <test-title>Border-width shorthand property set to 'inherit', inheriting two values</test-title>
          <test-href>border-width-006.xht</test-href>
          <reference-value>=</reference-value>
          <reference-href>reference/border-width-006-ref.xht</reference-href>
          
        </test><test>
          <test-title>Border-width shorthand property set to 'inherit', inheriting three values</test-title>
          <test-href>border-width-007.xht</test-href>
          <reference-value>=</reference-value>
          <reference-href>reference/border-width-007-ref.xht</reference-href>
          
        </test><test>
          <test-title>Border-width shorthand property set to 'inherit', inheriting four values</test-title>
          <test-href>border-width-008.xht</test-href>
          <reference-value>=</reference-value>
          <reference-href>reference/border-width-008-ref.xht</reference-href>
          
        </test><test>
          <test-title>CSS Parsing: Negative Border Widths</test-title>
          <test-href>border-width-009.xht</test-href>
          <reference-value>=</reference-value>
          <reference-href>reference/border-width-009-ref.xht</reference-href>
          <flags>
              <flag>Invalid</flag>
              </flags>
        </test><test>
          <test-title>CSS Parsing: Negative Border Widths</test-title>
          <test-href>border-width-010.xht</test-href>
          <reference-value>=</reference-value>
          <reference-href>reference/border-width-010-ref.xht</reference-href>
          <flags>
              <flag>Invalid</flag>
              </flags>
        </test><test>
          <test-title>border-width: inherit</test-title>
          <test-href>border-width-011.xht</test-href>
          <reference-value>=</reference-value>
          <reference-href>reference/ref-this-text-should-be-green.xht</reference-href>
          
        </test><test>
          <test-title>Border-width: inherit - border-style: hidden</test-title>
          <test-href>border-width-012.xht</test-href>
          <reference-value>=</reference-value>
          <reference-href>reference/ref-if-there-is-no-red.xht</reference-href>
          
        </test><test>
          <test-title>Border-width - length specified with a percentage unit</test-title>
          <test-href>border-width-013.xht</test-href>
          <reference-value>=</reference-value>
          <reference-href>reference/ref-if-there-is-no-red.xht</reference-href>
          <flags>
              <flag>Invalid</flag>
              </flags>
        </test><test>
          <test-title>Border-width: inherit - border-style inherit</test-title>
          <test-href>border-width-014.xht</test-href>
          <reference-value>=</reference-value>
          <reference-href>reference/border-width-014-ref.xht</reference-href>
          
        </test><test>
          <test-title>Border-width applied to element with display inline</test-title>
          <test-href>border-width-applies-to-008.xht</test-href>
          <reference-value>=</reference-value>
          <reference-href>reference/border-width-applies-to-008-ref.xht</reference-href>
          <flags>
              <flag>Ahem</flag>
              </flags>
        </test><test>
          <test-title>Border-width applied to element with display block</test-title>
          <test-href>border-width-applies-to-009.xht</test-href>
          <reference-value>=</reference-value>
          <reference-href>reference/border-width-applies-to-009-ref.xht</reference-href>
          
        </test><test>
          <test-title>Border-width applied to element with display inline-block</test-title>
          <test-href>border-width-applies-to-012.xht</test-href>
          <reference-value>=</reference-value>
          <reference-href>reference/border-width-applies-to-009-ref.xht</reference-href>
          
        </test><test>
          <test-title>Border-width applied to element with display table-caption</test-title>
          <test-href>border-width-applies-to-015.xht</test-href>
          <reference-value>=</reference-value>
          <reference-href>reference/border-width-applies-to-009-ref.xht</reference-href>
          
        </test><test>
          <test-title>Border-width set using a single value</test-title>
          <test-href>border-width-shorthand-001.xht</test-href>
          <reference-value>=</reference-value>
          <reference-href>reference/border-width-shorthand-001-ref.xht</reference-href>
          
        </test><test>
          <test-title>Border-width set using two values</test-title>
          <test-href>border-width-shorthand-002.xht</test-href>
          <reference-value>=</reference-value>
          <reference-href>reference/border-width-shorthand-002-ref.xht</reference-href>
          
        </test><test>
          <test-title>Border-width set using three values</test-title>
          <test-href>border-width-shorthand-003.xht</test-href>
          <reference-value>=</reference-value>
          <reference-href>reference/border-width-shorthand-003-ref.xht</reference-href>
          
        </test><test>
          <test-title>Border-width set using four values</test-title>
          <test-href>border-width-shorthand-004.xht</test-href>
          <reference-value>=</reference-value>
          <reference-href>reference/border-width-shorthand-004-ref.xht</reference-href>
          
        </test><test>
          <test-title>Bottom using pixels with a value of negative zero, -0px</test-title>
          <test-href>bottom-004.xht</test-href>
          <reference-value>=</reference-value>
          <reference-href>reference/ref-no-vert-space-between.xht</reference-href>
          
        </test><test>
          <test-title>Bottom using pixels with a value of zero, 0px</test-title>
          <test-href>bottom-005.xht</test-href>
          <reference-value>=</reference-value>
          <reference-href>reference/ref-no-vert-space-between.xht</reference-href>
          
        </test><test>
          <test-title>Bottom using pixels with a value of positive zero, +0px</test-title>
          <test-href>bottom-006.xht</test-href>
          <reference-value>=</reference-value>
          <reference-href>reference/ref-no-vert-space-between.xht</reference-href>
          
        </test><test>
          <test-title>Bottom using pixels with a nominal value, 96px</test-title>
          <test-href>bottom-007.xht</test-href>
          <reference-value>=</reference-value>
          <reference-href>reference/bottom-007-ref.xht</reference-href>
          
        </test><test>
          <test-title>Bottom using pixels with a positive nominal value, +96px</test-title>
          <test-href>bottom-008.xht</test-href>
          <reference-value>=</reference-value>
          <reference-href>reference/bottom-007-ref.xht</reference-href>
          
        </test><test>
          <test-title>Bottom using points with a value of negative zero, -0pt</test-title>
          <test-href>bottom-016.xht</test-href>
          <reference-value>=</reference-value>
          <reference-href>reference/ref-no-vert-space-between.xht</reference-href>
          
        </test><test>
          <test-title>Bottom using points with a value of zero, 0pt</test-title>
          <test-href>bottom-017.xht</test-href>
          <reference-value>=</reference-value>
          <reference-href>reference/ref-no-vert-space-between.xht</reference-href>
          
        </test><test>
          <test-title>Bottom using points with a value of positive zero, +0pt</test-title>
          <test-href>bottom-018.xht</test-href>
          <reference-value>=</reference-value>
          <reference-href>reference/ref-no-vert-space-between.xht</reference-href>
          
        </test><test>
          <test-title>Bottom using points with a nominal value, 72pt</test-title>
          <test-href>bottom-019.xht</test-href>
          <reference-value>=</reference-value>
          <reference-href>reference/bottom-019-ref.xht</reference-href>
          
        </test><test>
          <test-title>Bottom using points with a positive nominal value, +72pt</test-title>
          <test-href>bottom-020.xht</test-href>
          <reference-value>=</reference-value>
          <reference-href>reference/bottom-019-ref.xht</reference-href>
          
        </test><test>
          <test-title>Bottom using picas with a value of negative zero, -0pc</test-title>
          <test-href>bottom-028.xht</test-href>
          <reference-value>=</reference-value>
          <reference-href>reference/ref-no-vert-space-between.xht</reference-href>
          
        </test><test>
          <test-title>Bottom using picas with a value of zero, 0pc</test-title>
          <test-href>bottom-029.xht</test-href>
          <reference-value>=</reference-value>
          <reference-href>reference/ref-no-vert-space-between.xht</reference-href>
          
        </test><test>
          <test-title>Bottom using picas with a value of positive zero, +0pc</test-title>
          <test-href>bottom-030.xht</test-href>
          <reference-value>=</reference-value>
          <reference-href>reference/ref-no-vert-space-between.xht</reference-href>
          
        </test><test>
          <test-title>Bottom using picas with a nominal value, 6pc</test-title>
          <test-href>bottom-031.xht</test-href>
          <reference-value>=</reference-value>
          <reference-href>reference/bottom-019-ref.xht</reference-href>
          
        </test><test>
          <test-title>Bottom using picas with a positive nominal value, +6pc</test-title>
          <test-href>bottom-032.xht</test-href>
          <reference-value>=</reference-value>
          <reference-href>reference/bottom-019-ref.xht</reference-href>
          
        </test><test>
          <test-title>Bottom using centimeters with a value of negative zero, -0cm</test-title>
          <test-href>bottom-040.xht</test-href>
          <reference-value>=</reference-value>
          <reference-href>reference/ref-no-vert-space-between.xht</reference-href>
          
        </test><test>
          <test-title>Bottom using centimeters with a value of zero, 0cm</test-title>
          <test-href>bottom-041.xht</test-href>
          <reference-value>=</reference-value>
          <reference-href>reference/ref-no-vert-space-between.xht</reference-href>
          
        </test><test>
          <test-title>Bottom using centimeters with a value of positive zero, +0cm</test-title>
          <test-href>bottom-042.xht</test-href>
          <reference-value>=</reference-value>
          <reference-href>reference/ref-no-vert-space-between.xht</reference-href>
          
        </test><test>
          <test-title>Bottom using centimeters with a nominal value, 2.54cm</test-title>
          <test-href>bottom-043.xht</test-href>
          <reference-value>=</reference-value>
          <reference-href>reference/bottom-019-ref.xht</reference-href>
          
        </test><test>
          <test-title>Bottom using centimeters with a positive nominal value, +2.54cm</test-title>
          <test-href>bottom-044.xht</test-href>
          <reference-value>=</reference-value>
          <reference-href>reference/bottom-019-ref.xht</reference-href>
          
        </test><test>
          <test-title>Bottom using millimeters with a value of negative zero, -0mm</test-title>
          <test-href>bottom-052.xht</test-href>
          <reference-value>=</reference-value>
          <reference-href>reference/ref-no-vert-space-between.xht</reference-href>
          
        </test><test>
          <test-title>Bottom using millimeters with a value of zero, 0mm</test-title>
          <test-href>bottom-053.xht</test-href>
          <reference-value>=</reference-value>
          <reference-href>reference/ref-no-vert-space-between.xht</reference-href>
          
        </test><test>
          <test-title>Bottom using millimeters with a value of positive zero, +0mm</test-title>
          <test-href>bottom-054.xht</test-href>
          <reference-value>=</reference-value>
          <reference-href>reference/ref-no-vert-space-between.xht</reference-href>
          
        </test><test>
          <test-title>Bottom using millimeters with a nominal value, 25.4mm</test-title>
          <test-href>bottom-055.xht</test-href>
          <reference-value>=</reference-value>
          <reference-href>reference/bottom-019-ref.xht</reference-href>
          
        </test><test>
          <test-title>Bottom using millimeters with a positive nominal value, +25.4mm</test-title>
          <test-href>bottom-056.xht</test-href>
          <reference-value>=</reference-value>
          <reference-href>reference/bottom-019-ref.xht</reference-href>
          
        </test><test>
          <test-title>Bottom using inches with a value of negative zero, -0in</test-title>
          <test-href>bottom-064.xht</test-href>
          <reference-value>=</reference-value>
          <reference-href>reference/ref-no-vert-space-between.xht</reference-href>
          
        </test><test>
          <test-title>Bottom using inches with a value of zero, 0in</test-title>
          <test-href>bottom-065.xht</test-href>
          <reference-value>=</reference-value>
          <reference-href>reference/ref-no-vert-space-between.xht</reference-href>
          
        </test><test>
          <test-title>Bottom using inches with a value of positive zero, +0in</test-title>
          <test-href>bottom-066.xht</test-href>
          <reference-value>=</reference-value>
          <reference-href>reference/ref-no-vert-space-between.xht</reference-href>
          
        </test><test>
          <test-title>Bottom using inches with a nominal value, 1in</test-title>
          <test-href>bottom-067.xht</test-href>
          <reference-value>=</reference-value>
          <reference-href>reference/bottom-019-ref.xht</reference-href>
          
        </test><test>
          <test-title>Bottom using inches with a positive nominal value, +1in</test-title>
          <test-href>bottom-068.xht</test-href>
          <reference-value>=</reference-value>
          <reference-href>reference/bottom-019-ref.xht</reference-href>
          
        </test><test>
          <test-title>Bottom using 'em' units with a value of negative zero, -0em</test-title>
          <test-href>bottom-076.xht</test-href>
          <reference-value>=</reference-value>
          <reference-href>reference/ref-no-vert-space-between.xht</reference-href>
          <flags>
              <flag>Ahem</flag>
              </flags>
        </test><test>
          <test-title>Bottom using 'em' units with a value of zero, 0em</test-title>
          <test-href>bottom-077.xht</test-href>
          <reference-value>=</reference-value>
          <reference-href>reference/ref-no-vert-space-between.xht</reference-href>
          <flags>
              <flag>Ahem</flag>
              </flags>
        </test><test>
          <test-title>Bottom using 'em' units with a value of positive zero, +0em</test-title>
          <test-href>bottom-078.xht</test-href>
          <reference-value>=</reference-value>
          <reference-href>reference/ref-no-vert-space-between.xht</reference-href>
          <flags>
              <flag>Ahem</flag>
              </flags>
        </test><test>
          <test-title>Bottom using 'em' units with a nominal value, 6em</test-title>
          <test-href>bottom-079.xht</test-href>
          <reference-value>=</reference-value>
          <reference-href>reference/bottom-079-ref.xht</reference-href>
          <flags>
              <flag>Ahem</flag>
              </flags>
        </test><test>
          <test-title>Bottom using 'em' units with a positive nominal value, +6em</test-title>
          <test-href>bottom-080.xht</test-href>
          <reference-value>=</reference-value>
          <reference-href>reference/bottom-079-ref.xht</reference-href>
          <flags>
              <flag>Ahem</flag>
              </flags>
        </test><test>
          <test-title>Bottom using 'ex' units with a value of negative zero, -0ex</test-title>
          <test-href>bottom-088.xht</test-href>
          <reference-value>=</reference-value>
          <reference-href>reference/ref-no-vert-space-between.xht</reference-href>
          <flags>
              <flag>Ahem</flag>
              </flags>
        </test><test>
          <test-title>Bottom using 'ex' units with a value of zero, 0ex</test-title>
          <test-href>bottom-089.xht</test-href>
          <reference-value>=</reference-value>
          <reference-href>reference/ref-no-vert-space-between.xht</reference-href>
          <flags>
              <flag>Ahem</flag>
              </flags>
        </test><test>
          <test-title>Bottom using 'ex' units with a value of positive zero, +0ex</test-title>
          <test-href>bottom-090.xht</test-href>
          <reference-value>=</reference-value>
          <reference-href>reference/ref-no-vert-space-between.xht</reference-href>
          <flags>
              <flag>Ahem</flag>
              </flags>
        </test><test>
          <test-title>Bottom using 'ex' units with a nominal value, 6ex</test-title>
          <test-href>bottom-091.xht</test-href>
          <reference-value>=</reference-value>
          <reference-href>reference/bottom-019-ref.xht</reference-href>
          <flags>
              <flag>Ahem</flag>
              </flags>
        </test><test>
          <test-title>Bottom using 'ex' units with a positive nominal value, +6ex</test-title>
          <test-href>bottom-092.xht</test-href>
          <reference-value>=</reference-value>
          <reference-href>reference/bottom-019-ref.xht</reference-href>
          <flags>
              <flag>Ahem</flag>
              </flags>
        </test><test>
          <test-title>Bottom using percentages with a value of negative zero, -0%</test-title>
          <test-href>bottom-100.xht</test-href>
          <reference-value>=</reference-value>
          <reference-href>reference/ref-no-vert-space-between.xht</reference-href>
          
        </test><test>
          <test-title>Bottom using percentages with a value of zero, 0%</test-title>
          <test-href>bottom-101.xht</test-href>
          <reference-value>=</reference-value>
          <reference-href>reference/ref-no-vert-space-between.xht</reference-href>
          
        </test><test>
          <test-title>Bottom using percentages with a value of positive zero, +0%</test-title>
          <test-href>bottom-102.xht</test-href>
          <reference-value>=</reference-value>
          <reference-href>reference/ref-no-vert-space-between.xht</reference-href>
          
        </test><test>
          <test-title>Bottom using percentages with a nominal value, 100%</test-title>
          <test-href>bottom-103.xht</test-href>
          <reference-value>=</reference-value>
          <reference-href>reference/bottom-019-ref.xht</reference-href>
          
        </test><test>
          <test-title>Bottom using percentages with a positive nominal value, +100%</test-title>
          <test-href>bottom-104.xht</test-href>
          <reference-value>=</reference-value>
          <reference-href>reference/bottom-019-ref.xht</reference-href>
          
        </test><test>
          <test-title>Bottom with a value of negative zero and no units, -0</test-title>
          <test-href>bottom-109.xht</test-href>
          <reference-value>=</reference-value>
          <reference-href>reference/ref-no-vert-space-between.xht</reference-href>
          
        </test><test>
          <test-title>Bottom with a value of zero and no units, 0</test-title>
          <test-href>bottom-110.xht</test-href>
          <reference-value>=</reference-value>
          <reference-href>reference/ref-no-vert-space-between.xht</reference-href>
          
        </test><test>
          <test-title>Bottom with a value of positive zero and no units, +0</test-title>
          <test-href>bottom-111.xht</test-href>
          <reference-value>=</reference-value>
          <reference-href>reference/ref-no-vert-space-between.xht</reference-href>
          
        </test><test>
          <test-title>Bottom with a value of 'auto'</test-title>
          <test-href>bottom-112.xht</test-href>
          <reference-value>=</reference-value>
          <reference-href>reference/ref-no-vert-space-between.xht</reference-href>
          
        </test><test>
          <test-title>Bottom with a value of 'inherit'</test-title>
          <test-href>bottom-113.xht</test-href>
          <reference-value>=</reference-value>
          <reference-href>reference/bottom-113-ref.xht</reference-href>
          
        </test><test>
          <test-title>Bottom applied to element with 'display' set to 'table-row-group'</test-title>
          <test-href>bottom-applies-to-001.xht</test-href>
          <reference-value>=</reference-value>
          <reference-href>reference/bottom-applies-to-001-ref.xht</reference-href>
          
        </test><test>
          <test-title>Bottom applied to element with 'display' set to 'table-header-group'</test-title>
          <test-href>bottom-applies-to-002.xht</test-href>
          <reference-value>=</reference-value>
          <reference-href>reference/bottom-applies-to-001-ref.xht</reference-href>
          
        </test><test>
          <test-title>Bottom applied to element with 'display' set to 'table-footer-group'</test-title>
          <test-href>bottom-applies-to-003.xht</test-href>
          <reference-value>=</reference-value>
          <reference-href>reference/bottom-applies-to-001-ref.xht</reference-href>
          
        </test><test>
          <test-title>Bottom applied to element with 'display' set to 'table-row'</test-title>
          <test-href>bottom-applies-to-004.xht</test-href>
          <reference-value>=</reference-value>
          <reference-href>reference/bottom-applies-to-001-ref.xht</reference-href>
          
        </test><test>
          <test-title>Bottom applied to element with 'display' set to 'table-column-group'</test-title>
          <test-href>bottom-applies-to-005.xht</test-href>
          <reference-value>=</reference-value>
          <reference-href>reference/bottom-applies-to-001-ref.xht</reference-href>
          
        </test><test>
          <test-title>Bottom applied to element with 'display' set to 'table-column'</test-title>
          <test-href>bottom-applies-to-006.xht</test-href>
          <reference-value>=</reference-value>
          <reference-href>reference/bottom-applies-to-001-ref.xht</reference-href>
          
        </test><test>
          <test-title>Bottom applied to element with 'display' set to 'table-cell'</test-title>
          <test-href>bottom-applies-to-007.xht</test-href>
          <reference-value>=</reference-value>
          <reference-href>reference/bottom-applies-to-001-ref.xht</reference-href>
          
        </test><test>
          <test-title>Bottom applied to element with 'display' set to block</test-title>
          <test-href>bottom-applies-to-009.xht</test-href>
          <reference-value>=</reference-value>
          <reference-href>reference/bottom-applies-to-001-ref.xht</reference-href>
          
        </test><test>
          <test-title>Bottom applied to element with 'display' set to inline-block</test-title>
          <test-href>bottom-applies-to-012.xht</test-href>
          <reference-value>=</reference-value>
          <reference-href>reference/bottom-applies-to-001-ref.xht</reference-href>
          
        </test><test>
          <test-title>Bottom applied to element with 'display' set to 'table'</test-title>
          <test-href>bottom-applies-to-013.xht</test-href>
          <reference-value>=</reference-value>
          <reference-href>reference/bottom-applies-to-001-ref.xht</reference-href>
          
        </test><test>
          <test-title>Bottom applied to element with 'display' set to 'inline-table'</test-title>
          <test-href>bottom-applies-to-014.xht</test-href>
          <reference-value>=</reference-value>
          <reference-href>reference/bottom-applies-to-001-ref.xht</reference-href>
          
        </test><test>
          <test-title>Bottom applied to element with 'display' set to 'table-caption'</test-title>
          <test-href>bottom-applies-to-015.xht</test-href>
          <reference-value>=</reference-value>
          <reference-href>reference/bottom-applies-to-001-ref.xht</reference-href>
          
        </test><test>
          <test-title>'bottom' offset - offset from the bottom edge of the containing block (abs. pos.)</test-title>
          <test-href>bottom-offset-001.xht</test-href>
          <reference-value>=</reference-value>
          <reference-href>reference/bottom-offset-001-ref.xht</reference-href>
          
        </test><test>
          <test-title>'bottom' offset - absolute length value and relative positioning</test-title>
          <test-href>bottom-offset-002.xht</test-href>
          <reference-value>=</reference-value>
          <reference-href>reference/bottom-offset-001-ref.xht</reference-href>
          
        </test><test>
          <test-title>'bottom' offset - offset from the bottom edge of the containing block (abs. pos.)</test-title>
          <test-href>bottom-offset-003.xht</test-href>
          <reference-value>=</reference-value>
          <reference-href>reference/bottom-offset-001-ref.xht</reference-href>
          
        </test><test>
          <test-title>Bottom offset using percentage</test-title>
          <test-href>bottom-offset-percentage-001.xht</test-href>
          <reference-value>=</reference-value>
          <reference-href>reference/bottom-offset-percentage-001-ref.xht</reference-href>
          
        </test><test>
          <test-title>Block-level elements generate principal block boxes with block boxes</test-title>
          <test-href>box-generation-001.xht</test-href>
          <reference-value>=</reference-value>
          <reference-href>reference/box-generation-001-ref.xht</reference-href>
          
        </test><test>
          <test-title>Block-level elements generate principal block boxes with inline boxes</test-title>
          <test-href>box-generation-002.xht</test-href>
          <reference-value>=</reference-value>
          <reference-href>reference/box-generation-002-ref.xht</reference-href>
          
        </test><test>
          <test-title>box offsets - position relative</test-title>
          <test-href>box-offsets-rel-pos-002.xht</test-href>
          <reference-value>=</reference-value>
          <reference-href>reference/box-offsets-rel-pos-002-ref.xht</reference-href>
          <flags>
              <flag>Bitmaps</flag>
              </flags>
        </test><test>
          <test-title>box-sizing:border-box and CSS2.1 10.3.3</test-title>
          <test-href>box-sizing-001.xht</test-href>
          <reference-value>=</reference-value>
          <reference-href>reference/box-sizing-001-ref.xht</reference-href>
          
        </test><test>
          <test-title>box-sizing:padding-box and CSS2.1 10.3.3</test-title>
          <test-href>box-sizing-002.xht</test-href>
          <reference-value>=</reference-value>
          <reference-href>reference/box-sizing-001-ref.xht</reference-href>
          
        </test><test>
          <test-title>box-sizing:border-box and CSS2.1 10.3.7</test-title>
          <test-href>box-sizing-003.xht</test-href>
          <reference-value>=</reference-value>
          <reference-href>reference/box-sizing-001-ref.xht</reference-href>
          
        </test><test>
          <test-title>box-sizing:padding-box and CSS2.1 10.3.7</test-title>
          <test-href>box-sizing-004.xht</test-href>
          <reference-value>=</reference-value>
          <reference-href>reference/box-sizing-001-ref.xht</reference-href>
          
        </test><test>
          <test-title>box-sizing:border-box and CSS2.1 10.6.4</test-title>
          <test-href>box-sizing-005.xht</test-href>
          <reference-value>=</reference-value>
          <reference-href>reference/box-sizing-001-ref.xht</reference-href>
          
        </test><test>
          <test-title>box-sizing:padding-box and CSS2.1 10.6.4</test-title>
          <test-href>box-sizing-006.xht</test-href>
          <reference-value>=</reference-value>
          <reference-href>reference/box-sizing-001-ref.xht</reference-href>
          
        </test><test>
          <test-title>box-sizing:border-box and auto sizing of intrinsicly sized replaced elements.</test-title>
          <test-href>box-sizing-007.xht</test-href>
          <reference-value>=</reference-value>
          <reference-href>reference/box-sizing-007-ref.xht</reference-href>
          <flags>
              <flag>SVG</flag>
              </flags>
        </test><test>
          <test-title>box-sizing:border-box and auto sizing of replaced elements with intrinisic width only.</test-title>
          <test-href>box-sizing-008.xht</test-href>
          <reference-value>=</reference-value>
          <reference-href>reference/box-sizing-008-ref.xht</reference-href>
          <flags>
              <flag>SVG</flag>
              </flags>
        </test><test>
          <test-title>box-sizing:border-box and auto sizing of replaced elements with intrinisic height only.</test-title>
          <test-href>box-sizing-009.xht</test-href>
          <reference-value>=</reference-value>
          <reference-href>reference/box-sizing-009-ref.xht</reference-href>
          <flags>
              <flag>SVG</flag>
              </flags>
        </test><test>
          <test-title>auto sizing rules with box-sizing:border-box, intrinsic width and height, h &gt; max-height</test-title>
          <test-href>box-sizing-010.xht</test-href>
          <reference-value>=</reference-value>
          <reference-href>reference/box-sizing-010-ref.xht</reference-href>
          <flags>
              <flag>SVG</flag>
              </flags>
        </test><test>
          <test-title>auto sizing rules with box-sizing:border-box, intrinsic width and height, w &gt; max-width</test-title>
          <test-href>box-sizing-011.xht</test-href>
          <reference-value>=</reference-value>
          <reference-href>reference/box-sizing-010-ref.xht</reference-href>
          <flags>
              <flag>SVG</flag>
              </flags>
        </test><test>
          <test-title>auto sizing rules with box-sizing:border-box, intrinsic width, h &gt; max-height</test-title>
          <test-href>box-sizing-012.xht</test-href>
          <reference-value>=</reference-value>
          <reference-href>reference/box-sizing-012-ref.xht</reference-href>
          <flags>
              <flag>SVG</flag>
              </flags>
        </test><test>
          <test-title>auto sizing rules with box-sizing:border-box, intrinsic height, w &gt; max-width</test-title>
          <test-href>box-sizing-013.xht</test-href>
          <reference-value>=</reference-value>
          <reference-href>reference/box-sizing-013-ref.xht</reference-href>
          <flags>
              <flag>SVG</flag>
              </flags>
        </test><test>
          <test-title>auto sizing rules with box-sizing:border-box, intrinsic width and ratio, h &gt; max-height</test-title>
          <test-href>box-sizing-014.xht</test-href>
          <reference-value>=</reference-value>
          <reference-href>reference/box-sizing-010-ref.xht</reference-href>
          <flags>
              <flag>SVG</flag>
              </flags>
        </test><test>
          <test-title>auto sizing rules with box-sizing:border-box, intrinsic height and ratio, w &gt; max-width</test-title>
          <test-href>box-sizing-015.xht</test-href>
          <reference-value>=</reference-value>
          <reference-href>reference/box-sizing-010-ref.xht</reference-href>
          <flags>
              <flag>SVG</flag>
              </flags>
        </test><test>
          <test-title>auto sizing rules with box-sizing:border-box, intrinsic ratio, h &gt; max-height</test-title>
          <test-href>box-sizing-016.xht</test-href>
          <reference-value>=</reference-value>
          <reference-href>reference/box-sizing-010-ref.xht</reference-href>
          <flags>
              <flag>SVG</flag>
              </flags>
        </test><test>
          <test-title>auto sizing rules with box-sizing:border-box, intrinsic ratio, w &gt; max-width</test-title>
          <test-href>box-sizing-017.xht</test-href>
          <reference-value>=</reference-value>
          <reference-href>reference/box-sizing-010-ref.xht</reference-href>
          <flags>
              <flag>SVG</flag>
              </flags>
        </test><test>
          <test-title>auto sizing rules with box-sizing:border-box, intrinsic height and ratio, w &gt; max-wdith and h &gt; max-height and max-width/w &amp;#8804; max-height/h</test-title>
          <test-href>box-sizing-018.xht</test-href>
          <reference-value>=</reference-value>
          <reference-href>reference/box-sizing-010-ref.xht</reference-href>
          <flags>
              <flag>SVG</flag>
              </flags>
        </test><test>
          <test-title>auto sizing rules with box-sizing:border-box, intrinsic width and ratio, w &gt; max-wdith and h &gt; max-height and max-width/w &gt; max-height/h</test-title>
          <test-href>box-sizing-019.xht</test-href>
          <reference-value>=</reference-value>
          <reference-href>reference/box-sizing-010-ref.xht</reference-href>
          <flags>
              <flag>SVG</flag>
              </flags>
        </test><test>
          <test-title>auto sizing rules with box-sizing:border-box, intrinsic width and height, h &lt; min-height</test-title>
          <test-href>box-sizing-020.xht</test-href>
          <reference-value>=</reference-value>
          <reference-href>reference/box-sizing-020-ref.xht</reference-href>
          <flags>
              <flag>SVG</flag>
              </flags>
        </test><test>
          <test-title>auto sizing rules with box-sizing:border-box, intrinsic width and height, w &lt; win-width</test-title>
          <test-href>box-sizing-021.xht</test-href>
          <reference-value>=</reference-value>
          <reference-href>reference/box-sizing-020-ref.xht</reference-href>
          <flags>
              <flag>SVG</flag>
              </flags>
        </test><test>
          <test-title>auto sizing rules with box-sizing:border-box, intrinsic width, w &lt; min-width</test-title>
          <test-href>box-sizing-022.xht</test-href>
          <reference-value>=</reference-value>
          <reference-href>reference/box-sizing-022-ref.xht</reference-href>
          <flags>
              <flag>SVG</flag>
              </flags>
        </test><test>
          <test-title>auto sizing rules with box-sizing:border-box, intrinsic height, h &lt; min-height</test-title>
          <test-href>box-sizing-023.xht</test-href>
          <reference-value>=</reference-value>
          <reference-href>reference/box-sizing-023-ref.xht</reference-href>
          <flags>
              <flag>SVG</flag>
              </flags>
        </test><test>
          <test-title>auto sizing rules with box-sizing:border-box, intrinsic width and ratio, h &lt; mi:-height</test-title>
          <test-href>box-sizing-024.xht</test-href>
          <reference-value>=</reference-value>
          <reference-href>reference/box-sizing-020-ref.xht</reference-href>
          <flags>
              <flag>SVG</flag>
              </flags>
        </test><test>
          <test-title>auto sizing rules with box-sizing:border-box, intrinsic height and ratio, w &lt; min-width</test-title>
          <test-href>box-sizing-025.xht</test-href>
          <reference-value>=</reference-value>
          <reference-href>reference/box-sizing-020-ref.xht</reference-href>
          <flags>
              <flag>SVG</flag>
              </flags>
        </test><test>
          <test-title>Basic Containment</test-title>
          <test-href>c11-import-000.xht</test-href>
          <reference-value>=</reference-value>
          <reference-href>reference/c11-import-000-ref.xht</reference-href>
          
        </test><test>
          <test-title>Grouping</test-title>
          <test-href>c12-grouping-000.xht</test-href>
          <reference-value>=</reference-value>
          <reference-href>reference/c12-grouping-000-ref.xht</reference-href>
          
        </test><test>
          <test-title>Inheritance</test-title>
          <test-href>c13-inheritance-000.xht</test-href>
          <reference-value>=</reference-value>
          <reference-href>reference/c13-inheritance-000-ref.xht</reference-href>
          
        </test><test>
          <test-title>Class as selector</test-title>
          <test-href>c14-classes-000.xht</test-href>
          <reference-value>=</reference-value>
          <reference-href>reference/c14-classes-000-ref.xht</reference-href>
          
        </test><test>
          <test-title>ID as selector</test-title>
          <test-href>c15-ids-000.xht</test-href>
          <reference-value>=</reference-value>
          <reference-href>reference/c12-grouping-000-ref.xht</reference-href>
          
        </test><test>
          <test-title>ID as selector</test-title>
          <test-href>c15-ids-001.xht</test-href>
          <reference-value>=</reference-value>
          <reference-href>reference/c15-ids-001-ref.xht</reference-href>
          
        </test><test>
          <test-title>Descendant selectors (Contextual selectors)</test-title>
          <test-href>c16-descendant-000.xht</test-href>
          <reference-value>=</reference-value>
          <reference-href>reference/c16-descendant-000-ref.xht</reference-href>
          
        </test><test>
          <test-title>Contextual selectors</test-title>
          <test-href>c16-descendant-001.xht</test-href>
          <reference-value>=</reference-value>
          <reference-href>reference/c16-descendant-001-ref.xht</reference-href>
          
        </test><test>
          <test-title>Contextual selectors</test-title>
          <test-href>c16-descendant-002.xht</test-href>
          <reference-value>=</reference-value>
          <reference-href>reference/ref-this-text-should-be-green.xht</reference-href>
          
        </test><test>
          <test-title>Comments</test-title>
          <test-href>c17-comments-000.xht</test-href>
          <reference-value>=</reference-value>
          <reference-href>reference/c17-comments-000-ref.xht</reference-href>
          
        </test><test>
          <test-title>Comments</test-title>
          <test-href>c17-comments-001.xht</test-href>
          <reference-value>=</reference-value>
          <reference-href>reference/c17-comments-001-ref.xht</reference-href>
          
        </test><test>
          <test-title>Pseudo-elements in Selectors</test-title>
          <test-href>c25-pseudo-elmnt-000.xht</test-href>
          <reference-value>=</reference-value>
          <reference-href>reference/c25-pseudo-elmnt-000-ref.xht</reference-href>
          <flags>
              <flag>Invalid</flag>
              </flags>
        </test><test>
          <test-title>important</test-title>
          <test-href>c31-important-000.xht</test-href>
          <reference-value>=</reference-value>
          <reference-href>reference/c12-grouping-000-ref.xht</reference-href>
          
        </test><test>
          <test-title>Cascading Order</test-title>
          <test-href>c32-cascading-000.xht</test-href>
          <reference-value>=</reference-value>
          <reference-href>reference/c32-cascading-000-ref.xht</reference-href>
          
        </test><test>
          <test-title>Horizontal Formatting</test-title>
          <test-href>c412-blockw-000.xht</test-href>
          <reference-value>=</reference-value>
          <reference-href>reference/c412-blockw-000-ref.xht</reference-href>
          <flags>
              <flag>Ahem</flag><flag>Bitmaps</flag>
              </flags>
        </test><test>
          <test-title>Horizontal Formatting</test-title>
          <test-href>c412-hz-box-000.xht</test-href>
          <reference-value>=</reference-value>
          <reference-href>reference/c412-hz-box-000-ref.xht</reference-href>
          <flags>
              <flag>Ahem</flag>
              </flags>
        </test><test>
          <test-title>Stacking Non-Replaced Left Floats</test-title>
          <test-href>c414-flt-fit-000.xht</test-href>
          <reference-value>=</reference-value>
          <reference-href>reference/c414-flt-fit-000-ref.xht</reference-href>
          
        </test><test>
          <test-title>Stacking Replaced Left Floats</test-title>
          <test-href>c414-flt-fit-001.xht</test-href>
          <reference-value>=</reference-value>
          <reference-href>reference/c414-flt-fit-001-ref.xht</reference-href>
          <flags>
              <flag>Bitmaps</flag>
              </flags>
        </test><test>
          <test-title>Stacking Mixed Floats Part I</test-title>
          <test-href>c414-flt-fit-002.xht</test-href>
          <reference-value>=</reference-value>
          <reference-href>reference/c414-flt-fit-002-ref.xht</reference-href>
          
        </test><test>
          <test-title>Stacking Mixed Floats Part II</test-title>
          <test-href>c414-flt-fit-003.xht</test-href>
          <reference-value>=</reference-value>
          <reference-href>reference/c414-flt-fit-003-ref.xht</reference-href>
          
        </test><test>
          <test-title>Stacking Mixed Floats Part III</test-title>
          <test-href>c414-flt-fit-004.xht</test-href>
          <reference-value>=</reference-value>
          <reference-href>reference/c414-flt-fit-004-ref.xht</reference-href>
          
        </test><test>
          <test-title>Non-Replaced Float Not Fitting Beside Opposite Float</test-title>
          <test-href>c414-flt-fit-005.xht</test-href>
          <reference-value>=</reference-value>
          <reference-href>reference/c414-flt-fit-005-ref.xht</reference-href>
          
        </test><test>
          <test-title>Replaced Float Not Fitting Beside Opposite Float</test-title>
          <test-href>c414-flt-fit-006.xht</test-href>
          <reference-value>=</reference-value>
          <reference-href>reference/c414-flt-fit-006-ref.xht</reference-href>
          <flags>
              <flag>Bitmaps</flag>
              </flags>
        </test><test>
          <test-title>Text Not Fitting Beside Replaced Float</test-title>
          <test-href>c414-flt-wrap-001.xht</test-href>
          <reference-value>=</reference-value>
          <reference-href>reference/c414-flt-wrap-001-ref.xht</reference-href>
          <flags>
              <flag>Bitmaps</flag>
              </flags>
        </test><test>
          <test-title>Inline Elements</test-title>
          <test-href>c42-ibx-ht-000.xht</test-href>
          <reference-value>=</reference-value>
          <reference-href>reference/c42-ibx-ht-000-ref.xht</reference-href>
          <flags>
              <flag>Ahem</flag>
              </flags>
        </test><test>
          <test-title>Inline Elements</test-title>
          <test-href>c42-ibx-pad-000.xht</test-href>
          <reference-value>=</reference-value>
          <reference-href>reference/c42-ibx-pad-000-ref.xht</reference-href>
          <flags>
              <flag>Ahem</flag><flag>Bitmaps</flag>
              </flags>
        </test><test>
          <test-title>Replaced Elements</test-title>
          <test-href>c43-rpl-bbx-002.xht</test-href>
          <reference-value>=</reference-value>
          <reference-href>reference/c43-rpl-bbx-002-ref.xht</reference-href>
          <flags>
              <flag>Ahem</flag><flag>Bitmaps</flag>
              </flags>
        </test><test>
          <test-title>Replaced Elements</test-title>
          <test-href>c43-rpl-ibx-000.xht</test-href>
          <reference-value>=</reference-value>
          <reference-href>reference/c43-rpl-ibx-000-ref.xht</reference-href>
          <flags>
              <flag>Ahem</flag><flag>Bitmaps</flag>
              </flags>
        </test><test>
          <test-title>The Height of Lines</test-title>
          <test-href>c44-ln-box-000.xht</test-href>
          <reference-value>=</reference-value>
          <reference-href>reference/c44-ln-box-000-ref.xht</reference-href>
          <flags>
              <flag>Ahem</flag><flag>Bitmaps</flag>
              </flags>
        </test><test>
          <test-title>The Height of Lines</test-title>
          <test-href>c44-ln-box-001.xht</test-href>
          <reference-value>=</reference-value>
          <reference-href>reference/c44-ln-box-001-ref.xht</reference-href>
          <flags>
              <flag>Ahem</flag><flag>Bitmaps</flag>
              </flags>
        </test><test>
          <test-title>The Height of Lines</test-title>
          <test-href>c44-ln-box-002.xht</test-href>
          <reference-value>=</reference-value>
          <reference-href>reference/c44-ln-box-002-ref.xht</reference-href>
          <flags>
              <flag>Ahem</flag><flag>Bitmaps</flag>
              </flags>
        </test><test>
          <test-title>The Height of Lines</test-title>
          <test-href>c44-ln-box-003.xht</test-href>
          <reference-value>=</reference-value>
          <reference-href>reference/c44-ln-box-002-ref.xht</reference-href>
          <flags>
              <flag>Ahem</flag><flag>Bitmaps</flag>
              </flags>
        </test><test>
          <test-title>The Canvas</test-title>
          <test-href>c45-bg-canvas-000.xht</test-href>
          <reference-value>=</reference-value>
          <reference-href>reference/c45-bg-canvas-000-ref.xht</reference-href>
          
        </test><test>
          <test-title>font-size</test-title>
          <test-href>c526-font-sz-001.xht</test-href>
          <reference-value>=</reference-value>
          <reference-href>reference/c526-font-sz-001-ref.xht</reference-href>
          <flags>
              <flag>Ahem</flag>
              </flags>
        </test><test>
          <test-title>font-size</test-title>
          <test-href>c526-font-sz-002.xht</test-href>
          <reference-value>=</reference-value>
          <reference-href>reference/c526-font-sz-002-ref.xht</reference-href>
          <flags>
              <flag>Ahem</flag>
              </flags>
        </test><test>
          <test-title>font-size</test-title>
          <test-href>c526-font-sz-003.xht</test-href>
          <reference-value>=</reference-value>
          <reference-href>reference/c526-font-sz-003-ref.xht</reference-href>
          <flags>
              <flag>Ahem</flag><flag>Invalid</flag>
              </flags>
        </test><test>
          <test-title>color</test-title>
          <test-href>c531-color-000.xht</test-href>
          <reference-value>=</reference-value>
          <reference-href>reference/c531-color-000-ref.xht</reference-href>
          
        </test><test>
          <test-title>background-color</test-title>
          <test-href>c532-bgcolor-000.xht</test-href>
          <reference-value>=</reference-value>
          <reference-href>reference/c532-bgcolor-000-ref.xht</reference-href>
          
        </test><test>
          <test-title>background-color</test-title>
          <test-href>c532-bgcolor-001.xht</test-href>
          <reference-value>=</reference-value>
          <reference-href>reference/ref-this-text-should-be-green.xht</reference-href>
          
        </test><test>
          <test-title>background-image</test-title>
          <test-href>c533-bgimage-000.xht</test-href>
          <reference-value>=</reference-value>
          <reference-href>reference/c533-bgimage-000-ref.xht</reference-href>
          
        </test><test>
          <test-title>background-image</test-title>
          <test-href>c533-bgimage-001.xht</test-href>
          <reference-value>=</reference-value>
          <reference-href>reference/ref-this-text-should-be-green.xht</reference-href>
          <flags>
              <flag>Bitmaps</flag>
              </flags>
        </test><test>
          <test-title>background-repeat</test-title>
          <test-href>c534-bgre-000.xht</test-href>
          <reference-value>=</reference-value>
          <reference-href>reference/c534-bgre-000-ref.xht</reference-href>
          <flags>
              <flag>Ahem</flag><flag>Bitmaps</flag>
              </flags>
        </test><test>
          <test-title>background-repeat</test-title>
          <test-href>c534-bgre-001.xht</test-href>
          <reference-value>=</reference-value>
          <reference-href>reference/c534-bgre-000-ref.xht</reference-href>
          <flags>
              <flag>Ahem</flag><flag>Bitmaps</flag>
              </flags>
        </test><test>
          <test-title>background-repeat</test-title>
          <test-href>c534-bgreps-000.xht</test-href>
          <reference-value>=</reference-value>
          <reference-href>reference/c534-bgreps-000-ref.xht</reference-href>
          <flags>
              <flag>Ahem</flag><flag>Bitmaps</flag>
              </flags>
        </test><test>
          <test-title>background-repeat</test-title>
          <test-href>c534-bgreps-001.xht</test-href>
          <reference-value>=</reference-value>
          <reference-href>reference/c534-bgreps-000-ref.xht</reference-href>
          <flags>
              <flag>Ahem</flag><flag>Bitmaps</flag>
              </flags>
        </test><test>
          <test-title>background-repeat</test-title>
          <test-href>c534-bgreps-002.xht</test-href>
          <reference-value>=</reference-value>
          <reference-href>reference/c534-bgreps-000-ref.xht</reference-href>
          <flags>
              <flag>Ahem</flag><flag>Bitmaps</flag>
              </flags>
        </test><test>
          <test-title>background-repeat</test-title>
          <test-href>c534-bgreps-003.xht</test-href>
          <reference-value>=</reference-value>
          <reference-href>reference/c534-bgreps-000-ref.xht</reference-href>
          <flags>
              <flag>Ahem</flag><flag>Bitmaps</flag>
              </flags>
        </test><test>
          <test-title>background-repeat</test-title>
          <test-href>c534-bgreps-004.xht</test-href>
          <reference-value>=</reference-value>
          <reference-href>reference/c534-bgreps-000-ref.xht</reference-href>
          <flags>
              <flag>Ahem</flag><flag>Bitmaps</flag>
              </flags>
        </test><test>
          <test-title>background-repeat</test-title>
          <test-href>c534-bgreps-005.xht</test-href>
          <reference-value>=</reference-value>
          <reference-href>reference/c534-bgreps-000-ref.xht</reference-href>
          <flags>
              <flag>Ahem</flag><flag>Bitmaps</flag>
              </flags>
        </test><test>
          <test-title>background-position</test-title>
          <test-href>c536-bgpos-000.xht</test-href>
          <reference-value>=</reference-value>
          <reference-href>reference/c536-bgpos-000-ref.xht</reference-href>
          <flags>
              <flag>Ahem</flag><flag>Bitmaps</flag>
              </flags>
        </test><test>
          <test-title>background-position</test-title>
          <test-href>c536-bgpos-001.xht</test-href>
          <reference-value>=</reference-value>
          <reference-href>reference/c536-bgpos-001-ref.xht</reference-href>
          <flags>
              <flag>Ahem</flag><flag>Bitmaps</flag>
              </flags>
        </test><test>
          <test-title>word-spacing</test-title>
          <test-href>c541-word-sp-000.xht</test-href>
          <reference-value>=</reference-value>
          <reference-href>reference/c541-word-sp-000-ref.xht</reference-href>
          <flags>
              <flag>Ahem</flag>
              </flags>
        </test><test>
          <test-title>word-spacing</test-title>
          <test-href>c541-word-sp-001.xht</test-href>
          <reference-value>=</reference-value>
          <reference-href>reference/c541-word-sp-001-ref.xht</reference-href>
          <flags>
              <flag>Ahem</flag>
              </flags>
        </test><test>
          <test-title>letter-spacing</test-title>
          <test-href>c542-letter-sp-000.xht</test-href>
          <reference-value>=</reference-value>
          <reference-href>reference/c542-letter-sp-000-ref.xht</reference-href>
          <flags>
              <flag>Ahem</flag>
              </flags>
        </test><test>
          <test-title>letter-spacing</test-title>
          <test-href>c542-letter-sp-001.xht</test-href>
          <reference-value>=</reference-value>
          <reference-href>reference/c542-letter-sp-001-ref.xht</reference-href>
          <flags>
              <flag>Ahem</flag>
              </flags>
        </test><test>
          <test-title>vertical-align</test-title>
          <test-href>c544-valgn-001.xht</test-href>
          <reference-value>=</reference-value>
          <reference-href>reference/c544-valgn-001-ref.xht</reference-href>
          <flags>
              <flag>Ahem</flag><flag>Bitmaps</flag>
              </flags>
        </test><test>
          <test-title>text-indent</test-title>
          <test-href>c547-indent-000.xht</test-href>
          <reference-value>=</reference-value>
          <reference-href>reference/c547-indent-000-ref.xht</reference-href>
          <flags>
              <flag>Ahem</flag>
              </flags>
        </test><test>
          <test-title>text-indent</test-title>
          <test-href>c547-indent-001.xht</test-href>
          <reference-value>=</reference-value>
          <reference-href>reference/c547-indent-001-ref.xht</reference-href>
          
        </test><test>
          <test-title>line-height</test-title>
          <test-href>c548-leadin-000.xht</test-href>
          <reference-value>=</reference-value>
          <reference-href>reference/c548-leadin-000-ref.xht</reference-href>
          <flags>
              <flag>Ahem</flag>
              </flags>
        </test><test>
          <test-title>line-height</test-title>
          <test-href>c548-ln-ht-000.xht</test-href>
          <reference-value>=</reference-value>
          <reference-href>reference/c548-ln-ht-000-ref.xht</reference-href>
          <flags>
              <flag>Ahem</flag>
              </flags>
        </test><test>
          <test-title>line-height</test-title>
          <test-href>c548-ln-ht-001.xht</test-href>
          <reference-value>=</reference-value>
          <reference-href>reference/c548-ln-ht-001-ref.xht</reference-href>
          <flags>
              <flag>Ahem</flag><flag>Bitmaps</flag>
              </flags>
        </test><test>
          <test-title>line-height</test-title>
          <test-href>c548-ln-ht-002.xht</test-href>
          <reference-value>=</reference-value>
          <reference-href>reference/c548-ln-ht-001-ref.xht</reference-href>
          <flags>
              <flag>Ahem</flag><flag>Bitmaps</flag><flag>Invalid</flag>
              </flags>
        </test><test>
          <test-title>line-height</test-title>
          <test-href>c548-ln-ht-003.xht</test-href>
          <reference-value>=</reference-value>
          <reference-href>reference/c548-ln-ht-003-ref.xht</reference-href>
          <flags>
              <flag>Ahem</flag><flag>Bitmaps</flag>
              </flags>
        </test><test>
          <test-title>line-height</test-title>
          <test-href>c548-ln-ht-004.xht</test-href>
          <reference-value>=</reference-value>
          <reference-href>reference/c548-ln-ht-004-ref.xht</reference-href>
          <flags>
              <flag>Ahem</flag><flag>Bitmaps</flag>
              </flags>
        </test><test>
          <test-title>margin-top</test-title>
          <test-href>c5501-imrgn-t-000.xht</test-href>
          <reference-value>=</reference-value>
          <reference-href>reference/c5501-imrgn-t-000-ref.xht</reference-href>
          <flags>
              <flag>Ahem</flag><flag>Bitmaps</flag>
              </flags>
        </test><test>
          <test-title>margin-top</test-title>
          <test-href>c5501-mrgn-t-000.xht</test-href>
          <reference-value>=</reference-value>
          <reference-href>reference/c5501-mrgn-t-000-ref.xht</reference-href>
          <flags>
              <flag>Ahem</flag>
              </flags>
        </test><test>
          <test-title>margin-right</test-title>
          <test-href>c5502-imrgn-r-000.xht</test-href>
          <reference-value>=</reference-value>
          <reference-href>reference/c5502-imrgn-r-000-ref.xht</reference-href>
          <flags>
              <flag>Ahem</flag><flag>Bitmaps</flag>
              </flags>
        </test><test>
          <test-title>margin-right</test-title>
          <test-href>c5502-imrgn-r-001.xht</test-href>
          <reference-value>=</reference-value>
          <reference-href>reference/c5502-imrgn-r-001-ref.xht</reference-href>
          <flags>
              <flag>Ahem</flag><flag>Bitmaps</flag>
              </flags>
        </test><test>
          <test-title>margin-right</test-title>
          <test-href>c5502-imrgn-r-002.xht</test-href>
          <reference-value>=</reference-value>
          <reference-href>reference/c5502-imrgn-r-002-ref.xht</reference-href>
          <flags>
              <flag>Ahem</flag>
              </flags>
        </test><test>
          <test-title>margin-right</test-title>
          <test-href>c5502-imrgn-r-003.xht</test-href>
          <reference-value>=</reference-value>
          <reference-href>reference/c5502-imrgn-r-003-ref.xht</reference-href>
          <flags>
              <flag>Ahem</flag>
              </flags>
        </test><test>
          <test-title>margin-right</test-title>
          <test-href>c5502-imrgn-r-004.xht</test-href>
          <reference-value>=</reference-value>
          <reference-href>reference/c5502-imrgn-r-004-ref.xht</reference-href>
          <flags>
              <flag>Ahem</flag><flag>Bitmaps</flag>
              </flags>
        </test><test>
          <test-title>margin-right</test-title>
          <test-href>c5502-imrgn-r-005.xht</test-href>
          <reference-value>=</reference-value>
          <reference-href>reference/c5502-imrgn-r-005-ref.xht</reference-href>
          <flags>
              <flag>Ahem</flag><flag>Bitmaps</flag>
              </flags>
        </test><test>
          <test-title>margin-right</test-title>
          <test-href>c5502-imrgn-r-006.xht</test-href>
          <reference-value>=</reference-value>
          <reference-href>reference/c5502-imrgn-r-006-ref.xht</reference-href>
          <flags>
              <flag>Ahem</flag><flag>Bitmaps</flag>
              </flags>
        </test><test>
          <test-title>margin-right</test-title>
          <test-href>c5502-mrgn-r-000.xht</test-href>
          <reference-value>=</reference-value>
          <reference-href>reference/c5502-mrgn-r-000-ref.xht</reference-href>
          <flags>
              <flag>Ahem</flag><flag>Bitmaps</flag>
              </flags>
        </test><test>
          <test-title>margin-right</test-title>
          <test-href>c5502-mrgn-r-001.xht</test-href>
          <reference-value>=</reference-value>
          <reference-href>reference/c5502-mrgn-r-001-ref.xht</reference-href>
          <flags>
              <flag>Ahem</flag>
              </flags>
        </test><test>
          <test-title>margin-right</test-title>
          <test-href>c5502-mrgn-r-003.xht</test-href>
          <reference-value>=</reference-value>
          <reference-href>reference/c5502-mrgn-r-003-ref.xht</reference-href>
          
        </test><test>
          <test-title>margin-bottom</test-title>
          <test-href>c5503-imrgn-b-000.xht</test-href>
          <reference-value>=</reference-value>
          <reference-href>reference/c5501-imrgn-t-000-ref.xht</reference-href>
          <flags>
              <flag>Ahem</flag>
              </flags>
        </test><test>
          <test-title>margin-bottom</test-title>
          <test-href>c5503-mrgn-b-000.xht</test-href>
          <reference-value>=</reference-value>
          <reference-href>reference/c5503-mrgn-b-000-ref.xht</reference-href>
          <flags>
              <flag>Ahem</flag>
              </flags>
        </test><test>
          <test-title>margin-left</test-title>
          <test-href>c5504-imrgn-l-000.xht</test-href>
          <reference-value>=</reference-value>
          <reference-href>reference/c5502-imrgn-r-000-ref.xht</reference-href>
          <flags>
              <flag>Ahem</flag><flag>Bitmaps</flag>
              </flags>
        </test><test>
          <test-title>margin-left</test-title>
          <test-href>c5504-imrgn-l-001.xht</test-href>
          <reference-value>=</reference-value>
          <reference-href>reference/c5502-imrgn-r-001-ref.xht</reference-href>
          <flags>
              <flag>Ahem</flag><flag>Bitmaps</flag>
              </flags>
        </test><test>
          <test-title>margin-left</test-title>
          <test-href>c5504-imrgn-l-002.xht</test-href>
          <reference-value>=</reference-value>
          <reference-href>reference/c5504-imrgn-l-002-ref.xht</reference-href>
          <flags>
              <flag>Ahem</flag><flag>Bitmaps</flag>
              </flags>
        </test><test>
          <test-title>margin-left</test-title>
          <test-href>c5504-imrgn-l-003.xht</test-href>
          <reference-value>=</reference-value>
          <reference-href>reference/c5502-imrgn-r-003-ref.xht</reference-href>
          <flags>
              <flag>Ahem</flag>
              </flags>
        </test><test>
          <test-title>margin-left</test-title>
          <test-href>c5504-imrgn-l-004.xht</test-href>
          <reference-value>=</reference-value>
          <reference-href>reference/c5502-imrgn-r-004-ref.xht</reference-href>
          <flags>
              <flag>Ahem</flag><flag>Bitmaps</flag>
              </flags>
        </test><test>
          <test-title>margin-left</test-title>
          <test-href>c5504-imrgn-l-005.xht</test-href>
          <reference-value>=</reference-value>
          <reference-href>reference/c5504-imrgn-l-005-ref.xht</reference-href>
          <flags>
              <flag>Ahem</flag><flag>Bitmaps</flag>
              </flags>
        </test><test>
          <test-title>margin-left</test-title>
          <test-href>c5504-imrgn-l-006.xht</test-href>
          <reference-value>=</reference-value>
          <reference-href>reference/c5504-imrgn-l-006-ref.xht</reference-href>
          <flags>
              <flag>Ahem</flag><flag>Bitmaps</flag>
              </flags>
        </test><test>
          <test-title>margin-left</test-title>
          <test-href>c5504-mrgn-l-000.xht</test-href>
          <reference-value>=</reference-value>
          <reference-href>reference/c5504-mrgn-l-000-ref.xht</reference-href>
          <flags>
              <flag>Ahem</flag><flag>Bitmaps</flag>
              </flags>
        </test><test>
          <test-title>margin-left</test-title>
          <test-href>c5504-mrgn-l-001.xht</test-href>
          <reference-value>=</reference-value>
          <reference-href>reference/c5504-mrgn-l-001-ref.xht</reference-href>
          <flags>
              <flag>Ahem</flag>
              </flags>
        </test><test>
          <test-title>margin-left</test-title>
          <test-href>c5504-mrgn-l-003.xht</test-href>
          <reference-value>=</reference-value>
          <reference-href>reference/c5504-mrgn-l-003-ref.xht</reference-href>
          
        </test><test>
          <test-title>margin</test-title>
          <test-href>c5505-imrgn-000.xht</test-href>
          <reference-value>=</reference-value>
          <reference-href>reference/c5505-imrgn-000-ref.xht</reference-href>
          <flags>
              <flag>Ahem</flag><flag>Bitmaps</flag>
              </flags>
        </test><test>
          <test-title>margin</test-title>
          <test-href>c5505-mrgn-000.xht</test-href>
          <reference-value>=</reference-value>
          <reference-href>reference/c5505-mrgn-000-ref.xht</reference-href>
          <flags>
              <flag>Ahem</flag><flag>Bitmaps</flag>
              </flags>
        </test><test>
          <test-title>margin</test-title>
          <test-href>c5505-mrgn-001.xht</test-href>
          <reference-value>=</reference-value>
          <reference-href>reference/c5505-mrgn-001-ref.xht</reference-href>
          <flags>
              <flag>Ahem</flag>
              </flags>
        </test><test>
          <test-title>margin</test-title>
          <test-href>c5505-mrgn-003.xht</test-href>
          <reference-value>=</reference-value>
          <reference-href>reference/c5505-mrgn-003-ref.xht</reference-href>
          <flags>
              <flag>Ahem</flag><flag>Bitmaps</flag>
              </flags>
        </test><test>
          <test-title>padding-top</test-title>
          <test-href>c5506-ipadn-t-000.xht</test-href>
          <reference-value>=</reference-value>
          <reference-href>reference/c5506-ipadn-t-000-ref.xht</reference-href>
          <flags>
              <flag>Ahem</flag>
              </flags>
        </test><test>
          <test-title>padding-top</test-title>
          <test-href>c5506-ipadn-t-001.xht</test-href>
          <reference-value>=</reference-value>
          <reference-href>reference/c5506-ipadn-t-000-ref.xht</reference-href>
          <flags>
              <flag>Ahem</flag>
              </flags>
        </test><test>
          <test-title>padding-top</test-title>
          <test-href>c5506-ipadn-t-002.xht</test-href>
          <reference-value>=</reference-value>
          <reference-href>reference/c5506-ipadn-t-002-ref.xht</reference-href>
          <flags>
              <flag>Ahem</flag>
              </flags>
        </test><test>
          <test-title>padding-top</test-title>
          <test-href>c5506-padn-t-000.xht</test-href>
          <reference-value>=</reference-value>
          <reference-href>reference/c5506-padn-t-000-ref.xht</reference-href>
          <flags>
              <flag>Ahem</flag><flag>Invalid</flag>
              </flags>
        </test><test>
          <test-title>padding-right</test-title>
          <test-href>c5507-ipadn-r-000.xht</test-href>
          <reference-value>=</reference-value>
          <reference-href>reference/c5502-imrgn-r-000-ref.xht</reference-href>
          <flags>
              <flag>Ahem</flag><flag>Bitmaps</flag>
              </flags>
        </test><test>
          <test-title>padding-right</test-title>
          <test-href>c5507-ipadn-r-001.xht</test-href>
          <reference-value>=</reference-value>
          <reference-href>reference/c5502-imrgn-r-001-ref.xht</reference-href>
          <flags>
              <flag>Ahem</flag><flag>Bitmaps</flag>
              </flags>
        </test><test>
          <test-title>padding-right</test-title>
          <test-href>c5507-ipadn-r-002.xht</test-href>
          <reference-value>=</reference-value>
          <reference-href>reference/c5502-imrgn-r-002-ref.xht</reference-href>
          <flags>
              <flag>Ahem</flag><flag>Bitmaps</flag>
              </flags>
        </test><test>
          <test-title>padding-right</test-title>
          <test-href>c5507-ipadn-r-003.xht</test-href>
          <reference-value>=</reference-value>
          <reference-href>reference/c5502-imrgn-r-003-ref.xht</reference-href>
          <flags>
              <flag>Ahem</flag>
              </flags>
        </test><test>
          <test-title>padding-right</test-title>
          <test-href>c5507-ipadn-r-004.xht</test-href>
          <reference-value>=</reference-value>
          <reference-href>reference/c5507-ipadn-r-004-ref.xht</reference-href>
          <flags>
              <flag>Ahem</flag><flag>Bitmaps</flag><flag>Invalid</flag>
              </flags>
        </test><test>
          <test-title>padding-right</test-title>
          <test-href>c5507-padn-r-000.xht</test-href>
          <reference-value>=</reference-value>
          <reference-href>reference/c5507-padn-r-000-ref.xht</reference-href>
          <flags>
              <flag>Ahem</flag><flag>Bitmaps</flag>
              </flags>
        </test><test>
          <test-title>padding-right</test-title>
          <test-href>c5507-padn-r-001.xht</test-href>
          <reference-value>=</reference-value>
          <reference-href>reference/c5507-padn-r-001-ref.xht</reference-href>
          <flags>
              <flag>Ahem</flag>
              </flags>
        </test><test>
          <test-title>padding-right</test-title>
          <test-href>c5507-padn-r-002.xht</test-href>
          <reference-value>=</reference-value>
          <reference-href>reference/c5507-padn-r-002-ref.xht</reference-href>
          <flags>
              <flag>Invalid</flag>
              </flags>
        </test><test>
          <test-title>padding-right</test-title>
          <test-href>c5507-padn-r-003.xht</test-href>
          <reference-value>=</reference-value>
          <reference-href>reference/c5507-padn-r-003-ref.xht</reference-href>
          <flags>
              <flag>Invalid</flag>
              </flags>
        </test><test>
          <test-title>padding-bottom</test-title>
          <test-href>c5508-ipadn-b-000.xht</test-href>
          <reference-value>=</reference-value>
          <reference-href>reference/c5508-ipadn-b-000-ref.xht</reference-href>
          <flags>
              <flag>Ahem</flag>
              </flags>
        </test><test>
          <test-title>padding-bottom</test-title>
          <test-href>c5508-ipadn-b-001.xht</test-href>
          <reference-value>=</reference-value>
          <reference-href>reference/c5508-ipadn-b-000-ref.xht</reference-href>
          <flags>
              <flag>Ahem</flag><flag>Invalid</flag>
              </flags>
        </test><test>
          <test-title>padding-bottom</test-title>
          <test-href>c5508-ipadn-b-002.xht</test-href>
          <reference-value>=</reference-value>
          <reference-href>reference/c5506-ipadn-t-000-ref.xht</reference-href>
          <flags>
              <flag>Ahem</flag>
              </flags>
        </test><test>
          <test-title>padding-bottom</test-title>
          <test-href>c5508-ipadn-b-003.xht</test-href>
          <reference-value>=</reference-value>
          <reference-href>reference/c5508-ipadn-b-003-ref.xht</reference-href>
          <flags>
              <flag>Ahem</flag><flag>Invalid</flag>
              </flags>
        </test><test>
          <test-title>padding-left</test-title>
          <test-href>c5509-ipadn-l-000.xht</test-href>
          <reference-value>=</reference-value>
          <reference-href>reference/c5502-imrgn-r-000-ref.xht</reference-href>
          <flags>
              <flag>Ahem</flag><flag>Bitmaps</flag>
              </flags>
        </test><test>
          <test-title>padding-left</test-title>
          <test-href>c5509-ipadn-l-001.xht</test-href>
          <reference-value>=</reference-value>
          <reference-href>reference/c5502-imrgn-r-001-ref.xht</reference-href>
          <flags>
              <flag>Ahem</flag><flag>Bitmaps</flag>
              </flags>
        </test><test>
          <test-title>padding-left</test-title>
          <test-href>c5509-ipadn-l-002.xht</test-href>
          <reference-value>=</reference-value>
          <reference-href>reference/c5504-imrgn-l-002-ref.xht</reference-href>
          <flags>
              <flag>Ahem</flag><flag>Bitmaps</flag>
              </flags>
        </test><test>
          <test-title>padding-left</test-title>
          <test-href>c5509-ipadn-l-003.xht</test-href>
          <reference-value>=</reference-value>
          <reference-href>reference/c5502-imrgn-r-003-ref.xht</reference-href>
          <flags>
              <flag>Ahem</flag>
              </flags>
        </test><test>
          <test-title>padding-left</test-title>
          <test-href>c5509-ipadn-l-004.xht</test-href>
          <reference-value>=</reference-value>
          <reference-href>reference/c5509-ipadn-l-004-ref.xht</reference-href>
          <flags>
              <flag>Ahem</flag><flag>Bitmaps</flag><flag>Invalid</flag>
              </flags>
        </test><test>
          <test-title>padding-left</test-title>
          <test-href>c5509-padn-l-000.xht</test-href>
          <reference-value>=</reference-value>
          <reference-href>reference/c5507-padn-r-000-ref.xht</reference-href>
          <flags>
              <flag>Ahem</flag><flag>Bitmaps</flag>
              </flags>
        </test><test>
          <test-title>padding-left</test-title>
          <test-href>c5509-padn-l-001.xht</test-href>
          <reference-value>=</reference-value>
          <reference-href>reference/c5509-padn-l-001-ref.xht</reference-href>
          <flags>
              <flag>Ahem</flag>
              </flags>
        </test><test>
          <test-title>padding-left</test-title>
          <test-href>c5509-padn-l-002.xht</test-href>
          <reference-value>=</reference-value>
          <reference-href>reference/c5509-padn-l-002-ref.xht</reference-href>
          <flags>
              <flag>Invalid</flag>
              </flags>
        </test><test>
          <test-title>padding-left</test-title>
          <test-href>c5509-padn-l-003.xht</test-href>
          <reference-value>=</reference-value>
          <reference-href>reference/c5509-padn-l-003-ref.xht</reference-href>
          <flags>
              <flag>Bitmaps</flag><flag>Invalid</flag>
              </flags>
        </test><test>
          <test-title>padding</test-title>
          <test-href>c5510-ipadn-000.xht</test-href>
          <reference-value>=</reference-value>
          <reference-href>reference/c5510-ipadn-000-ref.xht</reference-href>
          <flags>
              <flag>Ahem</flag><flag>Bitmaps</flag>
              </flags>
        </test><test>
          <test-title>padding</test-title>
          <test-href>c5510-padn-000.xht</test-href>
          <reference-value>=</reference-value>
          <reference-href>reference/c5510-padn-000-ref.xht</reference-href>
          <flags>
              <flag>Ahem</flag><flag>Bitmaps</flag>
              </flags>
        </test><test>
          <test-title>padding</test-title>
          <test-href>c5510-padn-001.xht</test-href>
          <reference-value>=</reference-value>
          <reference-href>reference/c5510-padn-001-ref.xht</reference-href>
          <flags>
              <flag>Ahem</flag>
              </flags>
        </test><test>
          <test-title>padding</test-title>
          <test-href>c5510-padn-002.xht</test-href>
          <reference-value>=</reference-value>
          <reference-href>reference/c5510-padn-002-ref.xht</reference-href>
          <flags>
              <flag>Invalid</flag>
              </flags>
        </test><test>
          <test-title>border-top-width</test-title>
          <test-href>c5511-brdr-tw-001.xht</test-href>
          <reference-value>=</reference-value>
          <reference-href>reference/c5511-brdr-tw-001-ref.xht</reference-href>
          <flags>
              <flag>Bitmaps</flag>
              </flags>
        </test><test>
          <test-title>border-top-width</test-title>
          <test-href>c5511-brdr-tw-002.xht</test-href>
          <reference-value>=</reference-value>
          <reference-href>reference/ref-if-there-is-no-red.xht</reference-href>
          
        </test><test>
          <test-title>border-top-width</test-title>
          <test-href>c5511-brdr-tw-003.xht</test-href>
          <reference-value>=</reference-value>
          <reference-href>reference/c5511-brdr-tw-003-ref.xht</reference-href>
          
        </test><test>
          <test-title>border-top-width</test-title>
          <test-href>c5511-ibrdr-tw-000.xht</test-href>
          <reference-value>=</reference-value>
          <reference-href>reference/c5511-ibrdr-tw-000-ref.xht</reference-href>
          
        </test><test>
          <test-title>border-right-width</test-title>
          <test-href>c5512-brdr-rw-001.xht</test-href>
          <reference-value>=</reference-value>
          <reference-href>reference/c5512-brdr-rw-001-ref.xht</reference-href>
          <flags>
              <flag>Bitmaps</flag>
              </flags>
        </test><test>
          <test-title>border-right-width</test-title>
          <test-href>c5512-brdr-rw-002.xht</test-href>
          <reference-value>=</reference-value>
          <reference-href>reference/ref-if-there-is-no-red.xht</reference-href>
          
        </test><test>
          <test-title>border-right-width</test-title>
          <test-href>c5512-brdr-rw-003.xht</test-href>
          <reference-value>=</reference-value>
          <reference-href>reference/c5512-brdr-rw-003-ref.xht</reference-href>
          
        </test><test>
          <test-title>border-right-width</test-title>
          <test-href>c5512-ibrdr-rw-000.xht</test-href>
          <reference-value>=</reference-value>
          <reference-href>reference/c5512-ibrdr-rw-000-ref.xht</reference-href>
          
        </test><test>
          <test-title>border-bottom-width</test-title>
          <test-href>c5513-brdr-bw-001.xht</test-href>
          <reference-value>=</reference-value>
          <reference-href>reference/c5513-brdr-bw-001-ref.xht</reference-href>
          <flags>
              <flag>Bitmaps</flag>
              </flags>
        </test><test>
          <test-title>border-bottom-width</test-title>
          <test-href>c5513-brdr-bw-002.xht</test-href>
          <reference-value>=</reference-value>
          <reference-href>reference/ref-if-there-is-no-red.xht</reference-href>
          
        </test><test>
          <test-title>border-bottom-width</test-title>
          <test-href>c5513-brdr-bw-003.xht</test-href>
          <reference-value>=</reference-value>
          <reference-href>reference/c5513-brdr-bw-003-ref.xht</reference-href>
          
        </test><test>
          <test-title>border-bottom-width</test-title>
          <test-href>c5513-ibrdr-bw-000.xht</test-href>
          <reference-value>=</reference-value>
          <reference-href>reference/c5513-ibrdr-bw-000-ref.xht</reference-href>
          
        </test><test>
          <test-title>border-left-width</test-title>
          <test-href>c5514-brdr-lw-001.xht</test-href>
          <reference-value>=</reference-value>
          <reference-href>reference/c5514-brdr-lw-001-ref.xht</reference-href>
          <flags>
              <flag>Bitmaps</flag>
              </flags>
        </test><test>
          <test-title>border-left-width</test-title>
          <test-href>c5514-brdr-lw-002.xht</test-href>
          <reference-value>=</reference-value>
          <reference-href>reference/ref-if-there-is-no-red.xht</reference-href>
          
        </test><test>
          <test-title>border-left-width</test-title>
          <test-href>c5514-brdr-lw-003.xht</test-href>
          <reference-value>=</reference-value>
          <reference-href>reference/c5514-brdr-lw-003-ref.xht</reference-href>
          
        </test><test>
          <test-title>border-left-width</test-title>
          <test-href>c5514-ibrdr-lw-000.xht</test-href>
          <reference-value>=</reference-value>
          <reference-href>reference/c5514-ibrdr-lw-000-ref.xht</reference-href>
          
        </test><test>
          <test-title>border-width</test-title>
          <test-href>c5515-brdr-w-001.xht</test-href>
          <reference-value>=</reference-value>
          <reference-href>reference/c5515-brdr-w-001-ref.xht</reference-href>
          <flags>
              <flag>Bitmaps</flag>
              </flags>
        </test><test>
          <test-title>border-width</test-title>
          <test-href>c5515-brdr-w-002.xht</test-href>
          <reference-value>=</reference-value>
          <reference-href>reference/ref-if-there-is-no-red.xht</reference-href>
          
        </test><test>
          <test-title>border-width</test-title>
          <test-href>c5515-ibrdr-000.xht</test-href>
          <reference-value>=</reference-value>
          <reference-href>reference/c5515-ibrdr-000-ref.xht</reference-href>
          
        </test><test>
          <test-title>border-color</test-title>
          <test-href>c5516-brdr-c-000.xht</test-href>
          <reference-value>=</reference-value>
          <reference-href>reference/c5516-brdr-c-000-ref.xht</reference-href>
          
        </test><test>
          <test-title>border-color</test-title>
          <test-href>c5516-ibrdr-c-000.xht</test-href>
          <reference-value>=</reference-value>
          <reference-href>reference/c5516-ibrdr-c-000-ref.xht</reference-href>
          
        </test><test>
          <test-title>border</test-title>
          <test-href>c5522-brdr-001.xht</test-href>
          <reference-value>=</reference-value>
          <reference-href>reference/c5522-brdr-001-ref.xht</reference-href>
          <flags>
              <flag>Bitmaps</flag>
              </flags>
        </test><test>
          <test-title>float</test-title>
          <test-href>c5525-fltblck-000.xht</test-href>
          <reference-value>=</reference-value>
          <reference-href>reference/c5525-fltblck-000-ref.xht</reference-href>
          <flags>
              <flag>Ahem</flag><flag>Bitmaps</flag>
              </flags>
        </test><test>
          <test-title>float</test-title>
          <test-href>c5525-fltinln-000.xht</test-href>
          <reference-value>=</reference-value>
          <reference-href>reference/c5525-fltinln-000-ref.xht</reference-href>
          <flags>
              <flag>Ahem</flag><flag>Bitmaps</flag>
              </flags>
        </test><test>
          <test-title>float</test-title>
          <test-href>c5525-fltmrgn-000.xht</test-href>
          <reference-value>=</reference-value>
          <reference-href>reference/c5525-fltmrgn-000-ref.xht</reference-href>
          <flags>
              <flag>Ahem</flag><flag>Bitmaps</flag>
              </flags>
        </test><test>
          <test-title>float</test-title>
          <test-href>c5525-fltmult-000.xht</test-href>
          <reference-value>=</reference-value>
          <reference-href>reference/c5525-fltmult-000-ref.xht</reference-href>
          <flags>
              <flag>Bitmaps</flag>
              </flags>
        </test><test>
          <test-title>float</test-title>
          <test-href>c5525-fltwidth-001.xht</test-href>
          <reference-value>=</reference-value>
          <reference-href>reference/c5525-fltwidth-001-ref.xht</reference-href>
          <flags>
              <flag>Bitmaps</flag>
              </flags>
        </test><test>
          <test-title>float</test-title>
          <test-href>c5525-fltwidth-003.xht</test-href>
          <reference-value>=</reference-value>
          <reference-href>reference/c5525-fltwidth-003-ref.xht</reference-href>
          <flags>
              <flag>Bitmaps</flag>
              </flags>
        </test><test>
          <test-title>clear</test-title>
          <test-href>c5526-fltclr-000.xht</test-href>
          <reference-value>=</reference-value>
          <reference-href>reference/c5526-fltclr-000-ref.xht</reference-href>
          <flags>
              <flag>Ahem</flag><flag>Bitmaps</flag>
              </flags>
        </test><test>
          <test-title>display</test-title>
          <test-href>c561-list-displ-000.xht</test-href>
          <reference-value>=</reference-value>
          <reference-href>reference/c561-list-displ-000-ref.xht</reference-href>
          
        </test><test>
          <test-title>white-space</test-title>
          <test-href>c562-white-sp-000.xht</test-href>
          <reference-value>=</reference-value>
          <reference-href>reference/c562-white-sp-000-ref.xht</reference-href>
          <flags>
              <flag>Ahem</flag><flag>Bitmaps</flag>
              </flags>
        </test><test>
          <test-title>list-style-type</test-title>
          <test-href>c563-list-type-000.xht</test-href>
          <reference-value>=</reference-value>
          <reference-href>reference/c563-list-type-000-ref.xht</reference-href>
          
        </test><test>
          <test-title>Length Units</test-title>
          <test-href>c61-ex-len-000.xht</test-href>
          <reference-value>=</reference-value>
          <reference-href>reference/c61-ex-len-000-ref.xht</reference-href>
          <flags>
              <flag>Ahem</flag>
              </flags>
        </test><test>
          <test-title>Length Units</test-title>
          <test-href>c61-rel-len-000.xht</test-href>
          <reference-value>=</reference-value>
          <reference-href>reference/c61-rel-len-000-ref.xht</reference-href>
          <flags>
              <flag>Ahem</flag><flag>Bitmaps</flag>
              </flags>
        </test><test>
          <test-title>Percentage Units</test-title>
          <test-href>c62-percent-000.xht</test-href>
          <reference-value>=</reference-value>
          <reference-href>reference/c62-percent-000-ref.xht</reference-href>
          <flags>
              <flag>Ahem</flag><flag>Bitmaps</flag>
              </flags>
        </test><test>
          <test-title>Color Units</test-title>
          <test-href>c63-color-000.xht</test-href>
          <reference-value>=</reference-value>
          <reference-href>reference/c63-color-000-ref.xht</reference-href>
          <flags>
              <flag>Ahem</flag><flag>Bitmaps</flag>
              </flags>
        </test><test>
          <test-title>URLs</test-title>
          <test-href>c64-uri-000.xht</test-href>
          <reference-value>=</reference-value>
          <reference-href>reference/c64-uri-000-ref.xht</reference-href>
          <flags>
              <flag>Bitmaps</flag>
              </flags>
        </test><test>
          <test-title>Forward-Compatible Parsing</test-title>
          <test-href>c71-fwd-parsing-000.xht</test-href>
          <reference-value>=</reference-value>
          <reference-href>reference/c71-fwd-parsing-000-ref.xht</reference-href>
          <flags>
              <flag>Invalid</flag>
              </flags>
        </test><test>
          <test-title>Forward-Compatible Parsing</test-title>
          <test-href>c71-fwd-parsing-001.xht</test-href>
          <reference-value>=</reference-value>
          <reference-href>reference/c71-fwd-parsing-001-ref.xht</reference-href>
          <flags>
              <flag>Invalid</flag>
              </flags>
        </test><test>
          <test-title>Forward-Compatible Parsing</test-title>
          <test-href>c71-fwd-parsing-002.xht</test-href>
          <reference-value>=</reference-value>
          <reference-href>reference/c71-fwd-parsing-002-ref.xht</reference-href>
          <flags>
              <flag>Invalid</flag>
              </flags>
        </test><test>
          <test-title>Forward-Compatible Parsing</test-title>
          <test-href>c71-fwd-parsing-003.xht</test-href>
          <reference-value>=</reference-value>
          <reference-href>reference/c71-fwd-parsing-003-ref.xht</reference-href>
          <flags>
              <flag>Invalid</flag>
              </flags>
        </test><test>
          <test-title>Forward-Compatible Parsing</test-title>
          <test-href>c71-fwd-parsing-004.xht</test-href>
          <reference-value>=</reference-value>
          <reference-href>reference/c71-fwd-parsing-004-ref.xht</reference-href>
          <flags>
              <flag>Invalid</flag>
              </flags>
        </test><test>
          <test-title>caption-side - CSS caption boxes can be positioned above or below a CSS table-cell</test-title>
          <test-href>caption-position-001.xht</test-href>
          <reference-value>=</reference-value>
          <reference-href>reference/caption-position-001-ref.xht</reference-href>
          <flags>
              <flag>Bitmaps</flag>
              </flags>
        </test><test>
          <test-title>Caption-side and 'display: none' elements</test-title>
          <test-href>caption-side-applies-to-016.xht</test-href>
          <reference-value>=</reference-value>
          <reference-href>reference/no-red-on-blank-page-ref.xht</reference-href>
          
        </test><test>
          <test-title>Redefining rules</test-title>
          <test-href>cascade-005.xht</test-href>
          <reference-value>=</reference-value>
          <reference-href>reference/filler-text-below-green.xht</reference-href>
          
        </test><test>
          <test-title>Author rules local and external</test-title>
          <test-href>cascade-007.xht</test-href>
          <reference-value>=</reference-value>
          <reference-href>reference/filler-text-below-green.xht</reference-href>
          
        </test><test>
          <test-title>Author rules with !important and other normal author rules</test-title>
          <test-href>cascade-009.xht</test-href>
          <reference-value>=</reference-value>
          <reference-href>reference/filler-text-below-green.xht</reference-href>
          
        </test><test>
          <test-title>!important author rule in :first-letter pseudo-element</test-title>
          <test-href>cascade-009a.xht</test-href>
          <reference-value>=</reference-value>
          <reference-href>reference/cascade-009a-ref.xht</reference-href>
          
        </test><test>
          <test-title>!important author rule in :first-line pseudo-element</test-title>
          <test-href>cascade-009b.xht</test-href>
          <reference-value>=</reference-value>
          <reference-href>reference/cascade-009b-ref.xht</reference-href>
          
        </test><test>
          <test-title>@import and !important</test-title>
          <test-href>cascade-012.xht</test-href>
          <reference-value>=</reference-value>
          <reference-href>reference/cascade-012-ref.xht</reference-href>
          
        </test><test>
          <test-title>Dynamic sheet append (&lt;style&gt;)</test-title>
          <test-href>cascade-import-dynamic-001.xht</test-href>
          <reference-value>=</reference-value>
          <reference-href>reference/ref-this-text-should-be-green.xht</reference-href>
          
        </test><test>
          <test-title>Dynamic sheet append (&lt;link&gt;)</test-title>
          <test-href>cascade-import-dynamic-002.xht</test-href>
          <reference-value>=</reference-value>
          <reference-href>reference/ref-this-text-should-be-green.xht</reference-href>
          
        </test><test>
          <test-title>Dynamic sheet insertion (&lt;style&gt;)</test-title>
          <test-href>cascade-import-dynamic-003.xht</test-href>
          <reference-value>=</reference-value>
          <reference-href>reference/ref-this-text-should-be-green.xht</reference-href>
          
        </test><test>
          <test-title>Dynamic sheet insertion (&lt;link&gt;)</test-title>
          <test-href>cascade-import-dynamic-004.xht</test-href>
          <reference-value>=</reference-value>
          <reference-href>reference/ref-this-text-should-be-green.xht</reference-href>
          
        </test><test>
          <test-title>Dynamic sheet deletion (&lt;style&gt;)</test-title>
          <test-href>cascade-import-dynamic-005.xht</test-href>
          <reference-value>=</reference-value>
          <reference-href>reference/ref-this-text-should-be-green.xht</reference-href>
          
        </test><test>
          <test-title>Dynamic sheet deletion (&lt;link&gt;)</test-title>
          <test-href>cascade-import-dynamic-006.xht</test-href>
          <reference-value>=</reference-value>
          <reference-href>reference/ref-this-text-should-be-green.xht</reference-href>
          
        </test><test>
          <test-title>Control test</test-title>
          <test-href>cascade-import-dynamic-control.xht</test-href>
          <reference-value>=</reference-value>
          <reference-href>reference/ref-this-text-should-be-green.xht</reference-href>
          
        </test><test>
          <test-title>Case-sensitivity of Properties and Keywords (background)</test-title>
          <test-href>case-sensitive-000.xht</test-href>
          <reference-value>=</reference-value>
          <reference-href>reference/ref-green-background.xht</reference-href>
          
        </test><test>
          <test-title>Case-sensitivity of At-rules (@media)</test-title>
          <test-href>case-sensitive-001.xht</test-href>
          <reference-value>=</reference-value>
          <reference-href>reference/ref-green-background.xht</reference-href>
          
        </test><test>
          <test-title>Case-sensitivity of pseudo-classes and pseudo-elements</test-title>
          <test-href>case-sensitive-003.xht</test-href>
          <reference-value>=</reference-value>
          <reference-href>reference/case-sensitive-003-ref.xht</reference-href>
          
        </test><test>
          <test-title>Case-sensitivity of :lang() arguments</test-title>
          <test-href>case-sensitive-004.xht</test-href>
          <reference-value>=</reference-value>
          <reference-href>reference/case-sensitive-003-ref.xht</reference-href>
          
        </test><test>
          <test-title>Case-sensitivity of counter names</test-title>
          <test-href>case-sensitive-005.xht</test-href>
          <reference-value>=</reference-value>
          <reference-href>reference/case-sensitive-005-ref.xht</reference-href>
          
        </test><test>
          <test-title>Case sensitivity with element selectors</test-title>
          <test-href>case-sensitive-007.xht</test-href>
          <reference-value>=</reference-value>
          <reference-href>reference/no-red-filler-text-ref.xht</reference-href>
          
        </test><test>
          <test-title>@charset test-attribute</test-title>
          <test-href>charset-attr-001.xht</test-href>
          <reference-value>=</reference-value>
          <reference-href>reference/at-charset-ref.xht</reference-href>
          
        </test><test>
          <test-title>Class selectors with only a partial match of 'class' attribute</test-title>
          <test-href>class-selector-001.xht</test-href>
          <reference-value>=</reference-value>
          <reference-href>reference/no-red-filler-text-ref.xht</reference-href>
          
        </test><test>
          <test-title>Class selectors with a type</test-title>
          <test-href>class-selector-002.xht</test-href>
          <reference-value>=</reference-value>
          <reference-href>reference/filler-text-below-green.xht</reference-href>
          
        </test><test>
          <test-title>Class selectors without a type</test-title>
          <test-href>class-selector-003.xht</test-href>
          <reference-value>=</reference-value>
          <reference-href>reference/filler-text-below-green.xht</reference-href>
          
        </test><test>
          <test-title>Invalid class selectors with a space between the &quot;.&quot; and the class name</test-title>
          <test-href>class-selector-004.xht</test-href>
          <reference-value>=</reference-value>
          <reference-href>reference/no-red-filler-text-ref.xht</reference-href>
          <flags>
              <flag>Invalid</flag>
              </flags>
        </test><test>
          <test-title>Invalid class selectors with a carriage return between the &quot;.&quot; and the class name</test-title>
          <test-href>class-selector-005.xht</test-href>
          <reference-value>=</reference-value>
          <reference-href>reference/no-red-filler-text-ref.xht</reference-href>
          <flags>
              <flag>Invalid</flag>
              </flags>
        </test><test>
          <test-title>Multiple class selectors</test-title>
          <test-href>class-selector-006.xht</test-href>
          <reference-value>=</reference-value>
          <reference-href>reference/filler-text-below-green.xht</reference-href>
          
        </test><test>
          <test-title>Multiple class selectors and missing class values</test-title>
          <test-href>class-selector-007.xht</test-href>
          <reference-value>=</reference-value>
          <reference-href>reference/no-red-filler-text-ref.xht</reference-href>
          
        </test><test>
          <test-title>Clear set to 'left'</test-title>
          <test-href>clear-001.xht</test-href>
          <reference-value>=</reference-value>
          <reference-href>reference/clear-001-ref.xht</reference-href>
          
        </test><test>
          <test-title>Clear set to 'right'</test-title>
          <test-href>clear-002.xht</test-href>
          <reference-value>=</reference-value>
          <reference-href>reference/clear-002-ref.xht</reference-href>
          
        </test><test>
          <test-title>Clear set to 'both'</test-title>
          <test-href>clear-003.xht</test-href>
          <reference-value>=</reference-value>
          <reference-href>reference/clear-003-ref.xht</reference-href>
          
        </test><test>
          <test-title>Clear set to 'none'</test-title>
          <test-href>clear-004.xht</test-href>
          <reference-value>=</reference-value>
          <reference-href>reference/ref-filled-green-100px-square.xht</reference-href>
          
        </test><test>
          <test-title>Clear set to 'inherit'</test-title>
          <test-href>clear-005.xht</test-href>
          <reference-value>=</reference-value>
          <reference-href>reference/clear-001-ref.xht</reference-href>
          
        </test><test>
          <test-title>Clear on floats after floats with display:none blocks between them</test-title>
          <test-href>clear-applies-to-000.xht</test-href>
          <reference-value>=</reference-value>
          <reference-href>reference/clear-applies-to-000-ref.xht</reference-href>
          
        </test><test>
          <test-title>Clear applied to element with 'display' set to 'table-row-group'</test-title>
          <test-href>clear-applies-to-001.xht</test-href>
          <reference-value>=</reference-value>
          <reference-href>reference/clear-applies-to-001-ref.xht</reference-href>
          
        </test><test>
          <test-title>Clear applied to element with 'display' set to 'table-header-group'</test-title>
          <test-href>clear-applies-to-002.xht</test-href>
          <reference-value>=</reference-value>
          <reference-href>reference/clear-applies-to-001-ref.xht</reference-href>
          
        </test><test>
          <test-title>Clear applied to element with 'display' set to 'table-footer-group'</test-title>
          <test-href>clear-applies-to-003.xht</test-href>
          <reference-value>=</reference-value>
          <reference-href>reference/clear-applies-to-001-ref.xht</reference-href>
          
        </test><test>
          <test-title>Clear applied to element with 'display' set to 'table-row'</test-title>
          <test-href>clear-applies-to-004.xht</test-href>
          <reference-value>=</reference-value>
          <reference-href>reference/clear-applies-to-001-ref.xht</reference-href>
          
        </test><test>
          <test-title>Clear applied to element with 'display' set to 'table-column-group'</test-title>
          <test-href>clear-applies-to-005.xht</test-href>
          <reference-value>=</reference-value>
          <reference-href>reference/clear-applies-to-001-ref.xht</reference-href>
          
        </test><test>
          <test-title>Clear applied to element with 'display' set to 'table-column'</test-title>
          <test-href>clear-applies-to-006.xht</test-href>
          <reference-value>=</reference-value>
          <reference-href>reference/clear-applies-to-001-ref.xht</reference-href>
          
        </test><test>
          <test-title>Clear applied to element with 'display' set to 'table-cell'</test-title>
          <test-href>clear-applies-to-007.xht</test-href>
          <reference-value>=</reference-value>
          <reference-href>reference/clear-applies-to-001-ref.xht</reference-href>
          
        </test><test>
          <test-title>Clear on inline elements</test-title>
          <test-href>clear-applies-to-008.xht</test-href>
          <reference-value>=</reference-value>
          <reference-href>reference/clear-applies-to-008-ref.xht</reference-href>
          
        </test><test>
          <test-title>Clear applied to element with 'display' set to block</test-title>
          <test-href>clear-applies-to-009.xht</test-href>
          <reference-value>=</reference-value>
          <reference-href>reference/clear-applies-to-009-ref.xht</reference-href>
          
        </test><test>
          <test-title>Clear applied to element with 'display' set to inline-block</test-title>
          <test-href>clear-applies-to-012.xht</test-href>
          <reference-value>=</reference-value>
          <reference-href>reference/clear-applies-to-001-ref.xht</reference-href>
          
        </test><test>
          <test-title>Clear applied to element with 'display' set to 'table'</test-title>
          <test-href>clear-applies-to-013.xht</test-href>
          <reference-value>=</reference-value>
          <reference-href>reference/clear-applies-to-009-ref.xht</reference-href>
          
        </test><test>
          <test-title>Clear applied to element with 'display' set to 'inline-table'</test-title>
          <test-href>clear-applies-to-014.xht</test-href>
          <reference-value>=</reference-value>
          <reference-href>reference/clear-applies-to-001-ref.xht</reference-href>
          
        </test><test>
          <test-title>Clear applied to element with 'display' set to 'table-caption'</test-title>
          <test-href>clear-applies-to-015.xht</test-href>
          <reference-value>=</reference-value>
          <reference-href>reference/clear-applies-to-001-ref.xht</reference-href>
          
        </test><test>
          <test-title>'clear' applied to the table wrapper box (has 1 caption at top)</test-title>
          <test-href>clear-applies-to-016.xht</test-href>
          <reference-value>=</reference-value>
          <reference-href>reference/clear-applies-to-009-ref.xht</reference-href>
          
        </test><test>
          <test-title>'clear' applied to the table wrapper box (has 1 caption at bottom)</test-title>
          <test-href>clear-applies-to-017.xht</test-href>
          <reference-value>=</reference-value>
          <reference-href>reference/clear-applies-to-009-ref.xht</reference-href>
          
        </test><test>
          <test-title>Clearance calculations - clear box non-collapsing margins with larger margings than clearance</test-title>
          <test-href>clear-clearance-calculation-001.xht</test-href>
          <reference-value>=</reference-value>
          <reference-href>reference/clear-clearance-calculation-001-ref.xht</reference-href>
          <flags>
              <flag>Ahem</flag><flag>Bitmaps</flag>
              </flags>
        </test><test>
          <test-title>Clearance calculations - clear box non-collapsing margins with larger clearance than margins</test-title>
          <test-href>clear-clearance-calculation-002.xht</test-href>
          <reference-value>=</reference-value>
          <reference-href>reference/clear-clearance-calculation-002-ref.xht</reference-href>
          <flags>
              <flag>Ahem</flag><flag>Bitmaps</flag>
              </flags>
        </test><test>
          <test-title>Clearance calculations - clear box collapsing margins</test-title>
          <test-href>clear-clearance-calculation-003.xht</test-href>
          <reference-value>=</reference-value>
          <reference-href>reference/clear-clearance-calculation-003-ref.xht</reference-href>
          
        </test><test>
          <test-title>clear and clearance calculation - margin collapsing</test-title>
          <test-href>clear-clearance-calculation-004.xht</test-href>
          <reference-value>=</reference-value>
          <reference-href>reference/clear-clearance-calculation-004-ref.xht</reference-href>
          
        </test><test>
          <test-title>clear and clearance calculation - margin collapsing</test-title>
          <test-href>clear-clearance-calculation-005.xht</test-href>
          <reference-value>=</reference-value>
          <reference-href>reference/clear-clearance-calculation-005-ref.xht</reference-href>
          
        </test><test>
          <test-title>Clear default inheritance</test-title>
          <test-href>clear-default-inheritance-001.xht</test-href>
          <reference-value>=</reference-value>
          <reference-href>reference/ref-filled-green-100px-square.xht</reference-href>
          
        </test><test>
          <test-title>Child elements are not impacted by 'clear'</test-title>
          <test-href>clear-float-001.xht</test-href>
          <reference-value>=</reference-value>
          <reference-href>reference/clear-float-001-ref.xht</reference-href>
          
        </test><test>
          <test-title>Clearance of floats and top margin affect</test-title>
          <test-href>clear-float-002.xht</test-href>
          <reference-value>=</reference-value>
          <reference-href>reference/clear-float-002-ref.xht</reference-href>
          
        </test><test>
          <test-title>Clear floats handled after margin collapsing</test-title>
          <test-href>clear-float-003.xht</test-href>
          <reference-value>=</reference-value>
          <reference-href>reference/clear-float-003-ref.xht</reference-href>
          
        </test><test>
          <test-title>Clear set to 'left' with earlier left floated boxes</test-title>
          <test-href>clear-float-004.xht</test-href>
          <reference-value>=</reference-value>
          <reference-href>reference/clear-float-004-ref.xht</reference-href>
          
        </test><test>
          <test-title>Clear set to 'right' with earlier right floated boxes</test-title>
          <test-href>clear-float-005.xht</test-href>
          <reference-value>=</reference-value>
          <reference-href>reference/clear-float-005-ref.xht</reference-href>
          
        </test><test>
          <test-title>Clear set to 'both' with earlier floated boxes</test-title>
          <test-href>clear-float-006.xht</test-href>
          <reference-value>=</reference-value>
          <reference-href>reference/clear-float-006-ref.xht</reference-href>
          
        </test><test>
          <test-title>Clear set to 'left' with later left floated boxes</test-title>
          <test-href>clear-float-007.xht</test-href>
          <reference-value>=</reference-value>
          <reference-href>reference/adjacent-floats-001-ref.xht</reference-href>
          
        </test><test>
          <test-title>Clear set to 'right' with later right floated boxes</test-title>
          <test-href>clear-float-008.xht</test-href>
          <reference-value>=</reference-value>
          <reference-href>reference/adjacent-floats-001-ref.xht</reference-href>
          
        </test><test>
          <test-title>Clear set to 'both' with later floated boxes</test-title>
          <test-href>clear-float-009.xht</test-href>
          <reference-value>=</reference-value>
          <reference-href>reference/clear-float-009-ref.xht</reference-href>
          
        </test><test>
          <test-title>Clear initial value</test-title>
          <test-href>clear-initial-001.xht</test-href>
          <reference-value>=</reference-value>
          <reference-href>reference/ref-filled-green-100px-square.xht</reference-href>
          
        </test><test>
          <test-title>Clear on inline elements</test-title>
          <test-href>clear-inline-001.xht</test-href>
          <reference-value>=</reference-value>
          <reference-href>reference/clear-inline-001-ref.xht</reference-href>
          
        </test><test>
          <test-title>Zero Clearance</test-title>
          <test-href>clearance-006.xht</test-href>
          <reference-value>=</reference-value>
          <reference-href>reference/clearance-006-ref.xht</reference-href>
          
        </test><test>
          <test-title>clip - auto value</test-title>
          <test-href>clip-001.xht</test-href>
          <reference-value>=</reference-value>
          <reference-href>reference/ref-filled-green-100px-square.xht</reference-href>
          <flags>
              <flag>DOM/JS</flag>
              </flags>
        </test><test>
          <test-title>Clip using pixels with a negative zero value, -0px</test-title>
          <test-href>clip-004.xht</test-href>
          <reference-value>=</reference-value>
          <reference-href>reference/no-red-on-blank-page-ref.xht</reference-href>
          
        </test><test>
          <test-title>Clip using pixels with a zero value, 0px</test-title>
          <test-href>clip-005.xht</test-href>
          <reference-value>=</reference-value>
          <reference-href>reference/no-red-on-blank-page-ref.xht</reference-href>
          
        </test><test>
          <test-title>Clip using pixels with a zero value, +0px</test-title>
          <test-href>clip-006.xht</test-href>
          <reference-value>=</reference-value>
          <reference-href>reference/no-red-on-blank-page-ref.xht</reference-href>
          
        </test><test>
          <test-title>Clip using pixels with a nominal value, 96px</test-title>
          <test-href>clip-007.xht</test-href>
          <reference-value>=</reference-value>
          <reference-href>reference/no-red-on-blank-page-ref.xht</reference-href>
          
        </test><test>
          <test-title>Clip using pixels with a positive nominal value, +96px</test-title>
          <test-href>clip-008.xht</test-href>
          <reference-value>=</reference-value>
          <reference-href>reference/no-red-on-blank-page-ref.xht</reference-href>
          
        </test><test>
          <test-title>Clip using points with a negative zero value, -0pt</test-title>
          <test-href>clip-016.xht</test-href>
          <reference-value>=</reference-value>
          <reference-href>reference/no-red-on-blank-page-ref.xht</reference-href>
          
        </test><test>
          <test-title>Clip using points with a zero value, 0pt</test-title>
          <test-href>clip-017.xht</test-href>
          <reference-value>=</reference-value>
          <reference-href>reference/no-red-on-blank-page-ref.xht</reference-href>
          
        </test><test>
          <test-title>Clip using points with a zero value, +0pt</test-title>
          <test-href>clip-018.xht</test-href>
          <reference-value>=</reference-value>
          <reference-href>reference/no-red-on-blank-page-ref.xht</reference-href>
          
        </test><test>
          <test-title>Clip using points with a nominal value, 72pt</test-title>
          <test-href>clip-019.xht</test-href>
          <reference-value>=</reference-value>
          <reference-href>reference/no-red-on-blank-page-ref.xht</reference-href>
          
        </test><test>
          <test-title>Clip using points with a positive nominal value, +72pt</test-title>
          <test-href>clip-020.xht</test-href>
          <reference-value>=</reference-value>
          <reference-href>reference/no-red-on-blank-page-ref.xht</reference-href>
          
        </test><test>
          <test-title>Clip using picas with a negative zero value, -0pc</test-title>
          <test-href>clip-028.xht</test-href>
          <reference-value>=</reference-value>
          <reference-href>reference/no-red-on-blank-page-ref.xht</reference-href>
          
        </test><test>
          <test-title>Clip using picas with a zero value, 0pc</test-title>
          <test-href>clip-029.xht</test-href>
          <reference-value>=</reference-value>
          <reference-href>reference/no-red-on-blank-page-ref.xht</reference-href>
          
        </test><test>
          <test-title>Clip using picas with a zero value, +0pc</test-title>
          <test-href>clip-030.xht</test-href>
          <reference-value>=</reference-value>
          <reference-href>reference/no-red-on-blank-page-ref.xht</reference-href>
          
        </test><test>
          <test-title>Clip using picas with a nominal value, 6pc</test-title>
          <test-href>clip-031.xht</test-href>
          <reference-value>=</reference-value>
          <reference-href>reference/no-red-on-blank-page-ref.xht</reference-href>
          
        </test><test>
          <test-title>Clip using picas with a positive nominal value, +6pc</test-title>
          <test-href>clip-032.xht</test-href>
          <reference-value>=</reference-value>
          <reference-href>reference/no-red-on-blank-page-ref.xht</reference-href>
          
        </test><test>
          <test-title>Clip using centimeters with a negative zero value, -0cm</test-title>
          <test-href>clip-040.xht</test-href>
          <reference-value>=</reference-value>
          <reference-href>reference/no-red-on-blank-page-ref.xht</reference-href>
          
        </test><test>
          <test-title>Clip using centimeters with a zero value, 0cm</test-title>
          <test-href>clip-041.xht</test-href>
          <reference-value>=</reference-value>
          <reference-href>reference/no-red-on-blank-page-ref.xht</reference-href>
          
        </test><test>
          <test-title>Clip using centimeters with a zero value, +0cm</test-title>
          <test-href>clip-042.xht</test-href>
          <reference-value>=</reference-value>
          <reference-href>reference/no-red-on-blank-page-ref.xht</reference-href>
          
        </test><test>
          <test-title>Clip using centimeters with a nominal value, 2.54cm</test-title>
          <test-href>clip-043.xht</test-href>
          <reference-value>=</reference-value>
          <reference-href>reference/no-red-on-blank-page-ref.xht</reference-href>
          
        </test><test>
          <test-title>Clip using centimeters with a positive nominal value, +2.54cm</test-title>
          <test-href>clip-044.xht</test-href>
          <reference-value>=</reference-value>
          <reference-href>reference/no-red-on-blank-page-ref.xht</reference-href>
          
        </test><test>
          <test-title>Clip using millimeters with a negative zero value, -0mm</test-title>
          <test-href>clip-052.xht</test-href>
          <reference-value>=</reference-value>
          <reference-href>reference/no-red-on-blank-page-ref.xht</reference-href>
          
        </test><test>
          <test-title>Clip using millimeters with a zero value, 0mm</test-title>
          <test-href>clip-053.xht</test-href>
          <reference-value>=</reference-value>
          <reference-href>reference/no-red-on-blank-page-ref.xht</reference-href>
          
        </test><test>
          <test-title>Clip using millimeters with a zero value, +0mm</test-title>
          <test-href>clip-054.xht</test-href>
          <reference-value>=</reference-value>
          <reference-href>reference/no-red-on-blank-page-ref.xht</reference-href>
          
        </test><test>
          <test-title>Clip using millimeters with a nominal value, 25.4mm</test-title>
          <test-href>clip-055.xht</test-href>
          <reference-value>=</reference-value>
          <reference-href>reference/no-red-on-blank-page-ref.xht</reference-href>
          
        </test><test>
          <test-title>Clip using millimeters with a positive nominal value, +25.4mm</test-title>
          <test-href>clip-056.xht</test-href>
          <reference-value>=</reference-value>
          <reference-href>reference/no-red-on-blank-page-ref.xht</reference-href>
          
        </test><test>
          <test-title>Clip using inches with a negative zero value, -0in</test-title>
          <test-href>clip-064.xht</test-href>
          <reference-value>=</reference-value>
          <reference-href>reference/no-red-on-blank-page-ref.xht</reference-href>
          
        </test><test>
          <test-title>Clip using inches with a zero value, 0in</test-title>
          <test-href>clip-065.xht</test-href>
          <reference-value>=</reference-value>
          <reference-href>reference/no-red-on-blank-page-ref.xht</reference-href>
          
        </test><test>
          <test-title>Clip using inches with a zero value, +0in</test-title>
          <test-href>clip-066.xht</test-href>
          <reference-value>=</reference-value>
          <reference-href>reference/no-red-on-blank-page-ref.xht</reference-href>
          
        </test><test>
          <test-title>Clip using inches with a nominal value, 1in</test-title>
          <test-href>clip-067.xht</test-href>
          <reference-value>=</reference-value>
          <reference-href>reference/no-red-on-blank-page-ref.xht</reference-href>
          
        </test><test>
          <test-title>Clip using inches with a positive nominal value, +96in</test-title>
          <test-href>clip-068.xht</test-href>
          <reference-value>=</reference-value>
          <reference-href>reference/no-red-on-blank-page-ref.xht</reference-href>
          
        </test><test>
          <test-title>Clip using 'em' units with a negative zero value, -0em</test-title>
          <test-href>clip-076.xht</test-href>
          <reference-value>=</reference-value>
          <reference-href>reference/no-red-on-blank-page-ref.xht</reference-href>
          <flags>
              <flag>Ahem</flag>
              </flags>
        </test><test>
          <test-title>Clip using 'em' units with a zero value, 0em</test-title>
          <test-href>clip-077.xht</test-href>
          <reference-value>=</reference-value>
          <reference-href>reference/no-red-on-blank-page-ref.xht</reference-href>
          <flags>
              <flag>Ahem</flag>
              </flags>
        </test><test>
          <test-title>Clip using 'em' units with a positive zero value, +0em</test-title>
          <test-href>clip-078.xht</test-href>
          <reference-value>=</reference-value>
          <reference-href>reference/no-red-on-blank-page-ref.xht</reference-href>
          <flags>
              <flag>Ahem</flag>
              </flags>
        </test><test>
          <test-title>Clip using 'em' units with a nominal value, 6em</test-title>
          <test-href>clip-079.xht</test-href>
          <reference-value>=</reference-value>
          <reference-href>reference/no-red-on-blank-page-ref.xht</reference-href>
          <flags>
              <flag>Ahem</flag>
              </flags>
        </test><test>
          <test-title>Clip using 'em' units with a positive nominal value, +6em</test-title>
          <test-href>clip-080.xht</test-href>
          <reference-value>=</reference-value>
          <reference-href>reference/no-red-on-blank-page-ref.xht</reference-href>
          <flags>
              <flag>Ahem</flag>
              </flags>
        </test><test>
          <test-title>Clip using 'ex' units with a negative zero value, -0ex</test-title>
          <test-href>clip-088.xht</test-href>
          <reference-value>=</reference-value>
          <reference-href>reference/no-red-on-blank-page-ref.xht</reference-href>
          <flags>
              <flag>Ahem</flag>
              </flags>
        </test><test>
          <test-title>Clip using 'ex' units with a zero value, 0ex</test-title>
          <test-href>clip-089.xht</test-href>
          <reference-value>=</reference-value>
          <reference-href>reference/no-red-on-blank-page-ref.xht</reference-href>
          <flags>
              <flag>Ahem</flag>
              </flags>
        </test><test>
          <test-title>Clip using 'ex' units with a positive zero value, +0ex</test-title>
          <test-href>clip-090.xht</test-href>
          <reference-value>=</reference-value>
          <reference-href>reference/no-red-on-blank-page-ref.xht</reference-href>
          <flags>
              <flag>Ahem</flag>
              </flags>
        </test><test>
          <test-title>Clip using 'ex' units with a nominal value, 7.5ex</test-title>
          <test-href>clip-091.xht</test-href>
          <reference-value>=</reference-value>
          <reference-href>reference/no-red-on-blank-page-ref.xht</reference-href>
          <flags>
              <flag>Ahem</flag>
              </flags>
        </test><test>
          <test-title>Clip using 'ex' units with a positive nominal value, +7.5ex</test-title>
          <test-href>clip-092.xht</test-href>
          <reference-value>=</reference-value>
          <reference-href>reference/no-red-on-blank-page-ref.xht</reference-href>
          <flags>
              <flag>Ahem</flag>
              </flags>
        </test><test>
          <test-title>Clip with a negative zero value with no units, -0</test-title>
          <test-href>clip-097.xht</test-href>
          <reference-value>=</reference-value>
          <reference-href>reference/no-red-on-blank-page-ref.xht</reference-href>
          
        </test><test>
          <test-title>Clip with a zero value with no units, 0</test-title>
          <test-href>clip-098.xht</test-href>
          <reference-value>=</reference-value>
          <reference-href>reference/no-red-on-blank-page-ref.xht</reference-href>
          
        </test><test>
          <test-title>Clip with a positive zero value with no units, +0</test-title>
          <test-href>clip-099.xht</test-href>
          <reference-value>=</reference-value>
          <reference-href>reference/no-red-on-blank-page-ref.xht</reference-href>
          
        </test><test>
          <test-title>Clip with the value 'inherit'</test-title>
          <test-href>clip-102.xht</test-href>
          <reference-value>=</reference-value>
          <reference-href>reference/no-red-on-blank-page-ref.xht</reference-href>
          
        </test><test>
          <test-title>border-collapse - 'border-spacing' does not apply to 'border-collapse: collapse' tables</test-title>
          <test-href>collapsing-border-model-010a.xht</test-href>
          <reference-value>=</reference-value>
          <reference-href>reference/ref-filled-green-100px-square.xht</reference-href>
          <flags>
              <flag>Ahem</flag>
              </flags>
        </test><test>
          <test-title>border-collapse - 'border-spacing' does not apply to 'border-collapse: collapse' tables</test-title>
          <test-href>collapsing-border-model-010b.xht</test-href>
          <reference-value>=</reference-value>
          <reference-href>reference/ref-filled-green-100px-square.xht</reference-href>
          <flags>
              <flag>Ahem</flag>
              </flags>
        </test><test>
          <test-title>RGB color syntax error handling</test-title>
          <test-href>color-000.xht</test-href>
          <reference-value>=</reference-value>
          <reference-href>reference/color-000-ref.xht</reference-href>
          <flags>
              <flag>Invalid</flag>
              </flags>
        </test><test>
          <test-title>Color set to hex with 5 digits which is invalid and is equivalent to minimum minus one value for 6 digit hex</test-title>
          <test-href>color-001.xht</test-href>
          <reference-value>=</reference-value>
          <reference-href>reference/color-001-ref.xht</reference-href>
          <flags>
              <flag>Ahem</flag><flag>Invalid</flag>
              </flags>
        </test><test>
          <test-title>Color set to hex with six digits with the minimum value, #000000</test-title>
          <test-href>color-002.xht</test-href>
          <reference-value>=</reference-value>
          <reference-href>reference/color-002-ref.xht</reference-href>
          <flags>
              <flag>Ahem</flag>
              </flags>
        </test><test>
          <test-title>Color set to hex with six digits with the minimum plus one value, #010101</test-title>
          <test-href>color-003.xht</test-href>
          <reference-value>=</reference-value>
          <reference-href>reference/color-003-ref.xht</reference-href>
          <flags>
              <flag>Ahem</flag>
              </flags>
        </test><test>
          <test-title>Color set to hex with six digits with a nominal value #999999</test-title>
          <test-href>color-004.xht</test-href>
          <reference-value>=</reference-value>
          <reference-href>reference/color-004-ref.xht</reference-href>
          <flags>
              <flag>Ahem</flag>
              </flags>
        </test><test>
          <test-title>Color set to hex with six digits with the maximum minus one value of #fefefe</test-title>
          <test-href>color-005.xht</test-href>
          <reference-value>=</reference-value>
          <reference-href>reference/color-005-ref.xht</reference-href>
          <flags>
              <flag>Ahem</flag>
              </flags>
        </test><test>
          <test-title>Color set to hex with six digits with the maximum value of #ffffff</test-title>
          <test-href>color-006.xht</test-href>
          <reference-value>=</reference-value>
          <reference-href>reference/color-006-ref.xht</reference-href>
          <flags>
              <flag>Ahem</flag>
              </flags>
        </test><test>
          <test-title>Color set to hex with six digits with the maximum plus one value of #1000000</test-title>
          <test-href>color-007.xht</test-href>
          <reference-value>=</reference-value>
          <reference-href>reference/color-002-ref.xht</reference-href>
          <flags>
              <flag>Ahem</flag><flag>Invalid</flag>
              </flags>
        </test><test>
          <test-title>Color set to hex with six digits with the maximum plus one value of #fgfgfg</test-title>
          <test-href>color-008.xht</test-href>
          <reference-value>=</reference-value>
          <reference-href>reference/color-002-ref.xht</reference-href>
          <flags>
              <flag>Ahem</flag><flag>Invalid</flag>
              </flags>
        </test><test>
          <test-title>Color set to hex with six digits with a red set to minimum plus one value, #010000</test-title>
          <test-href>color-009.xht</test-href>
          <reference-value>=</reference-value>
          <reference-href>reference/color-009-ref.xht</reference-href>
          <flags>
              <flag>Ahem</flag>
              </flags>
        </test><test>
          <test-title>Color set to hex with six digits with a red set to a nominal value, #990000</test-title>
          <test-href>color-010.xht</test-href>
          <reference-value>=</reference-value>
          <reference-href>reference/color-010-ref.xht</reference-href>
          <flags>
              <flag>Ahem</flag>
              </flags>
        </test><test>
          <test-title>Color set to hex with six digits with a red set to maximum minus one value, #fe0000</test-title>
          <test-href>color-011.xht</test-href>
          <reference-value>=</reference-value>
          <reference-href>reference/color-011-ref.xht</reference-href>
          <flags>
              <flag>Ahem</flag>
              </flags>
        </test><test>
          <test-title>Color set to hex with six digits with a red set to the maximum value, #ff0000</test-title>
          <test-href>color-012.xht</test-href>
          <reference-value>=</reference-value>
          <reference-href>reference/color-012-ref.xht</reference-href>
          <flags>
              <flag>Ahem</flag>
              </flags>
        </test><test>
          <test-title>Color set to hex with six digits with a red set to the maximum plus one value, #fg0000</test-title>
          <test-href>color-013.xht</test-href>
          <reference-value>=</reference-value>
          <reference-href>reference/color-002-ref.xht</reference-href>
          <flags>
              <flag>Ahem</flag><flag>Invalid</flag>
              </flags>
        </test><test>
          <test-title>Color set to hex with six digits with a green set to minimum plus one value, #000100</test-title>
          <test-href>color-014.xht</test-href>
          <reference-value>=</reference-value>
          <reference-href>reference/color-014-ref.xht</reference-href>
          <flags>
              <flag>Ahem</flag>
              </flags>
        </test><test>
          <test-title>Color set to hex with six digits with a green set to a nominal value, #009900</test-title>
          <test-href>color-015.xht</test-href>
          <reference-value>=</reference-value>
          <reference-href>reference/color-015-ref.xht</reference-href>
          <flags>
              <flag>Ahem</flag>
              </flags>
        </test><test>
          <test-title>Color set to hex with six digits with a green set to maximum minus one value, #00fe00</test-title>
          <test-href>color-016.xht</test-href>
          <reference-value>=</reference-value>
          <reference-href>reference/color-016-ref.xht</reference-href>
          <flags>
              <flag>Ahem</flag>
              </flags>
        </test><test>
          <test-title>Color set to hex with six digits with a green set to the maximum value, #00ff00</test-title>
          <test-href>color-017.xht</test-href>
          <reference-value>=</reference-value>
          <reference-href>reference/color-017-ref.xht</reference-href>
          <flags>
              <flag>Ahem</flag>
              </flags>
        </test><test>
          <test-title>Color set to hex with six digits with a green set to the maximum plus one value, #00fg00</test-title>
          <test-href>color-018.xht</test-href>
          <reference-value>=</reference-value>
          <reference-href>reference/color-002-ref.xht</reference-href>
          <flags>
              <flag>Ahem</flag><flag>Invalid</flag>
              </flags>
        </test><test>
          <test-title>Color set to hex with six digits with a blue set to minimum plus one value, #000001</test-title>
          <test-href>color-019.xht</test-href>
          <reference-value>=</reference-value>
          <reference-href>reference/color-019-ref.xht</reference-href>
          <flags>
              <flag>Ahem</flag>
              </flags>
        </test><test>
          <test-title>Color set to hex with six digits with a blue set to a nominal value, #000099</test-title>
          <test-href>color-020.xht</test-href>
          <reference-value>=</reference-value>
          <reference-href>reference/color-020-ref.xht</reference-href>
          <flags>
              <flag>Ahem</flag>
              </flags>
        </test><test>
          <test-title>Color set to hex with six digits with a blue set to maximum minus one value, #0000fe</test-title>
          <test-href>color-021.xht</test-href>
          <reference-value>=</reference-value>
          <reference-href>reference/color-021-ref.xht</reference-href>
          <flags>
              <flag>Ahem</flag>
              </flags>
        </test><test>
          <test-title>Color set to hex with six digits with a blue set to the maximum value, #0000ff</test-title>
          <test-href>color-022.xht</test-href>
          <reference-value>=</reference-value>
          <reference-href>reference/color-022-ref.xht</reference-href>
          <flags>
              <flag>Ahem</flag>
              </flags>
        </test><test>
          <test-title>Color set to hex with six digits with a blue set to the maximum plus one value, #0000fg</test-title>
          <test-href>color-023.xht</test-href>
          <reference-value>=</reference-value>
          <reference-href>reference/color-002-ref.xht</reference-href>
          <flags>
              <flag>Ahem</flag><flag>Invalid</flag>
              </flags>
        </test><test>
          <test-title>Color set to hex with 2 digits which is invalid and is equivalent to minimum minus one value for 3 digit hex</test-title>
          <test-href>color-024.xht</test-href>
          <reference-value>=</reference-value>
          <reference-href>reference/color-002-ref.xht</reference-href>
          <flags>
              <flag>Ahem</flag><flag>Invalid</flag>
              </flags>
        </test><test>
          <test-title>Color set to hex with three digits with the minimum possible value #000</test-title>
          <test-href>color-025.xht</test-href>
          <reference-value>=</reference-value>
          <reference-href>reference/color-002-ref.xht</reference-href>
          <flags>
              <flag>Ahem</flag>
              </flags>
        </test><test>
          <test-title>Color set to hex with three digits with the minimum plus one value, #111</test-title>
          <test-href>color-026.xht</test-href>
          <reference-value>=</reference-value>
          <reference-href>reference/color-026-ref.xht</reference-href>
          <flags>
              <flag>Ahem</flag>
              </flags>
        </test><test>
          <test-title>Color set to hex with three digits with a nominal value #999</test-title>
          <test-href>color-027.xht</test-href>
          <reference-value>=</reference-value>
          <reference-href>reference/color-027-ref.xht</reference-href>
          <flags>
              <flag>Ahem</flag>
              </flags>
        </test><test>
          <test-title>Color set to hex with three digits with the maximum minus one value of #eee</test-title>
          <test-href>color-028.xht</test-href>
          <reference-value>=</reference-value>
          <reference-href>reference/color-028-ref.xht</reference-href>
          <flags>
              <flag>Ahem</flag>
              </flags>
        </test><test>
          <test-title>Color set to hex with three digits with the maximum value of #fff</test-title>
          <test-href>color-029.xht</test-href>
          <reference-value>=</reference-value>
          <reference-href>reference/color-006-ref.xht</reference-href>
          <flags>
              <flag>Ahem</flag>
              </flags>
        </test><test>
          <test-title>Color set to hex with three digits with the maximum plus one value of #1000</test-title>
          <test-href>color-030.xht</test-href>
          <reference-value>=</reference-value>
          <reference-href>reference/color-002-ref.xht</reference-href>
          <flags>
              <flag>Ahem</flag><flag>Invalid</flag>
              </flags>
        </test><test>
          <test-title>Color set to hex with three digits with the maximum plus one value of #ggg</test-title>
          <test-href>color-031.xht</test-href>
          <reference-value>=</reference-value>
          <reference-href>reference/color-002-ref.xht</reference-href>
          <flags>
              <flag>Ahem</flag><flag>Invalid</flag>
              </flags>
        </test><test>
          <test-title>Color set to hex with three digits with a red set to minimum plus one value, #100</test-title>
          <test-href>color-032.xht</test-href>
          <reference-value>=</reference-value>
          <reference-href>reference/color-032-ref.xht</reference-href>
          <flags>
              <flag>Ahem</flag>
              </flags>
        </test><test>
          <test-title>Color set to hex with three digits with a red set to a nominal value, #900</test-title>
          <test-href>color-033.xht</test-href>
          <reference-value>=</reference-value>
          <reference-href>reference/color-033-ref.xht</reference-href>
          <flags>
              <flag>Ahem</flag>
              </flags>
        </test><test>
          <test-title>Color set to hex with three digits with a red set to maximum minus one value, #e00</test-title>
          <test-href>color-034.xht</test-href>
          <reference-value>=</reference-value>
          <reference-href>reference/color-034-ref.xht</reference-href>
          <flags>
              <flag>Ahem</flag>
              </flags>
        </test><test>
          <test-title>Color set to hex with three digits with a red set to the maximum value, #f00</test-title>
          <test-href>color-035.xht</test-href>
          <reference-value>=</reference-value>
          <reference-href>reference/color-012-ref.xht</reference-href>
          <flags>
              <flag>Ahem</flag>
              </flags>
        </test><test>
          <test-title>Color set to hex with three digits with a red set to the maximum plus one value, #g00</test-title>
          <test-href>color-036.xht</test-href>
          <reference-value>=</reference-value>
          <reference-href>reference/color-002-ref.xht</reference-href>
          <flags>
              <flag>Ahem</flag><flag>Invalid</flag>
              </flags>
        </test><test>
          <test-title>Color set to hex with three digits with a green set to minimum plus one value, #010</test-title>
          <test-href>color-037.xht</test-href>
          <reference-value>=</reference-value>
          <reference-href>reference/color-037-ref.xht</reference-href>
          <flags>
              <flag>Ahem</flag>
              </flags>
        </test><test>
          <test-title>Color set to hex with three digits with a green set to a nominal value, #090</test-title>
          <test-href>color-038.xht</test-href>
          <reference-value>=</reference-value>
          <reference-href>reference/color-015-ref.xht</reference-href>
          <flags>
              <flag>Ahem</flag>
              </flags>
        </test><test>
          <test-title>Color set to hex with three digits with a green set to maximum minus one value, #0e0</test-title>
          <test-href>color-039.xht</test-href>
          <reference-value>=</reference-value>
          <reference-href>reference/color-039-ref.xht</reference-href>
          <flags>
              <flag>Ahem</flag>
              </flags>
        </test><test>
          <test-title>Color set to hex with three digits with a green set to the maximum value, #0f0</test-title>
          <test-href>color-040.xht</test-href>
          <reference-value>=</reference-value>
          <reference-href>reference/color-017-ref.xht</reference-href>
          <flags>
              <flag>Ahem</flag>
              </flags>
        </test><test>
          <test-title>Color set to hex with three digits with a green set to the maximum plus one value, #0g0</test-title>
          <test-href>color-041.xht</test-href>
          <reference-value>=</reference-value>
          <reference-href>reference/color-002-ref.xht</reference-href>
          <flags>
              <flag>Ahem</flag><flag>Invalid</flag>
              </flags>
        </test><test>
          <test-title>Color set to hex with three digits with a blue set to minimum plus one value, #001</test-title>
          <test-href>color-042.xht</test-href>
          <reference-value>=</reference-value>
          <reference-href>reference/color-042-ref.xht</reference-href>
          <flags>
              <flag>Ahem</flag>
              </flags>
        </test><test>
          <test-title>Color set to hex with three digits with a blue set to a nominal value, #009</test-title>
          <test-href>color-043.xht</test-href>
          <reference-value>=</reference-value>
          <reference-href>reference/color-020-ref.xht</reference-href>
          <flags>
              <flag>Ahem</flag>
              </flags>
        </test><test>
          <test-title>Color set to hex with three digits with a blue set to maximum minus one value, #00e</test-title>
          <test-href>color-044.xht</test-href>
          <reference-value>=</reference-value>
          <reference-href>reference/color-044-ref.xht</reference-href>
          <flags>
              <flag>Ahem</flag>
              </flags>
        </test><test>
          <test-title>Color set to hex with three digits with a blue set to the maximum value, #00f</test-title>
          <test-href>color-045.xht</test-href>
          <reference-value>=</reference-value>
          <reference-href>reference/color-022-ref.xht</reference-href>
          <flags>
              <flag>Ahem</flag>
              </flags>
        </test><test>
          <test-title>Color set to hex with three digits with a blue set to the maximum plus one value, #00g</test-title>
          <test-href>color-046.xht</test-href>
          <reference-value>=</reference-value>
          <reference-href>reference/color-002-ref.xht</reference-href>
          <flags>
              <flag>Ahem</flag><flag>Invalid</flag>
              </flags>
        </test><test>
          <test-title>Color set to rgb() using percentages with the minimum minus one value, rgb(-1%, -1%, -1%)</test-title>
          <test-href>color-047.xht</test-href>
          <reference-value>=</reference-value>
          <reference-href>reference/color-002-ref.xht</reference-href>
          <flags>
              <flag>Ahem</flag><flag>Invalid</flag>
              </flags>
        </test><test>
          <test-title>Color set to rgb() using percentages with the minimum value, rgb(0%, 0%, 0%)</test-title>
          <test-href>color-048.xht</test-href>
          <reference-value>=</reference-value>
          <reference-href>reference/color-002-ref.xht</reference-href>
          <flags>
              <flag>Ahem</flag>
              </flags>
        </test><test>
          <test-title>Color set to rgb() using percentages with the minimum plus one value, rgb(1%, 1%, 1%)</test-title>
          <test-href>color-049.xht</test-href>
          <reference-value>=</reference-value>
          <reference-href>reference/color-049-ref.xht</reference-href>
          <flags>
              <flag>Ahem</flag>
              </flags>
        </test><test>
          <test-title>Color set to rgb() using percentages with the minimum value and minus sign, rgb(-0%, -0%, -0%)</test-title>
          <test-href>color-050.xht</test-href>
          <reference-value>=</reference-value>
          <reference-href>reference/color-002-ref.xht</reference-href>
          <flags>
              <flag>Ahem</flag>
              </flags>
        </test><test>
          <test-title>Color set to rgb() using percentages with the minimum value and plus sign, rgb(+0%, +0%, +0%)</test-title>
          <test-href>color-051.xht</test-href>
          <reference-value>=</reference-value>
          <reference-href>reference/color-002-ref.xht</reference-href>
          <flags>
              <flag>Ahem</flag>
              </flags>
        </test><test>
          <test-title>Color set to rgb() using percentages with a nominal value, rgb(50%, 50%, 50%)</test-title>
          <test-href>color-052.xht</test-href>
          <reference-value>=</reference-value>
          <reference-href>reference/color-052-ref.xht</reference-href>
          <flags>
              <flag>Ahem</flag>
              </flags>
        </test><test>
          <test-title>Color set to rgb() using percentages with a nominal value and a plus sign, rgb(+50%, +50%, +50%)</test-title>
          <test-href>color-053.xht</test-href>
          <reference-value>=</reference-value>
          <reference-href>reference/color-052-ref.xht</reference-href>
          <flags>
              <flag>Ahem</flag>
              </flags>
        </test><test>
          <test-title>Color set to rgb() using percentages with a maximum minus one value, rgb(99%, 99%, 99%)</test-title>
          <test-href>color-054.xht</test-href>
          <reference-value>=</reference-value>
          <reference-href>reference/color-054-ref.xht</reference-href>
          <flags>
              <flag>Ahem</flag>
              </flags>
        </test><test>
          <test-title>Color set to rgb() using percentages with a maximum value, rgb(100%, 100%, 100%)</test-title>
          <test-href>color-055.xht</test-href>
          <reference-value>=</reference-value>
          <reference-href>reference/color-006-ref.xht</reference-href>
          <flags>
              <flag>Ahem</flag>
              </flags>
        </test><test>
          <test-title>Color set to rgb() using percentages with plus sign on each maximum value, rgb(+100%, +100%, +100%)</test-title>
          <test-href>color-056.xht</test-href>
          <reference-value>=</reference-value>
          <reference-href>reference/color-006-ref.xht</reference-href>
          <flags>
              <flag>Ahem</flag>
              </flags>
        </test><test>
          <test-title>Color set to rgb() using percentages with a maximum plus one value, rgb(101%, 101%, 101%)</test-title>
          <test-href>color-057.xht</test-href>
          <reference-value>=</reference-value>
          <reference-href>reference/color-006-ref.xht</reference-href>
          <flags>
              <flag>Ahem</flag><flag>Invalid</flag>
              </flags>
        </test><test>
          <test-title>Color set to rgb() using integers with the minimum minus one value, rgb(-1, -1, -1)</test-title>
          <test-href>color-058.xht</test-href>
          <reference-value>=</reference-value>
          <reference-href>reference/color-002-ref.xht</reference-href>
          <flags>
              <flag>Ahem</flag><flag>Invalid</flag>
              </flags>
        </test><test>
          <test-title>Color set to rgb() using integers with the minimum value, rgb(0, 0, 0)</test-title>
          <test-href>color-059.xht</test-href>
          <reference-value>=</reference-value>
          <reference-href>reference/color-002-ref.xht</reference-href>
          <flags>
              <flag>Ahem</flag>
              </flags>
        </test><test>
          <test-title>Color set to rgb() using integers with the minimum plus one value, rgb(1, 1, 1)</test-title>
          <test-href>color-060.xht</test-href>
          <reference-value>=</reference-value>
          <reference-href>reference/color-003-ref.xht</reference-href>
          <flags>
              <flag>Ahem</flag>
              </flags>
        </test><test>
          <test-title>Color set to rgb() using integers with the minimum value and minus sign, rgb(-0, -0, -0)</test-title>
          <test-href>color-061.xht</test-href>
          <reference-value>=</reference-value>
          <reference-href>reference/color-002-ref.xht</reference-href>
          <flags>
              <flag>Ahem</flag>
              </flags>
        </test><test>
          <test-title>Color set to rgb() using integers with the minimum value and plus sign, rgb(+0, +0, +0)</test-title>
          <test-href>color-062.xht</test-href>
          <reference-value>=</reference-value>
          <reference-href>reference/color-002-ref.xht</reference-href>
          <flags>
              <flag>Ahem</flag>
              </flags>
        </test><test>
          <test-title>Color set to rgb() using integers with a nominal value, rgb(128, 128, 128)</test-title>
          <test-href>color-063.xht</test-href>
          <reference-value>=</reference-value>
          <reference-href>reference/color-063-ref.xht</reference-href>
          <flags>
              <flag>Ahem</flag>
              </flags>
        </test><test>
          <test-title>Color set to rgb() using integers with a nominal value and a plus sign, rgb(+128, +128, +128)</test-title>
          <test-href>color-064.xht</test-href>
          <reference-value>=</reference-value>
          <reference-href>reference/color-063-ref.xht</reference-href>
          <flags>
              <flag>Ahem</flag>
              </flags>
        </test><test>
          <test-title>Color set to rgb() using integers with a maximum minus one value, rgb(254, 254, 254)</test-title>
          <test-href>color-065.xht</test-href>
          <reference-value>=</reference-value>
          <reference-href>reference/color-005-ref.xht</reference-href>
          <flags>
              <flag>Ahem</flag>
              </flags>
        </test><test>
          <test-title>Color set to rgb() using integers with a maximum value, rgb(255, 255, 255)</test-title>
          <test-href>color-066.xht</test-href>
          <reference-value>=</reference-value>
          <reference-href>reference/color-006-ref.xht</reference-href>
          <flags>
              <flag>Ahem</flag>
              </flags>
        </test><test>
          <test-title>Color set to rgb() using integers with a maximum value and a plus sign, rgb(+255, +255, +255)</test-title>
          <test-href>color-067.xht</test-href>
          <reference-value>=</reference-value>
          <reference-href>reference/color-006-ref.xht</reference-href>
          <flags>
              <flag>Ahem</flag>
              </flags>
        </test><test>
          <test-title>Color set to rgb() using integers with a maximum plus one value, rgb(256, 256, 256)</test-title>
          <test-href>color-068.xht</test-href>
          <reference-value>=</reference-value>
          <reference-href>reference/color-006-ref.xht</reference-href>
          <flags>
              <flag>Ahem</flag><flag>Invalid</flag>
              </flags>
        </test><test>
          <test-title>Color set to rgb() using percentages with red set to the minimum minus one value, rgb(-1%, 0%, 0%)</test-title>
          <test-href>color-069.xht</test-href>
          <reference-value>=</reference-value>
          <reference-href>reference/color-002-ref.xht</reference-href>
          <flags>
              <flag>Ahem</flag><flag>Invalid</flag>
              </flags>
        </test><test>
          <test-title>Color set to rgb() using percentages with red set to the minimum plus one value, rgb(1%, 0%, 0%)</test-title>
          <test-href>color-070.xht</test-href>
          <reference-value>=</reference-value>
          <reference-href>reference/color-070-ref.xht</reference-href>
          <flags>
              <flag>Ahem</flag>
              </flags>
        </test><test>
          <test-title>Color set to rgb() using percentages with red set to the minimum value and minus sign, rgb(-0%, 0%, 0%)</test-title>
          <test-href>color-071.xht</test-href>
          <reference-value>=</reference-value>
          <reference-href>reference/color-002-ref.xht</reference-href>
          <flags>
              <flag>Ahem</flag>
              </flags>
        </test><test>
          <test-title>Color set to rgb() using percentages with red set to the minimum value and plus sign, rgb(+0%, 0%, 0%)</test-title>
          <test-href>color-072.xht</test-href>
          <reference-value>=</reference-value>
          <reference-href>reference/color-002-ref.xht</reference-href>
          <flags>
              <flag>Ahem</flag>
              </flags>
        </test><test>
          <test-title>Color set to rgb() using percentages with red set to a nominal value, rgb(50%, 0%, 0%)</test-title>
          <test-href>color-073.xht</test-href>
          <reference-value>=</reference-value>
          <reference-href>reference/color-073-ref.xht</reference-href>
          <flags>
              <flag>Ahem</flag>
              </flags>
        </test><test>
          <test-title>Color set to rgb() using percentages with red set to a nominal value with a plus sign, rgb(+50%, 0%, 0%)</test-title>
          <test-href>color-074.xht</test-href>
          <reference-value>=</reference-value>
          <reference-href>reference/color-073-ref.xht</reference-href>
          <flags>
              <flag>Ahem</flag>
              </flags>
        </test><test>
          <test-title>Color set to rgb() using percentages with red set to a maximum minus one value, rgb(99%, 0%, 0%)</test-title>
          <test-href>color-075.xht</test-href>
          <reference-value>=</reference-value>
          <reference-href>reference/color-075-ref.xht</reference-href>
          <flags>
              <flag>Ahem</flag>
              </flags>
        </test><test>
          <test-title>Color set to rgb() using percentages with red set to a maximum value, rgb(100%, 0%, 0%)</test-title>
          <test-href>color-076.xht</test-href>
          <reference-value>=</reference-value>
          <reference-href>reference/color-012-ref.xht</reference-href>
          <flags>
              <flag>Ahem</flag>
              </flags>
        </test><test>
          <test-title>Color set to rgb() using percentages with red set to a maximum value with a plus sign, rgb(+100%, 0%, 0%)</test-title>
          <test-href>color-077.xht</test-href>
          <reference-value>=</reference-value>
          <reference-href>reference/color-012-ref.xht</reference-href>
          <flags>
              <flag>Ahem</flag>
              </flags>
        </test><test>
          <test-title>Color set to rgb() using percentages with red set to a maximum plus one value, rgb(101%, 0%, 0%)</test-title>
          <test-href>color-078.xht</test-href>
          <reference-value>=</reference-value>
          <reference-href>reference/color-012-ref.xht</reference-href>
          <flags>
              <flag>Ahem</flag><flag>Invalid</flag>
              </flags>
        </test><test>
          <test-title>Color set to rgb() using integers with red set to the minimum minus one value, rgb(-1, 0, 0)</test-title>
          <test-href>color-079.xht</test-href>
          <reference-value>=</reference-value>
          <reference-href>reference/color-002-ref.xht</reference-href>
          <flags>
              <flag>Ahem</flag><flag>Invalid</flag>
              </flags>
        </test><test>
          <test-title>Color set to rgb() using integers with red set to the minimum plus one value, rgb(1, 0, 0)</test-title>
          <test-href>color-080.xht</test-href>
          <reference-value>=</reference-value>
          <reference-href>reference/color-009-ref.xht</reference-href>
          <flags>
              <flag>Ahem</flag>
              </flags>
        </test><test>
          <test-title>Color set to rgb() using integers with red set to the minimum value with a minus sign, rgb(-0, 0, 0)</test-title>
          <test-href>color-081.xht</test-href>
          <reference-value>=</reference-value>
          <reference-href>reference/color-002-ref.xht</reference-href>
          <flags>
              <flag>Ahem</flag>
              </flags>
        </test><test>
          <test-title>Color set to rgb() using integers with red set to the minimum value with a plus sign, rgb(+0, 0, 0)</test-title>
          <test-href>color-082.xht</test-href>
          <reference-value>=</reference-value>
          <reference-href>reference/color-002-ref.xht</reference-href>
          <flags>
              <flag>Ahem</flag>
              </flags>
        </test><test>
          <test-title>Color set to rgb() using integers with red set to a nominal value, rgb(128, 0, 0)</test-title>
          <test-href>color-083.xht</test-href>
          <reference-value>=</reference-value>
          <reference-href>reference/color-083-ref.xht</reference-href>
          <flags>
              <flag>Ahem</flag>
              </flags>
        </test><test>
          <test-title>Color set to rgb() using integers with red set to a nominal value with a plus sign, rgb(+128, 0, 0)</test-title>
          <test-href>color-084.xht</test-href>
          <reference-value>=</reference-value>
          <reference-href>reference/color-083-ref.xht</reference-href>
          <flags>
              <flag>Ahem</flag>
              </flags>
        </test><test>
          <test-title>Color set to rgb() using integers with red set to a maximum minus one value, rgb(254, 0, 0)</test-title>
          <test-href>color-085.xht</test-href>
          <reference-value>=</reference-value>
          <reference-href>reference/color-011-ref.xht</reference-href>
          <flags>
              <flag>Ahem</flag>
              </flags>
        </test><test>
          <test-title>Color set to rgb() using integers with red set to a maximum value, rgb(255, 0, 0)</test-title>
          <test-href>color-086.xht</test-href>
          <reference-value>=</reference-value>
          <reference-href>reference/color-012-ref.xht</reference-href>
          <flags>
              <flag>Ahem</flag>
              </flags>
        </test><test>
          <test-title>Color set to rgb() using integers with red set to a maximum value with a plus sign, rgb(+255, 0, 0)</test-title>
          <test-href>color-087.xht</test-href>
          <reference-value>=</reference-value>
          <reference-href>reference/color-012-ref.xht</reference-href>
          <flags>
              <flag>Ahem</flag>
              </flags>
        </test><test>
          <test-title>Color set to rgb() using integers with red set to a maximum plus one value, rgb(256, 0, 0)</test-title>
          <test-href>color-088.xht</test-href>
          <reference-value>=</reference-value>
          <reference-href>reference/color-012-ref.xht</reference-href>
          <flags>
              <flag>Ahem</flag><flag>Invalid</flag>
              </flags>
        </test><test>
          <test-title>Color set to rgb() using percentages with green set to the minimum minus one value, rgb(0%, -1%, 0%)</test-title>
          <test-href>color-089.xht</test-href>
          <reference-value>=</reference-value>
          <reference-href>reference/color-002-ref.xht</reference-href>
          <flags>
              <flag>Ahem</flag><flag>Invalid</flag>
              </flags>
        </test><test>
          <test-title>Color set to rgb() using percentages with green set to the minimum plus one value, rgb(0%, 1%, 0%)</test-title>
          <test-href>color-090.xht</test-href>
          <reference-value>=</reference-value>
          <reference-href>reference/color-090-ref.xht</reference-href>
          <flags>
              <flag>Ahem</flag>
              </flags>
        </test><test>
          <test-title>Color set to rgb() using percentages with green set to the minimum value and minus sign, rgb(0%, -0%, 0%)</test-title>
          <test-href>color-091.xht</test-href>
          <reference-value>=</reference-value>
          <reference-href>reference/color-002-ref.xht</reference-href>
          <flags>
              <flag>Ahem</flag>
              </flags>
        </test><test>
          <test-title>Color set to rgb() using percentages with green set to the minimum value and plus sign, rgb(0%, +0%, 0%)</test-title>
          <test-href>color-092.xht</test-href>
          <reference-value>=</reference-value>
          <reference-href>reference/color-002-ref.xht</reference-href>
          <flags>
              <flag>Ahem</flag>
              </flags>
        </test><test>
          <test-title>Color set to rgb() using percentages with green set to a nominal value, rgb(0%, 50%, 0%)</test-title>
          <test-href>color-093.xht</test-href>
          <reference-value>=</reference-value>
          <reference-href>reference/color-093-ref.xht</reference-href>
          <flags>
              <flag>Ahem</flag>
              </flags>
        </test><test>
          <test-title>Color set to rgb() using percentages with green set to a nominal value with a plus sign, rgb(0%, +50%, 0%)</test-title>
          <test-href>color-094.xht</test-href>
          <reference-value>=</reference-value>
          <reference-href>reference/color-093-ref.xht</reference-href>
          <flags>
              <flag>Ahem</flag>
              </flags>
        </test><test>
          <test-title>Color set to rgb() using percentages with green set to a maximum minus one value, rgb(0%, 99%, 0%)</test-title>
          <test-href>color-095.xht</test-href>
          <reference-value>=</reference-value>
          <reference-href>reference/color-095-ref.xht</reference-href>
          <flags>
              <flag>Ahem</flag>
              </flags>
        </test><test>
          <test-title>Color set to rgb() using percentages with green set to a maximum value, rgb(0%, 100%, 0%)</test-title>
          <test-href>color-096.xht</test-href>
          <reference-value>=</reference-value>
          <reference-href>reference/color-017-ref.xht</reference-href>
          <flags>
              <flag>Ahem</flag>
              </flags>
        </test><test>
          <test-title>Color set to rgb() using percentages with green set to a maximum value with a plus sign, rgb(0%, +100%, 0%)</test-title>
          <test-href>color-097.xht</test-href>
          <reference-value>=</reference-value>
          <reference-href>reference/color-017-ref.xht</reference-href>
          <flags>
              <flag>Ahem</flag>
              </flags>
        </test><test>
          <test-title>Color set to rgb() using percentages with green set to a maximum plus one value, rgb(0%, 101%, 0%)</test-title>
          <test-href>color-098.xht</test-href>
          <reference-value>=</reference-value>
          <reference-href>reference/color-017-ref.xht</reference-href>
          <flags>
              <flag>Ahem</flag><flag>Invalid</flag>
              </flags>
        </test><test>
          <test-title>Color set to rgb() using integers with green set to the minimum minus one value, rgb(0, -1, 0)</test-title>
          <test-href>color-099.xht</test-href>
          <reference-value>=</reference-value>
          <reference-href>reference/color-002-ref.xht</reference-href>
          <flags>
              <flag>Ahem</flag><flag>Invalid</flag>
              </flags>
        </test><test>
          <test-title>Color set to rgb() using integers with green set to the minimum plus one value, rgb(0, 1, 0)</test-title>
          <test-href>color-100.xht</test-href>
          <reference-value>=</reference-value>
          <reference-href>reference/color-014-ref.xht</reference-href>
          <flags>
              <flag>Ahem</flag>
              </flags>
        </test><test>
          <test-title>Color set to rgb() using integers with green set to the minimum value with a minus sign, rgb(0, -0, 0)</test-title>
          <test-href>color-101.xht</test-href>
          <reference-value>=</reference-value>
          <reference-href>reference/color-002-ref.xht</reference-href>
          <flags>
              <flag>Ahem</flag>
              </flags>
        </test><test>
          <test-title>Color set to rgb() using integers with green set to the minimum value with a plus sign, rgb(0, +0, 0)</test-title>
          <test-href>color-102.xht</test-href>
          <reference-value>=</reference-value>
          <reference-href>reference/color-002-ref.xht</reference-href>
          <flags>
              <flag>Ahem</flag>
              </flags>
        </test><test>
          <test-title>Color set to rgb() using integers with green set to a nominal value, rgb(0, 128, 0)</test-title>
          <test-href>color-103.xht</test-href>
          <reference-value>=</reference-value>
          <reference-href>reference/color-103-ref.xht</reference-href>
          <flags>
              <flag>Ahem</flag>
              </flags>
        </test><test>
          <test-title>Color set to rgb() using integers with green set to a nominal value with a plus sign, rgb(0, +128, 0)</test-title>
          <test-href>color-104.xht</test-href>
          <reference-value>=</reference-value>
          <reference-href>reference/color-103-ref.xht</reference-href>
          <flags>
              <flag>Ahem</flag>
              </flags>
        </test><test>
          <test-title>Color set to rgb() using integers with green set to a maximum minus one value, rgb(0, 254, 0)</test-title>
          <test-href>color-105.xht</test-href>
          <reference-value>=</reference-value>
          <reference-href>reference/color-016-ref.xht</reference-href>
          <flags>
              <flag>Ahem</flag>
              </flags>
        </test><test>
          <test-title>Color set to rgb() using integers with green set to a maximum value, rgb(0, 255, 0)</test-title>
          <test-href>color-106.xht</test-href>
          <reference-value>=</reference-value>
          <reference-href>reference/color-017-ref.xht</reference-href>
          <flags>
              <flag>Ahem</flag>
              </flags>
        </test><test>
          <test-title>Color set to rgb() using integers with green set to a maximum value with a plus sign, rgb(0, +255, 0)</test-title>
          <test-href>color-107.xht</test-href>
          <reference-value>=</reference-value>
          <reference-href>reference/color-017-ref.xht</reference-href>
          <flags>
              <flag>Ahem</flag>
              </flags>
        </test><test>
          <test-title>Color set to rgb() using integers with green set to a maximum plus one value, rgb(0, 256 0)</test-title>
          <test-href>color-108.xht</test-href>
          <reference-value>=</reference-value>
          <reference-href>reference/color-017-ref.xht</reference-href>
          <flags>
              <flag>Ahem</flag><flag>Invalid</flag>
              </flags>
        </test><test>
          <test-title>Color set to rgb() using percentages with blue set to the minimum minus one value, rgb(0%, 0%, -1%)</test-title>
          <test-href>color-109.xht</test-href>
          <reference-value>=</reference-value>
          <reference-href>reference/color-002-ref.xht</reference-href>
          <flags>
              <flag>Ahem</flag><flag>Invalid</flag>
              </flags>
        </test><test>
          <test-title>Color set to rgb() using percentages with blue set to the minimum plus one value, rgb(0%, 0%, 1%)</test-title>
          <test-href>color-110.xht</test-href>
          <reference-value>=</reference-value>
          <reference-href>reference/color-110-ref.xht</reference-href>
          <flags>
              <flag>Ahem</flag>
              </flags>
        </test><test>
          <test-title>Color set to rgb() using percentages with blue set to the minimum value and minus sign, rgb(0%, 0%, -0%)</test-title>
          <test-href>color-111.xht</test-href>
          <reference-value>=</reference-value>
          <reference-href>reference/color-002-ref.xht</reference-href>
          <flags>
              <flag>Ahem</flag>
              </flags>
        </test><test>
          <test-title>Color set to rgb() using percentages with blue set to the minimum value and plus sign, rgb(0%, 0%, +0%)</test-title>
          <test-href>color-112.xht</test-href>
          <reference-value>=</reference-value>
          <reference-href>reference/color-002-ref.xht</reference-href>
          <flags>
              <flag>Ahem</flag>
              </flags>
        </test><test>
          <test-title>Color set to rgb() using percentages with blue set to a nominal value, rgb(0%, 0%, 50%)</test-title>
          <test-href>color-113.xht</test-href>
          <reference-value>=</reference-value>
          <reference-href>reference/color-113-ref.xht</reference-href>
          <flags>
              <flag>Ahem</flag>
              </flags>
        </test><test>
          <test-title>Color set to rgb() using percentages with blue set to a nominal value with a plus sign, rgb(0%, 0%, +50%)</test-title>
          <test-href>color-114.xht</test-href>
          <reference-value>=</reference-value>
          <reference-href>reference/color-113-ref.xht</reference-href>
          <flags>
              <flag>Ahem</flag>
              </flags>
        </test><test>
          <test-title>Color set to rgb() using percentages with blue set to a maximum minus one value, rgb(0%, 0%, 99%)</test-title>
          <test-href>color-115.xht</test-href>
          <reference-value>=</reference-value>
          <reference-href>reference/color-115-ref.xht</reference-href>
          <flags>
              <flag>Ahem</flag>
              </flags>
        </test><test>
          <test-title>Color set to rgb() using percentages with blue set to a maximum value, rgb(0%, 0%, 100%)</test-title>
          <test-href>color-116.xht</test-href>
          <reference-value>=</reference-value>
          <reference-href>reference/color-022-ref.xht</reference-href>
          <flags>
              <flag>Ahem</flag>
              </flags>
        </test><test>
          <test-title>Color set to rgb() using percentages with blue set to a maximum value with a plus sign, rgb(0%, 0%, +100%)</test-title>
          <test-href>color-117.xht</test-href>
          <reference-value>=</reference-value>
          <reference-href>reference/color-022-ref.xht</reference-href>
          <flags>
              <flag>Ahem</flag>
              </flags>
        </test><test>
          <test-title>Color set to rgb() using percentages with blue set to a maximum plus one value, rgb(0%, 0%, 101%)</test-title>
          <test-href>color-118.xht</test-href>
          <reference-value>=</reference-value>
          <reference-href>reference/color-022-ref.xht</reference-href>
          <flags>
              <flag>Ahem</flag><flag>Invalid</flag>
              </flags>
        </test><test>
          <test-title>Color set to rgb() using integers with blue set to the minimum minus one value, rgb(0, 0, -1)</test-title>
          <test-href>color-119.xht</test-href>
          <reference-value>=</reference-value>
          <reference-href>reference/color-002-ref.xht</reference-href>
          <flags>
              <flag>Ahem</flag><flag>Invalid</flag>
              </flags>
        </test><test>
          <test-title>Color set to rgb() using integers with blue set to the minimum plus one value, rgb(0, 0, 1)</test-title>
          <test-href>color-120.xht</test-href>
          <reference-value>=</reference-value>
          <reference-href>reference/color-019-ref.xht</reference-href>
          <flags>
              <flag>Ahem</flag>
              </flags>
        </test><test>
          <test-title>Color set to rgb() using integers with blue set to the minimum value with a minus sign, rgb(0, 0, -0)</test-title>
          <test-href>color-121.xht</test-href>
          <reference-value>=</reference-value>
          <reference-href>reference/color-002-ref.xht</reference-href>
          <flags>
              <flag>Ahem</flag>
              </flags>
        </test><test>
          <test-title>Color set to rgb() using integers with blue set to the minimum value with a plus sign, rgb(0, 0, +0)</test-title>
          <test-href>color-122.xht</test-href>
          <reference-value>=</reference-value>
          <reference-href>reference/color-002-ref.xht</reference-href>
          <flags>
              <flag>Ahem</flag>
              </flags>
        </test><test>
          <test-title>Color set to rgb() using integers with blue set to a nominal value, rgb(0, 0, 128)</test-title>
          <test-href>color-123.xht</test-href>
          <reference-value>=</reference-value>
          <reference-href>reference/color-123-ref.xht</reference-href>
          <flags>
              <flag>Ahem</flag>
              </flags>
        </test><test>
          <test-title>Color set to rgb() using integers with blue set to a nominal value with a plus sign, rgb(0, 0, +128)</test-title>
          <test-href>color-124.xht</test-href>
          <reference-value>=</reference-value>
          <reference-href>reference/color-123-ref.xht</reference-href>
          <flags>
              <flag>Ahem</flag>
              </flags>
        </test><test>
          <test-title>Color set to rgb() using integers with blue set to a maximum minus one value, rgb(0, 0, 254)</test-title>
          <test-href>color-125.xht</test-href>
          <reference-value>=</reference-value>
          <reference-href>reference/color-021-ref.xht</reference-href>
          <flags>
              <flag>Ahem</flag>
              </flags>
        </test><test>
          <test-title>Color set to rgb() using integers with blue set to a maximum value, rgb(0, 0, 255)</test-title>
          <test-href>color-126.xht</test-href>
          <reference-value>=</reference-value>
          <reference-href>reference/color-022-ref.xht</reference-href>
          <flags>
              <flag>Ahem</flag>
              </flags>
        </test><test>
          <test-title>Color set to rgb() using integers with blue set to a maximum value with a plus sign, rgb(0, 0, +255)</test-title>
          <test-href>color-127.xht</test-href>
          <reference-value>=</reference-value>
          <reference-href>reference/color-022-ref.xht</reference-href>
          <flags>
              <flag>Ahem</flag>
              </flags>
        </test><test>
          <test-title>Color set to rgb() using integers with blue set to a maximum plus one value, rgb(0, 0, 256)</test-title>
          <test-href>color-128.xht</test-href>
          <reference-value>=</reference-value>
          <reference-href>reference/color-022-ref.xht</reference-href>
          <flags>
              <flag>Ahem</flag><flag>Invalid</flag>
              </flags>
        </test><test>
          <test-title>Color set to aqua</test-title>
          <test-href>color-129.xht</test-href>
          <reference-value>=</reference-value>
          <reference-href>reference/color-129-ref.xht</reference-href>
          <flags>
              <flag>Ahem</flag>
              </flags>
        </test><test>
          <test-title>Color set to black</test-title>
          <test-href>color-130.xht</test-href>
          <reference-value>=</reference-value>
          <reference-href>reference/color-130-ref.xht</reference-href>
          <flags>
              <flag>Ahem</flag>
              </flags>
        </test><test>
          <test-title>Color set to blue</test-title>
          <test-href>color-131.xht</test-href>
          <reference-value>=</reference-value>
          <reference-href>reference/color-131-ref.xht</reference-href>
          <flags>
              <flag>Ahem</flag>
              </flags>
        </test><test>
          <test-title>Color set to fuchsia</test-title>
          <test-href>color-132.xht</test-href>
          <reference-value>=</reference-value>
          <reference-href>reference/color-132-ref.xht</reference-href>
          <flags>
              <flag>Ahem</flag>
              </flags>
        </test><test>
          <test-title>Color set to gray</test-title>
          <test-href>color-133.xht</test-href>
          <reference-value>=</reference-value>
          <reference-href>reference/color-133-ref.xht</reference-href>
          <flags>
              <flag>Ahem</flag>
              </flags>
        </test><test>
          <test-title>Color set to green</test-title>
          <test-href>color-134.xht</test-href>
          <reference-value>=</reference-value>
          <reference-href>reference/color-134-ref.xht</reference-href>
          <flags>
              <flag>Ahem</flag>
              </flags>
        </test><test>
          <test-title>Color set to lime</test-title>
          <test-href>color-135.xht</test-href>
          <reference-value>=</reference-value>
          <reference-href>reference/color-135-ref.xht</reference-href>
          <flags>
              <flag>Ahem</flag>
              </flags>
        </test><test>
          <test-title>Color set to maroon</test-title>
          <test-href>color-136.xht</test-href>
          <reference-value>=</reference-value>
          <reference-href>reference/color-136-ref.xht</reference-href>
          <flags>
              <flag>Ahem</flag>
              </flags>
        </test><test>
          <test-title>Color set to navy</test-title>
          <test-href>color-137.xht</test-href>
          <reference-value>=</reference-value>
          <reference-href>reference/color-137-ref.xht</reference-href>
          <flags>
              <flag>Ahem</flag>
              </flags>
        </test><test>
          <test-title>Color set to olive</test-title>
          <test-href>color-138.xht</test-href>
          <reference-value>=</reference-value>
          <reference-href>reference/color-138-ref.xht</reference-href>
          <flags>
              <flag>Ahem</flag>
              </flags>
        </test><test>
          <test-title>Color set to orange</test-title>
          <test-href>color-139.xht</test-href>
          <reference-value>=</reference-value>
          <reference-href>reference/color-139-ref.xht</reference-href>
          <flags>
              <flag>Ahem</flag>
              </flags>
        </test><test>
          <test-title>Color set to purple</test-title>
          <test-href>color-140.xht</test-href>
          <reference-value>=</reference-value>
          <reference-href>reference/color-140-ref.xht</reference-href>
          <flags>
              <flag>Ahem</flag>
              </flags>
        </test><test>
          <test-title>Color set to red</test-title>
          <test-href>color-141.xht</test-href>
          <reference-value>=</reference-value>
          <reference-href>reference/color-141-ref.xht</reference-href>
          <flags>
              <flag>Ahem</flag>
              </flags>
        </test><test>
          <test-title>Color set to silver</test-title>
          <test-href>color-142.xht</test-href>
          <reference-value>=</reference-value>
          <reference-href>reference/color-142-ref.xht</reference-href>
          <flags>
              <flag>Ahem</flag>
              </flags>
        </test><test>
          <test-title>Color set to teal</test-title>
          <test-href>color-143.xht</test-href>
          <reference-value>=</reference-value>
          <reference-href>reference/color-143-ref.xht</reference-href>
          <flags>
              <flag>Ahem</flag>
              </flags>
        </test><test>
          <test-title>Color set to white</test-title>
          <test-href>color-144.xht</test-href>
          <reference-value>=</reference-value>
          <reference-href>reference/color-144-ref.xht</reference-href>
          <flags>
              <flag>Ahem</flag>
              </flags>
        </test><test>
          <test-title>Color set to yellow</test-title>
          <test-href>color-145.xht</test-href>
          <reference-value>=</reference-value>
          <reference-href>reference/color-145-ref.xht</reference-href>
          <flags>
              <flag>Ahem</flag>
              </flags>
        </test><test>
          <test-title>Color set to 'inherit'</test-title>
          <test-href>color-174.xht</test-href>
          <reference-value>=</reference-value>
          <reference-href>reference/ref-filled-green-100px-square.xht</reference-href>
          <flags>
              <flag>Ahem</flag>
              </flags>
        </test><test>
          <test-title>CSS Colours: Inheritance into tables.</test-title>
          <test-href>color-175.xht</test-href>
          <reference-value>=</reference-value>
          <reference-href>reference/color-175-ref.xht</reference-href>
          
        </test><test>
          <test-title>Color Inheritance</test-title>
          <test-href>color-176.xht</test-href>
          <reference-value>=</reference-value>
          <reference-href>reference/ref-this-text-should-be-green.xht</reference-href>
          
        </test><test>
          <test-title>CSS Colours: Inheritance into tables.</test-title>
          <test-href>color-177.xht</test-href>
          <reference-value>=</reference-value>
          <reference-href>reference/color-175-ref.xht</reference-href>
          
        </test><test>
          <test-title>Color applied to elements with 'display' set to 'table-row-group'</test-title>
          <test-href>color-applies-to-001.xht</test-href>
          <reference-value>=</reference-value>
          <reference-href>reference/color-applies-to-001-ref.xht</reference-href>
          
        </test><test>
          <test-title>Color applied to elements with 'display' set to 'table-header-group'</test-title>
          <test-href>color-applies-to-002.xht</test-href>
          <reference-value>=</reference-value>
          <reference-href>reference/color-applies-to-001-ref.xht</reference-href>
          
        </test><test>
          <test-title>Color applied to elements with 'display' set to 'table-footer-group'</test-title>
          <test-href>color-applies-to-003.xht</test-href>
          <reference-value>=</reference-value>
          <reference-href>reference/color-applies-to-001-ref.xht</reference-href>
          
        </test><test>
          <test-title>Color applied to elements with 'display' set to 'table-row'</test-title>
          <test-href>color-applies-to-004.xht</test-href>
          <reference-value>=</reference-value>
          <reference-href>reference/color-applies-to-001-ref.xht</reference-href>
          
        </test><test>
          <test-title>Color applied to elements with 'display' set to 'table-column-group'</test-title>
          <test-href>color-applies-to-005.xht</test-href>
          <reference-value>=</reference-value>
          <reference-href>reference/color-applies-to-005-ref.xht</reference-href>
          
        </test><test>
          <test-title>Color applied to elements with 'display' set to 'table-column'</test-title>
          <test-href>color-applies-to-006.xht</test-href>
          <reference-value>=</reference-value>
          <reference-href>reference/color-applies-to-005-ref.xht</reference-href>
          
        </test><test>
          <test-title>Color applied to elements with 'display' set to 'table-cell'</test-title>
          <test-href>color-applies-to-007.xht</test-href>
          <reference-value>=</reference-value>
          <reference-href>reference/color-applies-to-001-ref.xht</reference-href>
          
        </test><test>
          <test-title>Color applied to elements with 'display' set to 'inline'</test-title>
          <test-href>color-applies-to-008.xht</test-href>
          <reference-value>=</reference-value>
          <reference-href>reference/color-applies-to-001-ref.xht</reference-href>
          
        </test><test>
          <test-title>Color applied to elements with 'display' set to 'block'</test-title>
          <test-href>color-applies-to-009.xht</test-href>
          <reference-value>=</reference-value>
          <reference-href>reference/color-applies-to-001-ref.xht</reference-href>
          
        </test><test>
          <test-title>Color applied to elements with 'display' set to 'inline-block'</test-title>
          <test-href>color-applies-to-012.xht</test-href>
          <reference-value>=</reference-value>
          <reference-href>reference/color-applies-to-001-ref.xht</reference-href>
          
        </test><test>
          <test-title>Color applied to elements with 'display' set to 'table'</test-title>
          <test-href>color-applies-to-013.xht</test-href>
          <reference-value>=</reference-value>
          <reference-href>reference/color-applies-to-001-ref.xht</reference-href>
          
        </test><test>
          <test-title>Color applied to elements with 'display' set to 'inline-table'</test-title>
          <test-href>color-applies-to-014.xht</test-href>
          <reference-value>=</reference-value>
          <reference-href>reference/color-applies-to-001-ref.xht</reference-href>
          
        </test><test>
          <test-title>Color applied to elements with 'display' set to 'table-caption'</test-title>
          <test-href>color-applies-to-015.xht</test-href>
          <reference-value>=</reference-value>
          <reference-href>reference/color-applies-to-001-ref.xht</reference-href>
          
        </test><test>
          <test-title>Parsing rgb color values with white space</test-title>
          <test-href>colors-001.xht</test-href>
          <reference-value>=</reference-value>
          <reference-href>reference/filler-text-below-green.xht</reference-href>
          
        </test><test>
          <test-title>Parsing invalid hexadecimal RGB units - white space in hexadecimal values</test-title>
          <test-href>colors-002.xht</test-href>
          <reference-value>=</reference-value>
          <reference-href>reference/no-red-filler-text-ref.xht</reference-href>
          <flags>
              <flag>Invalid</flag>
              </flags>
        </test><test>
          <test-title>Parsing invalid RGB functional notation - two values</test-title>
          <test-href>colors-003.xht</test-href>
          <reference-value>=</reference-value>
          <reference-href>reference/no-red-filler-text-ref.xht</reference-href>
          <flags>
              <flag>Invalid</flag>
              </flags>
        </test><test>
          <test-title>Parsing invalid RGB functional notation - Percentages and Numbers</test-title>
          <test-href>colors-004.xht</test-href>
          <reference-value>=</reference-value>
          <reference-href>reference/no-red-filler-text-ref.xht</reference-href>
          <flags>
              <flag>Invalid</flag>
              </flags>
        </test><test>
          <test-title>Clipping of RGB color values</test-title>
          <test-href>colors-005.xht</test-href>
          <reference-value>=</reference-value>
          <reference-href>reference/filler-text-below-green.xht</reference-href>
          
        </test><test>
          <test-title>Comparing color keywords and hex values</test-title>
          <test-href>colors-006.xht</test-href>
          <reference-value>=</reference-value>
          <reference-href>reference/colors-006-ref.xht</reference-href>
          
        </test><test>
          <test-title>Color keyword syntax</test-title>
          <test-href>colors-007.xht</test-href>
          <reference-value>=</reference-value>
          <reference-href>reference/colors-007-ref.xht</reference-href>
          <flags>
              <flag>Invalid</flag>
              </flags>
        </test><test>
          <test-title>Spanning cell that intersects a 'visibility: collapse' column</test-title>
          <test-href>column-visibility-004.xht</test-href>
          <reference-value>=</reference-value>
          <reference-href>reference/column-visibility-004-ref.xht</reference-href>
          <flags>
              <flag>Ahem</flag>
              </flags>
        </test><test>
          <test-title>Descendant combinators and newlines</test-title>
          <test-href>combinator-001.xht</test-href>
          <reference-value>=</reference-value>
          <reference-href>reference/filler-text-below-green.xht</reference-href>
          
        </test><test>
          <test-title>Sibling combinators and spaces</test-title>
          <test-href>combinator-002.xht</test-href>
          <reference-value>=</reference-value>
          <reference-href>reference/filler-text-below-green.xht</reference-href>
          
        </test><test>
          <test-title>Sibling combinators and newlines</test-title>
          <test-href>combinator-003.xht</test-href>
          <reference-value>=</reference-value>
          <reference-href>reference/filler-text-below-green.xht</reference-href>
          
        </test><test>
          <test-title>Descendant combinators and spaces</test-title>
          <test-href>combinator-004.xht</test-href>
          <reference-value>=</reference-value>
          <reference-href>reference/filler-text-below-green.xht</reference-href>
          
        </test><test>
          <test-title>Parsing comments within style tag</test-title>
          <test-href>comments-001.xht</test-href>
          <reference-value>=</reference-value>
          <reference-href>reference/filler-text-below-green.xht</reference-href>
          
        </test><test>
          <test-title>Nested comments</test-title>
          <test-href>comments-002.xht</test-href>
          <reference-value>=</reference-value>
          <reference-href>reference/filler-text-below-green.xht</reference-href>
          <flags>
              <flag>Invalid</flag>
              </flags>
        </test><test>
          <test-title>HTML comments and CSS comments</test-title>
          <test-href>comments-003.xht</test-href>
          <reference-value>=</reference-value>
          <reference-href>reference/filler-text-below-green.xht</reference-href>
          <flags>
              <flag>Invalid</flag>
              </flags>
        </test><test>
          <test-title>Parsing of invalid comments</test-title>
          <test-href>comments-004.xht</test-href>
          <reference-value>=</reference-value>
          <reference-href>reference/filler-text-below-green.xht</reference-href>
          <flags>
              <flag>Invalid</flag>
              </flags>
        </test><test>
          <test-title>Parsing of escaped &quot;/&quot; within a valid comment</test-title>
          <test-href>comments-005.xht</test-href>
          <reference-value>=</reference-value>
          <reference-href>reference/filler-text-below-green.xht</reference-href>
          
        </test><test>
          <test-title>Parsing of escaped &quot;*&quot; within a valid comment</test-title>
          <test-href>comments-006.xht</test-href>
          <reference-value>=</reference-value>
          <reference-href>reference/filler-text-below-green.xht</reference-href>
          <flags>
              <flag>Invalid</flag>
              </flags>
        </test><test>
          <test-title>Parsing of valid comment that is empty</test-title>
          <test-href>comments-007.xht</test-href>
          <reference-value>=</reference-value>
          <reference-href>reference/filler-text-below-green.xht</reference-href>
          <flags>
              <flag>Invalid</flag>
              </flags>
        </test><test>
          <test-title>Parsing of escaped opening comment</test-title>
          <test-href>comments-008.xht</test-href>
          <reference-value>=</reference-value>
          <reference-href>reference/filler-text-below-green.xht</reference-href>
          <flags>
              <flag>Invalid</flag>
              </flags>
        </test><test>
          <test-title>Parsing of invalid escaped &quot;*&quot; in open comment</test-title>
          <test-href>comments-009.xht</test-href>
          <reference-value>=</reference-value>
          <reference-href>reference/filler-text-below-green.xht</reference-href>
          <flags>
              <flag>Invalid</flag>
              </flags>
        </test><test>
          <test-title>Containing block for relative positioned elements is nearest block-level ancestor</test-title>
          <test-href>containing-block-001.xht</test-href>
          <reference-value>=</reference-value>
          <reference-href>reference/ref-filled-green-100px-square.xht</reference-href>
          
        </test><test>
          <test-title>Containing block for relative positioned elements is nearest table cell ancestor</test-title>
          <test-href>containing-block-002.xht</test-href>
          <reference-value>=</reference-value>
          <reference-href>reference/ref-filled-green-100px-square.xht</reference-href>
          
        </test><test>
          <test-title>Containing block for relative positioned elements is nearest inline-block ancestor</test-title>
          <test-href>containing-block-003.xht</test-href>
          <reference-value>=</reference-value>
          <reference-href>reference/ref-filled-green-100px-square.xht</reference-href>
          
        </test><test>
          <test-title>Containing block for static positioned elements is nearest block-level ancestor</test-title>
          <test-href>containing-block-004.xht</test-href>
          <reference-value>=</reference-value>
          <reference-href>reference/ref-filled-green-100px-square.xht</reference-href>
          
        </test><test>
          <test-title>Containing block for static positioned elements is nearest table cell ancestor</test-title>
          <test-href>containing-block-005.xht</test-href>
          <reference-value>=</reference-value>
          <reference-href>reference/ref-filled-green-100px-square.xht</reference-href>
          
        </test><test>
          <test-title>Containing block for static positioned elements is nearest inline-block ancestor</test-title>
          <test-href>containing-block-006.xht</test-href>
          <reference-value>=</reference-value>
          <reference-href>reference/ref-filled-green-100px-square.xht</reference-href>
          
        </test><test>
          <test-title>Initial containing block for fixed positioned elements</test-title>
          <test-href>containing-block-007.xht</test-href>
          <reference-value>=</reference-value>
          <reference-href>reference/containing-block-007-ref.xht</reference-href>
          
        </test><test>
          <test-title>Containing block for absolute positioned elements is nearest positioned (absolute) ancestor</test-title>
          <test-href>containing-block-008.xht</test-href>
          <reference-value>=</reference-value>
          <reference-href>reference/containing-block-008-ref.xht</reference-href>
          
        </test><test>
          <test-title>Containing block for absolute positioned elements is nearest positioned (relative) ancestor</test-title>
          <test-href>containing-block-009.xht</test-href>
          <reference-value>=</reference-value>
          <reference-href>reference/containing-block-009-ref.xht</reference-href>
          
        </test><test>
          <test-title>Containing block for absolute positioned elements is nearest positioned (fixed) ancestor</test-title>
          <test-href>containing-block-010.xht</test-href>
          <reference-value>=</reference-value>
          <reference-href>reference/containing-block-008-ref.xht</reference-href>
          
        </test><test>
          <test-title>Containing Blocks - Block-level elements position based on left-to-right direction and parent element is absolute</test-title>
          <test-href>containing-block-019.xht</test-href>
          <reference-value>=</reference-value>
          <reference-href>reference/containing-block-019-ref.xht</reference-href>
          
        </test><test>
          <test-title>Containing Blocks - Block-level elements position based on right-to-left direction and parent element is absolute</test-title>
          <test-href>containing-block-020.xht</test-href>
          <reference-value>=</reference-value>
          <reference-href>reference/containing-block-020-ref.xht</reference-href>
          
        </test><test>
          <test-title>Containing Blocks - Block-level elements position based on left-to-right direction and parent element is fixed</test-title>
          <test-href>containing-block-021.xht</test-href>
          <reference-value>=</reference-value>
          <reference-href>reference/containing-block-019-ref.xht</reference-href>
          
        </test><test>
          <test-title>Containing Blocks - Block-level elements position based on right-to-left direction and parent element is fixed</test-title>
          <test-href>containing-block-022.xht</test-href>
          <reference-value>=</reference-value>
          <reference-href>reference/containing-block-020-ref.xht</reference-href>
          
        </test><test>
          <test-title>Containing Blocks - Fall back to Initial containing block</test-title>
          <test-href>containing-block-023.xht</test-href>
          <reference-value>=</reference-value>
          <reference-href>reference/containing-block-023-ref.xht</reference-href>
          
        </test><test>
          <test-title>Element position based on containing block</test-title>
          <test-href>containing-block-026.xht</test-href>
          <reference-value>=</reference-value>
          <reference-href>reference/ref-filled-green-100px-square.xht</reference-href>
          
        </test><test>
          <test-title>Content is not confined by containing blocks</test-title>
          <test-href>containing-block-027.xht</test-href>
          <reference-value>=</reference-value>
          <reference-href>reference/containing-block-027-ref.xht</reference-href>
          <flags>
              <flag>Optional</flag>
              </flags>
        </test><test>
          <test-title>Principal block box establishes the containing block</test-title>
          <test-href>containing-block-028.xht</test-href>
          <reference-value>=</reference-value>
          <reference-href>reference/containing-block-028-ref.xht</reference-href>
          
        </test><test>
          <test-title>Principal block box establishes the containing block for generated content</test-title>
          <test-href>containing-block-029.xht</test-href>
          <reference-value>=</reference-value>
          <reference-href>reference/containing-block-029-ref.xht</reference-href>
          
        </test><test>
          <test-title>Content is not confined by containing blocks</test-title>
          <test-href>containing-block-030.xht</test-href>
          <reference-value>=</reference-value>
          <reference-href>reference/containing-block-030-ref.xht</reference-href>
          <flags>
              <flag>Optional</flag>
              </flags>
        </test><test>
          <test-title>Content with the value of 'none'</test-title>
          <test-href>content-001.xht</test-href>
          <reference-value>=</reference-value>
          <reference-href>reference/no-red-on-blank-page-ref.xht</reference-href>
          
        </test><test>
          <test-title>Content using a 'counters()' function with a string and a list style set to 'none'</test-title>
          <test-href>content-036.xht</test-href>
          <reference-value>=</reference-value>
          <reference-href>reference/no-red-on-blank-page-ref.xht</reference-href>
          
        </test><test>
          <test-title>Generated Content: Simple \A</test-title>
          <test-href>content-171.xht</test-href>
          <reference-value>=</reference-value>
          <reference-href>reference/content-171-ref.xht</reference-href>
          
        </test><test>
          <test-title>Generated Content: \A and white-space</test-title>
          <test-href>content-172.xht</test-href>
          <reference-value>=</reference-value>
          <reference-href>reference/content-172-ref.xht</reference-href>
          
        </test><test>
          <test-title>Generated Content: Nasty parsing and generated content test</test-title>
          <test-href>content-173.xht</test-href>
          <reference-value>=</reference-value>
          <reference-href>reference/content-173-ref.xht</reference-href>
          
        </test><test>
          <test-title>Generated Content: \A and white-space</test-title>
          <test-href>content-174.xht</test-href>
          <reference-value>=</reference-value>
          <reference-href>reference/content-174-ref.xht</reference-href>
          
        </test><test>
          <test-title>Generated Content: \A and white-space</test-title>
          <test-href>content-175.xht</test-href>
          <reference-value>=</reference-value>
          <reference-href>reference/content-175-ref.xht</reference-href>
          
        </test><test>
          <test-title>Generated Content: Entities</test-title>
          <test-href>content-177.xht</test-href>
          <reference-value>=</reference-value>
          <reference-href>reference/content-177-ref.xht</reference-href>
          
        </test><test>
          <test-title>content: counter(c)</test-title>
          <test-href>content-counter-000.xht</test-href>
          <reference-value>=</reference-value>
          <reference-href>reference/content-counter-000-ref.xht</reference-href>
          
        </test><test>
          <test-title>content: counter(c, none)</test-title>
          <test-href>content-counter-001.xht</test-href>
          <reference-value>=</reference-value>
          <reference-href>reference/content-counter-001-ref.xht</reference-href>
          
        </test><test>
          <test-title>content: counter(c, disc)</test-title>
          <test-href>content-counter-002.xht</test-href>
          <reference-value>=</reference-value>
          <reference-href>reference/content-counter-002-ref.xht</reference-href>
          
        </test><test>
          <test-title>content: counter(c, circle)</test-title>
          <test-href>content-counter-003.xht</test-href>
          <reference-value>=</reference-value>
          <reference-href>reference/content-counter-003-ref.xht</reference-href>
          
        </test><test>
          <test-title>content: counter(c, square)</test-title>
          <test-href>content-counter-004.xht</test-href>
          <reference-value>=</reference-value>
          <reference-href>reference/content-counter-004-ref.xht</reference-href>
          
        </test><test>
          <test-title>content: counter(c, decimal)</test-title>
          <test-href>content-counter-005.xht</test-href>
          <reference-value>=</reference-value>
          <reference-href>reference/content-counter-000-ref.xht</reference-href>
          
        </test><test>
          <test-title>content: counter(c, decimal-leading-zero)</test-title>
          <test-href>content-counter-006.xht</test-href>
          <reference-value>=</reference-value>
          <reference-href>reference/content-counter-006-ref.xht</reference-href>
          
        </test><test>
          <test-title>content: counter(c, lower-roman)</test-title>
          <test-href>content-counter-007.xht</test-href>
          <reference-value>=</reference-value>
          <reference-href>reference/content-counter-007-ref.xht</reference-href>
          
        </test><test>
          <test-title>content: counter(c, upper-roman)</test-title>
          <test-href>content-counter-008.xht</test-href>
          <reference-value>=</reference-value>
          <reference-href>reference/content-counter-008-ref.xht</reference-href>
          
        </test><test>
          <test-title>content: counter(c, georgian)</test-title>
          <test-href>content-counter-009.xht</test-href>
          <reference-value>=</reference-value>
          <reference-href>reference/content-counter-009-ref.xht</reference-href>
          
        </test><test>
          <test-title>content: counter(c, armenian)</test-title>
          <test-href>content-counter-010.xht</test-href>
          <reference-value>=</reference-value>
          <reference-href>reference/content-counter-010-ref.xht</reference-href>
          
        </test><test>
          <test-title>content: counter(c, lower-latin)</test-title>
          <test-href>content-counter-011.xht</test-href>
          <reference-value>=</reference-value>
          <reference-href>reference/content-counter-011-ref.xht</reference-href>
          
        </test><test>
          <test-title>content: counter(c, lower-alpha)</test-title>
          <test-href>content-counter-012.xht</test-href>
          <reference-value>=</reference-value>
          <reference-href>reference/content-counter-011-ref.xht</reference-href>
          
        </test><test>
          <test-title>content: counter(c, upper-latin)</test-title>
          <test-href>content-counter-013.xht</test-href>
          <reference-value>=</reference-value>
          <reference-href>reference/content-counter-013-ref.xht</reference-href>
          
        </test><test>
          <test-title>content: counter(c, upper-alpha)</test-title>
          <test-href>content-counter-014.xht</test-href>
          <reference-value>=</reference-value>
          <reference-href>reference/content-counter-013-ref.xht</reference-href>
          
        </test><test>
          <test-title>content: counter(c, lower-greek)</test-title>
          <test-href>content-counter-015.xht</test-href>
          <reference-value>=</reference-value>
          <reference-href>reference/content-counter-015-ref.xht</reference-href>
          
        </test><test>
          <test-title>content: counter() error cases</test-title>
          <test-href>content-counter-016.xht</test-href>
          <reference-value>=</reference-value>
          <reference-href>reference/content-counter-000-ref.xht</reference-href>
          <flags>
              <flag>Invalid</flag>
              </flags>
        </test><test>
          <test-title>CSS inheritance: content with tables</test-title>
          <test-href>content-inherit-002.xht</test-href>
          <reference-value>=</reference-value>
          <reference-href>reference/content-inherit-002-ref.xht</reference-href>
          
        </test><test>
          <test-title>text/css content type</test-title>
          <test-href>content-type-000.xht</test-href>
          <reference-value>=</reference-value>
          <reference-href>reference/content-type-000-ref.xht</reference-href>
          <flags>
              <flag>HTTP</flag>
              </flags>
        </test><test>
          <test-title>text/css content type</test-title>
          <test-href>content-type-001.xht</test-href>
          <reference-value>=</reference-value>
          <reference-href>reference/content-type-000-ref.xht</reference-href>
          <flags>
              <flag>HTTP</flag>
              </flags>
        </test><test>
          <test-title>Nested blocks in unexpected places</test-title>
          <test-href>core-syntax-001.xht</test-href>
          <reference-value>=</reference-value>
          <reference-href>reference/core-syntax-001-ref.xht</reference-href>
          
        </test><test>
          <test-title>Nested blocks in unexpected places</test-title>
          <test-href>core-syntax-002.xht</test-href>
          <reference-value>=</reference-value>
          <reference-href>reference/core-syntax-002-ref.xht</reference-href>
          
        </test><test>
          <test-title>Nested blocks in unexpected places (with no whitespace)</test-title>
          <test-href>core-syntax-003.xht</test-href>
          <reference-value>=</reference-value>
          <reference-href>reference/ref-this-text-should-be-green.xht</reference-href>
          
        </test><test>
          <test-title>Nested blocks in unexpected places (with no whitespace)</test-title>
          <test-href>core-syntax-004.xht</test-href>
          <reference-value>=</reference-value>
          <reference-href>reference/ref-this-text-should-be-green.xht</reference-href>
          
        </test><test>
          <test-title>Parsing invalid '!' declarations</test-title>
          <test-href>core-syntax-006.xht</test-href>
          <reference-value>=</reference-value>
          <reference-href>reference/core-syntax-006-ref.xht</reference-href>
          
        </test><test>
          <test-title>Parsing invalid '!' declarations</test-title>
          <test-href>core-syntax-007.xht</test-href>
          <reference-value>=</reference-value>
          <reference-href>reference/core-syntax-007-ref.xht</reference-href>
          
        </test><test>
          <test-title>Parsing invalid '!' declarations</test-title>
          <test-href>core-syntax-008.xht</test-href>
          <reference-value>=</reference-value>
          <reference-href>reference/ref-this-text-should-be-green.xht</reference-href>
          
        </test><test>
          <test-title>Syntactic White Space</test-title>
          <test-href>core-syntax-009.xht</test-href>
          <reference-value>=</reference-value>
          <reference-href>reference/ref-this-text-should-be-green.xht</reference-href>
          
        </test><test>
          <test-title>counter-reset - negative value with positive counter-increment</test-title>
          <test-href>counter-reset-increment-002.xht</test-href>
          <reference-value>=</reference-value>
          <reference-href>reference/counter-reset-increment-002-ref.xht</reference-href>
          
        </test><test>
          <test-title>Parsing counter functions with just the identifier</test-title>
          <test-href>counters-001.xht</test-href>
          <reference-value>=</reference-value>
          <reference-href>reference/counters-001-ref.xht</reference-href>
          
        </test><test>
          <test-title>Parsing invalid counter functions - Too many arguments</test-title>
          <test-href>counters-002.xht</test-href>
          <reference-value>=</reference-value>
          <reference-href>reference/no-red-filler-text-ref.xht</reference-href>
          <flags>
              <flag>Invalid</flag>
              </flags>
        </test><test>
          <test-title>Parsing counter() function with no white space</test-title>
          <test-href>counters-003.xht</test-href>
          <reference-value>=</reference-value>
          <reference-href>reference/counters-003-ref.xht</reference-href>
          
        </test><test>
          <test-title>Parsing counters() function with no white space and two function values</test-title>
          <test-href>counters-004.xht</test-href>
          <reference-value>=</reference-value>
          <reference-href>reference/counters-004-ref.xht</reference-href>
          
        </test><test>
          <test-title>Parsing counters() function with no white space and three function values</test-title>
          <test-href>counters-005.xht</test-href>
          <reference-value>=</reference-value>
          <reference-href>reference/counters-003-ref.xht</reference-href>
          
        </test><test>
          <test-title>Parsing counter() function with white space</test-title>
          <test-href>counters-006.xht</test-href>
          <reference-value>=</reference-value>
          <reference-href>reference/counters-004-ref.xht</reference-href>
          
        </test><test>
          <test-title>Parsing counter() function with white space and two function values</test-title>
          <test-href>counters-007.xht</test-href>
          <reference-value>=</reference-value>
          <reference-href>reference/counters-003-ref.xht</reference-href>
          
        </test><test>
          <test-title>Parsing counters() function with white space and two function values</test-title>
          <test-href>counters-008.xht</test-href>
          <reference-value>=</reference-value>
          <reference-href>reference/counters-004-ref.xht</reference-href>
          
        </test><test>
          <test-title>Parsing counters() function with white space and three function values</test-title>
          <test-href>counters-009.xht</test-href>
          <reference-value>=</reference-value>
          <reference-href>reference/counters-003-ref.xht</reference-href>
          
        </test><test>
          <test-title>Parsing counters() functions</test-title>
          <test-href>counters-010.xht</test-href>
          <reference-value>=</reference-value>
          <reference-href>reference/counters-010-ref.xht</reference-href>
          
        </test><test>
          <test-title>malformed declaration missing ':', value, part 1</test-title>
          <test-href>declaration-001.xht</test-href>
          <reference-value>=</reference-value>
          <reference-href>reference/ref-this-text-should-be-green.xht</reference-href>
          <flags>
              <flag>Invalid</flag>
              </flags>
        </test><test>
          <test-title>malformed declaration missing ':', value, part 2</test-title>
          <test-href>declaration-002.xht</test-href>
          <reference-value>=</reference-value>
          <reference-href>reference/ref-this-text-should-be-green.xht</reference-href>
          <flags>
              <flag>Invalid</flag>
              </flags>
        </test><test>
          <test-title>malformed declaration missing value, part 1</test-title>
          <test-href>declaration-003.xht</test-href>
          <reference-value>=</reference-value>
          <reference-href>reference/ref-this-text-should-be-green.xht</reference-href>
          <flags>
              <flag>Invalid</flag>
              </flags>
        </test><test>
          <test-title>malformed declaration missing value, part 2</test-title>
          <test-href>declaration-004.xht</test-href>
          <reference-value>=</reference-value>
          <reference-href>reference/ref-this-text-should-be-green.xht</reference-href>
          <flags>
              <flag>Invalid</flag>
              </flags>
        </test><test>
          <test-title>malformed declaration: unexpected tokens { }, part 1</test-title>
          <test-href>declaration-005.xht</test-href>
          <reference-value>=</reference-value>
          <reference-href>reference/ref-this-text-should-be-green.xht</reference-href>
          <flags>
              <flag>Invalid</flag>
              </flags>
        </test><test>
          <test-title>malformed declaration: unexpected tokens { }, part 2</test-title>
          <test-href>declaration-006.xht</test-href>
          <reference-value>=</reference-value>
          <reference-href>reference/ref-this-text-should-be-green.xht</reference-href>
          <flags>
              <flag>Invalid</flag>
              </flags>
        </test><test>
          <test-title>Parsing white space in style declaration</test-title>
          <test-href>declaration-whitespace-001.xht</test-href>
          <reference-value>=</reference-value>
          <reference-href>reference/filler-text-below-green.xht</reference-href>
          
        </test><test>
          <test-title>Ignoring at-rules inside declaration blocks</test-title>
          <test-href>declarations-009.xht</test-href>
          <reference-value>=</reference-value>
          <reference-href>reference/declarations-009-ref.xht</reference-href>
          <flags>
              <flag>Invalid</flag>
              </flags>
        </test><test>
          <test-title>attribute selector - Default attribute values in DTDs</test-title>
          <test-href>default-attribute-selector-001.xht</test-href>
          <reference-value>=</reference-value>
          <reference-href>reference/ref-filled-green-100px-square.xht</reference-href>
          
        </test><test>
          <test-title>attribute selector - Default attribute values in DTDs</test-title>
          <test-href>default-attribute-selector-002.xht</test-href>
          <reference-value>=</reference-value>
          <reference-href>reference/ref-filled-green-100px-square.xht</reference-href>
          
        </test><test>
          <test-title>attribute selector - Default attribute values in DTDs</test-title>
          <test-href>default-attribute-selector-003.xht</test-href>
          <reference-value>=</reference-value>
          <reference-href>reference/ref-filled-green-100px-square.xht</reference-href>
          
        </test><test>
          <test-title>attribute selector - Default attribute values in DTDs</test-title>
          <test-href>default-attribute-selector-004.xht</test-href>
          <reference-value>=</reference-value>
          <reference-href>reference/ref-filled-green-100px-square.xht</reference-href>
          
        </test><test>
          <test-title>Delete a block-level element inside a block whose children are otherwise all inline at its beginning</test-title>
          <test-href>delete-block-in-inlines-beginning-001.xht</test-href>
          <reference-value>=</reference-value>
          <reference-href>reference/delete-block-in-inlines-beginning-001-ref.xht</reference-href>
          <flags>
              <flag>Ahem</flag><flag>DOM/JS</flag>
              </flags>
        </test><test>
          <test-title>Delete a block-level element inside a block whose children are otherwise all inline at its end</test-title>
          <test-href>delete-block-in-inlines-end-001.xht</test-href>
          <reference-value>=</reference-value>
          <reference-href>reference/delete-block-in-inlines-beginning-001-ref.xht</reference-href>
          <flags>
              <flag>Ahem</flag><flag>DOM/JS</flag>
              </flags>
        </test><test>
          <test-title>Delete a block-level element inside a block whose children are otherwise all inline at its middle</test-title>
          <test-href>delete-block-in-inlines-middle-001.xht</test-href>
          <reference-value>=</reference-value>
          <reference-href>reference/delete-block-in-inlines-beginning-001-ref.xht</reference-href>
          <flags>
              <flag>Ahem</flag><flag>DOM/JS</flag>
              </flags>
        </test><test>
          <test-title>Delete an inline-level element inside a block whose children are otherwise all block-level, located at its beginning</test-title>
          <test-href>delete-inline-in-blocks-beginning-001.xht</test-href>
          <reference-value>=</reference-value>
          <reference-href>reference/delete-inline-in-blocks-beginning-001-ref.xht</reference-href>
          <flags>
              <flag>Ahem</flag><flag>DOM/JS</flag>
              </flags>
        </test><test>
          <test-title>Delete an inline-level element inside a block whose children are otherwise all block-level, located at its end</test-title>
          <test-href>delete-inline-in-blocks-end-001.xht</test-href>
          <reference-value>=</reference-value>
          <reference-href>reference/delete-inline-in-blocks-beginning-001-ref.xht</reference-href>
          <flags>
              <flag>Ahem</flag><flag>DOM/JS</flag>
              </flags>
        </test><test>
          <test-title>Delete an inline-level element inside a block whose children are otherwise all block-level, located in its middle</test-title>
          <test-href>delete-inline-in-blocks-middle-001.xht</test-href>
          <reference-value>=</reference-value>
          <reference-href>reference/delete-inline-in-blocks-beginning-001-ref.xht</reference-href>
          <flags>
              <flag>Ahem</flag><flag>DOM/JS</flag>
              </flags>
        </test><test>
          <test-title>Delete an inline-level element inside a block whose children are otherwise all block-level, located in its middle</test-title>
          <test-href>delete-inline-in-blocks-middle-002.xht</test-href>
          <reference-value>=</reference-value>
          <reference-href>reference/delete-inline-in-blocks-middle-002-ref.xht</reference-href>
          <flags>
              <flag>Ahem</flag><flag>DOM/JS</flag>
              </flags>
        </test><test>
          <test-title>Delete an inline-level element inside a block whose children are otherwise all block-level, located in its middle</test-title>
          <test-href>delete-inline-in-blocks-middle-003.xht</test-href>
          <reference-value>=</reference-value>
          <reference-href>reference/delete-inline-in-blocks-middle-002-ref.xht</reference-href>
          <flags>
              <flag>Ahem</flag><flag>DOM/JS</flag>
              </flags>
        </test><test>
          <test-title>Descendant elements and 'display: none'</test-title>
          <test-href>descendant-display-none-001.xht</test-href>
          <reference-value>=</reference-value>
          <reference-href>reference/ref-if-there-is-no-red.xht</reference-href>
          
        </test><test>
          <test-title>Overriding display none from parent</test-title>
          <test-href>descendant-display-override-001.xht</test-href>
          <reference-value>=</reference-value>
          <reference-href>reference/ref-if-there-is-no-red.xht</reference-href>
          
        </test><test>
          <test-title>Descendent selector does not apply to parent element</test-title>
          <test-href>descendent-selector-001.xht</test-href>
          <reference-value>=</reference-value>
          <reference-href>reference/no-red-filler-text-ref.xht</reference-href>
          
        </test><test>
          <test-title>Grandchild selection with no children</test-title>
          <test-href>descendent-selector-005.xht</test-href>
          <reference-value>=</reference-value>
          <reference-href>reference/no-red-filler-text-ref.xht</reference-href>
          
        </test><test>
          <test-title>Direction set to 'ltr'</test-title>
          <test-href>direction-001.xht</test-href>
          <reference-value>=</reference-value>
          <reference-href>reference/direction-001-ref.xht</reference-href>
          
        </test><test>
          <test-title>Direction set to 'rtl'</test-title>
          <test-href>direction-002.xht</test-href>
          <reference-value>=</reference-value>
          <reference-href>reference/direction-002-ref.xht</reference-href>
          
        </test><test>
          <test-title>Direction set to 'inherit' sets a value that is inherited from parent element</test-title>
          <test-href>direction-003.xht</test-href>
          <reference-value>=</reference-value>
          <reference-href>reference/direction-002-ref.xht</reference-href>
          
        </test><test>
          <test-title>Direction applied to element with 'display' set to 'table-row-group'</test-title>
          <test-href>direction-applies-to-001.xht</test-href>
          <reference-value>=</reference-value>
          <reference-href>reference/direction-applies-to-001-ref.xht</reference-href>
          <flags>
              <flag>Ahem</flag>
              </flags>
        </test><test>
          <test-title>Direction applied to element with 'display' set to 'table-header-group'</test-title>
          <test-href>direction-applies-to-002.xht</test-href>
          <reference-value>=</reference-value>
          <reference-href>reference/direction-applies-to-001-ref.xht</reference-href>
          <flags>
              <flag>Ahem</flag>
              </flags>
        </test><test>
          <test-title>Direction applied to element with 'display' set to 'table-footer-group'</test-title>
          <test-href>direction-applies-to-003.xht</test-href>
          <reference-value>=</reference-value>
          <reference-href>reference/direction-applies-to-001-ref.xht</reference-href>
          <flags>
              <flag>Ahem</flag>
              </flags>
        </test><test>
          <test-title>Direction applied to element with 'display' set to 'table-row'</test-title>
          <test-href>direction-applies-to-004.xht</test-href>
          <reference-value>=</reference-value>
          <reference-href>reference/direction-applies-to-001-ref.xht</reference-href>
          <flags>
              <flag>Ahem</flag>
              </flags>
        </test><test>
          <test-title>Direction applied to element with 'display' set to 'table-column-group'</test-title>
          <test-href>direction-applies-to-005.xht</test-href>
          <reference-value>=</reference-value>
          <reference-href>reference/direction-applies-to-001-ref.xht</reference-href>
          <flags>
              <flag>Ahem</flag>
              </flags>
        </test><test>
          <test-title>Direction applied to element with 'display' set to 'table-column'</test-title>
          <test-href>direction-applies-to-006.xht</test-href>
          <reference-value>=</reference-value>
          <reference-href>reference/direction-applies-to-001-ref.xht</reference-href>
          <flags>
              <flag>Ahem</flag>
              </flags>
        </test><test>
          <test-title>Direction applied to element with 'display' set to 'table-cell'</test-title>
          <test-href>direction-applies-to-007.xht</test-href>
          <reference-value>=</reference-value>
          <reference-href>reference/direction-applies-to-007-ref.xht</reference-href>
          <flags>
              <flag>Ahem</flag>
              </flags>
        </test><test>
          <test-title>Direction applied to element with 'display' set to inline</test-title>
          <test-href>direction-applies-to-008.xht</test-href>
          <reference-value>=</reference-value>
          <reference-href>reference/direction-applies-to-008-ref.xht</reference-href>
          
        </test><test>
          <test-title>Direction applied to element with 'display' set to block</test-title>
          <test-href>direction-applies-to-009.xht</test-href>
          <reference-value>=</reference-value>
          <reference-href>reference/direction-applies-to-007-ref.xht</reference-href>
          <flags>
              <flag>Ahem</flag>
              </flags>
        </test><test>
          <test-title>Direction applied to element with 'display' set to inline-block</test-title>
          <test-href>direction-applies-to-012.xht</test-href>
          <reference-value>=</reference-value>
          <reference-href>reference/direction-applies-to-007-ref.xht</reference-href>
          <flags>
              <flag>Ahem</flag>
              </flags>
        </test><test>
          <test-title>Direction applied to element with 'display' set to 'table'</test-title>
          <test-href>direction-applies-to-013.xht</test-href>
          <reference-value>=</reference-value>
          <reference-href>reference/direction-applies-to-007-ref.xht</reference-href>
          <flags>
              <flag>Ahem</flag>
              </flags>
        </test><test>
          <test-title>Direction applied to element with 'display' set to 'inline-table'</test-title>
          <test-href>direction-applies-to-014.xht</test-href>
          <reference-value>=</reference-value>
          <reference-href>reference/direction-applies-to-007-ref.xht</reference-href>
          <flags>
              <flag>Ahem</flag>
              </flags>
        </test><test>
          <test-title>Direction applied to element with 'display' set to 'table-caption'</test-title>
          <test-href>direction-applies-to-015.xht</test-href>
          <reference-value>=</reference-value>
          <reference-href>reference/direction-applies-to-007-ref.xht</reference-href>
          <flags>
              <flag>Ahem</flag>
              </flags>
        </test><test>
          <test-title>Display set to 'inline'</test-title>
          <test-href>display-001.xht</test-href>
          <reference-value>=</reference-value>
          <reference-href>reference/display-001-ref.xht</reference-href>
          
        </test><test>
          <test-title>Display set to 'block'</test-title>
          <test-href>display-002.xht</test-href>
          <reference-value>=</reference-value>
          <reference-href>reference/display-002-ref.xht</reference-href>
          
        </test><test>
          <test-title>Display set to 'inline-block'</test-title>
          <test-href>display-005.xht</test-href>
          <reference-value>=</reference-value>
          <reference-href>reference/display-001-ref.xht</reference-href>
          
        </test><test>
          <test-title>Display set to 'table'</test-title>
          <test-href>display-006.xht</test-href>
          <reference-value>=</reference-value>
          <reference-href>reference/display-001-ref.xht</reference-href>
          
        </test><test>
          <test-title>Display set to 'inline-table'</test-title>
          <test-href>display-007.xht</test-href>
          <reference-value>=</reference-value>
          <reference-href>reference/display-001-ref.xht</reference-href>
          
        </test><test>
          <test-title>Display set to 'table-row-group'</test-title>
          <test-href>display-008.xht</test-href>
          <reference-value>=</reference-value>
          <reference-href>reference/display-008-ref.xht</reference-href>
          
        </test><test>
          <test-title>Display set to 'table-header-group'</test-title>
          <test-href>display-009.xht</test-href>
          <reference-value>=</reference-value>
          <reference-href>reference/display-008-ref.xht</reference-href>
          
        </test><test>
          <test-title>Display set to 'table-footer-group'</test-title>
          <test-href>display-010.xht</test-href>
          <reference-value>=</reference-value>
          <reference-href>reference/display-010-ref.xht</reference-href>
          
        </test><test>
          <test-title>Display set to 'table-row'</test-title>
          <test-href>display-011.xht</test-href>
          <reference-value>=</reference-value>
          <reference-href>reference/display-002-ref.xht</reference-href>
          
        </test><test>
          <test-title>Display set to 'table-column-group'</test-title>
          <test-href>display-012.xht</test-href>
          <reference-value>=</reference-value>
          <reference-href>reference/display-012-ref.xht</reference-href>
          
        </test><test>
          <test-title>Display set to 'table-column'</test-title>
          <test-href>display-013.xht</test-href>
          <reference-value>=</reference-value>
          <reference-href>reference/display-012-ref.xht</reference-href>
          
        </test><test>
          <test-title>Display set to 'table-cell'</test-title>
          <test-href>display-014.xht</test-href>
          <reference-value>=</reference-value>
          <reference-href>reference/display-001-ref.xht</reference-href>
          
        </test><test>
          <test-title>Display set to 'table-caption'</test-title>
          <test-href>display-015.xht</test-href>
          <reference-value>=</reference-value>
          <reference-href>reference/display-002-ref.xht</reference-href>
          
        </test><test>
          <test-title>Display set to 'none'</test-title>
          <test-href>display-016.xht</test-href>
          <reference-value>=</reference-value>
          <reference-href>reference/ref-if-there-is-no-red.xht</reference-href>
          
        </test><test>
          <test-title>Display set to 'inherit'</test-title>
          <test-href>display-017.xht</test-href>
          <reference-value>=</reference-value>
          <reference-href>reference/display-002-ref.xht</reference-href>
          
        </test><test>
          <test-title>display - sub-table elements with 'display' set to 'inline'</test-title>
          <test-href>display-018.xht</test-href>
          <reference-value>=</reference-value>
          <reference-href>reference/display-018-ref.xht</reference-href>
          
        </test><test>
          <test-title>Updating layout on display changes</test-title>
          <test-href>display-change-001.xht</test-href>
          <reference-value>=</reference-value>
          <reference-href>reference/display-change-001-ref.xht</reference-href>
          <flags>
              <flag>Ahem</flag><flag>DOM/JS</flag>
              </flags>
        </test><test>
          <test-title>Display set to 'none' does not generate a box even with 'position' set to 'absolute'</test-title>
          <test-href>display-none-001.xht</test-href>
          <reference-value>=</reference-value>
          <reference-href>reference/ref-if-there-is-no-red.xht</reference-href>
          
        </test><test>
          <test-title>Display set to 'none' does not generate a box even with 'position' set to 'fixed'</test-title>
          <test-href>display-none-002.xht</test-href>
          <reference-value>=</reference-value>
          <reference-href>reference/ref-if-there-is-no-red.xht</reference-href>
          
        </test><test>
          <test-title>Display set to 'none' does not generate a box even when element is floated</test-title>
          <test-href>display-none-003.xht</test-href>
          <reference-value>=</reference-value>
          <reference-href>reference/ref-if-there-is-no-red.xht</reference-href>
          
        </test><test>
          <test-title>Inheriting 'top' changes from relpos grandparent</test-title>
          <test-href>dynamic-top-change-001.xht</test-href>
          <reference-value>=</reference-value>
          <reference-href>reference/dynamic-top-change-001-ref.xht</reference-href>
          <flags>
              <flag>DOM/JS</flag>
              </flags>
        </test><test>
          <test-title>Inheriting 'top' changes from parent table-row through anonymous table boxes</test-title>
          <test-href>dynamic-top-change-002.xht</test-href>
          <reference-value>=</reference-value>
          <reference-href>reference/dynamic-top-change-002-ref.xht</reference-href>
          <flags>
              <flag>DOM/JS</flag>
              </flags>
        </test><test>
          <test-title>Inheriting 'top' changes from parent table through anonymous table boxes</test-title>
          <test-href>dynamic-top-change-003.xht</test-href>
          <reference-value>=</reference-value>
          <reference-href>reference/dynamic-top-change-002-ref.xht</reference-href>
          <flags>
              <flag>DOM/JS</flag>
              </flags>
        </test><test>
          <test-title>Inheriting 'top' changes from abspos parent</test-title>
          <test-href>dynamic-top-change-004.xht</test-href>
          <reference-value>=</reference-value>
          <reference-href>reference/dynamic-top-change-002-ref.xht</reference-href>
          <flags>
              <flag>DOM/JS</flag>
              </flags>
        </test><test>
          <test-title>Empty-cells and 'display: table-row-group' elements</test-title>
          <test-href>empty-cells-applies-to-008.xht</test-href>
          <reference-value>=</reference-value>
          <reference-href>reference/no-red-on-blank-page-ref.xht</reference-href>
          
        </test><test>
          <test-title>Empty-cells and 'display: table-header-group' elements</test-title>
          <test-href>empty-cells-applies-to-009.xht</test-href>
          <reference-value>=</reference-value>
          <reference-href>reference/no-red-on-blank-page-ref.xht</reference-href>
          
        </test><test>
          <test-title>Empty-cells and 'display: table-footer-group' elements</test-title>
          <test-href>empty-cells-applies-to-010.xht</test-href>
          <reference-value>=</reference-value>
          <reference-href>reference/no-red-on-blank-page-ref.xht</reference-href>
          
        </test><test>
          <test-title>Empty-cells and 'display: table-row' elements</test-title>
          <test-href>empty-cells-applies-to-011.xht</test-href>
          <reference-value>=</reference-value>
          <reference-href>reference/no-red-on-blank-page-ref.xht</reference-href>
          
        </test><test>
          <test-title>Empty-cells and 'display: table-column' elements</test-title>
          <test-href>empty-cells-applies-to-012.xht</test-href>
          <reference-value>=</reference-value>
          <reference-href>reference/no-red-on-blank-page-ref.xht</reference-href>
          
        </test><test>
          <test-title>Empty-cells and 'display: table-column-group' elements</test-title>
          <test-href>empty-cells-applies-to-013.xht</test-href>
          <reference-value>=</reference-value>
          <reference-href>reference/no-red-on-blank-page-ref.xht</reference-href>
          
        </test><test>
          <test-title>Empty-cells and 'display: table-cell' elements</test-title>
          <test-href>empty-cells-applies-to-014.xht</test-href>
          <reference-value>=</reference-value>
          <reference-href>reference/no-red-on-blank-page-ref.xht</reference-href>
          
        </test><test>
          <test-title>Empty-cells and 'display: none' elements</test-title>
          <test-href>empty-cells-applies-to-016.xht</test-href>
          <reference-value>=</reference-value>
          <reference-href>reference/no-red-on-blank-page-ref.xht</reference-href>
          
        </test><test>
          <test-title>Empty-cells and 'display: inherit' elements</test-title>
          <test-href>empty-cells-applies-to-017.xht</test-href>
          <reference-value>=</reference-value>
          <reference-href>reference/no-red-on-blank-page-ref.xht</reference-href>
          
        </test><test>
          <test-title>Empty inline elements</test-title>
          <test-href>empty-inline-001.xht</test-href>
          <reference-value>=</reference-value>
          <reference-href>reference/ref-if-there-is-no-red.xht</reference-href>
          
        </test><test>
          <test-title>Empty line box influence</test-title>
          <test-href>empty-inline-002.xht</test-href>
          <reference-value>=</reference-value>
          <reference-href>reference/empty-inline-002-ref.xht</reference-href>
          <flags>
              <flag>Ahem</flag>
              </flags>
        </test><test>
          <test-title>Line height calculations - Empty inline elements influence</test-title>
          <test-href>empty-inline-003.xht</test-href>
          <reference-value>=</reference-value>
          <reference-href>reference/empty-inline-003-ref.xht</reference-href>
          
        </test><test>
          <test-title>Parsing unexpected end of declaration block</test-title>
          <test-href>eof-001.xht</test-href>
          <reference-value>=</reference-value>
          <reference-href>reference/filler-text-below-green.xht</reference-href>
          <flags>
              <flag>Invalid</flag>
              </flags>
        </test><test>
          <test-title>Parsing unexpected end of function</test-title>
          <test-href>eof-002.xht</test-href>
          <reference-value>=</reference-value>
          <reference-href>reference/filler-text-below-green.xht</reference-href>
          <flags>
              <flag>Invalid</flag>
              </flags>
        </test><test>
          <test-title>Parsing unexpected end of string</test-title>
          <test-href>eof-003.xht</test-href>
          <reference-value>=</reference-value>
          <reference-href>reference/filler-text-below-green.xht</reference-href>
          <flags>
              <flag>Invalid</flag>
              </flags>
        </test><test>
          <test-title>Parsing unexpected end of @media block</test-title>
          <test-href>eof-004.xht</test-href>
          <reference-value>=</reference-value>
          <reference-href>reference/filler-text-below-green.xht</reference-href>
          <flags>
              <flag>Invalid</flag>
              </flags>
        </test><test>
          <test-title>Parsing unexpected end of @import</test-title>
          <test-href>eof-005.xht</test-href>
          <reference-value>=</reference-value>
          <reference-href>reference/filler-text-below-green.xht</reference-href>
          <flags>
              <flag>Invalid</flag>
              </flags>
        </test><test>
          <test-title>Parsing unexpected end of @import with closed quote</test-title>
          <test-href>eof-006.xht</test-href>
          <reference-value>=</reference-value>
          <reference-href>reference/filler-text-below-green.xht</reference-href>
          <flags>
              <flag>Invalid</flag>
              </flags>
        </test><test>
          <test-title>Parsing unexpected end of shorthand rule</test-title>
          <test-href>eof-007.xht</test-href>
          <reference-value>=</reference-value>
          <reference-href>reference/filler-text-below-green.xht</reference-href>
          <flags>
              <flag>Invalid</flag>
              </flags>
        </test><test>
          <test-title>Parsing escaped identifiers as selectors, property and value</test-title>
          <test-href>escaped-ident-001.xht</test-href>
          <reference-value>=</reference-value>
          <reference-href>reference/filler-text-below-green.xht</reference-href>
          
        </test><test>
          <test-title>Parsing escaped special CSS characters</test-title>
          <test-href>escaped-ident-002.xht</test-href>
          <reference-value>=</reference-value>
          <reference-href>reference/filler-text-below-green.xht</reference-href>
          
        </test><test>
          <test-title>Parsing escaped newlines within identifiers</test-title>
          <test-href>escaped-ident-003.xht</test-href>
          <reference-value>=</reference-value>
          <reference-href>reference/no-red-filler-text-ref.xht</reference-href>
          <flags>
              <flag>Invalid</flag>
              </flags>
        </test><test>
          <test-title>Parsing escaped chars in the range of 0-9a-f</test-title>
          <test-href>escaped-ident-004.xht</test-href>
          <reference-value>=</reference-value>
          <reference-href>reference/no-red-filler-text-ref.xht</reference-href>
          
        </test><test>
          <test-title>Parsing escaped characters as selector and property</test-title>
          <test-href>escaped-ident-char-001.xht</test-href>
          <reference-value>=</reference-value>
          <reference-href>reference/filler-text-below-green.xht</reference-href>
          
        </test><test>
          <test-title>Parsing escaped identifiers with spaces</test-title>
          <test-href>escaped-ident-spaces-001.xht</test-href>
          <reference-value>=</reference-value>
          <reference-href>reference/filler-text-below-green.xht</reference-href>
          
        </test><test>
          <test-title>Termination of escaped character sequences with white space</test-title>
          <test-href>escaped-ident-spaces-002.xht</test-href>
          <reference-value>=</reference-value>
          <reference-href>reference/filler-text-below-green.xht</reference-href>
          
        </test><test>
          <test-title>Termination of escaped character sequences with six digits</test-title>
          <test-href>escaped-ident-spaces-003.xht</test-href>
          <reference-value>=</reference-value>
          <reference-href>reference/filler-text-below-green.xht</reference-href>
          
        </test><test>
          <test-title>Termination of escaped character sequences with six digits and white space</test-title>
          <test-href>escaped-ident-spaces-004.xht</test-href>
          <reference-value>=</reference-value>
          <reference-href>reference/filler-text-below-green.xht</reference-href>
          
        </test><test>
          <test-title>Termination of escaped character sequences with less than 6 digits and white space</test-title>
          <test-href>escaped-ident-spaces-005.xht</test-href>
          <reference-value>=</reference-value>
          <reference-href>reference/filler-text-below-green.xht</reference-href>
          
        </test><test>
          <test-title>Termination of escaped character sequences with two digits terminated by white space</test-title>
          <test-href>escaped-ident-spaces-006.xht</test-href>
          <reference-value>=</reference-value>
          <reference-href>reference/filler-text-below-green.xht</reference-href>
          
        </test><test>
          <test-title>Termination of escaped character sequences with less than six digits terminated by linefeeds and tabs</test-title>
          <test-href>escaped-ident-spaces-007.xht</test-href>
          <reference-value>=</reference-value>
          <reference-href>reference/filler-text-below-green.xht</reference-href>
          
        </test><test>
          <test-title>Parsing strings with escaped newlines</test-title>
          <test-href>escaped-newline-001.xht</test-href>
          <reference-value>=</reference-value>
          <reference-href>reference/escaped-newline-001-ref.xht</reference-href>
          
        </test><test>
          <test-title>Escaped Newline in String</test-title>
          <test-href>escapes-000.xht</test-href>
          <reference-value>=</reference-value>
          <reference-href>reference/escapes-000-ref.xht</reference-href>
          
        </test><test>
          <test-title>Escaped Quote Marks in String</test-title>
          <test-href>escapes-001.xht</test-href>
          <reference-value>=</reference-value>
          <reference-href>reference/ref-green-background.xht</reference-href>
          
        </test><test>
          <test-title>Invalid Punctuation Escapes</test-title>
          <test-href>escapes-002.xht</test-href>
          <reference-value>=</reference-value>
          <reference-href>reference/ref-green-background.xht</reference-href>
          
        </test><test>
          <test-title>Class and Keyword Letter Escapes</test-title>
          <test-href>escapes-003.xht</test-href>
          <reference-value>=</reference-value>
          <reference-href>reference/ref-green-background.xht</reference-href>
          
        </test><test>
          <test-title>Unicode Escapes</test-title>
          <test-href>escapes-004.xht</test-href>
          <reference-value>=</reference-value>
          <reference-href>reference/ref-green-background.xht</reference-href>
          
        </test><test>
          <test-title>Unicode Escapes and Case Insensitivity</test-title>
          <test-href>escapes-005.xht</test-href>
          <reference-value>=</reference-value>
          <reference-href>reference/ref-green-background.xht</reference-href>
          
        </test><test>
          <test-title>Incorrect Letter Escape (Class Selector)</test-title>
          <test-href>escapes-006.xht</test-href>
          <reference-value>=</reference-value>
          <reference-href>reference/ref-green-background.xht</reference-href>
          
        </test><test>
          <test-title>Space-terminated Unicode Escapes</test-title>
          <test-href>escapes-007.xht</test-href>
          <reference-value>=</reference-value>
          <reference-href>reference/ref-green-background.xht</reference-href>
          
        </test><test>
          <test-title>Invalid Space-terminated Character Escapes</test-title>
          <test-href>escapes-008.xht</test-href>
          <reference-value>=</reference-value>
          <reference-href>reference/ref-green-background.xht</reference-href>
          <flags>
              <flag>Invalid</flag>
              </flags>
        </test><test>
          <test-title>Characters and case: Escaping a character inside a keyword</test-title>
          <test-href>escapes-009.xht</test-href>
          <reference-value>=</reference-value>
          <reference-href>reference/ref-this-text-should-be-green.xht</reference-href>
          <flags>
              <flag>Invalid</flag>
              </flags>
        </test><test>
          <test-title>Unicode-escaped Braces</test-title>
          <test-href>escapes-010.xht</test-href>
          <reference-value>=</reference-value>
          <reference-href>reference/ref-this-text-should-be-green.xht</reference-href>
          <flags>
              <flag>Invalid</flag>
              </flags>
        </test><test>
          <test-title>CSS Parsing: Escaped keywords</test-title>
          <test-href>escapes-011.xht</test-href>
          <reference-value>=</reference-value>
          <reference-href>reference/ref-this-text-should-be-green.xht</reference-href>
          
        </test><test>
          <test-title>CSS Parsing: Escaped keywords</test-title>
          <test-href>escapes-012.xht</test-href>
          <reference-value>=</reference-value>
          <reference-href>reference/ref-this-text-should-be-green.xht</reference-href>
          
        </test><test>
          <test-title>Escaping and spaces with classes</test-title>
          <test-href>escapes-013.xht</test-href>
          <reference-value>=</reference-value>
          <reference-href>reference/escapes-013-ref.xht</reference-href>
          
        </test><test>
          <test-title>Escaping and spaces with declarations</test-title>
          <test-href>escapes-014.xht</test-href>
          <reference-value>=</reference-value>
          <reference-href>reference/ref-green-background.xht</reference-href>
          
        </test><test>
          <test-title>Escape of non-printable characters within declarations, applying to property values</test-title>
          <test-href>escapes-015.xht</test-href>
          <reference-value>=</reference-value>
          <reference-href>reference/ref-if-there-is-no-red.xht</reference-href>
          <flags>
              <flag>Invalid</flag>
              </flags>
        </test><test>
          <test-title>Escape of non-printable characters within declarations, applying to property values</test-title>
          <test-href>escapes-016.xht</test-href>
          <reference-value>=</reference-value>
          <reference-href>reference/ref-if-there-is-no-red.xht</reference-href>
          <flags>
              <flag>Invalid</flag>
              </flags>
        </test><test>
          <test-title>flow-into on ordered lists that use multiple CSS counters and ::before for list numbering</test-title>
          <test-href>extract-ordered-lists-in-regions-explicit-counters-002.xht</test-href>
          <reference-value>=</reference-value>
          <reference-href>reference/extract-ordered-lists-in-regions-explicit-counters-002-ref.xht</reference-href>
          
        </test><test>
          <test-title>flow-into on list items from lists that use a single CSS counter with nested scopes and ::before for list numbering</test-title>
          <test-href>extract-ordered-lists-in-regions-explicit-counters-003.xht</test-href>
          <reference-value>=</reference-value>
          <reference-href>reference/extract-ordered-lists-in-regions-explicit-counters-003-ref.xht</reference-href>
          
        </test><test>
          <test-title>flow-into on list items from lists that use multiple CSS counters with nested scopes and ::before for list numbering</test-title>
          <test-href>extract-ordered-lists-in-regions-explicit-counters-004.xht</test-href>
          <reference-value>=</reference-value>
          <reference-href>reference/extract-ordered-lists-in-regions-explicit-counters-004-ref.xht</reference-href>
          
        </test><test>
          <test-title>flow-into on list items from lists that use multiple CSS counters with nested scopes and ::after for list numbering</test-title>
          <test-href>extract-ordered-lists-in-regions-explicit-counters-005.xht</test-href>
          <reference-value>=</reference-value>
          <reference-href>reference/extract-ordered-lists-in-regions-explicit-counters-005-ref.xht</reference-href>
          
        </test><test>
          <test-title>:first-letter</test-title>
          <test-href>first-letter-001.xht</test-href>
          <reference-value>=</reference-value>
          <reference-href>reference/first-letter-001-ref.xht</reference-href>
          
        </test><test>
          <test-title>:first-letter</test-title>
          <test-href>first-letter-dynamic-001.xht</test-href>
          <reference-value>=</reference-value>
          <reference-href>reference/first-letter-dynamic-001-ref.xht</reference-href>
          <flags>
              <flag>DOM/JS</flag>
              </flags>
        </test><test>
          <test-title>:first-letter</test-title>
          <test-href>first-letter-dynamic-002.xht</test-href>
          <reference-value>=</reference-value>
          <reference-href>reference/first-letter-dynamic-002-ref.xht</reference-href>
          <flags>
              <flag>DOM/JS</flag>
              </flags>
        </test><test>
          <test-title>:first-letter</test-title>
          <test-href>first-letter-dynamic-003a.xht</test-href>
          <reference-value>=</reference-value>
          <reference-href>reference/first-letter-dynamic-003-ref.xht</reference-href>
          <flags>
              <flag>DOM/JS</flag>
              </flags>
        </test><test>
          <test-title>:first-letter</test-title>
          <test-href>first-letter-dynamic-003b.xht</test-href>
          <reference-value>=</reference-value>
          <reference-href>reference/first-letter-dynamic-003-ref.xht</reference-href>
          <flags>
              <flag>DOM/JS</flag>
              </flags>
        </test><test>
          <test-title>:first-letter</test-title>
          <test-href>first-letter-inherit-001.xht</test-href>
          <reference-value>=</reference-value>
          <reference-href>reference/first-letter-inherit-001-ref.xht</reference-href>
          
        </test><test>
          <test-title>:first-letter</test-title>
          <test-href>first-letter-nested-001.xht</test-href>
          <reference-value>=</reference-value>
          <reference-href>reference/first-letter-nested-001-ref.xht</reference-href>
          
        </test><test>
          <test-title>:first-letter</test-title>
          <test-href>first-letter-nested-002.xht</test-href>
          <reference-value>=</reference-value>
          <reference-href>reference/first-letter-nested-001-ref.xht</reference-href>
          <flags>
              <flag>DOM/JS</flag>
              </flags>
        </test><test>
          <test-title>:first-letter</test-title>
          <test-href>first-letter-nested-003.xht</test-href>
          <reference-value>=</reference-value>
          <reference-href>reference/first-letter-nested-001-ref.xht</reference-href>
          <flags>
              <flag>DOM/JS</flag>
              </flags>
        </test><test>
          <test-title>:first-letter</test-title>
          <test-href>first-letter-nested-004.xht</test-href>
          <reference-value>=</reference-value>
          <reference-href>reference/first-letter-nested-001-ref.xht</reference-href>
          <flags>
              <flag>DOM/JS</flag>
              </flags>
        </test><test>
          <test-title>:first-letter</test-title>
          <test-href>first-letter-nested-005.xht</test-href>
          <reference-value>=</reference-value>
          <reference-href>reference/first-letter-nested-001-ref.xht</reference-href>
          <flags>
              <flag>DOM/JS</flag>
              </flags>
        </test><test>
          <test-title>:first-letter</test-title>
          <test-href>first-letter-nested-006.xht</test-href>
          <reference-value>=</reference-value>
          <reference-href>reference/first-letter-nested-001-ref.xht</reference-href>
          
        </test><test>
          <test-title>:first-letter</test-title>
          <test-href>first-letter-nested-007.xht</test-href>
          <reference-value>=</reference-value>
          <reference-href>reference/first-letter-nested-001-ref.xht</reference-href>
          
        </test><test>
          <test-title>:first-letter</test-title>
          <test-href>first-letter-quote-001.xht</test-href>
          <reference-value>=</reference-value>
          <reference-href>reference/first-letter-quote-001-ref.xht</reference-href>
          
        </test><test>
          <test-title>:first-letter</test-title>
          <test-href>first-letter-quote-002.xht</test-href>
          <reference-value>=</reference-value>
          <reference-href>reference/first-letter-quote-001-ref.xht</reference-href>
          
        </test><test>
          <test-title>:first-letter</test-title>
          <test-href>first-letter-quote-003.xht</test-href>
          <reference-value>=</reference-value>
          <reference-href>reference/first-letter-quote-001-ref.xht</reference-href>
          
        </test><test>
          <test-title>:first-letter</test-title>
          <test-href>first-letter-quote-004.xht</test-href>
          <reference-value>=</reference-value>
          <reference-href>reference/first-letter-quote-001-ref.xht</reference-href>
          <flags>
              <flag>DOM/JS</flag>
              </flags>
        </test><test>
          <test-title>:first-letter</test-title>
          <test-href>first-letter-quote-005.xht</test-href>
          <reference-value>=</reference-value>
          <reference-href>reference/first-letter-quote-001-ref.xht</reference-href>
          
        </test><test>
          <test-title>:first-letter</test-title>
          <test-href>first-letter-quote-006.xht</test-href>
          <reference-value>=</reference-value>
          <reference-href>reference/first-letter-quote-001-ref.xht</reference-href>
          
        </test><test>
          <test-title>First-letter - in-flow block descendant that contains text</test-title>
          <test-href>first-letter-selector-028.xht</test-href>
          <reference-value>=</reference-value>
          <reference-href>reference/first-letter-selector-028-ref.xht</reference-href>
          
        </test><test>
          <test-title>::first-letter - spaces should not be selected</test-title>
          <test-href>first-letter-space-not-selected.xht</test-href>
          <reference-value>=</reference-value>
          <reference-href>reference/first-letter-space-not-selected-ref.xht</reference-href>
          
        </test><test>
          <test-title>:first-line</test-title>
          <test-href>first-line-001.xht</test-href>
          <reference-value>=</reference-value>
          <reference-href>reference/first-line-001-ref.xht</reference-href>
          
        </test><test>
          <test-title>:first-line</test-title>
          <test-href>first-line-floats-001.xht</test-href>
          <reference-value>=</reference-value>
          <reference-href>reference/first-line-floats-001-ref.xht</reference-href>
          
        </test><test>
          <test-title>:first-line</test-title>
          <test-href>first-line-floats-002.xht</test-href>
          <reference-value>=</reference-value>
          <reference-href>reference/first-line-floats-001-ref.xht</reference-href>
          
        </test><test>
          <test-title>:first-line</test-title>
          <test-href>first-line-floats-003.xht</test-href>
          <reference-value>=</reference-value>
          <reference-href>reference/first-line-floats-001-ref.xht</reference-href>
          
        </test><test>
          <test-title>:first-line</test-title>
          <test-href>first-line-floats-004.xht</test-href>
          <reference-value>=</reference-value>
          <reference-href>reference/first-line-floats-001-ref.xht</reference-href>
          <flags>
              <flag>DOM/JS</flag>
              </flags>
        </test><test>
          <test-title>:first-line</test-title>
          <test-href>first-line-inherit-001.xht</test-href>
          <reference-value>=</reference-value>
          <reference-href>reference/first-line-inherit-001-ref.xht</reference-href>
          
        </test><test>
          <test-title>:first-line</test-title>
          <test-href>first-line-inherit-002.xht</test-href>
          <reference-value>=</reference-value>
          <reference-href>reference/first-line-inherit-002-ref.xht</reference-href>
          
        </test><test>
          <test-title>:first-line</test-title>
          <test-href>first-line-inherit-003.xht</test-href>
          <reference-value>=</reference-value>
          <reference-href>reference/first-line-inherit-003-ref.xht</reference-href>
          
        </test><test>
          <test-title>vertical-align: length on :first-line</test-title>
          <test-href>first-line-pseudo-012.xht</test-href>
          <reference-value>=</reference-value>
          <reference-href>reference/first-line-pseudo-012-ref.xht</reference-href>
          <flags>
              <flag>Ahem</flag><flag>Optional</flag>
              </flags>
        </test><test>
          <test-title>vertical-align: top on :first-line</test-title>
          <test-href>first-line-pseudo-013.xht</test-href>
          <reference-value>=</reference-value>
          <reference-href>reference/first-line-pseudo-013-ref.xht</reference-href>
          <flags>
              <flag>Ahem</flag><flag>Optional</flag>
              </flags>
        </test><test>
          <test-title>vertical-align: top on :first-line</test-title>
          <test-href>first-line-pseudo-014.xht</test-href>
          <reference-value>=</reference-value>
          <reference-href>reference/first-line-pseudo-013-ref.xht</reference-href>
          <flags>
              <flag>Ahem</flag><flag>Optional</flag>
              </flags>
        </test><test>
          <test-title>vertical-align: bottom on :first-line</test-title>
          <test-href>first-line-pseudo-015.xht</test-href>
          <reference-value>=</reference-value>
          <reference-href>reference/first-line-pseudo-015-ref.xht</reference-href>
          <flags>
              <flag>Ahem</flag><flag>Optional</flag>
              </flags>
        </test><test>
          <test-title>vertical-align: bottom on :first-line</test-title>
          <test-href>first-line-pseudo-016.xht</test-href>
          <reference-value>=</reference-value>
          <reference-href>reference/first-line-pseudo-015-ref.xht</reference-href>
          <flags>
              <flag>Ahem</flag><flag>Optional</flag>
              </flags>
        </test><test>
          <test-title>First-line selector applicability to inline-blocks</test-title>
          <test-href>first-line-selector-013.xht</test-href>
          <reference-value>=</reference-value>
          <reference-href>reference/filler-text-below-green.xht</reference-href>
          
        </test><test>
          <test-title>table-layout: fixed - specified column width must include padding and border applied on its cells</test-title>
          <test-href>fixed-table-layout-002a.xht</test-href>
          <reference-value>=</reference-value>
          <reference-href>reference/fixed-table-layout-002a-ref.xht</reference-href>
          <flags>
              <flag>Bitmaps</flag>
              </flags>
        </test><test>
          <test-title>table-layout: fixed - cell in the first row with specified width</test-title>
          <test-href>fixed-table-layout-003a01.xht</test-href>
          <reference-value>=</reference-value>
          <reference-href>reference/fixed-table-layout-003a01-ref.xht</reference-href>
          
        </test><test>
          <test-title>table-layout: fixed - cell in the first row with specified width</test-title>
          <test-href>fixed-table-layout-003a02.xht</test-href>
          <reference-value>=</reference-value>
          <reference-href>reference/fixed-table-layout-003a02-ref.xht</reference-href>
          
        </test><test>
          <test-title>table-layout: fixed - cell in the first row with specified width</test-title>
          <test-href>fixed-table-layout-003a03.xht</test-href>
          <reference-value>=</reference-value>
          <reference-href>reference/fixed-table-layout-003a01-ref.xht</reference-href>
          
        </test><test>
          <test-title>table-layout: fixed - cell in the first row with specified width</test-title>
          <test-href>fixed-table-layout-003a04.xht</test-href>
          <reference-value>=</reference-value>
          <reference-href>reference/fixed-table-layout-003a02-ref.xht</reference-href>
          
        </test><test>
          <test-title>table-layout: fixed - cell in the first row with specified width</test-title>
          <test-href>fixed-table-layout-003a05.xht</test-href>
          <reference-value>=</reference-value>
          <reference-href>reference/fixed-table-layout-003a01-ref.xht</reference-href>
          
        </test><test>
          <test-title>table-layout: fixed - cell in the first row with specified width</test-title>
          <test-href>fixed-table-layout-003a06.xht</test-href>
          <reference-value>=</reference-value>
          <reference-href>reference/fixed-table-layout-003a02-ref.xht</reference-href>
          
        </test><test>
          <test-title>table-layout: fixed - cell in the first row with specified width</test-title>
          <test-href>fixed-table-layout-003b01.xht</test-href>
          <reference-value>=</reference-value>
          <reference-href>reference/fixed-table-layout-003b01-ref.xht</reference-href>
          
        </test><test>
          <test-title>table-layout: fixed - cell in the first row with specified width</test-title>
          <test-href>fixed-table-layout-003b02.xht</test-href>
          <reference-value>=</reference-value>
          <reference-href>reference/fixed-table-layout-003b02-ref.xht</reference-href>
          
        </test><test>
          <test-title>table-layout: fixed - cell in the first row with specified width</test-title>
          <test-href>fixed-table-layout-003b03.xht</test-href>
          <reference-value>=</reference-value>
          <reference-href>reference/fixed-table-layout-003b01-ref.xht</reference-href>
          
        </test><test>
          <test-title>table-layout: fixed - cell in the first row with specified width</test-title>
          <test-href>fixed-table-layout-003b04.xht</test-href>
          <reference-value>=</reference-value>
          <reference-href>reference/fixed-table-layout-003b02-ref.xht</reference-href>
          
        </test><test>
          <test-title>table-layout: fixed - cell in the first row with specified width</test-title>
          <test-href>fixed-table-layout-003b05.xht</test-href>
          <reference-value>=</reference-value>
          <reference-href>reference/fixed-table-layout-003b01-ref.xht</reference-href>
          
        </test><test>
          <test-title>table-layout: fixed - cell in the first row with specified width</test-title>
          <test-href>fixed-table-layout-003b06.xht</test-href>
          <reference-value>=</reference-value>
          <reference-href>reference/fixed-table-layout-003b02-ref.xht</reference-href>
          
        </test><test>
          <test-title>table-layout: fixed - cell in the first row with specified width</test-title>
          <test-href>fixed-table-layout-003b07.xht</test-href>
          <reference-value>=</reference-value>
          <reference-href>reference/fixed-table-layout-003b07-ref.xht</reference-href>
          
        </test><test>
          <test-title>table-layout: fixed - cell in the first row with specified width</test-title>
          <test-href>fixed-table-layout-003b08.xht</test-href>
          <reference-value>=</reference-value>
          <reference-href>reference/fixed-table-layout-003b08-ref.xht</reference-href>
          
        </test><test>
          <test-title>table-layout: fixed - cell in the first row with specified width</test-title>
          <test-href>fixed-table-layout-003b09.xht</test-href>
          <reference-value>=</reference-value>
          <reference-href>reference/fixed-table-layout-003b09-ref.xht</reference-href>
          
        </test><test>
          <test-title>table-layout: fixed - cell in the first row with specified width</test-title>
          <test-href>fixed-table-layout-003b10.xht</test-href>
          <reference-value>=</reference-value>
          <reference-href>reference/fixed-table-layout-003b10-ref.xht</reference-href>
          
        </test><test>
          <test-title>table-layout: fixed - cell in the first row with specified width</test-title>
          <test-href>fixed-table-layout-003b11.xht</test-href>
          <reference-value>=</reference-value>
          <reference-href>reference/fixed-table-layout-003b11-ref.xht</reference-href>
          
        </test><test>
          <test-title>table-layout: fixed - cell in the first row with specified width</test-title>
          <test-href>fixed-table-layout-003b12.xht</test-href>
          <reference-value>=</reference-value>
          <reference-href>reference/fixed-table-layout-003b12-ref.xht</reference-href>
          
        </test><test>
          <test-title>table-layout: fixed - cell in the first row with specified width</test-title>
          <test-href>fixed-table-layout-003c01.xht</test-href>
          <reference-value>=</reference-value>
          <reference-href>reference/fixed-table-layout-003c01-ref.xht</reference-href>
          
        </test><test>
          <test-title>table-layout: fixed - cell in the first row with specified width</test-title>
          <test-href>fixed-table-layout-003c02.xht</test-href>
          <reference-value>=</reference-value>
          <reference-href>reference/fixed-table-layout-003c02-ref.xht</reference-href>
          
        </test><test>
          <test-title>table-layout: fixed - cell in the first row with specified width</test-title>
          <test-href>fixed-table-layout-003c03.xht</test-href>
          <reference-value>=</reference-value>
          <reference-href>reference/fixed-table-layout-003c03-ref.xht</reference-href>
          
        </test><test>
          <test-title>table-layout: fixed - cell in the first row with specified width</test-title>
          <test-href>fixed-table-layout-003c04.xht</test-href>
          <reference-value>=</reference-value>
          <reference-href>reference/fixed-table-layout-003c04-ref.xht</reference-href>
          
        </test><test>
          <test-title>table-layout: fixed - cell in the first row with specified width</test-title>
          <test-href>fixed-table-layout-003c05.xht</test-href>
          <reference-value>=</reference-value>
          <reference-href>reference/fixed-table-layout-003c05-ref.xht</reference-href>
          
        </test><test>
          <test-title>table-layout: fixed - cell in the first row with specified width</test-title>
          <test-href>fixed-table-layout-003c06.xht</test-href>
          <reference-value>=</reference-value>
          <reference-href>reference/fixed-table-layout-003c06-ref.xht</reference-href>
          
        </test><test>
          <test-title>table-layout: fixed - cell in the first row with specified width</test-title>
          <test-href>fixed-table-layout-003c07.xht</test-href>
          <reference-value>=</reference-value>
          <reference-href>reference/fixed-table-layout-003c07-ref.xht</reference-href>
          
        </test><test>
          <test-title>table-layout: fixed - cell in the first row with specified width</test-title>
          <test-href>fixed-table-layout-003c08.xht</test-href>
          <reference-value>=</reference-value>
          <reference-href>reference/fixed-table-layout-003c08-ref.xht</reference-href>
          
        </test><test>
          <test-title>table-layout: fixed - cell in the first row with specified width</test-title>
          <test-href>fixed-table-layout-003d01.xht</test-href>
          <reference-value>=</reference-value>
          <reference-href>reference/fixed-table-layout-003d01-ref.xht</reference-href>
          
        </test><test>
          <test-title>table-layout: fixed - cell in the first row with specified width</test-title>
          <test-href>fixed-table-layout-003d02.xht</test-href>
          <reference-value>=</reference-value>
          <reference-href>reference/fixed-table-layout-003d02-ref.xht</reference-href>
          
        </test><test>
          <test-title>table-layout: fixed - cell in the first row with specified width</test-title>
          <test-href>fixed-table-layout-003d03.xht</test-href>
          <reference-value>=</reference-value>
          <reference-href>reference/fixed-table-layout-003d01-ref.xht</reference-href>
          
        </test><test>
          <test-title>table-layout: fixed - cell in the first row with specified width</test-title>
          <test-href>fixed-table-layout-003d04.xht</test-href>
          <reference-value>=</reference-value>
          <reference-href>reference/fixed-table-layout-003d02-ref.xht</reference-href>
          
        </test><test>
          <test-title>table-layout: fixed - cell in the first row with specified width</test-title>
          <test-href>fixed-table-layout-003d05.xht</test-href>
          <reference-value>=</reference-value>
          <reference-href>reference/fixed-table-layout-003d01-ref.xht</reference-href>
          
        </test><test>
          <test-title>table-layout: fixed - cell in the first row with specified width</test-title>
          <test-href>fixed-table-layout-003d06.xht</test-href>
          <reference-value>=</reference-value>
          <reference-href>reference/fixed-table-layout-003d02-ref.xht</reference-href>
          
        </test><test>
          <test-title>table-layout: fixed - cell in the first row with specified width</test-title>
          <test-href>fixed-table-layout-003e01.xht</test-href>
          <reference-value>=</reference-value>
          <reference-href>reference/fixed-table-layout-003e01-ref.xht</reference-href>
          
        </test><test>
          <test-title>table-layout: fixed - cell in the first row with specified width</test-title>
          <test-href>fixed-table-layout-003e02.xht</test-href>
          <reference-value>=</reference-value>
          <reference-href>reference/fixed-table-layout-003e02-ref.xht</reference-href>
          
        </test><test>
          <test-title>table-layout: fixed - cell in the first row with specified width</test-title>
          <test-href>fixed-table-layout-003e03.xht</test-href>
          <reference-value>=</reference-value>
          <reference-href>reference/fixed-table-layout-003e01-ref.xht</reference-href>
          
        </test><test>
          <test-title>table-layout: fixed - cell in the first row with specified width</test-title>
          <test-href>fixed-table-layout-003e04.xht</test-href>
          <reference-value>=</reference-value>
          <reference-href>reference/fixed-table-layout-003e02-ref.xht</reference-href>
          
        </test><test>
          <test-title>table-layout: fixed - cell in the first row with specified width</test-title>
          <test-href>fixed-table-layout-003e05.xht</test-href>
          <reference-value>=</reference-value>
          <reference-href>reference/fixed-table-layout-003e01-ref.xht</reference-href>
          
        </test><test>
          <test-title>table-layout: fixed - cell in the first row with specified width</test-title>
          <test-href>fixed-table-layout-003e06.xht</test-href>
          <reference-value>=</reference-value>
          <reference-href>reference/fixed-table-layout-003e02-ref.xht</reference-href>
          
        </test><test>
          <test-title>table-layout: fixed - cell in the first row with specified width</test-title>
          <test-href>fixed-table-layout-003e07.xht</test-href>
          <reference-value>=</reference-value>
          <reference-href>reference/fixed-table-layout-003e07-ref.xht</reference-href>
          
        </test><test>
          <test-title>table-layout: fixed - cell in the first row with specified width</test-title>
          <test-href>fixed-table-layout-003e08.xht</test-href>
          <reference-value>=</reference-value>
          <reference-href>reference/fixed-table-layout-003e08-ref.xht</reference-href>
          
        </test><test>
          <test-title>table-layout: fixed - cell in the first row with specified width</test-title>
          <test-href>fixed-table-layout-003e09.xht</test-href>
          <reference-value>=</reference-value>
          <reference-href>reference/fixed-table-layout-003e09-ref.xht</reference-href>
          
        </test><test>
          <test-title>table-layout: fixed - cell in the first row with specified width</test-title>
          <test-href>fixed-table-layout-003e10.xht</test-href>
          <reference-value>=</reference-value>
          <reference-href>reference/fixed-table-layout-003e10-ref.xht</reference-href>
          
        </test><test>
          <test-title>table-layout: fixed - cell in the first row with specified width</test-title>
          <test-href>fixed-table-layout-003e11.xht</test-href>
          <reference-value>=</reference-value>
          <reference-href>reference/fixed-table-layout-003e11-ref.xht</reference-href>
          
        </test><test>
          <test-title>table-layout: fixed - cell in the first row with specified width</test-title>
          <test-href>fixed-table-layout-003e12.xht</test-href>
          <reference-value>=</reference-value>
          <reference-href>reference/fixed-table-layout-003e12-ref.xht</reference-href>
          
        </test><test>
          <test-title>table-layout: fixed - cell in the first row with specified width</test-title>
          <test-href>fixed-table-layout-003f01.xht</test-href>
          <reference-value>=</reference-value>
          <reference-href>reference/fixed-table-layout-003f01-ref.xht</reference-href>
          
        </test><test>
          <test-title>table-layout: fixed - cell in the first row with specified width</test-title>
          <test-href>fixed-table-layout-003f02.xht</test-href>
          <reference-value>=</reference-value>
          <reference-href>reference/fixed-table-layout-003f02-ref.xht</reference-href>
          
        </test><test>
          <test-title>table-layout: fixed - cell in the first row with specified width</test-title>
          <test-href>fixed-table-layout-003f03.xht</test-href>
          <reference-value>=</reference-value>
          <reference-href>reference/fixed-table-layout-003f03-ref.xht</reference-href>
          
        </test><test>
          <test-title>table-layout: fixed - cell in the first row with specified width</test-title>
          <test-href>fixed-table-layout-003f04.xht</test-href>
          <reference-value>=</reference-value>
          <reference-href>reference/fixed-table-layout-003f04-ref.xht</reference-href>
          
        </test><test>
          <test-title>table-layout: fixed - cell in the first row with specified width</test-title>
          <test-href>fixed-table-layout-003f05.xht</test-href>
          <reference-value>=</reference-value>
          <reference-href>reference/fixed-table-layout-003f05-ref.xht</reference-href>
          
        </test><test>
          <test-title>table-layout: fixed - cell in the first row with specified width</test-title>
          <test-href>fixed-table-layout-003f06.xht</test-href>
          <reference-value>=</reference-value>
          <reference-href>reference/fixed-table-layout-003f06-ref.xht</reference-href>
          
        </test><test>
          <test-title>table-layout: fixed - cell in the first row with specified width</test-title>
          <test-href>fixed-table-layout-003f07.xht</test-href>
          <reference-value>=</reference-value>
          <reference-href>reference/fixed-table-layout-003f07-ref.xht</reference-href>
          
        </test><test>
          <test-title>table-layout: fixed - cell in the first row with specified width</test-title>
          <test-href>fixed-table-layout-003f08.xht</test-href>
          <reference-value>=</reference-value>
          <reference-href>reference/fixed-table-layout-003f08-ref.xht</reference-href>
          
        </test><test>
          <test-title>table-layout fixed - columns with percentage width</test-title>
          <test-href>fixed-table-layout-017.xht</test-href>
          <reference-value>=</reference-value>
          <reference-href>reference/fixed-table-layout-017-ref.xht</reference-href>
          
        </test><test>
          <test-title>table-layout fixed - columns with percentage width</test-title>
          <test-href>fixed-table-layout-018.xht</test-href>
          <reference-value>=</reference-value>
          <reference-href>reference/fixed-table-layout-017-ref.xht</reference-href>
          
        </test><test>
          <test-title>table-layout fixed - columns with percentage width</test-title>
          <test-href>fixed-table-layout-019.xht</test-href>
          <reference-value>=</reference-value>
          <reference-href>reference/fixed-table-layout-017-ref.xht</reference-href>
          
        </test><test>
          <test-title>table-layout fixed - columns with percentage width</test-title>
          <test-href>fixed-table-layout-020.xht</test-href>
          <reference-value>=</reference-value>
          <reference-href>reference/fixed-table-layout-017-ref.xht</reference-href>
          
        </test><test>
          <test-title>table-layout fixed - columns with percentage width</test-title>
          <test-href>fixed-table-layout-021.xht</test-href>
          <reference-value>=</reference-value>
          <reference-href>reference/fixed-table-layout-021-ref.xht</reference-href>
          
        </test><test>
          <test-title>table-layout fixed - columns with percentage width and absolute width</test-title>
          <test-href>fixed-table-layout-022.xht</test-href>
          <reference-value>=</reference-value>
          <reference-href>reference/fixed-table-layout-022-ref.xht</reference-href>
          
        </test><test>
          <test-title>table-layout fixed - columns with percentage width and absolute width</test-title>
          <test-href>fixed-table-layout-023.xht</test-href>
          <reference-value>=</reference-value>
          <reference-href>reference/fixed-table-layout-023-ref.xht</reference-href>
          
        </test><test>
          <test-title>percentage width set on table-cell in 'table-layout: fixed' table</test-title>
          <test-href>fixed-table-layout-025.xht</test-href>
          <reference-value>=</reference-value>
          <reference-href>reference/ref-filled-green-100px-square.xht</reference-href>
          
        </test><test>
          <test-title>percentage width set on table-cell in 'table-layout: fixed' table</test-title>
          <test-href>fixed-table-layout-026.xht</test-href>
          <reference-value>=</reference-value>
          <reference-href>reference/ref-filled-green-100px-square.xht</reference-href>
          
        </test><test>
          <test-title>percentage width set on table-cell in 'table-layout: fixed' table</test-title>
          <test-href>fixed-table-layout-027.xht</test-href>
          <reference-value>=</reference-value>
          <reference-href>reference/ref-filled-green-100px-square.xht</reference-href>
          
        </test><test>
          <test-title>percentage width set on table-cell in 'table-layout: fixed' table</test-title>
          <test-href>fixed-table-layout-028.xht</test-href>
          <reference-value>=</reference-value>
          <reference-href>reference/ref-filled-green-100px-square.xht</reference-href>
          
        </test><test>
          <test-title>percentage width set on table-cell in 'table-layout: fixed' table</test-title>
          <test-href>fixed-table-layout-029.xht</test-href>
          <reference-value>=</reference-value>
          <reference-href>reference/ref-filled-green-100px-square.xht</reference-href>
          
        </test><test>
          <test-title>percentage width set on table-cell in 'table-layout: fixed' table</test-title>
          <test-href>fixed-table-layout-030.xht</test-href>
          <reference-value>=</reference-value>
          <reference-href>reference/ref-filled-green-100px-square.xht</reference-href>
          
        </test><test>
          <test-title>percentage width set on table-cell in 'table-layout: fixed' table</test-title>
          <test-href>fixed-table-layout-031.xht</test-href>
          <reference-value>=</reference-value>
          <reference-href>reference/ref-filled-green-100px-square.xht</reference-href>
          
        </test><test>
          <test-title>Float set to 'none'</test-title>
          <test-href>float-003.xht</test-href>
          <reference-value>=</reference-value>
          <reference-href>reference/float-003-ref.xht</reference-href>
          
        </test><test>
          <test-title>float - non-positioned block box created after a float</test-title>
          <test-href>float-005.xht</test-href>
          <reference-value>=</reference-value>
          <reference-href>reference/float-005-ref.xht</reference-href>
          <flags>
              <flag>Ahem</flag>
              </flags>
        </test><test>
          <test-title>floats - zero height empty float</test-title>
          <test-href>float-006.xht</test-href>
          <reference-value>=</reference-value>
          <reference-href>reference/float-006-ref.xht</reference-href>
          
        </test><test>
          <test-title>Float applied to element with 'display' set to 'table-row-group'</test-title>
          <test-href>float-applies-to-001.xht</test-href>
          <reference-value>=</reference-value>
          <reference-href>reference/float-applies-to-001-ref.xht</reference-href>
          
        </test><test>
          <test-title>Float applied to element with 'display' set to 'table-row-group'</test-title>
          <test-href>float-applies-to-001a.xht</test-href>
          <reference-value>=</reference-value>
          <reference-href>reference/float-applies-to-001-ref.xht</reference-href>
          
        </test><test>
          <test-title>Float applied to element with 'display' set to 'table-header-group'</test-title>
          <test-href>float-applies-to-002.xht</test-href>
          <reference-value>=</reference-value>
          <reference-href>reference/float-applies-to-001-ref.xht</reference-href>
          
        </test><test>
          <test-title>Float applied to element with 'display' set to 'table-footer-group'</test-title>
          <test-href>float-applies-to-003.xht</test-href>
          <reference-value>=</reference-value>
          <reference-href>reference/float-applies-to-001-ref.xht</reference-href>
          
        </test><test>
          <test-title>Float applied to element with 'display' set to 'table-row'</test-title>
          <test-href>float-applies-to-004.xht</test-href>
          <reference-value>=</reference-value>
          <reference-href>reference/float-applies-to-001-ref.xht</reference-href>
          
        </test><test>
          <test-title>Float applied to element with 'display' set to 'table-row'</test-title>
          <test-href>float-applies-to-004a.xht</test-href>
          <reference-value>=</reference-value>
          <reference-href>reference/float-applies-to-001-ref.xht</reference-href>
          
        </test><test>
          <test-title>Float applied to element with 'display' set to 'table-column-group'</test-title>
          <test-href>float-applies-to-005.xht</test-href>
          <reference-value>=</reference-value>
          <reference-href>reference/float-applies-to-001-ref.xht</reference-href>
          
        </test><test>
          <test-title>Float applied to element with 'display' set to 'table-column'</test-title>
          <test-href>float-applies-to-006.xht</test-href>
          <reference-value>=</reference-value>
          <reference-href>reference/float-applies-to-001-ref.xht</reference-href>
          
        </test><test>
          <test-title>Float applied to element with 'display' set to 'table-cell'</test-title>
          <test-href>float-applies-to-007.xht</test-href>
          <reference-value>=</reference-value>
          <reference-href>reference/float-applies-to-001-ref.xht</reference-href>
          
        </test><test>
          <test-title>Float applied to element with 'display' set to inline</test-title>
          <test-href>float-applies-to-008.xht</test-href>
          <reference-value>=</reference-value>
          <reference-href>reference/float-applies-to-008-ref.xht</reference-href>
          
        </test><test>
          <test-title>Float applied to element with 'display' set to inline</test-title>
          <test-href>float-applies-to-008a.xht</test-href>
          <reference-value>=</reference-value>
          <reference-href>reference/float-applies-to-001-ref.xht</reference-href>
          
        </test><test>
          <test-title>Float applied to element with 'display' set to block</test-title>
          <test-href>float-applies-to-009.xht</test-href>
          <reference-value>=</reference-value>
          <reference-href>reference/float-applies-to-001-ref.xht</reference-href>
          
        </test><test>
          <test-title>Float applied to element with 'display' set to inline-block</test-title>
          <test-href>float-applies-to-012.xht</test-href>
          <reference-value>=</reference-value>
          <reference-href>reference/float-applies-to-001-ref.xht</reference-href>
          
        </test><test>
          <test-title>Float applied to element with 'display' set to 'table'</test-title>
          <test-href>float-applies-to-013.xht</test-href>
          <reference-value>=</reference-value>
          <reference-href>reference/float-applies-to-001-ref.xht</reference-href>
          
        </test><test>
          <test-title>Float applied to element with 'display' set to 'inline-table'</test-title>
          <test-href>float-applies-to-014.xht</test-href>
          <reference-value>=</reference-value>
          <reference-href>reference/float-applies-to-001-ref.xht</reference-href>
          
        </test><test>
          <test-title>Float applied to element with 'display' set to 'table-caption'</test-title>
          <test-href>float-applies-to-015.xht</test-href>
          <reference-value>=</reference-value>
          <reference-href>reference/float-applies-to-001-ref.xht</reference-href>
          
        </test><test>
          <test-title>Floated non-replaced element with 'margin-top', margin-bottom' set to 'auto' and 'height' relying on the descendants</test-title>
          <test-href>float-non-replaced-height-001.xht</test-href>
          <reference-value>=</reference-value>
          <reference-href>reference/float-non-replaced-height-001-ref.xht</reference-href>
          
        </test><test>
          <test-title>Floating non-replaced elements with 'auto' left margin</test-title>
          <test-href>float-non-replaced-width-001.xht</test-href>
          <reference-value>=</reference-value>
          <reference-href>reference/float-non-replaced-width-001-ref.xht</reference-href>
          
        </test><test>
          <test-title>Floating non-replaced elements with specified left margin</test-title>
          <test-href>float-non-replaced-width-002.xht</test-href>
          <reference-value>=</reference-value>
          <reference-href>reference/float-non-replaced-width-002-ref.xht</reference-href>
          
        </test><test>
          <test-title>Floating non-replaced elements with 'auto' right margin</test-title>
          <test-href>float-non-replaced-width-003.xht</test-href>
          <reference-value>=</reference-value>
          <reference-href>reference/float-non-replaced-width-003-ref.xht</reference-href>
          
        </test><test>
          <test-title>Floating non-replaced elements with specified right margin</test-title>
          <test-href>float-non-replaced-width-004.xht</test-href>
          <reference-value>=</reference-value>
          <reference-href>reference/float-non-replaced-width-002-ref.xht</reference-href>
          
        </test><test>
          <test-title>Floating non-replaced elements with left and right margins as 'auto'</test-title>
          <test-href>float-non-replaced-width-005.xht</test-href>
          <reference-value>=</reference-value>
          <reference-href>reference/float-non-replaced-width-001-ref.xht</reference-href>
          
        </test><test>
          <test-title>'shrink-to-fit' width of floating, non-replaced elements - inline-block and max-width</test-title>
          <test-href>float-non-replaced-width-007.xht</test-href>
          <reference-value>=</reference-value>
          <reference-href>reference/absolute-non-replaced-width-017-ref.xht</reference-href>
          <flags>
              <flag>Ahem</flag>
              </flags>
        </test><test>
          <test-title>'shrink-to-fit' width of floating, non-replaced elements - max-width</test-title>
          <test-href>float-non-replaced-width-008.xht</test-href>
          <reference-value>=</reference-value>
          <reference-href>reference/absolute-non-replaced-width-017-ref.xht</reference-href>
          <flags>
              <flag>Ahem</flag>
              </flags>
        </test><test>
          <test-title>'shrink-to-fit' width of floating, non-replaced elements - max-width</test-title>
          <test-href>float-non-replaced-width-009.xht</test-href>
          <reference-value>=</reference-value>
          <reference-href>reference/absolute-non-replaced-width-017-ref.xht</reference-href>
          <flags>
              <flag>Ahem</flag>
              </flags>
        </test><test>
          <test-title>'shrink-to-fit' width of floating, non-replaced elements - width</test-title>
          <test-href>float-non-replaced-width-010.xht</test-href>
          <reference-value>=</reference-value>
          <reference-href>reference/absolute-non-replaced-width-017-ref.xht</reference-href>
          <flags>
              <flag>Ahem</flag>
              </flags>
        </test><test>
          <test-title>'shrink-to-fit' width of floating, non-replaced elements - inline-block and max-width</test-title>
          <test-href>float-non-replaced-width-011.xht</test-href>
          <reference-value>=</reference-value>
          <reference-href>reference/absolute-non-replaced-width-017-ref.xht</reference-href>
          <flags>
              <flag>Ahem</flag>
              </flags>
        </test><test>
          <test-title>'shrink-to-fit' width of floating, non-replaced elements - max-width</test-title>
          <test-href>float-non-replaced-width-012.xht</test-href>
          <reference-value>=</reference-value>
          <reference-href>reference/absolute-non-replaced-width-017-ref.xht</reference-href>
          <flags>
              <flag>Ahem</flag>
              </flags>
        </test><test>
          <test-title>Floated replaced elements with 'margin-top' and 'margin-bottom' as 'auto'</test-title>
          <test-href>float-replaced-height-001.xht</test-href>
          <reference-value>=</reference-value>
          <reference-href>reference/float-replaced-height-001-ref.xht</reference-href>
          <flags>
              <flag>Bitmaps</flag>
              </flags>
        </test><test>
          <test-title>Floated replaced elements relying on intrinsic height dimensions</test-title>
          <test-href>float-replaced-height-002.xht</test-href>
          <reference-value>=</reference-value>
          <reference-href>reference/float-replaced-height-002-ref.xht</reference-href>
          <flags>
              <flag>Bitmaps</flag>
              </flags>
        </test><test>
          <test-title>Floating replaced elements with intrinsic ratios and 'height' set to 'auto'</test-title>
          <test-href>float-replaced-height-003.xht</test-href>
          <reference-value>=</reference-value>
          <reference-href>reference/float-replaced-height-003-ref.xht</reference-href>
          <flags>
              <flag>Bitmaps</flag>
              </flags>
        </test><test>
          <test-title>Floated replaced elements without intrinsic ratios and 'height' set to 'auto'</test-title>
          <test-href>float-replaced-height-004.xht</test-href>
          <reference-value>=</reference-value>
          <reference-href>reference/float-replaced-height-004-ref.xht</reference-href>
          
        </test><test>
          <test-title>Floated replaced elements with percentage based intrinsic height</test-title>
          <test-href>float-replaced-height-005.xht</test-href>
          <reference-value>=</reference-value>
          <reference-href>reference/float-replaced-height-005-ref.xht</reference-href>
          
        </test><test>
          <test-title>Absolutely positioned floated replaced elements with percentage based intrinsic height</test-title>
          <test-href>float-replaced-height-006.xht</test-href>
          <reference-value>=</reference-value>
          <reference-href>reference/float-replaced-height-006-ref.xht</reference-href>
          <flags>
              <flag>SVG</flag>
              </flags>
        </test><test>
          <test-title>Floated replaced elements with percentage based intrinsic height that cannot be resolved</test-title>
          <test-href>float-replaced-height-007.xht</test-href>
          <reference-value>=</reference-value>
          <reference-href>reference/float-replaced-height-004-ref.xht</reference-href>
          
        </test><test>
          <test-title>Floated replaced elements with 'auto' left margin</test-title>
          <test-href>float-replaced-width-001.xht</test-href>
          <reference-value>=</reference-value>
          <reference-href>reference/float-non-replaced-width-001-ref.xht</reference-href>
          <flags>
              <flag>Bitmaps</flag>
              </flags>
        </test><test>
          <test-title>Floated replaced elements with specified left margin</test-title>
          <test-href>float-replaced-width-002.xht</test-href>
          <reference-value>=</reference-value>
          <reference-href>reference/float-non-replaced-width-002-ref.xht</reference-href>
          <flags>
              <flag>Bitmaps</flag>
              </flags>
        </test><test>
          <test-title>Floated replaced elements with 'auto' right margin</test-title>
          <test-href>float-replaced-width-003.xht</test-href>
          <reference-value>=</reference-value>
          <reference-href>reference/float-non-replaced-width-003-ref.xht</reference-href>
          <flags>
              <flag>Bitmaps</flag>
              </flags>
        </test><test>
          <test-title>Floated replaced elements with specified right margin</test-title>
          <test-href>float-replaced-width-004.xht</test-href>
          <reference-value>=</reference-value>
          <reference-href>reference/float-non-replaced-width-002-ref.xht</reference-href>
          <flags>
              <flag>Bitmaps</flag>
              </flags>
        </test><test>
          <test-title>Floated replaced elements with left and right margins as 'auto'</test-title>
          <test-href>float-replaced-width-005.xht</test-href>
          <reference-value>=</reference-value>
          <reference-href>reference/float-non-replaced-width-001-ref.xht</reference-href>
          <flags>
              <flag>Bitmaps</flag>
              </flags>
        </test><test>
          <test-title>Floated replaced elements and 'auto' specified for 'margin-left', 'margin-right' and intrinsic width</test-title>
          <test-href>float-replaced-width-006.xht</test-href>
          <reference-value>=</reference-value>
          <reference-href>reference/float-replaced-width-006-ref.xht</reference-href>
          <flags>
              <flag>Bitmaps</flag>
              </flags>
        </test><test>
          <test-title>Floated replaced elements and 'auto' specified for 'margin-left', 'margin-right' and intrinsic height</test-title>
          <test-href>float-replaced-width-007.xht</test-href>
          <reference-value>=</reference-value>
          <reference-href>reference/float-replaced-width-007-ref.xht</reference-href>
          <flags>
              <flag>SVG</flag>
              </flags>
        </test><test>
          <test-title>Floated replaced elements and 'auto' specified for 'margin-left', 'margin-right' and 'height'</test-title>
          <test-href>float-replaced-width-008.xht</test-href>
          <reference-value>=</reference-value>
          <reference-href>reference/float-replaced-width-008-ref.xht</reference-href>
          <flags>
              <flag>SVG</flag>
              </flags>
        </test><test>
          <test-title>Floated replaced elements and 'auto' specified for 'margin-left', 'margin-right' and no intrinsic height or width</test-title>
          <test-href>float-replaced-width-009.xht</test-href>
          <reference-value>=</reference-value>
          <reference-href>reference/float-replaced-width-009-ref.xht</reference-href>
          <flags>
              <flag>SVG</flag>
              </flags>
        </test><test>
          <test-title>Floated replaced elements and 'auto' specified for 'margin-left', 'margin-right' and percentage intrinsic width</test-title>
          <test-href>float-replaced-width-011.xht</test-href>
          <reference-value>=</reference-value>
          <reference-href>reference/float-replaced-width-011-ref.xht</reference-href>
          <flags>
              <flag>Bitmaps</flag>
              </flags>
        </test><test>
          <test-title>Floats, shifting left until it touches container edge</test-title>
          <test-href>floats-001.xht</test-href>
          <reference-value>=</reference-value>
          <reference-href>reference/floats-001-ref.xht</reference-href>
          
        </test><test>
          <test-title>Floats, shifting right until it touches container edge</test-title>
          <test-href>floats-002.xht</test-href>
          <reference-value>=</reference-value>
          <reference-href>reference/floats-002-ref.xht</reference-href>
          
        </test><test>
          <test-title>Floats, shifting left until touching other floats</test-title>
          <test-href>floats-003.xht</test-href>
          <reference-value>=</reference-value>
          <reference-href>reference/adjacent-floats-001-ref.xht</reference-href>
          
        </test><test>
          <test-title>Floats, shifting right until touching other floats</test-title>
          <test-href>floats-004.xht</test-href>
          <reference-value>=</reference-value>
          <reference-href>reference/floats-004-ref.xht</reference-href>
          
        </test><test>
          <test-title>Floats, shifting down below all other floated elements</test-title>
          <test-href>floats-005.xht</test-href>
          <reference-value>=</reference-value>
          <reference-href>reference/floats-005-ref.xht</reference-href>
          <flags>
              <flag>Bitmaps</flag>
              </flags>
        </test><test>
          <test-title>Left floats interacting with inline content</test-title>
          <test-href>floats-006.xht</test-href>
          <reference-value>=</reference-value>
          <reference-href>reference/floats-006-ref.xht</reference-href>
          <flags>
              <flag>Ahem</flag>
              </flags>
        </test><test>
          <test-title>Floated elements shifting down below non-floated elements</test-title>
          <test-href>floats-007.xht</test-href>
          <reference-value>=</reference-value>
          <reference-href>reference/floats-007-ref.xht</reference-href>
          
        </test><test>
          <test-title>Floats and block box flow</test-title>
          <test-href>floats-008.xht</test-href>
          <reference-value>=</reference-value>
          <reference-href>reference/clear-float-004-ref.xht</reference-href>
          
        </test><test>
          <test-title>Right floats interacting with right-to-left inline content</test-title>
          <test-href>floats-009.xht</test-href>
          <reference-value>=</reference-value>
          <reference-href>reference/floats-009-ref.xht</reference-href>
          <flags>
              <flag>Ahem</flag>
              </flags>
        </test><test>
          <test-title>Left floated element margins do not collapse</test-title>
          <test-href>floats-014.xht</test-href>
          <reference-value>=</reference-value>
          <reference-href>reference/floats-014-ref.xht</reference-href>
          
        </test><test>
          <test-title>Right floated elements margins do not collapse</test-title>
          <test-href>floats-015.xht</test-href>
          <reference-value>=</reference-value>
          <reference-href>reference/floats-014-ref.xht</reference-href>
          
        </test><test>
          <test-title>Float applied to absolutely positioned elements</test-title>
          <test-href>floats-019.xht</test-href>
          <reference-value>=</reference-value>
          <reference-href>reference/floats-019-ref.xht</reference-href>
          
        </test><test>
          <test-title>Elements do not float when 'float' is set to 'none'</test-title>
          <test-href>floats-022.xht</test-href>
          <reference-value>=</reference-value>
          <reference-href>reference/floats-022-ref.xht</reference-href>
          
        </test><test>
          <test-title>Floated elements and container edges</test-title>
          <test-href>floats-023.xht</test-href>
          <reference-value>=</reference-value>
          <reference-href>reference/floats-023-ref.xht</reference-href>
          
        </test><test>
          <test-title>Left float with earlier floated siblings</test-title>
          <test-href>floats-024.xht</test-href>
          <reference-value>=</reference-value>
          <reference-href>reference/floats-024-ref.xht</reference-href>
          
        </test><test>
          <test-title>Right floating elements and container edge</test-title>
          <test-href>floats-025.xht</test-href>
          <reference-value>=</reference-value>
          <reference-href>reference/floats-025-ref.xht</reference-href>
          
        </test><test>
          <test-title>Margin affects left floated elements</test-title>
          <test-href>floats-026.xht</test-href>
          <reference-value>=</reference-value>
          <reference-href>reference/floats-026-ref.xht</reference-href>
          
        </test><test>
          <test-title>Margin affects right floated elements</test-title>
          <test-href>floats-027.xht</test-href>
          <reference-value>=</reference-value>
          <reference-href>reference/floats-027-ref.xht</reference-href>
          
        </test><test>
          <test-title>Floats and containment</test-title>
          <test-href>floats-028.xht</test-href>
          <reference-value>=</reference-value>
          <reference-href>reference/floats-028-ref.xht</reference-href>
          
        </test><test>
          <test-title>Content flowing around floated elements</test-title>
          <test-href>floats-029.xht</test-href>
          <reference-value>=</reference-value>
          <reference-href>reference/floats-029-ref.xht</reference-href>
          
        </test><test>
          <test-title>Position of floated elements in relation to previous elements</test-title>
          <test-href>floats-030.xht</test-href>
          <reference-value>=</reference-value>
          <reference-href>reference/floats-030-ref.xht</reference-href>
          <flags>
              <flag>Bitmaps</flag>
              </flags>
        </test><test>
          <test-title>Position of floated elements in relation to previous inline elements</test-title>
          <test-href>floats-031.xht</test-href>
          <reference-value>=</reference-value>
          <reference-href>reference/floats-031-ref.xht</reference-href>
          <flags>
              <flag>Bitmaps</flag>
              </flags>
        </test><test>
          <test-title>Floated left and aligned with current line box</test-title>
          <test-href>floats-036.xht</test-href>
          <reference-value>=</reference-value>
          <reference-href>reference/floats-036-ref.xht</reference-href>
          
        </test><test>
          <test-title>Floats and table margins</test-title>
          <test-href>floats-038.xht</test-href>
          <reference-value>=</reference-value>
          <reference-href>reference/floats-038-ref.xht</reference-href>
          
        </test><test>
          <test-title>Floats and block level replaced element margins</test-title>
          <test-href>floats-039.xht</test-href>
          <reference-value>=</reference-value>
          <reference-href>reference/floats-038-ref.xht</reference-href>
          <flags>
              <flag>Bitmaps</flag>
              </flags>
        </test><test>
          <test-title>Floats inline-block level element margins</test-title>
          <test-href>floats-040.xht</test-href>
          <reference-value>=</reference-value>
          <reference-href>reference/floats-038-ref.xht</reference-href>
          
        </test><test>
          <test-title>Floats and stacking contexts with content</test-title>
          <test-href>floats-041.xht</test-href>
          <reference-value>=</reference-value>
          <reference-href>reference/floats-041-ref.xht</reference-href>
          
        </test><test>
          <test-title>Right float with earlier floated siblings</test-title>
          <test-href>floats-043.xht</test-href>
          <reference-value>=</reference-value>
          <reference-href>reference/floats-043-ref.xht</reference-href>
          
        </test><test>
          <test-title>CSS Floats: Nested floats (no other content)</test-title>
          <test-href>floats-101.xht</test-href>
          <reference-value>=</reference-value>
          <reference-href>reference/floats-101-ref.xht</reference-href>
          
        </test><test>
          <test-title>CSS Floats: Shrink Wrapped Right Floats With Right Aligned Text</test-title>
          <test-href>floats-111.xht</test-href>
          <reference-value>=</reference-value>
          <reference-href>reference/floats-111-ref.xht</reference-href>
          <flags>
              <flag>Ahem</flag>
              </flags>
        </test><test>
          <test-title>CSS Floats: Shrink Wrapped Right Floats With Right Aligned Text</test-title>
          <test-href>floats-112.xht</test-href>
          <reference-value>=</reference-value>
          <reference-href>reference/floats-112-ref.xht</reference-href>
          <flags>
              <flag>Ahem</flag>
              </flags>
        </test><test>
          <test-title>CSS Floats: Shrink Wrapped Right Floats With Right Aligned Text</test-title>
          <test-href>floats-113.xht</test-href>
          <reference-value>=</reference-value>
          <reference-href>reference/floats-113-ref.xht</reference-href>
          <flags>
              <flag>Ahem</flag>
              </flags>
        </test><test>
          <test-title>CSS Floats: Generated Content</test-title>
          <test-href>floats-114.xht</test-href>
          <reference-value>=</reference-value>
          <reference-href>reference/floats-114-ref.xht</reference-href>
          
        </test><test>
          <test-title>CSS Floats: Auto Sizing</test-title>
          <test-href>floats-115.xht</test-href>
          <reference-value>=</reference-value>
          <reference-href>reference/floats-115-ref.xht</reference-href>
          <flags>
              <flag>Ahem</flag>
              </flags>
        </test><test>
          <test-title>CSS Floats: Auto Sizing (with padding)</test-title>
          <test-href>floats-116.xht</test-href>
          <reference-value>=</reference-value>
          <reference-href>reference/floats-116-ref.xht</reference-href>
          <flags>
              <flag>Ahem</flag>
              </flags>
        </test><test>
          <test-title>CSS Floats: Auto Sizing (with border)</test-title>
          <test-href>floats-117.xht</test-href>
          <reference-value>=</reference-value>
          <reference-href>reference/floats-116-ref.xht</reference-href>
          <flags>
              <flag>Ahem</flag>
              </flags>
        </test><test>
          <test-title>CSS Floats: Auto Sizing</test-title>
          <test-href>floats-118.xht</test-href>
          <reference-value>=</reference-value>
          <reference-href>reference/floats-118-ref.xht</reference-href>
          <flags>
              <flag>Ahem</flag>
              </flags>
        </test><test>
          <test-title>CSS Floats: Auto Sizing (with padding)</test-title>
          <test-href>floats-119.xht</test-href>
          <reference-value>=</reference-value>
          <reference-href>reference/floats-119-ref.xht</reference-href>
          <flags>
              <flag>Ahem</flag>
              </flags>
        </test><test>
          <test-title>CSS Floats: Auto Sizing (with border)</test-title>
          <test-href>floats-120.xht</test-href>
          <reference-value>=</reference-value>
          <reference-href>reference/floats-119-ref.xht</reference-href>
          <flags>
              <flag>Ahem</flag>
              </flags>
        </test><test>
          <test-title>CSS Floats: Fixed Sizing (with border)</test-title>
          <test-href>floats-121.xht</test-href>
          <reference-value>=</reference-value>
          <reference-href>reference/floats-121-ref.xht</reference-href>
          <flags>
              <flag>Ahem</flag>
              </flags>
        </test><test>
          <test-title>CSS Floats: Auto Sizing Float Followed By Text</test-title>
          <test-href>floats-122.xht</test-href>
          <reference-value>=</reference-value>
          <reference-href>reference/floats-122-ref.xht</reference-href>
          <flags>
              <flag>Ahem</flag>
              </flags>
        </test><test>
          <test-title>CSS Floats: Auto Sizing (with relative positioning)</test-title>
          <test-href>floats-123.xht</test-href>
          <reference-value>=</reference-value>
          <reference-href>reference/floats-123-ref.xht</reference-href>
          <flags>
              <flag>Ahem</flag>
              </flags>
        </test><test>
          <test-title>CSS Floats: Bottom Padding on Inline Children</test-title>
          <test-href>floats-124.xht</test-href>
          <reference-value>=</reference-value>
          <reference-href>reference/floats-124-ref.xht</reference-href>
          
        </test><test>
          <test-title>CSS Floats: Bottom Padding on Inline Children</test-title>
          <test-href>floats-125.xht</test-href>
          <reference-value>=</reference-value>
          <reference-href>reference/floats-125-ref.xht</reference-href>
          
        </test><test>
          <test-title>CSS Floats: Wrapping long text</test-title>
          <test-href>floats-132.xht</test-href>
          <reference-value>=</reference-value>
          <reference-href>reference/floats-132-ref.xht</reference-href>
          <flags>
              <flag>Ahem</flag>
              </flags>
        </test><test>
          <test-title>CSS Floats: Wrapping text and position:static</test-title>
          <test-href>floats-133.xht</test-href>
          <reference-value>=</reference-value>
          <reference-href>reference/floats-133-ref.xht</reference-href>
          <flags>
              <flag>Ahem</flag>
              </flags>
        </test><test>
          <test-title>CSS Floats: Wrapping text and position:relative</test-title>
          <test-href>floats-134.xht</test-href>
          <reference-value>=</reference-value>
          <reference-href>reference/floats-133-ref.xht</reference-href>
          <flags>
              <flag>Ahem</flag>
              </flags>
        </test><test>
          <test-title>CSS Floats: Wrapping blocks around floats</test-title>
          <test-href>floats-135.xht</test-href>
          <reference-value>=</reference-value>
          <reference-href>reference/floats-135-ref.xht</reference-href>
          <flags>
              <flag>Ahem</flag>
              </flags>
        </test><test>
          <test-title>CSS Floats: Wrapping blocks around floats</test-title>
          <test-href>floats-136.xht</test-href>
          <reference-value>=</reference-value>
          <reference-href>reference/floats-136-ref.xht</reference-href>
          <flags>
              <flag>Ahem</flag>
              </flags>
        </test><test>
          <test-title>Clearing a float with margins</test-title>
          <test-href>floats-138.xht</test-href>
          <reference-value>=</reference-value>
          <reference-href>reference/floats-138-ref.xht</reference-href>
          
        </test><test>
          <test-title>Floats: Ultra basic test</test-title>
          <test-href>floats-139.xht</test-href>
          <reference-value>=</reference-value>
          <reference-href>reference/floats-139-ref.xht</reference-href>
          
        </test><test>
          <test-title>Floats: No higher than earlier floats</test-title>
          <test-href>floats-141.xht</test-href>
          <reference-value>=</reference-value>
          <reference-href>reference/floats-141-ref.xht</reference-href>
          
        </test><test>
          <test-title>Floats: negative margin test</test-title>
          <test-href>floats-142.xht</test-href>
          <reference-value>=</reference-value>
          <reference-href>reference/floats-142-ref.xht</reference-href>
          
        </test><test>
          <test-title>Nested floats: Basic</test-title>
          <test-href>floats-143.xht</test-href>
          <reference-value>=</reference-value>
          <reference-href>reference/floats-143-ref.xht</reference-href>
          
        </test><test>
          <test-title>Floats inside blocks</test-title>
          <test-href>floats-144.xht</test-href>
          <reference-value>=</reference-value>
          <reference-href>reference/floats-144-ref.xht</reference-href>
          
        </test><test>
          <test-title>Bottom margins on floats</test-title>
          <test-href>floats-145.xht</test-href>
          <reference-value>=</reference-value>
          <reference-href>reference/floats-145-ref.xht</reference-href>
          
        </test><test>
          <test-title>Floats: No higher than earlier floats</test-title>
          <test-href>floats-146.xht</test-href>
          <reference-value>=</reference-value>
          <reference-href>reference/floats-146-ref.xht</reference-href>
          
        </test><test>
          <test-title>Floats: No more to the right than the right edge of the containing block</test-title>
          <test-href>floats-147.xht</test-href>
          <reference-value>=</reference-value>
          <reference-href>reference/floats-147-ref.xht</reference-href>
          
        </test><test>
          <test-title>Empty inlines being displaced by floats</test-title>
          <test-href>floats-149.xht</test-href>
          <reference-value>=</reference-value>
          <reference-href>reference/floats-149-ref.xht</reference-href>
          
        </test><test>
          <test-title>Positioning of floats in tables: auto-width floats with negative outer width</test-title>
          <test-href>floats-150.xht</test-href>
          <reference-value>=</reference-value>
          <reference-href>reference/floats-150-ref.xht</reference-href>
          
        </test><test>
          <test-title>Positioning of floats in tables: zero-width floats with negative outer width</test-title>
          <test-href>floats-152.xht</test-href>
          <reference-value>=</reference-value>
          <reference-href>reference/floats-150-ref.xht</reference-href>
          
        </test><test>
          <test-title>Positioning of floats in tables: zero-width floats with negative outer width</test-title>
          <test-href>floats-153.xht</test-href>
          <reference-value>=</reference-value>
          <reference-href>reference/floats-153-ref.xht</reference-href>
          
        </test><test>
          <test-title>Stacking contexts of relatively positioned content inside floats</test-title>
          <test-href>floats-154.xht</test-href>
          <reference-value>=</reference-value>
          <reference-href>reference/floats-154-ref.xht</reference-href>
          
        </test><test>
          <test-title>Floats with overflow:hidden next to them</test-title>
          <test-href>floats-bfc-001.xht</test-href>
          <reference-value>=</reference-value>
          <reference-href>reference/floats-bfc-001-ref.xht</reference-href>
          
        </test><test>
          <test-title>Floats with overflow:hidden next to them</test-title>
          <test-href>floats-bfc-002.xht</test-href>
          <reference-value>=</reference-value>
          <reference-href>reference/floats-bfc-001-ref.xht</reference-href>
          
        </test><test>
          <test-title>Test for float placement rules</test-title>
          <test-href>floats-placement-vertical-001a.xht</test-href>
          <reference-value>=</reference-value>
          <reference-href>reference/floats-placement-vertical-001-ref.xht</reference-href>
          
        </test><test>
          <test-title>Test for float placement rules</test-title>
          <test-href>floats-placement-vertical-001b.xht</test-href>
          <reference-value>=</reference-value>
          <reference-href>reference/floats-placement-vertical-001-ref.xht</reference-href>
          
        </test><test>
          <test-title>Test for float placement rules</test-title>
          <test-href>floats-placement-vertical-001c.xht</test-href>
          <reference-value>=</reference-value>
          <reference-href>reference/floats-placement-vertical-001-ref.xht</reference-href>
          
        </test><test>
          <test-title>Test for float placement rules</test-title>
          <test-href>floats-placement-vertical-003.xht</test-href>
          <reference-value>=</reference-value>
          <reference-href>reference/floats-placement-vertical-003-ref.xht</reference-href>
          
        </test><test>
          <test-title>Test for float placement rules</test-title>
          <test-href>floats-placement-vertical-004.xht</test-href>
          <reference-value>=</reference-value>
          <reference-href>reference/floats-placement-vertical-004-ref.xht</reference-href>
          
        </test><test>
          <test-title>float placement around other float in BFC but outside containing block</test-title>
          <test-href>floats-rule3-outside-left-001.xht</test-href>
          <reference-value>=</reference-value>
          <reference-href>reference/floats-rule3-outside-left-001-ref.xht</reference-href>
          
        </test><test>
          <test-title>float placement around other float in BFC but outside containing block</test-title>
          <test-href>floats-rule3-outside-left-002.xht</test-href>
          <reference-value>=</reference-value>
          <reference-href>reference/floats-rule3-outside-left-002-ref.xht</reference-href>
          
        </test><test>
          <test-title>float placement around other float in BFC but outside containing block</test-title>
          <test-href>floats-rule3-outside-right-001.xht</test-href>
          <reference-value>=</reference-value>
          <reference-href>reference/floats-rule3-outside-right-001-ref.xht</reference-href>
          
        </test><test>
          <test-title>float placement around other float in BFC but outside containing block</test-title>
          <test-href>floats-rule3-outside-right-002.xht</test-href>
          <reference-value>=</reference-value>
          <reference-href>reference/floats-rule3-outside-right-002-ref.xht</reference-href>
          
        </test><test>
          <test-title>float placement around other float in BFC but outside containing block</test-title>
          <test-href>floats-rule7-outside-left-001.xht</test-href>
          <reference-value>=</reference-value>
          <reference-href>reference/floats-rule7-outside-left-001-ref.xht</reference-href>
          
        </test><test>
          <test-title>float placement around other float in BFC but outside containing block</test-title>
          <test-href>floats-rule7-outside-right-001.xht</test-href>
          <reference-value>=</reference-value>
          <reference-href>reference/floats-rule7-outside-right-001-ref.xht</reference-href>
          
        </test><test>
          <test-title>Test for flow around floats</test-title>
          <test-href>floats-wrap-bfc-001-left-overflow.xht</test-href>
          <reference-value>=</reference-value>
          <reference-href>reference/floats-wrap-bfc-001-left-overflow-ref.xht</reference-href>
          
        </test><test>
          <test-title>Test for flow around floats</test-title>
          <test-href>floats-wrap-bfc-001-left-table.xht</test-href>
          <reference-value>=</reference-value>
          <reference-href>reference/floats-wrap-bfc-001-left-table-ref.xht</reference-href>
          
        </test><test>
          <test-title>Test for flow around floats</test-title>
          <test-href>floats-wrap-bfc-001-right-overflow.xht</test-href>
          <reference-value>=</reference-value>
          <reference-href>reference/floats-wrap-bfc-001-right-overflow-ref.xht</reference-href>
          
        </test><test>
          <test-title>Test for flow around floats</test-title>
          <test-href>floats-wrap-bfc-001-right-table.xht</test-href>
          <reference-value>=</reference-value>
          <reference-href>reference/floats-wrap-bfc-001-right-table-ref.xht</reference-href>
          
        </test><test>
          <test-title>Test for flow around floats</test-title>
          <test-href>floats-wrap-bfc-002-left-overflow.xht</test-href>
          <reference-value>=</reference-value>
          <reference-href>reference/floats-wrap-bfc-002-left-ref.xht</reference-href>
          
        </test><test>
          <test-title>Test for flow around floats</test-title>
          <test-href>floats-wrap-bfc-002-left-table.xht</test-href>
          <reference-value>=</reference-value>
          <reference-href>reference/floats-wrap-bfc-002-left-ref.xht</reference-href>
          
        </test><test>
          <test-title>Test for flow around floats</test-title>
          <test-href>floats-wrap-bfc-002-right-overflow.xht</test-href>
          <reference-value>=</reference-value>
          <reference-href>reference/floats-wrap-bfc-002-right-ref.xht</reference-href>
          
        </test><test>
          <test-title>Test for flow around floats</test-title>
          <test-href>floats-wrap-bfc-002-right-table.xht</test-href>
          <reference-value>=</reference-value>
          <reference-href>reference/floats-wrap-bfc-002-right-ref.xht</reference-href>
          
        </test><test>
          <test-title>Test for flow around floats</test-title>
          <test-href>floats-wrap-bfc-003-left-overflow.xht</test-href>
          <reference-value>=</reference-value>
          <reference-href>reference/floats-wrap-bfc-003-left-overflow-ref.xht</reference-href>
          
        </test><test>
          <test-title>Test for flow around floats</test-title>
          <test-href>floats-wrap-bfc-003-left-table.xht</test-href>
          <reference-value>=</reference-value>
          <reference-href>reference/floats-wrap-bfc-003-left-table-ref.xht</reference-href>
          
        </test><test>
          <test-title>Test for flow around floats</test-title>
          <test-href>floats-wrap-bfc-003-right-overflow.xht</test-href>
          <reference-value>=</reference-value>
          <reference-href>reference/floats-wrap-bfc-003-right-overflow-ref.xht</reference-href>
          
        </test><test>
          <test-title>Test for flow around floats</test-title>
          <test-href>floats-wrap-bfc-003-right-table.xht</test-href>
          <reference-value>=</reference-value>
          <reference-href>reference/floats-wrap-bfc-003-right-table-ref.xht</reference-href>
          
        </test><test>
          <test-title>Test for flow around floats</test-title>
          <test-href>floats-wrap-bfc-004.xht</test-href>
          <reference-value>=</reference-value>
          <reference-href>reference/floats-wrap-bfc-004-ref.xht</reference-href>
          
        </test><test>
          <test-title>Test for flow around floats</test-title>
          <test-href>floats-wrap-bfc-005.xht</test-href>
          <reference-value>=</reference-value>
          <reference-href>reference/floats-wrap-bfc-005-ref.xht</reference-href>
          
        </test><test>
          <test-title>Test for flow around floats</test-title>
          <test-href>floats-wrap-bfc-006.xht</test-href>
          <reference-value>=</reference-value>
          <reference-href>reference/floats-wrap-bfc-006-ref.xht</reference-href>
          
        </test><test>
          <test-title>Test for flow around floats</test-title>
          <test-href>floats-wrap-bfc-006b.xht</test-href>
          <reference-value>=</reference-value>
          <reference-href>reference/floats-wrap-bfc-006b-ref.xht</reference-href>
          
        </test><test>
          <test-title>Test for flow around floats</test-title>
          <test-href>floats-wrap-bfc-006c.xht</test-href>
          <reference-value>=</reference-value>
          <reference-href>reference/floats-wrap-bfc-006c-ref.xht</reference-href>
          
        </test><test>
          <test-title>Test for flow around floats</test-title>
          <test-href>floats-wrap-bfc-007.xht</test-href>
          <reference-value>=</reference-value>
          <reference-href>reference/floats-wrap-bfc-007-ref.xht</reference-href>
          
        </test><test>
          <test-title>float</test-title>
          <test-href>floats-wrap-bfc-outside-001.xht</test-href>
          <reference-value>=</reference-value>
          <reference-href>reference/floats-wrap-bfc-outside-001-ref.xht</reference-href>
          
        </test><test>
          <test-title>Test for wrapping around floats whose top is below the top of what must wrap around them</test-title>
          <test-href>floats-wrap-top-below-bfc-001l.xht</test-href>
          <reference-value>=</reference-value>
          <reference-href>reference/floats-wrap-top-below-001l-ref.xht</reference-href>
          
        </test><test>
          <test-title>Test for wrapping around floats whose top is below the top of what must wrap around them</test-title>
          <test-href>floats-wrap-top-below-bfc-001r.xht</test-href>
          <reference-value>=</reference-value>
          <reference-href>reference/floats-wrap-top-below-001r-ref.xht</reference-href>
          
        </test><test>
          <test-title>Test for wrapping around floats whose top is below the top of what must wrap around them</test-title>
          <test-href>floats-wrap-top-below-bfc-002l.xht</test-href>
          <reference-value>=</reference-value>
          <reference-href>reference/floats-wrap-top-below-002l-ref.xht</reference-href>
          
        </test><test>
          <test-title>Test for wrapping around floats whose top is below the top of what must wrap around them</test-title>
          <test-href>floats-wrap-top-below-bfc-002r.xht</test-href>
          <reference-value>=</reference-value>
          <reference-href>reference/floats-wrap-top-below-002r-ref.xht</reference-href>
          
        </test><test>
          <test-title>Test for wrapping around floats whose top is below the top of what must wrap around them</test-title>
          <test-href>floats-wrap-top-below-bfc-003l.xht</test-href>
          <reference-value>=</reference-value>
          <reference-href>reference/floats-wrap-top-below-003l-ref.xht</reference-href>
          
        </test><test>
          <test-title>Test for wrapping around floats whose top is below the top of what must wrap around them</test-title>
          <test-href>floats-wrap-top-below-bfc-003r.xht</test-href>
          <reference-value>=</reference-value>
          <reference-href>reference/floats-wrap-top-below-003r-ref.xht</reference-href>
          
        </test><test>
          <test-title>Test for wrapping around floats whose top is below the top of what must wrap around them</test-title>
          <test-href>floats-wrap-top-below-inline-001l.xht</test-href>
          <reference-value>=</reference-value>
          <reference-href>reference/floats-wrap-top-below-001l-ref.xht</reference-href>
          
        </test><test>
          <test-title>Test for wrapping around floats whose top is below the top of what must wrap around them</test-title>
          <test-href>floats-wrap-top-below-inline-001r.xht</test-href>
          <reference-value>=</reference-value>
          <reference-href>reference/floats-wrap-top-below-001r-ref.xht</reference-href>
          
        </test><test>
          <test-title>Test for wrapping around floats whose top is below the top of what must wrap around them</test-title>
          <test-href>floats-wrap-top-below-inline-002l.xht</test-href>
          <reference-value>=</reference-value>
          <reference-href>reference/floats-wrap-top-below-002l-ref.xht</reference-href>
          
        </test><test>
          <test-title>Test for wrapping around floats whose top is below the top of what must wrap around them</test-title>
          <test-href>floats-wrap-top-below-inline-002r.xht</test-href>
          <reference-value>=</reference-value>
          <reference-href>reference/floats-wrap-top-below-002r-ref.xht</reference-href>
          
        </test><test>
          <test-title>Test for wrapping around floats whose top is below the top of what must wrap around them</test-title>
          <test-href>floats-wrap-top-below-inline-003l.xht</test-href>
          <reference-value>=</reference-value>
          <reference-href>reference/floats-wrap-top-below-003l-ref.xht</reference-href>
          
        </test><test>
          <test-title>Test for wrapping around floats whose top is below the top of what must wrap around them</test-title>
          <test-href>floats-wrap-top-below-inline-003r.xht</test-href>
          <reference-value>=</reference-value>
          <reference-href>reference/floats-wrap-top-below-003r-ref.xht</reference-href>
          
        </test><test>
          <test-title>wrapping around zero-height floats</test-title>
          <test-href>floats-zero-height-wrap-001.xht</test-href>
          <reference-value>=</reference-value>
          <reference-href>reference/floats-zero-height-wrap-001-ref.xht</reference-href>
          
        </test><test>
          <test-title>wrapping around zero-height floats</test-title>
          <test-href>floats-zero-height-wrap-002.xht</test-href>
          <reference-value>=</reference-value>
          <reference-href>reference/floats-zero-height-wrap-001-ref.xht</reference-href>
          
        </test><test>
          <test-title>Font shorthand set using the values font-variant, font-size and font-family</test-title>
          <test-href>font-003.xht</test-href>
          <reference-value>=</reference-value>
          <reference-href>reference/font-003-ref.xht</reference-href>
          
        </test><test>
          <test-title>font shorthand - minimal requirements</test-title>
          <test-href>font-051.xht</test-href>
          <reference-value>=</reference-value>
          <reference-href>reference/font-051-ref.xht</reference-href>
          <flags>
              <flag>Ahem</flag><flag>Invalid</flag>
              </flags>
        </test><test>
          <test-title>font shorthand and negative line-heights</test-title>
          <test-href>font-146.xht</test-href>
          <reference-value>=</reference-value>
          <reference-href>reference/font-146-ref.xht</reference-href>
          <flags>
              <flag>Ahem</flag><flag>Invalid</flag>
              </flags>
        </test><test>
          <test-title>Font and 'display: inline' elements</test-title>
          <test-href>font-applies-to-001.xht</test-href>
          <reference-value>=</reference-value>
          <reference-href>reference/font-applies-to-001-ref.xht</reference-href>
          
        </test><test>
          <test-title>Font and 'display: block' elements</test-title>
          <test-href>font-applies-to-002.xht</test-href>
          <reference-value>=</reference-value>
          <reference-href>reference/font-applies-to-001-ref.xht</reference-href>
          
        </test><test>
          <test-title>Font and 'display: inline-block' elements</test-title>
          <test-href>font-applies-to-005.xht</test-href>
          <reference-value>=</reference-value>
          <reference-href>reference/font-applies-to-001-ref.xht</reference-href>
          
        </test><test>
          <test-title>Font and 'display: table' elements</test-title>
          <test-href>font-applies-to-006.xht</test-href>
          <reference-value>=</reference-value>
          <reference-href>reference/font-applies-to-001-ref.xht</reference-href>
          
        </test><test>
          <test-title>Font and 'display: inline-table' elements</test-title>
          <test-href>font-applies-to-007.xht</test-href>
          <reference-value>=</reference-value>
          <reference-href>reference/font-applies-to-001-ref.xht</reference-href>
          
        </test><test>
          <test-title>Font and 'display: table-row-group' elements</test-title>
          <test-href>font-applies-to-008.xht</test-href>
          <reference-value>=</reference-value>
          <reference-href>reference/font-applies-to-001-ref.xht</reference-href>
          
        </test><test>
          <test-title>Font and 'display: table-header-group' elements</test-title>
          <test-href>font-applies-to-009.xht</test-href>
          <reference-value>=</reference-value>
          <reference-href>reference/font-applies-to-001-ref.xht</reference-href>
          
        </test><test>
          <test-title>Font and 'display: table-footer-group' elements</test-title>
          <test-href>font-applies-to-010.xht</test-href>
          <reference-value>=</reference-value>
          <reference-href>reference/font-applies-to-001-ref.xht</reference-href>
          
        </test><test>
          <test-title>Font and 'display: table-row' elements</test-title>
          <test-href>font-applies-to-011.xht</test-href>
          <reference-value>=</reference-value>
          <reference-href>reference/font-applies-to-001-ref.xht</reference-href>
          
        </test><test>
          <test-title>Font and 'display: table-cell' elements</test-title>
          <test-href>font-applies-to-014.xht</test-href>
          <reference-value>=</reference-value>
          <reference-href>reference/font-applies-to-001-ref.xht</reference-href>
          
        </test><test>
          <test-title>Font and 'display: table-caption' elements</test-title>
          <test-href>font-applies-to-015.xht</test-href>
          <reference-value>=</reference-value>
          <reference-href>reference/font-applies-to-001-ref.xht</reference-href>
          
        </test><test>
          <test-title>Font and 'display: none' elements</test-title>
          <test-href>font-applies-to-016.xht</test-href>
          <reference-value>=</reference-value>
          <reference-href>reference/ref-if-there-is-no-red.xht</reference-href>
          
        </test><test>
          <test-title>Font and 'display: inherit' elements</test-title>
          <test-href>font-applies-to-017.xht</test-href>
          <reference-value>=</reference-value>
          <reference-href>reference/font-applies-to-001-ref.xht</reference-href>
          
        </test><test>
          <test-title>font-family - unquoted font-family names with parentheses or curly braces</test-title>
          <test-href>font-family-008.xht</test-href>
          <reference-value>=</reference-value>
          <reference-href>reference/font-family-008-ref.xht</reference-href>
          <flags>
              <flag>Ahem</flag><flag>Invalid</flag>
              </flags>
        </test><test>
          <test-title>CSS: font-family inheritance</test-title>
          <test-href>font-family-009.xht</test-href>
          <reference-value>=</reference-value>
          <reference-href>reference/font-family-009-ref.xht</reference-href>
          <flags>
              <flag>Ahem</flag>
              </flags>
        </test><test>
          <test-title>CSS: font-family and whitespace</test-title>
          <test-href>font-family-011.xht</test-href>
          <reference-value>=</reference-value>
          <reference-href>reference/font-family-011-ref.xht</reference-href>
          
        </test><test>
          <test-title>font-family and fallbacks</test-title>
          <test-href>font-family-013.xht</test-href>
          <reference-value>=</reference-value>
          <reference-href>reference/font-family-013-ref.xht</reference-href>
          
        </test><test>
          <test-title>font-family and fallbacks</test-title>
          <test-href>font-family-014.xht</test-href>
          <reference-value>=</reference-value>
          <reference-href>reference/font-family-013-ref.xht</reference-href>
          
        </test><test>
          <test-title>Font-family and 'display: inline' elements</test-title>
          <test-href>font-family-applies-to-001.xht</test-href>
          <reference-value>=</reference-value>
          <reference-href>reference/font-family-applies-to-001-ref.xht</reference-href>
          <flags>
              <flag>Ahem</flag>
              </flags>
        </test><test>
          <test-title>Font-family and 'display: block' elements</test-title>
          <test-href>font-family-applies-to-002.xht</test-href>
          <reference-value>=</reference-value>
          <reference-href>reference/font-family-applies-to-001-ref.xht</reference-href>
          <flags>
              <flag>Ahem</flag>
              </flags>
        </test><test>
          <test-title>Font-family and 'display: inline-block' elements</test-title>
          <test-href>font-family-applies-to-005.xht</test-href>
          <reference-value>=</reference-value>
          <reference-href>reference/font-family-applies-to-001-ref.xht</reference-href>
          <flags>
              <flag>Ahem</flag>
              </flags>
        </test><test>
          <test-title>Font-family and 'display: table' elements</test-title>
          <test-href>font-family-applies-to-006.xht</test-href>
          <reference-value>=</reference-value>
          <reference-href>reference/font-family-applies-to-001-ref.xht</reference-href>
          <flags>
              <flag>Ahem</flag>
              </flags>
        </test><test>
          <test-title>Font-family and 'display: inline-table' elements</test-title>
          <test-href>font-family-applies-to-007.xht</test-href>
          <reference-value>=</reference-value>
          <reference-href>reference/font-family-applies-to-001-ref.xht</reference-href>
          <flags>
              <flag>Ahem</flag>
              </flags>
        </test><test>
          <test-title>Font-family and 'display: table-row-group' elements</test-title>
          <test-href>font-family-applies-to-008.xht</test-href>
          <reference-value>=</reference-value>
          <reference-href>reference/font-family-applies-to-001-ref.xht</reference-href>
          <flags>
              <flag>Ahem</flag>
              </flags>
        </test><test>
          <test-title>Font-family and 'display: table-header-group' elements</test-title>
          <test-href>font-family-applies-to-009.xht</test-href>
          <reference-value>=</reference-value>
          <reference-href>reference/font-family-applies-to-001-ref.xht</reference-href>
          <flags>
              <flag>Ahem</flag>
              </flags>
        </test><test>
          <test-title>Font-family and 'display: table-footer-group' elements</test-title>
          <test-href>font-family-applies-to-010.xht</test-href>
          <reference-value>=</reference-value>
          <reference-href>reference/font-family-applies-to-001-ref.xht</reference-href>
          <flags>
              <flag>Ahem</flag>
              </flags>
        </test><test>
          <test-title>Font-family and 'display: table-row' elements</test-title>
          <test-href>font-family-applies-to-011.xht</test-href>
          <reference-value>=</reference-value>
          <reference-href>reference/font-family-applies-to-001-ref.xht</reference-href>
          <flags>
              <flag>Ahem</flag>
              </flags>
        </test><test>
          <test-title>Font-family and 'display: table-cell' elements</test-title>
          <test-href>font-family-applies-to-014.xht</test-href>
          <reference-value>=</reference-value>
          <reference-href>reference/font-family-applies-to-001-ref.xht</reference-href>
          <flags>
              <flag>Ahem</flag>
              </flags>
        </test><test>
          <test-title>Font-family and 'display: table-caption' elements</test-title>
          <test-href>font-family-applies-to-015.xht</test-href>
          <reference-value>=</reference-value>
          <reference-href>reference/font-family-applies-to-001-ref.xht</reference-href>
          <flags>
              <flag>Ahem</flag>
              </flags>
        </test><test>
          <test-title>Font-family and 'display: none' elements</test-title>
          <test-href>font-family-applies-to-016.xht</test-href>
          <reference-value>=</reference-value>
          <reference-href>reference/ref-if-there-is-no-red.xht</reference-href>
          <flags>
              <flag>Ahem</flag>
              </flags>
        </test><test>
          <test-title>Font-family and 'display: inherit' elements</test-title>
          <test-href>font-family-applies-to-017.xht</test-href>
          <reference-value>=</reference-value>
          <reference-href>reference/font-family-applies-to-001-ref.xht</reference-href>
          <flags>
              <flag>Ahem</flag>
              </flags>
        </test><test>
          <test-title>Invalid characters in font-family values</test-title>
          <test-href>font-family-invalid-characters-001.xht</test-href>
          <reference-value>=</reference-value>
          <reference-href>reference/font-family-invalid-characters-001-ref.xht</reference-href>
          <flags>
              <flag>Ahem</flag><flag>Invalid</flag>
              </flags>
        </test><test>
          <test-title>Invalid parenthesis and pair matching</test-title>
          <test-href>font-family-invalid-characters-002.xht</test-href>
          <reference-value>=</reference-value>
          <reference-href>reference/font-family-invalid-characters-002-ref.xht</reference-href>
          <flags>
              <flag>Ahem</flag><flag>Invalid</flag>
              </flags>
        </test><test>
          <test-title>Invalid curly brackets and pair matching</test-title>
          <test-href>font-family-invalid-characters-003.xht</test-href>
          <reference-value>=</reference-value>
          <reference-href>reference/font-family-invalid-characters-002-ref.xht</reference-href>
          <flags>
              <flag>Ahem</flag><flag>Invalid</flag>
              </flags>
        </test><test>
          <test-title>Invalid square brackets and pair matching</test-title>
          <test-href>font-family-invalid-characters-004.xht</test-href>
          <reference-value>=</reference-value>
          <reference-href>reference/font-family-invalid-characters-002-ref.xht</reference-href>
          <flags>
              <flag>Ahem</flag><flag>Invalid</flag>
              </flags>
        </test><test>
          <test-title>Invalid quotes and pair matching</test-title>
          <test-href>font-family-invalid-characters-005.xht</test-href>
          <reference-value>=</reference-value>
          <reference-href>reference/font-family-invalid-characters-005-ref.xht</reference-href>
          <flags>
              <flag>Ahem</flag><flag>Invalid</flag>
              </flags>
        </test><test>
          <test-title>Invalid single quotes and pair matching</test-title>
          <test-href>font-family-invalid-characters-006.xht</test-href>
          <reference-value>=</reference-value>
          <reference-href>reference/font-family-invalid-characters-006-ref.xht</reference-href>
          <flags>
              <flag>Ahem</flag><flag>Invalid</flag>
              </flags>
        </test><test>
          <test-title>font family name with no quotes</test-title>
          <test-href>font-family-name-001.xht</test-href>
          <reference-value>=</reference-value>
          <reference-href>reference/font-family-name-ref.xht</reference-href>
          <flags>
              <flag>Font</flag>
              </flags>
        </test><test>
          <test-title>font family name with no quotes, lowercase</test-title>
          <test-href>font-family-name-002.xht</test-href>
          <reference-value>=</reference-value>
          <reference-href>reference/font-family-name-ref.xht</reference-href>
          <flags>
              <flag>Font</flag>
              </flags>
        </test><test>
          <test-title>font family name with no quotes, mixed case</test-title>
          <test-href>font-family-name-003.xht</test-href>
          <reference-value>=</reference-value>
          <reference-href>reference/font-family-name-ref.xht</reference-href>
          <flags>
              <flag>Font</flag>
              </flags>
        </test><test>
          <test-title>quoted font family name with double quotes</test-title>
          <test-href>font-family-name-004.xht</test-href>
          <reference-value>=</reference-value>
          <reference-href>reference/font-family-name-ref.xht</reference-href>
          <flags>
              <flag>Font</flag>
              </flags>
        </test><test>
          <test-title>quoted font family name with single quotes</test-title>
          <test-href>font-family-name-005.xht</test-href>
          <reference-value>=</reference-value>
          <reference-href>reference/font-family-name-ref.xht</reference-href>
          <flags>
              <flag>Font</flag>
              </flags>
        </test><test>
          <test-title>unquoted font family name with extra whitespace</test-title>
          <test-href>font-family-name-006.xht</test-href>
          <reference-value>=</reference-value>
          <reference-href>reference/font-family-name-ref.xht</reference-href>
          <flags>
              <flag>Font</flag>
              </flags>
        </test><test>
          <test-title>double quoted font family name with extra spaces should not match</test-title>
          <test-href>font-family-name-007.xht</test-href>
          <reference-value>=</reference-value>
          <reference-href>reference/font-family-name-ref.xht</reference-href>
          <flags>
              <flag>Font</flag>
              </flags>
        </test><test>
          <test-title>single quoted font family name with extra spaces should not match</test-title>
          <test-href>font-family-name-008.xht</test-href>
          <reference-value>=</reference-value>
          <reference-href>reference/font-family-name-ref.xht</reference-href>
          <flags>
              <flag>Font</flag>
              </flags>
        </test><test>
          <test-title>font family name with escaped hexcode characters</test-title>
          <test-href>font-family-name-009.xht</test-href>
          <reference-value>=</reference-value>
          <reference-href>reference/font-family-name-ref.xht</reference-href>
          <flags>
              <flag>Font</flag>
              </flags>
        </test><test>
          <test-title>localized font family name</test-title>
          <test-href>font-family-name-010.xht</test-href>
          <reference-value>=</reference-value>
          <reference-href>reference/font-family-name-ref.xht</reference-href>
          <flags>
              <flag>Font</flag>
              </flags>
        </test><test>
          <test-title>quoted localized font family name</test-title>
          <test-href>font-family-name-011.xht</test-href>
          <reference-value>=</reference-value>
          <reference-href>reference/font-family-name-ref.xht</reference-href>
          <flags>
              <flag>Font</flag>
              </flags>
        </test><test>
          <test-title>font family name with escaped characters</test-title>
          <test-href>font-family-name-012.xht</test-href>
          <reference-value>=</reference-value>
          <reference-href>reference/font-family-name-ref.xht</reference-href>
          <flags>
              <flag>Font</flag>
              </flags>
        </test><test>
          <test-title>font family name should not match font fullnames</test-title>
          <test-href>font-family-name-013.xht</test-href>
          <reference-value>=</reference-value>
          <reference-href>reference/font-family-name-ref.xht</reference-href>
          <flags>
              <flag>Font</flag>
              </flags>
        </test><test>
          <test-title>font family name should not match Postscript name</test-title>
          <test-href>font-family-name-014.xht</test-href>
          <reference-value>=</reference-value>
          <reference-href>reference/font-family-name-ref.xht</reference-href>
          <flags>
              <flag>Font</flag>
              </flags>
        </test><test>
          <test-title>font family name should not match localized font fullnames</test-title>
          <test-href>font-family-name-015.xht</test-href>
          <reference-value>=</reference-value>
          <reference-href>reference/font-family-name-ref.xht</reference-href>
          <flags>
              <flag>Font</flag>
              </flags>
        </test><test>
          <test-title>font family name that includes numbers should match</test-title>
          <test-href>font-family-name-016.xht</test-href>
          <reference-value>=</reference-value>
          <reference-href>reference/font-family-name-016-ref.xht</reference-href>
          <flags>
              <flag>Font</flag>
              </flags>
        </test><test>
          <test-title>when unquoted font family not found, should not use font family list of body element</test-title>
          <test-href>font-family-name-017.xht</test-href>
          <reference-value>=</reference-value>
          <reference-href>reference/font-family-name-mixcase-ref.xht</reference-href>
          <flags>
              <flag>Font</flag>
              </flags>
        </test><test>
          <test-title>when quoted font family not found, should not use font family list of body element</test-title>
          <test-href>font-family-name-018.xht</test-href>
          <reference-value>=</reference-value>
          <reference-href>reference/font-family-name-mixcase-ref.xht</reference-href>
          <flags>
              <flag>Font</flag>
              </flags>
        </test><test>
          <test-title>when unquoted font family not found, should not use font family list of parent element</test-title>
          <test-href>font-family-name-019.xht</test-href>
          <reference-value>=</reference-value>
          <reference-href>reference/font-family-name-mixcase-ref.xht</reference-href>
          <flags>
              <flag>Font</flag>
              </flags>
        </test><test>
          <test-title>when quoted font family not found, should not use font family list of parent element</test-title>
          <test-href>font-family-name-020.xht</test-href>
          <reference-value>=</reference-value>
          <reference-href>reference/font-family-name-mixcase-ref.xht</reference-href>
          <flags>
              <flag>Font</flag>
              </flags>
        </test><test>
          <test-title>mixed use of quotes in font family names is invalid syntax</test-title>
          <test-href>font-family-name-021.xht</test-href>
          <reference-value>=</reference-value>
          <reference-href>reference/font-family-name-ref.xht</reference-href>
          <flags>
              <flag>Font</flag><flag>Invalid</flag>
              </flags>
        </test><test>
          <test-title>font shorthand parsing should not cause incorrect matching</test-title>
          <test-href>font-family-name-022.xht</test-href>
          <reference-value>=</reference-value>
          <reference-href>reference/font-family-name-022-ref.xht</reference-href>
          <flags>
              <flag>Font</flag>
              </flags>
        </test><test>
          <test-title>font family names that look like font shorthand</test-title>
          <test-href>font-family-name-023.xht</test-href>
          <reference-value>=</reference-value>
          <reference-href>reference/font-family-name-023-ref.xht</reference-href>
          <flags>
              <flag>Font</flag>
              </flags>
        </test><test>
          <test-title>system font names in font-family lists</test-title>
          <test-href>font-family-name-024.xht</test-href>
          <reference-value>=</reference-value>
          <reference-href>reference/font-family-name-024-ref.xht</reference-href>
          <flags>
              <flag>Font</flag>
              </flags>
        </test><test>
          <test-title>Font-family, fallback mechanism</test-title>
          <test-href>font-family-rule-001.xht</test-href>
          <reference-value>=</reference-value>
          <reference-href>reference/font-family-rule-001-ref.xht</reference-href>
          
        </test><test>
          <test-title>Unquoted and unescaped font-family name with white spaces</test-title>
          <test-href>font-family-rule-002a.xht</test-href>
          <reference-value>=</reference-value>
          <reference-href>reference/font-family-rule-002a-ref.xht</reference-href>
          <flags>
              <flag>Font</flag>
              </flags>
        </test><test>
          <test-title>Font family unknown character glyph matching</test-title>
          <test-href>font-family-rule-005.xht</test-href>
          <reference-value>=</reference-value>
          <reference-href>reference/font-family-rule-005-ref.xht</reference-href>
          <flags>
              <flag>DOM/JS</flag>
              </flags>
        </test><test>
          <test-title>Valid characters in font-family values</test-title>
          <test-href>font-family-valid-characters-001.xht</test-href>
          <reference-value>=</reference-value>
          <reference-href>reference/font-family-valid-characters-ref.xht</reference-href>
          <flags>
              <flag>Ahem</flag>
              </flags>
        </test><test>
          <test-title>Valid numbers in font-family values</test-title>
          <test-href>font-family-valid-characters-002.xht</test-href>
          <reference-value>=</reference-value>
          <reference-href>reference/font-family-valid-characters-ref.xht</reference-href>
          <flags>
              <flag>Ahem</flag>
              </flags>
        </test><test>
          <test-title>Font Matching Algorithm, font-weight out of range</test-title>
          <test-href>font-matching-rule-009.xht</test-href>
          <reference-value>=</reference-value>
          <reference-href>reference/font-weight-normal-ref.xht</reference-href>
          <flags>
              <flag>Invalid</flag>
              </flags>
        </test><test>
          <test-title>Font-size using pixels with a minimum minus one value, -1px</test-title>
          <test-href>font-size-001.xht</test-href>
          <reference-value>=</reference-value>
          <reference-href>reference/no-red-on-blank-page-ref.xht</reference-href>
          <flags>
              <flag>Ahem</flag><flag>Invalid</flag>
              </flags>
        </test><test>
          <test-title>Font-size using pixels with a minimum value, 0px</test-title>
          <test-href>font-size-002.xht</test-href>
          <reference-value>=</reference-value>
          <reference-href>reference/no-red-on-blank-page-ref.xht</reference-href>
          <flags>
              <flag>Ahem</flag>
              </flags>
        </test><test>
          <test-title>Font-size using pixels with a negative zero value, -0px</test-title>
          <test-href>font-size-004.xht</test-href>
          <reference-value>=</reference-value>
          <reference-href>reference/no-red-on-blank-page-ref.xht</reference-href>
          <flags>
              <flag>Ahem</flag>
              </flags>
        </test><test>
          <test-title>Font-size using pixels with a positive zero value, +0px</test-title>
          <test-href>font-size-005.xht</test-href>
          <reference-value>=</reference-value>
          <reference-href>reference/no-red-on-blank-page-ref.xht</reference-href>
          <flags>
              <flag>Ahem</flag>
              </flags>
        </test><test>
          <test-title>Font-size using points with a minimum minus one value, -1pt</test-title>
          <test-href>font-size-012.xht</test-href>
          <reference-value>=</reference-value>
          <reference-href>reference/no-red-on-blank-page-ref.xht</reference-href>
          <flags>
              <flag>Ahem</flag><flag>Invalid</flag>
              </flags>
        </test><test>
          <test-title>Font-size using points with a minimum value, 0pt</test-title>
          <test-href>font-size-013.xht</test-href>
          <reference-value>=</reference-value>
          <reference-href>reference/no-red-on-blank-page-ref.xht</reference-href>
          <flags>
              <flag>Ahem</flag>
              </flags>
        </test><test>
          <test-title>Font-size using points with a negative zero value, -0pt</test-title>
          <test-href>font-size-015.xht</test-href>
          <reference-value>=</reference-value>
          <reference-href>reference/no-red-on-blank-page-ref.xht</reference-href>
          <flags>
              <flag>Ahem</flag>
              </flags>
        </test><test>
          <test-title>Font-size using points with a positive zero value, +0pt</test-title>
          <test-href>font-size-016.xht</test-href>
          <reference-value>=</reference-value>
          <reference-href>reference/no-red-on-blank-page-ref.xht</reference-href>
          <flags>
              <flag>Ahem</flag>
              </flags>
        </test><test>
          <test-title>Font-size using picas with a minimum minus one value, -1pc</test-title>
          <test-href>font-size-023.xht</test-href>
          <reference-value>=</reference-value>
          <reference-href>reference/no-red-on-blank-page-ref.xht</reference-href>
          <flags>
              <flag>Ahem</flag><flag>Invalid</flag>
              </flags>
        </test><test>
          <test-title>Font-size using picas with a minimum value, 0pc</test-title>
          <test-href>font-size-024.xht</test-href>
          <reference-value>=</reference-value>
          <reference-href>reference/no-red-on-blank-page-ref.xht</reference-href>
          <flags>
              <flag>Ahem</flag>
              </flags>
        </test><test>
          <test-title>Font-size using picas with a negative zero value, -0pc</test-title>
          <test-href>font-size-026.xht</test-href>
          <reference-value>=</reference-value>
          <reference-href>reference/no-red-on-blank-page-ref.xht</reference-href>
          <flags>
              <flag>Ahem</flag>
              </flags>
        </test><test>
          <test-title>Font-size using picas with a positive zero value, +0pc</test-title>
          <test-href>font-size-027.xht</test-href>
          <reference-value>=</reference-value>
          <reference-href>reference/no-red-on-blank-page-ref.xht</reference-href>
          <flags>
              <flag>Ahem</flag>
              </flags>
        </test><test>
          <test-title>Font-size using centimeters with a minimum minus one value, -1cm</test-title>
          <test-href>font-size-034.xht</test-href>
          <reference-value>=</reference-value>
          <reference-href>reference/no-red-on-blank-page-ref.xht</reference-href>
          <flags>
              <flag>Ahem</flag><flag>Invalid</flag>
              </flags>
        </test><test>
          <test-title>Font-size using centimeters with a minimum value, 0cm</test-title>
          <test-href>font-size-035.xht</test-href>
          <reference-value>=</reference-value>
          <reference-href>reference/no-red-on-blank-page-ref.xht</reference-href>
          <flags>
              <flag>Ahem</flag>
              </flags>
        </test><test>
          <test-title>Font-size using centimeters with a negative zero value, -0cm</test-title>
          <test-href>font-size-037.xht</test-href>
          <reference-value>=</reference-value>
          <reference-href>reference/no-red-on-blank-page-ref.xht</reference-href>
          <flags>
              <flag>Ahem</flag>
              </flags>
        </test><test>
          <test-title>Font-size using centimeters with a positive zero value, +0cm</test-title>
          <test-href>font-size-038.xht</test-href>
          <reference-value>=</reference-value>
          <reference-href>reference/no-red-on-blank-page-ref.xht</reference-href>
          <flags>
              <flag>Ahem</flag>
              </flags>
        </test><test>
          <test-title>Font-size using millimeters with a minimum minus one value, -1mm</test-title>
          <test-href>font-size-045.xht</test-href>
          <reference-value>=</reference-value>
          <reference-href>reference/no-red-on-blank-page-ref.xht</reference-href>
          <flags>
              <flag>Ahem</flag><flag>Invalid</flag>
              </flags>
        </test><test>
          <test-title>Font-size using millimeters with a minimum value, 0mm</test-title>
          <test-href>font-size-046.xht</test-href>
          <reference-value>=</reference-value>
          <reference-href>reference/no-red-on-blank-page-ref.xht</reference-href>
          <flags>
              <flag>Ahem</flag>
              </flags>
        </test><test>
          <test-title>Font-size using millimeters with a negative zero value, -0mm</test-title>
          <test-href>font-size-048.xht</test-href>
          <reference-value>=</reference-value>
          <reference-href>reference/no-red-on-blank-page-ref.xht</reference-href>
          <flags>
              <flag>Ahem</flag>
              </flags>
        </test><test>
          <test-title>Font-size using millimeters with a positive zero value, +0mm</test-title>
          <test-href>font-size-049.xht</test-href>
          <reference-value>=</reference-value>
          <reference-href>reference/no-red-on-blank-page-ref.xht</reference-href>
          <flags>
              <flag>Ahem</flag>
              </flags>
        </test><test>
          <test-title>Font-size using inches with a minimum minus one value, -1in</test-title>
          <test-href>font-size-056.xht</test-href>
          <reference-value>=</reference-value>
          <reference-href>reference/no-red-on-blank-page-ref.xht</reference-href>
          <flags>
              <flag>Ahem</flag><flag>Invalid</flag>
              </flags>
        </test><test>
          <test-title>Font-size using inches with a minimum value, 0in</test-title>
          <test-href>font-size-057.xht</test-href>
          <reference-value>=</reference-value>
          <reference-href>reference/no-red-on-blank-page-ref.xht</reference-href>
          <flags>
              <flag>Ahem</flag>
              </flags>
        </test><test>
          <test-title>Font-size using inches with a negative zero value, -0in</test-title>
          <test-href>font-size-059.xht</test-href>
          <reference-value>=</reference-value>
          <reference-href>reference/no-red-on-blank-page-ref.xht</reference-href>
          <flags>
              <flag>Ahem</flag>
              </flags>
        </test><test>
          <test-title>Font-size using inches with a positive zero value, +0in</test-title>
          <test-href>font-size-060.xht</test-href>
          <reference-value>=</reference-value>
          <reference-href>reference/no-red-on-blank-page-ref.xht</reference-href>
          <flags>
              <flag>Ahem</flag>
              </flags>
        </test><test>
          <test-title>Font-size using 'em' units with a minimum minus one value, -1em</test-title>
          <test-href>font-size-067.xht</test-href>
          <reference-value>=</reference-value>
          <reference-href>reference/no-red-on-blank-page-ref.xht</reference-href>
          <flags>
              <flag>Ahem</flag><flag>Invalid</flag>
              </flags>
        </test><test>
          <test-title>Font-size using 'em' units with a minimum value, 0em</test-title>
          <test-href>font-size-068.xht</test-href>
          <reference-value>=</reference-value>
          <reference-href>reference/no-red-on-blank-page-ref.xht</reference-href>
          <flags>
              <flag>Ahem</flag>
              </flags>
        </test><test>
          <test-title>Font-size using 'em' units with a negative zero value, -0em</test-title>
          <test-href>font-size-070.xht</test-href>
          <reference-value>=</reference-value>
          <reference-href>reference/no-red-on-blank-page-ref.xht</reference-href>
          <flags>
              <flag>Ahem</flag>
              </flags>
        </test><test>
          <test-title>Font-size using 'em' units with a positive zero value, +0em</test-title>
          <test-href>font-size-071.xht</test-href>
          <reference-value>=</reference-value>
          <reference-href>reference/no-red-on-blank-page-ref.xht</reference-href>
          <flags>
              <flag>Ahem</flag>
              </flags>
        </test><test>
          <test-title>Font-size using 'ex' units with a minimum minus one value, -1ex</test-title>
          <test-href>font-size-078.xht</test-href>
          <reference-value>=</reference-value>
          <reference-href>reference/no-red-on-blank-page-ref.xht</reference-href>
          <flags>
              <flag>Ahem</flag><flag>Invalid</flag>
              </flags>
        </test><test>
          <test-title>Font-size using 'ex' units with a minimum value, 0ex</test-title>
          <test-href>font-size-079.xht</test-href>
          <reference-value>=</reference-value>
          <reference-href>reference/no-red-on-blank-page-ref.xht</reference-href>
          <flags>
              <flag>Ahem</flag>
              </flags>
        </test><test>
          <test-title>Font-size using 'ex' units with a negative zero value, -0ex</test-title>
          <test-href>font-size-081.xht</test-href>
          <reference-value>=</reference-value>
          <reference-href>reference/no-red-on-blank-page-ref.xht</reference-href>
          <flags>
              <flag>Ahem</flag>
              </flags>
        </test><test>
          <test-title>Font-size using 'ex' units with a positive zero value, +0ex</test-title>
          <test-href>font-size-082.xht</test-href>
          <reference-value>=</reference-value>
          <reference-href>reference/no-red-on-blank-page-ref.xht</reference-href>
          <flags>
              <flag>Ahem</flag>
              </flags>
        </test><test>
          <test-title>Font-size using percentages with a minimum minus one value, -1%</test-title>
          <test-href>font-size-089.xht</test-href>
          <reference-value>=</reference-value>
          <reference-href>reference/no-red-on-blank-page-ref.xht</reference-href>
          <flags>
              <flag>Ahem</flag><flag>Invalid</flag>
              </flags>
        </test><test>
          <test-title>Font-size using percentages with a minimum value, 0%</test-title>
          <test-href>font-size-090.xht</test-href>
          <reference-value>=</reference-value>
          <reference-href>reference/no-red-on-blank-page-ref.xht</reference-href>
          <flags>
              <flag>Ahem</flag>
              </flags>
        </test><test>
          <test-title>Font-size using percentages with a negative zero value, -0%</test-title>
          <test-href>font-size-092.xht</test-href>
          <reference-value>=</reference-value>
          <reference-href>reference/no-red-on-blank-page-ref.xht</reference-href>
          <flags>
              <flag>Ahem</flag>
              </flags>
        </test><test>
          <test-title>Font-size using percentages with a positive zero value, +0%</test-title>
          <test-href>font-size-093.xht</test-href>
          <reference-value>=</reference-value>
          <reference-href>reference/no-red-on-blank-page-ref.xht</reference-href>
          <flags>
              <flag>Ahem</flag>
              </flags>
        </test><test>
          <test-title>Font-size with a negative zero value and no units, -0</test-title>
          <test-href>font-size-100.xht</test-href>
          <reference-value>=</reference-value>
          <reference-href>reference/no-red-on-blank-page-ref.xht</reference-href>
          <flags>
              <flag>Ahem</flag>
              </flags>
        </test><test>
          <test-title>Font-size with a zero value and no units, 0</test-title>
          <test-href>font-size-101.xht</test-href>
          <reference-value>=</reference-value>
          <reference-href>reference/no-red-on-blank-page-ref.xht</reference-href>
          <flags>
              <flag>Ahem</flag>
              </flags>
        </test><test>
          <test-title>Font-size with a positive zero value and no units, +0</test-title>
          <test-href>font-size-102.xht</test-href>
          <reference-value>=</reference-value>
          <reference-href>reference/no-red-on-blank-page-ref.xht</reference-href>
          <flags>
              <flag>Ahem</flag>
              </flags>
        </test><test>
          <test-title>CSS: font-size inheritance</test-title>
          <test-href>font-size-120.xht</test-href>
          <reference-value>=</reference-value>
          <reference-href>reference/font-size-120-ref.xht</reference-href>
          <flags>
              <flag>Ahem</flag>
              </flags>
        </test><test>
          <test-title>CSS: sanity tests for relative keyword values of font-size</test-title>
          <test-href>font-size-121.xht</test-href>
          <reference-value>=</reference-value>
          <reference-href>reference/font-size-121-ref.xht</reference-href>
          <flags>
              <flag>Ahem</flag>
              </flags>
        </test><test>
          <test-title>Default Font Sizes</test-title>
          <test-href>font-size-122.xht</test-href>
          <reference-value>=</reference-value>
          <reference-href>reference/font-size-122-ref.xht</reference-href>
          <flags>
              <flag>Ahem</flag>
              </flags>
        </test><test>
          <test-title>CSS Parsing: Negative Font-Size</test-title>
          <test-href>font-size-123.xht</test-href>
          <reference-value>=</reference-value>
          <reference-href>reference/font-size-123-ref.xht</reference-href>
          <flags>
              <flag>Invalid</flag>
              </flags>
        </test><test>
          <test-title>inheritance of computed font-size across fonts</test-title>
          <test-href>font-size-124.xht</test-href>
          <reference-value>=</reference-value>
          <reference-href>reference/ref-filled-green-100px-square.xht</reference-href>
          <flags>
              <flag>Ahem</flag>
              </flags>
        </test><test>
          <test-title>font-size-adjust: 0</test-title>
          <test-href>font-size-adjust-zero-1.xht</test-href>
          <reference-value>=</reference-value>
          <reference-href>reference/font-size-zero-2-ref.xht</reference-href>
          
        </test><test>
          <test-title>font-size-adjust: 0</test-title>
          <test-href>font-size-adjust-zero-2.xht</test-href>
          <reference-value>=</reference-value>
          <reference-href>reference/font-size-zero-2-ref.xht</reference-href>
          
        </test><test>
          <test-title>Font-size and 'display: none' elements</test-title>
          <test-href>font-size-applies-to-016.xht</test-href>
          <reference-value>=</reference-value>
          <reference-href>reference/no-red-on-blank-page-ref.xht</reference-href>
          <flags>
              <flag>Ahem</flag>
              </flags>
        </test><test>
          <test-title>font-size: 0</test-title>
          <test-href>font-size-zero-1.xht</test-href>
          <reference-value>=</reference-value>
          <reference-href>reference/font-size-zero-1-ref.xht</reference-href>
          
        </test><test>
          <test-title>font-size: 0</test-title>
          <test-href>font-size-zero-2.xht</test-href>
          <reference-value>=</reference-value>
          <reference-href>reference/font-size-zero-2-ref.xht</reference-href>
          
        </test><test>
          <test-title>Font-style and 'display: inline' elements</test-title>
          <test-href>font-style-applies-to-001.xht</test-href>
          <reference-value>=</reference-value>
          <reference-href>reference/font-style-applies-to-001-ref.xht</reference-href>
          
        </test><test>
          <test-title>Font-style and 'display: block' elements</test-title>
          <test-href>font-style-applies-to-002.xht</test-href>
          <reference-value>=</reference-value>
          <reference-href>reference/font-style-applies-to-001-ref.xht</reference-href>
          
        </test><test>
          <test-title>Font-style and 'display: none' elements</test-title>
          <test-href>font-style-applies-to-016.xht</test-href>
          <reference-value>=</reference-value>
          <reference-href>reference/no-red-on-blank-page-ref.xht</reference-href>
          
        </test><test>
          <test-title>Font-style and 'display: inherit' elements</test-title>
          <test-href>font-style-applies-to-017.xht</test-href>
          <reference-value>=</reference-value>
          <reference-href>reference/font-style-applies-to-001-ref.xht</reference-href>
          
        </test><test>
          <test-title>Font-variant set to 'normal'</test-title>
          <test-href>font-variant-001.xht</test-href>
          <reference-value>=</reference-value>
          <reference-href>reference/font-variant-001-ref.xht</reference-href>
          
        </test><test>
          <test-title>'font-variant' and 'display: none' elements</test-title>
          <test-href>font-variant-applies-to-016.xht</test-href>
          <reference-value>=</reference-value>
          <reference-href>reference/no-red-on-blank-page-ref.xht</reference-href>
          
        </test><test>
          <test-title>Font-weight and 'display: inline' elements</test-title>
          <test-href>font-weight-applies-to-001.xht</test-href>
          <reference-value>=</reference-value>
          <reference-href>reference/font-weight-bold-ref.xht</reference-href>
          
        </test><test>
          <test-title>Font-weight and 'display: block' elements</test-title>
          <test-href>font-weight-applies-to-002.xht</test-href>
          <reference-value>=</reference-value>
          <reference-href>reference/font-weight-bold-ref.xht</reference-href>
          
        </test><test>
          <test-title>Font-weight and 'display: none' elements</test-title>
          <test-href>font-weight-applies-to-016.xht</test-href>
          <reference-value>=</reference-value>
          <reference-href>reference/no-red-on-blank-page-ref.xht</reference-href>
          
        </test><test>
          <test-title>Font-weight and 'display: inherit' elements</test-title>
          <test-href>font-weight-applies-to-017.xht</test-href>
          <reference-value>=</reference-value>
          <reference-href>reference/font-weight-bold-ref.xht</reference-href>
          
        </test><test>
          <test-title>font weight mapping with various families with bolder use</test-title>
          <test-href>font-weight-bolder-001.xht</test-href>
          <reference-value>=</reference-value>
          <reference-href>reference/font-weight-bolder-001-ref.xht</reference-href>
          <flags>
              <flag>Font</flag><flag>Recommend</flag>
              </flags>
        </test><test>
          <test-title>font weight mapping with various families with lighter use</test-title>
          <test-href>font-weight-lighter-001.xht</test-href>
          <reference-value>=</reference-value>
          <reference-href>reference/font-weight-lighter-001-ref.xht</reference-href>
          <flags>
              <flag>Font</flag><flag>Recommend</flag>
              </flags>
        </test><test>
          <test-title>font weight mapping with various families</test-title>
          <test-href>font-weight-normal-001.xht</test-href>
          <reference-value>=</reference-value>
          <reference-href>reference/font-weight-normal-001-ref.xht</reference-href>
          <flags>
              <flag>Font</flag><flag>Recommend</flag>
              </flags>
        </test><test>
          <test-title>Font-weight set to 'normal' corresponds to '400'</test-title>
          <test-href>font-weight-rule-001.xht</test-href>
          <reference-value>=</reference-value>
          <reference-href>reference/font-weight-normal-ref.xht</reference-href>
          
        </test><test>
          <test-title>Font-weight inherits the computed weight</test-title>
          <test-href>font-weight-rule-003.xht</test-href>
          <reference-value>=</reference-value>
          <reference-href>reference/font-weight-bold-ref.xht</reference-href>
          
        </test><test>
          <test-title>Font-weight set to 'bolder'</test-title>
          <test-href>font-weight-rule-004.xht</test-href>
          <reference-value>=</reference-value>
          <reference-href>reference/font-weight-bold-ref.xht</reference-href>
          
        </test><test>
          <test-title>Font-weight set to 'bolder' increasing the value above '900'</test-title>
          <test-href>font-weight-rule-005.xht</test-href>
          <reference-value>=</reference-value>
          <reference-href>reference/font-weight-bold-ref.xht</reference-href>
          
        </test><test>
          <test-title>Font-weight set to 'lighter'</test-title>
          <test-href>font-weight-rule-006.xht</test-href>
          <reference-value>=</reference-value>
          <reference-href>reference/font-weight-normal-ref.xht</reference-href>
          
        </test><test>
          <test-title>Font-weight set to 'lighter' decreasing value below '100'</test-title>
          <test-href>font-weight-rule-007.xht</test-href>
          <reference-value>=</reference-value>
          <reference-href>reference/font-weight-normal-ref.xht</reference-href>
          
        </test><test>
          <test-title>Font-weight compare 'bold' to '700'</test-title>
          <test-href>font-weight-rule-008.xht</test-href>
          <reference-value>=</reference-value>
          <reference-href>reference/font-weight-bold-ref.xht</reference-href>
          
        </test><test>
          <test-title>font inheritance into &lt;pre&gt; elements</test-title>
          <test-href>fonts-010.xht</test-href>
          <reference-value>=</reference-value>
          <reference-href>reference/fonts-010-ref.xht</reference-href>
          <flags>
              <flag>Ahem</flag>
              </flags>
        </test><test>
          <test-title>Fonts and bidi</test-title>
          <test-href>fonts-011.xht</test-href>
          <reference-value>=</reference-value>
          <reference-href>reference/fonts-011-ref.xht</reference-href>
          <flags>
              <flag>Ahem</flag>
              </flags>
        </test><test>
          <test-title>Fonts and not bidi</test-title>
          <test-href>fonts-012.xht</test-href>
          <reference-value>=</reference-value>
          <reference-href>reference/fonts-012-ref.xht</reference-href>
          <flags>
              <flag>Ahem</flag>
              </flags>
        </test><test>
          <test-title>font and fallbacks</test-title>
          <test-href>fonts-013.xht</test-href>
          <reference-value>=</reference-value>
          <reference-href>reference/fonts-013-ref.xht</reference-href>
          <flags>
              <flag>Ahem</flag>
              </flags>
        </test><test>
          <test-title>font and fallbacks</test-title>
          <test-href>fonts-014.xht</test-href>
          <reference-value>=</reference-value>
          <reference-href>reference/fonts-013-ref.xht</reference-href>
          <flags>
              <flag>Ahem</flag>
              </flags>
        </test><test>
          <test-title>'float' has no effect on grid items</test-title>
          <test-href>grid-float-001.xht</test-href>
          <reference-value>=</reference-value>
          <reference-href>reference/ref-filled-green-100px-square.xht</reference-href>
          
        </test><test>
          <test-title>'float' has no effect on grid items within an inline grid</test-title>
          <test-href>grid-inline-float-001.xht</test-href>
          <reference-value>=</reference-value>
          <reference-href>reference/ref-filled-green-100px-square.xht</reference-href>
          
        </test><test>
          <test-title>'vertical-align' has no effect on grid items within an inline grid</test-title>
          <test-href>grid-inline-vertical-align-001.xht</test-href>
          <reference-value>=</reference-value>
          <reference-href>reference/ref-filled-green-100px-square.xht</reference-href>
          <flags>
              <flag>Ahem</flag>
              </flags>
        </test><test>
          <test-title>'vertical-align' has no effect on grid items</test-title>
          <test-href>grid-vertical-align-001.xht</test-href>
          <reference-value>=</reference-value>
          <reference-href>reference/ref-filled-green-100px-square.xht</reference-href>
          <flags>
              <flag>Ahem</flag>
              </flags>
        </test><test>
          <test-title>Height using pixels with a minimum minus one value, -1px</test-title>
          <test-href>height-001.xht</test-href>
          <reference-value>=</reference-value>
          <reference-href>reference/height-001-ref.xht</reference-href>
          <flags>
              <flag>Invalid</flag>
              </flags>
        </test><test>
          <test-title>Height using pixels with a minimum value, 0px</test-title>
          <test-href>height-002.xht</test-href>
          <reference-value>=</reference-value>
          <reference-href>reference/height-001-ref.xht</reference-href>
          
        </test><test>
          <test-title>Height using pixels with a minimum plus one value, 1px</test-title>
          <test-href>height-003.xht</test-href>
          <reference-value>=</reference-value>
          <reference-href>reference/height-003-ref.xht</reference-href>
          
        </test><test>
          <test-title>Height using pixels with a negative zero value, -0px</test-title>
          <test-href>height-004.xht</test-href>
          <reference-value>=</reference-value>
          <reference-href>reference/height-001-ref.xht</reference-href>
          
        </test><test>
          <test-title>Height using pixels with a positive zero value, +0px</test-title>
          <test-href>height-005.xht</test-href>
          <reference-value>=</reference-value>
          <reference-href>reference/height-001-ref.xht</reference-href>
          
        </test><test>
          <test-title>Height using pixels with a nominal value, 96px</test-title>
          <test-href>height-006.xht</test-href>
          <reference-value>=</reference-value>
          <reference-href>reference/height-006-ref.xht</reference-href>
          
        </test><test>
          <test-title>Height using pixels with a positive nominal value, +96px</test-title>
          <test-href>height-007.xht</test-href>
          <reference-value>=</reference-value>
          <reference-href>reference/height-006-ref.xht</reference-href>
          
        </test><test>
          <test-title>Height using points with a minimum minus one value, -1pt</test-title>
          <test-href>height-012.xht</test-href>
          <reference-value>=</reference-value>
          <reference-href>reference/height-001-ref.xht</reference-href>
          <flags>
              <flag>Invalid</flag>
              </flags>
        </test><test>
          <test-title>Height using points with a minimum value, 0pt</test-title>
          <test-href>height-013.xht</test-href>
          <reference-value>=</reference-value>
          <reference-href>reference/height-001-ref.xht</reference-href>
          
        </test><test>
          <test-title>Height using points with a negative zero value, -0pt</test-title>
          <test-href>height-015.xht</test-href>
          <reference-value>=</reference-value>
          <reference-href>reference/height-001-ref.xht</reference-href>
          
        </test><test>
          <test-title>Height using points with a positive zero value, +0pt</test-title>
          <test-href>height-016.xht</test-href>
          <reference-value>=</reference-value>
          <reference-href>reference/height-001-ref.xht</reference-href>
          
        </test><test>
          <test-title>Height using points with a nominal value, 72pt</test-title>
          <test-href>height-017.xht</test-href>
          <reference-value>=</reference-value>
          <reference-href>reference/height-006-ref.xht</reference-href>
          
        </test><test>
          <test-title>Height using points with a positive nominal value, +72pt</test-title>
          <test-href>height-018.xht</test-href>
          <reference-value>=</reference-value>
          <reference-href>reference/height-006-ref.xht</reference-href>
          
        </test><test>
          <test-title>Height using picas with a minimum minus one value, -1pc</test-title>
          <test-href>height-023.xht</test-href>
          <reference-value>=</reference-value>
          <reference-href>reference/height-001-ref.xht</reference-href>
          <flags>
              <flag>Invalid</flag>
              </flags>
        </test><test>
          <test-title>Height using picas with a minimum value, 0pc</test-title>
          <test-href>height-024.xht</test-href>
          <reference-value>=</reference-value>
          <reference-href>reference/height-001-ref.xht</reference-href>
          
        </test><test>
          <test-title>Height using picas with a minimum plus one value, 1pc</test-title>
          <test-href>height-025.xht</test-href>
          <reference-value>=</reference-value>
          <reference-href>reference/height-025-ref.xht</reference-href>
          
        </test><test>
          <test-title>Height using picas with a negative zero value, -0pc</test-title>
          <test-href>height-026.xht</test-href>
          <reference-value>=</reference-value>
          <reference-href>reference/height-001-ref.xht</reference-href>
          
        </test><test>
          <test-title>Height using picas with a positive zero value, +0pc</test-title>
          <test-href>height-027.xht</test-href>
          <reference-value>=</reference-value>
          <reference-href>reference/height-001-ref.xht</reference-href>
          
        </test><test>
          <test-title>Height using picas with a nominal value, 6pc</test-title>
          <test-href>height-028.xht</test-href>
          <reference-value>=</reference-value>
          <reference-href>reference/height-006-ref.xht</reference-href>
          
        </test><test>
          <test-title>Height using picas with a positive nominal value, +6pc</test-title>
          <test-href>height-029.xht</test-href>
          <reference-value>=</reference-value>
          <reference-href>reference/height-006-ref.xht</reference-href>
          
        </test><test>
          <test-title>Height using centimeters with a minimum minus one value, -1cm</test-title>
          <test-href>height-034.xht</test-href>
          <reference-value>=</reference-value>
          <reference-href>reference/height-001-ref.xht</reference-href>
          <flags>
              <flag>Invalid</flag>
              </flags>
        </test><test>
          <test-title>Height using centimeters with a minimum value, 0cm</test-title>
          <test-href>height-035.xht</test-href>
          <reference-value>=</reference-value>
          <reference-href>reference/height-001-ref.xht</reference-href>
          
        </test><test>
          <test-title>Height using centimeters with a negative zero value, -0cm</test-title>
          <test-href>height-037.xht</test-href>
          <reference-value>=</reference-value>
          <reference-href>reference/height-001-ref.xht</reference-href>
          
        </test><test>
          <test-title>Height using centimeters with a positive zero value, +0cm</test-title>
          <test-href>height-038.xht</test-href>
          <reference-value>=</reference-value>
          <reference-href>reference/height-001-ref.xht</reference-href>
          
        </test><test>
          <test-title>Height using centimeters with a nominal value, 2.54cm</test-title>
          <test-href>height-039.xht</test-href>
          <reference-value>=</reference-value>
          <reference-href>reference/height-006-ref.xht</reference-href>
          
        </test><test>
          <test-title>Height using centimeters with a positive nominal value, +2.54cm</test-title>
          <test-href>height-040.xht</test-href>
          <reference-value>=</reference-value>
          <reference-href>reference/height-006-ref.xht</reference-href>
          
        </test><test>
          <test-title>Height using millimeters with a minimum minus one value, -1mm</test-title>
          <test-href>height-045.xht</test-href>
          <reference-value>=</reference-value>
          <reference-href>reference/height-001-ref.xht</reference-href>
          <flags>
              <flag>Invalid</flag>
              </flags>
        </test><test>
          <test-title>Height using millimeters with a minimum value, 0mm</test-title>
          <test-href>height-046.xht</test-href>
          <reference-value>=</reference-value>
          <reference-href>reference/height-001-ref.xht</reference-href>
          
        </test><test>
          <test-title>Height using millimeters with a negative zero value, -0mm</test-title>
          <test-href>height-048.xht</test-href>
          <reference-value>=</reference-value>
          <reference-href>reference/height-001-ref.xht</reference-href>
          
        </test><test>
          <test-title>Height using millimeters with a positive zero value, +0mm</test-title>
          <test-href>height-049.xht</test-href>
          <reference-value>=</reference-value>
          <reference-href>reference/height-001-ref.xht</reference-href>
          
        </test><test>
          <test-title>Height using millimeters with a nominal value, 25.4mm</test-title>
          <test-href>height-050.xht</test-href>
          <reference-value>=</reference-value>
          <reference-href>reference/height-006-ref.xht</reference-href>
          
        </test><test>
          <test-title>Height using millimeters with a positive nominal value, +25.4mm</test-title>
          <test-href>height-051.xht</test-href>
          <reference-value>=</reference-value>
          <reference-href>reference/height-006-ref.xht</reference-href>
          
        </test><test>
          <test-title>Height using inches with a minimum minus one value, -1in</test-title>
          <test-href>height-056.xht</test-href>
          <reference-value>=</reference-value>
          <reference-href>reference/height-001-ref.xht</reference-href>
          <flags>
              <flag>Invalid</flag>
              </flags>
        </test><test>
          <test-title>Height using inches with a minimum value, 0in</test-title>
          <test-href>height-057.xht</test-href>
          <reference-value>=</reference-value>
          <reference-href>reference/height-001-ref.xht</reference-href>
          
        </test><test>
          <test-title>Height using inches with a minimum plus one value, 1in</test-title>
          <test-href>height-058.xht</test-href>
          <reference-value>=</reference-value>
          <reference-href>reference/height-058-ref.xht</reference-href>
          
        </test><test>
          <test-title>Height using inches with a negative zero value, -0in</test-title>
          <test-href>height-059.xht</test-href>
          <reference-value>=</reference-value>
          <reference-href>reference/height-001-ref.xht</reference-href>
          
        </test><test>
          <test-title>Height using inches with a positive zero value, +0in</test-title>
          <test-href>height-060.xht</test-href>
          <reference-value>=</reference-value>
          <reference-href>reference/height-001-ref.xht</reference-href>
          
        </test><test>
          <test-title>Height using inches with a nominal value, 3in</test-title>
          <test-href>height-061.xht</test-href>
          <reference-value>=</reference-value>
          <reference-href>reference/height-061-ref.xht</reference-href>
          
        </test><test>
          <test-title>Height using inches with a positive nominal value, +3in</test-title>
          <test-href>height-062.xht</test-href>
          <reference-value>=</reference-value>
          <reference-href>reference/height-061-ref.xht</reference-href>
          
        </test><test>
          <test-title>Height using 'em' units with a minimum minus one value, -1em</test-title>
          <test-href>height-067.xht</test-href>
          <reference-value>=</reference-value>
          <reference-href>reference/height-067-ref.xht</reference-href>
          <flags>
              <flag>Ahem</flag><flag>Invalid</flag>
              </flags>
        </test><test>
          <test-title>Height using 'em' units with a minimum value, 0em</test-title>
          <test-href>height-068.xht</test-href>
          <reference-value>=</reference-value>
          <reference-href>reference/height-067-ref.xht</reference-href>
          <flags>
              <flag>Ahem</flag>
              </flags>
        </test><test>
          <test-title>Height using 'em' units with a minimum plus one value, 1em</test-title>
          <test-href>height-069.xht</test-href>
          <reference-value>=</reference-value>
          <reference-href>reference/height-069-ref.xht</reference-href>
          <flags>
              <flag>Ahem</flag>
              </flags>
        </test><test>
          <test-title>Height using 'em' units with a negative zero value, -0em</test-title>
          <test-href>height-070.xht</test-href>
          <reference-value>=</reference-value>
          <reference-href>reference/height-067-ref.xht</reference-href>
          <flags>
              <flag>Ahem</flag>
              </flags>
        </test><test>
          <test-title>Height using 'em' units with a positive zero value, +0em</test-title>
          <test-href>height-071.xht</test-href>
          <reference-value>=</reference-value>
          <reference-href>reference/height-067-ref.xht</reference-href>
          <flags>
              <flag>Ahem</flag>
              </flags>
        </test><test>
          <test-title>Height using 'em' units with a nominal value, 5em</test-title>
          <test-href>height-072.xht</test-href>
          <reference-value>=</reference-value>
          <reference-href>reference/height-072-ref.xht</reference-href>
          <flags>
              <flag>Ahem</flag>
              </flags>
        </test><test>
          <test-title>Height using 'em' units with a positive nominal value, +5em</test-title>
          <test-href>height-073.xht</test-href>
          <reference-value>=</reference-value>
          <reference-href>reference/height-072-ref.xht</reference-href>
          <flags>
              <flag>Ahem</flag>
              </flags>
        </test><test>
          <test-title>Height using 'ex' units with a minimum minus one value, -1ex</test-title>
          <test-href>height-078.xht</test-href>
          <reference-value>=</reference-value>
          <reference-href>reference/height-067-ref.xht</reference-href>
          <flags>
              <flag>Ahem</flag><flag>Invalid</flag>
              </flags>
        </test><test>
          <test-title>Height using 'ex' units with a minimum value, 0ex</test-title>
          <test-href>height-079.xht</test-href>
          <reference-value>=</reference-value>
          <reference-href>reference/height-067-ref.xht</reference-href>
          <flags>
              <flag>Ahem</flag>
              </flags>
        </test><test>
          <test-title>Height using 'ex' units with a minimum plus one value, 1ex</test-title>
          <test-href>height-080.xht</test-href>
          <reference-value>=</reference-value>
          <reference-href>reference/height-080-ref.xht</reference-href>
          <flags>
              <flag>Ahem</flag>
              </flags>
        </test><test>
          <test-title>Height using 'ex' units with a negative zero value, -0ex</test-title>
          <test-href>height-081.xht</test-href>
          <reference-value>=</reference-value>
          <reference-href>reference/height-067-ref.xht</reference-href>
          <flags>
              <flag>Ahem</flag>
              </flags>
        </test><test>
          <test-title>Height using 'ex' units with a positive zero value, +0ex</test-title>
          <test-href>height-082.xht</test-href>
          <reference-value>=</reference-value>
          <reference-href>reference/height-067-ref.xht</reference-href>
          <flags>
              <flag>Ahem</flag>
              </flags>
        </test><test>
          <test-title>Height using 'ex' units with a nominal value, 6ex</test-title>
          <test-href>height-083.xht</test-href>
          <reference-value>=</reference-value>
          <reference-href>reference/height-006-ref.xht</reference-href>
          <flags>
              <flag>Ahem</flag>
              </flags>
        </test><test>
          <test-title>Height using 'ex' units with a positive nominal value, +6ex</test-title>
          <test-href>height-084.xht</test-href>
          <reference-value>=</reference-value>
          <reference-href>reference/height-006-ref.xht</reference-href>
          <flags>
              <flag>Ahem</flag>
              </flags>
        </test><test>
          <test-title>Height using percentages with a minimum minus one value, -1%</test-title>
          <test-href>height-089.xht</test-href>
          <reference-value>=</reference-value>
          <reference-href>reference/height-001-ref.xht</reference-href>
          <flags>
              <flag>Invalid</flag>
              </flags>
        </test><test>
          <test-title>Height using percentages with a minimum value, 0%</test-title>
          <test-href>height-090.xht</test-href>
          <reference-value>=</reference-value>
          <reference-href>reference/height-001-ref.xht</reference-href>
          
        </test><test>
          <test-title>Height using percentages with a minimum plus one value, 1%</test-title>
          <test-href>height-091.xht</test-href>
          <reference-value>=</reference-value>
          <reference-href>reference/height-003-ref.xht</reference-href>
          
        </test><test>
          <test-title>Height using percentages with a negative zero value, -0%</test-title>
          <test-href>height-092.xht</test-href>
          <reference-value>=</reference-value>
          <reference-href>reference/height-001-ref.xht</reference-href>
          
        </test><test>
          <test-title>Height using percentages with a positive zero value, +0%</test-title>
          <test-href>height-093.xht</test-href>
          <reference-value>=</reference-value>
          <reference-href>reference/height-001-ref.xht</reference-href>
          
        </test><test>
          <test-title>Height using percentages with a nominal value, 100%</test-title>
          <test-href>height-094.xht</test-href>
          <reference-value>=</reference-value>
          <reference-href>reference/height-006-ref.xht</reference-href>
          
        </test><test>
          <test-title>Height using percentages with a positive nominal value, +100%</test-title>
          <test-href>height-095.xht</test-href>
          <reference-value>=</reference-value>
          <reference-href>reference/height-006-ref.xht</reference-href>
          
        </test><test>
          <test-title>Height with a negative zero value and no units, -0</test-title>
          <test-href>height-100.xht</test-href>
          <reference-value>=</reference-value>
          <reference-href>reference/ref-if-there-is-no-red.xht</reference-href>
          
        </test><test>
          <test-title>Height with a zero value and no units, 0</test-title>
          <test-href>height-101.xht</test-href>
          <reference-value>=</reference-value>
          <reference-href>reference/ref-if-there-is-no-red.xht</reference-href>
          
        </test><test>
          <test-title>Height with a positive zero value and no units, +0</test-title>
          <test-href>height-102.xht</test-href>
          <reference-value>=</reference-value>
          <reference-href>reference/ref-if-there-is-no-red.xht</reference-href>
          
        </test><test>
          <test-title>Height set to a value of auto</test-title>
          <test-href>height-103.xht</test-href>
          <reference-value>=</reference-value>
          <reference-href>reference/ref-if-there-is-no-red.xht</reference-href>
          
        </test><test>
          <test-title>Height set to inherit</test-title>
          <test-href>height-104.xht</test-href>
          <reference-value>=</reference-value>
          <reference-href>reference/height-003-ref.xht</reference-href>
          
        </test><test>
          <test-title>Nested heights</test-title>
          <test-href>height-111.xht</test-href>
          <reference-value>=</reference-value>
          <reference-href>reference/height-111-ref.xht</reference-href>
          
        </test><test>
          <test-title>Nested heights</test-title>
          <test-href>height-112.xht</test-href>
          <reference-value>=</reference-value>
          <reference-href>reference/height-112-ref.xht</reference-href>
          
        </test><test>
          <test-title>Nested heights with percentages and borders</test-title>
          <test-href>height-113.xht</test-href>
          <reference-value>=</reference-value>
          <reference-href>reference/height-113-ref.xht</reference-href>
          
        </test><test>
          <test-title>Negative heights</test-title>
          <test-href>height-114.xht</test-href>
          <reference-value>=</reference-value>
          <reference-href>reference/height-114-ref.xht</reference-href>
          
        </test><test>
          <test-title>Height applied to elements with 'display' set to 'table-row'</test-title>
          <test-href>height-applies-to-004.xht</test-href>
          <reference-value>=</reference-value>
          <reference-href>reference/ref-filled-black-96px-square.xht</reference-href>
          
        </test><test>
          <test-title>Height applied to elements with 'display' set to 'table-column-group'</test-title>
          <test-href>height-applies-to-005.xht</test-href>
          <reference-value>=</reference-value>
          <reference-href>reference/ref-if-there-is-no-red.xht</reference-href>
          
        </test><test>
          <test-title>Height applied to elements with 'display' set to 'table-column'</test-title>
          <test-href>height-applies-to-006.xht</test-href>
          <reference-value>=</reference-value>
          <reference-href>reference/ref-if-there-is-no-red.xht</reference-href>
          
        </test><test>
          <test-title>Height applied to elements with 'display' set to 'table-cell'</test-title>
          <test-href>height-applies-to-007.xht</test-href>
          <reference-value>=</reference-value>
          <reference-href>reference/ref-filled-black-96px-square.xht</reference-href>
          
        </test><test>
          <test-title>Height applied to elements with 'display' set to 'inline'</test-title>
          <test-href>height-applies-to-008.xht</test-href>
          <reference-value>=</reference-value>
          <reference-href>reference/ref-if-there-is-no-red.xht</reference-href>
          
        </test><test>
          <test-title>Height applied to elements with 'display' set to 'block'</test-title>
          <test-href>height-applies-to-009.xht</test-href>
          <reference-value>=</reference-value>
          <reference-href>reference/ref-filled-black-96px-square.xht</reference-href>
          
        </test><test>
          <test-title>height set to 0 to elements with 'display' set to 'list-item'</test-title>
          <test-href>height-applies-to-010a.xht</test-href>
          <reference-value>=</reference-value>
          <reference-href>reference/height-applies-to-010a-ref.xht</reference-href>
          
        </test><test>
          <test-title>Height applied to elements with 'display' set to 'inline-block'</test-title>
          <test-href>height-applies-to-012.xht</test-href>
          <reference-value>=</reference-value>
          <reference-href>reference/ref-filled-black-96px-square.xht</reference-href>
          
        </test><test>
          <test-title>Height applied to elements with 'display' set to 'table'</test-title>
          <test-href>height-applies-to-013.xht</test-href>
          <reference-value>=</reference-value>
          <reference-href>reference/ref-filled-black-96px-square.xht</reference-href>
          
        </test><test>
          <test-title>Height applied to elements with 'display' set to 'inline-table'</test-title>
          <test-href>height-applies-to-014.xht</test-href>
          <reference-value>=</reference-value>
          <reference-href>reference/ref-filled-black-96px-square.xht</reference-href>
          
        </test><test>
          <test-title>Height applied to elements with 'display' set to 'table-caption'</test-title>
          <test-href>height-applies-to-015.xht</test-href>
          <reference-value>=</reference-value>
          <reference-href>reference/ref-filled-black-96px-square.xht</reference-href>
          
        </test><test>
          <test-title>Height applied to elements set to 'display: none'</test-title>
          <test-href>height-applies-to-016.xht</test-href>
          <reference-value>=</reference-value>
          <reference-href>reference/ref-if-there-is-no-red.xht</reference-href>
          
        </test><test>
          <test-title>Inheriting Explicit Heights</test-title>
          <test-href>height-inherit-001.xht</test-href>
          <reference-value>=</reference-value>
          <reference-href>reference/ref-filled-green-100px-square.xht</reference-href>
          
        </test><test>
          <test-title>Percentage height computed to containing block</test-title>
          <test-href>height-percentage-001.xht</test-href>
          <reference-value>=</reference-value>
          <reference-href>reference/height-percentage-001-ref.xht</reference-href>
          
        </test><test>
          <test-title>Percentage based 'height' computes to 'auto' when containing block has no specified height</test-title>
          <test-href>height-percentage-002.xht</test-href>
          <reference-value>=</reference-value>
          <reference-href>reference/ref-if-there-is-no-red.xht</reference-href>
          
        </test><test>
          <test-title>Percentage based 'height' on the root element</test-title>
          <test-href>height-percentage-003.xht</test-href>
          <reference-value>=</reference-value>
          <reference-href>reference/height-percentage-003-ref.xht</reference-href>
          
        </test><test>
          <test-title>Height percentage - 100% of the initial containing block's height</test-title>
          <test-href>height-percentage-003a.xht</test-href>
          <reference-value>=</reference-value>
          <reference-href>reference/height-percentage-003a-ref.xht</reference-href>
          
        </test><test>
          <test-title>Resolving container heights when they contain absolutely positioned elements with percentage based heights</test-title>
          <test-href>height-percentage-004.xht</test-href>
          <reference-value>=</reference-value>
          <reference-href>reference/height-percentage-001-ref.xht</reference-href>
          
        </test><test>
          <test-title>height percentage - inline replaced element inside an auto-height container</test-title>
          <test-href>height-percentage-005.xht</test-href>
          <reference-value>=</reference-value>
          <reference-href>reference/ref-filled-black-96px-square.xht</reference-href>
          <flags>
              <flag>Bitmaps</flag>
              </flags>
        </test><test>
          <test-title>height - table cell height</test-title>
          <test-href>height-table-cell-001.xht</test-href>
          <reference-value>=</reference-value>
          <reference-href>reference/ref-filled-green-100px-square.xht</reference-href>
          
        </test><test>
          <test-title>height and width of element set to 'display: inline-table'</test-title>
          <test-href>height-width-inline-table-001.xht</test-href>
          <reference-value>=</reference-value>
          <reference-href>reference/ref-filled-green-100px-square.xht</reference-href>
          
        </test><test>
          <test-title>height and width of element set to 'display: inline-table'</test-title>
          <test-href>height-width-inline-table-001a.xht</test-href>
          <reference-value>=</reference-value>
          <reference-href>reference/ref-filled-green-100px-square.xht</reference-href>
          
        </test><test>
          <test-title>height and width of element set to 'display: inline-table'</test-title>
          <test-href>height-width-inline-table-001b.xht</test-href>
          <reference-value>=</reference-value>
          <reference-href>reference/ref-filled-green-100px-square.xht</reference-href>
          
        </test><test>
          <test-title>height and width of element set to 'display: inline-table'</test-title>
          <test-href>height-width-inline-table-001c.xht</test-href>
          <reference-value>=</reference-value>
          <reference-href>reference/ref-filled-green-100px-square.xht</reference-href>
          
        </test><test>
          <test-title>height and width of element set to 'display: inline-table'</test-title>
          <test-href>height-width-inline-table-001d.xht</test-href>
          <reference-value>=</reference-value>
          <reference-href>reference/ref-filled-green-100px-square.xht</reference-href>
          
        </test><test>
          <test-title>height and width of element set to 'display: inline-table'</test-title>
          <test-href>height-width-inline-table-001e.xht</test-href>
          <reference-value>=</reference-value>
          <reference-href>reference/ref-filled-green-100px-square.xht</reference-href>
          
        </test><test>
          <test-title>height and width of element set to 'display: table'</test-title>
          <test-href>height-width-table-001.xht</test-href>
          <reference-value>=</reference-value>
          <reference-href>reference/ref-filled-green-100px-square.xht</reference-href>
          
        </test><test>
          <test-title>height and width of element set to 'display: table'</test-title>
          <test-href>height-width-table-001a.xht</test-href>
          <reference-value>=</reference-value>
          <reference-href>reference/ref-filled-green-100px-square.xht</reference-href>
          
        </test><test>
          <test-title>height and width of element set to 'display: table'</test-title>
          <test-href>height-width-table-001b.xht</test-href>
          <reference-value>=</reference-value>
          <reference-href>reference/ref-filled-green-100px-square.xht</reference-href>
          
        </test><test>
          <test-title>height and width of element set to 'display: table'</test-title>
          <test-href>height-width-table-001c.xht</test-href>
          <reference-value>=</reference-value>
          <reference-href>reference/ref-filled-green-100px-square.xht</reference-href>
          
        </test><test>
          <test-title>height and width of element set to 'display: table'</test-title>
          <test-href>height-width-table-001d.xht</test-href>
          <reference-value>=</reference-value>
          <reference-href>reference/ref-filled-green-100px-square.xht</reference-href>
          
        </test><test>
          <test-title>height and width of element set to 'display: table'</test-title>
          <test-href>height-width-table-001e.xht</test-href>
          <reference-value>=</reference-value>
          <reference-href>reference/ref-filled-green-100px-square.xht</reference-href>
          
        </test><test>
          <test-title>Attribute 'color' vs. CSS 'color' specificity</test-title>
          <test-href>html-attribute-009.xht</test-href>
          <reference-value>=</reference-value>
          <reference-href>reference/filler-text-below-green.xht</reference-href>
          
        </test><test>
          <test-title>Attribute 'text' vs. CSS 'color' specificity</test-title>
          <test-href>html-attribute-028.xht</test-href>
          <reference-value>=</reference-value>
          <reference-href>reference/filler-text-below-green.xht</reference-href>
          
        </test><test>
          <test-title>Element selector precedence</test-title>
          <test-href>html-precedence-001.xht</test-href>
          <reference-value>=</reference-value>
          <reference-href>reference/filler-text-below-green.xht</reference-href>
          
        </test><test>
          <test-title>User Stylesheets and non-CSS Presentational Hints</test-title>
          <test-href>html-precedence-004.xht</test-href>
          <reference-value>=</reference-value>
          <reference-href>reference/html-precedence-004-ref.xht</reference-href>
          <flags>
              <flag>User</flag><flag>Style</flag>
              </flags>
        </test><test>
          <test-title>Simple ID selectors</test-title>
          <test-href>id-selector-001.xht</test-href>
          <reference-value>=</reference-value>
          <reference-href>reference/filler-text-below-green.xht</reference-href>
          
        </test><test>
          <test-title>Invalid ID selector syntax - white space between # and id</test-title>
          <test-href>id-selector-004.xht</test-href>
          <reference-value>=</reference-value>
          <reference-href>reference/no-red-filler-text-ref.xht</reference-href>
          <flags>
              <flag>Invalid</flag>
              </flags>
        </test><test>
          <test-title>Invalid ID selector syntax - Begins with numerals</test-title>
          <test-href>id-selector-005.xht</test-href>
          <reference-value>=</reference-value>
          <reference-href>reference/no-red-filler-text-ref.xht</reference-href>
          <flags>
              <flag>Invalid</flag>
              </flags>
        </test><test>
          <test-title>Simple ID selectors specificity over attribute selectors</test-title>
          <test-href>id-selector-006.xht</test-href>
          <reference-value>=</reference-value>
          <reference-href>reference/filler-text-below-green.xht</reference-href>
          
        </test><test>
          <test-title>Valid Identifiers (a-z) as Classes and IDs</test-title>
          <test-href>ident-000.xht</test-href>
          <reference-value>=</reference-value>
          <reference-href>reference/ident-000-ref.xht</reference-href>
          
        </test><test>
          <test-title>Valid Identifiers (-_a-zA-Z0-9) as Classes and IDs</test-title>
          <test-href>ident-001.xht</test-href>
          <reference-value>=</reference-value>
          <reference-href>reference/ident-000-ref.xht</reference-href>
          
        </test><test>
          <test-title>Valid Identifiers (starting with _) as Classes and IDs</test-title>
          <test-href>ident-002.xht</test-href>
          <reference-value>=</reference-value>
          <reference-href>reference/ident-000-ref.xht</reference-href>
          
        </test><test>
          <test-title>Valid Identifiers (starting with -) as Classes and IDs</test-title>
          <test-href>ident-003.xht</test-href>
          <reference-value>=</reference-value>
          <reference-href>reference/ident-000-ref.xht</reference-href>
          <flags>
              <flag>Invalid</flag>
              </flags>
        </test><test>
          <test-title>Valid Identifiers (starting with ideographic) as Classes and IDs</test-title>
          <test-href>ident-004.xht</test-href>
          <reference-value>=</reference-value>
          <reference-href>reference/ident-000-ref.xht</reference-href>
          
        </test><test>
          <test-title>Valid Identifiers (including ideographic) as Classes and IDs</test-title>
          <test-href>ident-005.xht</test-href>
          <reference-value>=</reference-value>
          <reference-href>reference/ident-000-ref.xht</reference-href>
          
        </test><test>
          <test-title>Valid Identifiers (starting with escape) as Classes and IDs</test-title>
          <test-href>ident-006.xht</test-href>
          <reference-value>=</reference-value>
          <reference-href>reference/ident-000-ref.xht</reference-href>
          
        </test><test>
          <test-title>Valid Identifiers (including escape) as Classes and IDs</test-title>
          <test-href>ident-007.xht</test-href>
          <reference-value>=</reference-value>
          <reference-href>reference/ident-000-ref.xht</reference-href>
          
        </test><test>
          <test-title>Invalid Identifiers (starting with digit) as Classes and IDs</test-title>
          <test-href>ident-008.xht</test-href>
          <reference-value>=</reference-value>
          <reference-href>reference/ident-000-ref.xht</reference-href>
          <flags>
              <flag>Invalid</flag>
              </flags>
        </test><test>
          <test-title>Valid Identifiers (including digits) as Classes and IDs</test-title>
          <test-href>ident-009.xht</test-href>
          <reference-value>=</reference-value>
          <reference-href>reference/ident-000-ref.xht</reference-href>
          
        </test><test>
          <test-title>Valid Identifiers (starting with escape) as Classes and IDs</test-title>
          <test-href>ident-010.xht</test-href>
          <reference-value>=</reference-value>
          <reference-href>reference/ident-000-ref.xht</reference-href>
          
        </test><test>
          <test-title>Valid Identifiers (including escapes) as Classes and IDs</test-title>
          <test-href>ident-011.xht</test-href>
          <reference-value>=</reference-value>
          <reference-href>reference/ident-000-ref.xht</reference-href>
          
        </test><test>
          <test-title>Valid Identifiers (starting with escaped digits, control codes) as Classes and IDs</test-title>
          <test-href>ident-012.xht</test-href>
          <reference-value>=</reference-value>
          <reference-href>reference/ident-012-ref.xht</reference-href>
          
        </test><test>
          <test-title>Valid Identifiers (starting with escaped -) as Classes and IDs</test-title>
          <test-href>ident-013.xht</test-href>
          <reference-value>=</reference-value>
          <reference-href>reference/ident-000-ref.xht</reference-href>
          
        </test><test>
          <test-title>Selector attributes and hyphens</test-title>
          <test-href>ident-014.xht</test-href>
          <reference-value>=</reference-value>
          <reference-href>reference/filler-text-below-green.xht</reference-href>
          
        </test><test>
          <test-title>Attribute selectors and underscores</test-title>
          <test-href>ident-015.xht</test-href>
          <reference-value>=</reference-value>
          <reference-href>reference/filler-text-below-green.xht</reference-href>
          
        </test><test>
          <test-title>Attribute selectors with hyphens and underscores</test-title>
          <test-href>ident-016.xht</test-href>
          <reference-value>=</reference-value>
          <reference-href>reference/filler-text-below-green.xht</reference-href>
          
        </test><test>
          <test-title>Attribute selection with digits</test-title>
          <test-href>ident-017.xht</test-href>
          <reference-value>=</reference-value>
          <reference-href>reference/no-red-filler-text-ref.xht</reference-href>
          <flags>
              <flag>Invalid</flag>
              </flags>
        </test><test>
          <test-title>Attribute selectors starting with hyphens and digits</test-title>
          <test-href>ident-018.xht</test-href>
          <reference-value>=</reference-value>
          <reference-href>reference/no-red-filler-text-ref.xht</reference-href>
          <flags>
              <flag>Invalid</flag>
              </flags>
        </test><test>
          <test-title>Attribute selectors starting with underscore and digits</test-title>
          <test-href>ident-019.xht</test-href>
          <reference-value>=</reference-value>
          <reference-href>reference/filler-text-below-green.xht</reference-href>
          
        </test><test>
          <test-title>Invalid Identifiers (starting with double -) as Classes and IDs</test-title>
          <test-href>ident-020.xht</test-href>
          <reference-value>=</reference-value>
          <reference-href>reference/ident-000-ref.xht</reference-href>
          <flags>
              <flag>Invalid</flag>
              </flags>
        </test><test>
          <test-title>Parsing invalid rules that precede good rules</test-title>
          <test-href>ignored-rules-001.xht</test-href>
          <reference-value>=</reference-value>
          <reference-href>reference/filler-text-below-green.xht</reference-href>
          <flags>
              <flag>Invalid</flag>
              </flags>
        </test><test>
          <test-title>Parsing invalid rules that follow good rules</test-title>
          <test-href>ignored-rules-002.xht</test-href>
          <reference-value>=</reference-value>
          <reference-href>reference/filler-text-below-green.xht</reference-href>
          <flags>
              <flag>Invalid</flag>
              </flags>
        </test><test>
          <test-title>Parsing invalid values</test-title>
          <test-href>ignored-rules-003.xht</test-href>
          <reference-value>=</reference-value>
          <reference-href>reference/filler-text-below-green.xht</reference-href>
          <flags>
              <flag>Invalid</flag>
              </flags>
        </test><test>
          <test-title>Parsing invalid values with spaces</test-title>
          <test-href>ignored-rules-004.xht</test-href>
          <reference-value>=</reference-value>
          <reference-href>reference/filler-text-below-green.xht</reference-href>
          <flags>
              <flag>Invalid</flag>
              </flags>
        </test><test>
          <test-title>Parsing invalid values that start with a valid value name</test-title>
          <test-href>ignored-rules-005.xht</test-href>
          <reference-value>=</reference-value>
          <reference-href>reference/filler-text-below-green.xht</reference-href>
          <flags>
              <flag>Invalid</flag>
              </flags>
        </test><test>
          <test-title>Parsing invalid values with slashes</test-title>
          <test-href>ignored-rules-006.xht</test-href>
          <reference-value>=</reference-value>
          <reference-href>reference/filler-text-below-green.xht</reference-href>
          <flags>
              <flag>Invalid</flag>
              </flags>
        </test><test>
          <test-title>Parsing invalid values that are functions</test-title>
          <test-href>ignored-rules-007.xht</test-href>
          <reference-value>=</reference-value>
          <reference-href>reference/filler-text-below-green.xht</reference-href>
          <flags>
              <flag>Invalid</flag>
              </flags>
        </test><test>
          <test-title>At-rules</test-title>
          <test-href>import-000.xht</test-href>
          <reference-value>=</reference-value>
          <reference-href>reference/ref-this-text-should-be-green.xht</reference-href>
          <flags>
              <flag>Invalid</flag>
              </flags>
        </test><test>
          <test-title>At-rules</test-title>
          <test-href>import-001.xht</test-href>
          <reference-value>=</reference-value>
          <reference-href>reference/ref-this-text-should-be-green.xht</reference-href>
          <flags>
              <flag>Invalid</flag>
              </flags>
        </test><test>
          <test-title>top and left - inherit keyword on element with statically positioned parent</test-title>
          <test-href>inherit-static-offset-001.xht</test-href>
          <reference-value>=</reference-value>
          <reference-href>reference/ref-filled-green-100px-square.xht</reference-href>
          <flags>
              <flag>Bitmaps</flag>
              </flags>
        </test><test>
          <test-title>top and left - inherit keyword on element with statically positioned parent</test-title>
          <test-href>inherit-static-offset-002.xht</test-href>
          <reference-value>=</reference-value>
          <reference-href>reference/ref-filled-green-100px-square.xht</reference-href>
          <flags>
              <flag>Bitmaps</flag>
              </flags>
        </test><test>
          <test-title>top and left - inherit keyword on element with statically positioned parent</test-title>
          <test-href>inherit-static-offset-003.xht</test-href>
          <reference-value>=</reference-value>
          <reference-href>reference/ref-filled-green-100px-square.xht</reference-href>
          <flags>
              <flag>Bitmaps</flag>
              </flags>
        </test><test>
          <test-title>Test for inline-block</test-title>
          <test-href>inline-block-000.xht</test-href>
          <reference-value>=</reference-value>
          <reference-href>reference/inline-block-000-ref.xht</reference-href>
          
        </test><test>
          <test-title>inline-block alignment - central alignment with vertical layout</test-title>
          <test-href>inline-block-alignment-002.xht</test-href>
          <reference-value>=</reference-value>
          <reference-href>reference/inline-block-alignment-002-ref.xht</reference-href>
          <flags>
              <flag>Ahem</flag>
              </flags>
        </test><test>
          <test-title>inline-block alignment - central alignment with vertical layout</test-title>
          <test-href>inline-block-alignment-003.xht</test-href>
          <reference-value>=</reference-value>
          <reference-href>reference/inline-block-alignment-003-ref.xht</reference-href>
          <flags>
              <flag>Ahem</flag>
              </flags>
        </test><test>
          <test-title>inline-block alignment - central alignment with vertical layout</test-title>
          <test-href>inline-block-alignment-004.xht</test-href>
          <reference-value>=</reference-value>
          <reference-href>reference/inline-block-alignment-002-ref.xht</reference-href>
          <flags>
              <flag>Ahem</flag>
              </flags>
        </test><test>
          <test-title>inline-block alignment - central alignment with vertical layout</test-title>
          <test-href>inline-block-alignment-005.xht</test-href>
          <reference-value>=</reference-value>
          <reference-href>reference/inline-block-alignment-003-ref.xht</reference-href>
          <flags>
              <flag>Ahem</flag>
              </flags>
        </test><test>
          <test-title>inline block alignment - alphabetical alignment with vertical layout</test-title>
          <test-href>inline-block-alignment-006.xht</test-href>
          <reference-value>=</reference-value>
          <reference-href>reference/inline-block-alignment-006-ref.xht</reference-href>
          <flags>
              <flag>Ahem</flag>
              </flags>
        </test><test>
          <test-title>inline block alignment - alphabetical alignment with vertical layout</test-title>
          <test-href>inline-block-alignment-007.xht</test-href>
          <reference-value>=</reference-value>
          <reference-href>reference/inline-block-alignment-006-ref.xht</reference-href>
          <flags>
              <flag>Ahem</flag>
              </flags>
        </test><test>
          <test-title>inline block alignment - alphabetical alignment with vertical layout</test-title>
          <test-href>inline-block-alignment-008.xht</test-href>
          <reference-value>=</reference-value>
          <reference-href>reference/inline-block-alignment-006-ref.xht</reference-href>
          <flags>
              <flag>Ahem</flag>
              </flags>
        </test><test>
          <test-title>inline block alignment - alphabetical alignment with vertical layout</test-title>
          <test-href>inline-block-alignment-009.xht</test-href>
          <reference-value>=</reference-value>
          <reference-href>reference/inline-block-alignment-009-ref.xht</reference-href>
          <flags>
              <flag>Ahem</flag>
              </flags>
        </test><test>
          <test-title>Test for height:auto on inline-block</test-title>
          <test-href>inline-block-height-001.xht</test-href>
          <reference-value>=</reference-value>
          <reference-href>reference/inline-block-height-001-ref.xht</reference-href>
          
        </test><test>
          <test-title>Test for height:&lt;length&gt; on inline-block</test-title>
          <test-href>inline-block-height-002.xht</test-href>
          <reference-value>=</reference-value>
          <reference-href>reference/inline-block-height-002-ref.xht</reference-href>
          
        </test><test>
          <test-title>Inline-block non-replaced element with 'margin-top', margin-bottom' set to 'auto' and 'height' relying on the descendants</test-title>
          <test-href>inline-block-non-replaced-height-001.xht</test-href>
          <reference-value>=</reference-value>
          <reference-href>reference/height-percentage-001-ref.xht</reference-href>
          
        </test><test>
          <test-title>Inline-block non-replaced elements' margin box is used for the height of the line box</test-title>
          <test-href>inline-block-non-replaced-height-002.xht</test-href>
          <reference-value>=</reference-value>
          <reference-href>reference/height-percentage-001-ref.xht</reference-href>
          
        </test><test>
          <test-title>Inline-block non-replaced elements shrink-to-fit</test-title>
          <test-href>inline-block-non-replaced-width-001.xht</test-href>
          <reference-value>=</reference-value>
          <reference-href>reference/inline-block-non-replaced-width-001-ref.xht</reference-href>
          <flags>
              <flag>Ahem</flag>
              </flags>
        </test><test>
          <test-title>Inline-block non-replaced elements with 'margin-left' and 'margin-right' set to 'auto'</test-title>
          <test-href>inline-block-non-replaced-width-002.xht</test-href>
          <reference-value>=</reference-value>
          <reference-href>reference/inline-block-non-replaced-width-002-ref.xht</reference-href>
          <flags>
              <flag>Ahem</flag>
              </flags>
        </test><test>
          <test-title>'shrink-to-fit' width of inline-block non-replaced elements - max-width</test-title>
          <test-href>inline-block-non-replaced-width-003.xht</test-href>
          <reference-value>=</reference-value>
          <reference-href>reference/absolute-non-replaced-width-017-ref.xht</reference-href>
          <flags>
              <flag>Ahem</flag>
              </flags>
        </test><test>
          <test-title>'shrink-to-fit' width of inline-block non-replaced elements - max-width</test-title>
          <test-href>inline-block-non-replaced-width-004.xht</test-href>
          <reference-value>=</reference-value>
          <reference-href>reference/absolute-non-replaced-width-017-ref.xht</reference-href>
          <flags>
              <flag>Ahem</flag>
              </flags>
        </test><test>
          <test-title>Inline-block replaced elements with 'margin-top' and 'margin-bottom' as 'auto'</test-title>
          <test-href>inline-block-replaced-height-001.xht</test-href>
          <reference-value>=</reference-value>
          <reference-href>reference/block-replaced-height-001-ref.xht</reference-href>
          <flags>
              <flag>Bitmaps</flag>
              </flags>
        </test><test>
          <test-title>Inline-block replaced elements relying on intrinsic height dimensions</test-title>
          <test-href>inline-block-replaced-height-002.xht</test-href>
          <reference-value>=</reference-value>
          <reference-href>reference/block-replaced-height-002-ref.xht</reference-href>
          <flags>
              <flag>Bitmaps</flag>
              </flags>
        </test><test>
          <test-title>Inline-block replaced elements with intrinsic ratio and 'height' set to 'auto'</test-title>
          <test-href>inline-block-replaced-height-003.xht</test-href>
          <reference-value>=</reference-value>
          <reference-href>reference/inline-block-replaced-height-003-ref.xht</reference-href>
          <flags>
              <flag>Bitmaps</flag>
              </flags>
        </test><test>
          <test-title>Inline-block replaced element without intrinsic ratio and 'height' set to 'auto'</test-title>
          <test-href>inline-block-replaced-height-004.xht</test-href>
          <reference-value>=</reference-value>
          <reference-href>reference/block-replaced-height-004-ref.xht</reference-href>
          
        </test><test>
          <test-title>Inline-block replaced elements with percentage based intrinsic height</test-title>
          <test-href>inline-block-replaced-height-005.xht</test-href>
          <reference-value>=</reference-value>
          <reference-href>reference/block-replaced-height-005-ref.xht</reference-href>
          
        </test><test>
          <test-title>Absolutely positioned inline-block replaced elements with percentage based height</test-title>
          <test-href>inline-block-replaced-height-006.xht</test-href>
          <reference-value>=</reference-value>
          <reference-href>reference/block-replaced-height-006-ref.xht</reference-href>
          <flags>
              <flag>SVG</flag>
              </flags>
        </test><test>
          <test-title>Inline-block replaced element with percentage based height that cannot be resolved</test-title>
          <test-href>inline-block-replaced-height-007.xht</test-href>
          <reference-value>=</reference-value>
          <reference-href>reference/block-replaced-height-004-ref.xht</reference-href>
          
        </test><test>
          <test-title>CSS Test: height of inline-block replaced element with no intrinsic height and no intrinsic ratio</test-title>
          <test-href>inline-block-replaced-height-009.xht</test-href>
          <reference-value>=</reference-value>
          <reference-href>reference/absolute-replaced-width-003b-ref.xht</reference-href>
          <flags>
              <flag>SVG</flag>
              </flags>
        </test><test>
          <test-title>Inline-block replaced elements and 'auto' specified for 'margin-left', 'margin-right' and intrinsic width</test-title>
          <test-href>inline-block-replaced-width-001.xht</test-href>
          <reference-value>=</reference-value>
          <reference-href>reference/inline-block-replaced-width-001-ref.xht</reference-href>
          <flags>
              <flag>Bitmaps</flag>
              </flags>
        </test><test>
          <test-title>Inline-block replaced elements and 'auto' specified for 'margin-left', 'margin-right' and intrinsic height</test-title>
          <test-href>inline-block-replaced-width-002.xht</test-href>
          <reference-value>=</reference-value>
          <reference-href>reference/inline-block-replaced-width-002-ref.xht</reference-href>
          <flags>
              <flag>SVG</flag>
              </flags>
        </test><test>
          <test-title>Inline-block replaced elements and 'auto' specified for 'margin-left', 'margin-right' and 'height'</test-title>
          <test-href>inline-block-replaced-width-003.xht</test-href>
          <reference-value>=</reference-value>
          <reference-href>reference/inline-block-replaced-width-003-ref.xht</reference-href>
          <flags>
              <flag>SVG</flag>
              </flags>
        </test><test>
          <test-title>Inline-block replaced elements and 'auto' specified for 'margin-left', 'margin-right' and percentage intrinsic width</test-title>
          <test-href>inline-block-replaced-width-006.xht</test-href>
          <reference-value>=</reference-value>
          <reference-href>reference/inline-block-replaced-width-006-ref.xht</reference-href>
          <flags>
              <flag>Bitmaps</flag>
              </flags>
        </test><test>
          <test-title>width of inline-block replaced element with no intrinsic height, no intrinsic width and no intrinsic ratio</test-title>
          <test-href>inline-block-replaced-width-007.xht</test-href>
          <reference-value>=</reference-value>
          <reference-href>reference/absolute-replaced-width-003a-ref.xht</reference-href>
          <flags>
              <flag>SVG</flag>
              </flags>
        </test><test>
          <test-title>CSS Test: width of inline-block replaced element with no intrinsic width and no intrinsic ratio</test-title>
          <test-href>inline-block-replaced-width-008.xht</test-href>
          <reference-value>=</reference-value>
          <reference-href>reference/absolute-replaced-width-003c-ref.xht</reference-href>
          <flags>
              <flag>SVG</flag>
              </flags>
        </test><test>
          <test-title>Test for vertical alignment on inline-block</test-title>
          <test-href>inline-block-valign-001.xht</test-href>
          <reference-value>=</reference-value>
          <reference-href>reference/inline-block-valign-001-ref.xht</reference-href>
          
        </test><test>
          <test-title>Test for vertical alignment on inline-block</test-title>
          <test-href>inline-block-valign-002.xht</test-href>
          <reference-value>=</reference-value>
          <reference-href>reference/inline-block-valign-002-ref.xht</reference-href>
          
        </test><test>
          <test-title>Test for 'width: auto' on inline-block</test-title>
          <test-href>inline-block-width-001a.xht</test-href>
          <reference-value>=</reference-value>
          <reference-href>reference/inline-block-width-001-ref.xht</reference-href>
          
        </test><test>
          <test-title>Test for 'width: auto' on inline-block</test-title>
          <test-href>inline-block-width-001b.xht</test-href>
          <reference-value>=</reference-value>
          <reference-href>reference/inline-block-width-001-ref.xht</reference-href>
          
        </test><test>
          <test-title>Test for 'width: auto' on inline-block</test-title>
          <test-href>inline-block-width-002a.xht</test-href>
          <reference-value>=</reference-value>
          <reference-href>reference/inline-block-width-002-ref.xht</reference-href>
          
        </test><test>
          <test-title>Test for 'width: &lt;length&gt;' on inline-block</test-title>
          <test-href>inline-block-width-002b.xht</test-href>
          <reference-value>=</reference-value>
          <reference-href>reference/inline-block-width-002-ref.xht</reference-href>
          
        </test><test>
          <test-title>Test for z-ordering of inline-block</test-title>
          <test-href>inline-block-zorder-001.xht</test-href>
          <reference-value>=</reference-value>
          <reference-href>reference/inline-block-zorder-001-ref.xht</reference-href>
          
        </test><test>
          <test-title>Test for z-ordering of inline-block</test-title>
          <test-href>inline-block-zorder-002.xht</test-href>
          <reference-value>=</reference-value>
          <reference-href>reference/inline-block-zorder-001-ref.xht</reference-href>
          
        </test><test>
          <test-title>Test for z-ordering of inline-block</test-title>
          <test-href>inline-block-zorder-003.xht</test-href>
          <reference-value>=</reference-value>
          <reference-href>reference/inline-block-zorder-003-ref.xht</reference-href>
          
        </test><test>
          <test-title>Test for z-ordering of inline-block</test-title>
          <test-href>inline-block-zorder-004.xht</test-href>
          <reference-value>=</reference-value>
          <reference-href>reference/inline-block-zorder-004-ref.xht</reference-href>
          
        </test><test>
          <test-title>Test for z-ordering of inline-block</test-title>
          <test-href>inline-block-zorder-005.xht</test-href>
          <reference-value>=</reference-value>
          <reference-href>reference/inline-block-zorder-004-ref.xht</reference-href>
          
        </test><test>
          <test-title>Inline box containing block boxes</test-title>
          <test-href>inline-box-001.xht</test-href>
          <reference-value>=</reference-value>
          <reference-href>reference/inline-box-001-ref.xht</reference-href>
          
        </test><test>
          <test-title>Block boxes within inline boxes are affected by positioning</test-title>
          <test-href>inline-box-002.xht</test-href>
          <reference-value>=</reference-value>
          <reference-href>reference/inline-box-002-ref.xht</reference-href>
          
        </test><test>
          <test-title>Inline formatting context and basic horizontal Layout</test-title>
          <test-href>inline-formatting-context-001.xht</test-href>
          <reference-value>=</reference-value>
          <reference-href>reference/inline-formatting-context-001-ref.xht</reference-href>
          
        </test><test>
          <test-title>Inline formatting context with a horizontal left margins</test-title>
          <test-href>inline-formatting-context-002.xht</test-href>
          <reference-value>=</reference-value>
          <reference-href>reference/inline-formatting-context-002-ref.xht</reference-href>
          
        </test><test>
          <test-title>Inline formatting context with a horizontal right margins</test-title>
          <test-href>inline-formatting-context-003.xht</test-href>
          <reference-value>=</reference-value>
          <reference-href>reference/inline-formatting-context-003-ref.xht</reference-href>
          
        </test><test>
          <test-title>Inline formatting context with a left border</test-title>
          <test-href>inline-formatting-context-004.xht</test-href>
          <reference-value>=</reference-value>
          <reference-href>reference/inline-formatting-context-002-ref.xht</reference-href>
          
        </test><test>
          <test-title>Inline formatting context with a right border</test-title>
          <test-href>inline-formatting-context-005.xht</test-href>
          <reference-value>=</reference-value>
          <reference-href>reference/inline-formatting-context-003-ref.xht</reference-href>
          
        </test><test>
          <test-title>Inline formatting context with left padding</test-title>
          <test-href>inline-formatting-context-006.xht</test-href>
          <reference-value>=</reference-value>
          <reference-href>reference/inline-formatting-context-002-ref.xht</reference-href>
          
        </test><test>
          <test-title>Inline formatting context with right padding</test-title>
          <test-href>inline-formatting-context-007.xht</test-href>
          <reference-value>=</reference-value>
          <reference-href>reference/inline-formatting-context-003-ref.xht</reference-href>
          
        </test><test>
          <test-title>Inline element widths are determined by the containing block</test-title>
          <test-href>inline-formatting-context-008.xht</test-href>
          <reference-value>=</reference-value>
          <reference-href>reference/inline-formatting-context-008-ref.xht</reference-href>
          <flags>
              <flag>Ahem</flag>
              </flags>
        </test><test>
          <test-title>Inline element widths are determined by the containing block and floated elements</test-title>
          <test-href>inline-formatting-context-009.xht</test-href>
          <reference-value>=</reference-value>
          <reference-href>reference/inline-formatting-context-009-ref.xht</reference-href>
          <flags>
              <flag>Ahem</flag>
              </flags>
        </test><test>
          <test-title>Vertical-align and alignment of inline boxes</test-title>
          <test-href>inline-formatting-context-011.xht</test-href>
          <reference-value>=</reference-value>
          <reference-href>reference/inline-formatting-context-011-ref.xht</reference-href>
          <flags>
              <flag>Ahem</flag>
              </flags>
        </test><test>
          <test-title>Inline boxes vertically stack if they do not fit horizontally</test-title>
          <test-href>inline-formatting-context-012.xht</test-href>
          <reference-value>=</reference-value>
          <reference-href>reference/after-content-display-002-ref.xht</reference-href>
          
        </test><test>
          <test-title>Wrapping inline boxes and vertical spacing</test-title>
          <test-href>inline-formatting-context-013.xht</test-href>
          <reference-value>=</reference-value>
          <reference-href>reference/inline-formatting-context-013-ref.xht</reference-href>
          <flags>
              <flag>Ahem</flag>
              </flags>
        </test><test>
          <test-title>Line boxes next to floats</test-title>
          <test-href>inline-formatting-context-015.xht</test-href>
          <reference-value>=</reference-value>
          <reference-href>reference/inline-formatting-context-015-ref.xht</reference-href>
          
        </test><test>
          <test-title>Inline boxes that are split and the margin, border, padding effect</test-title>
          <test-href>inline-formatting-context-022.xht</test-href>
          <reference-value>=</reference-value>
          <reference-href>reference/inline-formatting-context-022-ref.xht</reference-href>
          <flags>
              <flag>Ahem</flag><flag>Bitmaps</flag>
              </flags>
        </test><test>
          <test-title>Bidirectional text runs can create additional line boxes</test-title>
          <test-href>inline-formatting-context-023.xht</test-href>
          <reference-value>=</reference-value>
          <reference-href>reference/inline-formatting-context-023-ref.xht</reference-href>
          
        </test><test>
          <test-title>Inline non-replaced elements and padding</test-title>
          <test-href>inline-non-replaced-height-002.xht</test-href>
          <reference-value>=</reference-value>
          <reference-href>reference/inline-non-replaced-height-002-ref.xht</reference-href>
          <flags>
              <flag>Ahem</flag>
              </flags>
        </test><test>
          <test-title>Inline non-replaced elements and border</test-title>
          <test-href>inline-non-replaced-height-003.xht</test-href>
          <reference-value>=</reference-value>
          <reference-href>reference/inline-non-replaced-height-002-ref.xht</reference-href>
          <flags>
              <flag>Ahem</flag>
              </flags>
        </test><test>
          <test-title>Inline non-replaced elements with 'auto' value for 'left', 'right', and 'margin-left'</test-title>
          <test-href>inline-non-replaced-width-001.xht</test-href>
          <reference-value>=</reference-value>
          <reference-href>reference/inline-non-replaced-width-001-ref.xht</reference-href>
          <flags>
              <flag>Ahem</flag>
              </flags>
        </test><test>
          <test-title>Inline non-replaced elements with 'auto' value for 'left', 'right', and 'margin-right'</test-title>
          <test-href>inline-non-replaced-width-002.xht</test-href>
          <reference-value>=</reference-value>
          <reference-href>reference/inline-non-replaced-width-001-ref.xht</reference-href>
          <flags>
              <flag>Ahem</flag>
              </flags>
        </test><test>
          <test-title>Inline replaced elements with 'margin-top' and 'margin-bottom' as 'auto'</test-title>
          <test-href>inline-replaced-height-001.xht</test-href>
          <reference-value>=</reference-value>
          <reference-href>reference/block-replaced-height-001-ref.xht</reference-href>
          <flags>
              <flag>Bitmaps</flag>
              </flags>
        </test><test>
          <test-title>Inline replaced elements relying on intrinsic height dimensions</test-title>
          <test-href>inline-replaced-height-002.xht</test-href>
          <reference-value>=</reference-value>
          <reference-href>reference/block-replaced-height-002-ref.xht</reference-href>
          <flags>
              <flag>Bitmaps</flag>
              </flags>
        </test><test>
          <test-title>Inline replaced elements with intrinsic ratios and 'height' set to 'auto'</test-title>
          <test-href>inline-replaced-height-003.xht</test-href>
          <reference-value>=</reference-value>
          <reference-href>reference/inline-block-replaced-height-003-ref.xht</reference-href>
          <flags>
              <flag>Bitmaps</flag>
              </flags>
        </test><test>
          <test-title>Inline replaced elements without intrinsic ratios and 'height' set to 'auto'</test-title>
          <test-href>inline-replaced-height-004.xht</test-href>
          <reference-value>=</reference-value>
          <reference-href>reference/block-replaced-height-004-ref.xht</reference-href>
          
        </test><test>
          <test-title>Inline replaced elements with percentage based intrinsic height</test-title>
          <test-href>inline-replaced-height-005.xht</test-href>
          <reference-value>=</reference-value>
          <reference-href>reference/block-replaced-height-005-ref.xht</reference-href>
          
        </test><test>
          <test-title>Absolutely positioned inline replaced elements with percentage based intrinsic height</test-title>
          <test-href>inline-replaced-height-006.xht</test-href>
          <reference-value>=</reference-value>
          <reference-href>reference/block-replaced-height-006-ref.xht</reference-href>
          <flags>
              <flag>SVG</flag>
              </flags>
        </test><test>
          <test-title>Inline replaced elements with percentage based intrinsic height that cannot be resolved</test-title>
          <test-href>inline-replaced-height-007.xht</test-href>
          <reference-value>=</reference-value>
          <reference-href>reference/block-replaced-height-004-ref.xht</reference-href>
          
        </test><test>
          <test-title>CSS Test: height of inline replaced element with no intrinsic height and no intrinsic ratio</test-title>
          <test-href>inline-replaced-height-009.xht</test-href>
          <reference-value>=</reference-value>
          <reference-href>reference/absolute-replaced-width-003b-ref.xht</reference-href>
          <flags>
              <flag>SVG</flag>
              </flags>
        </test><test>
          <test-title>height - inline replaced element and max-width</test-title>
          <test-href>inline-replaced-height-010.xht</test-href>
          <reference-value>=</reference-value>
          <reference-href>reference/ref-filled-green-100px-square.xht</reference-href>
          <flags>
              <flag>Bitmaps</flag>
              </flags>
        </test><test>
          <test-title>height - inline replaced element and min-width</test-title>
          <test-href>inline-replaced-height-011.xht</test-href>
          <reference-value>=</reference-value>
          <reference-href>reference/ref-filled-green-100px-square.xht</reference-href>
          <flags>
              <flag>Bitmaps</flag>
              </flags>
        </test><test>
          <test-title>Inline replaced elements and 'auto' specified for 'margin-left', 'margin-right' and intrinsic width</test-title>
          <test-href>inline-replaced-width-001.xht</test-href>
          <reference-value>=</reference-value>
          <reference-href>reference/inline-replaced-width-001-ref.xht</reference-href>
          <flags>
              <flag>Bitmaps</flag>
              </flags>
        </test><test>
          <test-title>Inline replaced elements and 'auto' specified for 'margin-left', 'margin-right' and intrinsic height</test-title>
          <test-href>inline-replaced-width-002.xht</test-href>
          <reference-value>=</reference-value>
          <reference-href>reference/inline-replaced-width-002-ref.xht</reference-href>
          <flags>
              <flag>SVG</flag>
              </flags>
        </test><test>
          <test-title>Inline replaced elements and 'auto' specified for 'margin-left', 'margin-right' and 'height'</test-title>
          <test-href>inline-replaced-width-003.xht</test-href>
          <reference-value>=</reference-value>
          <reference-href>reference/inline-replaced-width-003-ref.xht</reference-href>
          <flags>
              <flag>SVG</flag>
              </flags>
        </test><test>
          <test-title>Inline replaced elements and 'auto' specified for 'margin-left', 'margin-right' and percentage intrinsic width</test-title>
          <test-href>inline-replaced-width-006.xht</test-href>
          <reference-value>=</reference-value>
          <reference-href>reference/inline-replaced-width-001-ref.xht</reference-href>
          <flags>
              <flag>Bitmaps</flag>
              </flags>
        </test><test>
          <test-title>width of inline replaced element with no intrinsic height, no intrinsic width and no intrinsic ratio</test-title>
          <test-href>inline-replaced-width-008.xht</test-href>
          <reference-value>=</reference-value>
          <reference-href>reference/absolute-replaced-width-003a-ref.xht</reference-href>
          <flags>
              <flag>SVG</flag>
              </flags>
        </test><test>
          <test-title>CSS Test: width of inline replaced element with no intrinsic width and no intrinsic ratio</test-title>
          <test-href>inline-replaced-width-009.xht</test-href>
          <reference-value>=</reference-value>
          <reference-href>reference/absolute-replaced-width-003c-ref.xht</reference-href>
          <flags>
              <flag>SVG</flag>
              </flags>
        </test><test>
          <test-title>Replaced inline elements with % widths</test-title>
          <test-href>inline-replaced-width-011.xht</test-href>
          <reference-value>=</reference-value>
          <reference-href>reference/inline-replaced-width-011-ref.xht</reference-href>
          <flags>
              <flag>Bitmaps</flag>
              </flags>
        </test><test>
          <test-title>Replaced inline elements wrapping around floats (% widths)</test-title>
          <test-href>inline-replaced-width-012.xht</test-href>
          <reference-value>=</reference-value>
          <reference-href>reference/inline-replaced-width-012-ref.xht</reference-href>
          <flags>
              <flag>Bitmaps</flag>
              </flags>
        </test><test>
          <test-title>Replaced inline elements wrapping around floats (pixel widths)</test-title>
          <test-href>inline-replaced-width-013.xht</test-href>
          <reference-value>=</reference-value>
          <reference-href>reference/inline-replaced-width-012-ref.xht</reference-href>
          <flags>
              <flag>Bitmaps</flag>
              </flags>
        </test><test>
          <test-title>Replaced inline elements with % widths</test-title>
          <test-href>inline-replaced-width-014.xht</test-href>
          <reference-value>=</reference-value>
          <reference-href>reference/inline-replaced-width-014-ref.xht</reference-href>
          <flags>
              <flag>Bitmaps</flag>
              </flags>
        </test><test>
          <test-title>Replaced inline elements wrapping around floats (% widths)</test-title>
          <test-href>inline-replaced-width-015.xht</test-href>
          <reference-value>=</reference-value>
          <reference-href>reference/inline-replaced-width-014-ref.xht</reference-href>
          <flags>
              <flag>Bitmaps</flag>
              </flags>
        </test><test>
          <test-title>width - inline replaced element and max-height</test-title>
          <test-href>inline-replaced-width-016.xht</test-href>
          <reference-value>=</reference-value>
          <reference-href>reference/ref-filled-green-100px-square.xht</reference-href>
          <flags>
              <flag>Bitmaps</flag>
              </flags>
        </test><test>
          <test-title>width - inline replaced element and min-height</test-title>
          <test-href>inline-replaced-width-017.xht</test-href>
          <reference-value>=</reference-value>
          <reference-href>reference/ref-filled-green-100px-square.xht</reference-href>
          <flags>
              <flag>Bitmaps</flag>
              </flags>
        </test><test>
          <test-title>SVG element with a view box with explicit 100% width and height should occupy the entire view port</test-title>
          <test-href>inline-svg-100-percent-in-body.xht</test-href>
          <reference-value>=</reference-value>
          <reference-href>reference/inline-svg-100-percent-in-body-ref.xht</reference-href>
          <flags>
              <flag>Bitmaps</flag><flag>SVG</flag>
              </flags>
        </test><test>
          <test-title>Propagating width and height attributes of an inline SVG element</test-title>
          <test-href>inline-svg-intrinsic-size-100-percent-1.xht</test-href>
          <reference-value>=</reference-value>
          <reference-href>reference/60x60-green.xht</reference-href>
          <flags>
              <flag>SVG</flag>
              </flags>
        </test><test>
          <test-title>Propagating width and height attributes of an inline SVG element</test-title>
          <test-href>inline-svg-intrinsic-size-100-percent-2.xht</test-href>
          <reference-value>=</reference-value>
          <reference-href>reference/60x60-green.xht</reference-href>
          <flags>
              <flag>SVG</flag>
              </flags>
        </test><test>
          <test-title>SVG element in HTML should respect margin, padding, and border properties</test-title>
          <test-href>inline-svg-margin-padding-border.xht</test-href>
          <reference-value>=</reference-value>
          <reference-href>reference/inline-svg-margin-padding-border-ref.xht</reference-href>
          <flags>
              <flag>SVG</flag>
              </flags>
        </test><test>
          <test-title>Test for inline-table</test-title>
          <test-href>inline-table-002a.xht</test-href>
          <reference-value>=</reference-value>
          <reference-href>reference/inline-table-002-ref.xht</reference-href>
          
        </test><test>
          <test-title>Test for inline-table</test-title>
          <test-href>inline-table-002b.xht</test-href>
          <reference-value>=</reference-value>
          <reference-href>reference/inline-table-002-ref.xht</reference-href>
          
        </test><test>
          <test-title>Test for inline-table</test-title>
          <test-href>inline-table-003.xht</test-href>
          <reference-value>=</reference-value>
          <reference-href>reference/inline-table-003-ref.xht</reference-href>
          
        </test><test>
          <test-title>inline-table alignment - central alignment with vertical layout</test-title>
          <test-href>inline-table-alignment-002.xht</test-href>
          <reference-value>=</reference-value>
          <reference-href>reference/inline-table-alignment-002-ref.xht</reference-href>
          <flags>
              <flag>Ahem</flag>
              </flags>
        </test><test>
          <test-title>inline-table alignment - central alignment with vertical layout</test-title>
          <test-href>inline-table-alignment-003.xht</test-href>
          <reference-value>=</reference-value>
          <reference-href>reference/inline-table-alignment-003-ref.xht</reference-href>
          <flags>
              <flag>Ahem</flag>
              </flags>
        </test><test>
          <test-title>inline-table alignment - central alignment with vertical layout</test-title>
          <test-href>inline-table-alignment-004.xht</test-href>
          <reference-value>=</reference-value>
          <reference-href>reference/inline-table-alignment-002-ref.xht</reference-href>
          <flags>
              <flag>Ahem</flag>
              </flags>
        </test><test>
          <test-title>inline-table alignment - central alignment with vertical layout</test-title>
          <test-href>inline-table-alignment-005.xht</test-href>
          <reference-value>=</reference-value>
          <reference-href>reference/inline-table-alignment-003-ref.xht</reference-href>
          <flags>
              <flag>Ahem</flag>
              </flags>
        </test><test>
          <test-title>Test for 'height: auto' on inline-table</test-title>
          <test-href>inline-table-height-001.xht</test-href>
          <reference-value>=</reference-value>
          <reference-href>reference/inline-table-height-001-ref.xht</reference-href>
          
        </test><test>
          <test-title>Test for 'height: &lt;length;&gt;' on inline-table</test-title>
          <test-href>inline-table-height-002.xht</test-href>
          <reference-value>=</reference-value>
          <reference-href>reference/inline-table-height-002-ref.xht</reference-href>
          
        </test><test>
          <test-title>Test for vertical alignment on inline-table</test-title>
          <test-href>inline-table-valign-001.xht</test-href>
          <reference-value>=</reference-value>
          <reference-href>reference/inline-table-valign-001-ref.xht</reference-href>
          
        </test><test>
          <test-title>vertical baseline alignment of an element with 'display' set to 'inline-table' with a 'border-bottom' and with a first row made of empty cells</test-title>
          <test-href>inline-table-valign-002.xht</test-href>
          <reference-value>=</reference-value>
          <reference-href>reference/inline-table-valign-002-ref.xht</reference-href>
          <flags>
              <flag>Ahem</flag>
              </flags>
        </test><test>
          <test-title>Test for 'width' shrink-wrapping on inline-table</test-title>
          <test-href>inline-table-width-001a.xht</test-href>
          <reference-value>=</reference-value>
          <reference-href>reference/inline-table-width-001-ref.xht</reference-href>
          
        </test><test>
          <test-title>Test for 'width' shrink-wrapping on inline-table</test-title>
          <test-href>inline-table-width-001b.xht</test-href>
          <reference-value>=</reference-value>
          <reference-href>reference/inline-table-width-001-ref.xht</reference-href>
          
        </test><test>
          <test-title>Test for 'width' shrink-wrapping on inline-table</test-title>
          <test-href>inline-table-width-002a.xht</test-href>
          <reference-value>=</reference-value>
          <reference-href>reference/inline-table-width-002-ref.xht</reference-href>
          
        </test><test>
          <test-title>Test for 'width' shrink-wrapping on inline-table</test-title>
          <test-href>inline-table-width-002b.xht</test-href>
          <reference-value>=</reference-value>
          <reference-href>reference/inline-table-width-002-ref.xht</reference-href>
          
        </test><test>
          <test-title>Test for z-ordering of inline-table</test-title>
          <test-href>inline-table-zorder-001.xht</test-href>
          <reference-value>=</reference-value>
          <reference-href>reference/inline-table-zorder-001-ref.xht</reference-href>
          
        </test><test>
          <test-title>Test for z-ordering of inline-table</test-title>
          <test-href>inline-table-zorder-002.xht</test-href>
          <reference-value>=</reference-value>
          <reference-href>reference/inline-table-zorder-001-ref.xht</reference-href>
          
        </test><test>
          <test-title>Test for z-ordering of inline-table</test-title>
          <test-href>inline-table-zorder-003.xht</test-href>
          <reference-value>=</reference-value>
          <reference-href>reference/inline-table-zorder-003-ref.xht</reference-href>
          
        </test><test>
          <test-title>Test for z-ordering of inline-table</test-title>
          <test-href>inline-table-zorder-004.xht</test-href>
          <reference-value>=</reference-value>
          <reference-href>reference/inline-table-zorder-004-ref.xht</reference-href>
          
        </test><test>
          <test-title>Test for z-ordering of inline-table</test-title>
          <test-href>inline-table-zorder-005.xht</test-href>
          <reference-value>=</reference-value>
          <reference-href>reference/inline-table-zorder-004-ref.xht</reference-href>
          
        </test><test>
          <test-title>CSS Inline Box Model: Layering Model</test-title>
          <test-href>inlines-002.xht</test-href>
          <reference-value>=</reference-value>
          <reference-href>reference/inlines-002-ref.xht</reference-href>
          
        </test><test>
          <test-title>Inline box model: space taken by images before floats</test-title>
          <test-href>inlines-013.xht</test-href>
          <reference-value>=</reference-value>
          <reference-href>reference/inlines-013-ref.xht</reference-href>
          <flags>
              <flag>Bitmaps</flag>
              </flags>
        </test><test>
          <test-title>Inline box model: space collapsing, padding, white-space, et al</test-title>
          <test-href>inlines-016.xht</test-href>
          <reference-value>=</reference-value>
          <reference-href>reference/inlines-016-ref.xht</reference-href>
          <flags>
              <flag>Ahem</flag>
              </flags>
        </test><test>
          <test-title>First line alignment</test-title>
          <test-href>inlines-017.xht</test-href>
          <reference-value>=</reference-value>
          <reference-href>reference/inlines-017-ref.xht</reference-href>
          <flags>
              <flag>Ahem</flag>
              </flags>
        </test><test>
          <test-title>CSS Inline Box Model: Empty inlines near the top of the document</test-title>
          <test-href>inlines-020.xht</test-href>
          <reference-value>=</reference-value>
          <reference-href>reference/inlines-020-ref.xht</reference-href>
          
        </test><test>
          <test-title>Insert a block-level element into an element that contains both blocks and inlines and directly into the block-of-blocks (and not into any anonymous block-of-inlines) at the beginning of the block-of-blocks</test-title>
          <test-href>insert-block-in-blocks-n-inlines-begin-001.xht</test-href>
          <reference-value>=</reference-value>
          <reference-href>reference/insert-block-in-blocks-n-inlines-begin-001-ref.xht</reference-href>
          <flags>
              <flag>Ahem</flag><flag>DOM/JS</flag>
              </flags>
        </test><test>
          <test-title>Insert a block-level element into an element that contains both blocks and inlines and directly into the block-of-blocks (and not into any anonymous block-of-inlines) at the beginning of the block-of-blocks</test-title>
          <test-href>insert-block-in-blocks-n-inlines-begin-002.xht</test-href>
          <reference-value>=</reference-value>
          <reference-href>reference/insert-block-in-blocks-n-inlines-begin-002-ref.xht</reference-href>
          <flags>
              <flag>Ahem</flag><flag>DOM/JS</flag>
              </flags>
        </test><test>
          <test-title>Insert a block-level element into an element that contains both blocks and inlines and directly into the block-of-blocks (and not into any anonymous block-of-inlines) at the beginning of the block-of-blocks</test-title>
          <test-href>insert-block-in-blocks-n-inlines-begin-003.xht</test-href>
          <reference-value>=</reference-value>
          <reference-href>reference/insert-block-in-blocks-n-inlines-begin-003-ref.xht</reference-href>
          <flags>
              <flag>Ahem</flag><flag>DOM/JS</flag>
              </flags>
        </test><test>
          <test-title>Insert a block-level element into an element that contains both blocks and inlines and directly into the block-of-blocks (and not into any anonymous block-of-inlines) at the end of the block-of-blocks</test-title>
          <test-href>insert-block-in-blocks-n-inlines-end-001.xht</test-href>
          <reference-value>=</reference-value>
          <reference-href>reference/insert-block-in-blocks-n-inlines-end-001-ref.xht</reference-href>
          <flags>
              <flag>Ahem</flag><flag>DOM/JS</flag>
              </flags>
        </test><test>
          <test-title>Insert a block-level element into an element that contains both blocks and inlines and directly into the block-of-blocks (and not into any anonymous block-of-inlines) at the end of the block-of-blocks</test-title>
          <test-href>insert-block-in-blocks-n-inlines-end-002.xht</test-href>
          <reference-value>=</reference-value>
          <reference-href>reference/insert-block-in-blocks-n-inlines-end-002-ref.xht</reference-href>
          <flags>
              <flag>Ahem</flag><flag>DOM/JS</flag>
              </flags>
        </test><test>
          <test-title>Insert a block-level element into an element that contains both blocks and inlines and directly into the block-of-blocks (and not into any anonymous block-of-inlines) at the end of the block-of-blocks</test-title>
          <test-href>insert-block-in-blocks-n-inlines-end-003.xht</test-href>
          <reference-value>=</reference-value>
          <reference-href>reference/insert-block-in-blocks-n-inlines-end-003-ref.xht</reference-href>
          <flags>
              <flag>Ahem</flag><flag>DOM/JS</flag>
              </flags>
        </test><test>
          <test-title>Insert a block-level element into an element that contains both blocks and inlines and directly into the block-of-blocks (and not into any anonymous block-of-inlines) in the middle of the block-of-blocks</test-title>
          <test-href>insert-block-in-blocks-n-inlines-middle-001.xht</test-href>
          <reference-value>=</reference-value>
          <reference-href>reference/insert-block-in-blocks-n-inlines-middle-001-ref.xht</reference-href>
          <flags>
              <flag>Ahem</flag><flag>DOM/JS</flag>
              </flags>
        </test><test>
          <test-title>Insert a block-level element into an element that contains both blocks and inlines and directly into the block-of-blocks (and not into any anonymous block-of-inlines) in the middle of the block-of-blocks</test-title>
          <test-href>insert-block-in-blocks-n-inlines-middle-002.xht</test-href>
          <reference-value>=</reference-value>
          <reference-href>reference/insert-block-in-blocks-n-inlines-middle-002-ref.xht</reference-href>
          <flags>
              <flag>Ahem</flag><flag>DOM/JS</flag>
              </flags>
        </test><test>
          <test-title>Insert a block-level element into an element that contains both blocks and inlines and directly into the block-of-blocks (and not into any anonymous block-of-inlines) in the middle of the block-of-blocks</test-title>
          <test-href>insert-block-in-blocks-n-inlines-middle-003.xht</test-href>
          <reference-value>=</reference-value>
          <reference-href>reference/insert-block-in-blocks-n-inlines-middle-003-ref.xht</reference-href>
          <flags>
              <flag>Ahem</flag><flag>DOM/JS</flag>
              </flags>
        </test><test>
          <test-title>Insert a block-level element into a block of inlines at its beginning</test-title>
          <test-href>insert-block-in-inlines-beginning-001.xht</test-href>
          <reference-value>=</reference-value>
          <reference-href>reference/insert-block-in-inlines-beginning-001-ref.xht</reference-href>
          <flags>
              <flag>Ahem</flag><flag>DOM/JS</flag>
              </flags>
        </test><test>
          <test-title>Insert a block-level element into a block of inlines at its end</test-title>
          <test-href>insert-block-in-inlines-end-001.xht</test-href>
          <reference-value>=</reference-value>
          <reference-href>reference/insert-block-in-inlines-end-001-ref.xht</reference-href>
          <flags>
              <flag>Ahem</flag><flag>DOM/JS</flag>
              </flags>
        </test><test>
          <test-title>Insert a block-level element into a block of inlines at its middle</test-title>
          <test-href>insert-block-in-inlines-middle-001.xht</test-href>
          <reference-value>=</reference-value>
          <reference-href>reference/insert-block-in-inlines-middle-001-ref.xht</reference-href>
          <flags>
              <flag>Ahem</flag><flag>DOM/JS</flag>
              </flags>
        </test><test>
          <test-title>Insert an inline-level element into a block of blocks at its beginning</test-title>
          <test-href>insert-inline-in-blocks-beginning-001.xht</test-href>
          <reference-value>=</reference-value>
          <reference-href>reference/insert-inline-in-blocks-beginning-001-ref.xht</reference-href>
          <flags>
              <flag>Ahem</flag><flag>DOM/JS</flag>
              </flags>
        </test><test>
          <test-title>Insert an inline-level element into a block of blocks at its end</test-title>
          <test-href>insert-inline-in-blocks-end-001.xht</test-href>
          <reference-value>=</reference-value>
          <reference-href>reference/insert-inline-in-blocks-end-001-ref.xht</reference-href>
          <flags>
              <flag>Ahem</flag><flag>DOM/JS</flag>
              </flags>
        </test><test>
          <test-title>Insert an inline-level element into a block of blocks at its middle</test-title>
          <test-href>insert-inline-in-blocks-middle-001.xht</test-href>
          <reference-value>=</reference-value>
          <reference-href>reference/insert-inline-in-blocks-middle-001-ref.xht</reference-href>
          <flags>
              <flag>Ahem</flag><flag>DOM/JS</flag>
              </flags>
        </test><test>
          <test-title>Insert an inline-level element into a block of blocks at its middle</test-title>
          <test-href>insert-inline-in-blocks-middle-002.xht</test-href>
          <reference-value>=</reference-value>
          <reference-href>reference/insert-inline-in-blocks-middle-002-ref.xht</reference-href>
          <flags>
              <flag>Ahem</flag><flag>DOM/JS</flag>
              </flags>
        </test><test>
          <test-title>Insert an inline-level element into an element that contains both blocks and inlines and directly into the block-of-inlines at its beginning</test-title>
          <test-href>insert-inline-in-blocks-n-inlines-begin-001.xht</test-href>
          <reference-value>=</reference-value>
          <reference-href>reference/insert-inline-in-blocks-n-inlines-begin-001-ref.xht</reference-href>
          <flags>
              <flag>Ahem</flag><flag>DOM/JS</flag>
              </flags>
        </test><test>
          <test-title>Insert an inline-level element into an element that contains both blocks and inlines and directly into the block-of-inlines at its beginning</test-title>
          <test-href>insert-inline-in-blocks-n-inlines-begin-002.xht</test-href>
          <reference-value>=</reference-value>
          <reference-href>reference/insert-inline-in-blocks-n-inlines-begin-002-ref.xht</reference-href>
          <flags>
              <flag>Ahem</flag><flag>DOM/JS</flag>
              </flags>
        </test><test>
          <test-title>Insert an inline-level element into an element that contains both blocks and inlines and directly into the block-of-inlines at its beginning</test-title>
          <test-href>insert-inline-in-blocks-n-inlines-begin-003.xht</test-href>
          <reference-value>=</reference-value>
          <reference-href>reference/insert-inline-in-blocks-n-inlines-begin-003-ref.xht</reference-href>
          <flags>
              <flag>Ahem</flag><flag>DOM/JS</flag>
              </flags>
        </test><test>
          <test-title>Insert an inline-level element into an element that contains both blocks and inlines and directly into the block-of-inlines at its end</test-title>
          <test-href>insert-inline-in-blocks-n-inlines-end-001.xht</test-href>
          <reference-value>=</reference-value>
          <reference-href>reference/insert-inline-in-blocks-n-inlines-end-001-ref.xht</reference-href>
          <flags>
              <flag>Ahem</flag><flag>DOM/JS</flag>
              </flags>
        </test><test>
          <test-title>Insert an inline-level element into an element that contains both blocks and inlines and directly into the block-of-inlines at its end</test-title>
          <test-href>insert-inline-in-blocks-n-inlines-end-002.xht</test-href>
          <reference-value>=</reference-value>
          <reference-href>reference/insert-inline-in-blocks-n-inlines-end-002-ref.xht</reference-href>
          <flags>
              <flag>Ahem</flag><flag>DOM/JS</flag>
              </flags>
        </test><test>
          <test-title>Insert an inline-level element into an element that contains both blocks and inlines and directly into the block-of-inlines at its end</test-title>
          <test-href>insert-inline-in-blocks-n-inlines-end-003.xht</test-href>
          <reference-value>=</reference-value>
          <reference-href>reference/insert-inline-in-blocks-n-inlines-end-003-ref.xht</reference-href>
          <flags>
              <flag>Ahem</flag><flag>DOM/JS</flag>
              </flags>
        </test><test>
          <test-title>Insert an inline-level element into an element that contains both blocks and inlines and directly into the block-of-inlines at its middle</test-title>
          <test-href>insert-inline-in-blocks-n-inlines-middle-001.xht</test-href>
          <reference-value>=</reference-value>
          <reference-href>reference/insert-inline-in-blocks-n-inlines-middle-001-ref.xht</reference-href>
          <flags>
              <flag>Ahem</flag><flag>DOM/JS</flag>
              </flags>
        </test><test>
          <test-title>Insert an inline-level element into an element that contains both blocks and inlines and directly into the block-of-inlines at its middle</test-title>
          <test-href>insert-inline-in-blocks-n-inlines-middle-002.xht</test-href>
          <reference-value>=</reference-value>
          <reference-href>reference/insert-inline-in-blocks-n-inlines-middle-002-ref.xht</reference-href>
          <flags>
              <flag>Ahem</flag><flag>DOM/JS</flag>
              </flags>
        </test><test>
          <test-title>Insert an inline-level element into an element that contains both blocks and inlines and directly into the block-of-inlines at its middle</test-title>
          <test-href>insert-inline-in-blocks-n-inlines-middle-003.xht</test-href>
          <reference-value>=</reference-value>
          <reference-href>reference/insert-inline-in-blocks-n-inlines-middle-003-ref.xht</reference-href>
          <flags>
              <flag>Ahem</flag><flag>DOM/JS</flag>
              </flags>
        </test><test>
          <test-title>Parser error handling with invalid at-rules: @ invalid selector invalidates entire block</test-title>
          <test-href>invalid-at-rule-001.xht</test-href>
          <reference-value>=</reference-value>
          <reference-href>reference/no-red-filler-text-ref.xht</reference-href>
          <flags>
              <flag>Invalid</flag>
              </flags>
        </test><test>
          <test-title>Parsing invalid declarations in at-rules where valid declaration precedes an invalid rule</test-title>
          <test-href>invalid-decl-at-rule-001.xht</test-href>
          <reference-value>=</reference-value>
          <reference-href>reference/filler-text-below-green.xht</reference-href>
          <flags>
              <flag>Invalid</flag>
              </flags>
        </test><test>
          <test-title>Parsing invalid declarations in at-rules where valid declaration follows invalid rule</test-title>
          <test-href>invalid-decl-at-rule-002.xht</test-href>
          <reference-value>=</reference-value>
          <reference-href>reference/filler-text-below-green.xht</reference-href>
          <flags>
              <flag>Invalid</flag>
              </flags>
        </test><test>
          <test-title>Keywords v. Strings (background)</test-title>
          <test-href>keywords-000.xht</test-href>
          <reference-value>=</reference-value>
          <reference-href>reference/ref-green-background.xht</reference-href>
          
        </test><test>
          <test-title>Keywords v. Strings (width)</test-title>
          <test-href>keywords-001.xht</test-href>
          <reference-value>=</reference-value>
          <reference-href>reference/keywords-001-ref.xht</reference-href>
          
        </test><test>
          <test-title>Empty :lang selector</test-title>
          <test-href>lang-selector-002.xht</test-href>
          <reference-value>=</reference-value>
          <reference-href>reference/no-red-filler-text-ref.xht</reference-href>
          <flags>
              <flag>Invalid</flag>
              </flags>
        </test><test>
          <test-title>Invalid language name for :lang selector</test-title>
          <test-href>lang-selector-003.xht</test-href>
          <reference-value>=</reference-value>
          <reference-href>reference/filler-text-below-green.xht</reference-href>
          
        </test><test>
          <test-title>Leading and half leading line heights</test-title>
          <test-href>leading-001.xht</test-href>
          <reference-value>=</reference-value>
          <reference-href>reference/leading-001-ref.xht</reference-href>
          <flags>
              <flag>Ahem</flag>
              </flags>
        </test><test>
          <test-title>Left using pixels with a value of negative zero, -0px</test-title>
          <test-href>left-004.xht</test-href>
          <reference-value>=</reference-value>
          <reference-href>reference/left-004-ref.xht</reference-href>
          
        </test><test>
          <test-title>Left using pixels with a value of zero, 0px</test-title>
          <test-href>left-005.xht</test-href>
          <reference-value>=</reference-value>
          <reference-href>reference/left-004-ref.xht</reference-href>
          
        </test><test>
          <test-title>Left using pixels with a value of positive zero, +0px</test-title>
          <test-href>left-006.xht</test-href>
          <reference-value>=</reference-value>
          <reference-href>reference/left-004-ref.xht</reference-href>
          
        </test><test>
          <test-title>Left using pixels with a nominal value, 96px</test-title>
          <test-href>left-007.xht</test-href>
          <reference-value>=</reference-value>
          <reference-href>reference/left-007-ref.xht</reference-href>
          
        </test><test>
          <test-title>Left using pixels with a positive nominal value, +96px</test-title>
          <test-href>left-008.xht</test-href>
          <reference-value>=</reference-value>
          <reference-href>reference/left-007-ref.xht</reference-href>
          
        </test><test>
          <test-title>Left using points with a value of negative zero, -0pt</test-title>
          <test-href>left-016.xht</test-href>
          <reference-value>=</reference-value>
          <reference-href>reference/left-004-ref.xht</reference-href>
          
        </test><test>
          <test-title>Left using points with a value of zero, 0pt</test-title>
          <test-href>left-017.xht</test-href>
          <reference-value>=</reference-value>
          <reference-href>reference/left-004-ref.xht</reference-href>
          
        </test><test>
          <test-title>Left using points with a value of positive zero, +0pt</test-title>
          <test-href>left-018.xht</test-href>
          <reference-value>=</reference-value>
          <reference-href>reference/left-004-ref.xht</reference-href>
          
        </test><test>
          <test-title>Left using points with a nominal value, 72pt</test-title>
          <test-href>left-019.xht</test-href>
          <reference-value>=</reference-value>
          <reference-href>reference/ref-black-96px-square-no-red.xht</reference-href>
          
        </test><test>
          <test-title>Left using points with a positive nominal value, +72pt</test-title>
          <test-href>left-020.xht</test-href>
          <reference-value>=</reference-value>
          <reference-href>reference/ref-black-96px-square-no-red.xht</reference-href>
          
        </test><test>
          <test-title>Left using picas with a value of negative zero, -0pc</test-title>
          <test-href>left-028.xht</test-href>
          <reference-value>=</reference-value>
          <reference-href>reference/left-004-ref.xht</reference-href>
          
        </test><test>
          <test-title>Left using picas with a value of zero, 0pc</test-title>
          <test-href>left-029.xht</test-href>
          <reference-value>=</reference-value>
          <reference-href>reference/left-004-ref.xht</reference-href>
          
        </test><test>
          <test-title>Left using picas with a value of positive zero, +0pc</test-title>
          <test-href>left-030.xht</test-href>
          <reference-value>=</reference-value>
          <reference-href>reference/left-004-ref.xht</reference-href>
          
        </test><test>
          <test-title>Left using picas with a nominal value, 6pc</test-title>
          <test-href>left-031.xht</test-href>
          <reference-value>=</reference-value>
          <reference-href>reference/left-031-ref.xht</reference-href>
          
        </test><test>
          <test-title>Left using picas with a positive nominal value, +6pc</test-title>
          <test-href>left-032.xht</test-href>
          <reference-value>=</reference-value>
          <reference-href>reference/left-031-ref.xht</reference-href>
          
        </test><test>
          <test-title>Left using centimeters with a value of negative zero, -0cm</test-title>
          <test-href>left-040.xht</test-href>
          <reference-value>=</reference-value>
          <reference-href>reference/left-004-ref.xht</reference-href>
          
        </test><test>
          <test-title>Left using centimeters with a value of zero, 0cm</test-title>
          <test-href>left-041.xht</test-href>
          <reference-value>=</reference-value>
          <reference-href>reference/left-004-ref.xht</reference-href>
          
        </test><test>
          <test-title>Left using centimeters with a value of positive zero, +0cm</test-title>
          <test-href>left-042.xht</test-href>
          <reference-value>=</reference-value>
          <reference-href>reference/left-004-ref.xht</reference-href>
          
        </test><test>
          <test-title>Left using centimeters with a nominal value, 2.54cm</test-title>
          <test-href>left-043.xht</test-href>
          <reference-value>=</reference-value>
          <reference-href>reference/ref-black-96px-square-no-red.xht</reference-href>
          
        </test><test>
          <test-title>Left using centimeters with a positive nominal value, +2.54cm</test-title>
          <test-href>left-044.xht</test-href>
          <reference-value>=</reference-value>
          <reference-href>reference/ref-black-96px-square-no-red.xht</reference-href>
          
        </test><test>
          <test-title>Left using millimeters with a value of negative zero, -0mm</test-title>
          <test-href>left-052.xht</test-href>
          <reference-value>=</reference-value>
          <reference-href>reference/left-004-ref.xht</reference-href>
          
        </test><test>
          <test-title>Left using millimeters with a value of zero, 0mm</test-title>
          <test-href>left-053.xht</test-href>
          <reference-value>=</reference-value>
          <reference-href>reference/left-004-ref.xht</reference-href>
          
        </test><test>
          <test-title>Left using millimeters with a value of positive zero, +0mm</test-title>
          <test-href>left-054.xht</test-href>
          <reference-value>=</reference-value>
          <reference-href>reference/left-004-ref.xht</reference-href>
          
        </test><test>
          <test-title>Left using millimeters with a nominal value, 25.4mm</test-title>
          <test-href>left-055.xht</test-href>
          <reference-value>=</reference-value>
          <reference-href>reference/ref-black-96px-square-no-red.xht</reference-href>
          
        </test><test>
          <test-title>Left using millimeters with a positive nominal value, +25.4mm</test-title>
          <test-href>left-056.xht</test-href>
          <reference-value>=</reference-value>
          <reference-href>reference/ref-black-96px-square-no-red.xht</reference-href>
          
        </test><test>
          <test-title>Left using inches with a value of negative zero, -0in</test-title>
          <test-href>left-064.xht</test-href>
          <reference-value>=</reference-value>
          <reference-href>reference/left-004-ref.xht</reference-href>
          
        </test><test>
          <test-title>Left using inches with a value of zero, 0in</test-title>
          <test-href>left-065.xht</test-href>
          <reference-value>=</reference-value>
          <reference-href>reference/left-004-ref.xht</reference-href>
          
        </test><test>
          <test-title>Left using inches with a value of positive zero, +0in</test-title>
          <test-href>left-066.xht</test-href>
          <reference-value>=</reference-value>
          <reference-href>reference/left-004-ref.xht</reference-href>
          
        </test><test>
          <test-title>Left using inches with a nominal value, 1in</test-title>
          <test-href>left-067.xht</test-href>
          <reference-value>=</reference-value>
          <reference-href>reference/ref-black-96px-square-no-red.xht</reference-href>
          
        </test><test>
          <test-title>Left using inches with a positive nominal value, +1in</test-title>
          <test-href>left-068.xht</test-href>
          <reference-value>=</reference-value>
          <reference-href>reference/ref-black-96px-square-no-red.xht</reference-href>
          
        </test><test>
          <test-title>Left using 'em' units with a value of negative zero, -0em</test-title>
          <test-href>left-076.xht</test-href>
          <reference-value>=</reference-value>
          <reference-href>reference/left-004-ref.xht</reference-href>
          <flags>
              <flag>Ahem</flag>
              </flags>
        </test><test>
          <test-title>Left using 'em' units with a value of zero, 0em</test-title>
          <test-href>left-077.xht</test-href>
          <reference-value>=</reference-value>
          <reference-href>reference/left-004-ref.xht</reference-href>
          <flags>
              <flag>Ahem</flag>
              </flags>
        </test><test>
          <test-title>Left using 'em' units with a value of positive zero, +0em</test-title>
          <test-href>left-078.xht</test-href>
          <reference-value>=</reference-value>
          <reference-href>reference/left-004-ref.xht</reference-href>
          <flags>
              <flag>Ahem</flag>
              </flags>
        </test><test>
          <test-title>Left using 'em' units with a nominal value, 6em</test-title>
          <test-href>left-079.xht</test-href>
          <reference-value>=</reference-value>
          <reference-href>reference/left-079-ref.xht</reference-href>
          <flags>
              <flag>Ahem</flag>
              </flags>
        </test><test>
          <test-title>Left using 'em' units with a positive nominal value, +6em</test-title>
          <test-href>left-080.xht</test-href>
          <reference-value>=</reference-value>
          <reference-href>reference/left-079-ref.xht</reference-href>
          <flags>
              <flag>Ahem</flag>
              </flags>
        </test><test>
          <test-title>Left using 'ex' units with a value of negative zero, -0ex</test-title>
          <test-href>left-088.xht</test-href>
          <reference-value>=</reference-value>
          <reference-href>reference/left-004-ref.xht</reference-href>
          <flags>
              <flag>Ahem</flag>
              </flags>
        </test><test>
          <test-title>Left using 'ex' units with a value of zero, 0ex</test-title>
          <test-href>left-089.xht</test-href>
          <reference-value>=</reference-value>
          <reference-href>reference/left-004-ref.xht</reference-href>
          <flags>
              <flag>Ahem</flag>
              </flags>
        </test><test>
          <test-title>Left using 'ex' units with a value of positive zero, +0ex</test-title>
          <test-href>left-090.xht</test-href>
          <reference-value>=</reference-value>
          <reference-href>reference/left-004-ref.xht</reference-href>
          <flags>
              <flag>Ahem</flag>
              </flags>
        </test><test>
          <test-title>Left using 'ex' units with a nominal value, 6ex</test-title>
          <test-href>left-091.xht</test-href>
          <reference-value>=</reference-value>
          <reference-href>reference/ref-black-96px-square-no-red.xht</reference-href>
          <flags>
              <flag>Ahem</flag>
              </flags>
        </test><test>
          <test-title>Left using 'ex' units with a positive nominal value, +6ex</test-title>
          <test-href>left-092.xht</test-href>
          <reference-value>=</reference-value>
          <reference-href>reference/ref-black-96px-square-no-red.xht</reference-href>
          <flags>
              <flag>Ahem</flag>
              </flags>
        </test><test>
          <test-title>Left using percentages with a value of negative zero, -0%</test-title>
          <test-href>left-100.xht</test-href>
          <reference-value>=</reference-value>
          <reference-href>reference/left-004-ref.xht</reference-href>
          
        </test><test>
          <test-title>Left using percentages with a value of zero, 0%</test-title>
          <test-href>left-101.xht</test-href>
          <reference-value>=</reference-value>
          <reference-href>reference/left-004-ref.xht</reference-href>
          
        </test><test>
          <test-title>Left using percentages with a value of positive zero, +0%</test-title>
          <test-href>left-102.xht</test-href>
          <reference-value>=</reference-value>
          <reference-href>reference/left-004-ref.xht</reference-href>
          
        </test><test>
          <test-title>Left using percentages with a nominal value, 100%</test-title>
          <test-href>left-103.xht</test-href>
          <reference-value>=</reference-value>
          <reference-href>reference/ref-black-96px-square-no-red.xht</reference-href>
          
        </test><test>
          <test-title>Left using percentages with a positive nominal value, +100%</test-title>
          <test-href>left-104.xht</test-href>
          <reference-value>=</reference-value>
          <reference-href>reference/ref-black-96px-square-no-red.xht</reference-href>
          
        </test><test>
          <test-title>Left with a value of negative zero and no units, -0</test-title>
          <test-href>left-109.xht</test-href>
          <reference-value>=</reference-value>
          <reference-href>reference/left-004-ref.xht</reference-href>
          
        </test><test>
          <test-title>Left with a value of zero and no units, 0</test-title>
          <test-href>left-110.xht</test-href>
          <reference-value>=</reference-value>
          <reference-href>reference/left-004-ref.xht</reference-href>
          
        </test><test>
          <test-title>Left with a value of positive zero and no units, +0</test-title>
          <test-href>left-111.xht</test-href>
          <reference-value>=</reference-value>
          <reference-href>reference/left-004-ref.xht</reference-href>
          
        </test><test>
          <test-title>Left with a value of 'auto'</test-title>
          <test-href>left-112.xht</test-href>
          <reference-value>=</reference-value>
          <reference-href>reference/left-004-ref.xht</reference-href>
          
        </test><test>
          <test-title>Left with a value of 'inherit'</test-title>
          <test-href>left-113.xht</test-href>
          <reference-value>=</reference-value>
          <reference-href>reference/left-113-ref.xht</reference-href>
          
        </test><test>
          <test-title>Left applied to element with 'display' set to 'table-row-group'</test-title>
          <test-href>left-applies-to-001.xht</test-href>
          <reference-value>=</reference-value>
          <reference-href>reference/left-applies-to-001-ref.xht</reference-href>
          
        </test><test>
          <test-title>Left applied to element with 'display' set to 'table-header-group'</test-title>
          <test-href>left-applies-to-002.xht</test-href>
          <reference-value>=</reference-value>
          <reference-href>reference/left-applies-to-001-ref.xht</reference-href>
          
        </test><test>
          <test-title>Left applied to element with 'display' set to 'table-footer-group'</test-title>
          <test-href>left-applies-to-003.xht</test-href>
          <reference-value>=</reference-value>
          <reference-href>reference/left-applies-to-001-ref.xht</reference-href>
          
        </test><test>
          <test-title>Left applied to element with 'display' set to 'table-row'</test-title>
          <test-href>left-applies-to-004.xht</test-href>
          <reference-value>=</reference-value>
          <reference-href>reference/left-applies-to-001-ref.xht</reference-href>
          
        </test><test>
          <test-title>Left applied to element with 'display' set to 'table-column-group'</test-title>
          <test-href>left-applies-to-005.xht</test-href>
          <reference-value>=</reference-value>
          <reference-href>reference/left-applies-to-001-ref.xht</reference-href>
          
        </test><test>
          <test-title>Left applied to element with 'display' set to 'table-column'</test-title>
          <test-href>left-applies-to-006.xht</test-href>
          <reference-value>=</reference-value>
          <reference-href>reference/left-applies-to-001-ref.xht</reference-href>
          
        </test><test>
          <test-title>Left applied to element with 'display' set to 'table-cell'</test-title>
          <test-href>left-applies-to-007.xht</test-href>
          <reference-value>=</reference-value>
          <reference-href>reference/left-applies-to-001-ref.xht</reference-href>
          
        </test><test>
          <test-title>Left applied to element with 'display' set to block</test-title>
          <test-href>left-applies-to-009.xht</test-href>
          <reference-value>=</reference-value>
          <reference-href>reference/left-applies-to-001-ref.xht</reference-href>
          
        </test><test>
          <test-title>Left applied to element with 'display' set to inline-block</test-title>
          <test-href>left-applies-to-012.xht</test-href>
          <reference-value>=</reference-value>
          <reference-href>reference/left-applies-to-001-ref.xht</reference-href>
          
        </test><test>
          <test-title>Left applied to element with 'display' set to 'table'</test-title>
          <test-href>left-applies-to-013.xht</test-href>
          <reference-value>=</reference-value>
          <reference-href>reference/left-applies-to-001-ref.xht</reference-href>
          
        </test><test>
          <test-title>Left applied to element with 'display' set to 'inline-table'</test-title>
          <test-href>left-applies-to-014.xht</test-href>
          <reference-value>=</reference-value>
          <reference-href>reference/left-applies-to-001-ref.xht</reference-href>
          
        </test><test>
          <test-title>Left applied to element with 'display' set to 'table-caption'</test-title>
          <test-href>left-applies-to-015.xht</test-href>
          <reference-value>=</reference-value>
          <reference-href>reference/left-applies-to-001-ref.xht</reference-href>
          
        </test><test>
          <test-title>Absolute positioned elements with a left offset</test-title>
          <test-href>left-offset-001.xht</test-href>
          <reference-value>=</reference-value>
          <reference-href>reference/left-offset-001-ref.xht</reference-href>
          
        </test><test>
          <test-title>Position 'left' offset property - absolute length value and relative positioning</test-title>
          <test-href>left-offset-002.xht</test-href>
          <reference-value>=</reference-value>
          <reference-href>reference/left-offset-001-ref.xht</reference-href>
          
        </test><test>
          <test-title>'left' property defines the offset from the left edge of the containing block</test-title>
          <test-href>left-offset-003.xht</test-href>
          <reference-value>=</reference-value>
          <reference-href>reference/left-offset-003-ref.xht</reference-href>
          
        </test><test>
          <test-title>Left offset using percentage</test-title>
          <test-href>left-offset-percentage-001.xht</test-href>
          <reference-value>=</reference-value>
          <reference-href>reference/left-offset-percentage-001-ref.xht</reference-href>
          
        </test><test>
          <test-title>position absolute - left offset percentage and inherit</test-title>
          <test-href>left-offset-percentage-002.xht</test-href>
          <reference-value>=</reference-value>
          <reference-href>reference/left-offset-percentage-002-ref.xht</reference-href>
          
        </test><test>
          <test-title>left:auto offset of position:fixed box in a position:relative containing block</test-title>
          <test-href>left-offset-position-fixed-001.xht</test-href>
          <reference-value>=</reference-value>
          <reference-href>reference/left-offset-position-fixed-001-ref.xht</reference-href>
          
        </test><test>
          <test-title>Height for inline replaced elements and 'line-height'</test-title>
          <test-href>line-box-height-002.xht</test-href>
          <reference-value>=</reference-value>
          <reference-href>reference/line-box-height-002-ref.xht</reference-href>
          <flags>
              <flag>Bitmaps</flag>
              </flags>
        </test><test>
          <test-title>Line breaking and the bidi algorithm</test-title>
          <test-href>line-breaking-bidi-001.xht</test-href>
          <reference-value>=</reference-value>
          <reference-href>reference/line-breaking-bidi-001-ref.xht</reference-href>
          <flags>
              <flag>Ahem</flag>
              </flags>
        </test><test>
          <test-title>Line breaking and the bidi algorithm (with hebrew character)</test-title>
          <test-href>line-breaking-bidi-002.xht</test-href>
          <reference-value>=</reference-value>
          <reference-href>reference/line-breaking-bidi-002-ref.xht</reference-href>
          <flags>
              <flag>Ahem</flag>
              </flags>
        </test><test>
          <test-title>Line breaking and the bidi algorithm (no breaks)</test-title>
          <test-href>line-breaking-bidi-003.xht</test-href>
          <reference-value>=</reference-value>
          <reference-href>reference/line-breaking-bidi-003-ref.xht</reference-href>
          <flags>
              <flag>Ahem</flag>
              </flags>
        </test><test>
          <test-title>Line-height using pixels with a minimum value, 0px</test-title>
          <test-href>line-height-002.xht</test-href>
          <reference-value>=</reference-value>
          <reference-href>reference/line-height-002-ref.xht</reference-href>
          <flags>
              <flag>Ahem</flag>
              </flags>
        </test><test>
          <test-title>Line-height using pixels with a negative zero value, -0px</test-title>
          <test-href>line-height-004.xht</test-href>
          <reference-value>=</reference-value>
          <reference-href>reference/line-height-002-ref.xht</reference-href>
          <flags>
              <flag>Ahem</flag>
              </flags>
        </test><test>
          <test-title>Line-height using pixels with a positive zero value, +0px</test-title>
          <test-href>line-height-005.xht</test-href>
          <reference-value>=</reference-value>
          <reference-href>reference/line-height-002-ref.xht</reference-href>
          <flags>
              <flag>Ahem</flag>
              </flags>
        </test><test>
          <test-title>Line-height using pixels with a nominal value, 96px</test-title>
          <test-href>line-height-006.xht</test-href>
          <reference-value>=</reference-value>
          <reference-href>reference/line-height-006-ref.xht</reference-href>
          <flags>
              <flag>Ahem</flag>
              </flags>
        </test><test>
          <test-title>Line-height using pixels with a positive nominal value, +96px</test-title>
          <test-href>line-height-007.xht</test-href>
          <reference-value>=</reference-value>
          <reference-href>reference/line-height-006-ref.xht</reference-href>
          <flags>
              <flag>Ahem</flag>
              </flags>
        </test><test>
          <test-title>Line-height using points with a minimum value, 0pt</test-title>
          <test-href>line-height-013.xht</test-href>
          <reference-value>=</reference-value>
          <reference-href>reference/line-height-002-ref.xht</reference-href>
          <flags>
              <flag>Ahem</flag>
              </flags>
        </test><test>
          <test-title>Line-height using points with a negative zero value, -0pt</test-title>
          <test-href>line-height-015.xht</test-href>
          <reference-value>=</reference-value>
          <reference-href>reference/line-height-002-ref.xht</reference-href>
          <flags>
              <flag>Ahem</flag>
              </flags>
        </test><test>
          <test-title>Line-height using points with a positive zero value, +0pt</test-title>
          <test-href>line-height-016.xht</test-href>
          <reference-value>=</reference-value>
          <reference-href>reference/line-height-002-ref.xht</reference-href>
          <flags>
              <flag>Ahem</flag>
              </flags>
        </test><test>
          <test-title>Line-height using points with a nominal value, 72pt</test-title>
          <test-href>line-height-017.xht</test-href>
          <reference-value>=</reference-value>
          <reference-href>reference/line-height-006-ref.xht</reference-href>
          <flags>
              <flag>Ahem</flag>
              </flags>
        </test><test>
          <test-title>Line-height using points with a positive nominal value, +72pt</test-title>
          <test-href>line-height-018.xht</test-href>
          <reference-value>=</reference-value>
          <reference-href>reference/line-height-006-ref.xht</reference-href>
          <flags>
              <flag>Ahem</flag>
              </flags>
        </test><test>
          <test-title>Line-height using picas with a minimum value, 0pc</test-title>
          <test-href>line-height-024.xht</test-href>
          <reference-value>=</reference-value>
          <reference-href>reference/line-height-002-ref.xht</reference-href>
          <flags>
              <flag>Ahem</flag>
              </flags>
        </test><test>
          <test-title>Line-height using picas with a minimum plus one value, 1pc</test-title>
          <test-href>line-height-025.xht</test-href>
          <reference-value>=</reference-value>
          <reference-href>reference/line-height-025-ref.xht</reference-href>
          <flags>
              <flag>Ahem</flag>
              </flags>
        </test><test>
          <test-title>Line-height using picas with a negative zero value, -0pc</test-title>
          <test-href>line-height-026.xht</test-href>
          <reference-value>=</reference-value>
          <reference-href>reference/line-height-002-ref.xht</reference-href>
          <flags>
              <flag>Ahem</flag>
              </flags>
        </test><test>
          <test-title>Line-height using picas with a positive zero value, +0pc</test-title>
          <test-href>line-height-027.xht</test-href>
          <reference-value>=</reference-value>
          <reference-href>reference/line-height-002-ref.xht</reference-href>
          <flags>
              <flag>Ahem</flag>
              </flags>
        </test><test>
          <test-title>Line-height using picas with a nominal value, 6pc</test-title>
          <test-href>line-height-028.xht</test-href>
          <reference-value>=</reference-value>
          <reference-href>reference/line-height-006-ref.xht</reference-href>
          <flags>
              <flag>Ahem</flag>
              </flags>
        </test><test>
          <test-title>Line-height using picas with a positive nominal value, +6pc</test-title>
          <test-href>line-height-029.xht</test-href>
          <reference-value>=</reference-value>
          <reference-href>reference/line-height-006-ref.xht</reference-href>
          <flags>
              <flag>Ahem</flag>
              </flags>
        </test><test>
          <test-title>Line-height using centimeters with a minimum value, 0cm</test-title>
          <test-href>line-height-035.xht</test-href>
          <reference-value>=</reference-value>
          <reference-href>reference/line-height-002-ref.xht</reference-href>
          <flags>
              <flag>Ahem</flag>
              </flags>
        </test><test>
          <test-title>Line-height using centimeters with a negative zero value, -0cm</test-title>
          <test-href>line-height-037.xht</test-href>
          <reference-value>=</reference-value>
          <reference-href>reference/line-height-002-ref.xht</reference-href>
          <flags>
              <flag>Ahem</flag>
              </flags>
        </test><test>
          <test-title>Line-height using centimeters with a positive zero value, +0cm</test-title>
          <test-href>line-height-038.xht</test-href>
          <reference-value>=</reference-value>
          <reference-href>reference/line-height-002-ref.xht</reference-href>
          <flags>
              <flag>Ahem</flag>
              </flags>
        </test><test>
          <test-title>Line-height using centimeters with a nominal value, 2.54cm</test-title>
          <test-href>line-height-039.xht</test-href>
          <reference-value>=</reference-value>
          <reference-href>reference/line-height-006-ref.xht</reference-href>
          <flags>
              <flag>Ahem</flag>
              </flags>
        </test><test>
          <test-title>Line-height using centimeters with a positive nominal value, +2.54cm</test-title>
          <test-href>line-height-040.xht</test-href>
          <reference-value>=</reference-value>
          <reference-href>reference/line-height-006-ref.xht</reference-href>
          <flags>
              <flag>Ahem</flag>
              </flags>
        </test><test>
          <test-title>Line-height using millimeters with a minimum value, 0mm</test-title>
          <test-href>line-height-046.xht</test-href>
          <reference-value>=</reference-value>
          <reference-href>reference/line-height-002-ref.xht</reference-href>
          <flags>
              <flag>Ahem</flag>
              </flags>
        </test><test>
          <test-title>Line-height using millimeters with a negative zero value, -0mm</test-title>
          <test-href>line-height-048.xht</test-href>
          <reference-value>=</reference-value>
          <reference-href>reference/line-height-002-ref.xht</reference-href>
          <flags>
              <flag>Ahem</flag>
              </flags>
        </test><test>
          <test-title>Line-height using millimeters with a positive zero value, +0mm</test-title>
          <test-href>line-height-049.xht</test-href>
          <reference-value>=</reference-value>
          <reference-href>reference/line-height-002-ref.xht</reference-href>
          <flags>
              <flag>Ahem</flag>
              </flags>
        </test><test>
          <test-title>Line-height using millimeters with a nominal value, 25.4mm</test-title>
          <test-href>line-height-050.xht</test-href>
          <reference-value>=</reference-value>
          <reference-href>reference/line-height-006-ref.xht</reference-href>
          <flags>
              <flag>Ahem</flag>
              </flags>
        </test><test>
          <test-title>Line-height using millimeters with a positive nominal value, +25.4mm</test-title>
          <test-href>line-height-051.xht</test-href>
          <reference-value>=</reference-value>
          <reference-href>reference/line-height-006-ref.xht</reference-href>
          <flags>
              <flag>Ahem</flag>
              </flags>
        </test><test>
          <test-title>Line-height using inches with a minimum value, 0in</test-title>
          <test-href>line-height-057.xht</test-href>
          <reference-value>=</reference-value>
          <reference-href>reference/line-height-002-ref.xht</reference-href>
          <flags>
              <flag>Ahem</flag>
              </flags>
        </test><test>
          <test-title>Line-height using inches with a minimum plus one value, 1in</test-title>
          <test-href>line-height-058.xht</test-href>
          <reference-value>=</reference-value>
          <reference-href>reference/line-height-006-ref.xht</reference-href>
          <flags>
              <flag>Ahem</flag>
              </flags>
        </test><test>
          <test-title>Line-height using inches with a negative zero value, -0in</test-title>
          <test-href>line-height-059.xht</test-href>
          <reference-value>=</reference-value>
          <reference-href>reference/line-height-002-ref.xht</reference-href>
          <flags>
              <flag>Ahem</flag>
              </flags>
        </test><test>
          <test-title>Line-height using inches with a positive zero value, +0in</test-title>
          <test-href>line-height-060.xht</test-href>
          <reference-value>=</reference-value>
          <reference-href>reference/line-height-002-ref.xht</reference-href>
          <flags>
              <flag>Ahem</flag>
              </flags>
        </test><test>
          <test-title>Line-height using inches with a nominal value, 3in</test-title>
          <test-href>line-height-061.xht</test-href>
          <reference-value>=</reference-value>
          <reference-href>reference/line-height-061-ref.xht</reference-href>
          <flags>
              <flag>Ahem</flag>
              </flags>
        </test><test>
          <test-title>Line-height using inches with a positive nominal value, +3in</test-title>
          <test-href>line-height-062.xht</test-href>
          <reference-value>=</reference-value>
          <reference-href>reference/line-height-061-ref.xht</reference-href>
          <flags>
              <flag>Ahem</flag>
              </flags>
        </test><test>
          <test-title>Line-height using 'em' units with a minimum value, 0em</test-title>
          <test-href>line-height-068.xht</test-href>
          <reference-value>=</reference-value>
          <reference-href>reference/line-height-002-ref.xht</reference-href>
          <flags>
              <flag>Ahem</flag>
              </flags>
        </test><test>
          <test-title>Line-height using 'em' units with a minimum plus one value, 1em</test-title>
          <test-href>line-height-069.xht</test-href>
          <reference-value>=</reference-value>
          <reference-href>reference/line-height-069-ref.xht</reference-href>
          <flags>
              <flag>Ahem</flag>
              </flags>
        </test><test>
          <test-title>Line-height using 'em' units with a negative zero value, -0em</test-title>
          <test-href>line-height-070.xht</test-href>
          <reference-value>=</reference-value>
          <reference-href>reference/line-height-002-ref.xht</reference-href>
          <flags>
              <flag>Ahem</flag>
              </flags>
        </test><test>
          <test-title>Line-height using 'em' units with a positive zero value, +0em</test-title>
          <test-href>line-height-071.xht</test-href>
          <reference-value>=</reference-value>
          <reference-href>reference/line-height-002-ref.xht</reference-href>
          <flags>
              <flag>Ahem</flag>
              </flags>
        </test><test>
          <test-title>Line-height using 'em' units with a nominal value, 6em</test-title>
          <test-href>line-height-072.xht</test-href>
          <reference-value>=</reference-value>
          <reference-href>reference/line-height-072-ref.xht</reference-href>
          <flags>
              <flag>Ahem</flag>
              </flags>
        </test><test>
          <test-title>Line-height using 'em' units with a positive nominal value, +6em</test-title>
          <test-href>line-height-073.xht</test-href>
          <reference-value>=</reference-value>
          <reference-href>reference/line-height-072-ref.xht</reference-href>
          <flags>
              <flag>Ahem</flag>
              </flags>
        </test><test>
          <test-title>Line-height using 'ex' units with a minimum value, 0ex</test-title>
          <test-href>line-height-079.xht</test-href>
          <reference-value>=</reference-value>
          <reference-href>reference/line-height-002-ref.xht</reference-href>
          <flags>
              <flag>Ahem</flag>
              </flags>
        </test><test>
          <test-title>Line-height using 'ex' units with a minimum plus one value, 1ex</test-title>
          <test-href>line-height-080.xht</test-href>
          <reference-value>=</reference-value>
          <reference-href>reference/line-height-025-ref.xht</reference-href>
          <flags>
              <flag>Ahem</flag>
              </flags>
        </test><test>
          <test-title>Line-height using 'ex' units with a negative zero value, -0ex</test-title>
          <test-href>line-height-081.xht</test-href>
          <reference-value>=</reference-value>
          <reference-href>reference/line-height-002-ref.xht</reference-href>
          <flags>
              <flag>Ahem</flag>
              </flags>
        </test><test>
          <test-title>Line-height using 'ex' units with a positive zero value, +0ex</test-title>
          <test-href>line-height-082.xht</test-href>
          <reference-value>=</reference-value>
          <reference-href>reference/line-height-002-ref.xht</reference-href>
          <flags>
              <flag>Ahem</flag>
              </flags>
        </test><test>
          <test-title>Line-height using 'ex' units with a nominal value, 6ex</test-title>
          <test-href>line-height-083.xht</test-href>
          <reference-value>=</reference-value>
          <reference-href>reference/line-height-006-ref.xht</reference-href>
          <flags>
              <flag>Ahem</flag>
              </flags>
        </test><test>
          <test-title>Line-height using 'ex' units with a positive nominal value, +6ex</test-title>
          <test-href>line-height-084.xht</test-href>
          <reference-value>=</reference-value>
          <reference-href>reference/line-height-006-ref.xht</reference-href>
          <flags>
              <flag>Ahem</flag>
              </flags>
        </test><test>
          <test-title>Line-height using percentages with a minimum value, 0%</test-title>
          <test-href>line-height-090.xht</test-href>
          <reference-value>=</reference-value>
          <reference-href>reference/line-height-002-ref.xht</reference-href>
          <flags>
              <flag>Ahem</flag>
              </flags>
        </test><test>
          <test-title>Line-height using percentages with a negative zero value, -0%</test-title>
          <test-href>line-height-092.xht</test-href>
          <reference-value>=</reference-value>
          <reference-href>reference/line-height-002-ref.xht</reference-href>
          <flags>
              <flag>Ahem</flag>
              </flags>
        </test><test>
          <test-title>Line-height using percentages with a positive zero value, +0%</test-title>
          <test-href>line-height-093.xht</test-href>
          <reference-value>=</reference-value>
          <reference-href>reference/line-height-002-ref.xht</reference-href>
          <flags>
              <flag>Ahem</flag>
              </flags>
        </test><test>
          <test-title>Line-height using percentages with a nominal value, 100%</test-title>
          <test-href>line-height-094.xht</test-href>
          <reference-value>=</reference-value>
          <reference-href>reference/line-height-069-ref.xht</reference-href>
          <flags>
              <flag>Ahem</flag>
              </flags>
        </test><test>
          <test-title>Line-height using percentages with a positive nominal value, +100%</test-title>
          <test-href>line-height-095.xht</test-href>
          <reference-value>=</reference-value>
          <reference-href>reference/line-height-069-ref.xht</reference-href>
          <flags>
              <flag>Ahem</flag>
              </flags>
        </test><test>
          <test-title>Line-height with a minimum value, 0</test-title>
          <test-href>line-height-101.xht</test-href>
          <reference-value>=</reference-value>
          <reference-href>reference/line-height-002-ref.xht</reference-href>
          <flags>
              <flag>Ahem</flag>
              </flags>
        </test><test>
          <test-title>Line-height using pixels with a minimum plus one value, 1</test-title>
          <test-href>line-height-102.xht</test-href>
          <reference-value>=</reference-value>
          <reference-href>reference/line-height-102-ref.xht</reference-href>
          <flags>
              <flag>Ahem</flag>
              </flags>
        </test><test>
          <test-title>Line-height using pixels with a negative zero value, -0</test-title>
          <test-href>line-height-103.xht</test-href>
          <reference-value>=</reference-value>
          <reference-href>reference/line-height-002-ref.xht</reference-href>
          <flags>
              <flag>Ahem</flag>
              </flags>
        </test><test>
          <test-title>Line-height with a positive zero value, +0</test-title>
          <test-href>line-height-104.xht</test-href>
          <reference-value>=</reference-value>
          <reference-href>reference/line-height-002-ref.xht</reference-href>
          <flags>
              <flag>Ahem</flag>
              </flags>
        </test><test>
          <test-title>Line-height with a nominal value, 5</test-title>
          <test-href>line-height-105.xht</test-href>
          <reference-value>=</reference-value>
          <reference-href>reference/line-height-105-ref.xht</reference-href>
          <flags>
              <flag>Ahem</flag>
              </flags>
        </test><test>
          <test-title>Line-height with a positive nominal value, +5</test-title>
          <test-href>line-height-106.xht</test-href>
          <reference-value>=</reference-value>
          <reference-href>reference/line-height-105-ref.xht</reference-href>
          <flags>
              <flag>Ahem</flag>
              </flags>
        </test><test>
          <test-title>Line-height with keyword value of 'inherit'</test-title>
          <test-href>line-height-112.xht</test-href>
          <reference-value>=</reference-value>
          <reference-href>reference/line-height-006-ref.xht</reference-href>
          <flags>
              <flag>Ahem</flag>
              </flags>
        </test><test>
          <test-title>The 'line-height' property</test-title>
          <test-href>line-height-121.xht</test-href>
          <reference-value>=</reference-value>
          <reference-href>reference/line-height-121-ref.xht</reference-href>
          <flags>
              <flag>Ahem</flag>
              </flags>
        </test><test>
          <test-title>Inheritance of em units</test-title>
          <test-href>line-height-125.xht</test-href>
          <reference-value>=</reference-value>
          <reference-href>reference/line-height-125-ref.xht</reference-href>
          
        </test><test>
          <test-title>line-height of images</test-title>
          <test-href>line-height-126.xht</test-href>
          <reference-value>=</reference-value>
          <reference-href>reference/line-height-126-ref.xht</reference-href>
          <flags>
              <flag>Bitmaps</flag>
              </flags>
        </test><test>
          <test-title>line-height of images</test-title>
          <test-href>line-height-127.xht</test-href>
          <reference-value>=</reference-value>
          <reference-href>reference/line-height-127-ref.xht</reference-href>
          <flags>
              <flag>Ahem</flag><flag>Bitmaps</flag>
              </flags>
        </test><test>
          <test-title>Test</test-title>
          <test-href>line-height-128.xht</test-href>
          <reference-value>=</reference-value>
          <reference-href>reference/line-height-128-ref.xht</reference-href>
          <flags>
              <flag>Ahem</flag>
              </flags>
        </test><test>
          <test-title>height of line box and inline replaced elements</test-title>
          <test-href>line-height-129.xht</test-href>
          <reference-value>=</reference-value>
          <reference-href>reference/ref-filled-green-100px-square.xht</reference-href>
          <flags>
              <flag>Bitmaps</flag>
              </flags>
        </test><test>
          <test-title>Line-height applied to elements with 'display' set to 'table-row-group'</test-title>
          <test-href>line-height-applies-to-001.xht</test-href>
          <reference-value>=</reference-value>
          <reference-href>reference/line-height-applies-to-001-ref.xht</reference-href>
          
        </test><test>
          <test-title>Line-height applied to elements with 'display' set to 'table-header-group'</test-title>
          <test-href>line-height-applies-to-002.xht</test-href>
          <reference-value>=</reference-value>
          <reference-href>reference/line-height-applies-to-001-ref.xht</reference-href>
          
        </test><test>
          <test-title>Line-height applied to elements with 'display' set to 'table-footer-group'</test-title>
          <test-href>line-height-applies-to-003.xht</test-href>
          <reference-value>=</reference-value>
          <reference-href>reference/line-height-applies-to-001-ref.xht</reference-href>
          
        </test><test>
          <test-title>Line-height applied to elements with 'display' set to 'table-row'</test-title>
          <test-href>line-height-applies-to-004.xht</test-href>
          <reference-value>=</reference-value>
          <reference-href>reference/line-height-applies-to-001-ref.xht</reference-href>
          
        </test><test>
          <test-title>Line-height applied to elements with 'display' set to 'table-column-group'</test-title>
          <test-href>line-height-applies-to-005.xht</test-href>
          <reference-value>=</reference-value>
          <reference-href>reference/line-height-applies-to-005-ref.xht</reference-href>
          
        </test><test>
          <test-title>Line-height applied to elements with 'display' set to 'table-column'</test-title>
          <test-href>line-height-applies-to-006.xht</test-href>
          <reference-value>=</reference-value>
          <reference-href>reference/line-height-applies-to-005-ref.xht</reference-href>
          
        </test><test>
          <test-title>Line-height applied to elements with 'display' set to 'table-cell'</test-title>
          <test-href>line-height-applies-to-007.xht</test-href>
          <reference-value>=</reference-value>
          <reference-href>reference/line-height-applies-to-001-ref.xht</reference-href>
          
        </test><test>
          <test-title>Line-height applied to elements with 'display' set to 'inline'</test-title>
          <test-href>line-height-applies-to-008.xht</test-href>
          <reference-value>=</reference-value>
          <reference-href>reference/line-height-applies-to-001-ref.xht</reference-href>
          
        </test><test>
          <test-title>Line-height applied to elements with 'display' set to 'block'</test-title>
          <test-href>line-height-applies-to-009.xht</test-href>
          <reference-value>=</reference-value>
          <reference-href>reference/line-height-applies-to-001-ref.xht</reference-href>
          
        </test><test>
          <test-title>Line-height applied to elements with 'display' set to 'inline-block'</test-title>
          <test-href>line-height-applies-to-012.xht</test-href>
          <reference-value>=</reference-value>
          <reference-href>reference/line-height-applies-to-001-ref.xht</reference-href>
          
        </test><test>
          <test-title>Line-height applied to elements with 'display' set to 'table'</test-title>
          <test-href>line-height-applies-to-013.xht</test-href>
          <reference-value>=</reference-value>
          <reference-href>reference/line-height-applies-to-001-ref.xht</reference-href>
          
        </test><test>
          <test-title>Line-height applied to elements with 'display' set to 'inline-table'</test-title>
          <test-href>line-height-applies-to-014.xht</test-href>
          <reference-value>=</reference-value>
          <reference-href>reference/line-height-applies-to-001-ref.xht</reference-href>
          
        </test><test>
          <test-title>Line-height applied to elements with 'display' set to 'table-caption'</test-title>
          <test-href>line-height-applies-to-015.xht</test-href>
          <reference-value>=</reference-value>
          <reference-href>reference/line-height-applies-to-001-ref.xht</reference-href>
          
        </test><test>
          <test-title>Line-height applied to elements with 'display' set to 'none'</test-title>
          <test-href>line-height-applies-to-016.xht</test-href>
          <reference-value>=</reference-value>
          <reference-href>reference/line-height-applies-to-016-ref.xht</reference-href>
          
        </test><test>
          <test-title>Glyphs overflow line box</test-title>
          <test-href>line-height-bleed-001.xht</test-href>
          <reference-value>=</reference-value>
          <reference-href>reference/line-height-bleed-001-ref.xht</reference-href>
          
        </test><test>
          <test-title>Glyphs overflow when line height of container is less than content height</test-title>
          <test-href>line-height-bleed-002.xht</test-href>
          <reference-value>=</reference-value>
          <reference-href>reference/line-height-bleed-002-ref.xht</reference-href>
          <flags>
              <flag>Ahem</flag>
              </flags>
        </test><test>
          <test-title>list-style - initial value</test-title>
          <test-href>list-style-019.xht</test-href>
          <reference-value>=</reference-value>
          <reference-href>reference/list-style-019-ref.xht</reference-href>
          <flags>
              <flag>Bitmaps</flag>
              </flags>
        </test><test>
          <test-title>'list-style' shorthand and 'none' values</test-title>
          <test-href>list-style-020.xht</test-href>
          <reference-value>=</reference-value>
          <reference-href>reference/list-style-020-ref.xht</reference-href>
          
        </test><test>
          <test-title>list-style: none - followed by a list-style-image reset</test-title>
          <test-href>list-style-021.xht</test-href>
          <reference-value>=</reference-value>
          <reference-href>reference/list-style-021-ref.xht</reference-href>
          <flags>
              <flag>Bitmaps</flag>
              </flags>
        </test><test>
          <test-title>CSS List Images: invalid</test-title>
          <test-href>list-style-image-004.xht</test-href>
          <reference-value>=</reference-value>
          <reference-href>reference/list-style-image-004-ref.xht</reference-href>
          
        </test><test>
          <test-title>CSS Lists: list-item with list-style-image</test-title>
          <test-href>list-style-image-005.xht</test-href>
          <reference-value>=</reference-value>
          <reference-href>reference/list-style-image-005-ref.xht</reference-href>
          
        </test><test>
          <test-title>Nested inside list markers (ltr)</test-title>
          <test-href>list-style-position-023.xht</test-href>
          <reference-value>=</reference-value>
          <reference-href>reference/list-style-position-023-ref.xht</reference-href>
          
        </test><test>
          <test-title>Nested inside list markers (rtl)</test-title>
          <test-href>list-style-position-024.xht</test-href>
          <reference-value>=</reference-value>
          <reference-href>reference/list-style-position-024-ref.xht</reference-href>
          
        </test><test>
          <test-title>Bidi box model test 1</test-title>
          <test-href>ltr-basic.xht</test-href>
          <reference-value>=</reference-value>
          <reference-href>reference/left-ltr-ref.xht</reference-href>
          
        </test><test>
          <test-title>Bidi box model test 5</test-title>
          <test-href>ltr-ib.xht</test-href>
          <reference-value>=</reference-value>
          <reference-href>reference/left-ltr-ref.xht</reference-href>
          
        </test><test>
          <test-title>Bidi box model test 4</test-title>
          <test-href>ltr-span-only.xht</test-href>
          <reference-value>=</reference-value>
          <reference-href>reference/right-ltr-ref.xht</reference-href>
          
        </test><test>
          <test-title>Bidi box model test 8</test-title>
          <test-href>ltr-span-only-ib.xht</test-href>
          <reference-value>=</reference-value>
          <reference-href>reference/right-ltr-ref.xht</reference-href>
          
        </test><test>
          <test-title>Parsing malformed rules: Property with no value and no ending semicolon</test-title>
          <test-href>malformed-decl-001.xht</test-href>
          <reference-value>=</reference-value>
          <reference-href>reference/filler-text-below-green.xht</reference-href>
          <flags>
              <flag>Invalid</flag>
              </flags>
        </test><test>
          <test-title>Parsing malformed rules: Property with no value assigned</test-title>
          <test-href>malformed-decl-002.xht</test-href>
          <reference-value>=</reference-value>
          <reference-href>reference/filler-text-below-green.xht</reference-href>
          <flags>
              <flag>Invalid</flag>
              </flags>
        </test><test>
          <test-title>Parsing malformed rules: No value and no semi-colon</test-title>
          <test-href>malformed-decl-003.xht</test-href>
          <reference-value>=</reference-value>
          <reference-href>reference/filler-text-below-green.xht</reference-href>
          <flags>
              <flag>Invalid</flag>
              </flags>
        </test><test>
          <test-title>Parsing malformed rules: No value with property</test-title>
          <test-href>malformed-decl-004.xht</test-href>
          <reference-value>=</reference-value>
          <reference-href>reference/filler-text-below-green.xht</reference-href>
          <flags>
              <flag>Invalid</flag>
              </flags>
        </test><test>
          <test-title>Parsing malformed rules: Semi-colon before property</test-title>
          <test-href>malformed-decl-005.xht</test-href>
          <reference-value>=</reference-value>
          <reference-href>reference/filler-text-below-green.xht</reference-href>
          <flags>
              <flag>Invalid</flag>
              </flags>
        </test><test>
          <test-title>Parsing malformed rules: Valid rule after malformed rule</test-title>
          <test-href>malformed-decl-006.xht</test-href>
          <reference-value>=</reference-value>
          <reference-href>reference/filler-text-below-green.xht</reference-href>
          <flags>
              <flag>Invalid</flag>
              </flags>
        </test><test>
          <test-title>Parsing malformed rules: Double colon separating property and value</test-title>
          <test-href>malformed-decl-007.xht</test-href>
          <reference-value>=</reference-value>
          <reference-href>reference/filler-text-below-green.xht</reference-href>
          <flags>
              <flag>Invalid</flag>
              </flags>
        </test><test>
          <test-title>Parsing malformed rules: Missing property</test-title>
          <test-href>malformed-decl-008.xht</test-href>
          <reference-value>=</reference-value>
          <reference-href>reference/filler-text-below-green.xht</reference-href>
          <flags>
              <flag>Invalid</flag>
              </flags>
        </test><test>
          <test-title>Margin set using a single value</test-title>
          <test-href>margin-001.xht</test-href>
          <reference-value>=</reference-value>
          <reference-href>reference/margin-001-ref.xht</reference-href>
          
        </test><test>
          <test-title>Margin set to using two values</test-title>
          <test-href>margin-002.xht</test-href>
          <reference-value>=</reference-value>
          <reference-href>reference/margin-002-ref.xht</reference-href>
          
        </test><test>
          <test-title>Margin set to using three values</test-title>
          <test-href>margin-003.xht</test-href>
          <reference-value>=</reference-value>
          <reference-href>reference/margin-003-ref.xht</reference-href>
          
        </test><test>
          <test-title>Margin set to using four values</test-title>
          <test-href>margin-004.xht</test-href>
          <reference-value>=</reference-value>
          <reference-href>reference/margin-004-ref.xht</reference-href>
          
        </test><test>
          <test-title>Margin with a value of 'auto'</test-title>
          <test-href>margin-005.xht</test-href>
          <reference-value>=</reference-value>
          <reference-href>reference/margin-005-ref.xht</reference-href>
          
        </test><test>
          <test-title>Margin set to 'inherit', inheriting only one value</test-title>
          <test-href>margin-006.xht</test-href>
          <reference-value>=</reference-value>
          <reference-href>reference/margin-006-ref.xht</reference-href>
          
        </test><test>
          <test-title>Margin set to 'inherit', inheriting two values</test-title>
          <test-href>margin-007.xht</test-href>
          <reference-value>=</reference-value>
          <reference-href>reference/margin-007-ref.xht</reference-href>
          
        </test><test>
          <test-title>Margin set to 'inherit', inheriting three values</test-title>
          <test-href>margin-008.xht</test-href>
          <reference-value>=</reference-value>
          <reference-href>reference/margin-008-ref.xht</reference-href>
          
        </test><test>
          <test-title>Margin set to 'inherit', inheriting four values</test-title>
          <test-href>margin-009.xht</test-href>
          <reference-value>=</reference-value>
          <reference-href>reference/margin-009-ref.xht</reference-href>
          
        </test><test>
          <test-title>Margin applied to element with display table-row-group</test-title>
          <test-href>margin-applies-to-001.xht</test-href>
          <reference-value>=</reference-value>
          <reference-href>reference/margin-applies-to-001-ref.xht</reference-href>
          
        </test><test>
          <test-title>Margin applied to element with display table-header-group</test-title>
          <test-href>margin-applies-to-002.xht</test-href>
          <reference-value>=</reference-value>
          <reference-href>reference/margin-applies-to-001-ref.xht</reference-href>
          
        </test><test>
          <test-title>Margin applied to element with display table-footer-group</test-title>
          <test-href>margin-applies-to-003.xht</test-href>
          <reference-value>=</reference-value>
          <reference-href>reference/margin-applies-to-001-ref.xht</reference-href>
          
        </test><test>
          <test-title>Margin applied to element with display table-row</test-title>
          <test-href>margin-applies-to-004.xht</test-href>
          <reference-value>=</reference-value>
          <reference-href>reference/margin-applies-to-001-ref.xht</reference-href>
          
        </test><test>
          <test-title>Margin applied to element with display table-column-group</test-title>
          <test-href>margin-applies-to-005.xht</test-href>
          <reference-value>=</reference-value>
          <reference-href>reference/margin-applies-to-001-ref.xht</reference-href>
          
        </test><test>
          <test-title>Margin applied to element with display table-column</test-title>
          <test-href>margin-applies-to-006.xht</test-href>
          <reference-value>=</reference-value>
          <reference-href>reference/margin-applies-to-001-ref.xht</reference-href>
          
        </test><test>
          <test-title>Margin applied to element with display table-cell</test-title>
          <test-href>margin-applies-to-007.xht</test-href>
          <reference-value>=</reference-value>
          <reference-href>reference/margin-applies-to-001-ref.xht</reference-href>
          
        </test><test>
          <test-title>Margin applied to element with display block</test-title>
          <test-href>margin-applies-to-009.xht</test-href>
          <reference-value>=</reference-value>
          <reference-href>reference/margin-applies-to-009-ref.xht</reference-href>
          
        </test><test>
          <test-title>Margin applied to element with display inline-block</test-title>
          <test-href>margin-applies-to-012.xht</test-href>
          <reference-value>=</reference-value>
          <reference-href>reference/margin-applies-to-009-ref.xht</reference-href>
          
        </test><test>
          <test-title>Margin applied to element with display table</test-title>
          <test-href>margin-applies-to-013.xht</test-href>
          <reference-value>=</reference-value>
          <reference-href>reference/margin-applies-to-009-ref.xht</reference-href>
          
        </test><test>
          <test-title>Margin applied to element with display inline-table</test-title>
          <test-href>margin-applies-to-014.xht</test-href>
          <reference-value>=</reference-value>
          <reference-href>reference/margin-applies-to-009-ref.xht</reference-href>
          
        </test><test>
          <test-title>Margin applied to element with display table-caption</test-title>
          <test-href>margin-applies-to-015.xht</test-href>
          <reference-value>=</reference-value>
          <reference-href>reference/margin-applies-to-009-ref.xht</reference-href>
          
        </test><test>
          <test-title>transparency of margin area and background-color</test-title>
          <test-href>margin-backgrounds-002.xht</test-href>
          <reference-value>=</reference-value>
          <reference-href>reference/ref-filled-green-100px-square.xht</reference-href>
          
        </test><test>
          <test-title>transparency of margin area and background-color</test-title>
          <test-href>margin-backgrounds-003.xht</test-href>
          <reference-value>=</reference-value>
          <reference-href>reference/ref-filled-green-100px-square.xht</reference-href>
          
        </test><test>
          <test-title>Margin, border, padding all display outside the content area</test-title>
          <test-href>margin-border-padding-001.xht</test-href>
          <reference-value>=</reference-value>
          <reference-href>reference/margin-border-padding-001-ref.xht</reference-href>
          <flags>
              <flag>Ahem</flag>
              </flags>
        </test><test>
          <test-title>Margin, border, padding all display outside the image area</test-title>
          <test-href>margin-border-padding-002.xht</test-href>
          <reference-value>=</reference-value>
          <reference-href>reference/margin-border-padding-001-ref.xht</reference-href>
          <flags>
              <flag>Ahem</flag><flag>Bitmaps</flag>
              </flags>
        </test><test>
          <test-title>Margin, border, padding all display outside the object area</test-title>
          <test-href>margin-border-padding-003.xht</test-href>
          <reference-value>=</reference-value>
          <reference-href>reference/margin-border-padding-001-ref.xht</reference-href>
          <flags>
              <flag>Ahem</flag><flag>Bitmaps</flag>
              </flags>
        </test><test>
          <test-title>Margin-bottom using pixels with a negative zero value, -0px</test-title>
          <test-href>margin-bottom-004.xht</test-href>
          <reference-value>=</reference-value>
          <reference-href>reference/ref-no-vert-space-between.xht</reference-href>
          
        </test><test>
          <test-title>Margin-bottom using pixels with a zero value, 0px</test-title>
          <test-href>margin-bottom-005.xht</test-href>
          <reference-value>=</reference-value>
          <reference-href>reference/ref-no-vert-space-between.xht</reference-href>
          
        </test><test>
          <test-title>Margin-bottom using pixels with a positive zero value, +0px</test-title>
          <test-href>margin-bottom-006.xht</test-href>
          <reference-value>=</reference-value>
          <reference-href>reference/ref-no-vert-space-between.xht</reference-href>
          
        </test><test>
          <test-title>Margin-bottom using pixels with a nominal value, 96px</test-title>
          <test-href>margin-bottom-007.xht</test-href>
          <reference-value>=</reference-value>
          <reference-href>reference/margin-bottom-007-ref.xht</reference-href>
          
        </test><test>
          <test-title>Margin-bottom using pixels with a nominal value with a plus sign, +96px</test-title>
          <test-href>margin-bottom-008.xht</test-href>
          <reference-value>=</reference-value>
          <reference-href>reference/margin-bottom-007-ref.xht</reference-href>
          
        </test><test>
          <test-title>Margin-bottom using points with a negative zero value, -0pt</test-title>
          <test-href>margin-bottom-016.xht</test-href>
          <reference-value>=</reference-value>
          <reference-href>reference/ref-no-vert-space-between.xht</reference-href>
          
        </test><test>
          <test-title>Margin-bottom using points with a zero value, 0pt</test-title>
          <test-href>margin-bottom-017.xht</test-href>
          <reference-value>=</reference-value>
          <reference-href>reference/ref-no-vert-space-between.xht</reference-href>
          
        </test><test>
          <test-title>Margin-bottom using points with a positive zero value, +0pt</test-title>
          <test-href>margin-bottom-018.xht</test-href>
          <reference-value>=</reference-value>
          <reference-href>reference/ref-no-vert-space-between.xht</reference-href>
          
        </test><test>
          <test-title>Margin-bottom using points with a nominal value, 72pt</test-title>
          <test-href>margin-bottom-019.xht</test-href>
          <reference-value>=</reference-value>
          <reference-href>reference/margin-bottom-019-ref.xht</reference-href>
          
        </test><test>
          <test-title>Margin-bottom using points with a nominal value with a plus sign, +72pt</test-title>
          <test-href>margin-bottom-020.xht</test-href>
          <reference-value>=</reference-value>
          <reference-href>reference/margin-bottom-019-ref.xht</reference-href>
          
        </test><test>
          <test-title>Margin-bottom using picas with a negative zero value, -0pc</test-title>
          <test-href>margin-bottom-028.xht</test-href>
          <reference-value>=</reference-value>
          <reference-href>reference/ref-no-vert-space-between.xht</reference-href>
          
        </test><test>
          <test-title>Margin-bottom using picas with a zero value, 0pc</test-title>
          <test-href>margin-bottom-029.xht</test-href>
          <reference-value>=</reference-value>
          <reference-href>reference/ref-no-vert-space-between.xht</reference-href>
          
        </test><test>
          <test-title>Margin-bottom using picas with a positive zero value, +0pc</test-title>
          <test-href>margin-bottom-030.xht</test-href>
          <reference-value>=</reference-value>
          <reference-href>reference/ref-no-vert-space-between.xht</reference-href>
          
        </test><test>
          <test-title>Margin-bottom using picas with a nominal value, 6pc</test-title>
          <test-href>margin-bottom-031.xht</test-href>
          <reference-value>=</reference-value>
          <reference-href>reference/margin-bottom-031-ref.xht</reference-href>
          
        </test><test>
          <test-title>Margin-bottom using picas with a nominal value with a plus sign, +6pc</test-title>
          <test-href>margin-bottom-032.xht</test-href>
          <reference-value>=</reference-value>
          <reference-href>reference/margin-bottom-031-ref.xht</reference-href>
          
        </test><test>
          <test-title>Margin-bottom using centimeters with a negative zero value, -0cm</test-title>
          <test-href>margin-bottom-040.xht</test-href>
          <reference-value>=</reference-value>
          <reference-href>reference/ref-no-vert-space-between.xht</reference-href>
          
        </test><test>
          <test-title>Margin-bottom using centimeters with a zero value, 0cm</test-title>
          <test-href>margin-bottom-041.xht</test-href>
          <reference-value>=</reference-value>
          <reference-href>reference/ref-no-vert-space-between.xht</reference-href>
          
        </test><test>
          <test-title>Margin-bottom using centimeters with a positive zero value, +0cm</test-title>
          <test-href>margin-bottom-042.xht</test-href>
          <reference-value>=</reference-value>
          <reference-href>reference/ref-no-vert-space-between.xht</reference-href>
          
        </test><test>
          <test-title>Margin-bottom using centimeters with a nominal value, 2.54cm</test-title>
          <test-href>margin-bottom-043.xht</test-href>
          <reference-value>=</reference-value>
          <reference-href>reference/margin-bottom-043-ref.xht</reference-href>
          
        </test><test>
          <test-title>Margin-bottom using centimeters with a nominal value with a plus sign, +2.54cm</test-title>
          <test-href>margin-bottom-044.xht</test-href>
          <reference-value>=</reference-value>
          <reference-href>reference/margin-bottom-043-ref.xht</reference-href>
          
        </test><test>
          <test-title>Margin-bottom using millimeters with a negative zero value, -0mm</test-title>
          <test-href>margin-bottom-052.xht</test-href>
          <reference-value>=</reference-value>
          <reference-href>reference/ref-no-vert-space-between.xht</reference-href>
          
        </test><test>
          <test-title>Margin-bottom using millimeters with a zero value, 0mm</test-title>
          <test-href>margin-bottom-053.xht</test-href>
          <reference-value>=</reference-value>
          <reference-href>reference/ref-no-vert-space-between.xht</reference-href>
          
        </test><test>
          <test-title>Margin-bottom using millimeters with a positive zero value, +0mm</test-title>
          <test-href>margin-bottom-054.xht</test-href>
          <reference-value>=</reference-value>
          <reference-href>reference/ref-no-vert-space-between.xht</reference-href>
          
        </test><test>
          <test-title>Margin-bottom using millimeters with a nominal value, 25.4mm</test-title>
          <test-href>margin-bottom-055.xht</test-href>
          <reference-value>=</reference-value>
          <reference-href>reference/margin-bottom-043-ref.xht</reference-href>
          
        </test><test>
          <test-title>Margin-bottom using millimeters with a nominal value with a plus sign, +25.4mm</test-title>
          <test-href>margin-bottom-056.xht</test-href>
          <reference-value>=</reference-value>
          <reference-href>reference/margin-bottom-043-ref.xht</reference-href>
          
        </test><test>
          <test-title>Margin-bottom using inches with a negative zero value, -0in</test-title>
          <test-href>margin-bottom-064.xht</test-href>
          <reference-value>=</reference-value>
          <reference-href>reference/ref-no-vert-space-between.xht</reference-href>
          
        </test><test>
          <test-title>Margin-bottom using inches with a zero value, 0in</test-title>
          <test-href>margin-bottom-065.xht</test-href>
          <reference-value>=</reference-value>
          <reference-href>reference/ref-no-vert-space-between.xht</reference-href>
          
        </test><test>
          <test-title>Margin-bottom using inches with a positive zero value, +0in</test-title>
          <test-href>margin-bottom-066.xht</test-href>
          <reference-value>=</reference-value>
          <reference-href>reference/ref-no-vert-space-between.xht</reference-href>
          
        </test><test>
          <test-title>Margin-bottom using inches with a nominal value, 1in</test-title>
          <test-href>margin-bottom-067.xht</test-href>
          <reference-value>=</reference-value>
          <reference-href>reference/margin-bottom-067-ref.xht</reference-href>
          
        </test><test>
          <test-title>Margin-bottom using inches with a nominal value with a plus sign, +1in</test-title>
          <test-href>margin-bottom-068.xht</test-href>
          <reference-value>=</reference-value>
          <reference-href>reference/margin-bottom-067-ref.xht</reference-href>
          
        </test><test>
          <test-title>Margin-bottom using 'em' units with a negative zero value, -0em</test-title>
          <test-href>margin-bottom-076.xht</test-href>
          <reference-value>=</reference-value>
          <reference-href>reference/ref-no-vert-space-between.xht</reference-href>
          
        </test><test>
          <test-title>Margin-bottom using 'em' units with a zero value, 0em</test-title>
          <test-href>margin-bottom-077.xht</test-href>
          <reference-value>=</reference-value>
          <reference-href>reference/ref-no-vert-space-between.xht</reference-href>
          
        </test><test>
          <test-title>Margin-bottom using 'em' units with a positive zero value, +0em</test-title>
          <test-href>margin-bottom-078.xht</test-href>
          <reference-value>=</reference-value>
          <reference-href>reference/ref-no-vert-space-between.xht</reference-href>
          
        </test><test>
          <test-title>Margin-bottom using 'em' units with a nominal value, 6em</test-title>
          <test-href>margin-bottom-079.xht</test-href>
          <reference-value>=</reference-value>
          <reference-href>reference/margin-bottom-079-ref.xht</reference-href>
          <flags>
              <flag>Ahem</flag>
              </flags>
        </test><test>
          <test-title>Margin-bottom using 'em' units with a nominal value with a plus sign, +6em</test-title>
          <test-href>margin-bottom-080.xht</test-href>
          <reference-value>=</reference-value>
          <reference-href>reference/margin-bottom-079-ref.xht</reference-href>
          <flags>
              <flag>Ahem</flag>
              </flags>
        </test><test>
          <test-title>Margin-bottom using 'ex' units with a negative zero value, -0ex</test-title>
          <test-href>margin-bottom-088.xht</test-href>
          <reference-value>=</reference-value>
          <reference-href>reference/ref-no-vert-space-between.xht</reference-href>
          
        </test><test>
          <test-title>Margin-bottom using 'ex' units with a zero value, 0ex</test-title>
          <test-href>margin-bottom-089.xht</test-href>
          <reference-value>=</reference-value>
          <reference-href>reference/ref-no-vert-space-between.xht</reference-href>
          
        </test><test>
          <test-title>Margin-bottom using 'ex' units with a positive zero value, +0ex</test-title>
          <test-href>margin-bottom-090.xht</test-href>
          <reference-value>=</reference-value>
          <reference-href>reference/ref-no-vert-space-between.xht</reference-href>
          
        </test><test>
          <test-title>Margin-bottom using 'ex' units with a nominal value, 7.5ex</test-title>
          <test-href>margin-bottom-091.xht</test-href>
          <reference-value>=</reference-value>
          <reference-href>reference/margin-bottom-091-ref.xht</reference-href>
          <flags>
              <flag>Ahem</flag>
              </flags>
        </test><test>
          <test-title>Margin-bottom using 'ex' units with a nominal value with a plus sign, +7.5ex</test-title>
          <test-href>margin-bottom-092.xht</test-href>
          <reference-value>=</reference-value>
          <reference-href>reference/margin-bottom-091-ref.xht</reference-href>
          <flags>
              <flag>Ahem</flag>
              </flags>
        </test><test>
          <test-title>Margin-bottom using percentages with a negative zero value, -0%</test-title>
          <test-href>margin-bottom-100.xht</test-href>
          <reference-value>=</reference-value>
          <reference-href>reference/margin-bottom-100-ref.xht</reference-href>
          
        </test><test>
          <test-title>Margin-bottom using percentages with a zero value, 0%</test-title>
          <test-href>margin-bottom-101.xht</test-href>
          <reference-value>=</reference-value>
          <reference-href>reference/margin-bottom-100-ref.xht</reference-href>
          
        </test><test>
          <test-title>Margin-bottom using percentages with a positive zero value, +0%</test-title>
          <test-href>margin-bottom-102.xht</test-href>
          <reference-value>=</reference-value>
          <reference-href>reference/margin-bottom-100-ref.xht</reference-href>
          
        </test><test>
          <test-title>Margin-bottom using percentages with a nominal value, 50%</test-title>
          <test-href>margin-bottom-103.xht</test-href>
          <reference-value>=</reference-value>
          <reference-href>reference/margin-bottom-103-ref.xht</reference-href>
          
        </test><test>
          <test-title>Margin-bottom using percentages with a nominal value with a plus sign, +50%</test-title>
          <test-href>margin-bottom-104.xht</test-href>
          <reference-value>=</reference-value>
          <reference-href>reference/margin-bottom-103-ref.xht</reference-href>
          
        </test><test>
          <test-title>Margin-bottom sets a negative zero value with no units, -0</test-title>
          <test-href>margin-bottom-109.xht</test-href>
          <reference-value>=</reference-value>
          <reference-href>reference/ref-no-vert-space-between.xht</reference-href>
          
        </test><test>
          <test-title>Margin-bottom sets a zero value with no units, 0</test-title>
          <test-href>margin-bottom-110.xht</test-href>
          <reference-value>=</reference-value>
          <reference-href>reference/ref-no-vert-space-between.xht</reference-href>
          
        </test><test>
          <test-title>Margin-bottom sets a positive zero value with no units, +0</test-title>
          <test-href>margin-bottom-111.xht</test-href>
          <reference-value>=</reference-value>
          <reference-href>reference/ref-no-vert-space-between.xht</reference-href>
          
        </test><test>
          <test-title>Margin-bottom with a value of 'auto'</test-title>
          <test-href>margin-bottom-112.xht</test-href>
          <reference-value>=</reference-value>
          <reference-href>reference/ref-no-vert-space-between.xht</reference-href>
          
        </test><test>
          <test-title>Margin-bottom with a value of 'inherit'</test-title>
          <test-href>margin-bottom-113.xht</test-href>
          <reference-value>=</reference-value>
          <reference-href>reference/margin-bottom-067-ref.xht</reference-href>
          
        </test><test>
          <test-title>Margin-bottom applied to element with display table-row-group</test-title>
          <test-href>margin-bottom-applies-to-001.xht</test-href>
          <reference-value>=</reference-value>
          <reference-href>reference/margin-bottom-applies-to-001-ref.xht</reference-href>
          
        </test><test>
          <test-title>Margin-bottom applied to element with display table-header-group</test-title>
          <test-href>margin-bottom-applies-to-002.xht</test-href>
          <reference-value>=</reference-value>
          <reference-href>reference/margin-bottom-applies-to-001-ref.xht</reference-href>
          
        </test><test>
          <test-title>Margin-bottom applied to element with display table-footer-group</test-title>
          <test-href>margin-bottom-applies-to-003.xht</test-href>
          <reference-value>=</reference-value>
          <reference-href>reference/margin-bottom-applies-to-001-ref.xht</reference-href>
          
        </test><test>
          <test-title>Margin-bottom applied to element with display table-row</test-title>
          <test-href>margin-bottom-applies-to-004.xht</test-href>
          <reference-value>=</reference-value>
          <reference-href>reference/margin-bottom-applies-to-001-ref.xht</reference-href>
          
        </test><test>
          <test-title>Margin-bottom applied to element with display table-column-group</test-title>
          <test-href>margin-bottom-applies-to-005.xht</test-href>
          <reference-value>=</reference-value>
          <reference-href>reference/margin-bottom-applies-to-001-ref.xht</reference-href>
          
        </test><test>
          <test-title>Margin-bottom applied to element with display table-column</test-title>
          <test-href>margin-bottom-applies-to-006.xht</test-href>
          <reference-value>=</reference-value>
          <reference-href>reference/margin-bottom-applies-to-001-ref.xht</reference-href>
          
        </test><test>
          <test-title>Margin-bottom applied to element with 'display' 'table-cell'</test-title>
          <test-href>margin-bottom-applies-to-007.xht</test-href>
          <reference-value>=</reference-value>
          <reference-href>reference/margin-bottom-applies-to-001-ref.xht</reference-href>
          
        </test><test>
          <test-title>Margin-bottom applied to element with display inline</test-title>
          <test-href>margin-bottom-applies-to-008.xht</test-href>
          <reference-value>=</reference-value>
          <reference-href>reference/margin-bottom-applies-to-008-ref.xht</reference-href>
          <flags>
              <flag>Ahem</flag>
              </flags>
        </test><test>
          <test-title>Margin-bottom applied to element with display block</test-title>
          <test-href>margin-bottom-applies-to-009.xht</test-href>
          <reference-value>=</reference-value>
          <reference-href>reference/margin-bottom-applies-to-009-ref.xht</reference-href>
          
        </test><test>
          <test-title>Margin-bottom applied to element with display inline-block</test-title>
          <test-href>margin-bottom-applies-to-012.xht</test-href>
          <reference-value>=</reference-value>
          <reference-href>reference/margin-bottom-applies-to-009-ref.xht</reference-href>
          
        </test><test>
          <test-title>Margin-bottom applied to element with display table</test-title>
          <test-href>margin-bottom-applies-to-013.xht</test-href>
          <reference-value>=</reference-value>
          <reference-href>reference/margin-bottom-applies-to-009-ref.xht</reference-href>
          
        </test><test>
          <test-title>Margin-bottom applied to element with display inline-table</test-title>
          <test-href>margin-bottom-applies-to-014.xht</test-href>
          <reference-value>=</reference-value>
          <reference-href>reference/margin-bottom-applies-to-009-ref.xht</reference-href>
          
        </test><test>
          <test-title>Margin-bottom applied to element with display table-caption</test-title>
          <test-href>margin-bottom-applies-to-015.xht</test-href>
          <reference-value>=</reference-value>
          <reference-href>reference/margin-bottom-applies-to-009-ref.xht</reference-href>
          
        </test><test>
          <test-title>Margin collapsing - horizontal margins do not collapse</test-title>
          <test-href>margin-collapse-001.xht</test-href>
          <reference-value>=</reference-value>
          <reference-href>reference/margin-collapse-001-ref.xht</reference-href>
          <flags>
              <flag>Ahem</flag>
              </flags>
        </test><test>
          <test-title>Margin collapsing - maximum of the two adjoining margins</test-title>
          <test-href>margin-collapse-002.xht</test-href>
          <reference-value>=</reference-value>
          <reference-href>reference/margin-collapse-002-ref.xht</reference-href>
          <flags>
              <flag>Ahem</flag><flag>Bitmaps</flag>
              </flags>
        </test><test>
          <test-title>Margin collapsing - negative margins adjoining positive margins</test-title>
          <test-href>margin-collapse-003.xht</test-href>
          <reference-value>=</reference-value>
          <reference-href>reference/margin-collapse-003-ref.xht</reference-href>
          
        </test><test>
          <test-title>Margin collapsing - negative margins deducted from zero</test-title>
          <test-href>margin-collapse-004.xht</test-href>
          <reference-value>=</reference-value>
          <reference-href>reference/margin-collapse-004-ref.xht</reference-href>
          
        </test><test>
          <test-title>Margin collapsing - adjoining margins of non-siblings or ancestors</test-title>
          <test-href>margin-collapse-005.xht</test-href>
          <reference-value>=</reference-value>
          <reference-href>reference/margin-collapse-002-ref.xht</reference-href>
          <flags>
              <flag>Ahem</flag><flag>Bitmaps</flag>
              </flags>
        </test><test>
          <test-title>Margin collapsing - floated elements do not collapse margins</test-title>
          <test-href>margin-collapse-006.xht</test-href>
          <reference-value>=</reference-value>
          <reference-href>reference/margin-collapse-002-ref.xht</reference-href>
          <flags>
              <flag>Ahem</flag><flag>Bitmaps</flag>
              </flags>
        </test><test>
          <test-title>Margin collapsing - floated elements do not collapse margins with children</test-title>
          <test-href>margin-collapse-007.xht</test-href>
          <reference-value>=</reference-value>
          <reference-href>reference/margin-collapse-002-ref.xht</reference-href>
          <flags>
              <flag>Ahem</flag><flag>Bitmaps</flag>
              </flags>
        </test><test>
          <test-title>Margin collapsing and elements with 'overflow' set to 'visible'</test-title>
          <test-href>margin-collapse-008.xht</test-href>
          <reference-value>=</reference-value>
          <reference-href>reference/margin-collapse-002-ref.xht</reference-href>
          <flags>
              <flag>Ahem</flag><flag>Bitmaps</flag>
              </flags>
        </test><test>
          <test-title>Margin collapsing and elements with 'overflow' set to 'hidden'</test-title>
          <test-href>margin-collapse-009.xht</test-href>
          <reference-value>=</reference-value>
          <reference-href>reference/ref-if-there-is-no-red.xht</reference-href>
          <flags>
              <flag>Ahem</flag>
              </flags>
        </test><test>
          <test-title>Margin collapsing - absolute positioning with children elements</test-title>
          <test-href>margin-collapse-013.xht</test-href>
          <reference-value>=</reference-value>
          <reference-href>reference/margin-collapse-013-ref.xht</reference-href>
          <flags>
              <flag>Ahem</flag><flag>Bitmaps</flag>
              </flags>
        </test><test>
          <test-title>Margin collapsing - inline-block elements as siblings</test-title>
          <test-href>margin-collapse-014.xht</test-href>
          <reference-value>=</reference-value>
          <reference-href>reference/margin-collapse-002-ref.xht</reference-href>
          <flags>
              <flag>Ahem</flag><flag>Bitmaps</flag>
              </flags>
        </test><test>
          <test-title>Margin collapsing - inline-block child does not collapse margins with parent</test-title>
          <test-href>margin-collapse-015.xht</test-href>
          <reference-value>=</reference-value>
          <reference-href>reference/margin-collapse-002-ref.xht</reference-href>
          <flags>
              <flag>Ahem</flag><flag>Bitmaps</flag>
              </flags>
        </test><test>
          <test-title>Margin collapsing - inline-block child does not collapse margins with parent</test-title>
          <test-href>margin-collapse-015a.xht</test-href>
          <reference-value>=</reference-value>
          <reference-href>reference/margin-collapse-002-ref.xht</reference-href>
          <flags>
              <flag>Ahem</flag><flag>Bitmaps</flag>
              </flags>
        </test><test>
          <test-title>Margin collapsing - top/bottom margins adjoining collapse through</test-title>
          <test-href>margin-collapse-016.xht</test-href>
          <reference-value>=</reference-value>
          <reference-href>reference/margin-collapse-002-ref.xht</reference-href>
          <flags>
              <flag>Ahem</flag><flag>Bitmaps</flag>
              </flags>
        </test><test>
          <test-title>Margin collapsing - parent edge and element edge are the same when margins collapse</test-title>
          <test-href>margin-collapse-017.xht</test-href>
          <reference-value>=</reference-value>
          <reference-href>reference/margin-collapse-017-ref.xht</reference-href>
          
        </test><test>
          <test-title>Margin collapsing - element with clearance</test-title>
          <test-href>margin-collapse-018.xht</test-href>
          <reference-value>=</reference-value>
          <reference-href>reference/clearance-006-ref.xht</reference-href>
          <flags>
              <flag>Ahem</flag><flag>Bitmaps</flag>
              </flags>
        </test><test>
          <test-title>Margin collapsing - elements that collapse margins have to effect on positions of other elements that also have margins that are collapsing</test-title>
          <test-href>margin-collapse-019.xht</test-href>
          <reference-value>=</reference-value>
          <reference-href>reference/margin-collapse-002-ref.xht</reference-href>
          <flags>
              <flag>Ahem</flag><flag>Bitmaps</flag>
              </flags>
        </test><test>
          <test-title>Margin collapsing with the root element</test-title>
          <test-href>margin-collapse-020.xht</test-href>
          <reference-value>=</reference-value>
          <reference-href>reference/margin-collapse-020-ref.xht</reference-href>
          <flags>
              <flag>Ahem</flag><flag>Bitmaps</flag>
              </flags>
        </test><test>
          <test-title>Margin collapsing - adjoining block boxes</test-title>
          <test-href>margin-collapse-022.xht</test-href>
          <reference-value>=</reference-value>
          <reference-href>reference/margin-collapse-002-ref.xht</reference-href>
          <flags>
              <flag>Ahem</flag><flag>Bitmaps</flag>
              </flags>
        </test><test>
          <test-title>Margin collapsing - clearance applied to sibling</test-title>
          <test-href>margin-collapse-023.xht</test-href>
          <reference-value>=</reference-value>
          <reference-href>reference/clearance-006-ref.xht</reference-href>
          <flags>
              <flag>Ahem</flag><flag>Bitmaps</flag>
              </flags>
        </test><test>
          <test-title>Margin collapsing - in-flow block-level margin adjoining child's margin</test-title>
          <test-href>margin-collapse-024.xht</test-href>
          <reference-value>=</reference-value>
          <reference-href>reference/margin-collapse-024-ref.xht</reference-href>
          <flags>
              <flag>Ahem</flag><flag>Bitmaps</flag>
              </flags>
        </test><test>
          <test-title>Margin collapsing - in-flow block-level margins with an element 'height' of 'auto' and 'max-height' and 'min-height'</test-title>
          <test-href>margin-collapse-025.xht</test-href>
          <reference-value>=</reference-value>
          <reference-href>reference/margin-collapse-002-ref.xht</reference-href>
          <flags>
              <flag>Ahem</flag><flag>Bitmaps</flag>
              </flags>
        </test><test>
          <test-title>Margin collapsing - in-flow block-level margins with an element 'height' of 'auto' and 'min-height' of zero</test-title>
          <test-href>margin-collapse-026.xht</test-href>
          <reference-value>=</reference-value>
          <reference-href>reference/margin-collapse-002-ref.xht</reference-href>
          <flags>
              <flag>Ahem</flag><flag>Bitmaps</flag>
              </flags>
        </test><test>
          <test-title>Margin collapsing - bottom margin not collapse when cleared</test-title>
          <test-href>margin-collapse-027.xht</test-href>
          <reference-value>=</reference-value>
          <reference-href>reference/clearance-006-ref.xht</reference-href>
          <flags>
              <flag>Ahem</flag><flag>Bitmaps</flag>
              </flags>
        </test><test>
          <test-title>Margin collapsing is based on used values of 'padding', 'margin' and 'border'</test-title>
          <test-href>margin-collapse-028.xht</test-href>
          <reference-value>=</reference-value>
          <reference-href>reference/margin-collapse-002-ref.xht</reference-href>
          <flags>
              <flag>Ahem</flag><flag>Bitmaps</flag>
              </flags>
        </test><test>
          <test-title>margin collapsing - child has no clearance</test-title>
          <test-href>margin-collapse-031.xht</test-href>
          <reference-value>=</reference-value>
          <reference-href>reference/margin-collapse-031-ref.xht</reference-href>
          
        </test><test>
          <test-title>margin collapsing - clear</test-title>
          <test-href>margin-collapse-033.xht</test-href>
          <reference-value>=</reference-value>
          <reference-href>reference/ref-filled-green-100px-square.xht</reference-href>
          
        </test><test>
          <test-title>margin collapsing - clear</test-title>
          <test-href>margin-collapse-034.xht</test-href>
          <reference-value>=</reference-value>
          <reference-href>reference/ref-filled-green-100px-square.xht</reference-href>
          
        </test><test>
          <test-title>margin collapsing - clear</test-title>
          <test-href>margin-collapse-035.xht</test-href>
          <reference-value>=</reference-value>
          <reference-href>reference/ref-filled-green-100px-square.xht</reference-href>
          
        </test><test>
          <test-title>Collapsing margins - margin-bottom of the last in-flow child block collapsing with its parent min-height block's bottom margin</test-title>
          <test-href>margin-collapse-037.xht</test-href>
          <reference-value>=</reference-value>
          <reference-href>reference/margin-collapse-037-ref.xht</reference-href>
          
        </test><test>
          <test-title>Collapsing margins - margin-bottom of the last in-flow child block collapsing with its max-height parent block's bottom margin</test-title>
          <test-href>margin-collapse-038.xht</test-href>
          <reference-value>=</reference-value>
          <reference-href>reference/margin-collapse-038-ref.xht</reference-href>
          
        </test><test>
          <test-title>margin collapsing - clear with child margin</test-title>
          <test-href>margin-collapse-039.xht</test-href>
          <reference-value>=</reference-value>
          <reference-href>reference/ref-filled-green-100px-square.xht</reference-href>
          
        </test><test>
          <test-title>margin collapsing - clear with child margin</test-title>
          <test-href>margin-collapse-040.xht</test-href>
          <reference-value>=</reference-value>
          <reference-href>reference/ref-filled-green-100px-square.xht</reference-href>
          
        </test><test>
          <test-title>margin collapsing - clear with descendants margins</test-title>
          <test-href>margin-collapse-041.xht</test-href>
          <reference-value>=</reference-value>
          <reference-href>reference/ref-filled-green-100px-square.xht</reference-href>
          
        </test><test>
          <test-title>Margin Collapsing: in flow</test-title>
          <test-href>margin-collapse-101.xht</test-href>
          <reference-value>=</reference-value>
          <reference-href>reference/margin-collapse-101-ref.xht</reference-href>
          
        </test><test>
          <test-title>Margin Collapsing: absolutely positioned</test-title>
          <test-href>margin-collapse-102.xht</test-href>
          <reference-value>=</reference-value>
          <reference-href>reference/ref-filled-green-100px-square.xht</reference-href>
          
        </test><test>
          <test-title>Margin Collapsing: fixed positioned</test-title>
          <test-href>margin-collapse-103.xht</test-href>
          <reference-value>=</reference-value>
          <reference-href>reference/margin-collapse-103-ref.xht</reference-href>
          
        </test><test>
          <test-title>Margin Collapsing: floats</test-title>
          <test-href>margin-collapse-104.xht</test-href>
          <reference-value>=</reference-value>
          <reference-href>reference/ref-filled-green-100px-square.xht</reference-href>
          
        </test><test>
          <test-title>Margin Collapsing: in flow (relatively positioned)</test-title>
          <test-href>margin-collapse-105.xht</test-href>
          <reference-value>=</reference-value>
          <reference-href>reference/margin-collapse-101-ref.xht</reference-href>
          
        </test><test>
          <test-title>Margin Collapsing: in flow (simple)</test-title>
          <test-href>margin-collapse-106.xht</test-href>
          <reference-value>=</reference-value>
          <reference-href>reference/margin-collapse-106-ref.xht</reference-href>
          <flags>
              <flag>Ahem</flag>
              </flags>
        </test><test>
          <test-title>Margin Collapsing: in flow (simple combinations)</test-title>
          <test-href>margin-collapse-110.xht</test-href>
          <reference-value>=</reference-value>
          <reference-href>reference/margin-collapse-110-ref.xht</reference-href>
          
        </test><test>
          <test-title>Margin Collapsing: in flow (simple combinations with collapse-through)</test-title>
          <test-href>margin-collapse-111.xht</test-href>
          <reference-value>=</reference-value>
          <reference-href>reference/margin-collapse-110-ref.xht</reference-href>
          
        </test><test>
          <test-title>Margin Collapsing: in flow (simple)</test-title>
          <test-href>margin-collapse-112.xht</test-href>
          <reference-value>=</reference-value>
          <reference-href>reference/margin-collapse-106-ref.xht</reference-href>
          <flags>
              <flag>Ahem</flag>
              </flags>
        </test><test>
          <test-title>Margin Collapsing: in flow (position of collapsed-through element)</test-title>
          <test-href>margin-collapse-113.xht</test-href>
          <reference-value>=</reference-value>
          <reference-href>reference/margin-collapse-113-ref.xht</reference-href>
          
        </test><test>
          <test-title>Margin Collapsing: in flow (position of collapsed-through element)</test-title>
          <test-href>margin-collapse-114.xht</test-href>
          <reference-value>=</reference-value>
          <reference-href>reference/margin-collapse-114-ref.xht</reference-href>
          
        </test><test>
          <test-title>Margin Collapsing: in flow (position of collapsed-through element)</test-title>
          <test-href>margin-collapse-115.xht</test-href>
          <reference-value>=</reference-value>
          <reference-href>reference/margin-collapse-115-ref.xht</reference-href>
          
        </test><test>
          <test-title>Margin Collapsing: in flow (position of collapsed-through element)</test-title>
          <test-href>margin-collapse-116.xht</test-href>
          <reference-value>=</reference-value>
          <reference-href>reference/margin-collapse-115-ref.xht</reference-href>
          
        </test><test>
          <test-title>Margin Collapsing: clear (control: no margins)</test-title>
          <test-href>margin-collapse-121.xht</test-href>
          <reference-value>=</reference-value>
          <reference-href>reference/margin-collapse-121-ref.xht</reference-href>
          
        </test><test>
          <test-title>Margin Collapsing: clear (simple)</test-title>
          <test-href>margin-collapse-122.xht</test-href>
          <reference-value>=</reference-value>
          <reference-href>reference/margin-collapse-121-ref.xht</reference-href>
          
        </test><test>
          <test-title>Margin Collapsing: clear (with nearby collapse-through block)</test-title>
          <test-href>margin-collapse-123.xht</test-href>
          <reference-value>=</reference-value>
          <reference-href>reference/margin-collapse-123-ref.xht</reference-href>
          
        </test><test>
          <test-title>Margin Collapsing: clear (on a self-collapsing block with a margin)</test-title>
          <test-href>margin-collapse-125.xht</test-href>
          <reference-value>=</reference-value>
          <reference-href>reference/margin-collapse-125-ref.xht</reference-href>
          
        </test><test>
          <test-title>Margin Collapsing: basic overflow test</test-title>
          <test-href>margin-collapse-130.xht</test-href>
          <reference-value>=</reference-value>
          <reference-href>reference/margin-collapse-130-ref.xht</reference-href>
          <flags>
              <flag>Ahem</flag>
              </flags>
        </test><test>
          <test-title>Margin Collapsing: in flow text (simple)</test-title>
          <test-href>margin-collapse-131.xht</test-href>
          <reference-value>=</reference-value>
          <reference-href>reference/margin-collapse-131-ref.xht</reference-href>
          <flags>
              <flag>Ahem</flag>
              </flags>
        </test><test>
          <test-title>Margin Collapsing: clear with no floats</test-title>
          <test-href>margin-collapse-134.xht</test-href>
          <reference-value>=</reference-value>
          <reference-href>reference/margin-collapse-134-ref.xht</reference-href>
          
        </test><test>
          <test-title>Margin Collapsing: negative margins with clear</test-title>
          <test-href>margin-collapse-135.xht</test-href>
          <reference-value>=</reference-value>
          <reference-href>reference/margin-collapse-135-ref.xht</reference-href>
          
        </test><test>
          <test-title>Margin Collapsing: margins on relative boxes</test-title>
          <test-href>margin-collapse-137.xht</test-href>
          <reference-value>=</reference-value>
          <reference-href>reference/margin-collapse-137-ref.xht</reference-href>
          <flags>
              <flag>Ahem</flag>
              </flags>
        </test><test>
          <test-title>Margin Collapsing: margins on relative boxes</test-title>
          <test-href>margin-collapse-138.xht</test-href>
          <reference-value>=</reference-value>
          <reference-href>reference/margin-collapse-137-ref.xht</reference-href>
          <flags>
              <flag>Ahem</flag>
              </flags>
        </test><test>
          <test-title>Margin Collapsing: clear (hard)</test-title>
          <test-href>margin-collapse-142.xht</test-href>
          <reference-value>=</reference-value>
          <reference-href>reference/margin-collapse-142-ref.xht</reference-href>
          
        </test><test>
          <test-title>Margin Collapsing: effect of margins on collapsing-through</test-title>
          <test-href>margin-collapse-155.xht</test-href>
          <reference-value>=</reference-value>
          <reference-href>reference/margin-collapse-155-ref.xht</reference-href>
          <flags>
              <flag>Ahem</flag>
              </flags>
        </test><test>
          <test-title>Margin Collapsing: in flow (height, control) - not really margin collapsing</test-title>
          <test-href>margin-collapse-156.xht</test-href>
          <reference-value>=</reference-value>
          <reference-href>reference/margin-collapse-156-ref.xht</reference-href>
          
        </test><test>
          <test-title>Margin Collapsing: clear (varying margins)</test-title>
          <test-href>margin-collapse-157.xht</test-href>
          <reference-value>=</reference-value>
          <reference-href>reference/margin-collapse-157-ref.xht</reference-href>
          
        </test><test>
          <test-title>Margin Collapsing: clear (with nearby collapse-through block)</test-title>
          <test-href>margin-collapse-158.xht</test-href>
          <reference-value>=</reference-value>
          <reference-href>reference/margin-collapse-158-ref.xht</reference-href>
          
        </test><test>
          <test-title>Margin Collapsing: in flow (height, simple) - not really margin collapsing</test-title>
          <test-href>margin-collapse-159.xht</test-href>
          <reference-value>=</reference-value>
          <reference-href>reference/margin-collapse-159-ref.xht</reference-href>
          
        </test><test>
          <test-title>Margins on cleared blocks that contain floats</test-title>
          <test-href>margin-collapse-165.xht</test-href>
          <reference-value>=</reference-value>
          <reference-href>reference/margin-collapse-165-ref.xht</reference-href>
          
        </test><test>
          <test-title>Margins on cleared blocks that contain floats, with dynamic border changes</test-title>
          <test-href>margin-collapse-166.xht</test-href>
          <reference-value>=</reference-value>
          <reference-href>reference/margin-collapse-165-ref.xht</reference-href>
          
        </test><test>
          <test-title>Margin Collapsing with Clearance</test-title>
          <test-href>margin-collapse-clear-002.xht</test-href>
          <reference-value>=</reference-value>
          <reference-href>reference/margin-collapse-clear-002-ref.xht</reference-href>
          
        </test><test>
          <test-title>Margin Collapsing with Clearance</test-title>
          <test-href>margin-collapse-clear-003.xht</test-href>
          <reference-value>=</reference-value>
          <reference-href>reference/margin-collapse-clear-003-ref.xht</reference-href>
          
        </test><test>
          <test-title>Margin Collapsing with Clearance</test-title>
          <test-href>margin-collapse-clear-008.xht</test-href>
          <reference-value>=</reference-value>
          <reference-href>reference/margin-collapse-clear-002-ref.xht</reference-href>
          
        </test><test>
          <test-title>Margin Collapsing with Clearance</test-title>
          <test-href>margin-collapse-clear-009.xht</test-href>
          <reference-value>=</reference-value>
          <reference-href>reference/margin-collapse-clear-003-ref.xht</reference-href>
          
        </test><test>
          <test-title>Margin collapsing with clearance - margins of a 'collapsed through' box with clearance do not collapse with parent block's bottom margin</test-title>
          <test-href>margin-collapse-clear-012.xht</test-href>
          <reference-value>=</reference-value>
          <reference-href>reference/margin-collapse-clear-012-ref.xht</reference-href>
          
        </test><test>
          <test-title>Margin collapsing with clearance - margins of a 'collapsed through' box with clearance do not collapse with parent block's bottom margin</test-title>
          <test-href>margin-collapse-clear-013.xht</test-href>
          <reference-value>=</reference-value>
          <reference-href>reference/margin-collapse-clear-012-ref.xht</reference-href>
          
        </test><test>
          <test-title>Margin collapsing with clearance - clearance may be negative</test-title>
          <test-href>margin-collapse-clear-014.xht</test-href>
          <reference-value>=</reference-value>
          <reference-href>reference/margin-collapse-clear-014-ref.xht</reference-href>
          
        </test><test>
          <test-title>Margin collapsing with clearance - Margins collapsing of an element's top margin with its first in-flow child should not be affected by clear and clearance</test-title>
          <test-href>margin-collapse-clear-015.xht</test-href>
          <reference-value>=</reference-value>
          <reference-href>reference/margin-collapse-clear-015-ref.xht</reference-href>
          
        </test><test>
          <test-title>Margin collapsing - margins of a 'collapsed through' box without clearance can collapse with parent block's bottom margin</test-title>
          <test-href>margin-collapse-clear-016.xht</test-href>
          <reference-value>=</reference-value>
          <reference-href>reference/margin-collapse-clear-016-ref.xht</reference-href>
          
        </test><test>
          <test-title>Margin collapsing - margins of a 'collapsed through' box without clearance can collapse with parent block's bottom margin</test-title>
          <test-href>margin-collapse-clear-017.xht</test-href>
          <reference-value>=</reference-value>
          <reference-href>reference/margin-collapse-clear-017-ref.xht</reference-href>
          <flags>
              <flag>Bitmaps</flag>
              </flags>
        </test><test>
          <test-title>inherit applied on margin set with em</test-title>
          <test-href>margin-em-inherit-001.xht</test-href>
          <reference-value>=</reference-value>
          <reference-href>reference/margin-em-inherit-001-ref.xht</reference-href>
          <flags>
              <flag>Bitmaps</flag>
              </flags>
        </test><test>
          <test-title>Margin on non-replaced inline elements</test-title>
          <test-href>margin-inline-001.xht</test-href>
          <reference-value>=</reference-value>
          <reference-href>reference/margin-inline-001-ref.xht</reference-href>
          <flags>
              <flag>Ahem</flag>
              </flags>
        </test><test>
          <test-title>Margin-top and margin-bottom on inline elements</test-title>
          <test-href>margin-inline-002.xht</test-href>
          <reference-value>=</reference-value>
          <reference-href>reference/margin-inline-002-ref.xht</reference-href>
          
        </test><test>
          <test-title>Margin-left using pixels with a negative zero value, -0px</test-title>
          <test-href>margin-left-004.xht</test-href>
          <reference-value>=</reference-value>
          <reference-href>reference/margin-left-004-ref.xht</reference-href>
          
        </test><test>
          <test-title>Margin-left using pixels with a zero value, 0px</test-title>
          <test-href>margin-left-005.xht</test-href>
          <reference-value>=</reference-value>
          <reference-href>reference/margin-left-004-ref.xht</reference-href>
          
        </test><test>
          <test-title>Margin-left using pixels with a positive zero value, +0px</test-title>
          <test-href>margin-left-006.xht</test-href>
          <reference-value>=</reference-value>
          <reference-href>reference/margin-left-004-ref.xht</reference-href>
          
        </test><test>
          <test-title>Margin-left using pixels with a nominal value, 96px</test-title>
          <test-href>margin-left-007.xht</test-href>
          <reference-value>=</reference-value>
          <reference-href>reference/margin-left-007-ref.xht</reference-href>
          
        </test><test>
          <test-title>Margin-left using pixels with a nominal value with a plus sign, +96px</test-title>
          <test-href>margin-left-008.xht</test-href>
          <reference-value>=</reference-value>
          <reference-href>reference/margin-left-007-ref.xht</reference-href>
          
        </test><test>
          <test-title>Margin-left using points with a negative zero value, -0pt</test-title>
          <test-href>margin-left-016.xht</test-href>
          <reference-value>=</reference-value>
          <reference-href>reference/margin-left-004-ref.xht</reference-href>
          
        </test><test>
          <test-title>Margin-left using points with a zero value, 0pt</test-title>
          <test-href>margin-left-017.xht</test-href>
          <reference-value>=</reference-value>
          <reference-href>reference/margin-left-004-ref.xht</reference-href>
          
        </test><test>
          <test-title>Margin-left using points with a positive zero value, +0pt</test-title>
          <test-href>margin-left-018.xht</test-href>
          <reference-value>=</reference-value>
          <reference-href>reference/margin-left-004-ref.xht</reference-href>
          
        </test><test>
          <test-title>Margin-left using points with a nominal value, 72pt</test-title>
          <test-href>margin-left-019.xht</test-href>
          <reference-value>=</reference-value>
          <reference-href>reference/margin-left-019-ref.xht</reference-href>
          
        </test><test>
          <test-title>Margin-left using points with a nominal value with a plus sign, +72pt</test-title>
          <test-href>margin-left-020.xht</test-href>
          <reference-value>=</reference-value>
          <reference-href>reference/margin-left-019-ref.xht</reference-href>
          
        </test><test>
          <test-title>Margin-left using picas with a negative zero value, -0pc</test-title>
          <test-href>margin-left-028.xht</test-href>
          <reference-value>=</reference-value>
          <reference-href>reference/margin-left-004-ref.xht</reference-href>
          
        </test><test>
          <test-title>Margin-left using picas with a zero value, 0pc</test-title>
          <test-href>margin-left-029.xht</test-href>
          <reference-value>=</reference-value>
          <reference-href>reference/margin-left-004-ref.xht</reference-href>
          
        </test><test>
          <test-title>Margin-left using picas with a positive zero value, +0pc</test-title>
          <test-href>margin-left-030.xht</test-href>
          <reference-value>=</reference-value>
          <reference-href>reference/margin-left-004-ref.xht</reference-href>
          
        </test><test>
          <test-title>Margin-left using picas with a nominal value, 6pc</test-title>
          <test-href>margin-left-031.xht</test-href>
          <reference-value>=</reference-value>
          <reference-href>reference/margin-left-031-ref.xht</reference-href>
          
        </test><test>
          <test-title>Margin-left using picas with a nominal value with a plus sign, +6pc</test-title>
          <test-href>margin-left-032.xht</test-href>
          <reference-value>=</reference-value>
          <reference-href>reference/margin-left-031-ref.xht</reference-href>
          
        </test><test>
          <test-title>Margin-left using centimeters with a negative zero value, -0cm</test-title>
          <test-href>margin-left-040.xht</test-href>
          <reference-value>=</reference-value>
          <reference-href>reference/margin-left-004-ref.xht</reference-href>
          
        </test><test>
          <test-title>Margin-left using centimeters with a zero value, 0cm</test-title>
          <test-href>margin-left-041.xht</test-href>
          <reference-value>=</reference-value>
          <reference-href>reference/margin-left-004-ref.xht</reference-href>
          
        </test><test>
          <test-title>Margin-left using centimeters with a positive zero value, +0cm</test-title>
          <test-href>margin-left-042.xht</test-href>
          <reference-value>=</reference-value>
          <reference-href>reference/margin-left-004-ref.xht</reference-href>
          
        </test><test>
          <test-title>Margin-left using centimeters with a nominal value, 2.54cm</test-title>
          <test-href>margin-left-043.xht</test-href>
          <reference-value>=</reference-value>
          <reference-href>reference/margin-left-043-ref.xht</reference-href>
          
        </test><test>
          <test-title>Margin-left using centimeters with a nominal value with a plus sign, +2.54cm</test-title>
          <test-href>margin-left-044.xht</test-href>
          <reference-value>=</reference-value>
          <reference-href>reference/margin-left-043-ref.xht</reference-href>
          
        </test><test>
          <test-title>Margin-left using millimeters with a negative zero value, -0mm</test-title>
          <test-href>margin-left-052.xht</test-href>
          <reference-value>=</reference-value>
          <reference-href>reference/margin-left-004-ref.xht</reference-href>
          
        </test><test>
          <test-title>Margin-left using millimeters with a zero value, 0mm</test-title>
          <test-href>margin-left-053.xht</test-href>
          <reference-value>=</reference-value>
          <reference-href>reference/margin-left-004-ref.xht</reference-href>
          
        </test><test>
          <test-title>Margin-left using millimeters with a positive zero value, +0mm</test-title>
          <test-href>margin-left-054.xht</test-href>
          <reference-value>=</reference-value>
          <reference-href>reference/margin-left-004-ref.xht</reference-href>
          
        </test><test>
          <test-title>Margin-left using millimeters with a nominal value, 25.4mm</test-title>
          <test-href>margin-left-055.xht</test-href>
          <reference-value>=</reference-value>
          <reference-href>reference/margin-left-043-ref.xht</reference-href>
          
        </test><test>
          <test-title>Margin-left using millimeters with a nominal value with a plus sign, +25.4mm</test-title>
          <test-href>margin-left-056.xht</test-href>
          <reference-value>=</reference-value>
          <reference-href>reference/margin-left-043-ref.xht</reference-href>
          
        </test><test>
          <test-title>Margin-left using inches with a negative zero value, -0in</test-title>
          <test-href>margin-left-064.xht</test-href>
          <reference-value>=</reference-value>
          <reference-href>reference/margin-left-004-ref.xht</reference-href>
          
        </test><test>
          <test-title>Margin-left using inches with a zero value, 0in</test-title>
          <test-href>margin-left-065.xht</test-href>
          <reference-value>=</reference-value>
          <reference-href>reference/margin-left-004-ref.xht</reference-href>
          
        </test><test>
          <test-title>Margin-left using inches with a positive zero value, +0in</test-title>
          <test-href>margin-left-066.xht</test-href>
          <reference-value>=</reference-value>
          <reference-href>reference/margin-left-004-ref.xht</reference-href>
          
        </test><test>
          <test-title>Margin-left using inches with a nominal value, 1in</test-title>
          <test-href>margin-left-067.xht</test-href>
          <reference-value>=</reference-value>
          <reference-href>reference/margin-left-067-ref.xht</reference-href>
          
        </test><test>
          <test-title>Margin-left using inches with a nominal value with a plus sign, +1in</test-title>
          <test-href>margin-left-068.xht</test-href>
          <reference-value>=</reference-value>
          <reference-href>reference/margin-left-067-ref.xht</reference-href>
          
        </test><test>
          <test-title>Margin-left using 'em' units with a negative zero value, -0em</test-title>
          <test-href>margin-left-076.xht</test-href>
          <reference-value>=</reference-value>
          <reference-href>reference/margin-left-004-ref.xht</reference-href>
          <flags>
              <flag>Ahem</flag>
              </flags>
        </test><test>
          <test-title>Margin-left using 'em' units with a zero value, 0em</test-title>
          <test-href>margin-left-077.xht</test-href>
          <reference-value>=</reference-value>
          <reference-href>reference/margin-left-004-ref.xht</reference-href>
          <flags>
              <flag>Ahem</flag>
              </flags>
        </test><test>
          <test-title>Margin-left using 'em' units with a positive zero value, +0em</test-title>
          <test-href>margin-left-078.xht</test-href>
          <reference-value>=</reference-value>
          <reference-href>reference/margin-left-004-ref.xht</reference-href>
          <flags>
              <flag>Ahem</flag>
              </flags>
        </test><test>
          <test-title>Margin-left using 'em' units with a nominal value, 6em</test-title>
          <test-href>margin-left-079.xht</test-href>
          <reference-value>=</reference-value>
          <reference-href>reference/margin-left-079-ref.xht</reference-href>
          <flags>
              <flag>Ahem</flag>
              </flags>
        </test><test>
          <test-title>Margin-left using 'em' units with a nominal value with a plus sign, +6em</test-title>
          <test-href>margin-left-080.xht</test-href>
          <reference-value>=</reference-value>
          <reference-href>reference/margin-left-079-ref.xht</reference-href>
          <flags>
              <flag>Ahem</flag>
              </flags>
        </test><test>
          <test-title>Margin-left using 'ex' units with a negative zero value, -0ex</test-title>
          <test-href>margin-left-088.xht</test-href>
          <reference-value>=</reference-value>
          <reference-href>reference/margin-left-004-ref.xht</reference-href>
          <flags>
              <flag>Ahem</flag>
              </flags>
        </test><test>
          <test-title>Margin-left using 'ex' units with a zero value, 0ex</test-title>
          <test-href>margin-left-089.xht</test-href>
          <reference-value>=</reference-value>
          <reference-href>reference/margin-left-004-ref.xht</reference-href>
          <flags>
              <flag>Ahem</flag>
              </flags>
        </test><test>
          <test-title>Margin-left using 'ex' units with a positive zero value, +0ex</test-title>
          <test-href>margin-left-090.xht</test-href>
          <reference-value>=</reference-value>
          <reference-href>reference/margin-left-004-ref.xht</reference-href>
          <flags>
              <flag>Ahem</flag>
              </flags>
        </test><test>
          <test-title>Margin-left using 'ex' units with a nominal value, 7.5ex</test-title>
          <test-href>margin-left-091.xht</test-href>
          <reference-value>=</reference-value>
          <reference-href>reference/margin-left-031-ref.xht</reference-href>
          <flags>
              <flag>Ahem</flag>
              </flags>
        </test><test>
          <test-title>Margin-left using 'ex' units with a nominal value with a plus sign, +7.5ex</test-title>
          <test-href>margin-left-092.xht</test-href>
          <reference-value>=</reference-value>
          <reference-href>reference/margin-left-031-ref.xht</reference-href>
          <flags>
              <flag>Ahem</flag>
              </flags>
        </test><test>
          <test-title>Margin-left using percentages with a negative zero value, -0%</test-title>
          <test-href>margin-left-100.xht</test-href>
          <reference-value>=</reference-value>
          <reference-href>reference/margin-left-004-ref.xht</reference-href>
          
        </test><test>
          <test-title>Margin-left using percentages with a zero value, 0%</test-title>
          <test-href>margin-left-101.xht</test-href>
          <reference-value>=</reference-value>
          <reference-href>reference/margin-left-004-ref.xht</reference-href>
          
        </test><test>
          <test-title>Margin-left using percentages with a positive zero value, +0%</test-title>
          <test-href>margin-left-102.xht</test-href>
          <reference-value>=</reference-value>
          <reference-href>reference/margin-left-004-ref.xht</reference-href>
          
        </test><test>
          <test-title>Margin-left using percentages with a nominal value, 50%</test-title>
          <test-href>margin-left-103.xht</test-href>
          <reference-value>=</reference-value>
          <reference-href>reference/margin-left-103-ref.xht</reference-href>
          
        </test><test>
          <test-title>Margin-left using percentages with a nominal value with a plus sign, +50%</test-title>
          <test-href>margin-left-104.xht</test-href>
          <reference-value>=</reference-value>
          <reference-href>reference/margin-left-103-ref.xht</reference-href>
          
        </test><test>
          <test-title>Margin-left sets a negative zero value with no units, -0</test-title>
          <test-href>margin-left-109.xht</test-href>
          <reference-value>=</reference-value>
          <reference-href>reference/margin-left-004-ref.xht</reference-href>
          
        </test><test>
          <test-title>Margin-left sets a zero value with no units, 0</test-title>
          <test-href>margin-left-110.xht</test-href>
          <reference-value>=</reference-value>
          <reference-href>reference/margin-left-004-ref.xht</reference-href>
          
        </test><test>
          <test-title>Margin-left sets a positive zero value with no units, +0</test-title>
          <test-href>margin-left-111.xht</test-href>
          <reference-value>=</reference-value>
          <reference-href>reference/margin-left-004-ref.xht</reference-href>
          
        </test><test>
          <test-title>Margin-left with a value of 'auto'</test-title>
          <test-href>margin-left-112.xht</test-href>
          <reference-value>=</reference-value>
          <reference-href>reference/margin-left-004-ref.xht</reference-href>
          
        </test><test>
          <test-title>Margin-left with a value of 'inherit'</test-title>
          <test-href>margin-left-113.xht</test-href>
          <reference-value>=</reference-value>
          <reference-href>reference/margin-left-113-ref.xht</reference-href>
          
        </test><test>
          <test-title>Margin-left applied to element with display table-row-group</test-title>
          <test-href>margin-left-applies-to-001.xht</test-href>
          <reference-value>=</reference-value>
          <reference-href>reference/margin-left-applies-to-001-ref.xht</reference-href>
          
        </test><test>
          <test-title>Margin-left applied to element with display table-header-group</test-title>
          <test-href>margin-left-applies-to-002.xht</test-href>
          <reference-value>=</reference-value>
          <reference-href>reference/margin-left-applies-to-001-ref.xht</reference-href>
          
        </test><test>
          <test-title>Margin-left applied to element with display table-footer-group</test-title>
          <test-href>margin-left-applies-to-003.xht</test-href>
          <reference-value>=</reference-value>
          <reference-href>reference/margin-left-applies-to-001-ref.xht</reference-href>
          
        </test><test>
          <test-title>Margin-left applied to element with display table-row</test-title>
          <test-href>margin-left-applies-to-004.xht</test-href>
          <reference-value>=</reference-value>
          <reference-href>reference/margin-left-applies-to-001-ref.xht</reference-href>
          
        </test><test>
          <test-title>Margin-left applied to element with display table-column-group</test-title>
          <test-href>margin-left-applies-to-005.xht</test-href>
          <reference-value>=</reference-value>
          <reference-href>reference/margin-left-applies-to-001-ref.xht</reference-href>
          
        </test><test>
          <test-title>Margin-left applied to element with display table-column</test-title>
          <test-href>margin-left-applies-to-006.xht</test-href>
          <reference-value>=</reference-value>
          <reference-href>reference/margin-left-applies-to-001-ref.xht</reference-href>
          
        </test><test>
          <test-title>Margin-left applied to element with display table-cell</test-title>
          <test-href>margin-left-applies-to-007.xht</test-href>
          <reference-value>=</reference-value>
          <reference-href>reference/margin-left-applies-to-001-ref.xht</reference-href>
          
        </test><test>
          <test-title>Margin-left applied to element with display block</test-title>
          <test-href>margin-left-applies-to-009.xht</test-href>
          <reference-value>=</reference-value>
          <reference-href>reference/margin-left-applies-to-009-ref.xht</reference-href>
          
        </test><test>
          <test-title>Margin-left applied to element with display inline-block</test-title>
          <test-href>margin-left-applies-to-012.xht</test-href>
          <reference-value>=</reference-value>
          <reference-href>reference/margin-left-applies-to-009-ref.xht</reference-href>
          
        </test><test>
          <test-title>Margin-left applied to element with display table</test-title>
          <test-href>margin-left-applies-to-013.xht</test-href>
          <reference-value>=</reference-value>
          <reference-href>reference/margin-left-applies-to-009-ref.xht</reference-href>
          
        </test><test>
          <test-title>Margin-left applied to element with display inline-table</test-title>
          <test-href>margin-left-applies-to-014.xht</test-href>
          <reference-value>=</reference-value>
          <reference-href>reference/margin-left-applies-to-009-ref.xht</reference-href>
          
        </test><test>
          <test-title>Margin-left applied to element with display table-caption</test-title>
          <test-href>margin-left-applies-to-015.xht</test-href>
          <reference-value>=</reference-value>
          <reference-href>reference/margin-left-applies-to-009-ref.xht</reference-href>
          
        </test><test>
          <test-title>margin - inherit applied on margin percentage</test-title>
          <test-href>margin-percentage-inherit-001.xht</test-href>
          <reference-value>=</reference-value>
          <reference-href>reference/margin-percentage-inherit-001-ref.xht</reference-href>
          <flags>
              <flag>Bitmaps</flag>
              </flags>
        </test><test>
          <test-title>Margin-right using pixels with a negative zero value, -0px</test-title>
          <test-href>margin-right-004.xht</test-href>
          <reference-value>=</reference-value>
          <reference-href>reference/margin-left-004-ref.xht</reference-href>
          
        </test><test>
          <test-title>Margin-right using pixels with a zero value, 0px</test-title>
          <test-href>margin-right-005.xht</test-href>
          <reference-value>=</reference-value>
          <reference-href>reference/margin-left-004-ref.xht</reference-href>
          
        </test><test>
          <test-title>Margin-right using pixels with a positive zero value, +0px</test-title>
          <test-href>margin-right-006.xht</test-href>
          <reference-value>=</reference-value>
          <reference-href>reference/margin-left-004-ref.xht</reference-href>
          
        </test><test>
          <test-title>Margin-right using pixels with a nominal value, 96px</test-title>
          <test-href>margin-right-007.xht</test-href>
          <reference-value>=</reference-value>
          <reference-href>reference/margin-left-007-ref.xht</reference-href>
          
        </test><test>
          <test-title>Margin-right using pixels with a nominal value with a plus sign, +96px</test-title>
          <test-href>margin-right-008.xht</test-href>
          <reference-value>=</reference-value>
          <reference-href>reference/margin-left-007-ref.xht</reference-href>
          
        </test><test>
          <test-title>Margin-right using points with a negative zero value, -0pt</test-title>
          <test-href>margin-right-016.xht</test-href>
          <reference-value>=</reference-value>
          <reference-href>reference/margin-left-004-ref.xht</reference-href>
          
        </test><test>
          <test-title>Margin-right using points with a zero value, 0pt</test-title>
          <test-href>margin-right-017.xht</test-href>
          <reference-value>=</reference-value>
          <reference-href>reference/margin-left-004-ref.xht</reference-href>
          
        </test><test>
          <test-title>Margin-right using points with a positive zero value, +0pt</test-title>
          <test-href>margin-right-018.xht</test-href>
          <reference-value>=</reference-value>
          <reference-href>reference/margin-left-004-ref.xht</reference-href>
          
        </test><test>
          <test-title>Margin-right using points with a nominal value, 72pt</test-title>
          <test-href>margin-right-019.xht</test-href>
          <reference-value>=</reference-value>
          <reference-href>reference/margin-left-019-ref.xht</reference-href>
          
        </test><test>
          <test-title>Margin-right using points with a nominal value with a plus sign, +72pt</test-title>
          <test-href>margin-right-020.xht</test-href>
          <reference-value>=</reference-value>
          <reference-href>reference/margin-left-019-ref.xht</reference-href>
          
        </test><test>
          <test-title>Margin-right using picas with a negative zero value, -0pc</test-title>
          <test-href>margin-right-028.xht</test-href>
          <reference-value>=</reference-value>
          <reference-href>reference/margin-left-004-ref.xht</reference-href>
          
        </test><test>
          <test-title>Margin-right using picas with a zero value, 0pc</test-title>
          <test-href>margin-right-029.xht</test-href>
          <reference-value>=</reference-value>
          <reference-href>reference/margin-left-004-ref.xht</reference-href>
          
        </test><test>
          <test-title>Margin-right using picas with a positive zero value, +0pc</test-title>
          <test-href>margin-right-030.xht</test-href>
          <reference-value>=</reference-value>
          <reference-href>reference/margin-left-004-ref.xht</reference-href>
          
        </test><test>
          <test-title>Margin-right using picas with a nominal value, 6pc</test-title>
          <test-href>margin-right-031.xht</test-href>
          <reference-value>=</reference-value>
          <reference-href>reference/margin-left-031-ref.xht</reference-href>
          
        </test><test>
          <test-title>Margin-right using picas with a nominal value with a plus sign, +6pc</test-title>
          <test-href>margin-right-032.xht</test-href>
          <reference-value>=</reference-value>
          <reference-href>reference/margin-left-031-ref.xht</reference-href>
          
        </test><test>
          <test-title>Margin-right using centimeters with a negative zero value, -0cm</test-title>
          <test-href>margin-right-040.xht</test-href>
          <reference-value>=</reference-value>
          <reference-href>reference/margin-left-004-ref.xht</reference-href>
          
        </test><test>
          <test-title>Margin-right using centimeters with a zero value, 0cm</test-title>
          <test-href>margin-right-041.xht</test-href>
          <reference-value>=</reference-value>
          <reference-href>reference/margin-left-004-ref.xht</reference-href>
          
        </test><test>
          <test-title>Margin-right using centimeters with a positive zero value, +0cm</test-title>
          <test-href>margin-right-042.xht</test-href>
          <reference-value>=</reference-value>
          <reference-href>reference/margin-left-004-ref.xht</reference-href>
          
        </test><test>
          <test-title>Margin-right using centimeters with a nominal value, 2.54cm</test-title>
          <test-href>margin-right-043.xht</test-href>
          <reference-value>=</reference-value>
          <reference-href>reference/margin-left-043-ref.xht</reference-href>
          
        </test><test>
          <test-title>Margin-right using centimeters with a nominal value with a plus sign, +2.54cm</test-title>
          <test-href>margin-right-044.xht</test-href>
          <reference-value>=</reference-value>
          <reference-href>reference/margin-left-043-ref.xht</reference-href>
          
        </test><test>
          <test-title>Margin-right using millimeters with a negative zero value, -0mm</test-title>
          <test-href>margin-right-052.xht</test-href>
          <reference-value>=</reference-value>
          <reference-href>reference/margin-left-004-ref.xht</reference-href>
          
        </test><test>
          <test-title>Margin-right using millimeters with a zero value, 0mm</test-title>
          <test-href>margin-right-053.xht</test-href>
          <reference-value>=</reference-value>
          <reference-href>reference/margin-left-004-ref.xht</reference-href>
          
        </test><test>
          <test-title>Margin-right using millimeters with a positive zero value, +0mm</test-title>
          <test-href>margin-right-054.xht</test-href>
          <reference-value>=</reference-value>
          <reference-href>reference/margin-left-004-ref.xht</reference-href>
          
        </test><test>
          <test-title>Margin-right using millimeters with a nominal value, 25.4mm</test-title>
          <test-href>margin-right-055.xht</test-href>
          <reference-value>=</reference-value>
          <reference-href>reference/margin-left-043-ref.xht</reference-href>
          
        </test><test>
          <test-title>Margin-right using millimeters with a nominal value with a plus sign, +25.4mm</test-title>
          <test-href>margin-right-056.xht</test-href>
          <reference-value>=</reference-value>
          <reference-href>reference/margin-left-043-ref.xht</reference-href>
          
        </test><test>
          <test-title>Margin-right using inches with a negative zero value, -0in</test-title>
          <test-href>margin-right-064.xht</test-href>
          <reference-value>=</reference-value>
          <reference-href>reference/margin-left-004-ref.xht</reference-href>
          
        </test><test>
          <test-title>Margin-right using inches with a zero value, 0in</test-title>
          <test-href>margin-right-065.xht</test-href>
          <reference-value>=</reference-value>
          <reference-href>reference/margin-left-004-ref.xht</reference-href>
          
        </test><test>
          <test-title>Margin-right using inches with a positive zero value, +0in</test-title>
          <test-href>margin-right-066.xht</test-href>
          <reference-value>=</reference-value>
          <reference-href>reference/margin-left-004-ref.xht</reference-href>
          
        </test><test>
          <test-title>Margin-right using inches with a nominal value, 1in</test-title>
          <test-href>margin-right-067.xht</test-href>
          <reference-value>=</reference-value>
          <reference-href>reference/margin-left-067-ref.xht</reference-href>
          
        </test><test>
          <test-title>Margin-right using inches with a nominal value with a plus sign, +1in</test-title>
          <test-href>margin-right-068.xht</test-href>
          <reference-value>=</reference-value>
          <reference-href>reference/margin-left-067-ref.xht</reference-href>
          
        </test><test>
          <test-title>Margin-right using 'em' units with a negative zero value, -0em</test-title>
          <test-href>margin-right-076.xht</test-href>
          <reference-value>=</reference-value>
          <reference-href>reference/margin-left-004-ref.xht</reference-href>
          <flags>
              <flag>Ahem</flag>
              </flags>
        </test><test>
          <test-title>Margin-right using 'em' units with a zero value, 0em</test-title>
          <test-href>margin-right-077.xht</test-href>
          <reference-value>=</reference-value>
          <reference-href>reference/margin-left-004-ref.xht</reference-href>
          <flags>
              <flag>Ahem</flag>
              </flags>
        </test><test>
          <test-title>Margin-right using 'em' units with a positive zero value, +0em</test-title>
          <test-href>margin-right-078.xht</test-href>
          <reference-value>=</reference-value>
          <reference-href>reference/margin-left-004-ref.xht</reference-href>
          <flags>
              <flag>Ahem</flag>
              </flags>
        </test><test>
          <test-title>Margin-right using 'em' units with a nominal value, 6em</test-title>
          <test-href>margin-right-079.xht</test-href>
          <reference-value>=</reference-value>
          <reference-href>reference/margin-left-079-ref.xht</reference-href>
          <flags>
              <flag>Ahem</flag>
              </flags>
        </test><test>
          <test-title>Margin-right using 'em' units with a nominal value with a plus sign, +6em</test-title>
          <test-href>margin-right-080.xht</test-href>
          <reference-value>=</reference-value>
          <reference-href>reference/margin-left-079-ref.xht</reference-href>
          <flags>
              <flag>Ahem</flag>
              </flags>
        </test><test>
          <test-title>Margin-right using 'ex' units with a negative zero value, -0ex</test-title>
          <test-href>margin-right-088.xht</test-href>
          <reference-value>=</reference-value>
          <reference-href>reference/margin-left-004-ref.xht</reference-href>
          <flags>
              <flag>Ahem</flag>
              </flags>
        </test><test>
          <test-title>Margin-right using 'ex' units with a zero value, 0ex</test-title>
          <test-href>margin-right-089.xht</test-href>
          <reference-value>=</reference-value>
          <reference-href>reference/margin-left-004-ref.xht</reference-href>
          <flags>
              <flag>Ahem</flag>
              </flags>
        </test><test>
          <test-title>Margin-right using 'ex' units with a positive zero value, +0ex</test-title>
          <test-href>margin-right-090.xht</test-href>
          <reference-value>=</reference-value>
          <reference-href>reference/margin-left-004-ref.xht</reference-href>
          <flags>
              <flag>Ahem</flag>
              </flags>
        </test><test>
          <test-title>Margin-right using 'ex' units with a nominal value, 7.5ex</test-title>
          <test-href>margin-right-091.xht</test-href>
          <reference-value>=</reference-value>
          <reference-href>reference/margin-left-031-ref.xht</reference-href>
          <flags>
              <flag>Ahem</flag>
              </flags>
        </test><test>
          <test-title>Margin-right using 'ex' units with a nominal value with a plus sign, +7.5ex</test-title>
          <test-href>margin-right-092.xht</test-href>
          <reference-value>=</reference-value>
          <reference-href>reference/margin-left-031-ref.xht</reference-href>
          <flags>
              <flag>Ahem</flag>
              </flags>
        </test><test>
          <test-title>Margin-right using percentages with a negative zero value, -0%</test-title>
          <test-href>margin-right-100.xht</test-href>
          <reference-value>=</reference-value>
          <reference-href>reference/margin-right-100-ref.xht</reference-href>
          
        </test><test>
          <test-title>Margin-right using percentages with a zero value, 0%</test-title>
          <test-href>margin-right-101.xht</test-href>
          <reference-value>=</reference-value>
          <reference-href>reference/margin-right-100-ref.xht</reference-href>
          
        </test><test>
          <test-title>Margin-right using percentages with a positive zero value, +0%</test-title>
          <test-href>margin-right-102.xht</test-href>
          <reference-value>=</reference-value>
          <reference-href>reference/margin-right-100-ref.xht</reference-href>
          
        </test><test>
          <test-title>Margin-right using percentages with a nominal value, 50%</test-title>
          <test-href>margin-right-103.xht</test-href>
          <reference-value>=</reference-value>
          <reference-href>reference/margin-right-103-ref.xht</reference-href>
          
        </test><test>
          <test-title>Margin-right using percentages with a nominal value with a plus sign, +50%</test-title>
          <test-href>margin-right-104.xht</test-href>
          <reference-value>=</reference-value>
          <reference-href>reference/margin-right-103-ref.xht</reference-href>
          
        </test><test>
          <test-title>Margin-right sets a negative zero value with no units, -0</test-title>
          <test-href>margin-right-109.xht</test-href>
          <reference-value>=</reference-value>
          <reference-href>reference/margin-left-004-ref.xht</reference-href>
          
        </test><test>
          <test-title>Margin-right sets a zero value with no units, 0</test-title>
          <test-href>margin-right-110.xht</test-href>
          <reference-value>=</reference-value>
          <reference-href>reference/margin-left-004-ref.xht</reference-href>
          
        </test><test>
          <test-title>Margin-right sets a positive zero value with no units, +0</test-title>
          <test-href>margin-right-111.xht</test-href>
          <reference-value>=</reference-value>
          <reference-href>reference/margin-left-004-ref.xht</reference-href>
          
        </test><test>
          <test-title>Margin-right with a value of 'auto'</test-title>
          <test-href>margin-right-112.xht</test-href>
          <reference-value>=</reference-value>
          <reference-href>reference/margin-left-004-ref.xht</reference-href>
          
        </test><test>
          <test-title>Margin-right with a value of 'inherit'</test-title>
          <test-href>margin-right-113.xht</test-href>
          <reference-value>=</reference-value>
          <reference-href>reference/margin-right-113-ref.xht</reference-href>
          
        </test><test>
          <test-title>Margin-right applied to element with display table-row-group</test-title>
          <test-href>margin-right-applies-to-001.xht</test-href>
          <reference-value>=</reference-value>
          <reference-href>reference/margin-left-applies-to-001-ref.xht</reference-href>
          
        </test><test>
          <test-title>Margin-right applied to element with display table-header-group</test-title>
          <test-href>margin-right-applies-to-002.xht</test-href>
          <reference-value>=</reference-value>
          <reference-href>reference/margin-left-applies-to-001-ref.xht</reference-href>
          
        </test><test>
          <test-title>Margin-right applied to element with display table-footer-group</test-title>
          <test-href>margin-right-applies-to-003.xht</test-href>
          <reference-value>=</reference-value>
          <reference-href>reference/margin-left-applies-to-001-ref.xht</reference-href>
          
        </test><test>
          <test-title>Margin-right applied to element with display table-row</test-title>
          <test-href>margin-right-applies-to-004.xht</test-href>
          <reference-value>=</reference-value>
          <reference-href>reference/margin-left-applies-to-001-ref.xht</reference-href>
          
        </test><test>
          <test-title>Margin-right applied to element with display table-column-group</test-title>
          <test-href>margin-right-applies-to-005.xht</test-href>
          <reference-value>=</reference-value>
          <reference-href>reference/margin-left-applies-to-001-ref.xht</reference-href>
          
        </test><test>
          <test-title>Margin-right applied to element with display table-column</test-title>
          <test-href>margin-right-applies-to-006.xht</test-href>
          <reference-value>=</reference-value>
          <reference-href>reference/margin-left-applies-to-001-ref.xht</reference-href>
          
        </test><test>
          <test-title>Margin-right applied to element with display table-cell</test-title>
          <test-href>margin-right-applies-to-007.xht</test-href>
          <reference-value>=</reference-value>
          <reference-href>reference/margin-left-applies-to-001-ref.xht</reference-href>
          
        </test><test>
          <test-title>Margin-right applied to element with display block</test-title>
          <test-href>margin-right-applies-to-009.xht</test-href>
          <reference-value>=</reference-value>
          <reference-href>reference/margin-left-applies-to-009-ref.xht</reference-href>
          
        </test><test>
          <test-title>Margin-right applied to element with display inline-block</test-title>
          <test-href>margin-right-applies-to-012.xht</test-href>
          <reference-value>=</reference-value>
          <reference-href>reference/margin-left-applies-to-009-ref.xht</reference-href>
          
        </test><test>
          <test-title>Margin-right applied to element with display table</test-title>
          <test-href>margin-right-applies-to-013.xht</test-href>
          <reference-value>=</reference-value>
          <reference-href>reference/margin-left-applies-to-009-ref.xht</reference-href>
          
        </test><test>
          <test-title>Margin-right applied to element with display inline-table</test-title>
          <test-href>margin-right-applies-to-014.xht</test-href>
          <reference-value>=</reference-value>
          <reference-href>reference/margin-left-applies-to-009-ref.xht</reference-href>
          
        </test><test>
          <test-title>Margin-right applied to element with display table-caption</test-title>
          <test-href>margin-right-applies-to-015.xht</test-href>
          <reference-value>=</reference-value>
          <reference-href>reference/margin-left-applies-to-009-ref.xht</reference-href>
          
        </test><test>
          <test-title>Margin shorthand - One value application to all sides</test-title>
          <test-href>margin-shorthand-001.xht</test-href>
          <reference-value>=</reference-value>
          <reference-href>reference/margin-shorthand-001-ref.xht</reference-href>
          <flags>
              <flag>Bitmaps</flag>
              </flags>
        </test><test>
          <test-title>Margin shorthand - Two values application top, bottom and left, right</test-title>
          <test-href>margin-shorthand-002.xht</test-href>
          <reference-value>=</reference-value>
          <reference-href>reference/margin-shorthand-002-ref.xht</reference-href>
          <flags>
              <flag>Bitmaps</flag>
              </flags>
        </test><test>
          <test-title>Margin shorthand - Three values application top and left, right and bottom</test-title>
          <test-href>margin-shorthand-003.xht</test-href>
          <reference-value>=</reference-value>
          <reference-href>reference/margin-shorthand-003-ref.xht</reference-href>
          <flags>
              <flag>Bitmaps</flag>
              </flags>
        </test><test>
          <test-title>Margin shorthand - four values application top, left, right, bottom</test-title>
          <test-href>margin-shorthand-004.xht</test-href>
          <reference-value>=</reference-value>
          <reference-href>reference/margin-shorthand-003-ref.xht</reference-href>
          <flags>
              <flag>Bitmaps</flag>
              </flags>
        </test><test>
          <test-title>Margin-top using pixels with a negative zero value, -0px</test-title>
          <test-href>margin-top-004.xht</test-href>
          <reference-value>=</reference-value>
          <reference-href>reference/ref-no-vert-space-between.xht</reference-href>
          
        </test><test>
          <test-title>Margin-top using pixels with a zero value, 0px</test-title>
          <test-href>margin-top-005.xht</test-href>
          <reference-value>=</reference-value>
          <reference-href>reference/ref-no-vert-space-between.xht</reference-href>
          
        </test><test>
          <test-title>Margin-top using pixels with a positive zero value, +0px</test-title>
          <test-href>margin-top-006.xht</test-href>
          <reference-value>=</reference-value>
          <reference-href>reference/ref-no-vert-space-between.xht</reference-href>
          
        </test><test>
          <test-title>Margin-top using pixels with a nominal value, 96px</test-title>
          <test-href>margin-top-007.xht</test-href>
          <reference-value>=</reference-value>
          <reference-href>reference/margin-top-007-ref.xht</reference-href>
          
        </test><test>
          <test-title>Margin-top using pixels with a nominal value with a plus sign, +96px</test-title>
          <test-href>margin-top-008.xht</test-href>
          <reference-value>=</reference-value>
          <reference-href>reference/margin-top-007-ref.xht</reference-href>
          
        </test><test>
          <test-title>Margin-top using points with a negative zero value, -0pt</test-title>
          <test-href>margin-top-016.xht</test-href>
          <reference-value>=</reference-value>
          <reference-href>reference/ref-no-vert-space-between.xht</reference-href>
          
        </test><test>
          <test-title>Margin-top using points with a zero value, 0pt</test-title>
          <test-href>margin-top-017.xht</test-href>
          <reference-value>=</reference-value>
          <reference-href>reference/ref-no-vert-space-between.xht</reference-href>
          
        </test><test>
          <test-title>Margin-top using points with a positive zero value, +0pt</test-title>
          <test-href>margin-top-018.xht</test-href>
          <reference-value>=</reference-value>
          <reference-href>reference/ref-no-vert-space-between.xht</reference-href>
          
        </test><test>
          <test-title>Margin-top using points with a nominal value, 72pt</test-title>
          <test-href>margin-top-019.xht</test-href>
          <reference-value>=</reference-value>
          <reference-href>reference/margin-top-019-ref.xht</reference-href>
          
        </test><test>
          <test-title>Margin-top using points with a nominal value with a plus sign, +72pt</test-title>
          <test-href>margin-top-020.xht</test-href>
          <reference-value>=</reference-value>
          <reference-href>reference/margin-top-019-ref.xht</reference-href>
          
        </test><test>
          <test-title>Margin-top using picas with a negative zero value, -0pc</test-title>
          <test-href>margin-top-028.xht</test-href>
          <reference-value>=</reference-value>
          <reference-href>reference/ref-no-vert-space-between.xht</reference-href>
          
        </test><test>
          <test-title>Margin-top using picas with a zero value, 0pc</test-title>
          <test-href>margin-top-029.xht</test-href>
          <reference-value>=</reference-value>
          <reference-href>reference/ref-no-vert-space-between.xht</reference-href>
          
        </test><test>
          <test-title>Margin-top using picas with a positive zero value, +0pc</test-title>
          <test-href>margin-top-030.xht</test-href>
          <reference-value>=</reference-value>
          <reference-href>reference/ref-no-vert-space-between.xht</reference-href>
          
        </test><test>
          <test-title>Margin-top using picas with a nominal value, 6pc</test-title>
          <test-href>margin-top-031.xht</test-href>
          <reference-value>=</reference-value>
          <reference-href>reference/margin-top-031-ref.xht</reference-href>
          
        </test><test>
          <test-title>Margin-top using picas with a nominal value with a plus sign, +6pc</test-title>
          <test-href>margin-top-032.xht</test-href>
          <reference-value>=</reference-value>
          <reference-href>reference/margin-top-031-ref.xht</reference-href>
          
        </test><test>
          <test-title>Margin-top using centimeters with a negative zero value, -0cm</test-title>
          <test-href>margin-top-040.xht</test-href>
          <reference-value>=</reference-value>
          <reference-href>reference/ref-no-vert-space-between.xht</reference-href>
          
        </test><test>
          <test-title>Margin-top using centimeters with a zero value, 0cm</test-title>
          <test-href>margin-top-041.xht</test-href>
          <reference-value>=</reference-value>
          <reference-href>reference/ref-no-vert-space-between.xht</reference-href>
          
        </test><test>
          <test-title>Margin-top using centimeters with a positive zero value, +0cm</test-title>
          <test-href>margin-top-042.xht</test-href>
          <reference-value>=</reference-value>
          <reference-href>reference/ref-no-vert-space-between.xht</reference-href>
          
        </test><test>
          <test-title>Margin-top using centimeters with a nominal value, 2.54cm</test-title>
          <test-href>margin-top-043.xht</test-href>
          <reference-value>=</reference-value>
          <reference-href>reference/margin-top-043-ref.xht</reference-href>
          
        </test><test>
          <test-title>Margin-top using centimeters with a nominal value with a plus sign, +2.54cm</test-title>
          <test-href>margin-top-044.xht</test-href>
          <reference-value>=</reference-value>
          <reference-href>reference/margin-top-043-ref.xht</reference-href>
          
        </test><test>
          <test-title>Margin-top using millimeters with a negative zero value, -0mm</test-title>
          <test-href>margin-top-052.xht</test-href>
          <reference-value>=</reference-value>
          <reference-href>reference/ref-no-vert-space-between.xht</reference-href>
          
        </test><test>
          <test-title>Margin-top using millimeters with a zero value, 0mm</test-title>
          <test-href>margin-top-053.xht</test-href>
          <reference-value>=</reference-value>
          <reference-href>reference/ref-no-vert-space-between.xht</reference-href>
          
        </test><test>
          <test-title>Margin-top using millimeters with a positive zero value, +0mm</test-title>
          <test-href>margin-top-054.xht</test-href>
          <reference-value>=</reference-value>
          <reference-href>reference/ref-no-vert-space-between.xht</reference-href>
          
        </test><test>
          <test-title>Margin-top using millimeters with a nominal value, 25.4mm</test-title>
          <test-href>margin-top-055.xht</test-href>
          <reference-value>=</reference-value>
          <reference-href>reference/margin-top-043-ref.xht</reference-href>
          
        </test><test>
          <test-title>Margin-top using millimeters with a nominal value with a plus sign, +25.4mm</test-title>
          <test-href>margin-top-056.xht</test-href>
          <reference-value>=</reference-value>
          <reference-href>reference/margin-top-043-ref.xht</reference-href>
          
        </test><test>
          <test-title>Margin-top using inches with a negative zero value, -0in</test-title>
          <test-href>margin-top-064.xht</test-href>
          <reference-value>=</reference-value>
          <reference-href>reference/ref-no-vert-space-between.xht</reference-href>
          
        </test><test>
          <test-title>Margin-top using inches with a zero value, 0in</test-title>
          <test-href>margin-top-065.xht</test-href>
          <reference-value>=</reference-value>
          <reference-href>reference/ref-no-vert-space-between.xht</reference-href>
          
        </test><test>
          <test-title>Margin-top using inches with a positive zero value, +0in</test-title>
          <test-href>margin-top-066.xht</test-href>
          <reference-value>=</reference-value>
          <reference-href>reference/ref-no-vert-space-between.xht</reference-href>
          
        </test><test>
          <test-title>Margin-top using inches with a nominal value, 1in</test-title>
          <test-href>margin-top-067.xht</test-href>
          <reference-value>=</reference-value>
          <reference-href>reference/margin-top-067-ref.xht</reference-href>
          
        </test><test>
          <test-title>Margin-top using inches with a nominal value with a plus sign, +1in</test-title>
          <test-href>margin-top-068.xht</test-href>
          <reference-value>=</reference-value>
          <reference-href>reference/margin-top-067-ref.xht</reference-href>
          
        </test><test>
          <test-title>Margin-top using 'em' units with a negative zero value, -0em</test-title>
          <test-href>margin-top-076.xht</test-href>
          <reference-value>=</reference-value>
          <reference-href>reference/ref-no-vert-space-between.xht</reference-href>
          <flags>
              <flag>Ahem</flag>
              </flags>
        </test><test>
          <test-title>Margin-top using 'em' units with a zero value, 0em</test-title>
          <test-href>margin-top-077.xht</test-href>
          <reference-value>=</reference-value>
          <reference-href>reference/ref-no-vert-space-between.xht</reference-href>
          <flags>
              <flag>Ahem</flag>
              </flags>
        </test><test>
          <test-title>Margin-top using 'em' units with a positive zero value, +0em</test-title>
          <test-href>margin-top-078.xht</test-href>
          <reference-value>=</reference-value>
          <reference-href>reference/ref-no-vert-space-between.xht</reference-href>
          <flags>
              <flag>Ahem</flag>
              </flags>
        </test><test>
          <test-title>Margin-top using 'em' units with a nominal value, 6em</test-title>
          <test-href>margin-top-079.xht</test-href>
          <reference-value>=</reference-value>
          <reference-href>reference/margin-top-079-ref.xht</reference-href>
          <flags>
              <flag>Ahem</flag>
              </flags>
        </test><test>
          <test-title>Margin-top using 'em' units with a nominal value with a plus sign, +6em</test-title>
          <test-href>margin-top-080.xht</test-href>
          <reference-value>=</reference-value>
          <reference-href>reference/margin-top-079-ref.xht</reference-href>
          <flags>
              <flag>Ahem</flag>
              </flags>
        </test><test>
          <test-title>Margin-top using 'ex' units with a negative zero value, -0ex</test-title>
          <test-href>margin-top-088.xht</test-href>
          <reference-value>=</reference-value>
          <reference-href>reference/ref-no-vert-space-between.xht</reference-href>
          <flags>
              <flag>Ahem</flag>
              </flags>
        </test><test>
          <test-title>Margin-top using 'ex' units with a zero value, 0ex</test-title>
          <test-href>margin-top-089.xht</test-href>
          <reference-value>=</reference-value>
          <reference-href>reference/ref-no-vert-space-between.xht</reference-href>
          <flags>
              <flag>Ahem</flag>
              </flags>
        </test><test>
          <test-title>Margin-top using 'ex' units with a positive zero value, +0ex</test-title>
          <test-href>margin-top-090.xht</test-href>
          <reference-value>=</reference-value>
          <reference-href>reference/ref-no-vert-space-between.xht</reference-href>
          <flags>
              <flag>Ahem</flag>
              </flags>
        </test><test>
          <test-title>Margin-top using 'ex' units with a nominal value, 7.5ex</test-title>
          <test-href>margin-top-091.xht</test-href>
          <reference-value>=</reference-value>
          <reference-href>reference/margin-top-031-ref.xht</reference-href>
          <flags>
              <flag>Ahem</flag>
              </flags>
        </test><test>
          <test-title>Margin-top using 'ex' units with a nominal value with a plus sign, +7.5ex</test-title>
          <test-href>margin-top-092.xht</test-href>
          <reference-value>=</reference-value>
          <reference-href>reference/margin-top-031-ref.xht</reference-href>
          <flags>
              <flag>Ahem</flag>
              </flags>
        </test><test>
          <test-title>Margin-top using percentages with a negative zero value, -0%</test-title>
          <test-href>margin-top-100.xht</test-href>
          <reference-value>=</reference-value>
          <reference-href>reference/margin-bottom-100-ref.xht</reference-href>
          
        </test><test>
          <test-title>Margin-top using percentages with a zero value, 0%</test-title>
          <test-href>margin-top-101.xht</test-href>
          <reference-value>=</reference-value>
          <reference-href>reference/margin-bottom-100-ref.xht</reference-href>
          
        </test><test>
          <test-title>Margin-top using percentages with a positive zero value, +0%</test-title>
          <test-href>margin-top-102.xht</test-href>
          <reference-value>=</reference-value>
          <reference-href>reference/margin-bottom-100-ref.xht</reference-href>
          
        </test><test>
          <test-title>Margin-top using percentages with a nominal value, 50%</test-title>
          <test-href>margin-top-103.xht</test-href>
          <reference-value>=</reference-value>
          <reference-href>reference/margin-top-103-ref.xht</reference-href>
          
        </test><test>
          <test-title>Margin-top using percentages with a nominal value with a plus sign, +50%</test-title>
          <test-href>margin-top-104.xht</test-href>
          <reference-value>=</reference-value>
          <reference-href>reference/margin-top-103-ref.xht</reference-href>
          
        </test><test>
          <test-title>Margin-top sets a negative zero value with no units, -0</test-title>
          <test-href>margin-top-109.xht</test-href>
          <reference-value>=</reference-value>
          <reference-href>reference/ref-no-vert-space-between.xht</reference-href>
          
        </test><test>
          <test-title>Margin-top sets a zero value with no units, 0</test-title>
          <test-href>margin-top-110.xht</test-href>
          <reference-value>=</reference-value>
          <reference-href>reference/ref-no-vert-space-between.xht</reference-href>
          
        </test><test>
          <test-title>Margin-top sets a positive zero value with no units, +0</test-title>
          <test-href>margin-top-111.xht</test-href>
          <reference-value>=</reference-value>
          <reference-href>reference/ref-no-vert-space-between.xht</reference-href>
          
        </test><test>
          <test-title>Margin-top with a value of 'auto'</test-title>
          <test-href>margin-top-112.xht</test-href>
          <reference-value>=</reference-value>
          <reference-href>reference/ref-no-vert-space-between.xht</reference-href>
          
        </test><test>
          <test-title>Margin-top with a value of 'inherit'</test-title>
          <test-href>margin-top-113.xht</test-href>
          <reference-value>=</reference-value>
          <reference-href>reference/margin-top-113-ref.xht</reference-href>
          
        </test><test>
          <test-title>Margin-top applied to element with display table-row-group</test-title>
          <test-href>margin-top-applies-to-001.xht</test-href>
          <reference-value>=</reference-value>
          <reference-href>reference/margin-top-applies-to-001-ref.xht</reference-href>
          
        </test><test>
          <test-title>Margin-top applied to element with display table-header-group</test-title>
          <test-href>margin-top-applies-to-002.xht</test-href>
          <reference-value>=</reference-value>
          <reference-href>reference/margin-top-applies-to-001-ref.xht</reference-href>
          
        </test><test>
          <test-title>Margin-top applied to element with display table-footer-group</test-title>
          <test-href>margin-top-applies-to-003.xht</test-href>
          <reference-value>=</reference-value>
          <reference-href>reference/margin-top-applies-to-001-ref.xht</reference-href>
          
        </test><test>
          <test-title>Margin-top applied to element with display table-row</test-title>
          <test-href>margin-top-applies-to-004.xht</test-href>
          <reference-value>=</reference-value>
          <reference-href>reference/margin-top-applies-to-001-ref.xht</reference-href>
          
        </test><test>
          <test-title>Margin-top applied to element with display table-column-group</test-title>
          <test-href>margin-top-applies-to-005.xht</test-href>
          <reference-value>=</reference-value>
          <reference-href>reference/margin-top-applies-to-001-ref.xht</reference-href>
          
        </test><test>
          <test-title>Margin-top applied to element with display table-column</test-title>
          <test-href>margin-top-applies-to-006.xht</test-href>
          <reference-value>=</reference-value>
          <reference-href>reference/margin-top-applies-to-001-ref.xht</reference-href>
          
        </test><test>
          <test-title>Margin-top applied to element with display table-cell</test-title>
          <test-href>margin-top-applies-to-007.xht</test-href>
          <reference-value>=</reference-value>
          <reference-href>reference/margin-top-applies-to-001-ref.xht</reference-href>
          
        </test><test>
          <test-title>Margin-top applied to element with display inline</test-title>
          <test-href>margin-top-applies-to-008.xht</test-href>
          <reference-value>=</reference-value>
          <reference-href>reference/margin-bottom-applies-to-008-ref.xht</reference-href>
          <flags>
              <flag>Ahem</flag>
              </flags>
        </test><test>
          <test-title>Margin-top applied to element with display block</test-title>
          <test-href>margin-top-applies-to-009.xht</test-href>
          <reference-value>=</reference-value>
          <reference-href>reference/margin-bottom-applies-to-009-ref.xht</reference-href>
          
        </test><test>
          <test-title>Margin-top applied to element with display inline-block</test-title>
          <test-href>margin-top-applies-to-012.xht</test-href>
          <reference-value>=</reference-value>
          <reference-href>reference/margin-top-applies-to-012-ref.xht</reference-href>
          
        </test><test>
          <test-title>Margin-top applied to element with display table</test-title>
          <test-href>margin-top-applies-to-013.xht</test-href>
          <reference-value>=</reference-value>
          <reference-href>reference/margin-top-applies-to-013-ref.xht</reference-href>
          
        </test><test>
          <test-title>Margin-top applied to element with display inline-table</test-title>
          <test-href>margin-top-applies-to-014.xht</test-href>
          <reference-value>=</reference-value>
          <reference-href>reference/margin-top-applies-to-013-ref.xht</reference-href>
          
        </test><test>
          <test-title>Margin-top applied to element with display table-caption</test-title>
          <test-href>margin-top-applies-to-015.xht</test-href>
          <reference-value>=</reference-value>
          <reference-href>reference/margin-top-applies-to-013-ref.xht</reference-href>
          
        </test><test>
          <test-title>Matching brackets and quotes for @rules</test-title>
          <test-href>matching-brackets-001.xht</test-href>
          <reference-value>=</reference-value>
          <reference-href>reference/matching-brackets-001-ref.xht</reference-href>
          <flags>
              <flag>Invalid</flag>
              </flags>
        </test><test>
          <test-title>Matching brackets and quotes for declarations</test-title>
          <test-href>matching-brackets-002.xht</test-href>
          <reference-value>=</reference-value>
          <reference-href>reference/matching-brackets-002-ref.xht</reference-href>
          <flags>
              <flag>Invalid</flag>
              </flags>
        </test><test>
          <test-title>Matching brackets and quotes for selectors</test-title>
          <test-href>matching-brackets-003.xht</test-href>
          <reference-value>=</reference-value>
          <reference-href>reference/matching-brackets-001-ref.xht</reference-href>
          <flags>
              <flag>Invalid</flag>
              </flags>
        </test><test>
          <test-title>Max-height using pixels with a minimum minus one value, -1px</test-title>
          <test-href>max-height-001.xht</test-href>
          <reference-value>=</reference-value>
          <reference-href>reference/ref-filled-black-96px-square.xht</reference-href>
          <flags>
              <flag>Invalid</flag>
              </flags>
        </test><test>
          <test-title>Max-height using pixels with a minimum value, 0px</test-title>
          <test-href>max-height-002.xht</test-href>
          <reference-value>=</reference-value>
          <reference-href>reference/height-001-ref.xht</reference-href>
          
        </test><test>
          <test-title>Max-height using pixels with a minimum plus one value, 1px</test-title>
          <test-href>max-height-003.xht</test-href>
          <reference-value>=</reference-value>
          <reference-href>reference/height-003-ref.xht</reference-href>
          
        </test><test>
          <test-title>Max-height using pixels with a negative zero value, -0px</test-title>
          <test-href>max-height-004.xht</test-href>
          <reference-value>=</reference-value>
          <reference-href>reference/height-001-ref.xht</reference-href>
          
        </test><test>
          <test-title>Max-height using pixels with a positive zero value, +0px</test-title>
          <test-href>max-height-005.xht</test-href>
          <reference-value>=</reference-value>
          <reference-href>reference/height-001-ref.xht</reference-href>
          
        </test><test>
          <test-title>Max-height using pixels with a nominal value, 96px</test-title>
          <test-href>max-height-006.xht</test-href>
          <reference-value>=</reference-value>
          <reference-href>reference/height-006-ref.xht</reference-href>
          
        </test><test>
          <test-title>Max-height using pixels with a positive nominal value, +96px</test-title>
          <test-href>max-height-007.xht</test-href>
          <reference-value>=</reference-value>
          <reference-href>reference/height-006-ref.xht</reference-href>
          
        </test><test>
          <test-title>Max-height using points with a minimum minus one value, -1pt</test-title>
          <test-href>max-height-012.xht</test-href>
          <reference-value>=</reference-value>
          <reference-href>reference/ref-filled-black-96px-square.xht</reference-href>
          <flags>
              <flag>Invalid</flag>
              </flags>
        </test><test>
          <test-title>Max-height using points with a minimum value, 0pt</test-title>
          <test-href>max-height-013.xht</test-href>
          <reference-value>=</reference-value>
          <reference-href>reference/height-001-ref.xht</reference-href>
          
        </test><test>
          <test-title>Max-height using points with a negative zero value, -0pt</test-title>
          <test-href>max-height-015.xht</test-href>
          <reference-value>=</reference-value>
          <reference-href>reference/height-001-ref.xht</reference-href>
          
        </test><test>
          <test-title>Max-height using points with a positive zero value, +0pt</test-title>
          <test-href>max-height-016.xht</test-href>
          <reference-value>=</reference-value>
          <reference-href>reference/height-001-ref.xht</reference-href>
          
        </test><test>
          <test-title>Max-height using points with a nominal value, 72pt</test-title>
          <test-href>max-height-017.xht</test-href>
          <reference-value>=</reference-value>
          <reference-href>reference/height-006-ref.xht</reference-href>
          
        </test><test>
          <test-title>Max-height using points with a positive nominal value, +72pt</test-title>
          <test-href>max-height-018.xht</test-href>
          <reference-value>=</reference-value>
          <reference-href>reference/height-006-ref.xht</reference-href>
          
        </test><test>
          <test-title>Max-height using picas with a minimum minus one value, -1pc</test-title>
          <test-href>max-height-023.xht</test-href>
          <reference-value>=</reference-value>
          <reference-href>reference/ref-filled-black-96px-square.xht</reference-href>
          <flags>
              <flag>Invalid</flag>
              </flags>
        </test><test>
          <test-title>Max-height using picas with a minimum value, 0pc</test-title>
          <test-href>max-height-024.xht</test-href>
          <reference-value>=</reference-value>
          <reference-href>reference/height-001-ref.xht</reference-href>
          
        </test><test>
          <test-title>Max-height using picas with a minimum plus one value, 1pc</test-title>
          <test-href>max-height-025.xht</test-href>
          <reference-value>=</reference-value>
          <reference-href>reference/max-height-025-ref.xht</reference-href>
          
        </test><test>
          <test-title>Max-height using picas with a negative zero value, -0pc</test-title>
          <test-href>max-height-026.xht</test-href>
          <reference-value>=</reference-value>
          <reference-href>reference/height-001-ref.xht</reference-href>
          
        </test><test>
          <test-title>Max-height using picas with a positive zero value, +0pc</test-title>
          <test-href>max-height-027.xht</test-href>
          <reference-value>=</reference-value>
          <reference-href>reference/height-001-ref.xht</reference-href>
          
        </test><test>
          <test-title>Max-height using picas with a nominal value, 6pc</test-title>
          <test-href>max-height-028.xht</test-href>
          <reference-value>=</reference-value>
          <reference-href>reference/height-006-ref.xht</reference-href>
          
        </test><test>
          <test-title>Max-height using picas with a positive nominal value, +6pc</test-title>
          <test-href>max-height-029.xht</test-href>
          <reference-value>=</reference-value>
          <reference-href>reference/height-006-ref.xht</reference-href>
          
        </test><test>
          <test-title>Max-height using centimeters with a minimum minus one value, -1cm</test-title>
          <test-href>max-height-034.xht</test-href>
          <reference-value>=</reference-value>
          <reference-href>reference/ref-filled-black-96px-square.xht</reference-href>
          <flags>
              <flag>Invalid</flag>
              </flags>
        </test><test>
          <test-title>Max-height using centimeters with a minimum value, 0cm</test-title>
          <test-href>max-height-035.xht</test-href>
          <reference-value>=</reference-value>
          <reference-href>reference/height-001-ref.xht</reference-href>
          
        </test><test>
          <test-title>Max-height using centimeters with a minimum plus one value, 1cm</test-title>
          <test-href>max-height-036.xht</test-href>
          <reference-value>=</reference-value>
          <reference-href>reference/max-height-036-ref.xht</reference-href>
          
        </test><test>
          <test-title>Max-height using centimeters with a negative zero value, -0cm</test-title>
          <test-href>max-height-037.xht</test-href>
          <reference-value>=</reference-value>
          <reference-href>reference/height-001-ref.xht</reference-href>
          
        </test><test>
          <test-title>Max-height using centimeters with a positive zero value, +0cm</test-title>
          <test-href>max-height-038.xht</test-href>
          <reference-value>=</reference-value>
          <reference-href>reference/height-001-ref.xht</reference-href>
          
        </test><test>
          <test-title>Max-height using centimeters with a nominal value, 2.54cm</test-title>
          <test-href>max-height-039.xht</test-href>
          <reference-value>=</reference-value>
          <reference-href>reference/height-006-ref.xht</reference-href>
          
        </test><test>
          <test-title>Max-height using centimeters with a positive nominal value, +2.54cm</test-title>
          <test-href>max-height-040.xht</test-href>
          <reference-value>=</reference-value>
          <reference-href>reference/height-006-ref.xht</reference-href>
          
        </test><test>
          <test-title>Max-height using millimeters with a minimum minus one value, -1mm</test-title>
          <test-href>max-height-045.xht</test-href>
          <reference-value>=</reference-value>
          <reference-href>reference/ref-filled-black-96px-square.xht</reference-href>
          <flags>
              <flag>Invalid</flag>
              </flags>
        </test><test>
          <test-title>Max-height using millimeters with a minimum value, 0mm</test-title>
          <test-href>max-height-046.xht</test-href>
          <reference-value>=</reference-value>
          <reference-href>reference/height-001-ref.xht</reference-href>
          
        </test><test>
          <test-title>Max-height using millimeters with a minimum plus one value, 1mm</test-title>
          <test-href>max-height-047.xht</test-href>
          <reference-value>=</reference-value>
          <reference-href>reference/max-height-047-ref.xht</reference-href>
          
        </test><test>
          <test-title>Max-height using millimeters with a negative zero value, -0mm</test-title>
          <test-href>max-height-048.xht</test-href>
          <reference-value>=</reference-value>
          <reference-href>reference/height-001-ref.xht</reference-href>
          
        </test><test>
          <test-title>Max-height using millimeters with a positive zero value, +0mm</test-title>
          <test-href>max-height-049.xht</test-href>
          <reference-value>=</reference-value>
          <reference-href>reference/height-001-ref.xht</reference-href>
          
        </test><test>
          <test-title>Max-height using millimeters with a nominal value, 25.4mm</test-title>
          <test-href>max-height-050.xht</test-href>
          <reference-value>=</reference-value>
          <reference-href>reference/height-006-ref.xht</reference-href>
          
        </test><test>
          <test-title>Max-height using millimeters with a positive nominal value, +25.4mm</test-title>
          <test-href>max-height-051.xht</test-href>
          <reference-value>=</reference-value>
          <reference-href>reference/height-006-ref.xht</reference-href>
          
        </test><test>
          <test-title>Max-height using inches with a minimum minus one value, -1in</test-title>
          <test-href>max-height-056.xht</test-href>
          <reference-value>=</reference-value>
          <reference-href>reference/ref-filled-black-96px-square.xht</reference-href>
          <flags>
              <flag>Invalid</flag>
              </flags>
        </test><test>
          <test-title>Max-height using inches with a minimum value, 0in</test-title>
          <test-href>max-height-057.xht</test-href>
          <reference-value>=</reference-value>
          <reference-href>reference/height-001-ref.xht</reference-href>
          
        </test><test>
          <test-title>Max-height using inches with a minimum plus one value, 1in</test-title>
          <test-href>max-height-058.xht</test-href>
          <reference-value>=</reference-value>
          <reference-href>reference/max-height-058-ref.xht</reference-href>
          
        </test><test>
          <test-title>Max-height using inches with a negative zero value, -0in</test-title>
          <test-href>max-height-059.xht</test-href>
          <reference-value>=</reference-value>
          <reference-href>reference/height-001-ref.xht</reference-href>
          
        </test><test>
          <test-title>Max-height using inches with a positive zero value, +0in</test-title>
          <test-href>max-height-060.xht</test-href>
          <reference-value>=</reference-value>
          <reference-href>reference/height-001-ref.xht</reference-href>
          
        </test><test>
          <test-title>Max-height using inches with a nominal value, 3in</test-title>
          <test-href>max-height-061.xht</test-href>
          <reference-value>=</reference-value>
          <reference-href>reference/height-061-ref.xht</reference-href>
          
        </test><test>
          <test-title>Max-height using inches with a positive nominal value, +3in</test-title>
          <test-href>max-height-062.xht</test-href>
          <reference-value>=</reference-value>
          <reference-href>reference/height-061-ref.xht</reference-href>
          
        </test><test>
          <test-title>Max-height using 'em' units with a minimum minus one value, -1em</test-title>
          <test-href>max-height-067.xht</test-href>
          <reference-value>=</reference-value>
          <reference-href>reference/ref-filled-black-96px-square.xht</reference-href>
          <flags>
              <flag>Ahem</flag><flag>Invalid</flag>
              </flags>
        </test><test>
          <test-title>Max-height using 'em' units with a minimum value, 0em</test-title>
          <test-href>max-height-068.xht</test-href>
          <reference-value>=</reference-value>
          <reference-href>reference/height-067-ref.xht</reference-href>
          <flags>
              <flag>Ahem</flag>
              </flags>
        </test><test>
          <test-title>Max-height using 'em' units with a minimum plus one value, 1em</test-title>
          <test-href>max-height-069.xht</test-href>
          <reference-value>=</reference-value>
          <reference-href>reference/max-height-069-ref.xht</reference-href>
          <flags>
              <flag>Ahem</flag>
              </flags>
        </test><test>
          <test-title>Max-height using 'em' units with a negative zero value, -0em</test-title>
          <test-href>max-height-070.xht</test-href>
          <reference-value>=</reference-value>
          <reference-href>reference/height-067-ref.xht</reference-href>
          <flags>
              <flag>Ahem</flag>
              </flags>
        </test><test>
          <test-title>Max-height using 'em' units with a positive zero value, +0em</test-title>
          <test-href>max-height-071.xht</test-href>
          <reference-value>=</reference-value>
          <reference-href>reference/height-067-ref.xht</reference-href>
          <flags>
              <flag>Ahem</flag>
              </flags>
        </test><test>
          <test-title>Max-height using 'em' units with a nominal value, 5em</test-title>
          <test-href>max-height-072.xht</test-href>
          <reference-value>=</reference-value>
          <reference-href>reference/height-072-ref.xht</reference-href>
          <flags>
              <flag>Ahem</flag>
              </flags>
        </test><test>
          <test-title>Max-height using 'em' units with a positive nominal value, +5em</test-title>
          <test-href>max-height-073.xht</test-href>
          <reference-value>=</reference-value>
          <reference-href>reference/height-072-ref.xht</reference-href>
          <flags>
              <flag>Ahem</flag>
              </flags>
        </test><test>
          <test-title>Max-height using 'ex' units with a minimum minus one value, -1ex</test-title>
          <test-href>max-height-078.xht</test-href>
          <reference-value>=</reference-value>
          <reference-href>reference/ref-filled-black-96px-square.xht</reference-href>
          <flags>
              <flag>Ahem</flag><flag>Invalid</flag>
              </flags>
        </test><test>
          <test-title>Max-height using 'ex' units with a minimum value, 0ex</test-title>
          <test-href>max-height-079.xht</test-href>
          <reference-value>=</reference-value>
          <reference-href>reference/height-067-ref.xht</reference-href>
          <flags>
              <flag>Ahem</flag>
              </flags>
        </test><test>
          <test-title>Max-height using 'ex' units with a minimum plus one value, 1ex</test-title>
          <test-href>max-height-080.xht</test-href>
          <reference-value>=</reference-value>
          <reference-href>reference/max-height-025-ref.xht</reference-href>
          <flags>
              <flag>Ahem</flag>
              </flags>
        </test><test>
          <test-title>Max-height using 'ex' units with a negative zero value, -0ex</test-title>
          <test-href>max-height-081.xht</test-href>
          <reference-value>=</reference-value>
          <reference-href>reference/height-067-ref.xht</reference-href>
          <flags>
              <flag>Ahem</flag>
              </flags>
        </test><test>
          <test-title>Max-height using 'ex' units with a positive zero value, +0ex</test-title>
          <test-href>max-height-082.xht</test-href>
          <reference-value>=</reference-value>
          <reference-href>reference/height-067-ref.xht</reference-href>
          <flags>
              <flag>Ahem</flag>
              </flags>
        </test><test>
          <test-title>Max-height using 'ex' units with a nominal value, 6ex</test-title>
          <test-href>max-height-083.xht</test-href>
          <reference-value>=</reference-value>
          <reference-href>reference/height-006-ref.xht</reference-href>
          <flags>
              <flag>Ahem</flag>
              </flags>
        </test><test>
          <test-title>Max-height using 'ex' units with a positive nominal value, +6ex</test-title>
          <test-href>max-height-084.xht</test-href>
          <reference-value>=</reference-value>
          <reference-href>reference/height-006-ref.xht</reference-href>
          <flags>
              <flag>Ahem</flag>
              </flags>
        </test><test>
          <test-title>Max-height using percentages with a minimum minus one value, -1%</test-title>
          <test-href>max-height-089.xht</test-href>
          <reference-value>=</reference-value>
          <reference-href>reference/ref-filled-black-96px-square.xht</reference-href>
          <flags>
              <flag>Invalid</flag>
              </flags>
        </test><test>
          <test-title>Max-height using percentages with a minimum value, 0%</test-title>
          <test-href>max-height-090.xht</test-href>
          <reference-value>=</reference-value>
          <reference-href>reference/height-001-ref.xht</reference-href>
          
        </test><test>
          <test-title>Max-height using percentages with a minimum plus one value, 1%</test-title>
          <test-href>max-height-091.xht</test-href>
          <reference-value>=</reference-value>
          <reference-href>reference/height-003-ref.xht</reference-href>
          
        </test><test>
          <test-title>Max-height using percentages with a negative zero value, -0%</test-title>
          <test-href>max-height-092.xht</test-href>
          <reference-value>=</reference-value>
          <reference-href>reference/height-001-ref.xht</reference-href>
          
        </test><test>
          <test-title>Max-height using percentages with a positive zero value, +0%</test-title>
          <test-href>max-height-093.xht</test-href>
          <reference-value>=</reference-value>
          <reference-href>reference/height-001-ref.xht</reference-href>
          
        </test><test>
          <test-title>Max-height using percentages with a nominal value, 100%</test-title>
          <test-href>max-height-094.xht</test-href>
          <reference-value>=</reference-value>
          <reference-href>reference/height-006-ref.xht</reference-href>
          
        </test><test>
          <test-title>Max-height using percentages with a positive nominal value, +100%</test-title>
          <test-href>max-height-095.xht</test-href>
          <reference-value>=</reference-value>
          <reference-href>reference/height-006-ref.xht</reference-href>
          
        </test><test>
          <test-title>Max-height with a negative zero value and no units, -0</test-title>
          <test-href>max-height-100.xht</test-href>
          <reference-value>=</reference-value>
          <reference-href>reference/ref-if-there-is-no-red.xht</reference-href>
          
        </test><test>
          <test-title>Max-height with a zero value and no units, 0</test-title>
          <test-href>max-height-101.xht</test-href>
          <reference-value>=</reference-value>
          <reference-href>reference/height-001-ref.xht</reference-href>
          
        </test><test>
          <test-title>Max-height with a positive zero value and no units, +0</test-title>
          <test-href>max-height-102.xht</test-href>
          <reference-value>=</reference-value>
          <reference-href>reference/ref-if-there-is-no-red.xht</reference-href>
          
        </test><test>
          <test-title>Max-height set to a value of 'none'</test-title>
          <test-href>max-height-103.xht</test-href>
          <reference-value>=</reference-value>
          <reference-href>reference/ref-filled-black-96px-square.xht</reference-href>
          
        </test><test>
          <test-title>Max-height set to inherit</test-title>
          <test-href>max-height-104.xht</test-href>
          <reference-value>=</reference-value>
          <reference-href>reference/height-003-ref.xht</reference-href>
          
        </test><test>
          <test-title>max-height - space for scrollbar</test-title>
          <test-href>max-height-107.xht</test-href>
          <reference-value>=</reference-value>
          <reference-href>reference/max-height-107-ref.xht</reference-href>
          <flags>
              <flag>Ahem</flag>
              </flags>
        </test><test>
          <test-title>max-height - space for scrollbar</test-title>
          <test-href>max-height-110.xht</test-href>
          <reference-value>=</reference-value>
          <reference-href>reference/max-height-110-ref.xht</reference-href>
          <flags>
              <flag>Ahem</flag>
              </flags>
        </test><test>
          <test-title>Max-height applied to elements with 'display' set to 'table-column-group'</test-title>
          <test-href>max-height-applies-to-005.xht</test-href>
          <reference-value>=</reference-value>
          <reference-href>reference/ref-filled-black-96px-square.xht</reference-href>
          
        </test><test>
          <test-title>Max-height applied to elements with 'display' set to 'table-column'</test-title>
          <test-href>max-height-applies-to-006.xht</test-href>
          <reference-value>=</reference-value>
          <reference-href>reference/ref-filled-black-96px-square.xht</reference-href>
          
        </test><test>
          <test-title>Max-height applied to elements with 'display' set to 'inline'</test-title>
          <test-href>max-height-applies-to-008.xht</test-href>
          <reference-value>=</reference-value>
          <reference-href>reference/ref-filled-green-100px-square.xht</reference-href>
          <flags>
              <flag>Ahem</flag>
              </flags>
        </test><test>
          <test-title>Max-height applied to elements with 'display' set to 'block'</test-title>
          <test-href>max-height-applies-to-009.xht</test-href>
          <reference-value>=</reference-value>
          <reference-href>reference/ref-filled-black-96px-square.xht</reference-href>
          
        </test><test>
          <test-title>Max-height applied to elements with 'display' set to 'inline-block'</test-title>
          <test-href>max-height-applies-to-012.xht</test-href>
          <reference-value>=</reference-value>
          <reference-href>reference/ref-filled-black-96px-square.xht</reference-href>
          
        </test><test>
          <test-title>Max-height applied to elements with 'display' set to 'table'</test-title>
          <test-href>max-height-applies-to-013.xht</test-href>
          <reference-value>=</reference-value>
          <reference-href>reference/ref-filled-black-96px-square.xht</reference-href>
          
        </test><test>
          <test-title>Max-height applied to elements with 'display' set to 'inline-table'</test-title>
          <test-href>max-height-applies-to-014.xht</test-href>
          <reference-value>=</reference-value>
          <reference-href>reference/ref-filled-black-96px-square.xht</reference-href>
          
        </test><test>
          <test-title>Max-height applied to elements with 'display' set to 'table-caption'</test-title>
          <test-href>max-height-applies-to-015.xht</test-href>
          <reference-value>=</reference-value>
          <reference-href>reference/ref-filled-black-96px-square.xht</reference-href>
          
        </test><test>
          <test-title>Max-Height applied to none</test-title>
          <test-href>max-height-applies-to-016.xht</test-href>
          <reference-value>=</reference-value>
          <reference-href>reference/ref-filled-green-100px-square.xht</reference-href>
          
        </test><test>
          <test-title>Max-height percentage is based on containing block</test-title>
          <test-href>max-height-percentage-001.xht</test-href>
          <reference-value>=</reference-value>
          <reference-href>reference/max-height-percentage-001-ref.xht</reference-href>
          
        </test><test>
          <test-title>Percentage 'max-height' with no 'height' on containing block</test-title>
          <test-href>max-height-percentage-002.xht</test-href>
          <reference-value>=</reference-value>
          <reference-href>reference/max-height-percentage-002-ref.xht</reference-href>
          
        </test><test>
          <test-title>max-height percentage - inline replaced element inside an auto-height container</test-title>
          <test-href>max-height-percentage-003.xht</test-href>
          <reference-value>=</reference-value>
          <reference-href>reference/ref-filled-black-96px-square.xht</reference-href>
          <flags>
              <flag>Bitmaps</flag>
              </flags>
        </test><test>
          <test-title>Max-width using pixels with a minimum minus one value, -1px</test-title>
          <test-href>max-width-001.xht</test-href>
          <reference-value>=</reference-value>
          <reference-href>reference/ref-if-there-is-no-red.xht</reference-href>
          <flags>
              <flag>Invalid</flag>
              </flags>
        </test><test>
          <test-title>Max-width using pixels with a minimum value, 0px</test-title>
          <test-href>max-width-002.xht</test-href>
          <reference-value>=</reference-value>
          <reference-href>reference/ref-if-there-is-no-red.xht</reference-href>
          
        </test><test>
          <test-title>Max-width using pixels with a minimum plus one value, 1px</test-title>
          <test-href>max-width-003.xht</test-href>
          <reference-value>=</reference-value>
          <reference-href>reference/max-width-003-ref.xht</reference-href>
          
        </test><test>
          <test-title>Max-width using pixels with a negative zero value, -0px</test-title>
          <test-href>max-width-004.xht</test-href>
          <reference-value>=</reference-value>
          <reference-href>reference/ref-if-there-is-no-red.xht</reference-href>
          
        </test><test>
          <test-title>Max-width using pixels with a positive zero value, +0px</test-title>
          <test-href>max-width-005.xht</test-href>
          <reference-value>=</reference-value>
          <reference-href>reference/ref-if-there-is-no-red.xht</reference-href>
          
        </test><test>
          <test-title>Max-width using pixels with a nominal value, 96px</test-title>
          <test-href>max-width-006.xht</test-href>
          <reference-value>=</reference-value>
          <reference-href>reference/max-width-006-ref.xht</reference-href>
          
        </test><test>
          <test-title>Max-width using pixels with a positive nominal value, +96px</test-title>
          <test-href>max-width-007.xht</test-href>
          <reference-value>=</reference-value>
          <reference-href>reference/max-width-006-ref.xht</reference-href>
          
        </test><test>
          <test-title>Max-width using points with a minimum minus one value, -1pt</test-title>
          <test-href>max-width-012.xht</test-href>
          <reference-value>=</reference-value>
          <reference-href>reference/ref-if-there-is-no-red.xht</reference-href>
          <flags>
              <flag>Invalid</flag>
              </flags>
        </test><test>
          <test-title>Max-width using points with a minimum value, 0pt</test-title>
          <test-href>max-width-013.xht</test-href>
          <reference-value>=</reference-value>
          <reference-href>reference/ref-if-there-is-no-red.xht</reference-href>
          
        </test><test>
          <test-title>Max-width using points with a negative zero value, -0pt</test-title>
          <test-href>max-width-015.xht</test-href>
          <reference-value>=</reference-value>
          <reference-href>reference/ref-if-there-is-no-red.xht</reference-href>
          
        </test><test>
          <test-title>Max-width using points with a positive zero value, +0pt</test-title>
          <test-href>max-width-016.xht</test-href>
          <reference-value>=</reference-value>
          <reference-href>reference/ref-if-there-is-no-red.xht</reference-href>
          
        </test><test>
          <test-title>Max-width using points with a nominal value, 72pt</test-title>
          <test-href>max-width-017.xht</test-href>
          <reference-value>=</reference-value>
          <reference-href>reference/max-width-006-ref.xht</reference-href>
          
        </test><test>
          <test-title>Max-width using points with a positive nominal value, +72pt</test-title>
          <test-href>max-width-018.xht</test-href>
          <reference-value>=</reference-value>
          <reference-href>reference/max-width-006-ref.xht</reference-href>
          
        </test><test>
          <test-title>Max-width using picas with a minimum minus one value, -1pc</test-title>
          <test-href>max-width-023.xht</test-href>
          <reference-value>=</reference-value>
          <reference-href>reference/ref-if-there-is-no-red.xht</reference-href>
          <flags>
              <flag>Invalid</flag>
              </flags>
        </test><test>
          <test-title>Max-width using picas with a minimum value, 0pc</test-title>
          <test-href>max-width-024.xht</test-href>
          <reference-value>=</reference-value>
          <reference-href>reference/ref-if-there-is-no-red.xht</reference-href>
          
        </test><test>
          <test-title>Max-width using picas with a minimum plus one value, 1pc</test-title>
          <test-href>max-width-025.xht</test-href>
          <reference-value>=</reference-value>
          <reference-href>reference/max-width-025-ref.xht</reference-href>
          
        </test><test>
          <test-title>Max-width using picas with a negative zero value, -0pc</test-title>
          <test-href>max-width-026.xht</test-href>
          <reference-value>=</reference-value>
          <reference-href>reference/ref-if-there-is-no-red.xht</reference-href>
          
        </test><test>
          <test-title>Max-width using picas with a positive zero value, +0pc</test-title>
          <test-href>max-width-027.xht</test-href>
          <reference-value>=</reference-value>
          <reference-href>reference/ref-if-there-is-no-red.xht</reference-href>
          
        </test><test>
          <test-title>Max-width using picas with a nominal value, 6pc</test-title>
          <test-href>max-width-028.xht</test-href>
          <reference-value>=</reference-value>
          <reference-href>reference/max-width-006-ref.xht</reference-href>
          
        </test><test>
          <test-title>Max-width using picas with a positive nominal value, +6pc</test-title>
          <test-href>max-width-029.xht</test-href>
          <reference-value>=</reference-value>
          <reference-href>reference/max-width-006-ref.xht</reference-href>
          
        </test><test>
          <test-title>Max-width using centimeters with a minimum minus one value, -1cm</test-title>
          <test-href>max-width-034.xht</test-href>
          <reference-value>=</reference-value>
          <reference-href>reference/ref-if-there-is-no-red.xht</reference-href>
          <flags>
              <flag>Invalid</flag>
              </flags>
        </test><test>
          <test-title>Max-width using centimeters with a minimum value, 0cm</test-title>
          <test-href>max-width-035.xht</test-href>
          <reference-value>=</reference-value>
          <reference-href>reference/ref-if-there-is-no-red.xht</reference-href>
          
        </test><test>
          <test-title>Max-width using centimeters with a minimum plus one value, 1cm</test-title>
          <test-href>max-width-036.xht</test-href>
          <reference-value>=</reference-value>
          <reference-href>reference/max-width-036-ref.xht</reference-href>
          
        </test><test>
          <test-title>Max-width using centimeters with a negative zero value, -0cm</test-title>
          <test-href>max-width-037.xht</test-href>
          <reference-value>=</reference-value>
          <reference-href>reference/ref-if-there-is-no-red.xht</reference-href>
          
        </test><test>
          <test-title>Max-width using centimeters with a positive zero value, +0cm</test-title>
          <test-href>max-width-038.xht</test-href>
          <reference-value>=</reference-value>
          <reference-href>reference/ref-if-there-is-no-red.xht</reference-href>
          
        </test><test>
          <test-title>Max-width using centimeters with a nominal value, 2.54cm</test-title>
          <test-href>max-width-039.xht</test-href>
          <reference-value>=</reference-value>
          <reference-href>reference/max-width-006-ref.xht</reference-href>
          
        </test><test>
          <test-title>Max-width using centimeters with a positive nominal value, +2.54cm</test-title>
          <test-href>max-width-040.xht</test-href>
          <reference-value>=</reference-value>
          <reference-href>reference/max-width-006-ref.xht</reference-href>
          
        </test><test>
          <test-title>Max-width using millimeters with a minimum minus one value, -1mm</test-title>
          <test-href>max-width-045.xht</test-href>
          <reference-value>=</reference-value>
          <reference-href>reference/ref-if-there-is-no-red.xht</reference-href>
          <flags>
              <flag>Invalid</flag>
              </flags>
        </test><test>
          <test-title>Max-width using millimeters with a minimum value, 0mm</test-title>
          <test-href>max-width-046.xht</test-href>
          <reference-value>=</reference-value>
          <reference-href>reference/ref-if-there-is-no-red.xht</reference-href>
          
        </test><test>
          <test-title>Max-width using millimeters with a minimum plus one value, 1mm</test-title>
          <test-href>max-width-047.xht</test-href>
          <reference-value>=</reference-value>
          <reference-href>reference/max-width-047-ref.xht</reference-href>
          
        </test><test>
          <test-title>Max-width using millimeters with a negative zero value, -0mm</test-title>
          <test-href>max-width-048.xht</test-href>
          <reference-value>=</reference-value>
          <reference-href>reference/ref-if-there-is-no-red.xht</reference-href>
          
        </test><test>
          <test-title>Max-width using millimeters with a positive zero value, +0mm</test-title>
          <test-href>max-width-049.xht</test-href>
          <reference-value>=</reference-value>
          <reference-href>reference/ref-if-there-is-no-red.xht</reference-href>
          
        </test><test>
          <test-title>Max-width using millimeters with a nominal value, 25.4mm</test-title>
          <test-href>max-width-050.xht</test-href>
          <reference-value>=</reference-value>
          <reference-href>reference/max-width-006-ref.xht</reference-href>
          
        </test><test>
          <test-title>Max-width using millimeters with a positive nominal value, +25.4mm</test-title>
          <test-href>max-width-051.xht</test-href>
          <reference-value>=</reference-value>
          <reference-href>reference/max-width-006-ref.xht</reference-href>
          
        </test><test>
          <test-title>Max-width using inches with a minimum minus one value, -1in</test-title>
          <test-href>max-width-056.xht</test-href>
          <reference-value>=</reference-value>
          <reference-href>reference/ref-if-there-is-no-red.xht</reference-href>
          <flags>
              <flag>Invalid</flag>
              </flags>
        </test><test>
          <test-title>Max-width using inches with a minimum value, 0in</test-title>
          <test-href>max-width-057.xht</test-href>
          <reference-value>=</reference-value>
          <reference-href>reference/ref-if-there-is-no-red.xht</reference-href>
          
        </test><test>
          <test-title>Max-width using inches with a minimum plus one value, 1in</test-title>
          <test-href>max-width-058.xht</test-href>
          <reference-value>=</reference-value>
          <reference-href>reference/ref-filled-black-96px-square.xht</reference-href>
          
        </test><test>
          <test-title>Max-width using inches with a negative zero value, -0in</test-title>
          <test-href>max-width-059.xht</test-href>
          <reference-value>=</reference-value>
          <reference-href>reference/ref-if-there-is-no-red.xht</reference-href>
          
        </test><test>
          <test-title>Max-width using inches with a positive zero value, +0in</test-title>
          <test-href>max-width-060.xht</test-href>
          <reference-value>=</reference-value>
          <reference-href>reference/ref-if-there-is-no-red.xht</reference-href>
          
        </test><test>
          <test-title>Max-width using inches with a nominal value, 3in</test-title>
          <test-href>max-width-061.xht</test-href>
          <reference-value>=</reference-value>
          <reference-href>reference/max-width-061-ref.xht</reference-href>
          
        </test><test>
          <test-title>Max-width using inches with a positive nominal value, +3in</test-title>
          <test-href>max-width-062.xht</test-href>
          <reference-value>=</reference-value>
          <reference-href>reference/max-width-061-ref.xht</reference-href>
          
        </test><test>
          <test-title>Max-width using 'em' units with a minimum minus one value, -1em</test-title>
          <test-href>max-width-067.xht</test-href>
          <reference-value>=</reference-value>
          <reference-href>reference/ref-if-there-is-no-red.xht</reference-href>
          <flags>
              <flag>Ahem</flag><flag>Invalid</flag>
              </flags>
        </test><test>
          <test-title>Max-width using 'em' units with a minimum value, 0em</test-title>
          <test-href>max-width-068.xht</test-href>
          <reference-value>=</reference-value>
          <reference-href>reference/ref-if-there-is-no-red.xht</reference-href>
          <flags>
              <flag>Ahem</flag>
              </flags>
        </test><test>
          <test-title>Max-width using 'em' units with a minimum plus one value, 1em</test-title>
          <test-href>max-width-069.xht</test-href>
          <reference-value>=</reference-value>
          <reference-href>reference/max-width-069-ref.xht</reference-href>
          <flags>
              <flag>Ahem</flag>
              </flags>
        </test><test>
          <test-title>Max-width using 'em' units with a negative zero value, -0em</test-title>
          <test-href>max-width-070.xht</test-href>
          <reference-value>=</reference-value>
          <reference-href>reference/ref-if-there-is-no-red.xht</reference-href>
          <flags>
              <flag>Ahem</flag>
              </flags>
        </test><test>
          <test-title>Max-width using 'em' units with a positive zero value, +0em</test-title>
          <test-href>max-width-071.xht</test-href>
          <reference-value>=</reference-value>
          <reference-href>reference/ref-if-there-is-no-red.xht</reference-href>
          <flags>
              <flag>Ahem</flag>
              </flags>
        </test><test>
          <test-title>Max-width using 'em' units with a nominal value, 6em</test-title>
          <test-href>max-width-072.xht</test-href>
          <reference-value>=</reference-value>
          <reference-href>reference/max-width-072-ref.xht</reference-href>
          <flags>
              <flag>Ahem</flag>
              </flags>
        </test><test>
          <test-title>Max-width using 'em' units with a positive nominal value, +6em</test-title>
          <test-href>max-width-073.xht</test-href>
          <reference-value>=</reference-value>
          <reference-href>reference/max-width-072-ref.xht</reference-href>
          <flags>
              <flag>Ahem</flag>
              </flags>
        </test><test>
          <test-title>Max-width using 'ex' units with a minimum minus one value, -1ex</test-title>
          <test-href>max-width-078.xht</test-href>
          <reference-value>=</reference-value>
          <reference-href>reference/ref-if-there-is-no-red.xht</reference-href>
          <flags>
              <flag>Ahem</flag><flag>Invalid</flag>
              </flags>
        </test><test>
          <test-title>Max-width using 'ex' units with a minimum value, 0ex</test-title>
          <test-href>max-width-079.xht</test-href>
          <reference-value>=</reference-value>
          <reference-href>reference/ref-if-there-is-no-red.xht</reference-href>
          <flags>
              <flag>Ahem</flag>
              </flags>
        </test><test>
          <test-title>Max-width using 'ex' units with a minimum plus one value, 1ex</test-title>
          <test-href>max-width-080.xht</test-href>
          <reference-value>=</reference-value>
          <reference-href>reference/max-width-025-ref.xht</reference-href>
          <flags>
              <flag>Ahem</flag>
              </flags>
        </test><test>
          <test-title>Max-width using 'ex' units with a negative zero value, -0ex</test-title>
          <test-href>max-width-081.xht</test-href>
          <reference-value>=</reference-value>
          <reference-href>reference/ref-if-there-is-no-red.xht</reference-href>
          <flags>
              <flag>Ahem</flag>
              </flags>
        </test><test>
          <test-title>Max-width using 'ex' units with a positive zero value, +0ex</test-title>
          <test-href>max-width-082.xht</test-href>
          <reference-value>=</reference-value>
          <reference-href>reference/ref-if-there-is-no-red.xht</reference-href>
          <flags>
              <flag>Ahem</flag>
              </flags>
        </test><test>
          <test-title>Max-width using 'ex' units with a nominal value, 6ex</test-title>
          <test-href>max-width-083.xht</test-href>
          <reference-value>=</reference-value>
          <reference-href>reference/max-width-006-ref.xht</reference-href>
          <flags>
              <flag>Ahem</flag>
              </flags>
        </test><test>
          <test-title>Max-width using 'ex' units with a positive nominal value, +6ex</test-title>
          <test-href>max-width-084.xht</test-href>
          <reference-value>=</reference-value>
          <reference-href>reference/max-width-006-ref.xht</reference-href>
          <flags>
              <flag>Ahem</flag>
              </flags>
        </test><test>
          <test-title>Max-width using percentages with a minimum minus one value, -1%</test-title>
          <test-href>max-width-089.xht</test-href>
          <reference-value>=</reference-value>
          <reference-href>reference/ref-filled-black-96px-square.xht</reference-href>
          <flags>
              <flag>Invalid</flag>
              </flags>
        </test><test>
          <test-title>Max-width using percentages with a minimum value, 0%</test-title>
          <test-href>max-width-090.xht</test-href>
          <reference-value>=</reference-value>
          <reference-href>reference/ref-if-there-is-no-red.xht</reference-href>
          
        </test><test>
          <test-title>Max-width using percentages with a minimum plus one value, 1%</test-title>
          <test-href>max-width-091.xht</test-href>
          <reference-value>=</reference-value>
          <reference-href>reference/max-width-003-ref.xht</reference-href>
          
        </test><test>
          <test-title>Max-width using percentages with a negative zero value, -0%</test-title>
          <test-href>max-width-092.xht</test-href>
          <reference-value>=</reference-value>
          <reference-href>reference/ref-if-there-is-no-red.xht</reference-href>
          
        </test><test>
          <test-title>Max-width using percentages with a positive zero value, +0%</test-title>
          <test-href>max-width-093.xht</test-href>
          <reference-value>=</reference-value>
          <reference-href>reference/ref-if-there-is-no-red.xht</reference-href>
          
        </test><test>
          <test-title>Max-width using percentages with a nominal value, 100%</test-title>
          <test-href>max-width-094.xht</test-href>
          <reference-value>=</reference-value>
          <reference-href>reference/max-width-006-ref.xht</reference-href>
          
        </test><test>
          <test-title>Max-width using percentages with a positive nominal value, +100%</test-title>
          <test-href>max-width-095.xht</test-href>
          <reference-value>=</reference-value>
          <reference-href>reference/max-width-006-ref.xht</reference-href>
          
        </test><test>
          <test-title>Max-width with a negative zero value and no units, -0</test-title>
          <test-href>max-width-100.xht</test-href>
          <reference-value>=</reference-value>
          <reference-href>reference/ref-if-there-is-no-red.xht</reference-href>
          
        </test><test>
          <test-title>Max-width with a zero value and no units, 0</test-title>
          <test-href>max-width-101.xht</test-href>
          <reference-value>=</reference-value>
          <reference-href>reference/ref-if-there-is-no-red.xht</reference-href>
          
        </test><test>
          <test-title>Max-width with a positive zero value and no units, +0</test-title>
          <test-href>max-width-102.xht</test-href>
          <reference-value>=</reference-value>
          <reference-href>reference/ref-if-there-is-no-red.xht</reference-href>
          
        </test><test>
          <test-title>Max-width set to a value of 'none'</test-title>
          <test-href>max-width-103.xht</test-href>
          <reference-value>=</reference-value>
          <reference-href>reference/ref-filled-black-96px-square.xht</reference-href>
          
        </test><test>
          <test-title>Max-width set to 'inherit'</test-title>
          <test-href>max-width-104.xht</test-href>
          <reference-value>=</reference-value>
          <reference-href>reference/max-width-003-ref.xht</reference-href>
          
        </test><test>
          <test-title>max-width - height and overflow</test-title>
          <test-href>max-width-105.xht</test-href>
          <reference-value>=</reference-value>
          <reference-href>reference/max-width-105-ref.xht</reference-href>
          <flags>
              <flag>Ahem</flag>
              </flags>
        </test><test>
          <test-title>max-width - float and overflow</test-title>
          <test-href>max-width-106.xht</test-href>
          <reference-value>=</reference-value>
          <reference-href>reference/max-width-105-ref.xht</reference-href>
          <flags>
              <flag>Ahem</flag>
              </flags>
        </test><test>
          <test-title>max-width - height and overflow</test-title>
          <test-href>max-width-107.xht</test-href>
          <reference-value>=</reference-value>
          <reference-href>reference/max-width-107-ref.xht</reference-href>
          <flags>
              <flag>Ahem</flag>
              </flags>
        </test><test>
          <test-title>max-width - float and inline replaced element</test-title>
          <test-href>max-width-110.xht</test-href>
          <reference-value>=</reference-value>
          <reference-href>reference/ref-filled-green-100px-square.xht</reference-href>
          <flags>
              <flag>Bitmaps</flag>
              </flags>
        </test><test>
          <test-title>Max-width applied to elements with 'display' set to 'table-row-group'</test-title>
          <test-href>max-width-applies-to-001.xht</test-href>
          <reference-value>=</reference-value>
          <reference-href>reference/ref-filled-black-96px-square.xht</reference-href>
          
        </test><test>
          <test-title>Max-width applied to elements with 'display' set to 'table-header-group'</test-title>
          <test-href>max-width-applies-to-002.xht</test-href>
          <reference-value>=</reference-value>
          <reference-href>reference/ref-filled-black-96px-square.xht</reference-href>
          
        </test><test>
          <test-title>Max-width applied to elements with 'display' set to 'table-footer-group'</test-title>
          <test-href>max-width-applies-to-003.xht</test-href>
          <reference-value>=</reference-value>
          <reference-href>reference/ref-filled-black-96px-square.xht</reference-href>
          
        </test><test>
          <test-title>Max-width applied to elements with 'display' set to 'table-row'</test-title>
          <test-href>max-width-applies-to-004.xht</test-href>
          <reference-value>=</reference-value>
          <reference-href>reference/ref-filled-black-96px-square.xht</reference-href>
          
        </test><test>
          <test-title>Max-width applied to elements with 'display' set to 'inline'</test-title>
          <test-href>max-width-applies-to-008.xht</test-href>
          <reference-value>=</reference-value>
          <reference-href>reference/ref-filled-green-100px-square.xht</reference-href>
          <flags>
              <flag>Ahem</flag>
              </flags>
        </test><test>
          <test-title>Max-width applied to elements with 'display' set to 'block'</test-title>
          <test-href>max-width-applies-to-009.xht</test-href>
          <reference-value>=</reference-value>
          <reference-href>reference/ref-filled-black-96px-square.xht</reference-href>
          
        </test><test>
          <test-title>Max-width applied to elements with 'display' set to 'inline-block'</test-title>
          <test-href>max-width-applies-to-012.xht</test-href>
          <reference-value>=</reference-value>
          <reference-href>reference/ref-filled-black-96px-square.xht</reference-href>
          
        </test><test>
          <test-title>Max-width applied to elements with 'display' set to 'table-caption'</test-title>
          <test-href>max-width-applies-to-015.xht</test-href>
          <reference-value>=</reference-value>
          <reference-href>reference/ref-filled-black-96px-square.xht</reference-href>
          
        </test><test>
          <test-title>Max-Width applied to none</test-title>
          <test-href>max-width-applies-to-016.xht</test-href>
          <reference-value>=</reference-value>
          <reference-href>reference/ref-filled-green-100px-square.xht</reference-href>
          
        </test><test>
          <test-title>Using percentages with 'max-width' relative to the containing block</test-title>
          <test-href>max-width-percentage-001.xht</test-href>
          <reference-value>=</reference-value>
          <reference-href>reference/max-width-percentage-001-ref.xht</reference-href>
          
        </test><test>
          <test-title>Percentage based value for 'max-width' contained by box with a negative 'width'</test-title>
          <test-href>max-width-percentage-002.xht</test-href>
          <reference-value>=</reference-value>
          <reference-href>reference/ref-if-there-is-no-red.xht</reference-href>
          
        </test><test>
          <test-title>@media and target mediums</test-title>
          <test-href>media-dependency-001.xht</test-href>
          <reference-value>=</reference-value>
          <reference-href>reference/filler-text-below-green.xht</reference-href>
          
        </test><test>
          <test-title>@import and target mediums</test-title>
          <test-href>media-dependency-002.xht</test-href>
          <reference-value>=</reference-value>
          <reference-href>reference/filler-text-below-green.xht</reference-href>
          
        </test><test>
          <test-title>Link tags and target mediums</test-title>
          <test-href>media-dependency-003.xht</test-href>
          <reference-value>=</reference-value>
          <reference-href>reference/filler-text-below-green.xht</reference-href>
          
        </test><test>
          <test-title>Case-insensitive media types</test-title>
          <test-href>media-dependency-004.xht</test-href>
          <reference-value>=</reference-value>
          <reference-href>reference/filler-text-below-green.xht</reference-href>
          
        </test><test>
          <test-title>Ignoring bad media types with @import</test-title>
          <test-href>media-dependency-005.xht</test-href>
          <reference-value>=</reference-value>
          <reference-href>reference/filler-text-below-green.xht</reference-href>
          <flags>
              <flag>Invalid</flag>
              </flags>
        </test><test>
          <test-title>Ignoring bad media types with @media</test-title>
          <test-href>media-dependency-006.xht</test-href>
          <reference-value>=</reference-value>
          <reference-href>reference/filler-text-below-green.xht</reference-href>
          <flags>
              <flag>Invalid</flag>
              </flags>
        </test><test>
          <test-title>Non-matching target mediums</test-title>
          <test-href>media-dependency-007.xht</test-href>
          <reference-value>=</reference-value>
          <reference-href>reference/no-red-filler-text-ref.xht</reference-href>
          
        </test><test>
          <test-title>Non-matching target mediums and @import</test-title>
          <test-href>media-dependency-008.xht</test-href>
          <reference-value>=</reference-value>
          <reference-href>reference/no-red-filler-text-ref.xht</reference-href>
          
        </test><test>
          <test-title>Matching the 'All' target medium</test-title>
          <test-href>media-dependency-009.xht</test-href>
          <reference-value>=</reference-value>
          <reference-href>reference/filler-text-below-green.xht</reference-href>
          
        </test><test>
          <test-title>Non-matching target mediums (braille)</test-title>
          <test-href>media-dependency-010.xht</test-href>
          <reference-value>=</reference-value>
          <reference-href>reference/no-red-filler-text-ref.xht</reference-href>
          
        </test><test>
          <test-title>Non-matching target mediums (embossed)</test-title>
          <test-href>media-dependency-011.xht</test-href>
          <reference-value>=</reference-value>
          <reference-href>reference/no-red-filler-text-ref.xht</reference-href>
          
        </test><test>
          <test-title>Non-matching target mediums (handheld)</test-title>
          <test-href>media-dependency-012.xht</test-href>
          <reference-value>=</reference-value>
          <reference-href>reference/no-red-filler-text-ref.xht</reference-href>
          
        </test><test>
          <test-title>Non-matching target mediums (projection)</test-title>
          <test-href>media-dependency-013.xht</test-href>
          <reference-value>=</reference-value>
          <reference-href>reference/no-red-filler-text-ref.xht</reference-href>
          
        </test><test>
          <test-title>Non-matching target mediums (speech)</test-title>
          <test-href>media-dependency-014.xht</test-href>
          <reference-value>=</reference-value>
          <reference-href>reference/no-red-filler-text-ref.xht</reference-href>
          
        </test><test>
          <test-title>Non-matching target mediums (tty)</test-title>
          <test-href>media-dependency-015.xht</test-href>
          <reference-value>=</reference-value>
          <reference-href>reference/no-red-filler-text-ref.xht</reference-href>
          
        </test><test>
          <test-title>Non-matching target mediums (tv)</test-title>
          <test-href>media-dependency-016.xht</test-href>
          <reference-value>=</reference-value>
          <reference-href>reference/no-red-filler-text-ref.xht</reference-href>
          
        </test><test>
          <test-title>Multiple target mediums</test-title>
          <test-href>media-dependency-017.xht</test-href>
          <reference-value>=</reference-value>
          <reference-href>reference/filler-text-below-green.xht</reference-href>
          
        </test><test>
          <test-title>Min-height using pixels with a minimum minus one value, -1px</test-title>
          <test-href>min-height-001.xht</test-href>
          <reference-value>=</reference-value>
          <reference-href>reference/height-001-ref.xht</reference-href>
          <flags>
              <flag>Invalid</flag>
              </flags>
        </test><test>
          <test-title>Min-height using pixels with a minimum value, 0px</test-title>
          <test-href>min-height-002.xht</test-href>
          <reference-value>=</reference-value>
          <reference-href>reference/height-001-ref.xht</reference-href>
          
        </test><test>
          <test-title>Min-height using pixels with a minimum plus one value, 1px</test-title>
          <test-href>min-height-003.xht</test-href>
          <reference-value>=</reference-value>
          <reference-href>reference/height-003-ref.xht</reference-href>
          
        </test><test>
          <test-title>Min-height using pixels with a negative zero value, -0px</test-title>
          <test-href>min-height-004.xht</test-href>
          <reference-value>=</reference-value>
          <reference-href>reference/height-001-ref.xht</reference-href>
          
        </test><test>
          <test-title>Min-height using pixels with a positive zero value, +0px</test-title>
          <test-href>min-height-005.xht</test-href>
          <reference-value>=</reference-value>
          <reference-href>reference/height-001-ref.xht</reference-href>
          
        </test><test>
          <test-title>Min-height using pixels with a nominal value, 96px</test-title>
          <test-href>min-height-006.xht</test-href>
          <reference-value>=</reference-value>
          <reference-href>reference/height-006-ref.xht</reference-href>
          
        </test><test>
          <test-title>Min-height using pixels with a positive nominal value, +96px</test-title>
          <test-href>min-height-007.xht</test-href>
          <reference-value>=</reference-value>
          <reference-href>reference/height-006-ref.xht</reference-href>
          
        </test><test>
          <test-title>Min-height using points with a minimum minus one value, -1pt</test-title>
          <test-href>min-height-012.xht</test-href>
          <reference-value>=</reference-value>
          <reference-href>reference/height-001-ref.xht</reference-href>
          <flags>
              <flag>Invalid</flag>
              </flags>
        </test><test>
          <test-title>Min-height using points with a minimum value, 0pt</test-title>
          <test-href>min-height-013.xht</test-href>
          <reference-value>=</reference-value>
          <reference-href>reference/height-001-ref.xht</reference-href>
          
        </test><test>
          <test-title>Min-height using points with a negative zero value, -0pt</test-title>
          <test-href>min-height-015.xht</test-href>
          <reference-value>=</reference-value>
          <reference-href>reference/height-001-ref.xht</reference-href>
          
        </test><test>
          <test-title>Min-height using points with a positive zero value, +0pt</test-title>
          <test-href>min-height-016.xht</test-href>
          <reference-value>=</reference-value>
          <reference-href>reference/height-001-ref.xht</reference-href>
          
        </test><test>
          <test-title>Min-height using points with a nominal value, 72pt</test-title>
          <test-href>min-height-017.xht</test-href>
          <reference-value>=</reference-value>
          <reference-href>reference/height-006-ref.xht</reference-href>
          
        </test><test>
          <test-title>Min-height using points with a positive nominal value, +72pt</test-title>
          <test-href>min-height-018.xht</test-href>
          <reference-value>=</reference-value>
          <reference-href>reference/height-006-ref.xht</reference-href>
          
        </test><test>
          <test-title>Min-height using picas with a minimum minus one value, -1pc</test-title>
          <test-href>min-height-023.xht</test-href>
          <reference-value>=</reference-value>
          <reference-href>reference/height-001-ref.xht</reference-href>
          <flags>
              <flag>Invalid</flag>
              </flags>
        </test><test>
          <test-title>Min-height using picas with a minimum value, 0pc</test-title>
          <test-href>min-height-024.xht</test-href>
          <reference-value>=</reference-value>
          <reference-href>reference/height-001-ref.xht</reference-href>
          
        </test><test>
          <test-title>Min-height using picas with a minimum plus one value, 1pc</test-title>
          <test-href>min-height-025.xht</test-href>
          <reference-value>=</reference-value>
          <reference-href>reference/max-height-025-ref.xht</reference-href>
          
        </test><test>
          <test-title>Min-height using picas with a negative zero value, -0pc</test-title>
          <test-href>min-height-026.xht</test-href>
          <reference-value>=</reference-value>
          <reference-href>reference/height-001-ref.xht</reference-href>
          
        </test><test>
          <test-title>Min-height using picas with a positive zero value, +0pc</test-title>
          <test-href>min-height-027.xht</test-href>
          <reference-value>=</reference-value>
          <reference-href>reference/height-001-ref.xht</reference-href>
          
        </test><test>
          <test-title>Min-height using picas with a nominal value, 6pc</test-title>
          <test-href>min-height-028.xht</test-href>
          <reference-value>=</reference-value>
          <reference-href>reference/height-006-ref.xht</reference-href>
          
        </test><test>
          <test-title>Min-height using picas with a positive nominal value, +6pc</test-title>
          <test-href>min-height-029.xht</test-href>
          <reference-value>=</reference-value>
          <reference-href>reference/height-006-ref.xht</reference-href>
          
        </test><test>
          <test-title>Min-height using centimeters with a minimum minus one value, -1cm</test-title>
          <test-href>min-height-034.xht</test-href>
          <reference-value>=</reference-value>
          <reference-href>reference/height-001-ref.xht</reference-href>
          <flags>
              <flag>Invalid</flag>
              </flags>
        </test><test>
          <test-title>Min-height using centimeters with a minimum value, 0cm</test-title>
          <test-href>min-height-035.xht</test-href>
          <reference-value>=</reference-value>
          <reference-href>reference/height-001-ref.xht</reference-href>
          
        </test><test>
          <test-title>Min-height using centimeters with a minimum plus one value, 1cm</test-title>
          <test-href>min-height-036.xht</test-href>
          <reference-value>=</reference-value>
          <reference-href>reference/max-height-036-ref.xht</reference-href>
          
        </test><test>
          <test-title>Min-height using centimeters with a negative zero value, -0cm</test-title>
          <test-href>min-height-037.xht</test-href>
          <reference-value>=</reference-value>
          <reference-href>reference/height-001-ref.xht</reference-href>
          
        </test><test>
          <test-title>Min-height using centimeters with a positive zero value, +0cm</test-title>
          <test-href>min-height-038.xht</test-href>
          <reference-value>=</reference-value>
          <reference-href>reference/height-001-ref.xht</reference-href>
          
        </test><test>
          <test-title>Min-height using centimeters with a nominal value, 2.54cm</test-title>
          <test-href>min-height-039.xht</test-href>
          <reference-value>=</reference-value>
          <reference-href>reference/height-006-ref.xht</reference-href>
          
        </test><test>
          <test-title>Min-height using centimeters with a positive nominal value, +2.54cm</test-title>
          <test-href>min-height-040.xht</test-href>
          <reference-value>=</reference-value>
          <reference-href>reference/height-006-ref.xht</reference-href>
          
        </test><test>
          <test-title>Min-height using millimeters with a minimum minus one value, -1mm</test-title>
          <test-href>min-height-045.xht</test-href>
          <reference-value>=</reference-value>
          <reference-href>reference/height-001-ref.xht</reference-href>
          <flags>
              <flag>Invalid</flag>
              </flags>
        </test><test>
          <test-title>Min-height using millimeters with a minimum value, 0mm</test-title>
          <test-href>min-height-046.xht</test-href>
          <reference-value>=</reference-value>
          <reference-href>reference/height-001-ref.xht</reference-href>
          
        </test><test>
          <test-title>Min-height using millimeters with a minimum plus one value, 1mm</test-title>
          <test-href>min-height-047.xht</test-href>
          <reference-value>=</reference-value>
          <reference-href>reference/max-height-047-ref.xht</reference-href>
          
        </test><test>
          <test-title>Min-height using millimeters with a negative zero value, -0mm</test-title>
          <test-href>min-height-048.xht</test-href>
          <reference-value>=</reference-value>
          <reference-href>reference/height-001-ref.xht</reference-href>
          
        </test><test>
          <test-title>Min-height using millimeters with a positive zero value, +0mm</test-title>
          <test-href>min-height-049.xht</test-href>
          <reference-value>=</reference-value>
          <reference-href>reference/height-001-ref.xht</reference-href>
          
        </test><test>
          <test-title>Min-height using millimeters with a nominal value, 25.4mm</test-title>
          <test-href>min-height-050.xht</test-href>
          <reference-value>=</reference-value>
          <reference-href>reference/height-006-ref.xht</reference-href>
          
        </test><test>
          <test-title>Min-height using millimeters with a positive nominal value, +25.4mm</test-title>
          <test-href>min-height-051.xht</test-href>
          <reference-value>=</reference-value>
          <reference-href>reference/height-006-ref.xht</reference-href>
          
        </test><test>
          <test-title>Min-height using inches with a minimum minus one value, -1in</test-title>
          <test-href>min-height-056.xht</test-href>
          <reference-value>=</reference-value>
          <reference-href>reference/height-001-ref.xht</reference-href>
          <flags>
              <flag>Invalid</flag>
              </flags>
        </test><test>
          <test-title>Min-height using inches with a minimum value, 0in</test-title>
          <test-href>min-height-057.xht</test-href>
          <reference-value>=</reference-value>
          <reference-href>reference/height-001-ref.xht</reference-href>
          
        </test><test>
          <test-title>Min-height using inches with a minimum plus one value, 1in</test-title>
          <test-href>min-height-058.xht</test-href>
          <reference-value>=</reference-value>
          <reference-href>reference/max-height-058-ref.xht</reference-href>
          
        </test><test>
          <test-title>Min-height using inches with a negative zero value, -0in</test-title>
          <test-href>min-height-059.xht</test-href>
          <reference-value>=</reference-value>
          <reference-href>reference/height-001-ref.xht</reference-href>
          
        </test><test>
          <test-title>Min-height using inches with a positive zero value, +0in</test-title>
          <test-href>min-height-060.xht</test-href>
          <reference-value>=</reference-value>
          <reference-href>reference/height-001-ref.xht</reference-href>
          
        </test><test>
          <test-title>Min-height using inches with a nominal value, 3in</test-title>
          <test-href>min-height-061.xht</test-href>
          <reference-value>=</reference-value>
          <reference-href>reference/height-061-ref.xht</reference-href>
          
        </test><test>
          <test-title>Min-height using inches with a positive nominal value, +3in</test-title>
          <test-href>min-height-062.xht</test-href>
          <reference-value>=</reference-value>
          <reference-href>reference/height-061-ref.xht</reference-href>
          
        </test><test>
          <test-title>Min-height using 'em' units with a minimum minus one value, -1em</test-title>
          <test-href>min-height-067.xht</test-href>
          <reference-value>=</reference-value>
          <reference-href>reference/min-height-067-ref.xht</reference-href>
          <flags>
              <flag>Ahem</flag><flag>Invalid</flag>
              </flags>
        </test><test>
          <test-title>Min-height using 'em' units with a minimum value, 0em</test-title>
          <test-href>min-height-068.xht</test-href>
          <reference-value>=</reference-value>
          <reference-href>reference/min-height-067-ref.xht</reference-href>
          <flags>
              <flag>Ahem</flag>
              </flags>
        </test><test>
          <test-title>Min-height using 'em' units with a minimum plus one value, 1em</test-title>
          <test-href>min-height-069.xht</test-href>
          <reference-value>=</reference-value>
          <reference-href>reference/height-069-ref.xht</reference-href>
          <flags>
              <flag>Ahem</flag>
              </flags>
        </test><test>
          <test-title>Min-height using 'em' units with a negative zero value, -0em</test-title>
          <test-href>min-height-070.xht</test-href>
          <reference-value>=</reference-value>
          <reference-href>reference/min-height-067-ref.xht</reference-href>
          <flags>
              <flag>Ahem</flag>
              </flags>
        </test><test>
          <test-title>Min-height using 'em' units with a positive zero value, +0em</test-title>
          <test-href>min-height-071.xht</test-href>
          <reference-value>=</reference-value>
          <reference-href>reference/min-height-067-ref.xht</reference-href>
          <flags>
              <flag>Ahem</flag>
              </flags>
        </test><test>
          <test-title>Min-height using 'em' units with a nominal value, 5em</test-title>
          <test-href>min-height-072.xht</test-href>
          <reference-value>=</reference-value>
          <reference-href>reference/height-072-ref.xht</reference-href>
          <flags>
              <flag>Ahem</flag>
              </flags>
        </test><test>
          <test-title>Min-height using 'em' units with a positive nominal value, +5em</test-title>
          <test-href>min-height-073.xht</test-href>
          <reference-value>=</reference-value>
          <reference-href>reference/height-072-ref.xht</reference-href>
          <flags>
              <flag>Ahem</flag>
              </flags>
        </test><test>
          <test-title>Min-height using 'ex' units with a minimum minus one value, -1ex</test-title>
          <test-href>min-height-078.xht</test-href>
          <reference-value>=</reference-value>
          <reference-href>reference/min-height-067-ref.xht</reference-href>
          <flags>
              <flag>Ahem</flag><flag>Invalid</flag>
              </flags>
        </test><test>
          <test-title>Min-height using 'ex' units with a minimum value, 0ex</test-title>
          <test-href>min-height-079.xht</test-href>
          <reference-value>=</reference-value>
          <reference-href>reference/min-height-067-ref.xht</reference-href>
          <flags>
              <flag>Ahem</flag>
              </flags>
        </test><test>
          <test-title>Min-height using 'ex' units with a minimum plus one value, 1ex</test-title>
          <test-href>min-height-080.xht</test-href>
          <reference-value>=</reference-value>
          <reference-href>reference/height-080-ref.xht</reference-href>
          <flags>
              <flag>Ahem</flag>
              </flags>
        </test><test>
          <test-title>Min-height using 'ex' units with a negative zero value, -0ex</test-title>
          <test-href>min-height-081.xht</test-href>
          <reference-value>=</reference-value>
          <reference-href>reference/min-height-067-ref.xht</reference-href>
          <flags>
              <flag>Ahem</flag>
              </flags>
        </test><test>
          <test-title>Min-height using 'ex' units with a positive zero value, +0ex</test-title>
          <test-href>min-height-082.xht</test-href>
          <reference-value>=</reference-value>
          <reference-href>reference/min-height-067-ref.xht</reference-href>
          <flags>
              <flag>Ahem</flag>
              </flags>
        </test><test>
          <test-title>Min-height using 'ex' units with a nominal value, 6ex</test-title>
          <test-href>min-height-083.xht</test-href>
          <reference-value>=</reference-value>
          <reference-href>reference/height-006-ref.xht</reference-href>
          <flags>
              <flag>Ahem</flag>
              </flags>
        </test><test>
          <test-title>Min-height using 'ex' units with a positive nominal value, +6ex</test-title>
          <test-href>min-height-084.xht</test-href>
          <reference-value>=</reference-value>
          <reference-href>reference/height-006-ref.xht</reference-href>
          <flags>
              <flag>Ahem</flag>
              </flags>
        </test><test>
          <test-title>Min-height using percentages with a minimum minus one value, -1%</test-title>
          <test-href>min-height-089.xht</test-href>
          <reference-value>=</reference-value>
          <reference-href>reference/height-001-ref.xht</reference-href>
          <flags>
              <flag>Invalid</flag>
              </flags>
        </test><test>
          <test-title>Min-height using percentages with a minimum value, 0%</test-title>
          <test-href>min-height-090.xht</test-href>
          <reference-value>=</reference-value>
          <reference-href>reference/height-001-ref.xht</reference-href>
          
        </test><test>
          <test-title>Min-height using percentages with a minimum plus one value, 1%</test-title>
          <test-href>min-height-091.xht</test-href>
          <reference-value>=</reference-value>
          <reference-href>reference/height-003-ref.xht</reference-href>
          
        </test><test>
          <test-title>Min-height using percentages with a negative zero value, -0%</test-title>
          <test-href>min-height-092.xht</test-href>
          <reference-value>=</reference-value>
          <reference-href>reference/height-001-ref.xht</reference-href>
          
        </test><test>
          <test-title>Min-height using percentages with a positive zero value, +0%</test-title>
          <test-href>min-height-093.xht</test-href>
          <reference-value>=</reference-value>
          <reference-href>reference/height-001-ref.xht</reference-href>
          
        </test><test>
          <test-title>Min-height using percentages with a nominal value, 100%</test-title>
          <test-href>min-height-094.xht</test-href>
          <reference-value>=</reference-value>
          <reference-href>reference/height-006-ref.xht</reference-href>
          
        </test><test>
          <test-title>Min-height using percentages with a positive nominal value, +100%</test-title>
          <test-href>min-height-095.xht</test-href>
          <reference-value>=</reference-value>
          <reference-href>reference/height-006-ref.xht</reference-href>
          
        </test><test>
          <test-title>Min-height with a negative zero value and no units, -0</test-title>
          <test-href>min-height-100.xht</test-href>
          <reference-value>=</reference-value>
          <reference-href>reference/height-001-ref.xht</reference-href>
          
        </test><test>
          <test-title>Min-height with a zero value and no units, 0</test-title>
          <test-href>min-height-101.xht</test-href>
          <reference-value>=</reference-value>
          <reference-href>reference/height-001-ref.xht</reference-href>
          
        </test><test>
          <test-title>Min-height with a positive zero value and no units, +0</test-title>
          <test-href>min-height-102.xht</test-href>
          <reference-value>=</reference-value>
          <reference-href>reference/height-001-ref.xht</reference-href>
          
        </test><test>
          <test-title>Min-height set to 'inherit'</test-title>
          <test-href>min-height-103.xht</test-href>
          <reference-value>=</reference-value>
          <reference-href>reference/height-003-ref.xht</reference-href>
          
        </test><test>
          <test-title>min-height - space for scrollbar</test-title>
          <test-href>min-height-104.xht</test-href>
          <reference-value>=</reference-value>
          <reference-href>reference/max-height-107-ref.xht</reference-href>
          <flags>
              <flag>Ahem</flag>
              </flags>
        </test><test>
          <test-title>min-height - space for scrollbar</test-title>
          <test-href>min-height-105.xht</test-href>
          <reference-value>=</reference-value>
          <reference-href>reference/max-height-110-ref.xht</reference-href>
          <flags>
              <flag>Ahem</flag>
              </flags>
        </test><test>
          <test-title>min-height - float and overflow</test-title>
          <test-href>min-height-106.xht</test-href>
          <reference-value>=</reference-value>
          <reference-href>reference/max-height-107-ref.xht</reference-href>
          <flags>
              <flag>Ahem</flag>
              </flags>
        </test><test>
          <test-title>Basic min-height test</test-title>
          <test-href>min-height-111.xht</test-href>
          <reference-value>=</reference-value>
          <reference-href>reference/min-height-111-ref.xht</reference-href>
          
        </test><test>
          <test-title>Basic min-height test (with overflow:hidden)</test-title>
          <test-href>min-height-112.xht</test-href>
          <reference-value>=</reference-value>
          <reference-href>reference/min-height-111-ref.xht</reference-href>
          
        </test><test>
          <test-title>Min-height applied to elements with 'display' set to 'table-column-group'</test-title>
          <test-href>min-height-applies-to-005.xht</test-href>
          <reference-value>=</reference-value>
          <reference-href>reference/ref-if-there-is-no-red.xht</reference-href>
          
        </test><test>
          <test-title>Min-height applied to elements with 'display' set to 'table-column'</test-title>
          <test-href>min-height-applies-to-006.xht</test-href>
          <reference-value>=</reference-value>
          <reference-href>reference/ref-if-there-is-no-red.xht</reference-href>
          
        </test><test>
          <test-title>Min-height applied to elements with 'display' set to 'inline'</test-title>
          <test-href>min-height-applies-to-008.xht</test-href>
          <reference-value>=</reference-value>
          <reference-href>reference/ref-if-there-is-no-red.xht</reference-href>
          <flags>
              <flag>Ahem</flag>
              </flags>
        </test><test>
          <test-title>Min-height applied to elements with 'display' set to 'block'</test-title>
          <test-href>min-height-applies-to-009.xht</test-href>
          <reference-value>=</reference-value>
          <reference-href>reference/ref-filled-black-96px-square.xht</reference-href>
          
        </test><test>
          <test-title>Min-height applied to elements with 'display' set to 'inline-block'</test-title>
          <test-href>min-height-applies-to-012.xht</test-href>
          <reference-value>=</reference-value>
          <reference-href>reference/ref-filled-black-96px-square.xht</reference-href>
          
        </test><test>
          <test-title>Min-height applied to elements with 'display' set to 'table-caption'</test-title>
          <test-href>min-height-applies-to-015.xht</test-href>
          <reference-value>=</reference-value>
          <reference-href>reference/ref-filled-black-96px-square.xht</reference-href>
          
        </test><test>
          <test-title>Min-height percentage is based on containing block</test-title>
          <test-href>min-height-percentage-001.xht</test-href>
          <reference-value>=</reference-value>
          <reference-href>reference/max-height-percentage-001-ref.xht</reference-href>
          
        </test><test>
          <test-title>Percentage 'min-height' with no 'height' on containing block</test-title>
          <test-href>min-height-percentage-002.xht</test-href>
          <reference-value>=</reference-value>
          <reference-href>reference/ref-if-there-is-no-red.xht</reference-href>
          
        </test><test>
          <test-title>min-height - 100% of the initial containing block's height</test-title>
          <test-href>min-height-percentage-003.xht</test-href>
          <reference-value>=</reference-value>
          <reference-href>reference/min-height-percentage-003-ref.xht</reference-href>
          
        </test><test>
          <test-title>Min-width using pixels with a minimum minus one value, -1px</test-title>
          <test-href>min-width-001.xht</test-href>
          <reference-value>=</reference-value>
          <reference-href>reference/ref-if-there-is-no-red.xht</reference-href>
          <flags>
              <flag>Invalid</flag>
              </flags>
        </test><test>
          <test-title>Min-width using pixels with a minimum value, 0px</test-title>
          <test-href>min-width-002.xht</test-href>
          <reference-value>=</reference-value>
          <reference-href>reference/ref-if-there-is-no-red.xht</reference-href>
          
        </test><test>
          <test-title>Min-width using pixels with a minimum plus one value, 1px</test-title>
          <test-href>min-width-003.xht</test-href>
          <reference-value>=</reference-value>
          <reference-href>reference/max-width-003-ref.xht</reference-href>
          
        </test><test>
          <test-title>Min-width using pixels with a negative zero value, -0px</test-title>
          <test-href>min-width-004.xht</test-href>
          <reference-value>=</reference-value>
          <reference-href>reference/ref-if-there-is-no-red.xht</reference-href>
          
        </test><test>
          <test-title>Min-width using pixels with a positive zero value, +0px</test-title>
          <test-href>min-width-005.xht</test-href>
          <reference-value>=</reference-value>
          <reference-href>reference/ref-if-there-is-no-red.xht</reference-href>
          
        </test><test>
          <test-title>Min-width using pixels with a nominal value, 96px</test-title>
          <test-href>min-width-006.xht</test-href>
          <reference-value>=</reference-value>
          <reference-href>reference/max-width-006-ref.xht</reference-href>
          
        </test><test>
          <test-title>Min-width using pixels with a positive nominal value, +96px</test-title>
          <test-href>min-width-007.xht</test-href>
          <reference-value>=</reference-value>
          <reference-href>reference/max-width-006-ref.xht</reference-href>
          
        </test><test>
          <test-title>Min-width using points with a minimum minus one value, -1pt</test-title>
          <test-href>min-width-012.xht</test-href>
          <reference-value>=</reference-value>
          <reference-href>reference/ref-if-there-is-no-red.xht</reference-href>
          <flags>
              <flag>Invalid</flag>
              </flags>
        </test><test>
          <test-title>Min-width using points with a minimum value, 0pt</test-title>
          <test-href>min-width-013.xht</test-href>
          <reference-value>=</reference-value>
          <reference-href>reference/ref-if-there-is-no-red.xht</reference-href>
          
        </test><test>
          <test-title>Min-width using points with a negative zero value, -0pt</test-title>
          <test-href>min-width-015.xht</test-href>
          <reference-value>=</reference-value>
          <reference-href>reference/ref-if-there-is-no-red.xht</reference-href>
          
        </test><test>
          <test-title>Min-width using points with a positive zero value, +0pt</test-title>
          <test-href>min-width-016.xht</test-href>
          <reference-value>=</reference-value>
          <reference-href>reference/ref-if-there-is-no-red.xht</reference-href>
          
        </test><test>
          <test-title>Min-width using points with a nominal value, 72pt</test-title>
          <test-href>min-width-017.xht</test-href>
          <reference-value>=</reference-value>
          <reference-href>reference/max-width-006-ref.xht</reference-href>
          
        </test><test>
          <test-title>Min-width using points with a positive nominal value, +72pt</test-title>
          <test-href>min-width-018.xht</test-href>
          <reference-value>=</reference-value>
          <reference-href>reference/max-width-006-ref.xht</reference-href>
          
        </test><test>
          <test-title>Min-width using picas with a minimum minus one value, -1pc</test-title>
          <test-href>min-width-023.xht</test-href>
          <reference-value>=</reference-value>
          <reference-href>reference/ref-if-there-is-no-red.xht</reference-href>
          <flags>
              <flag>Invalid</flag>
              </flags>
        </test><test>
          <test-title>Min-width using picas with a minimum value, 0pc</test-title>
          <test-href>min-width-024.xht</test-href>
          <reference-value>=</reference-value>
          <reference-href>reference/ref-if-there-is-no-red.xht</reference-href>
          
        </test><test>
          <test-title>Min-width using picas with a minimum plus one value, 1pc</test-title>
          <test-href>min-width-025.xht</test-href>
          <reference-value>=</reference-value>
          <reference-href>reference/max-width-025-ref.xht</reference-href>
          
        </test><test>
          <test-title>Min-width using picas with a negative zero value, -0pc</test-title>
          <test-href>min-width-026.xht</test-href>
          <reference-value>=</reference-value>
          <reference-href>reference/ref-if-there-is-no-red.xht</reference-href>
          
        </test><test>
          <test-title>Min-width using picas with a positive zero value, +0pc</test-title>
          <test-href>min-width-027.xht</test-href>
          <reference-value>=</reference-value>
          <reference-href>reference/ref-if-there-is-no-red.xht</reference-href>
          
        </test><test>
          <test-title>Min-width using picas with a nominal value, 6pc</test-title>
          <test-href>min-width-028.xht</test-href>
          <reference-value>=</reference-value>
          <reference-href>reference/max-width-006-ref.xht</reference-href>
          
        </test><test>
          <test-title>Min-width using picas with a positive nominal value, +6pc</test-title>
          <test-href>min-width-029.xht</test-href>
          <reference-value>=</reference-value>
          <reference-href>reference/max-width-006-ref.xht</reference-href>
          
        </test><test>
          <test-title>Min-width using centimeters with a minimum minus one value, -1cm</test-title>
          <test-href>min-width-034.xht</test-href>
          <reference-value>=</reference-value>
          <reference-href>reference/ref-if-there-is-no-red.xht</reference-href>
          <flags>
              <flag>Invalid</flag>
              </flags>
        </test><test>
          <test-title>Min-width using centimeters with a minimum value, 0cm</test-title>
          <test-href>min-width-035.xht</test-href>
          <reference-value>=</reference-value>
          <reference-href>reference/ref-if-there-is-no-red.xht</reference-href>
          
        </test><test>
          <test-title>Min-width using centimeters with a minimum plus one value, 1cm</test-title>
          <test-href>min-width-036.xht</test-href>
          <reference-value>=</reference-value>
          <reference-href>reference/max-width-036-ref.xht</reference-href>
          
        </test><test>
          <test-title>Min-width using centimeters with a negative zero value, -0cm</test-title>
          <test-href>min-width-037.xht</test-href>
          <reference-value>=</reference-value>
          <reference-href>reference/ref-if-there-is-no-red.xht</reference-href>
          
        </test><test>
          <test-title>Min-width using centimeters with a positive zero value, +0cm</test-title>
          <test-href>min-width-038.xht</test-href>
          <reference-value>=</reference-value>
          <reference-href>reference/ref-if-there-is-no-red.xht</reference-href>
          
        </test><test>
          <test-title>Min-width using centimeters with a nominal value, 2.54cm</test-title>
          <test-href>min-width-039.xht</test-href>
          <reference-value>=</reference-value>
          <reference-href>reference/max-width-006-ref.xht</reference-href>
          
        </test><test>
          <test-title>Min-width using centimeters with a positive nominal value, +2.54cm</test-title>
          <test-href>min-width-040.xht</test-href>
          <reference-value>=</reference-value>
          <reference-href>reference/max-width-006-ref.xht</reference-href>
          
        </test><test>
          <test-title>Min-width using millimeters with a minimum minus one value, -1mm</test-title>
          <test-href>min-width-045.xht</test-href>
          <reference-value>=</reference-value>
          <reference-href>reference/ref-if-there-is-no-red.xht</reference-href>
          <flags>
              <flag>Invalid</flag>
              </flags>
        </test><test>
          <test-title>Min-width using millimeters with a minimum value, 0mm</test-title>
          <test-href>min-width-046.xht</test-href>
          <reference-value>=</reference-value>
          <reference-href>reference/ref-if-there-is-no-red.xht</reference-href>
          
        </test><test>
          <test-title>Min-width using millimeters with a minimum plus one value, 1mm</test-title>
          <test-href>min-width-047.xht</test-href>
          <reference-value>=</reference-value>
          <reference-href>reference/max-width-047-ref.xht</reference-href>
          
        </test><test>
          <test-title>Min-width using millimeters with a negative zero value, -0mm</test-title>
          <test-href>min-width-048.xht</test-href>
          <reference-value>=</reference-value>
          <reference-href>reference/ref-if-there-is-no-red.xht</reference-href>
          
        </test><test>
          <test-title>Min-width using millimeters with a positive zero value, +0mm</test-title>
          <test-href>min-width-049.xht</test-href>
          <reference-value>=</reference-value>
          <reference-href>reference/ref-if-there-is-no-red.xht</reference-href>
          
        </test><test>
          <test-title>Min-width using millimeters with a nominal value, 25.4mm</test-title>
          <test-href>min-width-050.xht</test-href>
          <reference-value>=</reference-value>
          <reference-href>reference/max-width-006-ref.xht</reference-href>
          
        </test><test>
          <test-title>Min-width using millimeters with a positive nominal value, +25.4mm</test-title>
          <test-href>min-width-051.xht</test-href>
          <reference-value>=</reference-value>
          <reference-href>reference/max-width-006-ref.xht</reference-href>
          
        </test><test>
          <test-title>Min-width using inches with a minimum minus one value, -1in</test-title>
          <test-href>min-width-056.xht</test-href>
          <reference-value>=</reference-value>
          <reference-href>reference/ref-if-there-is-no-red.xht</reference-href>
          <flags>
              <flag>Invalid</flag>
              </flags>
        </test><test>
          <test-title>Min-width using inches with a minimum value, 0in</test-title>
          <test-href>min-width-057.xht</test-href>
          <reference-value>=</reference-value>
          <reference-href>reference/ref-if-there-is-no-red.xht</reference-href>
          
        </test><test>
          <test-title>Min-width using inches with a minimum plus one value, 1in</test-title>
          <test-href>min-width-058.xht</test-href>
          <reference-value>=</reference-value>
          <reference-href>reference/ref-filled-black-96px-square.xht</reference-href>
          
        </test><test>
          <test-title>Min-width using inches with a negative zero value, -0in</test-title>
          <test-href>min-width-059.xht</test-href>
          <reference-value>=</reference-value>
          <reference-href>reference/ref-if-there-is-no-red.xht</reference-href>
          
        </test><test>
          <test-title>Min-width using inches with a positive zero value, +0in</test-title>
          <test-href>min-width-060.xht</test-href>
          <reference-value>=</reference-value>
          <reference-href>reference/ref-if-there-is-no-red.xht</reference-href>
          
        </test><test>
          <test-title>Min-width using inches with a nominal value, 3in</test-title>
          <test-href>min-width-061.xht</test-href>
          <reference-value>=</reference-value>
          <reference-href>reference/max-width-061-ref.xht</reference-href>
          
        </test><test>
          <test-title>Min-width using inches with a positive nominal value, +3in</test-title>
          <test-href>min-width-062.xht</test-href>
          <reference-value>=</reference-value>
          <reference-href>reference/max-width-061-ref.xht</reference-href>
          
        </test><test>
          <test-title>Min-width using 'em' units with a minimum minus one value, -1em</test-title>
          <test-href>min-width-067.xht</test-href>
          <reference-value>=</reference-value>
          <reference-href>reference/ref-if-there-is-no-red.xht</reference-href>
          <flags>
              <flag>Ahem</flag><flag>Invalid</flag>
              </flags>
        </test><test>
          <test-title>Min-width using 'em' units with a minimum value, 0em</test-title>
          <test-href>min-width-068.xht</test-href>
          <reference-value>=</reference-value>
          <reference-href>reference/ref-if-there-is-no-red.xht</reference-href>
          <flags>
              <flag>Ahem</flag>
              </flags>
        </test><test>
          <test-title>Min-width using 'em' units with a minimum plus one value, 1em</test-title>
          <test-href>min-width-069.xht</test-href>
          <reference-value>=</reference-value>
          <reference-href>reference/max-width-069-ref.xht</reference-href>
          <flags>
              <flag>Ahem</flag>
              </flags>
        </test><test>
          <test-title>Min-width using 'em' units with a negative zero value, -0em</test-title>
          <test-href>min-width-070.xht</test-href>
          <reference-value>=</reference-value>
          <reference-href>reference/ref-if-there-is-no-red.xht</reference-href>
          <flags>
              <flag>Ahem</flag>
              </flags>
        </test><test>
          <test-title>Min-width using 'em' units with a positive zero value, +0em</test-title>
          <test-href>min-width-071.xht</test-href>
          <reference-value>=</reference-value>
          <reference-href>reference/ref-if-there-is-no-red.xht</reference-href>
          <flags>
              <flag>Ahem</flag>
              </flags>
        </test><test>
          <test-title>Min-width using 'em' units with a nominal value, 6em</test-title>
          <test-href>min-width-072.xht</test-href>
          <reference-value>=</reference-value>
          <reference-href>reference/max-width-072-ref.xht</reference-href>
          <flags>
              <flag>Ahem</flag>
              </flags>
        </test><test>
          <test-title>Min-width using 'em' units with a positive nominal value, +6em</test-title>
          <test-href>min-width-073.xht</test-href>
          <reference-value>=</reference-value>
          <reference-href>reference/max-width-072-ref.xht</reference-href>
          <flags>
              <flag>Ahem</flag>
              </flags>
        </test><test>
          <test-title>Min-width using 'ex' units with a minimum minus one value, -1ex</test-title>
          <test-href>min-width-078.xht</test-href>
          <reference-value>=</reference-value>
          <reference-href>reference/ref-if-there-is-no-red.xht</reference-href>
          <flags>
              <flag>Ahem</flag><flag>Invalid</flag>
              </flags>
        </test><test>
          <test-title>Min-width using 'ex' units with a minimum value, 0ex</test-title>
          <test-href>min-width-079.xht</test-href>
          <reference-value>=</reference-value>
          <reference-href>reference/ref-if-there-is-no-red.xht</reference-href>
          <flags>
              <flag>Ahem</flag>
              </flags>
        </test><test>
          <test-title>Min-width using 'ex' units with a minimum plus one value, 1ex</test-title>
          <test-href>min-width-080.xht</test-href>
          <reference-value>=</reference-value>
          <reference-href>reference/max-width-025-ref.xht</reference-href>
          <flags>
              <flag>Ahem</flag>
              </flags>
        </test><test>
          <test-title>Min-width using 'ex' units with a negative zero value, -0ex</test-title>
          <test-href>min-width-081.xht</test-href>
          <reference-value>=</reference-value>
          <reference-href>reference/ref-if-there-is-no-red.xht</reference-href>
          <flags>
              <flag>Ahem</flag>
              </flags>
        </test><test>
          <test-title>Min-width using 'ex' units with a positive zero value, +0ex</test-title>
          <test-href>min-width-082.xht</test-href>
          <reference-value>=</reference-value>
          <reference-href>reference/ref-if-there-is-no-red.xht</reference-href>
          <flags>
              <flag>Ahem</flag>
              </flags>
        </test><test>
          <test-title>Min-width using 'ex' units with a nominal value, 6ex</test-title>
          <test-href>min-width-083.xht</test-href>
          <reference-value>=</reference-value>
          <reference-href>reference/max-width-006-ref.xht</reference-href>
          <flags>
              <flag>Ahem</flag>
              </flags>
        </test><test>
          <test-title>Min-width using 'ex' units with a positive nominal value, +6ex</test-title>
          <test-href>min-width-084.xht</test-href>
          <reference-value>=</reference-value>
          <reference-href>reference/max-width-006-ref.xht</reference-href>
          <flags>
              <flag>Ahem</flag>
              </flags>
        </test><test>
          <test-title>Min-width using percentages with a minimum minus one value, -1%</test-title>
          <test-href>min-width-089.xht</test-href>
          <reference-value>=</reference-value>
          <reference-href>reference/ref-if-there-is-no-red.xht</reference-href>
          <flags>
              <flag>Invalid</flag>
              </flags>
        </test><test>
          <test-title>Min-width using percentages with a minimum value, 0%</test-title>
          <test-href>min-width-090.xht</test-href>
          <reference-value>=</reference-value>
          <reference-href>reference/ref-if-there-is-no-red.xht</reference-href>
          
        </test><test>
          <test-title>Min-width using percentages with a minimum plus one value, 1%</test-title>
          <test-href>min-width-091.xht</test-href>
          <reference-value>=</reference-value>
          <reference-href>reference/max-width-003-ref.xht</reference-href>
          
        </test><test>
          <test-title>Min-width using percentages with a negative zero value, -0%</test-title>
          <test-href>min-width-092.xht</test-href>
          <reference-value>=</reference-value>
          <reference-href>reference/ref-if-there-is-no-red.xht</reference-href>
          
        </test><test>
          <test-title>Min-width using percentages with a positive zero value, +0%</test-title>
          <test-href>min-width-093.xht</test-href>
          <reference-value>=</reference-value>
          <reference-href>reference/ref-if-there-is-no-red.xht</reference-href>
          
        </test><test>
          <test-title>Min-width using percentages with a nominal value, 100%</test-title>
          <test-href>min-width-094.xht</test-href>
          <reference-value>=</reference-value>
          <reference-href>reference/max-width-006-ref.xht</reference-href>
          
        </test><test>
          <test-title>Min-width using percentages with a positive nominal value, +100%</test-title>
          <test-href>min-width-095.xht</test-href>
          <reference-value>=</reference-value>
          <reference-href>reference/max-width-006-ref.xht</reference-href>
          
        </test><test>
          <test-title>Min-width with a negative zero value and no units, -0</test-title>
          <test-href>min-width-100.xht</test-href>
          <reference-value>=</reference-value>
          <reference-href>reference/ref-if-there-is-no-red.xht</reference-href>
          
        </test><test>
          <test-title>Min-width with a zero value and no units, 0</test-title>
          <test-href>min-width-101.xht</test-href>
          <reference-value>=</reference-value>
          <reference-href>reference/ref-if-there-is-no-red.xht</reference-href>
          
        </test><test>
          <test-title>Min-width with a positive zero value and no units, +0</test-title>
          <test-href>min-width-102.xht</test-href>
          <reference-value>=</reference-value>
          <reference-href>reference/ref-if-there-is-no-red.xht</reference-href>
          
        </test><test>
          <test-title>Min-width set to inherit</test-title>
          <test-href>min-width-103.xht</test-href>
          <reference-value>=</reference-value>
          <reference-href>reference/max-width-003-ref.xht</reference-href>
          
        </test><test>
          <test-title>Min-width applied to elements with 'display' set to 'table-row-group'</test-title>
          <test-href>min-width-applies-to-001.xht</test-href>
          <reference-value>=</reference-value>
          <reference-href>reference/ref-if-there-is-no-red.xht</reference-href>
          
        </test><test>
          <test-title>Min-width applied to elements with 'display' set to 'table-header-group'</test-title>
          <test-href>min-width-applies-to-002.xht</test-href>
          <reference-value>=</reference-value>
          <reference-href>reference/ref-if-there-is-no-red.xht</reference-href>
          
        </test><test>
          <test-title>Min-width applied to elements with 'display' set to 'table-footer-group'</test-title>
          <test-href>min-width-applies-to-003.xht</test-href>
          <reference-value>=</reference-value>
          <reference-href>reference/ref-if-there-is-no-red.xht</reference-href>
          
        </test><test>
          <test-title>Min-width applied to elements with 'display' set to 'table-row'</test-title>
          <test-href>min-width-applies-to-004.xht</test-href>
          <reference-value>=</reference-value>
          <reference-href>reference/ref-if-there-is-no-red.xht</reference-href>
          
        </test><test>
          <test-title>Min-width applied to elements with 'display' set to 'inline'</test-title>
          <test-href>min-width-applies-to-008.xht</test-href>
          <reference-value>=</reference-value>
          <reference-href>reference/ref-filled-green-100px-square.xht</reference-href>
          
        </test><test>
          <test-title>Min-width applied to elements with 'display' set to 'block'</test-title>
          <test-href>min-width-applies-to-009.xht</test-href>
          <reference-value>=</reference-value>
          <reference-href>reference/ref-filled-black-96px-square.xht</reference-href>
          
        </test><test>
          <test-title>Min-width applied to elements with 'display' set to 'inline-block'</test-title>
          <test-href>min-width-applies-to-012.xht</test-href>
          <reference-value>=</reference-value>
          <reference-href>reference/ref-filled-black-96px-square.xht</reference-href>
          
        </test><test>
          <test-title>Min-width applied to elements with 'display' set to 'table-caption'</test-title>
          <test-href>min-width-applies-to-015.xht</test-href>
          <reference-value>=</reference-value>
          <reference-href>reference/ref-filled-black-96px-square.xht</reference-href>
          
        </test><test>
          <test-title>Min-Width applied to none</test-title>
          <test-href>min-width-applies-to-016.xht</test-href>
          <reference-value>=</reference-value>
          <reference-href>reference/ref-filled-green-100px-square.xht</reference-href>
          
        </test><test>
          <test-title>Using percentages with 'min-width' relative to the containing block</test-title>
          <test-href>min-width-percentage-001.xht</test-href>
          <reference-value>=</reference-value>
          <reference-href>reference/max-width-percentage-001-ref.xht</reference-href>
          
        </test><test>
          <test-title>Percentage based value for 'min-width' contained by box with a negative 'width'</test-title>
          <test-href>min-width-percentage-002.xht</test-href>
          <reference-value>=</reference-value>
          <reference-href>reference/ref-if-there-is-no-red.xht</reference-href>
          
        </test><test>
          <test-title>Percentage Computed Height on Multicol Child (Definite Multicol Height)</test-title>
          <test-href>multicol-height-002.xht</test-href>
          <reference-value>=</reference-value>
          <reference-href>reference/multicol-height-002.xht</reference-href>
          
        </test><test>
          <test-title>Parsing invalid numbers - alphanumeric characters</test-title>
          <test-href>numbers-units-001.xht</test-href>
          <reference-value>=</reference-value>
          <reference-href>reference/no-red-on-blank-page-ref.xht</reference-href>
          <flags>
              <flag>Invalid</flag>
              </flags>
        </test><test>
          <test-title>Parsing invalid decimal values - alphanumeric characters within number</test-title>
          <test-href>numbers-units-003.xht</test-href>
          <reference-value>=</reference-value>
          <reference-href>reference/no-red-on-blank-page-ref.xht</reference-href>
          <flags>
              <flag>Invalid</flag>
              </flags>
        </test><test>
          <test-title>Parsing integer numbers with '+'</test-title>
          <test-href>numbers-units-004.xht</test-href>
          <reference-value>=</reference-value>
          <reference-href>reference/ref-filled-black-96px-square.xht</reference-href>
          
        </test><test>
          <test-title>Optional unit identifier after 0</test-title>
          <test-href>numbers-units-005.xht</test-href>
          <reference-value>=</reference-value>
          <reference-href>reference/no-red-on-blank-page-ref.xht</reference-href>
          
        </test><test>
          <test-title>Unsupported negative values</test-title>
          <test-href>numbers-units-006.xht</test-href>
          <reference-value>=</reference-value>
          <reference-href>reference/ref-filled-black-96px-square.xht</reference-href>
          <flags>
              <flag>Invalid</flag>
              </flags>
        </test><test>
          <test-title>Em sizes</test-title>
          <test-href>numbers-units-007.xht</test-href>
          <reference-value>=</reference-value>
          <reference-href>reference/numbers-units-007-ref.xht</reference-href>
          <flags>
              <flag>Ahem</flag>
              </flags>
        </test><test>
          <test-title>Em size with the font-size set to px size</test-title>
          <test-href>numbers-units-009.xht</test-href>
          <reference-value>=</reference-value>
          <reference-href>reference/numbers-units-009-ref.xht</reference-href>
          <flags>
              <flag>Ahem</flag>
              </flags>
        </test><test>
          <test-title>Em size with font-size set to inch</test-title>
          <test-href>numbers-units-010.xht</test-href>
          <reference-value>=</reference-value>
          <reference-href>reference/numbers-units-010-ref.xht</reference-href>
          <flags>
              <flag>Ahem</flag>
              </flags>
        </test><test>
          <test-title>Em size with font-size set to em</test-title>
          <test-href>numbers-units-011.xht</test-href>
          <reference-value>=</reference-value>
          <reference-href>reference/numbers-units-011-ref.xht</reference-href>
          <flags>
              <flag>Ahem</flag>
              </flags>
        </test><test>
          <test-title>Em size with font-size set to ex</test-title>
          <test-href>numbers-units-012.xht</test-href>
          <reference-value>=</reference-value>
          <reference-href>reference/numbers-units-012-ref.xht</reference-href>
          <flags>
              <flag>Ahem</flag>
              </flags>
        </test><test>
          <test-title>Em size with font-size set to percentage</test-title>
          <test-href>numbers-units-013.xht</test-href>
          <reference-value>=</reference-value>
          <reference-href>reference/numbers-units-013-ref.xht</reference-href>
          <flags>
              <flag>Ahem</flag>
              </flags>
        </test><test>
          <test-title>Height of EX</test-title>
          <test-href>numbers-units-015.xht</test-href>
          <reference-value>=</reference-value>
          <reference-href>reference/numbers-units-015-ref-a.xht</reference-href>
          <flags>
              <flag>Ahem</flag><flag>Recommend</flag>
              </flags>
        </test><test>
          <test-title>Parsing invalid percentage values - decimal value with multiple decimals</test-title>
          <test-href>numbers-units-016.xht</test-href>
          <reference-value>=</reference-value>
          <reference-href>reference/no-red-on-blank-page-ref.xht</reference-href>
          <flags>
              <flag>Invalid</flag>
              </flags>
        </test><test>
          <test-title>Parsing of percentage values - 0%</test-title>
          <test-href>numbers-units-017.xht</test-href>
          <reference-value>=</reference-value>
          <reference-href>reference/no-red-on-blank-page-ref.xht</reference-href>
          
        </test><test>
          <test-title>Specifying em/ex on the root element</test-title>
          <test-href>numbers-units-018.xht</test-href>
          <reference-value>=</reference-value>
          <reference-href>reference/numbers-units-018-ref.xht</reference-href>
          <flags>
              <flag>Ahem</flag>
              </flags>
        </test><test>
          <test-title>First available font defines the 'ex' unit size</test-title>
          <test-href>numbers-units-019.xht</test-href>
          <reference-value>=</reference-value>
          <reference-href>reference/numbers-units-019-ref.xht</reference-href>
          <flags>
              <flag>Ahem</flag>
              </flags>
        </test><test>
          <test-title>Root element and the 'em' unit size</test-title>
          <test-href>numbers-units-021.xht</test-href>
          <reference-value>=</reference-value>
          <reference-href>reference/numbers-units-021-ref.xht</reference-href>
          <flags>
              <flag>96</flag><flag>Ahem</flag>
              </flags>
        </test><test>
          <test-title>Function 'attr()' referencing another elements attribute data</test-title>
          <test-href>other-attribute-001.xht</test-href>
          <reference-value>=</reference-value>
          <reference-href>reference/no-red-on-blank-page-ref.xht</reference-href>
          
        </test><test>
          <test-title>Outline applied to element with display table-column-group</test-title>
          <test-href>outline-applies-to-005.xht</test-href>
          <reference-value>=</reference-value>
          <reference-href>reference/no-red-on-blank-page-ref.xht</reference-href>
          
        </test><test>
          <test-title>Outline applied to element with display table-column</test-title>
          <test-href>outline-applies-to-006.xht</test-href>
          <reference-value>=</reference-value>
          <reference-href>reference/no-red-on-blank-page-ref.xht</reference-href>
          
        </test><test>
          <test-title>Outline-color set to 'rgb(1%, 1%, 1%)'</test-title>
          <test-href>outline-color-049.xht</test-href>
          <reference-value>=</reference-value>
          <reference-href>reference/outline-color-049-ref.xht</reference-href>
          
        </test><test>
          <test-title>Outline-color set to 'rgb(40%, 40%, 40%)'</test-title>
          <test-href>outline-color-052.xht</test-href>
          <reference-value>=</reference-value>
          <reference-href>reference/outline-color-052-ref.xht</reference-href>
          
        </test><test>
          <test-title>Outline-color set to 'rgb(+40%, +40%, +40%)'</test-title>
          <test-href>outline-color-053.xht</test-href>
          <reference-value>=</reference-value>
          <reference-href>reference/outline-color-052-ref.xht</reference-href>
          
        </test><test>
          <test-title>Outline-color set to 'rgb(99%, 99%, 99%)'</test-title>
          <test-href>outline-color-054.xht</test-href>
          <reference-value>=</reference-value>
          <reference-href>reference/outline-color-054-ref.xht</reference-href>
          
        </test><test>
          <test-title>Outline-color set to 'rgb(1%, 0%, 0%)'</test-title>
          <test-href>outline-color-070.xht</test-href>
          <reference-value>=</reference-value>
          <reference-href>reference/outline-color-070-ref.xht</reference-href>
          
        </test><test>
          <test-title>Outline-color set to 'rgb(40%, 0%, 0%)'</test-title>
          <test-href>outline-color-073.xht</test-href>
          <reference-value>=</reference-value>
          <reference-href>reference/outline-color-073-ref.xht</reference-href>
          
        </test><test>
          <test-title>Outline-color set to 'rgb(+40%, 0%, 0%)'</test-title>
          <test-href>outline-color-074.xht</test-href>
          <reference-value>=</reference-value>
          <reference-href>reference/outline-color-073-ref.xht</reference-href>
          
        </test><test>
          <test-title>Outline-color set to 'rgb(99%, 0%, 0%)'</test-title>
          <test-href>outline-color-075.xht</test-href>
          <reference-value>=</reference-value>
          <reference-href>reference/outline-color-075-ref.xht</reference-href>
          
        </test><test>
          <test-title>Outline-color set to 'rgb(0%, 1%, 0%)'</test-title>
          <test-href>outline-color-090.xht</test-href>
          <reference-value>=</reference-value>
          <reference-href>reference/outline-color-090-ref.xht</reference-href>
          
        </test><test>
          <test-title>Outline-color set to 'rgb(0%, 40%, 0%)'</test-title>
          <test-href>outline-color-093.xht</test-href>
          <reference-value>=</reference-value>
          <reference-href>reference/outline-color-093-ref.xht</reference-href>
          
        </test><test>
          <test-title>Outline-color set to 'rgb(0%, +40%, 0%)'</test-title>
          <test-href>outline-color-094.xht</test-href>
          <reference-value>=</reference-value>
          <reference-href>reference/outline-color-093-ref.xht</reference-href>
          
        </test><test>
          <test-title>Outline-color set to 'rgb(0%, 99%, 0%)'</test-title>
          <test-href>outline-color-095.xht</test-href>
          <reference-value>=</reference-value>
          <reference-href>reference/outline-color-095-ref.xht</reference-href>
          
        </test><test>
          <test-title>Outline-color set to 'rgb(0%, 0%, 1%)'</test-title>
          <test-href>outline-color-110.xht</test-href>
          <reference-value>=</reference-value>
          <reference-href>reference/outline-color-110-ref.xht</reference-href>
          
        </test><test>
          <test-title>Outline-color set to 'rgb(0%, 0%, 40%)'</test-title>
          <test-href>outline-color-113.xht</test-href>
          <reference-value>=</reference-value>
          <reference-href>reference/outline-color-113-ref.xht</reference-href>
          
        </test><test>
          <test-title>Outline-color set to 'rgb(0%, 0%, +40%)'</test-title>
          <test-href>outline-color-114.xht</test-href>
          <reference-value>=</reference-value>
          <reference-href>reference/outline-color-113-ref.xht</reference-href>
          
        </test><test>
          <test-title>Outline-color set to 'rgb(0%, 0%, 99%)'</test-title>
          <test-href>outline-color-115.xht</test-href>
          <reference-value>=</reference-value>
          <reference-href>reference/outline-color-115-ref.xht</reference-href>
          
        </test><test>
          <test-title>Outline-color applied to element with display table-column-group</test-title>
          <test-href>outline-color-applies-to-005.xht</test-href>
          <reference-value>=</reference-value>
          <reference-href>reference/no-red-on-blank-page-ref.xht</reference-href>
          
        </test><test>
          <test-title>Outline-color applied to element with display table-column</test-title>
          <test-href>outline-color-applies-to-006.xht</test-href>
          <reference-value>=</reference-value>
          <reference-href>reference/no-red-on-blank-page-ref.xht</reference-href>
          
        </test><test>
          <test-title>outline - minimum that encloses all the element's boxes</test-title>
          <test-href>outline-layout-006.xht</test-href>
          <reference-value>=</reference-value>
          <reference-href>reference/outline-layout-006-ref.xht</reference-href>
          
        </test><test>
          <test-title>outline-style - dotted (basic)</test-title>
          <test-href>outline-style-001.xht</test-href>
          <reference-value>=</reference-value>
          <reference-href>reference/outline-style-001-ref.xht</reference-href>
          
        </test><test>
          <test-title>outline-style - inherit (basic)</test-title>
          <test-href>outline-style-002.xht</test-href>
          <reference-value>=</reference-value>
          <reference-href>reference/outline-style-002-ref.xht</reference-href>
          
        </test><test>
          <test-title>outline-style - dashed (basic)</test-title>
          <test-href>outline-style-003.xht</test-href>
          <reference-value>=</reference-value>
          <reference-href>reference/outline-style-003-ref.xht</reference-href>
          
        </test><test>
          <test-title>outline-style - double (basic)</test-title>
          <test-href>outline-style-004.xht</test-href>
          <reference-value>=</reference-value>
          <reference-href>reference/outline-style-004-ref.xht</reference-href>
          
        </test><test>
          <test-title>Outline-style applied to element with display table-column-group</test-title>
          <test-href>outline-style-applies-to-005.xht</test-href>
          <reference-value>=</reference-value>
          <reference-href>reference/no-red-on-blank-page-ref.xht</reference-href>
          
        </test><test>
          <test-title>Outline-style applied to element with display table-column</test-title>
          <test-href>outline-style-applies-to-006.xht</test-href>
          <reference-value>=</reference-value>
          <reference-href>reference/no-red-on-blank-page-ref.xht</reference-href>
          
        </test><test>
          <test-title>Outline-width set to a minimum value for pixels</test-title>
          <test-href>outline-width-002.xht</test-href>
          <reference-value>=</reference-value>
          <reference-href>reference/no-red-filler-text-ref.xht</reference-href>
          
        </test><test>
          <test-title>Outline-width - outline the box with a -0px solid outline</test-title>
          <test-href>outline-width-004.xht</test-href>
          <reference-value>=</reference-value>
          <reference-href>reference/no-red-filler-text-ref.xht</reference-href>
          
        </test><test>
          <test-title>Outline-width - outline the box with a +0px solid outline</test-title>
          <test-href>outline-width-005.xht</test-href>
          <reference-value>=</reference-value>
          <reference-href>reference/no-red-filler-text-ref.xht</reference-href>
          
        </test><test>
          <test-title>Outline-width with a minimum value in points</test-title>
          <test-href>outline-width-013.xht</test-href>
          <reference-value>=</reference-value>
          <reference-href>reference/no-red-filler-text-ref.xht</reference-href>
          
        </test><test>
          <test-title>Outline-width with a negative minimum value in points</test-title>
          <test-href>outline-width-015.xht</test-href>
          <reference-value>=</reference-value>
          <reference-href>reference/no-red-filler-text-ref.xht</reference-href>
          
        </test><test>
          <test-title>Outline-width with a positive minimum value in points</test-title>
          <test-href>outline-width-016.xht</test-href>
          <reference-value>=</reference-value>
          <reference-href>reference/no-red-filler-text-ref.xht</reference-href>
          
        </test><test>
          <test-title>Outline-width - outline the box with a 0pc solid outline</test-title>
          <test-href>outline-width-024.xht</test-href>
          <reference-value>=</reference-value>
          <reference-href>reference/no-red-filler-text-ref.xht</reference-href>
          
        </test><test>
          <test-title>Outline-width - outline the box with a -0pc solid outline</test-title>
          <test-href>outline-width-026.xht</test-href>
          <reference-value>=</reference-value>
          <reference-href>reference/no-red-filler-text-ref.xht</reference-href>
          
        </test><test>
          <test-title>Outline-width - outline the box with a +0pc solid outline</test-title>
          <test-href>outline-width-027.xht</test-href>
          <reference-value>=</reference-value>
          <reference-href>reference/no-red-filler-text-ref.xht</reference-href>
          
        </test><test>
          <test-title>Outline-width - outline the box with a 0cm solid outline</test-title>
          <test-href>outline-width-035.xht</test-href>
          <reference-value>=</reference-value>
          <reference-href>reference/no-red-filler-text-ref.xht</reference-href>
          
        </test><test>
          <test-title>Outline-width - outline the box with a -0cm solid outline</test-title>
          <test-href>outline-width-037.xht</test-href>
          <reference-value>=</reference-value>
          <reference-href>reference/no-red-filler-text-ref.xht</reference-href>
          
        </test><test>
          <test-title>Outline-width - outline the box with a +0cm solid outline</test-title>
          <test-href>outline-width-038.xht</test-href>
          <reference-value>=</reference-value>
          <reference-href>reference/no-red-filler-text-ref.xht</reference-href>
          
        </test><test>
          <test-title>Outline-width - outline the box with a 0mm solid outline</test-title>
          <test-href>outline-width-046.xht</test-href>
          <reference-value>=</reference-value>
          <reference-href>reference/no-red-filler-text-ref.xht</reference-href>
          
        </test><test>
          <test-title>Outline-width - outline the box with a -0mm solid outline</test-title>
          <test-href>outline-width-048.xht</test-href>
          <reference-value>=</reference-value>
          <reference-href>reference/no-red-filler-text-ref.xht</reference-href>
          
        </test><test>
          <test-title>Outline-width - outline the box with a +0mm solid outline</test-title>
          <test-href>outline-width-049.xht</test-href>
          <reference-value>=</reference-value>
          <reference-href>reference/no-red-filler-text-ref.xht</reference-href>
          
        </test><test>
          <test-title>Outline-width - outline the box with a 0in solid outline</test-title>
          <test-href>outline-width-057.xht</test-href>
          <reference-value>=</reference-value>
          <reference-href>reference/no-red-filler-text-ref.xht</reference-href>
          
        </test><test>
          <test-title>Outline-width - outline the box with a -0in solid outline</test-title>
          <test-href>outline-width-059.xht</test-href>
          <reference-value>=</reference-value>
          <reference-href>reference/no-red-filler-text-ref.xht</reference-href>
          
        </test><test>
          <test-title>Outline-width - outline the box with a +0in solid outline</test-title>
          <test-href>outline-width-060.xht</test-href>
          <reference-value>=</reference-value>
          <reference-href>reference/no-red-filler-text-ref.xht</reference-href>
          
        </test><test>
          <test-title>Outline-width - outline the box with a 0em solid outline</test-title>
          <test-href>outline-width-068.xht</test-href>
          <reference-value>=</reference-value>
          <reference-href>reference/no-red-filler-text-ref.xht</reference-href>
          
        </test><test>
          <test-title>Outline-width - outline the box with a -0em solid outline</test-title>
          <test-href>outline-width-070.xht</test-href>
          <reference-value>=</reference-value>
          <reference-href>reference/no-red-filler-text-ref.xht</reference-href>
          
        </test><test>
          <test-title>Outline-width - outline the box with a +0em solid outline</test-title>
          <test-href>outline-width-071.xht</test-href>
          <reference-value>=</reference-value>
          <reference-href>reference/no-red-filler-text-ref.xht</reference-href>
          
        </test><test>
          <test-title>Outline-width - outline the box with a 0ex solid outline</test-title>
          <test-href>outline-width-079.xht</test-href>
          <reference-value>=</reference-value>
          <reference-href>reference/no-red-filler-text-ref.xht</reference-href>
          
        </test><test>
          <test-title>Outline-width - outline the box with a -0ex solid outline</test-title>
          <test-href>outline-width-081.xht</test-href>
          <reference-value>=</reference-value>
          <reference-href>reference/no-red-filler-text-ref.xht</reference-href>
          
        </test><test>
          <test-title>Outline-width - outline the box with a +0ex solid outline</test-title>
          <test-href>outline-width-082.xht</test-href>
          <reference-value>=</reference-value>
          <reference-href>reference/no-red-filler-text-ref.xht</reference-href>
          
        </test><test>
          <test-title>Outline-width - outline the box with a -0 solid outline</test-title>
          <test-href>outline-width-089.xht</test-href>
          <reference-value>=</reference-value>
          <reference-href>reference/no-red-filler-text-ref.xht</reference-href>
          
        </test><test>
          <test-title>Outline-width - outline the box with a 0 solid outline</test-title>
          <test-href>outline-width-090.xht</test-href>
          <reference-value>=</reference-value>
          <reference-href>reference/no-red-filler-text-ref.xht</reference-href>
          
        </test><test>
          <test-title>Outline-width - outline the box with a +0 solid outline</test-title>
          <test-href>outline-width-091.xht</test-href>
          <reference-value>=</reference-value>
          <reference-href>reference/no-red-filler-text-ref.xht</reference-href>
          
        </test><test>
          <test-title>Outline-width applied to element with display table-column-group</test-title>
          <test-href>outline-width-applies-to-005.xht</test-href>
          <reference-value>=</reference-value>
          <reference-href>reference/no-red-on-blank-page-ref.xht</reference-href>
          
        </test><test>
          <test-title>Outline-width applied to element with display table-column</test-title>
          <test-href>outline-width-applies-to-006.xht</test-href>
          <reference-value>=</reference-value>
          <reference-href>reference/no-red-on-blank-page-ref.xht</reference-href>
          
        </test><test>
          <test-title>overflow applied to elements with 'display' set to 'table-row-group'</test-title>
          <test-href>overflow-applies-to-001.xht</test-href>
          <reference-value>=</reference-value>
          <reference-href>reference/overflow-applies-to-001-ref.xht</reference-href>
          <flags>
              <flag>Ahem</flag>
              </flags>
        </test><test>
          <test-title>overflow applied to elements with 'display' set to 'table-header-group'</test-title>
          <test-href>overflow-applies-to-002.xht</test-href>
          <reference-value>=</reference-value>
          <reference-href>reference/overflow-applies-to-001-ref.xht</reference-href>
          <flags>
              <flag>Ahem</flag>
              </flags>
        </test><test>
          <test-title>overflow applied to elements with 'display' set to 'table-footer-group'</test-title>
          <test-href>overflow-applies-to-003.xht</test-href>
          <reference-value>=</reference-value>
          <reference-href>reference/overflow-applies-to-001-ref.xht</reference-href>
          <flags>
              <flag>Ahem</flag>
              </flags>
        </test><test>
          <test-title>overflow applied to elements with 'display' set to 'table-row'</test-title>
          <test-href>overflow-applies-to-004.xht</test-href>
          <reference-value>=</reference-value>
          <reference-href>reference/overflow-applies-to-001-ref.xht</reference-href>
          <flags>
              <flag>Ahem</flag>
              </flags>
        </test><test>
          <test-title>overflow applied to elements with 'display' set to 'table-column-group'</test-title>
          <test-href>overflow-applies-to-005.xht</test-href>
          <reference-value>=</reference-value>
          <reference-href>reference/overflow-applies-to-001-ref.xht</reference-href>
          <flags>
              <flag>Ahem</flag>
              </flags>
        </test><test>
          <test-title>overflow applied to elements with 'display' set to 'table-column'</test-title>
          <test-href>overflow-applies-to-006.xht</test-href>
          <reference-value>=</reference-value>
          <reference-href>reference/overflow-applies-to-001-ref.xht</reference-href>
          <flags>
              <flag>Ahem</flag>
              </flags>
        </test><test>
          <test-title>overflow applied to elements with 'display' set to 'table-cell'</test-title>
          <test-href>overflow-applies-to-007.xht</test-href>
          <reference-value>=</reference-value>
          <reference-href>reference/ref-if-there-is-no-red.xht</reference-href>
          <flags>
              <flag>Ahem</flag>
              </flags>
        </test><test>
          <test-title>overflow applied to elements with 'display' set to 'inline'</test-title>
          <test-href>overflow-applies-to-008.xht</test-href>
          <reference-value>=</reference-value>
          <reference-href>reference/overflow-applies-to-001-ref.xht</reference-href>
          <flags>
              <flag>Ahem</flag>
              </flags>
        </test><test>
          <test-title>overflow applied to elements with 'display' set to 'block'</test-title>
          <test-href>overflow-applies-to-009.xht</test-href>
          <reference-value>=</reference-value>
          <reference-href>reference/ref-if-there-is-no-red.xht</reference-href>
          <flags>
              <flag>Ahem</flag>
              </flags>
        </test><test>
          <test-title>overflow applied to elements with 'display' set to 'inline-block'</test-title>
          <test-href>overflow-applies-to-012.xht</test-href>
          <reference-value>=</reference-value>
          <reference-href>reference/ref-if-there-is-no-red.xht</reference-href>
          <flags>
              <flag>Ahem</flag>
              </flags>
        </test><test>
          <test-title>overflow applied to elements with 'display' set to 'table'</test-title>
          <test-href>overflow-applies-to-013.xht</test-href>
          <reference-value>=</reference-value>
          <reference-href>reference/ref-if-there-is-no-red.xht</reference-href>
          <flags>
              <flag>Ahem</flag>
              </flags>
        </test><test>
          <test-title>overflow applied to elements with 'display' set to 'inline-table'</test-title>
          <test-href>overflow-applies-to-014.xht</test-href>
          <reference-value>=</reference-value>
          <reference-href>reference/ref-if-there-is-no-red.xht</reference-href>
          <flags>
              <flag>Ahem</flag>
              </flags>
        </test><test>
          <test-title>overflow applied to elements with 'display' set to 'table-caption'</test-title>
          <test-href>overflow-applies-to-015.xht</test-href>
          <reference-value>=</reference-value>
          <reference-href>reference/ref-if-there-is-no-red.xht</reference-href>
          <flags>
              <flag>Ahem</flag>
              </flags>
        </test><test>
          <test-title>Padding set using a single value</test-title>
          <test-href>padding-001.xht</test-href>
          <reference-value>=</reference-value>
          <reference-href>reference/margin-001-ref.xht</reference-href>
          
        </test><test>
          <test-title>Padding set using two values</test-title>
          <test-href>padding-002.xht</test-href>
          <reference-value>=</reference-value>
          <reference-href>reference/margin-002-ref.xht</reference-href>
          
        </test><test>
          <test-title>Padding set using three values</test-title>
          <test-href>padding-003.xht</test-href>
          <reference-value>=</reference-value>
          <reference-href>reference/margin-003-ref.xht</reference-href>
          
        </test><test>
          <test-title>Padding set using four values</test-title>
          <test-href>padding-004.xht</test-href>
          <reference-value>=</reference-value>
          <reference-href>reference/padding-004-ref.xht</reference-href>
          
        </test><test>
          <test-title>Padding inheriting one value</test-title>
          <test-href>padding-005.xht</test-href>
          <reference-value>=</reference-value>
          <reference-href>reference/padding-005-ref.xht</reference-href>
          
        </test><test>
          <test-title>Padding inheriting two values</test-title>
          <test-href>padding-006.xht</test-href>
          <reference-value>=</reference-value>
          <reference-href>reference/padding-006-ref.xht</reference-href>
          
        </test><test>
          <test-title>Padding inheriting three values</test-title>
          <test-href>padding-007.xht</test-href>
          <reference-value>=</reference-value>
          <reference-href>reference/padding-007-ref.xht</reference-href>
          
        </test><test>
          <test-title>Padding inheriting four values</test-title>
          <test-href>padding-008.xht</test-href>
          <reference-value>=</reference-value>
          <reference-href>reference/padding-008-ref.xht</reference-href>
          
        </test><test>
          <test-title>CSS Parsing: Negative Padding</test-title>
          <test-href>padding-009.xht</test-href>
          <reference-value>=</reference-value>
          <reference-href>reference/padding-009-ref.xht</reference-href>
          <flags>
              <flag>Invalid</flag>
              </flags>
        </test><test>
          <test-title>Padding applied to element with display table-row-group</test-title>
          <test-href>padding-applies-to-001.xht</test-href>
          <reference-value>=</reference-value>
          <reference-href>reference/margin-applies-to-001-ref.xht</reference-href>
          
        </test><test>
          <test-title>Padding applied to element with display table-header-group</test-title>
          <test-href>padding-applies-to-002.xht</test-href>
          <reference-value>=</reference-value>
          <reference-href>reference/margin-applies-to-001-ref.xht</reference-href>
          
        </test><test>
          <test-title>Padding applied to element with display table-footer-group</test-title>
          <test-href>padding-applies-to-003.xht</test-href>
          <reference-value>=</reference-value>
          <reference-href>reference/margin-applies-to-001-ref.xht</reference-href>
          
        </test><test>
          <test-title>Padding applied to element with display table-row</test-title>
          <test-href>padding-applies-to-004.xht</test-href>
          <reference-value>=</reference-value>
          <reference-href>reference/margin-applies-to-001-ref.xht</reference-href>
          
        </test><test>
          <test-title>Padding applied to element with display table-column-group</test-title>
          <test-href>padding-applies-to-005.xht</test-href>
          <reference-value>=</reference-value>
          <reference-href>reference/margin-applies-to-001-ref.xht</reference-href>
          
        </test><test>
          <test-title>Padding applied to element with display table-column</test-title>
          <test-href>padding-applies-to-006.xht</test-href>
          <reference-value>=</reference-value>
          <reference-href>reference/margin-applies-to-001-ref.xht</reference-href>
          
        </test><test>
          <test-title>Padding applied to element with display table-cell</test-title>
          <test-href>padding-applies-to-007.xht</test-href>
          <reference-value>=</reference-value>
          <reference-href>reference/margin-applies-to-009-ref.xht</reference-href>
          
        </test><test>
          <test-title>Padding applied to element with display block</test-title>
          <test-href>padding-applies-to-009.xht</test-href>
          <reference-value>=</reference-value>
          <reference-href>reference/margin-applies-to-009-ref.xht</reference-href>
          
        </test><test>
          <test-title>Padding applied to element with display inline-block</test-title>
          <test-href>padding-applies-to-012.xht</test-href>
          <reference-value>=</reference-value>
          <reference-href>reference/margin-applies-to-009-ref.xht</reference-href>
          
        </test><test>
          <test-title>Padding applied to element with display table</test-title>
          <test-href>padding-applies-to-013.xht</test-href>
          <reference-value>=</reference-value>
          <reference-href>reference/margin-applies-to-009-ref.xht</reference-href>
          
        </test><test>
          <test-title>Padding applied to element with display table and with a set width</test-title>
          <test-href>padding-applies-to-013a.xht</test-href>
          <reference-value>=</reference-value>
          <reference-href>reference/ref-filled-green-100px-square.xht</reference-href>
          
        </test><test>
          <test-title>Padding applied to element with display inline-table</test-title>
          <test-href>padding-applies-to-014.xht</test-href>
          <reference-value>=</reference-value>
          <reference-href>reference/margin-applies-to-009-ref.xht</reference-href>
          
        </test><test>
          <test-title>Padding applied to element with display table-caption</test-title>
          <test-href>padding-applies-to-015.xht</test-href>
          <reference-value>=</reference-value>
          <reference-href>reference/margin-applies-to-009-ref.xht</reference-href>
          
        </test><test>
          <test-title>Padding background defined by the background property</test-title>
          <test-href>padding-background-001.xht</test-href>
          <reference-value>=</reference-value>
          <reference-href>reference/padding-background-001-ref.xht</reference-href>
          
        </test><test>
          <test-title>Padding-bottom using pixels with a minimum minus one value, -1px</test-title>
          <test-href>padding-bottom-001.xht</test-href>
          <reference-value>=</reference-value>
          <reference-href>reference/ref-no-vert-space-between.xht</reference-href>
          <flags>
              <flag>Invalid</flag>
              </flags>
        </test><test>
          <test-title>Padding-bottom using pixels with a minimum value, 0px</test-title>
          <test-href>padding-bottom-002.xht</test-href>
          <reference-value>=</reference-value>
          <reference-href>reference/ref-no-vert-space-between.xht</reference-href>
          
        </test><test>
          <test-title>Padding-bottom using pixels with a minimum plus one value, 1px</test-title>
          <test-href>padding-bottom-003.xht</test-href>
          <reference-value>=</reference-value>
          <reference-href>reference/margin-top-007-ref.xht</reference-href>
          
        </test><test>
          <test-title>Padding-bottom using pixels with a negative zero value, -0px</test-title>
          <test-href>padding-bottom-004.xht</test-href>
          <reference-value>=</reference-value>
          <reference-href>reference/ref-no-vert-space-between.xht</reference-href>
          
        </test><test>
          <test-title>Padding-bottom using pixels with a positive zero value, +0px</test-title>
          <test-href>padding-bottom-005.xht</test-href>
          <reference-value>=</reference-value>
          <reference-href>reference/ref-no-vert-space-between.xht</reference-href>
          
        </test><test>
          <test-title>Padding-bottom using pixels with a nominal value, 96px</test-title>
          <test-href>padding-bottom-006.xht</test-href>
          <reference-value>=</reference-value>
          <reference-href>reference/margin-top-007-ref.xht</reference-href>
          
        </test><test>
          <test-title>Padding-bottom using pixels with a nominal value with a plus sign, +96px</test-title>
          <test-href>padding-bottom-007.xht</test-href>
          <reference-value>=</reference-value>
          <reference-href>reference/margin-top-007-ref.xht</reference-href>
          
        </test><test>
          <test-title>Padding-bottom using points with a minimum minus one value, -1pt</test-title>
          <test-href>padding-bottom-012.xht</test-href>
          <reference-value>=</reference-value>
          <reference-href>reference/ref-no-vert-space-between.xht</reference-href>
          <flags>
              <flag>Invalid</flag>
              </flags>
        </test><test>
          <test-title>Padding-bottom using points with a minimum value, 0pt</test-title>
          <test-href>padding-bottom-013.xht</test-href>
          <reference-value>=</reference-value>
          <reference-href>reference/ref-no-vert-space-between.xht</reference-href>
          
        </test><test>
          <test-title>Padding-bottom using points with a minimum plus one value, 1pt</test-title>
          <test-href>padding-bottom-014.xht</test-href>
          <reference-value>=</reference-value>
          <reference-href>reference/margin-top-043-ref.xht</reference-href>
          
        </test><test>
          <test-title>Padding-bottom using points with a negative zero value, -0pt</test-title>
          <test-href>padding-bottom-015.xht</test-href>
          <reference-value>=</reference-value>
          <reference-href>reference/ref-no-vert-space-between.xht</reference-href>
          
        </test><test>
          <test-title>Padding-bottom using points with a positive zero value, +0pt</test-title>
          <test-href>padding-bottom-016.xht</test-href>
          <reference-value>=</reference-value>
          <reference-href>reference/ref-no-vert-space-between.xht</reference-href>
          
        </test><test>
          <test-title>Padding-bottom using points with a nominal value, 72pt</test-title>
          <test-href>padding-bottom-017.xht</test-href>
          <reference-value>=</reference-value>
          <reference-href>reference/margin-top-019-ref.xht</reference-href>
          
        </test><test>
          <test-title>Padding-bottom using points with a nominal value with a plus sign, +72pt</test-title>
          <test-href>padding-bottom-018.xht</test-href>
          <reference-value>=</reference-value>
          <reference-href>reference/margin-top-019-ref.xht</reference-href>
          
        </test><test>
          <test-title>Padding-bottom using picas with a minimum minus one value, -1pc</test-title>
          <test-href>padding-bottom-023.xht</test-href>
          <reference-value>=</reference-value>
          <reference-href>reference/ref-no-vert-space-between.xht</reference-href>
          <flags>
              <flag>Invalid</flag>
              </flags>
        </test><test>
          <test-title>Padding-bottom using picas with a minimum value, 0pc</test-title>
          <test-href>padding-bottom-024.xht</test-href>
          <reference-value>=</reference-value>
          <reference-href>reference/ref-no-vert-space-between.xht</reference-href>
          
        </test><test>
          <test-title>Padding-bottom using picas with a minimum plus one value, 1pc</test-title>
          <test-href>padding-bottom-025.xht</test-href>
          <reference-value>=</reference-value>
          <reference-href>reference/margin-top-031-ref.xht</reference-href>
          
        </test><test>
          <test-title>Padding-bottom using picas with a negative zero value, -0pc</test-title>
          <test-href>padding-bottom-026.xht</test-href>
          <reference-value>=</reference-value>
          <reference-href>reference/ref-no-vert-space-between.xht</reference-href>
          
        </test><test>
          <test-title>Padding-bottom using picas with a positive zero value, +0pc</test-title>
          <test-href>padding-bottom-027.xht</test-href>
          <reference-value>=</reference-value>
          <reference-href>reference/ref-no-vert-space-between.xht</reference-href>
          
        </test><test>
          <test-title>Padding-bottom using picas with a nominal value, 6pc</test-title>
          <test-href>padding-bottom-028.xht</test-href>
          <reference-value>=</reference-value>
          <reference-href>reference/margin-top-031-ref.xht</reference-href>
          
        </test><test>
          <test-title>Padding-bottom using picas with a nominal value with a plus sign, +6pc</test-title>
          <test-href>padding-bottom-029.xht</test-href>
          <reference-value>=</reference-value>
          <reference-href>reference/margin-top-031-ref.xht</reference-href>
          
        </test><test>
          <test-title>Padding-bottom using centimeters with a minimum minus one value, -1cm</test-title>
          <test-href>padding-bottom-034.xht</test-href>
          <reference-value>=</reference-value>
          <reference-href>reference/ref-no-vert-space-between.xht</reference-href>
          <flags>
              <flag>Invalid</flag>
              </flags>
        </test><test>
          <test-title>Padding-bottom using centimeters with a minimum value, 0cm</test-title>
          <test-href>padding-bottom-035.xht</test-href>
          <reference-value>=</reference-value>
          <reference-href>reference/ref-no-vert-space-between.xht</reference-href>
          
        </test><test>
          <test-title>Padding-bottom using centimeters with a negative zero value, -0cm</test-title>
          <test-href>padding-bottom-037.xht</test-href>
          <reference-value>=</reference-value>
          <reference-href>reference/ref-no-vert-space-between.xht</reference-href>
          
        </test><test>
          <test-title>Padding-bottom using centimeters with a positive zero value, +0cm</test-title>
          <test-href>padding-bottom-038.xht</test-href>
          <reference-value>=</reference-value>
          <reference-href>reference/ref-no-vert-space-between.xht</reference-href>
          
        </test><test>
          <test-title>Padding-bottom using centimeters with a nominal value, 2.54cm</test-title>
          <test-href>padding-bottom-039.xht</test-href>
          <reference-value>=</reference-value>
          <reference-href>reference/margin-top-043-ref.xht</reference-href>
          
        </test><test>
          <test-title>Padding-bottom using centimeters with a nominal value with a plus sign, +2.54cm</test-title>
          <test-href>padding-bottom-040.xht</test-href>
          <reference-value>=</reference-value>
          <reference-href>reference/margin-top-043-ref.xht</reference-href>
          
        </test><test>
          <test-title>Padding-bottom using millimeters with a minimum minus one value, -1mm</test-title>
          <test-href>padding-bottom-045.xht</test-href>
          <reference-value>=</reference-value>
          <reference-href>reference/ref-no-vert-space-between.xht</reference-href>
          <flags>
              <flag>Invalid</flag>
              </flags>
        </test><test>
          <test-title>Padding-bottom using millimeters with a minimum value, 0mm</test-title>
          <test-href>padding-bottom-046.xht</test-href>
          <reference-value>=</reference-value>
          <reference-href>reference/ref-no-vert-space-between.xht</reference-href>
          
        </test><test>
          <test-title>Padding-bottom using millimeters with a negative zero value, -0mm</test-title>
          <test-href>padding-bottom-048.xht</test-href>
          <reference-value>=</reference-value>
          <reference-href>reference/ref-no-vert-space-between.xht</reference-href>
          
        </test><test>
          <test-title>Padding-bottom using millimeters with a positive zero value, +0mm</test-title>
          <test-href>padding-bottom-049.xht</test-href>
          <reference-value>=</reference-value>
          <reference-href>reference/ref-no-vert-space-between.xht</reference-href>
          
        </test><test>
          <test-title>Padding-bottom using millimeters with a nominal value, 25.4mm</test-title>
          <test-href>padding-bottom-050.xht</test-href>
          <reference-value>=</reference-value>
          <reference-href>reference/margin-top-043-ref.xht</reference-href>
          
        </test><test>
          <test-title>Padding-bottom using millimeters with a nominal value with a plus sign, +25.4mm</test-title>
          <test-href>padding-bottom-051.xht</test-href>
          <reference-value>=</reference-value>
          <reference-href>reference/margin-top-043-ref.xht</reference-href>
          
        </test><test>
          <test-title>Padding-bottom using inches with a minimum minus one value, -1in</test-title>
          <test-href>padding-bottom-056.xht</test-href>
          <reference-value>=</reference-value>
          <reference-href>reference/ref-no-vert-space-between.xht</reference-href>
          <flags>
              <flag>Invalid</flag>
              </flags>
        </test><test>
          <test-title>Padding-bottom using inches with a minimum value, 0in</test-title>
          <test-href>padding-bottom-057.xht</test-href>
          <reference-value>=</reference-value>
          <reference-href>reference/ref-no-vert-space-between.xht</reference-href>
          
        </test><test>
          <test-title>Padding-bottom using inches with a minimum plus one value, 1in</test-title>
          <test-href>padding-bottom-058.xht</test-href>
          <reference-value>=</reference-value>
          <reference-href>reference/margin-top-043-ref.xht</reference-href>
          
        </test><test>
          <test-title>Padding-bottom using inches with a negative zero value, -0in</test-title>
          <test-href>padding-bottom-059.xht</test-href>
          <reference-value>=</reference-value>
          <reference-href>reference/ref-no-vert-space-between.xht</reference-href>
          
        </test><test>
          <test-title>Padding-bottom using inches with a positive zero value, +0in</test-title>
          <test-href>padding-bottom-060.xht</test-href>
          <reference-value>=</reference-value>
          <reference-href>reference/ref-no-vert-space-between.xht</reference-href>
          
        </test><test>
          <test-title>Padding-bottom using inches with a nominal value, 3in</test-title>
          <test-href>padding-bottom-061.xht</test-href>
          <reference-value>=</reference-value>
          <reference-href>reference/margin-top-043-ref.xht</reference-href>
          
        </test><test>
          <test-title>Padding-bottom using inches with a nominal value with a plus sign, +3in</test-title>
          <test-href>padding-bottom-062.xht</test-href>
          <reference-value>=</reference-value>
          <reference-href>reference/margin-top-043-ref.xht</reference-href>
          
        </test><test>
          <test-title>Padding-bottom using 'em' units with a minimum minus one value, -1em</test-title>
          <test-href>padding-bottom-067.xht</test-href>
          <reference-value>=</reference-value>
          <reference-href>reference/ref-no-vert-space-between.xht</reference-href>
          <flags>
              <flag>Ahem</flag><flag>Invalid</flag>
              </flags>
        </test><test>
          <test-title>Padding-bottom using 'em' units with a minimum value, 0em</test-title>
          <test-href>padding-bottom-068.xht</test-href>
          <reference-value>=</reference-value>
          <reference-href>reference/ref-no-vert-space-between.xht</reference-href>
          <flags>
              <flag>Ahem</flag>
              </flags>
        </test><test>
          <test-title>Padding-bottom using 'em' units with a minimum plus one value, 1em</test-title>
          <test-href>padding-bottom-069.xht</test-href>
          <reference-value>=</reference-value>
          <reference-href>reference/margin-top-079-ref.xht</reference-href>
          <flags>
              <flag>Ahem</flag>
              </flags>
        </test><test>
          <test-title>Padding-bottom using 'em' units with a negative zero value, -0em</test-title>
          <test-href>padding-bottom-070.xht</test-href>
          <reference-value>=</reference-value>
          <reference-href>reference/ref-no-vert-space-between.xht</reference-href>
          <flags>
              <flag>Ahem</flag>
              </flags>
        </test><test>
          <test-title>Padding-bottom using 'em' units with a positive zero value, +0em</test-title>
          <test-href>padding-bottom-071.xht</test-href>
          <reference-value>=</reference-value>
          <reference-href>reference/ref-no-vert-space-between.xht</reference-href>
          <flags>
              <flag>Ahem</flag>
              </flags>
        </test><test>
          <test-title>Padding-bottom using 'em' units with a nominal value, 6em</test-title>
          <test-href>padding-bottom-072.xht</test-href>
          <reference-value>=</reference-value>
          <reference-href>reference/margin-top-079-ref.xht</reference-href>
          <flags>
              <flag>Ahem</flag>
              </flags>
        </test><test>
          <test-title>Padding-bottom using 'em' units with a nominal value with a plus sign, +6em</test-title>
          <test-href>padding-bottom-073.xht</test-href>
          <reference-value>=</reference-value>
          <reference-href>reference/margin-top-079-ref.xht</reference-href>
          <flags>
              <flag>Ahem</flag>
              </flags>
        </test><test>
          <test-title>Padding-bottom using 'ex' units with a minimum minus one value, -1ex</test-title>
          <test-href>padding-bottom-078.xht</test-href>
          <reference-value>=</reference-value>
          <reference-href>reference/ref-no-vert-space-between.xht</reference-href>
          <flags>
              <flag>Ahem</flag><flag>Invalid</flag>
              </flags>
        </test><test>
          <test-title>Padding-bottom using 'ex' units with a minimum value, 0ex</test-title>
          <test-href>padding-bottom-079.xht</test-href>
          <reference-value>=</reference-value>
          <reference-href>reference/ref-no-vert-space-between.xht</reference-href>
          <flags>
              <flag>Ahem</flag>
              </flags>
        </test><test>
          <test-title>Padding-bottom using 'ex' units with a minimum plus one value, 1ex</test-title>
          <test-href>padding-bottom-080.xht</test-href>
          <reference-value>=</reference-value>
          <reference-href>reference/margin-top-031-ref.xht</reference-href>
          <flags>
              <flag>Ahem</flag>
              </flags>
        </test><test>
          <test-title>Padding-bottom using 'ex' units with a negative zero value, -0ex</test-title>
          <test-href>padding-bottom-081.xht</test-href>
          <reference-value>=</reference-value>
          <reference-href>reference/ref-no-vert-space-between.xht</reference-href>
          <flags>
              <flag>Ahem</flag>
              </flags>
        </test><test>
          <test-title>Padding-bottom using 'ex' units with a positive zero value, +0ex</test-title>
          <test-href>padding-bottom-082.xht</test-href>
          <reference-value>=</reference-value>
          <reference-href>reference/ref-no-vert-space-between.xht</reference-href>
          <flags>
              <flag>Ahem</flag>
              </flags>
        </test><test>
          <test-title>Padding-bottom using 'ex' units with a nominal value, 7.5ex</test-title>
          <test-href>padding-bottom-083.xht</test-href>
          <reference-value>=</reference-value>
          <reference-href>reference/margin-top-031-ref.xht</reference-href>
          <flags>
              <flag>Ahem</flag>
              </flags>
        </test><test>
          <test-title>Padding-bottom using 'ex' units with a nominal value with a plus sign, +7.5ex</test-title>
          <test-href>padding-bottom-084.xht</test-href>
          <reference-value>=</reference-value>
          <reference-href>reference/margin-top-031-ref.xht</reference-href>
          <flags>
              <flag>Ahem</flag>
              </flags>
        </test><test>
          <test-title>Padding-bottom using percentage with a minimum minus one value, -1%</test-title>
          <test-href>padding-bottom-089.xht</test-href>
          <reference-value>=</reference-value>
          <reference-href>reference/margin-bottom-100-ref.xht</reference-href>
          <flags>
              <flag>Invalid</flag>
              </flags>
        </test><test>
          <test-title>Padding-bottom using percentage with a minimum value, 0%</test-title>
          <test-href>padding-bottom-090.xht</test-href>
          <reference-value>=</reference-value>
          <reference-href>reference/margin-bottom-100-ref.xht</reference-href>
          
        </test><test>
          <test-title>Padding-bottom using percentage with a minimum plus one value, 1%</test-title>
          <test-href>padding-bottom-091.xht</test-href>
          <reference-value>=</reference-value>
          <reference-href>reference/padding-bottom-091-ref.xht</reference-href>
          
        </test><test>
          <test-title>Padding-bottom using percentage with a negative zero value, -0%</test-title>
          <test-href>padding-bottom-092.xht</test-href>
          <reference-value>=</reference-value>
          <reference-href>reference/margin-bottom-100-ref.xht</reference-href>
          
        </test><test>
          <test-title>Padding-bottom using percentage with a positive zero value, +0%</test-title>
          <test-href>padding-bottom-093.xht</test-href>
          <reference-value>=</reference-value>
          <reference-href>reference/margin-bottom-100-ref.xht</reference-href>
          
        </test><test>
          <test-title>Padding-bottom using percentage with a nominal value, 50%</test-title>
          <test-href>padding-bottom-094.xht</test-href>
          <reference-value>=</reference-value>
          <reference-href>reference/margin-top-103-ref.xht</reference-href>
          
        </test><test>
          <test-title>Padding-bottom using percentage with a nominal value with a plus sign, +50%</test-title>
          <test-href>padding-bottom-095.xht</test-href>
          <reference-value>=</reference-value>
          <reference-href>reference/margin-top-103-ref.xht</reference-href>
          
        </test><test>
          <test-title>Padding-bottom with a negative zero value and no units, -0</test-title>
          <test-href>padding-bottom-100.xht</test-href>
          <reference-value>=</reference-value>
          <reference-href>reference/ref-no-vert-space-between.xht</reference-href>
          
        </test><test>
          <test-title>Padding-bottom with a zero value and no units, 0</test-title>
          <test-href>padding-bottom-101.xht</test-href>
          <reference-value>=</reference-value>
          <reference-href>reference/ref-no-vert-space-between.xht</reference-href>
          
        </test><test>
          <test-title>Padding-bottom with a positive zero value and no units, +0</test-title>
          <test-href>padding-bottom-102.xht</test-href>
          <reference-value>=</reference-value>
          <reference-href>reference/ref-no-vert-space-between.xht</reference-href>
          
        </test><test>
          <test-title>Padding-bottom using the 'inherit' value</test-title>
          <test-href>padding-bottom-103.xht</test-href>
          <reference-value>=</reference-value>
          <reference-href>reference/padding-bottom-103-ref.xht</reference-href>
          
        </test><test>
          <test-title>Padding-bottom applied to element with display table-row-group</test-title>
          <test-href>padding-bottom-applies-to-001.xht</test-href>
          <reference-value>=</reference-value>
          <reference-href>reference/padding-bottom-applies-to-001-ref.xht</reference-href>
          
        </test><test>
          <test-title>Padding-bottom applied to element with display table-header-group</test-title>
          <test-href>padding-bottom-applies-to-002.xht</test-href>
          <reference-value>=</reference-value>
          <reference-href>reference/padding-bottom-applies-to-001-ref.xht</reference-href>
          
        </test><test>
          <test-title>Padding-bottom applied to element with display table-footer-group</test-title>
          <test-href>padding-bottom-applies-to-003.xht</test-href>
          <reference-value>=</reference-value>
          <reference-href>reference/padding-bottom-applies-to-001-ref.xht</reference-href>
          
        </test><test>
          <test-title>Padding-bottom applied to element with display table-row</test-title>
          <test-href>padding-bottom-applies-to-004.xht</test-href>
          <reference-value>=</reference-value>
          <reference-href>reference/padding-bottom-applies-to-001-ref.xht</reference-href>
          
        </test><test>
          <test-title>Padding-bottom applied to element with display table-column-group</test-title>
          <test-href>padding-bottom-applies-to-005.xht</test-href>
          <reference-value>=</reference-value>
          <reference-href>reference/padding-bottom-applies-to-001-ref.xht</reference-href>
          
        </test><test>
          <test-title>Padding-bottom applied to element with display table-column</test-title>
          <test-href>padding-bottom-applies-to-006.xht</test-href>
          <reference-value>=</reference-value>
          <reference-href>reference/padding-bottom-applies-to-001-ref.xht</reference-href>
          
        </test><test>
          <test-title>Padding-bottom applied to element with display table-cell</test-title>
          <test-href>padding-bottom-applies-to-007.xht</test-href>
          <reference-value>=</reference-value>
          <reference-href>reference/padding-bottom-applies-to-007-ref.xht</reference-href>
          
        </test><test>
          <test-title>Padding-bottom applied to element with display block</test-title>
          <test-href>padding-bottom-applies-to-009.xht</test-href>
          <reference-value>=</reference-value>
          <reference-href>reference/padding-bottom-applies-to-007-ref.xht</reference-href>
          
        </test><test>
          <test-title>Padding-bottom applied to element with display inline-block</test-title>
          <test-href>padding-bottom-applies-to-012.xht</test-href>
          <reference-value>=</reference-value>
          <reference-href>reference/padding-bottom-applies-to-007-ref.xht</reference-href>
          
        </test><test>
          <test-title>Padding-bottom applied to element with display table</test-title>
          <test-href>padding-bottom-applies-to-013.xht</test-href>
          <reference-value>=</reference-value>
          <reference-href>reference/padding-bottom-applies-to-007-ref.xht</reference-href>
          
        </test><test>
          <test-title>Padding-bottom applied to element with display inline-table</test-title>
          <test-href>padding-bottom-applies-to-014.xht</test-href>
          <reference-value>=</reference-value>
          <reference-href>reference/padding-bottom-applies-to-007-ref.xht</reference-href>
          
        </test><test>
          <test-title>Padding-bottom applied to element with display table-caption</test-title>
          <test-href>padding-bottom-applies-to-015.xht</test-href>
          <reference-value>=</reference-value>
          <reference-href>reference/padding-bottom-applies-to-007-ref.xht</reference-href>
          
        </test><test>
          <test-title>inherit applied on padding set with em</test-title>
          <test-href>padding-em-inherit-001.xht</test-href>
          <reference-value>=</reference-value>
          <reference-href>reference/padding-em-inherit-001-ref.xht</reference-href>
          <flags>
              <flag>Bitmaps</flag>
              </flags>
        </test><test>
          <test-title>Padding-left using pixels with a minimum minus one value, -1px</test-title>
          <test-href>padding-left-001.xht</test-href>
          <reference-value>=</reference-value>
          <reference-href>reference/margin-left-004-ref.xht</reference-href>
          <flags>
              <flag>Invalid</flag>
              </flags>
        </test><test>
          <test-title>Padding-left using pixels with a minimum value, 0px</test-title>
          <test-href>padding-left-002.xht</test-href>
          <reference-value>=</reference-value>
          <reference-href>reference/margin-left-004-ref.xht</reference-href>
          
        </test><test>
          <test-title>Padding-left using pixels with a minimum plus one value, 1px</test-title>
          <test-href>padding-left-003.xht</test-href>
          <reference-value>=</reference-value>
          <reference-href>reference/margin-left-007-ref.xht</reference-href>
          
        </test><test>
          <test-title>Padding-left using pixels with a negative zero value, -0px</test-title>
          <test-href>padding-left-004.xht</test-href>
          <reference-value>=</reference-value>
          <reference-href>reference/margin-left-004-ref.xht</reference-href>
          
        </test><test>
          <test-title>Padding-left using pixels with a positive zero value, +0px</test-title>
          <test-href>padding-left-005.xht</test-href>
          <reference-value>=</reference-value>
          <reference-href>reference/margin-left-004-ref.xht</reference-href>
          
        </test><test>
          <test-title>Padding-left using pixels with a nominal value, 96px</test-title>
          <test-href>padding-left-006.xht</test-href>
          <reference-value>=</reference-value>
          <reference-href>reference/margin-left-007-ref.xht</reference-href>
          
        </test><test>
          <test-title>Padding-left using pixels with a nominal value with a plus sign, +96px</test-title>
          <test-href>padding-left-007.xht</test-href>
          <reference-value>=</reference-value>
          <reference-href>reference/margin-left-007-ref.xht</reference-href>
          
        </test><test>
          <test-title>Padding-left using points with a minimum minus one value, -1pt</test-title>
          <test-href>padding-left-012.xht</test-href>
          <reference-value>=</reference-value>
          <reference-href>reference/margin-left-004-ref.xht</reference-href>
          <flags>
              <flag>Invalid</flag>
              </flags>
        </test><test>
          <test-title>Padding-left using points with a minimum value, 0pt</test-title>
          <test-href>padding-left-013.xht</test-href>
          <reference-value>=</reference-value>
          <reference-href>reference/margin-left-004-ref.xht</reference-href>
          
        </test><test>
          <test-title>Padding-left using points with a negative zero value, -0pt</test-title>
          <test-href>padding-left-015.xht</test-href>
          <reference-value>=</reference-value>
          <reference-href>reference/margin-left-004-ref.xht</reference-href>
          
        </test><test>
          <test-title>Padding-left using points with a positive zero value, +0pt</test-title>
          <test-href>padding-left-016.xht</test-href>
          <reference-value>=</reference-value>
          <reference-href>reference/margin-left-004-ref.xht</reference-href>
          
        </test><test>
          <test-title>Padding-left using points with a nominal value, 72pt</test-title>
          <test-href>padding-left-017.xht</test-href>
          <reference-value>=</reference-value>
          <reference-href>reference/margin-left-019-ref.xht</reference-href>
          
        </test><test>
          <test-title>Padding-left using points with a nominal value with a plus sign, +72pt</test-title>
          <test-href>padding-left-018.xht</test-href>
          <reference-value>=</reference-value>
          <reference-href>reference/margin-left-019-ref.xht</reference-href>
          
        </test><test>
          <test-title>Padding-left using picas with a minimum minus one value, -1pc</test-title>
          <test-href>padding-left-023.xht</test-href>
          <reference-value>=</reference-value>
          <reference-href>reference/margin-left-004-ref.xht</reference-href>
          <flags>
              <flag>Invalid</flag>
              </flags>
        </test><test>
          <test-title>Padding-left using picas with a minimum value, 0pc</test-title>
          <test-href>padding-left-024.xht</test-href>
          <reference-value>=</reference-value>
          <reference-href>reference/margin-left-004-ref.xht</reference-href>
          
        </test><test>
          <test-title>Padding-left using picas with a minimum plus one value, 1pc</test-title>
          <test-href>padding-left-025.xht</test-href>
          <reference-value>=</reference-value>
          <reference-href>reference/margin-left-031-ref.xht</reference-href>
          
        </test><test>
          <test-title>Padding-left using picas with a negative zero value, -0pc</test-title>
          <test-href>padding-left-026.xht</test-href>
          <reference-value>=</reference-value>
          <reference-href>reference/margin-left-004-ref.xht</reference-href>
          
        </test><test>
          <test-title>Padding-left using picas with a positive zero value, +0pc</test-title>
          <test-href>padding-left-027.xht</test-href>
          <reference-value>=</reference-value>
          <reference-href>reference/margin-left-004-ref.xht</reference-href>
          
        </test><test>
          <test-title>Padding-left using picas with a nominal value, 6pc</test-title>
          <test-href>padding-left-028.xht</test-href>
          <reference-value>=</reference-value>
          <reference-href>reference/margin-left-031-ref.xht</reference-href>
          
        </test><test>
          <test-title>Padding-left using picas with a nominal value with a plus sign, +6pc</test-title>
          <test-href>padding-left-029.xht</test-href>
          <reference-value>=</reference-value>
          <reference-href>reference/margin-left-031-ref.xht</reference-href>
          
        </test><test>
          <test-title>Padding-left using centimeters with a minimum minus one value, -1cm</test-title>
          <test-href>padding-left-034.xht</test-href>
          <reference-value>=</reference-value>
          <reference-href>reference/margin-left-004-ref.xht</reference-href>
          <flags>
              <flag>Invalid</flag>
              </flags>
        </test><test>
          <test-title>Padding-left using centimeters with a minimum value, 0cm</test-title>
          <test-href>padding-left-035.xht</test-href>
          <reference-value>=</reference-value>
          <reference-href>reference/margin-left-004-ref.xht</reference-href>
          
        </test><test>
          <test-title>Padding-left using centimeters with a minimum plus one value, 1cm</test-title>
          <test-href>padding-left-036.xht</test-href>
          <reference-value>=</reference-value>
          <reference-href>reference/padding-left-036-ref.xht</reference-href>
          
        </test><test>
          <test-title>Padding-left using centimeters with a negative zero value, -0cm</test-title>
          <test-href>padding-left-037.xht</test-href>
          <reference-value>=</reference-value>
          <reference-href>reference/margin-left-004-ref.xht</reference-href>
          
        </test><test>
          <test-title>Padding-left using centimeters with a positive zero value, +0cm</test-title>
          <test-href>padding-left-038.xht</test-href>
          <reference-value>=</reference-value>
          <reference-href>reference/margin-left-004-ref.xht</reference-href>
          
        </test><test>
          <test-title>Padding-left using centimeters with a nominal value, 2.54cm</test-title>
          <test-href>padding-left-039.xht</test-href>
          <reference-value>=</reference-value>
          <reference-href>reference/margin-left-043-ref.xht</reference-href>
          
        </test><test>
          <test-title>Padding-left using centimeters with a nominal value with a plus sign, +2.54cm</test-title>
          <test-href>padding-left-040.xht</test-href>
          <reference-value>=</reference-value>
          <reference-href>reference/margin-left-043-ref.xht</reference-href>
          
        </test><test>
          <test-title>Padding-left using millimeters with a minimum minus one value, -1mm</test-title>
          <test-href>padding-left-045.xht</test-href>
          <reference-value>=</reference-value>
          <reference-href>reference/margin-left-004-ref.xht</reference-href>
          <flags>
              <flag>Invalid</flag>
              </flags>
        </test><test>
          <test-title>Padding-left using millimeters with a minimum value, 0mm</test-title>
          <test-href>padding-left-046.xht</test-href>
          <reference-value>=</reference-value>
          <reference-href>reference/margin-left-004-ref.xht</reference-href>
          
        </test><test>
          <test-title>Padding-left using millimeters with a minimum plus one value, 1mm</test-title>
          <test-href>padding-left-047.xht</test-href>
          <reference-value>=</reference-value>
          <reference-href>reference/padding-left-047-ref.xht</reference-href>
          
        </test><test>
          <test-title>Padding-left using millimeters with a negative zero value, -0mm</test-title>
          <test-href>padding-left-048.xht</test-href>
          <reference-value>=</reference-value>
          <reference-href>reference/margin-left-004-ref.xht</reference-href>
          
        </test><test>
          <test-title>Padding-left using millimeters with a positive zero value, +0mm</test-title>
          <test-href>padding-left-049.xht</test-href>
          <reference-value>=</reference-value>
          <reference-href>reference/margin-left-004-ref.xht</reference-href>
          
        </test><test>
          <test-title>Padding-left using millimeters with a nominal value, 25.4mm</test-title>
          <test-href>padding-left-050.xht</test-href>
          <reference-value>=</reference-value>
          <reference-href>reference/margin-left-043-ref.xht</reference-href>
          
        </test><test>
          <test-title>Padding-left using millimeters with a nominal value with a plus sign, +25.4mm</test-title>
          <test-href>padding-left-051.xht</test-href>
          <reference-value>=</reference-value>
          <reference-href>reference/margin-left-043-ref.xht</reference-href>
          
        </test><test>
          <test-title>Padding-left using inches with a minimum minus one value, -1in</test-title>
          <test-href>padding-left-056.xht</test-href>
          <reference-value>=</reference-value>
          <reference-href>reference/margin-left-004-ref.xht</reference-href>
          <flags>
              <flag>Invalid</flag>
              </flags>
        </test><test>
          <test-title>Padding-left using inches with a minimum value, 0in</test-title>
          <test-href>padding-left-057.xht</test-href>
          <reference-value>=</reference-value>
          <reference-href>reference/margin-left-004-ref.xht</reference-href>
          
        </test><test>
          <test-title>Padding-left using inches with a minimum plus one value, 1in</test-title>
          <test-href>padding-left-058.xht</test-href>
          <reference-value>=</reference-value>
          <reference-href>reference/margin-left-043-ref.xht</reference-href>
          
        </test><test>
          <test-title>Padding-left using inches with a negative zero value, -0in</test-title>
          <test-href>padding-left-059.xht</test-href>
          <reference-value>=</reference-value>
          <reference-href>reference/margin-left-004-ref.xht</reference-href>
          
        </test><test>
          <test-title>Padding-left using inches with a positive zero value, +0in</test-title>
          <test-href>padding-left-060.xht</test-href>
          <reference-value>=</reference-value>
          <reference-href>reference/margin-left-004-ref.xht</reference-href>
          
        </test><test>
          <test-title>Padding-left using inches with a nominal value, 3in</test-title>
          <test-href>padding-left-061.xht</test-href>
          <reference-value>=</reference-value>
          <reference-href>reference/margin-left-043-ref.xht</reference-href>
          
        </test><test>
          <test-title>Padding-left using inches with a nominal value with a plus sign, +3in</test-title>
          <test-href>padding-left-062.xht</test-href>
          <reference-value>=</reference-value>
          <reference-href>reference/margin-left-043-ref.xht</reference-href>
          
        </test><test>
          <test-title>Padding-left using 'em' units with a minimum minus one value, -1em</test-title>
          <test-href>padding-left-067.xht</test-href>
          <reference-value>=</reference-value>
          <reference-href>reference/margin-left-004-ref.xht</reference-href>
          <flags>
              <flag>Ahem</flag><flag>Invalid</flag>
              </flags>
        </test><test>
          <test-title>Padding-left using 'em' units with a minimum value, 0em</test-title>
          <test-href>padding-left-068.xht</test-href>
          <reference-value>=</reference-value>
          <reference-href>reference/margin-left-004-ref.xht</reference-href>
          <flags>
              <flag>Ahem</flag>
              </flags>
        </test><test>
          <test-title>Padding-left using 'em' units with a minimum plus one value, 1em</test-title>
          <test-href>padding-left-069.xht</test-href>
          <reference-value>=</reference-value>
          <reference-href>reference/margin-left-079-ref.xht</reference-href>
          <flags>
              <flag>Ahem</flag>
              </flags>
        </test><test>
          <test-title>Padding-left using 'em' units with a negative zero value, -0em</test-title>
          <test-href>padding-left-070.xht</test-href>
          <reference-value>=</reference-value>
          <reference-href>reference/margin-left-004-ref.xht</reference-href>
          <flags>
              <flag>Ahem</flag>
              </flags>
        </test><test>
          <test-title>Padding-left using 'em' units with a positive zero value, +0em</test-title>
          <test-href>padding-left-071.xht</test-href>
          <reference-value>=</reference-value>
          <reference-href>reference/margin-left-004-ref.xht</reference-href>
          <flags>
              <flag>Ahem</flag>
              </flags>
        </test><test>
          <test-title>Padding-left using 'em' units with a nominal value, 6em</test-title>
          <test-href>padding-left-072.xht</test-href>
          <reference-value>=</reference-value>
          <reference-href>reference/margin-left-079-ref.xht</reference-href>
          <flags>
              <flag>Ahem</flag>
              </flags>
        </test><test>
          <test-title>Padding-left using 'em' units with a nominal value with a plus sign, +6em</test-title>
          <test-href>padding-left-073.xht</test-href>
          <reference-value>=</reference-value>
          <reference-href>reference/margin-left-079-ref.xht</reference-href>
          <flags>
              <flag>Ahem</flag>
              </flags>
        </test><test>
          <test-title>Padding-left using 'ex' units with a minimum minus one value, -1ex</test-title>
          <test-href>padding-left-078.xht</test-href>
          <reference-value>=</reference-value>
          <reference-href>reference/margin-left-004-ref.xht</reference-href>
          <flags>
              <flag>Ahem</flag><flag>Invalid</flag>
              </flags>
        </test><test>
          <test-title>Padding-left using 'ex' units with a minimum value, 0ex</test-title>
          <test-href>padding-left-079.xht</test-href>
          <reference-value>=</reference-value>
          <reference-href>reference/margin-left-004-ref.xht</reference-href>
          <flags>
              <flag>Ahem</flag>
              </flags>
        </test><test>
          <test-title>Padding-left using 'ex' units with a minimum plus one value, 1ex</test-title>
          <test-href>padding-left-080.xht</test-href>
          <reference-value>=</reference-value>
          <reference-href>reference/margin-left-031-ref.xht</reference-href>
          <flags>
              <flag>Ahem</flag>
              </flags>
        </test><test>
          <test-title>Padding-left using 'ex' units with a negative zero value, -0ex</test-title>
          <test-href>padding-left-081.xht</test-href>
          <reference-value>=</reference-value>
          <reference-href>reference/margin-left-004-ref.xht</reference-href>
          <flags>
              <flag>Ahem</flag>
              </flags>
        </test><test>
          <test-title>Padding-left using 'ex' units with a positive zero value, +0ex</test-title>
          <test-href>padding-left-082.xht</test-href>
          <reference-value>=</reference-value>
          <reference-href>reference/margin-left-004-ref.xht</reference-href>
          <flags>
              <flag>Ahem</flag>
              </flags>
        </test><test>
          <test-title>Padding-left using 'ex' units with a nominal value, 6ex</test-title>
          <test-href>padding-left-083.xht</test-href>
          <reference-value>=</reference-value>
          <reference-href>reference/margin-left-031-ref.xht</reference-href>
          <flags>
              <flag>Ahem</flag>
              </flags>
        </test><test>
          <test-title>Padding-left using 'ex' units with a nominal value with a plus sign, +6ex</test-title>
          <test-href>padding-left-084.xht</test-href>
          <reference-value>=</reference-value>
          <reference-href>reference/margin-left-031-ref.xht</reference-href>
          <flags>
              <flag>Ahem</flag>
              </flags>
        </test><test>
          <test-title>Padding-left using percentage with a minimum minus one value, -1%</test-title>
          <test-href>padding-left-089.xht</test-href>
          <reference-value>=</reference-value>
          <reference-href>reference/margin-left-004-ref.xht</reference-href>
          <flags>
              <flag>Invalid</flag>
              </flags>
        </test><test>
          <test-title>Padding-left using percentage with a minimum value, 0%</test-title>
          <test-href>padding-left-090.xht</test-href>
          <reference-value>=</reference-value>
          <reference-href>reference/margin-left-004-ref.xht</reference-href>
          
        </test><test>
          <test-title>Padding-left using percentage with a minimum plus one value, 1%</test-title>
          <test-href>padding-left-091.xht</test-href>
          <reference-value>=</reference-value>
          <reference-href>reference/padding-left-091-ref.xht</reference-href>
          
        </test><test>
          <test-title>Padding-left using percentage with a negative zero value, -0%</test-title>
          <test-href>padding-left-092.xht</test-href>
          <reference-value>=</reference-value>
          <reference-href>reference/margin-left-004-ref.xht</reference-href>
          
        </test><test>
          <test-title>Padding-left using percentage with a positive zero value, +0%</test-title>
          <test-href>padding-left-093.xht</test-href>
          <reference-value>=</reference-value>
          <reference-href>reference/margin-left-004-ref.xht</reference-href>
          
        </test><test>
          <test-title>Padding-left using percentage with a nominal value, 50%</test-title>
          <test-href>padding-left-094.xht</test-href>
          <reference-value>=</reference-value>
          <reference-href>reference/margin-left-043-ref.xht</reference-href>
          
        </test><test>
          <test-title>Padding-left using percentage with a nominal value with a plus sign, +50%</test-title>
          <test-href>padding-left-095.xht</test-href>
          <reference-value>=</reference-value>
          <reference-href>reference/margin-left-043-ref.xht</reference-href>
          
        </test><test>
          <test-title>Padding-left with a negative zero value and no units, -0</test-title>
          <test-href>padding-left-100.xht</test-href>
          <reference-value>=</reference-value>
          <reference-href>reference/margin-left-004-ref.xht</reference-href>
          
        </test><test>
          <test-title>Padding-left with a zero value and no units, 0</test-title>
          <test-href>padding-left-101.xht</test-href>
          <reference-value>=</reference-value>
          <reference-href>reference/margin-left-004-ref.xht</reference-href>
          
        </test><test>
          <test-title>Padding-left with a positive zero value and no units, +0</test-title>
          <test-href>padding-left-102.xht</test-href>
          <reference-value>=</reference-value>
          <reference-href>reference/margin-left-004-ref.xht</reference-href>
          
        </test><test>
          <test-title>Padding-left using the 'inherit' value</test-title>
          <test-href>padding-left-103.xht</test-href>
          <reference-value>=</reference-value>
          <reference-href>reference/padding-left-103-ref.xht</reference-href>
          
        </test><test>
          <test-title>Padding-left applied to element with display table-row-group</test-title>
          <test-href>padding-left-applies-to-001.xht</test-href>
          <reference-value>=</reference-value>
          <reference-href>reference/margin-left-applies-to-001-ref.xht</reference-href>
          
        </test><test>
          <test-title>Padding-left applied to element with display table-header-group</test-title>
          <test-href>padding-left-applies-to-002.xht</test-href>
          <reference-value>=</reference-value>
          <reference-href>reference/margin-left-applies-to-001-ref.xht</reference-href>
          
        </test><test>
          <test-title>Padding-left applied to element with display table-footer-group</test-title>
          <test-href>padding-left-applies-to-003.xht</test-href>
          <reference-value>=</reference-value>
          <reference-href>reference/margin-left-applies-to-001-ref.xht</reference-href>
          
        </test><test>
          <test-title>Padding-left applied to element with display table-row</test-title>
          <test-href>padding-left-applies-to-004.xht</test-href>
          <reference-value>=</reference-value>
          <reference-href>reference/margin-left-applies-to-001-ref.xht</reference-href>
          
        </test><test>
          <test-title>Padding-left applied to element with display table-column-group</test-title>
          <test-href>padding-left-applies-to-005.xht</test-href>
          <reference-value>=</reference-value>
          <reference-href>reference/margin-left-applies-to-001-ref.xht</reference-href>
          
        </test><test>
          <test-title>Padding-left applied to element with display table-column</test-title>
          <test-href>padding-left-applies-to-006.xht</test-href>
          <reference-value>=</reference-value>
          <reference-href>reference/margin-left-applies-to-001-ref.xht</reference-href>
          
        </test><test>
          <test-title>Padding-left applied to element with display table-cell</test-title>
          <test-href>padding-left-applies-to-007.xht</test-href>
          <reference-value>=</reference-value>
          <reference-href>reference/margin-left-applies-to-009-ref.xht</reference-href>
          
        </test><test>
          <test-title>Padding-left applied to element with display inline</test-title>
          <test-href>padding-left-applies-to-008.xht</test-href>
          <reference-value>=</reference-value>
          <reference-href>reference/padding-left-applies-to-008-ref.xht</reference-href>
          
        </test><test>
          <test-title>Padding-left applied to element with display block</test-title>
          <test-href>padding-left-applies-to-009.xht</test-href>
          <reference-value>=</reference-value>
          <reference-href>reference/margin-left-applies-to-009-ref.xht</reference-href>
          
        </test><test>
          <test-title>Padding-left applied to element with display list-item</test-title>
          <test-href>padding-left-applies-to-010.xht</test-href>
          <reference-value>=</reference-value>
          <reference-href>reference/padding-left-applies-to-010-ref.xht</reference-href>
          
        </test><test>
          <test-title>Padding-left applied to element with display inline-block</test-title>
          <test-href>padding-left-applies-to-012.xht</test-href>
          <reference-value>=</reference-value>
          <reference-href>reference/margin-left-applies-to-009-ref.xht</reference-href>
          
        </test><test>
          <test-title>Padding-left applied to element with display table</test-title>
          <test-href>padding-left-applies-to-013.xht</test-href>
          <reference-value>=</reference-value>
          <reference-href>reference/margin-left-applies-to-009-ref.xht</reference-href>
          
        </test><test>
          <test-title>Padding-left applied to element with display inline-table</test-title>
          <test-href>padding-left-applies-to-014.xht</test-href>
          <reference-value>=</reference-value>
          <reference-href>reference/margin-left-applies-to-009-ref.xht</reference-href>
          
        </test><test>
          <test-title>Padding-left applied to element with display table-caption</test-title>
          <test-href>padding-left-applies-to-015.xht</test-href>
          <reference-value>=</reference-value>
          <reference-href>reference/margin-left-applies-to-009-ref.xht</reference-href>
          
        </test><test>
          <test-title>padding - inherit applied on padding percentage</test-title>
          <test-href>padding-percentage-inherit-001.xht</test-href>
          <reference-value>=</reference-value>
          <reference-href>reference/padding-percentage-inherit-001-ref.xht</reference-href>
          <flags>
              <flag>Bitmaps</flag>
              </flags>
        </test><test>
          <test-title>Padding-right using pixels with a minimum minus one value, -1px</test-title>
          <test-href>padding-right-001.xht</test-href>
          <reference-value>=</reference-value>
          <reference-href>reference/margin-left-004-ref.xht</reference-href>
          <flags>
              <flag>Invalid</flag>
              </flags>
        </test><test>
          <test-title>Padding-right using pixels with a minimum value, 0px</test-title>
          <test-href>padding-right-002.xht</test-href>
          <reference-value>=</reference-value>
          <reference-href>reference/margin-left-004-ref.xht</reference-href>
          
        </test><test>
          <test-title>Padding-right using pixels with a minimum plus one value, 1px</test-title>
          <test-href>padding-right-003.xht</test-href>
          <reference-value>=</reference-value>
          <reference-href>reference/padding-right-003-ref.xht</reference-href>
          
        </test><test>
          <test-title>Padding-right using pixels with a negative zero value, -0px</test-title>
          <test-href>padding-right-004.xht</test-href>
          <reference-value>=</reference-value>
          <reference-href>reference/margin-left-004-ref.xht</reference-href>
          
        </test><test>
          <test-title>Padding-right using pixels with a positive zero value, +0px</test-title>
          <test-href>padding-right-005.xht</test-href>
          <reference-value>=</reference-value>
          <reference-href>reference/margin-left-004-ref.xht</reference-href>
          
        </test><test>
          <test-title>Padding-right using pixels with a nominal value, 96px</test-title>
          <test-href>padding-right-006.xht</test-href>
          <reference-value>=</reference-value>
          <reference-href>reference/padding-right-006-ref.xht</reference-href>
          
        </test><test>
          <test-title>Padding-right using pixels with a nominal value with a plus sign, +96px</test-title>
          <test-href>padding-right-007.xht</test-href>
          <reference-value>=</reference-value>
          <reference-href>reference/padding-right-006-ref.xht</reference-href>
          
        </test><test>
          <test-title>Padding-right using points with a minimum minus one value, -1pt</test-title>
          <test-href>padding-right-012.xht</test-href>
          <reference-value>=</reference-value>
          <reference-href>reference/margin-left-004-ref.xht</reference-href>
          <flags>
              <flag>Invalid</flag>
              </flags>
        </test><test>
          <test-title>Padding-right using points with a minimum value, 0pt</test-title>
          <test-href>padding-right-013.xht</test-href>
          <reference-value>=</reference-value>
          <reference-href>reference/margin-left-004-ref.xht</reference-href>
          
        </test><test>
          <test-title>Padding-right using points with a negative zero value, -0pt</test-title>
          <test-href>padding-right-015.xht</test-href>
          <reference-value>=</reference-value>
          <reference-href>reference/margin-left-004-ref.xht</reference-href>
          
        </test><test>
          <test-title>Padding-right using points with a positive zero value, +0pt</test-title>
          <test-href>padding-right-016.xht</test-href>
          <reference-value>=</reference-value>
          <reference-href>reference/margin-left-004-ref.xht</reference-href>
          
        </test><test>
          <test-title>Padding-right using points with a nominal value, 72pt</test-title>
          <test-href>padding-right-017.xht</test-href>
          <reference-value>=</reference-value>
          <reference-href>reference/padding-right-017-ref.xht</reference-href>
          
        </test><test>
          <test-title>Padding-right using points with a nominal value with a plus sign, +72pt</test-title>
          <test-href>padding-right-018.xht</test-href>
          <reference-value>=</reference-value>
          <reference-href>reference/padding-right-017-ref.xht</reference-href>
          
        </test><test>
          <test-title>Padding-right using picas with a minimum minus one value, -1pc</test-title>
          <test-href>padding-right-023.xht</test-href>
          <reference-value>=</reference-value>
          <reference-href>reference/margin-left-004-ref.xht</reference-href>
          <flags>
              <flag>Invalid</flag>
              </flags>
        </test><test>
          <test-title>Padding-right using picas with a minimum value, 0pc</test-title>
          <test-href>padding-right-024.xht</test-href>
          <reference-value>=</reference-value>
          <reference-href>reference/margin-left-004-ref.xht</reference-href>
          
        </test><test>
          <test-title>Padding-right using picas with a minimum plus one value, 1pc</test-title>
          <test-href>padding-right-025.xht</test-href>
          <reference-value>=</reference-value>
          <reference-href>reference/padding-right-025-ref.xht</reference-href>
          
        </test><test>
          <test-title>Padding-right using picas with a negative zero value, -0pc</test-title>
          <test-href>padding-right-026.xht</test-href>
          <reference-value>=</reference-value>
          <reference-href>reference/margin-left-004-ref.xht</reference-href>
          
        </test><test>
          <test-title>Padding-right using picas with a positive zero value, +0pc</test-title>
          <test-href>padding-right-027.xht</test-href>
          <reference-value>=</reference-value>
          <reference-href>reference/margin-left-004-ref.xht</reference-href>
          
        </test><test>
          <test-title>Padding-right using picas with a nominal value, 6pc</test-title>
          <test-href>padding-right-028.xht</test-href>
          <reference-value>=</reference-value>
          <reference-href>reference/padding-right-028-ref.xht</reference-href>
          
        </test><test>
          <test-title>Padding-right using picas with a nominal value with a plus sign, +6pc</test-title>
          <test-href>padding-right-029.xht</test-href>
          <reference-value>=</reference-value>
          <reference-href>reference/padding-right-028-ref.xht</reference-href>
          
        </test><test>
          <test-title>Padding-right using centimeters with a minimum minus one value, -1cm</test-title>
          <test-href>padding-right-034.xht</test-href>
          <reference-value>=</reference-value>
          <reference-href>reference/margin-left-004-ref.xht</reference-href>
          <flags>
              <flag>Invalid</flag>
              </flags>
        </test><test>
          <test-title>Padding-right using centimeters with a minimum value, 0cm</test-title>
          <test-href>padding-right-035.xht</test-href>
          <reference-value>=</reference-value>
          <reference-href>reference/margin-left-004-ref.xht</reference-href>
          
        </test><test>
          <test-title>Padding-right using centimeters with a minimum plus one value, 1cm</test-title>
          <test-href>padding-right-036.xht</test-href>
          <reference-value>=</reference-value>
          <reference-href>reference/padding-left-036-ref.xht</reference-href>
          
        </test><test>
          <test-title>Padding-right using centimeters with a negative zero value, -0cm</test-title>
          <test-href>padding-right-037.xht</test-href>
          <reference-value>=</reference-value>
          <reference-href>reference/margin-left-004-ref.xht</reference-href>
          
        </test><test>
          <test-title>Padding-right using centimeters with a positive zero value, +0cm</test-title>
          <test-href>padding-right-038.xht</test-href>
          <reference-value>=</reference-value>
          <reference-href>reference/margin-left-004-ref.xht</reference-href>
          
        </test><test>
          <test-title>Padding-right using centimeters with a nominal value, 2.54cm</test-title>
          <test-href>padding-right-039.xht</test-href>
          <reference-value>=</reference-value>
          <reference-href>reference/padding-right-039-ref.xht</reference-href>
          
        </test><test>
          <test-title>Padding-right using centimeters with a nominal value with a plus sign, +2.54cm</test-title>
          <test-href>padding-right-040.xht</test-href>
          <reference-value>=</reference-value>
          <reference-href>reference/padding-right-039-ref.xht</reference-href>
          
        </test><test>
          <test-title>Padding-right using millimeters with a minimum minus one value, -1mm</test-title>
          <test-href>padding-right-045.xht</test-href>
          <reference-value>=</reference-value>
          <reference-href>reference/margin-left-004-ref.xht</reference-href>
          <flags>
              <flag>Invalid</flag>
              </flags>
        </test><test>
          <test-title>Padding-right using millimeters with a minimum value, 0mm</test-title>
          <test-href>padding-right-046.xht</test-href>
          <reference-value>=</reference-value>
          <reference-href>reference/margin-left-004-ref.xht</reference-href>
          
        </test><test>
          <test-title>Padding-right using millimeters with a minimum plus one value, 1mm</test-title>
          <test-href>padding-right-047.xht</test-href>
          <reference-value>=</reference-value>
          <reference-href>reference/padding-left-047-ref.xht</reference-href>
          
        </test><test>
          <test-title>Padding-right using millimeters with a negative zero value, -0mm</test-title>
          <test-href>padding-right-048.xht</test-href>
          <reference-value>=</reference-value>
          <reference-href>reference/margin-left-004-ref.xht</reference-href>
          
        </test><test>
          <test-title>Padding-right using millimeters with a positive zero value, +0mm</test-title>
          <test-href>padding-right-049.xht</test-href>
          <reference-value>=</reference-value>
          <reference-href>reference/margin-left-004-ref.xht</reference-href>
          
        </test><test>
          <test-title>Padding-right using millimeters with a nominal value, 25.4mm</test-title>
          <test-href>padding-right-050.xht</test-href>
          <reference-value>=</reference-value>
          <reference-href>reference/padding-right-039-ref.xht</reference-href>
          
        </test><test>
          <test-title>Padding-right using millimeters with a nominal value with a plus sign, +25.4mm</test-title>
          <test-href>padding-right-051.xht</test-href>
          <reference-value>=</reference-value>
          <reference-href>reference/padding-right-039-ref.xht</reference-href>
          
        </test><test>
          <test-title>Padding-right using inches with a minimum minus one value, -1in</test-title>
          <test-href>padding-right-056.xht</test-href>
          <reference-value>=</reference-value>
          <reference-href>reference/margin-left-004-ref.xht</reference-href>
          <flags>
              <flag>Invalid</flag>
              </flags>
        </test><test>
          <test-title>Padding-right using inches with a minimum value, 0in</test-title>
          <test-href>padding-right-057.xht</test-href>
          <reference-value>=</reference-value>
          <reference-href>reference/margin-left-004-ref.xht</reference-href>
          
        </test><test>
          <test-title>Padding-right using inches with a minimum plus one value, 1in</test-title>
          <test-href>padding-right-058.xht</test-href>
          <reference-value>=</reference-value>
          <reference-href>reference/padding-right-039-ref.xht</reference-href>
          
        </test><test>
          <test-title>Padding-right using inches with a negative zero value, -0in</test-title>
          <test-href>padding-right-059.xht</test-href>
          <reference-value>=</reference-value>
          <reference-href>reference/margin-left-004-ref.xht</reference-href>
          
        </test><test>
          <test-title>Padding-right using inches with a positive zero value, +0in</test-title>
          <test-href>padding-right-060.xht</test-href>
          <reference-value>=</reference-value>
          <reference-href>reference/margin-left-004-ref.xht</reference-href>
          
        </test><test>
          <test-title>Padding-right using inches with a nominal value, 3in</test-title>
          <test-href>padding-right-061.xht</test-href>
          <reference-value>=</reference-value>
          <reference-href>reference/padding-right-061-ref.xht</reference-href>
          
        </test><test>
          <test-title>Padding-right using inches with a nominal value with a plus sign, +3in</test-title>
          <test-href>padding-right-062.xht</test-href>
          <reference-value>=</reference-value>
          <reference-href>reference/padding-right-061-ref.xht</reference-href>
          
        </test><test>
          <test-title>Padding-right using 'em' units with a minimum minus one value, -1em</test-title>
          <test-href>padding-right-067.xht</test-href>
          <reference-value>=</reference-value>
          <reference-href>reference/margin-left-004-ref.xht</reference-href>
          <flags>
              <flag>Ahem</flag><flag>Invalid</flag>
              </flags>
        </test><test>
          <test-title>Padding-right using 'em' units with a minimum value, 0em</test-title>
          <test-href>padding-right-068.xht</test-href>
          <reference-value>=</reference-value>
          <reference-href>reference/margin-left-004-ref.xht</reference-href>
          <flags>
              <flag>Ahem</flag>
              </flags>
        </test><test>
          <test-title>Padding-right using 'em' units with a minimum plus one value, 1em</test-title>
          <test-href>padding-right-069.xht</test-href>
          <reference-value>=</reference-value>
          <reference-href>reference/padding-right-069-ref.xht</reference-href>
          <flags>
              <flag>Ahem</flag>
              </flags>
        </test><test>
          <test-title>Padding-right using 'em' units with a negative zero value, -0em</test-title>
          <test-href>padding-right-070.xht</test-href>
          <reference-value>=</reference-value>
          <reference-href>reference/margin-left-004-ref.xht</reference-href>
          <flags>
              <flag>Ahem</flag>
              </flags>
        </test><test>
          <test-title>Padding-right using 'em' units with a positive zero value, +0em</test-title>
          <test-href>padding-right-071.xht</test-href>
          <reference-value>=</reference-value>
          <reference-href>reference/margin-left-004-ref.xht</reference-href>
          <flags>
              <flag>Ahem</flag>
              </flags>
        </test><test>
          <test-title>Padding-right using 'em' units with a nominal value, 6em</test-title>
          <test-href>padding-right-072.xht</test-href>
          <reference-value>=</reference-value>
          <reference-href>reference/padding-right-072-ref.xht</reference-href>
          <flags>
              <flag>Ahem</flag>
              </flags>
        </test><test>
          <test-title>Padding-right using 'em' units with a nominal value with a plus sign, +6em</test-title>
          <test-href>padding-right-073.xht</test-href>
          <reference-value>=</reference-value>
          <reference-href>reference/padding-right-072-ref.xht</reference-href>
          <flags>
              <flag>Ahem</flag>
              </flags>
        </test><test>
          <test-title>Padding-right using 'ex' units with a minimum minus one value, -1ex</test-title>
          <test-href>padding-right-078.xht</test-href>
          <reference-value>=</reference-value>
          <reference-href>reference/margin-left-004-ref.xht</reference-href>
          <flags>
              <flag>Ahem</flag><flag>Invalid</flag>
              </flags>
        </test><test>
          <test-title>Padding-right using 'ex' units with a minimum value, 0ex</test-title>
          <test-href>padding-right-079.xht</test-href>
          <reference-value>=</reference-value>
          <reference-href>reference/margin-left-004-ref.xht</reference-href>
          <flags>
              <flag>Ahem</flag>
              </flags>
        </test><test>
          <test-title>Padding-right using 'ex' units with a minimum plus one value, 1ex</test-title>
          <test-href>padding-right-080.xht</test-href>
          <reference-value>=</reference-value>
          <reference-href>reference/padding-right-080-ref.xht</reference-href>
          <flags>
              <flag>Ahem</flag>
              </flags>
        </test><test>
          <test-title>Padding-right using 'ex' units with a negative zero value, -0ex</test-title>
          <test-href>padding-right-081.xht</test-href>
          <reference-value>=</reference-value>
          <reference-href>reference/margin-left-004-ref.xht</reference-href>
          <flags>
              <flag>Ahem</flag>
              </flags>
        </test><test>
          <test-title>Padding-right using 'ex' units with a positive zero value, +0ex</test-title>
          <test-href>padding-right-082.xht</test-href>
          <reference-value>=</reference-value>
          <reference-href>reference/margin-left-004-ref.xht</reference-href>
          <flags>
              <flag>Ahem</flag>
              </flags>
        </test><test>
          <test-title>Padding-right using 'ex' units with a nominal value, 6ex</test-title>
          <test-href>padding-right-083.xht</test-href>
          <reference-value>=</reference-value>
          <reference-href>reference/padding-right-083-ref.xht</reference-href>
          <flags>
              <flag>Ahem</flag>
              </flags>
        </test><test>
          <test-title>Padding-right using 'ex' units with a nominal value with a plus sign, +6ex</test-title>
          <test-href>padding-right-084.xht</test-href>
          <reference-value>=</reference-value>
          <reference-href>reference/padding-right-083-ref.xht</reference-href>
          <flags>
              <flag>Ahem</flag>
              </flags>
        </test><test>
          <test-title>Padding-right using percentage with a minimum minus one value, -1%</test-title>
          <test-href>padding-right-089.xht</test-href>
          <reference-value>=</reference-value>
          <reference-href>reference/padding-right-089-ref.xht</reference-href>
          <flags>
              <flag>Invalid</flag>
              </flags>
        </test><test>
          <test-title>Padding-right using percentage with a minimum value, 0%</test-title>
          <test-href>padding-right-090.xht</test-href>
          <reference-value>=</reference-value>
          <reference-href>reference/padding-right-089-ref.xht</reference-href>
          
        </test><test>
          <test-title>Padding-right using percentage with a minimum plus one value, 1%</test-title>
          <test-href>padding-right-091.xht</test-href>
          <reference-value>=</reference-value>
          <reference-href>reference/padding-right-091-ref.xht</reference-href>
          
        </test><test>
          <test-title>Padding-right using percentage with a negative zero value, -0%</test-title>
          <test-href>padding-right-092.xht</test-href>
          <reference-value>=</reference-value>
          <reference-href>reference/padding-right-089-ref.xht</reference-href>
          
        </test><test>
          <test-title>Padding-right using percentage with a positive zero value, +0%</test-title>
          <test-href>padding-right-093.xht</test-href>
          <reference-value>=</reference-value>
          <reference-href>reference/padding-right-089-ref.xht</reference-href>
          
        </test><test>
          <test-title>Padding-right using percentage with a nominal value, 50%</test-title>
          <test-href>padding-right-094.xht</test-href>
          <reference-value>=</reference-value>
          <reference-href>reference/padding-right-039-ref.xht</reference-href>
          
        </test><test>
          <test-title>Padding-right using percentage with a nominal value with a plus sign, +50%</test-title>
          <test-href>padding-right-095.xht</test-href>
          <reference-value>=</reference-value>
          <reference-href>reference/padding-right-039-ref.xht</reference-href>
          
        </test><test>
          <test-title>Padding-right with a negative zero value and no units, -0</test-title>
          <test-href>padding-right-100.xht</test-href>
          <reference-value>=</reference-value>
          <reference-href>reference/margin-left-004-ref.xht</reference-href>
          
        </test><test>
          <test-title>Padding-right with a zero value and no units, 0</test-title>
          <test-href>padding-right-101.xht</test-href>
          <reference-value>=</reference-value>
          <reference-href>reference/margin-left-004-ref.xht</reference-href>
          
        </test><test>
          <test-title>Padding-right with a positive zero value and no units, +0</test-title>
          <test-href>padding-right-102.xht</test-href>
          <reference-value>=</reference-value>
          <reference-href>reference/margin-left-004-ref.xht</reference-href>
          
        </test><test>
          <test-title>Padding-right using the 'inherit' value</test-title>
          <test-href>padding-right-103.xht</test-href>
          <reference-value>=</reference-value>
          <reference-href>reference/padding-right-017-ref.xht</reference-href>
          
        </test><test>
          <test-title>Padding-right applied to element with display table-row-group</test-title>
          <test-href>padding-right-applies-to-001.xht</test-href>
          <reference-value>=</reference-value>
          <reference-href>reference/margin-left-applies-to-001-ref.xht</reference-href>
          
        </test><test>
          <test-title>Padding-right applied to element with display table-header-group</test-title>
          <test-href>padding-right-applies-to-002.xht</test-href>
          <reference-value>=</reference-value>
          <reference-href>reference/margin-left-applies-to-001-ref.xht</reference-href>
          
        </test><test>
          <test-title>Padding-right applied to element with display table-footer-group</test-title>
          <test-href>padding-right-applies-to-003.xht</test-href>
          <reference-value>=</reference-value>
          <reference-href>reference/margin-left-applies-to-001-ref.xht</reference-href>
          
        </test><test>
          <test-title>Padding-right applied to element with display table-row</test-title>
          <test-href>padding-right-applies-to-004.xht</test-href>
          <reference-value>=</reference-value>
          <reference-href>reference/margin-left-applies-to-001-ref.xht</reference-href>
          
        </test><test>
          <test-title>Padding-right applied to element with display table-column-group</test-title>
          <test-href>padding-right-applies-to-005.xht</test-href>
          <reference-value>=</reference-value>
          <reference-href>reference/margin-left-applies-to-001-ref.xht</reference-href>
          
        </test><test>
          <test-title>Padding-right applied to element with display table-column</test-title>
          <test-href>padding-right-applies-to-006.xht</test-href>
          <reference-value>=</reference-value>
          <reference-href>reference/margin-left-applies-to-001-ref.xht</reference-href>
          
        </test><test>
          <test-title>Padding-right applied to element with display table-cell</test-title>
          <test-href>padding-right-applies-to-007.xht</test-href>
          <reference-value>=</reference-value>
          <reference-href>reference/margin-left-applies-to-009-ref.xht</reference-href>
          
        </test><test>
          <test-title>Padding-right applied to element with display block</test-title>
          <test-href>padding-right-applies-to-009.xht</test-href>
          <reference-value>=</reference-value>
          <reference-href>reference/margin-left-applies-to-009-ref.xht</reference-href>
          
        </test><test>
          <test-title>Padding-right applied to element with display inline-block</test-title>
          <test-href>padding-right-applies-to-012.xht</test-href>
          <reference-value>=</reference-value>
          <reference-href>reference/margin-left-applies-to-009-ref.xht</reference-href>
          
        </test><test>
          <test-title>Padding-right applied to element with display table</test-title>
          <test-href>padding-right-applies-to-013.xht</test-href>
          <reference-value>=</reference-value>
          <reference-href>reference/margin-left-applies-to-009-ref.xht</reference-href>
          
        </test><test>
          <test-title>Padding-right applied to element with display inline-table</test-title>
          <test-href>padding-right-applies-to-014.xht</test-href>
          <reference-value>=</reference-value>
          <reference-href>reference/margin-left-applies-to-009-ref.xht</reference-href>
          
        </test><test>
          <test-title>Padding-right applied to element with display table-caption</test-title>
          <test-href>padding-right-applies-to-015.xht</test-href>
          <reference-value>=</reference-value>
          <reference-href>reference/margin-left-applies-to-009-ref.xht</reference-href>
          
        </test><test>
          <test-title>Padding shorthand - One value application to all sides</test-title>
          <test-href>padding-shorthand-001.xht</test-href>
          <reference-value>=</reference-value>
          <reference-href>reference/margin-shorthand-001-ref.xht</reference-href>
          <flags>
              <flag>Bitmaps</flag>
              </flags>
        </test><test>
          <test-title>Padding shorthand - two values application top, bottom and left, right</test-title>
          <test-href>padding-shorthand-002.xht</test-href>
          <reference-value>=</reference-value>
          <reference-href>reference/margin-shorthand-002-ref.xht</reference-href>
          <flags>
              <flag>Bitmaps</flag>
              </flags>
        </test><test>
          <test-title>Padding shorthand - three values application top and left, right and bottom</test-title>
          <test-href>padding-shorthand-003.xht</test-href>
          <reference-value>=</reference-value>
          <reference-href>reference/margin-shorthand-003-ref.xht</reference-href>
          <flags>
              <flag>Bitmaps</flag>
              </flags>
        </test><test>
          <test-title>Padding shorthand - Four values application top, left, right, bottom</test-title>
          <test-href>padding-shorthand-004.xht</test-href>
          <reference-value>=</reference-value>
          <reference-href>reference/margin-shorthand-003-ref.xht</reference-href>
          <flags>
              <flag>Bitmaps</flag>
              </flags>
        </test><test>
          <test-title>Padding-top using pixels with a minimum minus one value, -1px</test-title>
          <test-href>padding-top-001.xht</test-href>
          <reference-value>=</reference-value>
          <reference-href>reference/ref-no-vert-space-between.xht</reference-href>
          <flags>
              <flag>Invalid</flag>
              </flags>
        </test><test>
          <test-title>Padding-top using pixels with a minimum value, 0px</test-title>
          <test-href>padding-top-002.xht</test-href>
          <reference-value>=</reference-value>
          <reference-href>reference/ref-no-vert-space-between.xht</reference-href>
          
        </test><test>
          <test-title>Padding-top using pixels with a minimum plus one value, 1px</test-title>
          <test-href>padding-top-003.xht</test-href>
          <reference-value>=</reference-value>
          <reference-href>reference/margin-top-007-ref.xht</reference-href>
          
        </test><test>
          <test-title>Padding-top using pixels with a negative zero value, -0px</test-title>
          <test-href>padding-top-004.xht</test-href>
          <reference-value>=</reference-value>
          <reference-href>reference/ref-no-vert-space-between.xht</reference-href>
          
        </test><test>
          <test-title>Padding-top using pixels with a positive zero value, +0px</test-title>
          <test-href>padding-top-005.xht</test-href>
          <reference-value>=</reference-value>
          <reference-href>reference/ref-no-vert-space-between.xht</reference-href>
          
        </test><test>
          <test-title>Padding-top using pixels with a nominal value, 96px</test-title>
          <test-href>padding-top-006.xht</test-href>
          <reference-value>=</reference-value>
          <reference-href>reference/margin-top-007-ref.xht</reference-href>
          
        </test><test>
          <test-title>Padding-top using pixels with a nominal value with a plus sign, +96px</test-title>
          <test-href>padding-top-007.xht</test-href>
          <reference-value>=</reference-value>
          <reference-href>reference/margin-top-007-ref.xht</reference-href>
          
        </test><test>
          <test-title>Padding-top using points with a minimum minus one value, -1pt</test-title>
          <test-href>padding-top-012.xht</test-href>
          <reference-value>=</reference-value>
          <reference-href>reference/ref-no-vert-space-between.xht</reference-href>
          <flags>
              <flag>Invalid</flag>
              </flags>
        </test><test>
          <test-title>Padding-top using points with a minimum value, 0pt</test-title>
          <test-href>padding-top-013.xht</test-href>
          <reference-value>=</reference-value>
          <reference-href>reference/ref-no-vert-space-between.xht</reference-href>
          
        </test><test>
          <test-title>Padding-top using points with a minimum plus one value, 1pt</test-title>
          <test-href>padding-top-014.xht</test-href>
          <reference-value>=</reference-value>
          <reference-href>reference/margin-top-043-ref.xht</reference-href>
          
        </test><test>
          <test-title>Padding-top using points with a negative zero value, -0pt</test-title>
          <test-href>padding-top-015.xht</test-href>
          <reference-value>=</reference-value>
          <reference-href>reference/ref-no-vert-space-between.xht</reference-href>
          
        </test><test>
          <test-title>Padding-top using points with a positive zero value, +0pt</test-title>
          <test-href>padding-top-016.xht</test-href>
          <reference-value>=</reference-value>
          <reference-href>reference/ref-no-vert-space-between.xht</reference-href>
          
        </test><test>
          <test-title>Padding-top using points with a nominal value, 72pt</test-title>
          <test-href>padding-top-017.xht</test-href>
          <reference-value>=</reference-value>
          <reference-href>reference/margin-top-019-ref.xht</reference-href>
          
        </test><test>
          <test-title>Padding-top using points with a nominal value with a plus sign, +72pt</test-title>
          <test-href>padding-top-018.xht</test-href>
          <reference-value>=</reference-value>
          <reference-href>reference/margin-top-019-ref.xht</reference-href>
          
        </test><test>
          <test-title>Padding-top using picas with a minimum minus one value, -1pc</test-title>
          <test-href>padding-top-023.xht</test-href>
          <reference-value>=</reference-value>
          <reference-href>reference/ref-no-vert-space-between.xht</reference-href>
          <flags>
              <flag>Invalid</flag>
              </flags>
        </test><test>
          <test-title>Padding-top using picas with a minimum value, 0pc</test-title>
          <test-href>padding-top-024.xht</test-href>
          <reference-value>=</reference-value>
          <reference-href>reference/ref-no-vert-space-between.xht</reference-href>
          
        </test><test>
          <test-title>Padding-top using picas with a minimum plus one value, 1pc</test-title>
          <test-href>padding-top-025.xht</test-href>
          <reference-value>=</reference-value>
          <reference-href>reference/margin-top-031-ref.xht</reference-href>
          
        </test><test>
          <test-title>Padding-top using picas with a negative zero value, -0pc</test-title>
          <test-href>padding-top-026.xht</test-href>
          <reference-value>=</reference-value>
          <reference-href>reference/ref-no-vert-space-between.xht</reference-href>
          
        </test><test>
          <test-title>Padding-top using picas with a positive zero value, +0pc</test-title>
          <test-href>padding-top-027.xht</test-href>
          <reference-value>=</reference-value>
          <reference-href>reference/ref-no-vert-space-between.xht</reference-href>
          
        </test><test>
          <test-title>Padding-top using picas with a nominal value, 6pc</test-title>
          <test-href>padding-top-028.xht</test-href>
          <reference-value>=</reference-value>
          <reference-href>reference/margin-top-031-ref.xht</reference-href>
          
        </test><test>
          <test-title>Padding-top using picas with a nominal value with a plus sign, +6pc</test-title>
          <test-href>padding-top-029.xht</test-href>
          <reference-value>=</reference-value>
          <reference-href>reference/margin-top-031-ref.xht</reference-href>
          
        </test><test>
          <test-title>Padding-top using centimeters with a minimum minus one value, -1cm</test-title>
          <test-href>padding-top-034.xht</test-href>
          <reference-value>=</reference-value>
          <reference-href>reference/ref-no-vert-space-between.xht</reference-href>
          <flags>
              <flag>Invalid</flag>
              </flags>
        </test><test>
          <test-title>Padding-top using centimeters with a minimum value, 0cm</test-title>
          <test-href>padding-top-035.xht</test-href>
          <reference-value>=</reference-value>
          <reference-href>reference/ref-no-vert-space-between.xht</reference-href>
          
        </test><test>
          <test-title>Padding-top using centimeters with a negative zero value, -0cm</test-title>
          <test-href>padding-top-037.xht</test-href>
          <reference-value>=</reference-value>
          <reference-href>reference/ref-no-vert-space-between.xht</reference-href>
          
        </test><test>
          <test-title>Padding-top using centimeters with a positive zero value, +0cm</test-title>
          <test-href>padding-top-038.xht</test-href>
          <reference-value>=</reference-value>
          <reference-href>reference/ref-no-vert-space-between.xht</reference-href>
          
        </test><test>
          <test-title>Padding-top using centimeters with a nominal value, 2.54cm</test-title>
          <test-href>padding-top-039.xht</test-href>
          <reference-value>=</reference-value>
          <reference-href>reference/margin-top-043-ref.xht</reference-href>
          
        </test><test>
          <test-title>Padding-top using centimeters with a nominal value with a plus sign, +2.54cm</test-title>
          <test-href>padding-top-040.xht</test-href>
          <reference-value>=</reference-value>
          <reference-href>reference/margin-top-043-ref.xht</reference-href>
          
        </test><test>
          <test-title>Padding-top using millimeters with a minimum minus one value, -1mm</test-title>
          <test-href>padding-top-045.xht</test-href>
          <reference-value>=</reference-value>
          <reference-href>reference/ref-no-vert-space-between.xht</reference-href>
          <flags>
              <flag>Invalid</flag>
              </flags>
        </test><test>
          <test-title>Padding-top using millimeters with a minimum value, 0mm</test-title>
          <test-href>padding-top-046.xht</test-href>
          <reference-value>=</reference-value>
          <reference-href>reference/ref-no-vert-space-between.xht</reference-href>
          
        </test><test>
          <test-title>Padding-top using millimeters with a negative zero value, -0mm</test-title>
          <test-href>padding-top-048.xht</test-href>
          <reference-value>=</reference-value>
          <reference-href>reference/ref-no-vert-space-between.xht</reference-href>
          
        </test><test>
          <test-title>Padding-top using millimeters with a positive zero value, +0mm</test-title>
          <test-href>padding-top-049.xht</test-href>
          <reference-value>=</reference-value>
          <reference-href>reference/ref-no-vert-space-between.xht</reference-href>
          
        </test><test>
          <test-title>Padding-top using millimeters with a nominal value, 25.4mm</test-title>
          <test-href>padding-top-050.xht</test-href>
          <reference-value>=</reference-value>
          <reference-href>reference/margin-top-043-ref.xht</reference-href>
          
        </test><test>
          <test-title>Padding-top using millimeters with a nominal value with a plus sign, +25.4mm</test-title>
          <test-href>padding-top-051.xht</test-href>
          <reference-value>=</reference-value>
          <reference-href>reference/margin-top-043-ref.xht</reference-href>
          
        </test><test>
          <test-title>Padding-top using inches with a minimum minus one value, -1in</test-title>
          <test-href>padding-top-056.xht</test-href>
          <reference-value>=</reference-value>
          <reference-href>reference/ref-no-vert-space-between.xht</reference-href>
          <flags>
              <flag>Invalid</flag>
              </flags>
        </test><test>
          <test-title>Padding-top using inches with a minimum value, 0in</test-title>
          <test-href>padding-top-057.xht</test-href>
          <reference-value>=</reference-value>
          <reference-href>reference/ref-no-vert-space-between.xht</reference-href>
          
        </test><test>
          <test-title>Padding-top using inches with a minimum plus one value, 1in</test-title>
          <test-href>padding-top-058.xht</test-href>
          <reference-value>=</reference-value>
          <reference-href>reference/margin-top-043-ref.xht</reference-href>
          
        </test><test>
          <test-title>Padding-top using inches with a negative zero value, -0in</test-title>
          <test-href>padding-top-059.xht</test-href>
          <reference-value>=</reference-value>
          <reference-href>reference/ref-no-vert-space-between.xht</reference-href>
          
        </test><test>
          <test-title>Padding-top using inches with a positive zero value, +0in</test-title>
          <test-href>padding-top-060.xht</test-href>
          <reference-value>=</reference-value>
          <reference-href>reference/ref-no-vert-space-between.xht</reference-href>
          
        </test><test>
          <test-title>Padding-top using inches with a nominal value, 2in</test-title>
          <test-href>padding-top-061.xht</test-href>
          <reference-value>=</reference-value>
          <reference-href>reference/margin-top-043-ref.xht</reference-href>
          
        </test><test>
          <test-title>Padding-top using inches with a nominal value with a plus sign, +2in</test-title>
          <test-href>padding-top-062.xht</test-href>
          <reference-value>=</reference-value>
          <reference-href>reference/margin-top-043-ref.xht</reference-href>
          
        </test><test>
          <test-title>Padding-top using 'em' units with a minimum minus one value, -1em</test-title>
          <test-href>padding-top-067.xht</test-href>
          <reference-value>=</reference-value>
          <reference-href>reference/ref-no-vert-space-between.xht</reference-href>
          <flags>
              <flag>Ahem</flag><flag>Invalid</flag>
              </flags>
        </test><test>
          <test-title>Padding-top using 'em' units with a minimum value, 0em</test-title>
          <test-href>padding-top-068.xht</test-href>
          <reference-value>=</reference-value>
          <reference-href>reference/ref-no-vert-space-between.xht</reference-href>
          <flags>
              <flag>Ahem</flag>
              </flags>
        </test><test>
          <test-title>Padding-top using 'em' units with a minimum plus one value, 1em</test-title>
          <test-href>padding-top-069.xht</test-href>
          <reference-value>=</reference-value>
          <reference-href>reference/margin-top-079-ref.xht</reference-href>
          <flags>
              <flag>Ahem</flag>
              </flags>
        </test><test>
          <test-title>Padding-top using 'em' units with a negative zero value, -0em</test-title>
          <test-href>padding-top-070.xht</test-href>
          <reference-value>=</reference-value>
          <reference-href>reference/ref-no-vert-space-between.xht</reference-href>
          <flags>
              <flag>Ahem</flag>
              </flags>
        </test><test>
          <test-title>Padding-top using 'em' units with a positive zero value, +0em</test-title>
          <test-href>padding-top-071.xht</test-href>
          <reference-value>=</reference-value>
          <reference-href>reference/ref-no-vert-space-between.xht</reference-href>
          <flags>
              <flag>Ahem</flag>
              </flags>
        </test><test>
          <test-title>Padding-top using 'em' units with a nominal value, 6em</test-title>
          <test-href>padding-top-072.xht</test-href>
          <reference-value>=</reference-value>
          <reference-href>reference/margin-top-079-ref.xht</reference-href>
          <flags>
              <flag>Ahem</flag>
              </flags>
        </test><test>
          <test-title>Padding-top using 'em' units with a nominal value with a plus sign, +6em</test-title>
          <test-href>padding-top-073.xht</test-href>
          <reference-value>=</reference-value>
          <reference-href>reference/margin-top-079-ref.xht</reference-href>
          <flags>
              <flag>Ahem</flag>
              </flags>
        </test><test>
          <test-title>Padding-top using 'ex' units with a minimum minus one value, -1ex</test-title>
          <test-href>padding-top-078.xht</test-href>
          <reference-value>=</reference-value>
          <reference-href>reference/ref-no-vert-space-between.xht</reference-href>
          <flags>
              <flag>Ahem</flag><flag>Invalid</flag>
              </flags>
        </test><test>
          <test-title>Padding-top using 'ex' units with a minimum value, 0ex</test-title>
          <test-href>padding-top-079.xht</test-href>
          <reference-value>=</reference-value>
          <reference-href>reference/ref-no-vert-space-between.xht</reference-href>
          <flags>
              <flag>Ahem</flag>
              </flags>
        </test><test>
          <test-title>Padding-top using 'ex' units with a minimum plus one value, 1ex</test-title>
          <test-href>padding-top-080.xht</test-href>
          <reference-value>=</reference-value>
          <reference-href>reference/margin-top-031-ref.xht</reference-href>
          <flags>
              <flag>Ahem</flag>
              </flags>
        </test><test>
          <test-title>Padding-top using 'ex' units with a negative zero value, -0ex</test-title>
          <test-href>padding-top-081.xht</test-href>
          <reference-value>=</reference-value>
          <reference-href>reference/ref-no-vert-space-between.xht</reference-href>
          <flags>
              <flag>Ahem</flag>
              </flags>
        </test><test>
          <test-title>Padding-top using 'ex' units with a positive zero value, +0ex</test-title>
          <test-href>padding-top-082.xht</test-href>
          <reference-value>=</reference-value>
          <reference-href>reference/ref-no-vert-space-between.xht</reference-href>
          <flags>
              <flag>Ahem</flag>
              </flags>
        </test><test>
          <test-title>Padding-top using 'ex' units with a nominal value, 6ex</test-title>
          <test-href>padding-top-083.xht</test-href>
          <reference-value>=</reference-value>
          <reference-href>reference/margin-top-031-ref.xht</reference-href>
          <flags>
              <flag>Ahem</flag>
              </flags>
        </test><test>
          <test-title>Padding-top using 'ex' units with a nominal value with a plus sign, +6ex</test-title>
          <test-href>padding-top-084.xht</test-href>
          <reference-value>=</reference-value>
          <reference-href>reference/margin-top-031-ref.xht</reference-href>
          <flags>
              <flag>Ahem</flag>
              </flags>
        </test><test>
          <test-title>Padding-top using percentage with a minimum minus one value, -1%</test-title>
          <test-href>padding-top-089.xht</test-href>
          <reference-value>=</reference-value>
          <reference-href>reference/margin-bottom-100-ref.xht</reference-href>
          <flags>
              <flag>Invalid</flag>
              </flags>
        </test><test>
          <test-title>Padding-top using percentage with a minimum value, 0%</test-title>
          <test-href>padding-top-090.xht</test-href>
          <reference-value>=</reference-value>
          <reference-href>reference/margin-bottom-100-ref.xht</reference-href>
          
        </test><test>
          <test-title>Padding-top using percentage with a minimum plus one value, 1%</test-title>
          <test-href>padding-top-091.xht</test-href>
          <reference-value>=</reference-value>
          <reference-href>reference/padding-top-091-ref.xht</reference-href>
          
        </test><test>
          <test-title>Padding-top using percentage with a negative zero value, -0%</test-title>
          <test-href>padding-top-092.xht</test-href>
          <reference-value>=</reference-value>
          <reference-href>reference/margin-bottom-100-ref.xht</reference-href>
          
        </test><test>
          <test-title>Padding-top using percentage with a positive zero value, +0%</test-title>
          <test-href>padding-top-093.xht</test-href>
          <reference-value>=</reference-value>
          <reference-href>reference/margin-bottom-100-ref.xht</reference-href>
          
        </test><test>
          <test-title>Padding-top using percentage with a nominal value, 50%</test-title>
          <test-href>padding-top-094.xht</test-href>
          <reference-value>=</reference-value>
          <reference-href>reference/margin-top-103-ref.xht</reference-href>
          
        </test><test>
          <test-title>Padding-top using percentage with a nominal value with a plus sign, +50%</test-title>
          <test-href>padding-top-095.xht</test-href>
          <reference-value>=</reference-value>
          <reference-href>reference/margin-top-103-ref.xht</reference-href>
          
        </test><test>
          <test-title>Padding-top with a negative zero value and no units, -0</test-title>
          <test-href>padding-top-100.xht</test-href>
          <reference-value>=</reference-value>
          <reference-href>reference/ref-no-vert-space-between.xht</reference-href>
          
        </test><test>
          <test-title>Padding-top with a zero value and no units, 0</test-title>
          <test-href>padding-top-101.xht</test-href>
          <reference-value>=</reference-value>
          <reference-href>reference/ref-no-vert-space-between.xht</reference-href>
          
        </test><test>
          <test-title>Padding-top with a positive zero value and no units, +0</test-title>
          <test-href>padding-top-102.xht</test-href>
          <reference-value>=</reference-value>
          <reference-href>reference/ref-no-vert-space-between.xht</reference-href>
          
        </test><test>
          <test-title>Padding-top using the 'inherit' value</test-title>
          <test-href>padding-top-103.xht</test-href>
          <reference-value>=</reference-value>
          <reference-href>reference/padding-top-103-ref.xht</reference-href>
          
        </test><test>
          <test-title>Padding-top applied to element with display table-row-group</test-title>
          <test-href>padding-top-applies-to-001.xht</test-href>
          <reference-value>=</reference-value>
          <reference-href>reference/margin-top-applies-to-001-ref.xht</reference-href>
          
        </test><test>
          <test-title>Padding-top applied to element with display table-header-group</test-title>
          <test-href>padding-top-applies-to-002.xht</test-href>
          <reference-value>=</reference-value>
          <reference-href>reference/margin-top-applies-to-001-ref.xht</reference-href>
          
        </test><test>
          <test-title>Padding-top applied to element with display table-footer-group</test-title>
          <test-href>padding-top-applies-to-003.xht</test-href>
          <reference-value>=</reference-value>
          <reference-href>reference/margin-top-applies-to-001-ref.xht</reference-href>
          
        </test><test>
          <test-title>Padding-top applied to element with display table-row</test-title>
          <test-href>padding-top-applies-to-004.xht</test-href>
          <reference-value>=</reference-value>
          <reference-href>reference/margin-top-applies-to-001-ref.xht</reference-href>
          
        </test><test>
          <test-title>Padding-top applied to element with display table-column-group</test-title>
          <test-href>padding-top-applies-to-005.xht</test-href>
          <reference-value>=</reference-value>
          <reference-href>reference/margin-top-applies-to-001-ref.xht</reference-href>
          
        </test><test>
          <test-title>Padding-top applied to element with display table-column</test-title>
          <test-href>padding-top-applies-to-006.xht</test-href>
          <reference-value>=</reference-value>
          <reference-href>reference/margin-top-applies-to-001-ref.xht</reference-href>
          
        </test><test>
          <test-title>Padding-top applied to element with display table-cell</test-title>
          <test-href>padding-top-applies-to-007.xht</test-href>
          <reference-value>=</reference-value>
          <reference-href>reference/margin-top-applies-to-012-ref.xht</reference-href>
          
        </test><test>
          <test-title>Padding-top applied to element with display block</test-title>
          <test-href>padding-top-applies-to-009.xht</test-href>
          <reference-value>=</reference-value>
          <reference-href>reference/margin-bottom-applies-to-009-ref.xht</reference-href>
          
        </test><test>
          <test-title>Padding-top applied to element with display inline-block</test-title>
          <test-href>padding-top-applies-to-012.xht</test-href>
          <reference-value>=</reference-value>
          <reference-href>reference/margin-top-applies-to-012-ref.xht</reference-href>
          
        </test><test>
          <test-title>Padding-top applied to element with display table</test-title>
          <test-href>padding-top-applies-to-013.xht</test-href>
          <reference-value>=</reference-value>
          <reference-href>reference/margin-top-applies-to-013-ref.xht</reference-href>
          
        </test><test>
          <test-title>Padding-top applied to element with display inline-table</test-title>
          <test-href>padding-top-applies-to-014.xht</test-href>
          <reference-value>=</reference-value>
          <reference-href>reference/margin-top-applies-to-013-ref.xht</reference-href>
          
        </test><test>
          <test-title>Padding-top applied to element with display table-caption</test-title>
          <test-href>padding-top-applies-to-015.xht</test-href>
          <reference-value>=</reference-value>
          <reference-href>reference/margin-top-applies-to-012-ref.xht</reference-href>
          
        </test><test>
          <test-title>'underline' decoration painting order and descender</test-title>
          <test-href>painting-order-underline-001.xht</test-href>
          <reference-value>=</reference-value>
          <reference-href>reference/painting-order-underline-001-ref.xht</reference-href>
          <flags>
              <flag>Ahem</flag>
              </flags>
        </test><test>
          <test-title>Parsing 'position'</test-title>
          <test-href>position-006.xht</test-href>
          <reference-value>=</reference-value>
          <reference-href>reference/position-006-ref.xht</reference-href>
          <flags>
              <flag>Invalid</flag>
              </flags>
        </test><test>
          <test-title>Absolute positions impact on later siblings</test-title>
          <test-href>position-absolute-001.xht</test-href>
          <reference-value>=</reference-value>
          <reference-href>reference/ref-filled-green-100px-square.xht</reference-href>
          
        </test><test>
          <test-title>Position absolute size and positioning</test-title>
          <test-href>position-absolute-002.xht</test-href>
          <reference-value>=</reference-value>
          <reference-href>reference/position-absolute-002-ref.xht</reference-href>
          
        </test><test>
          <test-title>Absolute position element taken out of flow</test-title>
          <test-href>position-absolute-003.xht</test-href>
          <reference-value>=</reference-value>
          <reference-href>reference/ref-filled-green-100px-square.xht</reference-href>
          
        </test><test>
          <test-title>Absolutely positioned elements establishes a new containing block for normal flow children</test-title>
          <test-href>position-absolute-004.xht</test-href>
          <reference-value>=</reference-value>
          <reference-href>reference/position-absolute-004-ref.xht</reference-href>
          
        </test><test>
          <test-title>Absolutely positioned elements establishes a new containing block for absolutely positioned children</test-title>
          <test-href>position-absolute-006.xht</test-href>
          <reference-value>=</reference-value>
          <reference-href>reference/position-absolute-004-ref.xht</reference-href>
          
        </test><test>
          <test-title>Absolutely positioned elements child behavior</test-title>
          <test-href>position-absolute-007.xht</test-href>
          <reference-value>=</reference-value>
          <reference-href>reference/position-absolute-007-ref.xht</reference-href>
          
        </test><test>
          <test-title>Float is computed to 'none' when element is absolutely positioned</test-title>
          <test-href>position-absolute-008.xht</test-href>
          <reference-value>=</reference-value>
          <reference-href>reference/ref-filled-green-100px-square.xht</reference-href>
          
        </test><test>
          <test-title>Float is computed to 'none' when element is absolutely positioned</test-title>
          <test-href>position-absolute-008a.xht</test-href>
          <reference-value>=</reference-value>
          <reference-href>reference/ref-filled-green-100px-square.xht</reference-href>
          
        </test><test>
          <test-title>position absolute - dimensions and position given by offset percentages and inherit</test-title>
          <test-href>position-absolute-percentage-inherit-001.xht</test-href>
          <reference-value>=</reference-value>
          <reference-href>reference/position-absolute-percentage-inherit-001-ref.xht</reference-href>
          
        </test><test>
          <test-title>Position applied to element with 'display' set to 'table-row-group'</test-title>
          <test-href>position-applies-to-001.xht</test-href>
          <reference-value>=</reference-value>
          <reference-href>reference/bottom-applies-to-001-ref.xht</reference-href>
          
        </test><test>
          <test-title>Position applied to element with 'display' set to 'table-header-group'</test-title>
          <test-href>position-applies-to-002.xht</test-href>
          <reference-value>=</reference-value>
          <reference-href>reference/bottom-applies-to-001-ref.xht</reference-href>
          
        </test><test>
          <test-title>Position applied to element with 'display' set to 'table-footer-group'</test-title>
          <test-href>position-applies-to-003.xht</test-href>
          <reference-value>=</reference-value>
          <reference-href>reference/bottom-applies-to-001-ref.xht</reference-href>
          
        </test><test>
          <test-title>Position applied to element with 'display' set to 'table-row'</test-title>
          <test-href>position-applies-to-004.xht</test-href>
          <reference-value>=</reference-value>
          <reference-href>reference/bottom-applies-to-001-ref.xht</reference-href>
          
        </test><test>
          <test-title>Position applied to element with 'display' set to 'table-column-group'</test-title>
          <test-href>position-applies-to-005.xht</test-href>
          <reference-value>=</reference-value>
          <reference-href>reference/bottom-applies-to-001-ref.xht</reference-href>
          
        </test><test>
          <test-title>Position applied to element with 'display' set to 'table-column'</test-title>
          <test-href>position-applies-to-006.xht</test-href>
          <reference-value>=</reference-value>
          <reference-href>reference/bottom-applies-to-001-ref.xht</reference-href>
          
        </test><test>
          <test-title>Position applied to element with 'display' set to 'table-cell'</test-title>
          <test-href>position-applies-to-007.xht</test-href>
          <reference-value>=</reference-value>
          <reference-href>reference/bottom-applies-to-001-ref.xht</reference-href>
          
        </test><test>
          <test-title>Position applied to element with 'display' set to block</test-title>
          <test-href>position-applies-to-009.xht</test-href>
          <reference-value>=</reference-value>
          <reference-href>reference/bottom-applies-to-001-ref.xht</reference-href>
          
        </test><test>
          <test-title>Position applied to element with 'display' set to inline-block</test-title>
          <test-href>position-applies-to-012.xht</test-href>
          <reference-value>=</reference-value>
          <reference-href>reference/bottom-applies-to-001-ref.xht</reference-href>
          
        </test><test>
          <test-title>Position applied to element with 'display' set to 'table'</test-title>
          <test-href>position-applies-to-013.xht</test-href>
          <reference-value>=</reference-value>
          <reference-href>reference/bottom-applies-to-001-ref.xht</reference-href>
          
        </test><test>
          <test-title>Position applied to element with 'display' set to 'inline-table'</test-title>
          <test-href>position-applies-to-014.xht</test-href>
          <reference-value>=</reference-value>
          <reference-href>reference/bottom-applies-to-001-ref.xht</reference-href>
          
        </test><test>
          <test-title>Position applied to element with 'display' set to 'table-caption'</test-title>
          <test-href>position-applies-to-015.xht</test-href>
          <reference-value>=</reference-value>
          <reference-href>reference/bottom-applies-to-001-ref.xht</reference-href>
          
        </test><test>
          <test-title>Fixed position elements impact on later siblings</test-title>
          <test-href>position-fixed-001.xht</test-href>
          <reference-value>=</reference-value>
          <reference-href>reference/ref-filled-green-100px-square.xht</reference-href>
          
        </test><test>
          <test-title>Float is computed to 'none' when element is fixed positioned</test-title>
          <test-href>position-fixed-007.xht</test-href>
          <reference-value>=</reference-value>
          <reference-href>reference/position-fixed-007-ref.xht</reference-href>
          
        </test><test>
          <test-title>Relative positioning and normal flow</test-title>
          <test-href>position-relative-001.xht</test-href>
          <reference-value>=</reference-value>
          <reference-href>reference/position-relative-001-ref.xht</reference-href>
          
        </test><test>
          <test-title>Relative positioning with auto</test-title>
          <test-href>position-relative-003.xht</test-href>
          <reference-value>=</reference-value>
          <reference-href>reference/position-relative-003-ref.xht</reference-href>
          
        </test><test>
          <test-title>Relative positioning dimensions</test-title>
          <test-href>position-relative-004.xht</test-href>
          <reference-value>=</reference-value>
          <reference-href>reference/position-relative-004-ref.xht</reference-href>
          
        </test><test>
          <test-title>Relative positioning with left</test-title>
          <test-href>position-relative-005.xht</test-href>
          <reference-value>=</reference-value>
          <reference-href>reference/position-relative-005-ref.xht</reference-href>
          
        </test><test>
          <test-title>Relative positioning with right</test-title>
          <test-href>position-relative-006.xht</test-href>
          <reference-value>=</reference-value>
          <reference-href>reference/position-relative-005-ref.xht</reference-href>
          
        </test><test>
          <test-title>Relative positioning with 'left' set and 'right' 'auto'</test-title>
          <test-href>position-relative-007.xht</test-href>
          <reference-value>=</reference-value>
          <reference-href>reference/position-relative-005-ref.xht</reference-href>
          
        </test><test>
          <test-title>Over-constrained situation with position 'left' property</test-title>
          <test-href>position-relative-009.xht</test-href>
          <reference-value>=</reference-value>
          <reference-href>reference/position-relative-005-ref.xht</reference-href>
          
        </test><test>
          <test-title>Over-constrained situation with position 'right' property</test-title>
          <test-href>position-relative-010.xht</test-href>
          <reference-value>=</reference-value>
          <reference-href>reference/position-relative-005-ref.xht</reference-href>
          
        </test><test>
          <test-title>Relative positioning with top and bottom do not change element dimensions</test-title>
          <test-href>position-relative-013.xht</test-href>
          <reference-value>=</reference-value>
          <reference-href>reference/ref-filled-green-100px-square.xht</reference-href>
          
        </test><test>
          <test-title>Relative positioning with top</test-title>
          <test-href>position-relative-014.xht</test-href>
          <reference-value>=</reference-value>
          <reference-href>reference/position-relative-014-ref.xht</reference-href>
          
        </test><test>
          <test-title>Relative positioning with bottom</test-title>
          <test-href>position-relative-015.xht</test-href>
          <reference-value>=</reference-value>
          <reference-href>reference/position-relative-014-ref.xht</reference-href>
          
        </test><test>
          <test-title>Relative positioning and computed top/bottom values</test-title>
          <test-href>position-relative-016.xht</test-href>
          <reference-value>=</reference-value>
          <reference-href>reference/position-relative-016-ref.xht</reference-href>
          
        </test><test>
          <test-title>Relative positioning and computed 'top'/'bottom' set to 'auto'</test-title>
          <test-href>position-relative-017.xht</test-href>
          <reference-value>=</reference-value>
          <reference-href>reference/position-relative-014-ref.xht</reference-href>
          
        </test><test>
          <test-title>Relative positioning and computed values when 'bottom' is set to 'auto'</test-title>
          <test-href>position-relative-018.xht</test-href>
          <reference-value>=</reference-value>
          <reference-href>reference/position-relative-018-ref.xht</reference-href>
          
        </test><test>
          <test-title>Relative positioning 'bottom' ignored if 'top' and 'bottom' are both not 'auto'</test-title>
          <test-href>position-relative-019.xht</test-href>
          <reference-value>=</reference-value>
          <reference-href>reference/position-relative-014-ref.xht</reference-href>
          
        </test><test>
          <test-title>Relatively positioned elements with auto positioning with anonymous boxes before and after</test-title>
          <test-href>position-relative-027.xht</test-href>
          <reference-value>=</reference-value>
          <reference-href>reference/position-relative-027-ref.xht</reference-href>
          
        </test><test>
          <test-title>Relatively positioned elements with auto positioning with anonymous boxes after</test-title>
          <test-href>position-relative-028.xht</test-href>
          <reference-value>=</reference-value>
          <reference-href>reference/position-relative-028-ref.xht</reference-href>
          
        </test><test>
          <test-title>Relatively positioned elements with auto positioning with inline box after</test-title>
          <test-href>position-relative-029.xht</test-href>
          <reference-value>=</reference-value>
          <reference-href>reference/position-relative-028-ref.xht</reference-href>
          
        </test><test>
          <test-title>Relatively positioned elements with auto positioning with anonymous boxes before and after with trailing inline</test-title>
          <test-href>position-relative-030.xht</test-href>
          <reference-value>=</reference-value>
          <reference-href>reference/position-relative-030-ref.xht</reference-href>
          
        </test><test>
          <test-title>Relatively positioned elements with auto positioning with an inline element before, anonymous boxes, and inline boxes after</test-title>
          <test-href>position-relative-031.xht</test-href>
          <reference-value>=</reference-value>
          <reference-href>reference/position-relative-031-ref.xht</reference-href>
          
        </test><test>
          <test-title>Relatively positioned box has no impact on boxes which follow</test-title>
          <test-href>position-relative-032.xht</test-href>
          <reference-value>=</reference-value>
          <reference-href>reference/position-relative-032-ref.xht</reference-href>
          
        </test><test>
          <test-title>Relatively positioned box has no impact on boxes which follow and boxes may overlap</test-title>
          <test-href>position-relative-033.xht</test-href>
          <reference-value>=</reference-value>
          <reference-href>reference/position-relative-033-ref.xht</reference-href>
          <flags>
              <flag>Ahem</flag><flag>Optional</flag>
              </flags>
        </test><test>
          <test-title>Relatively positioned boxes preserve the space created for it in flow</test-title>
          <test-href>position-relative-035.xht</test-href>
          <reference-value>=</reference-value>
          <reference-href>reference/position-relative-035-ref.xht</reference-href>
          
        </test><test>
          <test-title>Relative positioning with over-constained situation and direction left-to-right</test-title>
          <test-href>position-relative-037.xht</test-href>
          <reference-value>=</reference-value>
          <reference-href>reference/position-relative-037-ref.xht</reference-href>
          
        </test><test>
          <test-title>Relative positioning with over-constained situation and direction right-to-left</test-title>
          <test-href>position-relative-038.xht</test-href>
          <reference-value>=</reference-value>
          <reference-href>reference/position-relative-038-ref.xht</reference-href>
          
        </test><test>
          <test-title>Vertical centering with negative and positive top positioning</test-title>
          <test-href>position-relative-nested-001.xht</test-href>
          <reference-value>=</reference-value>
          <reference-href>reference/position-relative-nested-001-ref.xht</reference-href>
          
        </test><test>
          <test-title>Content laid out in normal flow when 'position' is set to 'static'</test-title>
          <test-href>position-static-001.xht</test-href>
          <reference-value>=</reference-value>
          <reference-href>reference/position-static-001-ref.xht</reference-href>
          
        </test><test>
          <test-title>Positioning a left floated element</test-title>
          <test-href>positioning-float-001.xht</test-href>
          <reference-value>=</reference-value>
          <reference-href>reference/positioning-float-001-ref.xht</reference-href>
          
        </test><test>
          <test-title>Positioning a right floated element</test-title>
          <test-href>positioning-float-002.xht</test-href>
          <reference-value>=</reference-value>
          <reference-href>reference/positioning-float-002-ref.xht</reference-href>
          
        </test><test>
          <test-title>Pseudo elements before simple selector</test-title>
          <test-href>pseudo-001.xht</test-href>
          <reference-value>=</reference-value>
          <reference-href>reference/no-red-filler-text-ref.xht</reference-href>
          
        </test><test>
          <test-title>First-line pseudo-element case sensitivity</test-title>
          <test-href>pseudo-002.xht</test-href>
          <reference-value>=</reference-value>
          <reference-href>reference/filler-text-below-green.xht</reference-href>
          
        </test><test>
          <test-title>Pseudo elements before attribute selector</test-title>
          <test-href>pseudo-014.xht</test-href>
          <reference-value>=</reference-value>
          <reference-href>reference/no-red-filler-text-ref.xht</reference-href>
          
        </test><test>
          <test-title>Pseudo elements before child selector</test-title>
          <test-href>pseudo-015.xht</test-href>
          <reference-value>=</reference-value>
          <reference-href>reference/no-red-filler-text-ref.xht</reference-href>
          
        </test><test>
          <test-title>Pseudo elements not the last (invalid) - Sibling selector</test-title>
          <test-href>pseudo-016.xht</test-href>
          <reference-value>=</reference-value>
          <reference-href>reference/no-red-filler-text-ref.xht</reference-href>
          
        </test><test>
          <test-title>Parsing single quoted property keywords</test-title>
          <test-href>quoted-keywords-001.xht</test-href>
          <reference-value>=</reference-value>
          <reference-href>reference/no-red-filler-text-ref.xht</reference-href>
          <flags>
              <flag>Invalid</flag>
              </flags>
        </test><test>
          <test-title>Parsing double quoted value keywords</test-title>
          <test-href>quoted-keywords-002.xht</test-href>
          <reference-value>=</reference-value>
          <reference-href>reference/no-red-filler-text-ref.xht</reference-href>
          <flags>
              <flag>Invalid</flag>
              </flags>
        </test><test>
          <test-title>Parsing of single quotes inside double quotes</test-title>
          <test-href>quoted-string-001.xht</test-href>
          <reference-value>=</reference-value>
          <reference-href>reference/quoted-string-001-ref.xht</reference-href>
          
        </test><test>
          <test-title>Parsing of double quotes inside single quotes</test-title>
          <test-href>quoted-string-002.xht</test-href>
          <reference-value>=</reference-value>
          <reference-href>reference/quoted-string-002-ref.xht</reference-href>
          
        </test><test>
          <test-title>Parsing of escaped quotes (single within single)</test-title>
          <test-href>quoted-string-003.xht</test-href>
          <reference-value>=</reference-value>
          <reference-href>reference/quoted-string-001-ref.xht</reference-href>
          
        </test><test>
          <test-title>Parsing of escaped double quotes</test-title>
          <test-href>quoted-string-004.xht</test-href>
          <reference-value>=</reference-value>
          <reference-href>reference/quoted-string-002-ref.xht</reference-href>
          
        </test><test>
          <test-title>CSS and Quotes: Counting Right (Slightly Simpler Version)</test-title>
          <test-href>quotes-035.xht</test-href>
          <reference-value>=</reference-value>
          <reference-href>reference/quotes-035-ref.xht</reference-href>
          <flags>
              <flag>Recommend</flag>
              </flags>
        </test><test>
          <test-title>CSS and Quotes: Counting Right (Slightly Simpler Version)</test-title>
          <test-href>quotes-035a.xht</test-href>
          <reference-value>=</reference-value>
          <reference-href>reference/quotes-035-ref.xht</reference-href>
          
        </test><test>
          <test-title>CSS and Quotes: Counting Right (Evil Version)</test-title>
          <test-href>quotes-036.xht</test-href>
          <reference-value>=</reference-value>
          <reference-href>reference/quotes-035-ref.xht</reference-href>
          <flags>
              <flag>Optional</flag>
              </flags>
        </test><test>
          <test-title>Relative Positioning - auto top = -bottom</test-title>
          <test-href>relpos-calcs-001.xht</test-href>
          <reference-value>=</reference-value>
          <reference-href>reference/relpos-calcs-001-ref.xht</reference-href>
          
        </test><test>
          <test-title>Relative Positioning - auto bottom = -top</test-title>
          <test-href>relpos-calcs-002.xht</test-href>
          <reference-value>=</reference-value>
          <reference-href>reference/relpos-calcs-001-ref.xht</reference-href>
          
        </test><test>
          <test-title>Relative Positioning - Computing auto left = -right</test-title>
          <test-href>relpos-calcs-003.xht</test-href>
          <reference-value>=</reference-value>
          <reference-href>reference/relpos-calcs-001-ref.xht</reference-href>
          
        </test><test>
          <test-title>Relative Positioning - auto right = -left</test-title>
          <test-href>relpos-calcs-004.xht</test-href>
          <reference-value>=</reference-value>
          <reference-href>reference/relpos-calcs-001-ref.xht</reference-href>
          
        </test><test>
          <test-title>Relative Positioning - overconstrained left = -right (LTR)</test-title>
          <test-href>relpos-calcs-005.xht</test-href>
          <reference-value>=</reference-value>
          <reference-href>reference/relpos-calcs-001-ref.xht</reference-href>
          
        </test><test>
          <test-title>Relative Positioning - overconstrained left = -right (RTL)</test-title>
          <test-href>relpos-calcs-006.xht</test-href>
          <reference-value>=</reference-value>
          <reference-href>reference/relpos-calcs-001-ref.xht</reference-href>
          
        </test><test>
          <test-title>Relative Positioning - overconstrained top = -bottom</test-title>
          <test-href>relpos-calcs-007.xht</test-href>
          <reference-value>=</reference-value>
          <reference-href>reference/relpos-calcs-001-ref.xht</reference-href>
          
        </test><test>
          <test-title>CSS 2.1 replaced element sizing</test-title>
          <test-href>replaced-elements-all-auto.xht</test-href>
          <reference-value>=</reference-value>
          <reference-href>reference/replaced-elements-all-auto-ref.xht</reference-href>
          <flags>
              <flag>Recommend</flag>
              </flags>
        </test><test>
          <test-title>CSS 2.1 replaced element sizing</test-title>
          <test-href>replaced-elements-height-20.xht</test-href>
          <reference-value>=</reference-value>
          <reference-href>reference/replaced-elements-height-20-ref.xht</reference-href>
          <flags>
              <flag>Recommend</flag>
              </flags>
        </test><test>
          <test-title>CSS 2.1 replaced element sizing</test-title>
          <test-href>replaced-elements-max-height-20.xht</test-href>
          <reference-value>=</reference-value>
          <reference-href>reference/replaced-elements-height-20-ref.xht</reference-href>
          <flags>
              <flag>Recommend</flag>
              </flags>
        </test><test>
          <test-title>CSS 2.1 replaced element sizing</test-title>
          <test-href>replaced-elements-max-width-40.xht</test-href>
          <reference-value>=</reference-value>
          <reference-href>reference/replaced-elements-width-40-ref.xht</reference-href>
          <flags>
              <flag>Recommend</flag>
              </flags>
        </test><test>
          <test-title>CSS 2.1 replaced element sizing</test-title>
          <test-href>replaced-elements-min-height-20.xht</test-href>
          <reference-value>=</reference-value>
          <reference-href>reference/replaced-elements-all-auto-ref.xht</reference-href>
          <flags>
              <flag>Recommend</flag>
              </flags>
        </test><test>
          <test-title>CSS 2.1 replaced element sizing</test-title>
          <test-href>replaced-elements-min-height-40.xht</test-href>
          <reference-value>=</reference-value>
          <reference-href>reference/replaced-elements-min-height-40-ref.xht</reference-href>
          <flags>
              <flag>Recommend</flag>
              </flags>
        </test><test>
          <test-title>CSS 2.1 replaced element sizing</test-title>
          <test-href>replaced-elements-min-width-40.xht</test-href>
          <reference-value>=</reference-value>
          <reference-href>reference/replaced-elements-all-auto-ref.xht</reference-href>
          <flags>
              <flag>Recommend</flag>
              </flags>
        </test><test>
          <test-title>CSS 2.1 replaced element sizing</test-title>
          <test-href>replaced-elements-min-width-80.xht</test-href>
          <reference-value>=</reference-value>
          <reference-href>reference/replaced-elements-min-width-80-ref.xht</reference-href>
          <flags>
              <flag>Recommend</flag>
              </flags>
        </test><test>
          <test-title>CSS 2.1 replaced element sizing</test-title>
          <test-href>replaced-elements-width-40.xht</test-href>
          <reference-value>=</reference-value>
          <reference-href>reference/replaced-elements-width-40-ref.xht</reference-href>
          <flags>
              <flag>Recommend</flag>
              </flags>
        </test><test>
          <test-title>Replaced inline elements (using &lt;object&gt;) and SVG intrinsic widths</test-title>
          <test-href>replaced-intrinsic-001.xht</test-href>
          <reference-value>=</reference-value>
          <reference-href>reference/replaced-intrinsic-001-ref.xht</reference-href>
          <flags>
              <flag>SVG</flag>
              </flags>
        </test><test>
          <test-title>Replaced inline elements (using &lt;object&gt;) and SVG intrinsic widths (negative test equivalent of 001)</test-title>
          <test-href>replaced-intrinsic-002.xht</test-href>
          <reference-value>=</reference-value>
          <reference-href>reference/replaced-intrinsic-002-ref.xht</reference-href>
          <flags>
              <flag>SVG</flag>
              </flags>
        </test><test>
          <test-title>Replaced block elements (using &lt;object&gt;) and SVG intrinsic widths</test-title>
          <test-href>replaced-intrinsic-003.xht</test-href>
          <reference-value>=</reference-value>
          <reference-href>reference/replaced-intrinsic-003-ref.xht</reference-href>
          <flags>
              <flag>Bitmaps</flag><flag>SVG</flag>
              </flags>
        </test><test>
          <test-title>Auto Intrinsic Sizes: Intrinsic Height Only and Specified Width</test-title>
          <test-href>replaced-intrinsic-004.xht</test-href>
          <reference-value>=</reference-value>
          <reference-href>reference/ref-filled-green-100px-square.xht</reference-href>
          <flags>
              <flag>SVG</flag>
              </flags>
        </test><test>
          <test-title>Auto Intrinsic Sizes: Intrinsic Width Only and Auto Height</test-title>
          <test-href>replaced-intrinsic-005.xht</test-href>
          <reference-value>=</reference-value>
          <reference-href>reference/replaced-intrinsic-005-ref.xht</reference-href>
          <flags>
              <flag>SVG</flag>
              </flags>
        </test><test>
          <test-title>Right using pixels with a value of negative zero, -0px</test-title>
          <test-href>right-004.xht</test-href>
          <reference-value>=</reference-value>
          <reference-href>reference/right-004-ref.xht</reference-href>
          
        </test><test>
          <test-title>Right using pixels with a value of zero, 0px</test-title>
          <test-href>right-005.xht</test-href>
          <reference-value>=</reference-value>
          <reference-href>reference/right-004-ref.xht</reference-href>
          
        </test><test>
          <test-title>Right using pixels with a value of positive zero, +0px</test-title>
          <test-href>right-006.xht</test-href>
          <reference-value>=</reference-value>
          <reference-href>reference/right-004-ref.xht</reference-href>
          
        </test><test>
          <test-title>Right using pixels with a nominal value, 96px</test-title>
          <test-href>right-007.xht</test-href>
          <reference-value>=</reference-value>
          <reference-href>reference/right-007-ref.xht</reference-href>
          
        </test><test>
          <test-title>Right using pixels with a positive nominal value, +96px</test-title>
          <test-href>right-008.xht</test-href>
          <reference-value>=</reference-value>
          <reference-href>reference/right-007-ref.xht</reference-href>
          
        </test><test>
          <test-title>Right using points with a value of negative zero, -0pt</test-title>
          <test-href>right-016.xht</test-href>
          <reference-value>=</reference-value>
          <reference-href>reference/right-004-ref.xht</reference-href>
          
        </test><test>
          <test-title>Right using points with a value of zero, 0pt</test-title>
          <test-href>right-017.xht</test-href>
          <reference-value>=</reference-value>
          <reference-href>reference/right-004-ref.xht</reference-href>
          
        </test><test>
          <test-title>Right using points with a value of positive zero, +0pt</test-title>
          <test-href>right-018.xht</test-href>
          <reference-value>=</reference-value>
          <reference-href>reference/right-004-ref.xht</reference-href>
          
        </test><test>
          <test-title>Right using points with a nominal value, 72pt</test-title>
          <test-href>right-019.xht</test-href>
          <reference-value>=</reference-value>
          <reference-href>reference/right-019-ref.xht</reference-href>
          
        </test><test>
          <test-title>Right using points with a positive nominal value, +72pt</test-title>
          <test-href>right-020.xht</test-href>
          <reference-value>=</reference-value>
          <reference-href>reference/right-019-ref.xht</reference-href>
          
        </test><test>
          <test-title>Right using picas with a value of negative zero, -0pc</test-title>
          <test-href>right-028.xht</test-href>
          <reference-value>=</reference-value>
          <reference-href>reference/right-004-ref.xht</reference-href>
          
        </test><test>
          <test-title>Right using picas with a value of zero, 0pc</test-title>
          <test-href>right-029.xht</test-href>
          <reference-value>=</reference-value>
          <reference-href>reference/right-004-ref.xht</reference-href>
          
        </test><test>
          <test-title>Right using picas with a value of positive zero, +0pc</test-title>
          <test-href>right-030.xht</test-href>
          <reference-value>=</reference-value>
          <reference-href>reference/right-004-ref.xht</reference-href>
          
        </test><test>
          <test-title>Right using picas with a nominal value, 6pc</test-title>
          <test-href>right-031.xht</test-href>
          <reference-value>=</reference-value>
          <reference-href>reference/right-031-ref.xht</reference-href>
          
        </test><test>
          <test-title>Right using picas with a positive nominal value, +6pc</test-title>
          <test-href>right-032.xht</test-href>
          <reference-value>=</reference-value>
          <reference-href>reference/right-031-ref.xht</reference-href>
          
        </test><test>
          <test-title>Right using centimeters with a value of negative zero, -0cm</test-title>
          <test-href>right-040.xht</test-href>
          <reference-value>=</reference-value>
          <reference-href>reference/right-004-ref.xht</reference-href>
          
        </test><test>
          <test-title>Right using centimeters with a value of zero, 0cm</test-title>
          <test-href>right-041.xht</test-href>
          <reference-value>=</reference-value>
          <reference-href>reference/right-004-ref.xht</reference-href>
          
        </test><test>
          <test-title>Right using centimeters with a value of positive zero, +0cm</test-title>
          <test-href>right-042.xht</test-href>
          <reference-value>=</reference-value>
          <reference-href>reference/right-004-ref.xht</reference-href>
          
        </test><test>
          <test-title>Right using centimeters with a nominal value, 2.54cm</test-title>
          <test-href>right-043.xht</test-href>
          <reference-value>=</reference-value>
          <reference-href>reference/right-019-ref.xht</reference-href>
          
        </test><test>
          <test-title>Right using centimeters with a positive nominal value, +2.54cm</test-title>
          <test-href>right-044.xht</test-href>
          <reference-value>=</reference-value>
          <reference-href>reference/right-019-ref.xht</reference-href>
          
        </test><test>
          <test-title>Right using millimeters with a value of negative zero, -0mm</test-title>
          <test-href>right-052.xht</test-href>
          <reference-value>=</reference-value>
          <reference-href>reference/right-004-ref.xht</reference-href>
          
        </test><test>
          <test-title>Right using millimeters with a value of zero, 0mm</test-title>
          <test-href>right-053.xht</test-href>
          <reference-value>=</reference-value>
          <reference-href>reference/right-004-ref.xht</reference-href>
          
        </test><test>
          <test-title>Right using millimeters with a value of positive zero, +0mm</test-title>
          <test-href>right-054.xht</test-href>
          <reference-value>=</reference-value>
          <reference-href>reference/right-004-ref.xht</reference-href>
          
        </test><test>
          <test-title>Right using millimeters with a nominal value, 25.4mm</test-title>
          <test-href>right-055.xht</test-href>
          <reference-value>=</reference-value>
          <reference-href>reference/right-019-ref.xht</reference-href>
          
        </test><test>
          <test-title>Right using millimeters with a positive nominal value, +25.4mm</test-title>
          <test-href>right-056.xht</test-href>
          <reference-value>=</reference-value>
          <reference-href>reference/right-019-ref.xht</reference-href>
          
        </test><test>
          <test-title>Right using inches with a value of negative zero, -0in</test-title>
          <test-href>right-064.xht</test-href>
          <reference-value>=</reference-value>
          <reference-href>reference/right-004-ref.xht</reference-href>
          
        </test><test>
          <test-title>Right using inches with a value of zero, 0in</test-title>
          <test-href>right-065.xht</test-href>
          <reference-value>=</reference-value>
          <reference-href>reference/right-004-ref.xht</reference-href>
          
        </test><test>
          <test-title>Right using inches with a value of positive zero, +0in</test-title>
          <test-href>right-066.xht</test-href>
          <reference-value>=</reference-value>
          <reference-href>reference/right-004-ref.xht</reference-href>
          
        </test><test>
          <test-title>Right using inches with a nominal value, 1in</test-title>
          <test-href>right-067.xht</test-href>
          <reference-value>=</reference-value>
          <reference-href>reference/right-019-ref.xht</reference-href>
          
        </test><test>
          <test-title>Right using inches with a positive nominal value, +1in</test-title>
          <test-href>right-068.xht</test-href>
          <reference-value>=</reference-value>
          <reference-href>reference/right-019-ref.xht</reference-href>
          
        </test><test>
          <test-title>Right using 'em' units with a value of negative zero, -0em</test-title>
          <test-href>right-076.xht</test-href>
          <reference-value>=</reference-value>
          <reference-href>reference/right-004-ref.xht</reference-href>
          <flags>
              <flag>Ahem</flag>
              </flags>
        </test><test>
          <test-title>Right using 'em' units with a value of zero, 0em</test-title>
          <test-href>right-077.xht</test-href>
          <reference-value>=</reference-value>
          <reference-href>reference/right-004-ref.xht</reference-href>
          <flags>
              <flag>Ahem</flag>
              </flags>
        </test><test>
          <test-title>Right using 'em' units with a value of positive zero, +0em</test-title>
          <test-href>right-078.xht</test-href>
          <reference-value>=</reference-value>
          <reference-href>reference/right-004-ref.xht</reference-href>
          <flags>
              <flag>Ahem</flag>
              </flags>
        </test><test>
          <test-title>Right using 'em' units with a nominal value, 6em</test-title>
          <test-href>right-079.xht</test-href>
          <reference-value>=</reference-value>
          <reference-href>reference/right-079-ref.xht</reference-href>
          <flags>
              <flag>Ahem</flag>
              </flags>
        </test><test>
          <test-title>Right using 'em' units with a positive nominal value, +6em</test-title>
          <test-href>right-080.xht</test-href>
          <reference-value>=</reference-value>
          <reference-href>reference/right-079-ref.xht</reference-href>
          <flags>
              <flag>Ahem</flag>
              </flags>
        </test><test>
          <test-title>Right using 'ex' units with a value of negative zero, -0ex</test-title>
          <test-href>right-088.xht</test-href>
          <reference-value>=</reference-value>
          <reference-href>reference/right-004-ref.xht</reference-href>
          <flags>
              <flag>Ahem</flag>
              </flags>
        </test><test>
          <test-title>Right using 'ex' units with a value of zero, 0ex</test-title>
          <test-href>right-089.xht</test-href>
          <reference-value>=</reference-value>
          <reference-href>reference/right-004-ref.xht</reference-href>
          <flags>
              <flag>Ahem</flag>
              </flags>
        </test><test>
          <test-title>Right using 'ex' units with a value of positive zero, +0ex</test-title>
          <test-href>right-090.xht</test-href>
          <reference-value>=</reference-value>
          <reference-href>reference/right-004-ref.xht</reference-href>
          <flags>
              <flag>Ahem</flag>
              </flags>
        </test><test>
          <test-title>Right using 'ex' units with a nominal value, 7.5ex</test-title>
          <test-href>right-091.xht</test-href>
          <reference-value>=</reference-value>
          <reference-href>reference/right-019-ref.xht</reference-href>
          <flags>
              <flag>Ahem</flag>
              </flags>
        </test><test>
          <test-title>Right using 'ex' units with a positive nominal value, +7.5ex</test-title>
          <test-href>right-092.xht</test-href>
          <reference-value>=</reference-value>
          <reference-href>reference/right-019-ref.xht</reference-href>
          <flags>
              <flag>Ahem</flag>
              </flags>
        </test><test>
          <test-title>Right using percentages with a value of negative zero, -0%</test-title>
          <test-href>right-100.xht</test-href>
          <reference-value>=</reference-value>
          <reference-href>reference/right-100-ref.xht</reference-href>
          
        </test><test>
          <test-title>Right using percentages with a value of zero, 0%</test-title>
          <test-href>right-101.xht</test-href>
          <reference-value>=</reference-value>
          <reference-href>reference/right-100-ref.xht</reference-href>
          
        </test><test>
          <test-title>Right using percentages with a value of positive zero, +0%</test-title>
          <test-href>right-102.xht</test-href>
          <reference-value>=</reference-value>
          <reference-href>reference/right-100-ref.xht</reference-href>
          
        </test><test>
          <test-title>Right using percentages with a nominal value, 100%</test-title>
          <test-href>right-103.xht</test-href>
          <reference-value>=</reference-value>
          <reference-href>reference/right-103-ref.xht</reference-href>
          
        </test><test>
          <test-title>Right using percentages with a positive nominal value, +100%</test-title>
          <test-href>right-104.xht</test-href>
          <reference-value>=</reference-value>
          <reference-href>reference/right-103-ref.xht</reference-href>
          
        </test><test>
          <test-title>Right with a value of negative zero and no units, -0</test-title>
          <test-href>right-109.xht</test-href>
          <reference-value>=</reference-value>
          <reference-href>reference/right-004-ref.xht</reference-href>
          
        </test><test>
          <test-title>Right with a value of zero and no units, 0</test-title>
          <test-href>right-110.xht</test-href>
          <reference-value>=</reference-value>
          <reference-href>reference/right-004-ref.xht</reference-href>
          
        </test><test>
          <test-title>Right with a value of positive zero and no units, +0</test-title>
          <test-href>right-111.xht</test-href>
          <reference-value>=</reference-value>
          <reference-href>reference/right-004-ref.xht</reference-href>
          
        </test><test>
          <test-title>Right with a value of 'auto'</test-title>
          <test-href>right-112.xht</test-href>
          <reference-value>=</reference-value>
          <reference-href>reference/right-004-ref.xht</reference-href>
          
        </test><test>
          <test-title>Right with a value of 'inherit'</test-title>
          <test-href>right-113.xht</test-href>
          <reference-value>=</reference-value>
          <reference-href>reference/right-103-ref.xht</reference-href>
          
        </test><test>
          <test-title>Right applied to element with 'display' set to 'table-row-group'</test-title>
          <test-href>right-applies-to-001.xht</test-href>
          <reference-value>=</reference-value>
          <reference-href>reference/right-applies-to-001-ref.xht</reference-href>
          
        </test><test>
          <test-title>Right applied to element with 'display' set to 'table-header-group'</test-title>
          <test-href>right-applies-to-002.xht</test-href>
          <reference-value>=</reference-value>
          <reference-href>reference/right-applies-to-001-ref.xht</reference-href>
          
        </test><test>
          <test-title>Right applied to element with 'display' set to 'table-footer-group'</test-title>
          <test-href>right-applies-to-003.xht</test-href>
          <reference-value>=</reference-value>
          <reference-href>reference/right-applies-to-001-ref.xht</reference-href>
          
        </test><test>
          <test-title>Right applied to element with 'display' set to 'table-row'</test-title>
          <test-href>right-applies-to-004.xht</test-href>
          <reference-value>=</reference-value>
          <reference-href>reference/right-applies-to-001-ref.xht</reference-href>
          
        </test><test>
          <test-title>Right applied to element with 'display' set to 'table-column-group'</test-title>
          <test-href>right-applies-to-005.xht</test-href>
          <reference-value>=</reference-value>
          <reference-href>reference/right-applies-to-001-ref.xht</reference-href>
          
        </test><test>
          <test-title>Right applied to element with 'display' set to 'table-column'</test-title>
          <test-href>right-applies-to-006.xht</test-href>
          <reference-value>=</reference-value>
          <reference-href>reference/right-applies-to-001-ref.xht</reference-href>
          
        </test><test>
          <test-title>Right applied to element with 'display' set to 'table-cell'</test-title>
          <test-href>right-applies-to-007.xht</test-href>
          <reference-value>=</reference-value>
          <reference-href>reference/right-applies-to-001-ref.xht</reference-href>
          
        </test><test>
          <test-title>Right applied to element with 'display' set to block</test-title>
          <test-href>right-applies-to-009.xht</test-href>
          <reference-value>=</reference-value>
          <reference-href>reference/right-applies-to-001-ref.xht</reference-href>
          
        </test><test>
          <test-title>Right applied to element with 'display' set to inline-block</test-title>
          <test-href>right-applies-to-012.xht</test-href>
          <reference-value>=</reference-value>
          <reference-href>reference/right-applies-to-001-ref.xht</reference-href>
          
        </test><test>
          <test-title>Right applied to element with 'display' set to 'table'</test-title>
          <test-href>right-applies-to-013.xht</test-href>
          <reference-value>=</reference-value>
          <reference-href>reference/right-applies-to-001-ref.xht</reference-href>
          
        </test><test>
          <test-title>Right applied to element with 'display' set to 'inline-table'</test-title>
          <test-href>right-applies-to-014.xht</test-href>
          <reference-value>=</reference-value>
          <reference-href>reference/right-applies-to-001-ref.xht</reference-href>
          
        </test><test>
          <test-title>Right applied to element with 'display' set to 'table-caption'</test-title>
          <test-href>right-applies-to-015.xht</test-href>
          <reference-value>=</reference-value>
          <reference-href>reference/right-applies-to-001-ref.xht</reference-href>
          
        </test><test>
          <test-title>'right' property defines the offset from the right edge of the containing block</test-title>
          <test-href>right-offset-001.xht</test-href>
          <reference-value>=</reference-value>
          <reference-href>reference/right-offset-001-ref.xht</reference-href>
          
        </test><test>
          <test-title>Position 'right' property defines the offset from the right of the box itself for relative positioning</test-title>
          <test-href>right-offset-002.xht</test-href>
          <reference-value>=</reference-value>
          <reference-href>reference/left-offset-001-ref.xht</reference-href>
          
        </test><test>
          <test-title>'right' property defines the offset from the right edge of the containing block</test-title>
          <test-href>right-offset-003.xht</test-href>
          <reference-value>=</reference-value>
          <reference-href>reference/right-offset-001-ref.xht</reference-href>
          
        </test><test>
          <test-title>right box offset - position relative</test-title>
          <test-href>right-offset-004.xht</test-href>
          <reference-value>=</reference-value>
          <reference-href>reference/ref-filled-green-100px-square.xht</reference-href>
          <flags>
              <flag>Bitmaps</flag>
              </flags>
        </test><test>
          <test-title>Right offset using percentage</test-title>
          <test-href>right-offset-percentage-001.xht</test-href>
          <reference-value>=</reference-value>
          <reference-href>reference/right-offset-percentage-001-ref.xht</reference-href>
          
        </test><test>
          <test-title>right:auto offset of position:fixed box in an RTL position:relative containing block</test-title>
          <test-href>right-offset-position-fixed-001.xht</test-href>
          <reference-value>=</reference-value>
          <reference-href>reference/right-offset-position-fixed-001-ref.xht</reference-href>
          
        </test><test>
          <test-title>Placing the root element</test-title>
          <test-href>root-box-001.xht</test-href>
          <reference-value>=</reference-value>
          <reference-href>reference/root-box-001-ref.xht</reference-href>
          
        </test><test>
          <test-title>Styling the root element: display:table</test-title>
          <test-href>root-box-002.xht</test-href>
          <reference-value>=</reference-value>
          <reference-href>reference/root-box-002-ref.xht</reference-href>
          <flags>
              <flag>Bitmaps</flag>
              </flags>
        </test><test>
          <test-title>Styling the root element: display:none (page should be a big green expanse)</test-title>
          <test-href>root-box-003.xht</test-href>
          <reference-value>=</reference-value>
          <reference-href>reference/root-box-003-ref.xht</reference-href>
          
        </test><test>
          <test-title>Canvas: Embedded documents</test-title>
          <test-href>root-canvas-001.xht</test-href>
          <reference-value>=</reference-value>
          <reference-href>reference/root-canvas-001-ref.xht</reference-href>
          
        </test><test>
          <test-title>Bidi box model test 2</test-title>
          <test-href>rtl-basic.xht</test-href>
          <reference-value>=</reference-value>
          <reference-href>reference/right-rtl-ref.xht</reference-href>
          
        </test><test>
          <test-title>Bidi box model test 6</test-title>
          <test-href>rtl-ib.xht</test-href>
          <reference-value>=</reference-value>
          <reference-href>reference/right-rtl-ref.xht</reference-href>
          
        </test><test>
          <test-title>Bidi box model test 9</test-title>
          <test-href>rtl-linebreak.xht</test-href>
          <reference-value>=</reference-value>
          <reference-href>reference/rtl-linebreak-ref.xht</reference-href>
          
        </test><test>
          <test-title>Bidi box model test 3</test-title>
          <test-href>rtl-span-only.xht</test-href>
          <reference-value>=</reference-value>
          <reference-href>reference/left-rtl-ref.xht</reference-href>
          
        </test><test>
          <test-title>Bidi box model test 7</test-title>
          <test-href>rtl-span-only-ib.xht</test-href>
          <reference-value>=</reference-value>
          <reference-href>reference/left-rtl-ref.xht</reference-href>
          
        </test><test>
          <test-title>Run in - abs pos should not prevent running in</test-title>
          <test-href>run-in-abspos-between-001.xht</test-href>
          <reference-value>=</reference-value>
          <reference-href>reference/run-in-basic-ref.xht</reference-href>
          
        </test><test>
          <test-title>Run in - block set to abs pos should allow running in</test-title>
          <test-href>run-in-abspos-between-002.xht</test-href>
          <reference-value>=</reference-value>
          <reference-href>reference/run-in-basic-ref.xht</reference-href>
          <flags>
              <flag>DOM/JS</flag>
              </flags>
        </test><test>
          <test-title>Run in - inline toggled from abs pos should prevent running in</test-title>
          <test-href>run-in-abspos-between-003.xht</test-href>
          <reference-value>=</reference-value>
          <reference-href>reference/run-in-text-ref.xht</reference-href>
          <flags>
              <flag>DOM/JS</flag>
              </flags>
        </test><test>
          <test-title>Run in - basic functionality</test-title>
          <test-href>run-in-basic-001.xht</test-href>
          <reference-value>=</reference-value>
          <reference-href>reference/run-in-basic-ref.xht</reference-href>
          
        </test><test>
          <test-title>Run in - basic functionality with whitespace</test-title>
          <test-href>run-in-basic-002.xht</test-href>
          <reference-value>=</reference-value>
          <reference-href>reference/run-in-basic-ref.xht</reference-href>
          
        </test><test>
          <test-title>Run in - basic functionality with comments</test-title>
          <test-href>run-in-basic-003.xht</test-href>
          <reference-value>=</reference-value>
          <reference-href>reference/run-in-basic-ref.xht</reference-href>
          
        </test><test>
          <test-title>Run in - basic functionality with multiple whitespace nodes</test-title>
          <test-href>run-in-basic-004.xht</test-href>
          <reference-value>=</reference-value>
          <reference-href>reference/run-in-basic-ref.xht</reference-href>
          <flags>
              <flag>DOM/JS</flag>
              </flags>
        </test><test>
          <test-title>Run in - basic functionality with following block containing run-in</test-title>
          <test-href>run-in-basic-005.xht</test-href>
          <reference-value>=</reference-value>
          <reference-href>reference/run-in-block-ref.xht</reference-href>
          
        </test><test>
          <test-title>Run in - basic functionality with list-item</test-title>
          <test-href>run-in-basic-006.xht</test-href>
          <reference-value>=</reference-value>
          <reference-href>reference/run-in-basic-ref.xht</reference-href>
          
        </test><test>
          <test-title>Run in - runs into overflow:scroll block</test-title>
          <test-href>run-in-basic-007.xht</test-href>
          <reference-value>=</reference-value>
          <reference-href>reference/run-in-basic-007-ref.xht</reference-href>
          
        </test><test>
          <test-title>Run in - runs into relatively positioned block</test-title>
          <test-href>run-in-basic-008.xht</test-href>
          <reference-value>=</reference-value>
          <reference-href>reference/run-in-basic-ref.xht</reference-href>
          
        </test><test>
          <test-title>Run in - run-ins run in even if given overflow:scroll</test-title>
          <test-href>run-in-basic-009.xht</test-href>
          <reference-value>=</reference-value>
          <reference-href>reference/run-in-basic-ref.xht</reference-href>
          
        </test><test>
          <test-title>Run in - parsing a block after a run-in should make the run-in run in</test-title>
          <test-href>run-in-basic-010.xht</test-href>
          <reference-value>=</reference-value>
          <reference-href>reference/run-in-basic-ref.xht</reference-href>
          <flags>
              <flag>DOM/JS</flag>
              </flags>
        </test><test>
          <test-title>Run in - inserting a block after a run-in should make the run-in run in</test-title>
          <test-href>run-in-basic-011.xht</test-href>
          <reference-value>=</reference-value>
          <reference-href>reference/run-in-basic-ref.xht</reference-href>
          <flags>
              <flag>DOM/JS</flag>
              </flags>
        </test><test>
          <test-title>Run in - basic functionality with :before</test-title>
          <test-href>run-in-basic-012.xht</test-href>
          <reference-value>=</reference-value>
          <reference-href>reference/run-in-basic-ref.xht</reference-href>
          
        </test><test>
          <test-title>Run in - dynamically inserted run-in should run in</test-title>
          <test-href>run-in-basic-013.xht</test-href>
          <reference-value>=</reference-value>
          <reference-href>reference/run-in-basic-ref.xht</reference-href>
          <flags>
              <flag>DOM/JS</flag>
              </flags>
        </test><test>
          <test-title>Run in - basic functionality with preserved whitespace</test-title>
          <test-href>run-in-basic-014.xht</test-href>
          <reference-value>=</reference-value>
          <reference-href>reference/run-in-pre-ref.xht</reference-href>
          
        </test><test>
          <test-title>Run in - dynamically preserved whitespace</test-title>
          <test-href>run-in-basic-015.xht</test-href>
          <reference-value>=</reference-value>
          <reference-href>reference/run-in-pre-ref.xht</reference-href>
          <flags>
              <flag>DOM/JS</flag>
              </flags>
        </test><test>
          <test-title>Run in - dynamically added preserved whitespace(2)</test-title>
          <test-href>run-in-basic-016.xht</test-href>
          <reference-value>=</reference-value>
          <reference-href>reference/run-in-pre-ref.xht</reference-href>
          <flags>
              <flag>DOM/JS</flag>
              </flags>
        </test><test>
          <test-title>Run in - dynamically added preserved whitespace(3)</test-title>
          <test-href>run-in-basic-017.xht</test-href>
          <reference-value>=</reference-value>
          <reference-href>reference/run-in-pre-ref.xht</reference-href>
          <flags>
              <flag>DOM/JS</flag>
              </flags>
        </test><test>
          <test-title>Run in - dynamically added empty preserved whitespace</test-title>
          <test-href>run-in-basic-018.xht</test-href>
          <reference-value>=</reference-value>
          <reference-href>reference/run-in-basic-ref.xht</reference-href>
          <flags>
              <flag>DOM/JS</flag>
              </flags>
        </test><test>
          <test-title>Run in - block should prevent running in</test-title>
          <test-href>run-in-block-between-001.xht</test-href>
          <reference-value>=</reference-value>
          <reference-href>reference/run-in-text-ref.xht</reference-href>
          
        </test><test>
          <test-title>Run in - dynamically inserted block should prevent running in</test-title>
          <test-href>run-in-block-between-002.xht</test-href>
          <reference-value>=</reference-value>
          <reference-href>reference/run-in-text-ref.xht</reference-href>
          <flags>
              <flag>DOM/JS</flag>
              </flags>
        </test><test>
          <test-title>Run in - dynamically removed block should allow running in</test-title>
          <test-href>run-in-block-between-003.xht</test-href>
          <reference-value>=</reference-value>
          <reference-href>reference/run-in-basic-ref.xht</reference-href>
          <flags>
              <flag>DOM/JS</flag>
              </flags>
        </test><test>
          <test-title>Run in - line-breaking after running in</test-title>
          <test-href>run-in-breaking-001.xht</test-href>
          <reference-value>=</reference-value>
          <reference-href>reference/run-in-breaking-001-ref.xht</reference-href>
          
        </test><test>
          <test-title>Run in - line-breaking after running in</test-title>
          <test-href>run-in-breaking-002.xht</test-href>
          <reference-value>=</reference-value>
          <reference-href>reference/run-in-breaking-002-ref.xht</reference-href>
          
        </test><test>
          <test-title>Run in - clear on a run-in should apply to the block it runs into</test-title>
          <test-href>run-in-clear-001.xht</test-href>
          <reference-value>=</reference-value>
          <reference-href>reference/run-in-text-ref.xht</reference-href>
          
        </test><test>
          <test-title>Run in - clear on a run-in should apply to the block it runs into</test-title>
          <test-href>run-in-clear-002.xht</test-href>
          <reference-value>=</reference-value>
          <reference-href>reference/run-in-text-ref.xht</reference-href>
          <flags>
              <flag>DOM/JS</flag>
              </flags>
        </test><test>
          <test-title>Run in - an abs pos child should not prevent running in</test-title>
          <test-href>run-in-contains-abspos-001.xht</test-href>
          <reference-value>=</reference-value>
          <reference-href>reference/run-in-basic-ref.xht</reference-href>
          
        </test><test>
          <test-title>Run in - a child block should prevent running in</test-title>
          <test-href>run-in-contains-block-001.xht</test-href>
          <reference-value>=</reference-value>
          <reference-href>reference/run-in-text-ref.xht</reference-href>
          
        </test><test>
          <test-title>Run in - dynamically inserted block child should prevent running in</test-title>
          <test-href>run-in-contains-block-002.xht</test-href>
          <reference-value>=</reference-value>
          <reference-href>reference/run-in-text-ref.xht</reference-href>
          <flags>
              <flag>DOM/JS</flag>
              </flags>
        </test><test>
          <test-title>Run in - dynamically removed block child should allow running in</test-title>
          <test-href>run-in-contains-block-003.xht</test-href>
          <reference-value>=</reference-value>
          <reference-href>reference/run-in-basic-ref.xht</reference-href>
          <flags>
              <flag>DOM/JS</flag>
              </flags>
        </test><test>
          <test-title>Run in - child dynamically toggled to block display should prevent running in</test-title>
          <test-href>run-in-contains-block-004.xht</test-href>
          <reference-value>=</reference-value>
          <reference-href>reference/run-in-text-ref.xht</reference-href>
          <flags>
              <flag>DOM/JS</flag>
              </flags>
        </test><test>
          <test-title>Run in - child dynamically toggled to inline display should allow running in</test-title>
          <test-href>run-in-contains-block-005.xht</test-href>
          <reference-value>=</reference-value>
          <reference-href>reference/run-in-basic-ref.xht</reference-href>
          <flags>
              <flag>DOM/JS</flag>
              </flags>
        </test><test>
          <test-title>Run in - a child inline containing a block should prevent running in</test-title>
          <test-href>run-in-contains-block-inside-inline-001.xht</test-href>
          <reference-value>=</reference-value>
          <reference-href>reference/run-in-text-ref.xht</reference-href>
          
        </test><test>
          <test-title>Run in - dynamically inserted inline child containing block should prevent running in</test-title>
          <test-href>run-in-contains-block-inside-inline-002.xht</test-href>
          <reference-value>=</reference-value>
          <reference-href>reference/run-in-text-ref.xht</reference-href>
          <flags>
              <flag>DOM/JS</flag>
              </flags>
        </test><test>
          <test-title>Run in - dynamically removed inline child containing a block should allow running in</test-title>
          <test-href>run-in-contains-block-inside-inline-003.xht</test-href>
          <reference-value>=</reference-value>
          <reference-href>reference/run-in-basic-ref.xht</reference-href>
          <flags>
              <flag>DOM/JS</flag>
              </flags>
        </test><test>
          <test-title>Run in - a floating child should not prevent running in</test-title>
          <test-href>run-in-contains-float-001.xht</test-href>
          <reference-value>=</reference-value>
          <reference-href>reference/run-in-basic-ref.xht</reference-href>
          
        </test><test>
          <test-title>Run in - a child inline should not prevent running in</test-title>
          <test-href>run-in-contains-inline-001.xht</test-href>
          <reference-value>=</reference-value>
          <reference-href>reference/run-in-basic-ref.xht</reference-href>
          
        </test><test>
          <test-title>Run in - a child inline with table-cell child should not prevent running in</test-title>
          <test-href>run-in-contains-inline-002.xht</test-href>
          <reference-value>=</reference-value>
          <reference-href>reference/run-in-basic-ref.xht</reference-href>
          
        </test><test>
          <test-title>Run in - a child inline with table-cell child with an abs pos child should not prevent running in</test-title>
          <test-href>run-in-contains-inline-003.xht</test-href>
          <reference-value>=</reference-value>
          <reference-href>reference/run-in-basic-ref.xht</reference-href>
          
        </test><test>
          <test-title>Run in - a child inline with table-cell child with a floating child should not prevent running in</test-title>
          <test-href>run-in-contains-inline-004.xht</test-href>
          <reference-value>=</reference-value>
          <reference-href>reference/run-in-basic-ref.xht</reference-href>
          
        </test><test>
          <test-title>Run in - a child inline with table-row child should not prevent running in</test-title>
          <test-href>run-in-contains-inline-005.xht</test-href>
          <reference-value>=</reference-value>
          <reference-href>reference/run-in-basic-ref.xht</reference-href>
          
        </test><test>
          <test-title>Run in - a child inline with an abs pos child should not prevent running in</test-title>
          <test-href>run-in-contains-inline-006.xht</test-href>
          <reference-value>=</reference-value>
          <reference-href>reference/run-in-basic-ref.xht</reference-href>
          
        </test><test>
          <test-title>Run in - a child inline with a floating child should not prevent running in</test-title>
          <test-href>run-in-contains-inline-007.xht</test-href>
          <reference-value>=</reference-value>
          <reference-href>reference/run-in-basic-ref.xht</reference-href>
          
        </test><test>
          <test-title>Run in - a child inline-block should not prevent running in</test-title>
          <test-href>run-in-contains-inline-block-001.xht</test-href>
          <reference-value>=</reference-value>
          <reference-href>reference/run-in-basic-ref.xht</reference-href>
          
        </test><test>
          <test-title>Run in - a child inline-table should not prevent running in</test-title>
          <test-href>run-in-contains-inline-table-001.xht</test-href>
          <reference-value>=</reference-value>
          <reference-href>reference/run-in-basic-ref.xht</reference-href>
          
        </test><test>
          <test-title>Run in - a child rel pos block should prevent running in</test-title>
          <test-href>run-in-contains-relpos-block-001.xht</test-href>
          <reference-value>=</reference-value>
          <reference-href>reference/run-in-text-ref.xht</reference-href>
          
        </test><test>
          <test-title>Run in - dynamically inserted rel pos block child should prevent running in</test-title>
          <test-href>run-in-contains-relpos-block-002.xht</test-href>
          <reference-value>=</reference-value>
          <reference-href>reference/run-in-text-ref.xht</reference-href>
          <flags>
              <flag>DOM/JS</flag>
              </flags>
        </test><test>
          <test-title>Run in - dynamically removed rel pos block child should allow running in</test-title>
          <test-href>run-in-contains-relpos-block-003.xht</test-href>
          <reference-value>=</reference-value>
          <reference-href>reference/run-in-basic-ref.xht</reference-href>
          <flags>
              <flag>DOM/JS</flag>
              </flags>
        </test><test>
          <test-title>Run in - a child run-in should prevent running in</test-title>
          <test-href>run-in-contains-run-in-001.xht</test-href>
          <reference-value>=</reference-value>
          <reference-href>reference/run-in-text-ref.xht</reference-href>
          
        </test><test>
          <test-title>Run in - dynamically inserted run-in child should prevent running in</test-title>
          <test-href>run-in-contains-run-in-002.xht</test-href>
          <reference-value>=</reference-value>
          <reference-href>reference/run-in-text-ref.xht</reference-href>
          <flags>
              <flag>DOM/JS</flag>
              </flags>
        </test><test>
          <test-title>Run in - dynamically removed run-in child should allow running in</test-title>
          <test-href>run-in-contains-run-in-003.xht</test-href>
          <reference-value>=</reference-value>
          <reference-href>reference/run-in-basic-ref.xht</reference-href>
          <flags>
              <flag>DOM/JS</flag>
              </flags>
        </test><test>
          <test-title>Run in - a child table should prevent running in</test-title>
          <test-href>run-in-contains-table-001.xht</test-href>
          <reference-value>=</reference-value>
          <reference-href>reference/run-in-text-ref.xht</reference-href>
          
        </test><test>
          <test-title>Run in - dynamically inserted table child should prevent running in</test-title>
          <test-href>run-in-contains-table-002.xht</test-href>
          <reference-value>=</reference-value>
          <reference-href>reference/run-in-text-ref.xht</reference-href>
          <flags>
              <flag>DOM/JS</flag>
              </flags>
        </test><test>
          <test-title>Run in - dynamically removed table child should allow running in</test-title>
          <test-href>run-in-contains-table-003.xht</test-href>
          <reference-value>=</reference-value>
          <reference-href>reference/run-in-basic-ref.xht</reference-href>
          <flags>
              <flag>DOM/JS</flag>
              </flags>
        </test><test>
          <test-title>Run in - a child table-caption should not prevent running in</test-title>
          <test-href>run-in-contains-table-caption-001.xht</test-href>
          <reference-value>=</reference-value>
          <reference-href>reference/run-in-basic-ref.xht</reference-href>
          
        </test><test>
          <test-title>Run in - a child table-cell should not prevent running in</test-title>
          <test-href>run-in-contains-table-cell-001.xht</test-href>
          <reference-value>=</reference-value>
          <reference-href>reference/run-in-basic-ref.xht</reference-href>
          
        </test><test>
          <test-title>Run in - a child table-column should not prevent running in</test-title>
          <test-href>run-in-contains-table-column-001.xht</test-href>
          <reference-value>=</reference-value>
          <reference-href>reference/run-in-basic-ref.xht</reference-href>
          
        </test><test>
          <test-title>Run in - a child table-column should not prevent running in</test-title>
          <test-href>run-in-contains-table-column-group-001.xht</test-href>
          <reference-value>=</reference-value>
          <reference-href>reference/run-in-basic-ref.xht</reference-href>
          
        </test><test>
          <test-title>Run in - a child inline containing a table should prevent running in</test-title>
          <test-href>run-in-contains-table-inside-inline-001.xht</test-href>
          <reference-value>=</reference-value>
          <reference-href>reference/run-in-text-ref.xht</reference-href>
          
        </test><test>
          <test-title>Run in - dynamically inserted inline child containing table should prevent running in</test-title>
          <test-href>run-in-contains-table-inside-inline-002.xht</test-href>
          <reference-value>=</reference-value>
          <reference-href>reference/run-in-text-ref.xht</reference-href>
          <flags>
              <flag>DOM/JS</flag>
              </flags>
        </test><test>
          <test-title>Run in - dynamically removed inline child containing a table should allow running in</test-title>
          <test-href>run-in-contains-table-inside-inline-003.xht</test-href>
          <reference-value>=</reference-value>
          <reference-href>reference/run-in-basic-ref.xht</reference-href>
          <flags>
              <flag>DOM/JS</flag>
              </flags>
        </test><test>
          <test-title>Run in - a child table-row should not prevent running in</test-title>
          <test-href>run-in-contains-table-row-001.xht</test-href>
          <reference-value>=</reference-value>
          <reference-href>reference/run-in-basic-ref.xht</reference-href>
          
        </test><test>
          <test-title>Run in - a child table-row-group should not prevent running in</test-title>
          <test-href>run-in-contains-table-row-group-001.xht</test-href>
          <reference-value>=</reference-value>
          <reference-href>reference/run-in-basic-ref.xht</reference-href>
          
        </test><test>
          <test-title>Run in - display:none should not prevent running in</test-title>
          <test-href>run-in-display-none-between-001.xht</test-href>
          <reference-value>=</reference-value>
          <reference-href>reference/run-in-basic-ref.xht</reference-href>
          
        </test><test>
          <test-title>Run in - block set to display:none should allow running in</test-title>
          <test-href>run-in-display-none-between-002.xht</test-href>
          <reference-value>=</reference-value>
          <reference-href>reference/run-in-basic-ref.xht</reference-href>
          <flags>
              <flag>DOM/JS</flag>
              </flags>
        </test><test>
          <test-title>Run in - inline toggled from display:none should prevent running in</test-title>
          <test-href>run-in-display-none-between-003.xht</test-href>
          <reference-value>=</reference-value>
          <reference-href>reference/run-in-text-ref.xht</reference-href>
          <flags>
              <flag>DOM/JS</flag>
              </flags>
        </test><test>
          <test-title>Run in - fixed pos should not prevent running in</test-title>
          <test-href>run-in-fixedpos-between-001.xht</test-href>
          <reference-value>=</reference-value>
          <reference-href>reference/run-in-basic-ref.xht</reference-href>
          
        </test><test>
          <test-title>Run in - block set to fixed pos should allow running in</test-title>
          <test-href>run-in-fixedpos-between-002.xht</test-href>
          <reference-value>=</reference-value>
          <reference-href>reference/run-in-basic-ref.xht</reference-href>
          <flags>
              <flag>DOM/JS</flag>
              </flags>
        </test><test>
          <test-title>Run in - inline toggled from fixed pos should prevent running in</test-title>
          <test-href>run-in-fixedpos-between-003.xht</test-href>
          <reference-value>=</reference-value>
          <reference-href>reference/run-in-text-ref.xht</reference-href>
          <flags>
              <flag>DOM/JS</flag>
              </flags>
        </test><test>
          <test-title>Run in - floatshould not prevent running in</test-title>
          <test-href>run-in-float-between-001.xht</test-href>
          <reference-value>=</reference-value>
          <reference-href>reference/run-in-basic-ref.xht</reference-href>
          
        </test><test>
          <test-title>Run in - block set to float should allow running in</test-title>
          <test-href>run-in-float-between-002.xht</test-href>
          <reference-value>=</reference-value>
          <reference-href>reference/run-in-basic-ref.xht</reference-href>
          <flags>
              <flag>DOM/JS</flag>
              </flags>
        </test><test>
          <test-title>Run in - inline toggled from float should prevent running in</test-title>
          <test-href>run-in-float-between-003.xht</test-href>
          <reference-value>=</reference-value>
          <reference-href>reference/run-in-text-ref.xht</reference-href>
          <flags>
              <flag>DOM/JS</flag>
              </flags>
        </test><test>
          <test-title>Run in - run-in property inheritance</test-title>
          <test-href>run-in-inherit-001.xht</test-href>
          <reference-value>=</reference-value>
          <reference-href>reference/run-in-inherit-001-ref.xht</reference-href>
          
        </test><test>
          <test-title>Run in - inline should prevent running in</test-title>
          <test-href>run-in-inline-between-001.xht</test-href>
          <reference-value>=</reference-value>
          <reference-href>reference/run-in-text-ref.xht</reference-href>
          
        </test><test>
          <test-title>Run in - dynamically inserted inline should prevent running in</test-title>
          <test-href>run-in-inline-between-002.xht</test-href>
          <reference-value>=</reference-value>
          <reference-href>reference/run-in-text-ref.xht</reference-href>
          <flags>
              <flag>DOM/JS</flag>
              </flags>
        </test><test>
          <test-title>Run in - dynamically removed inline should allow running in</test-title>
          <test-href>run-in-inline-between-003.xht</test-href>
          <reference-value>=</reference-value>
          <reference-href>reference/run-in-basic-ref.xht</reference-href>
          <flags>
              <flag>DOM/JS</flag>
              </flags>
        </test><test>
          <test-title>Run in - inline-block should prevent running in</test-title>
          <test-href>run-in-inline-block-between-001.xht</test-href>
          <reference-value>=</reference-value>
          <reference-href>reference/run-in-text-ref.xht</reference-href>
          
        </test><test>
          <test-title>Run in - dynamically inserted inline-block should prevent running in</test-title>
          <test-href>run-in-inline-block-between-002.xht</test-href>
          <reference-value>=</reference-value>
          <reference-href>reference/run-in-text-ref.xht</reference-href>
          <flags>
              <flag>DOM/JS</flag>
              </flags>
        </test><test>
          <test-title>Run in - dynamically removed inline-block should allow running in</test-title>
          <test-href>run-in-inline-block-between-003.xht</test-href>
          <reference-value>=</reference-value>
          <reference-href>reference/run-in-basic-ref.xht</reference-href>
          <flags>
              <flag>DOM/JS</flag>
              </flags>
        </test><test>
          <test-title>Run in - inline-table should prevent running in</test-title>
          <test-href>run-in-inline-table-between-001.xht</test-href>
          <reference-value>=</reference-value>
          <reference-href>reference/run-in-text-ref.xht</reference-href>
          
        </test><test>
          <test-title>Run in - dynamically inserted inline-table should prevent running in</test-title>
          <test-href>run-in-inline-table-between-002.xht</test-href>
          <reference-value>=</reference-value>
          <reference-href>reference/run-in-text-ref.xht</reference-href>
          <flags>
              <flag>DOM/JS</flag>
              </flags>
        </test><test>
          <test-title>Run in - dynamically removed inline-table should allow running in</test-title>
          <test-href>run-in-inline-table-between-003.xht</test-href>
          <reference-value>=</reference-value>
          <reference-href>reference/run-in-basic-ref.xht</reference-href>
          <flags>
              <flag>DOM/JS</flag>
              </flags>
        </test><test>
          <test-title>Run in - block should prevent running in</test-title>
          <test-href>run-in-listitem-between-001.xht</test-href>
          <reference-value>=</reference-value>
          <reference-href>reference/run-in-text-ref.xht</reference-href>
          
        </test><test>
          <test-title>Run in - dynamically inserted block should prevent running in</test-title>
          <test-href>run-in-listitem-between-002.xht</test-href>
          <reference-value>=</reference-value>
          <reference-href>reference/run-in-text-ref.xht</reference-href>
          <flags>
              <flag>DOM/JS</flag>
              </flags>
        </test><test>
          <test-title>Run in - dynamically removed block should allow running in</test-title>
          <test-href>run-in-listitem-between-003.xht</test-href>
          <reference-value>=</reference-value>
          <reference-href>reference/run-in-basic-ref.xht</reference-href>
          <flags>
              <flag>DOM/JS</flag>
              </flags>
        </test><test>
          <test-title>Run in - rel pos inline should prevent running in</test-title>
          <test-href>run-in-relpos-between-001.xht</test-href>
          <reference-value>=</reference-value>
          <reference-href>reference/run-in-text-ref.xht</reference-href>
          
        </test><test>
          <test-title>Run in - dynamically inserted rel pos inline should prevent running in</test-title>
          <test-href>run-in-relpos-between-002.xht</test-href>
          <reference-value>=</reference-value>
          <reference-href>reference/run-in-text-ref.xht</reference-href>
          <flags>
              <flag>DOM/JS</flag>
              </flags>
        </test><test>
          <test-title>Run in - dynamically removed rel pos inline should allow running in</test-title>
          <test-href>run-in-relpos-between-003.xht</test-href>
          <reference-value>=</reference-value>
          <reference-href>reference/run-in-basic-ref.xht</reference-href>
          <flags>
              <flag>DOM/JS</flag>
              </flags>
        </test><test>
          <test-title>Run in - basic replaced element</test-title>
          <test-href>run-in-replaced-001.xht</test-href>
          <reference-value>=</reference-value>
          <reference-href>reference/run-in-replaced-001-ref.xht</reference-href>
          
        </test><test>
          <test-title>Run in - should run out when they stop being run-ins</test-title>
          <test-href>run-in-restyle-001.xht</test-href>
          <reference-value>=</reference-value>
          <reference-href>reference/run-in-text-ref.xht</reference-href>
          <flags>
              <flag>DOM/JS</flag>
              </flags>
        </test><test>
          <test-title>Run in - should run out when following block becomes an inline</test-title>
          <test-href>run-in-restyle-002.xht</test-href>
          <reference-value>=</reference-value>
          <reference-href>reference/run-in-text-ref.xht</reference-href>
          <flags>
              <flag>DOM/JS</flag>
              </flags>
        </test><test>
          <test-title>Run in - should run in when following inline becomes a block</test-title>
          <test-href>run-in-restyle-003.xht</test-href>
          <reference-value>=</reference-value>
          <reference-href>reference/run-in-basic-ref.xht</reference-href>
          <flags>
              <flag>DOM/JS</flag>
              </flags>
        </test><test>
          <test-title>Run in - run in that has not run in should prevent running in</test-title>
          <test-href>run-in-run-in-between-001.xht</test-href>
          <reference-value>=</reference-value>
          <reference-href>reference/run-in-text-ref.xht</reference-href>
          
        </test><test>
          <test-title>Run in - dynamically inserted run-in which does not run in should prevent running in</test-title>
          <test-href>run-in-run-in-between-002.xht</test-href>
          <reference-value>=</reference-value>
          <reference-href>reference/run-in-text-ref.xht</reference-href>
          <flags>
              <flag>DOM/JS</flag>
              </flags>
        </test><test>
          <test-title>Run in - dynamically removed run-in which did not run in should allow running in</test-title>
          <test-href>run-in-run-in-between-003.xht</test-href>
          <reference-value>=</reference-value>
          <reference-href>reference/run-in-basic-ref.xht</reference-href>
          <flags>
              <flag>DOM/JS</flag>
              </flags>
        </test><test>
          <test-title>Run in - run in that has run in should prevent running in</test-title>
          <test-href>run-in-run-in-between-004.xht</test-href>
          <reference-value>=</reference-value>
          <reference-href>reference/run-in-text-ref.xht</reference-href>
          
        </test><test>
          <test-title>Run in - dynamically inserted run-in which runs in should prevent running in</test-title>
          <test-href>run-in-run-in-between-005.xht</test-href>
          <reference-value>=</reference-value>
          <reference-href>reference/run-in-text-ref.xht</reference-href>
          <flags>
              <flag>DOM/JS</flag>
              </flags>
        </test><test>
          <test-title>Run in - dynamically removed run-in which ran in should allow running in</test-title>
          <test-href>run-in-run-in-between-006.xht</test-href>
          <reference-value>=</reference-value>
          <reference-href>reference/run-in-basic-ref.xht</reference-href>
          <flags>
              <flag>DOM/JS</flag>
              </flags>
        </test><test>
          <test-title>Run in - run-in which runs in should prevent running in of dynamically inserted run-in</test-title>
          <test-href>run-in-run-in-between-007.xht</test-href>
          <reference-value>=</reference-value>
          <reference-href>reference/run-in-text-ref.xht</reference-href>
          <flags>
              <flag>DOM/JS</flag>
              </flags>
        </test><test>
          <test-title>Run in - run-in which does not run in should prevent running in of dynamically inserted run-in</test-title>
          <test-href>run-in-run-in-between-008.xht</test-href>
          <reference-value>=</reference-value>
          <reference-href>reference/run-in-text-ref.xht</reference-href>
          <flags>
              <flag>DOM/JS</flag>
              </flags>
        </test><test>
          <test-title>Run in - table should prevent running in</test-title>
          <test-href>run-in-table-between-001.xht</test-href>
          <reference-value>=</reference-value>
          <reference-href>reference/run-in-text-ref.xht</reference-href>
          
        </test><test>
          <test-title>Run in - dynamically inserted table should prevent running in</test-title>
          <test-href>run-in-table-between-002.xht</test-href>
          <reference-value>=</reference-value>
          <reference-href>reference/run-in-text-ref.xht</reference-href>
          <flags>
              <flag>DOM/JS</flag>
              </flags>
        </test><test>
          <test-title>Run in - dynamically removed table should allow running in</test-title>
          <test-href>run-in-table-between-003.xht</test-href>
          <reference-value>=</reference-value>
          <reference-href>reference/run-in-basic-ref.xht</reference-href>
          <flags>
              <flag>DOM/JS</flag>
              </flags>
        </test><test>
          <test-title>Run in - table-cell should prevent running in</test-title>
          <test-href>run-in-table-cell-between-001.xht</test-href>
          <reference-value>=</reference-value>
          <reference-href>reference/run-in-text-ref.xht</reference-href>
          
        </test><test>
          <test-title>Run in - dynamically inserted table-cell should prevent running in</test-title>
          <test-href>run-in-table-cell-between-002.xht</test-href>
          <reference-value>=</reference-value>
          <reference-href>reference/run-in-text-ref.xht</reference-href>
          <flags>
              <flag>DOM/JS</flag>
              </flags>
        </test><test>
          <test-title>Run in - dynamically removed table-cell should allow running in</test-title>
          <test-href>run-in-table-cell-between-003.xht</test-href>
          <reference-value>=</reference-value>
          <reference-href>reference/run-in-basic-ref.xht</reference-href>
          <flags>
              <flag>DOM/JS</flag>
              </flags>
        </test><test>
          <test-title>Run in - table-row should prevent running in</test-title>
          <test-href>run-in-table-row-between-001.xht</test-href>
          <reference-value>=</reference-value>
          <reference-href>reference/run-in-text-ref.xht</reference-href>
          
        </test><test>
          <test-title>Run in - dynamically inserted table-row should prevent running in</test-title>
          <test-href>run-in-table-row-between-002.xht</test-href>
          <reference-value>=</reference-value>
          <reference-href>reference/run-in-text-ref.xht</reference-href>
          <flags>
              <flag>DOM/JS</flag>
              </flags>
        </test><test>
          <test-title>Run in - dynamically removed table-row should allow running in</test-title>
          <test-href>run-in-table-row-between-003.xht</test-href>
          <reference-value>=</reference-value>
          <reference-href>reference/run-in-basic-ref.xht</reference-href>
          <flags>
              <flag>DOM/JS</flag>
              </flags>
        </test><test>
          <test-title>Run in - text should prevent running in</test-title>
          <test-href>run-in-text-between-001.xht</test-href>
          <reference-value>=</reference-value>
          <reference-href>reference/run-in-text-ref.xht</reference-href>
          
        </test><test>
          <test-title>Run in - dynamically inserted text should prevent running in</test-title>
          <test-href>run-in-text-between-002.xht</test-href>
          <reference-value>=</reference-value>
          <reference-href>reference/run-in-text-ref.xht</reference-href>
          <flags>
              <flag>DOM/JS</flag>
              </flags>
        </test><test>
          <test-title>Run in - dynamically changed text should prevent running in</test-title>
          <test-href>run-in-text-between-003.xht</test-href>
          <reference-value>=</reference-value>
          <reference-href>reference/run-in-text-ref.xht</reference-href>
          <flags>
              <flag>DOM/JS</flag>
              </flags>
        </test><test>
          <test-title>Run in - dynamically removed text should allow running in</test-title>
          <test-href>run-in-text-between-004.xht</test-href>
          <reference-value>=</reference-value>
          <reference-href>reference/run-in-basic-ref.xht</reference-href>
          <flags>
              <flag>DOM/JS</flag>
              </flags>
        </test><test>
          <test-title>Run in - dynamically set to whitespace text should allow running in</test-title>
          <test-href>run-in-text-between-005.xht</test-href>
          <reference-value>=</reference-value>
          <reference-href>reference/run-in-basic-ref.xht</reference-href>
          <flags>
              <flag>DOM/JS</flag>
              </flags>
        </test><test>
          <test-title>CSS Selectors (basic)</test-title>
          <test-href>selectors-001.xht</test-href>
          <reference-value>=</reference-value>
          <reference-href>reference/selectors-001-ref.xht</reference-href>
          
        </test><test>
          <test-title>CSS Selectors (basic tests)</test-title>
          <test-href>selectors-002.xht</test-href>
          <reference-value>=</reference-value>
          <reference-href>reference/selectors-002-ref.xht</reference-href>
          
        </test><test>
          <test-title>CSS: Selector Parsing and Invalid Pseudo-Elements</test-title>
          <test-href>selectors-parsing-001.xht</test-href>
          <reference-value>=</reference-value>
          <reference-href>reference/selectors-parsing-001-ref.xht</reference-href>
          
        </test><test>
          <test-title>table width as set when greater than sum of columns width</test-title>
          <test-href>separated-border-model-003a.xht</test-href>
          <reference-value>=</reference-value>
          <reference-href>reference/ref-filled-green-100px-square.xht</reference-href>
          
        </test><test>
          <test-title>border-collapse: separate - HTML/XHTML table set width greater than sum of columns</test-title>
          <test-href>separated-border-model-003b.xht</test-href>
          <reference-value>=</reference-value>
          <reference-href>reference/separated-border-model-003b-ref.xht</reference-href>
          
        </test><test>
          <test-title>width of CSS table in border-collapse separate model</test-title>
          <test-href>separated-border-model-004a.xht</test-href>
          <reference-value>=</reference-value>
          <reference-href>reference/ref-filled-green-100px-square.xht</reference-href>
          
        </test><test>
          <test-title>width of CSS table in border-collapse separate model</test-title>
          <test-href>separated-border-model-004b.xht</test-href>
          <reference-value>=</reference-value>
          <reference-href>reference/ref-filled-green-100px-square.xht</reference-href>
          
        </test><test>
          <test-title>width of CSS table in border-collapse separate model</test-title>
          <test-href>separated-border-model-004c.xht</test-href>
          <reference-value>=</reference-value>
          <reference-href>reference/ref-filled-green-100px-square.xht</reference-href>
          
        </test><test>
          <test-title>width of CSS table in border-collapse separate model</test-title>
          <test-href>separated-border-model-004d.xht</test-href>
          <reference-value>=</reference-value>
          <reference-href>reference/separated-border-model-004d-ref.xht</reference-href>
          
        </test><test>
          <test-title>width of CSS table in border-collapse separate model</test-title>
          <test-href>separated-border-model-004e.xht</test-href>
          <reference-value>=</reference-value>
          <reference-href>reference/separated-border-model-004e-ref.xht</reference-href>
          
        </test><test>
          <test-title>Border-spacing - contiguous table-row-groups (thead and tbody)</test-title>
          <test-href>separated-border-model-007.xht</test-href>
          <reference-value>=</reference-value>
          <reference-href>reference/separated-border-model-007-ref.xht</reference-href>
          
        </test><test>
          <test-title>Border-spacing - contiguous table-row-groups (tbody and tfoot)</test-title>
          <test-href>separated-border-model-008.xht</test-href>
          <reference-value>=</reference-value>
          <reference-href>reference/separated-border-model-007-ref.xht</reference-href>
          
        </test><test>
          <test-title>Border-spacing - contiguous table-row-groups (2 tbodies)</test-title>
          <test-href>separated-border-model-009.xht</test-href>
          <reference-value>=</reference-value>
          <reference-href>reference/separated-border-model-007-ref.xht</reference-href>
          
        </test><test>
          <test-title>SGML comments</test-title>
          <test-href>sgml-comments-000.xht</test-href>
          <reference-value>=</reference-value>
          <reference-href>reference/ref-this-text-should-be-green.xht</reference-href>
          
        </test><test>
          <test-title>Parsing SGML comments</test-title>
          <test-href>sgml-comments-001.xht</test-href>
          <reference-value>=</reference-value>
          <reference-href>reference/filler-text-below-green.xht</reference-href>
          
        </test><test>
          <test-title>Parsing of CDO/CDC in stylesheets</test-title>
          <test-href>sgml-comments-002.xht</test-href>
          <reference-value>=</reference-value>
          <reference-href>reference/sgml-comments-002-ref.xht</reference-href>
          
        </test><test>
          <test-title>Shorthand Properties (border)</test-title>
          <test-href>shand-border-000.xht</test-href>
          <reference-value>=</reference-value>
          <reference-href>reference/shand-border-000-ref.xht</reference-href>
          
        </test><test>
          <test-title>Shorthand Properties (border) - maximum of 3 border subproperties</test-title>
          <test-href>shand-border-001.xht</test-href>
          <reference-value>=</reference-value>
          <reference-href>reference/ref-if-there-is-no-red.xht</reference-href>
          <flags>
              <flag>Invalid</flag>
              </flags>
        </test><test>
          <test-title>Shorthand Properties (font)</test-title>
          <test-href>shand-font-000.xht</test-href>
          <reference-value>=</reference-value>
          <reference-href>reference/shand-font-000-ref.xht</reference-href>
          
        </test><test>
          <test-title>Shorthand Properties (font)</test-title>
          <test-href>shand-font-001.xht</test-href>
          <reference-value>=</reference-value>
          <reference-href>reference/shand-font-000-ref.xht</reference-href>
          
        </test><test>
          <test-title>Shorthand Properties (font)</test-title>
          <test-href>shand-font-002.xht</test-href>
          <reference-value>=</reference-value>
          <reference-href>reference/shand-font-002-ref.xht</reference-href>
          
        </test><test>
          <test-title>Shorthand Properties (font)</test-title>
          <test-href>shand-font-003.xht</test-href>
          <reference-value>=</reference-value>
          <reference-href>reference/shand-font-002-ref.xht</reference-href>
          
        </test><test>
          <test-title>Sibling selector with non-element node</test-title>
          <test-href>sibling-selector-002.xht</test-href>
          <reference-value>=</reference-value>
          <reference-href>reference/filler-text-below-green.xht</reference-href>
          
        </test><test>
          <test-title>Casdading order - sort by order specified</test-title>
          <test-href>sort-by-order-001.xht</test-href>
          <reference-value>=</reference-value>
          <reference-href>reference/ref-filled-green-100px-square.xht</reference-href>
          
        </test><test>
          <test-title>Calculating specificity - Specificity 0010 vs. 0001</test-title>
          <test-href>specificity-001.xht</test-href>
          <reference-value>=</reference-value>
          <reference-href>reference/filler-text-below-green.xht</reference-href>
          
        </test><test>
          <test-title>Calculating specificity - Inline Style</test-title>
          <test-href>specificity-002.xht</test-href>
          <reference-value>=</reference-value>
          <reference-href>reference/filler-text-below-green.xht</reference-href>
          
        </test><test>
          <test-title>Calculating specificity - Specificity 0100 vs. 0011</test-title>
          <test-href>specificity-003.xht</test-href>
          <reference-value>=</reference-value>
          <reference-href>reference/filler-text-below-green.xht</reference-href>
          
        </test><test>
          <test-title>Calculating specificity - Specificity 0011 vs. 0010</test-title>
          <test-href>specificity-004.xht</test-href>
          <reference-value>=</reference-value>
          <reference-href>reference/filler-text-below-green.xht</reference-href>
          
        </test><test>
          <test-title>Calculating specificity - Specificity 0002 vs. 0001</test-title>
          <test-href>specificity-005.xht</test-href>
          <reference-value>=</reference-value>
          <reference-href>reference/filler-text-below-green.xht</reference-href>
          
        </test><test>
          <test-title>Calculating specificity - Pseudo-element vs. simple element</test-title>
          <test-href>specificity-006.xht</test-href>
          <reference-value>=</reference-value>
          <reference-href>reference/filler-text-below-green.xht</reference-href>
          
        </test><test>
          <test-title>Calculating specificity - Specificity 0001 vs. 0000</test-title>
          <test-href>specificity-007.xht</test-href>
          <reference-value>=</reference-value>
          <reference-href>reference/filler-text-below-green.xht</reference-href>
          
        </test><test>
          <test-title>Calculating specificity - specificity 0012 vs. 0002</test-title>
          <test-href>specificity-008.xht</test-href>
          <reference-value>=</reference-value>
          <reference-href>reference/filler-text-below-green.xht</reference-href>
          
        </test><test>
          <test-title>Generated Content via Universal Selectors</test-title>
          <test-href>specificity-011.xht</test-href>
          <reference-value>=</reference-value>
          <reference-href>reference/specificity-011-ref.xht</reference-href>
          
        </test><test>
          <test-title>Specificity with universal selector</test-title>
          <test-href>specificity-013.xht</test-href>
          <reference-value>=</reference-value>
          <reference-href>reference/specificity-013-ref.xht</reference-href>
          
        </test><test>
          <test-title>Stacking order: Floats and Blocks in Inlines</test-title>
          <test-href>stack-floats-001.xht</test-href>
          <reference-value>=</reference-value>
          <reference-href>reference/stack-floats-001-ref.xht</reference-href>
          <flags>
              <flag>Ahem</flag>
              </flags>
        </test><test>
          <test-title>Stacking order: Floats and Blocks in Inlines</test-title>
          <test-href>stack-floats-002.xht</test-href>
          <reference-value>=</reference-value>
          <reference-href>reference/stack-floats-001-ref.xht</reference-href>
          <flags>
              <flag>Ahem</flag>
              </flags>
        </test><test>
          <test-title>Stacking order: Floats and Blocks in Inlines</test-title>
          <test-href>stack-floats-003.xht</test-href>
          <reference-value>=</reference-value>
          <reference-href>reference/stack-floats-001-ref.xht</reference-href>
          <flags>
              <flag>Ahem</flag>
              </flags>
        </test><test>
          <test-title>Stacking order: Floats and Blocks in Inlines</test-title>
          <test-href>stack-floats-004.xht</test-href>
          <reference-value>=</reference-value>
          <reference-href>reference/stack-floats-001-ref.xht</reference-href>
          <flags>
              <flag>Ahem</flag>
              </flags>
        </test><test>
          <test-title>Newlines in strings</test-title>
          <test-href>strings-000.xht</test-href>
          <reference-value>=</reference-value>
          <reference-href>reference/ref-this-text-should-be-green.xht</reference-href>
          
        </test><test>
          <test-title>CSS: style attributes vs. important tag selector</test-title>
          <test-href>style-attr-cascade-001.xht</test-href>
          <reference-value>=</reference-value>
          <reference-href>reference/ref-green.xht</reference-href>
          
        </test><test>
          <test-title>CSS: style attribute (normal vs. important)</test-title>
          <test-href>style-attr-cascade-002.xht</test-href>
          <reference-value>=</reference-value>
          <reference-href>reference/ref-green.xht</reference-href>
          
        </test><test>
          <test-title>CSS: style attribute vs. tag selector</test-title>
          <test-href>style-attr-cascade-003.xht</test-href>
          <reference-value>=</reference-value>
          <reference-href>reference/ref-green.xht</reference-href>
          
        </test><test>
          <test-title>CSS: style attribute vs. important tag selectors</test-title>
          <test-href>style-attr-cascade-004.xht</test-href>
          <reference-value>=</reference-value>
          <reference-href>reference/ref-green-background.xht</reference-href>
          
        </test><test>
          <test-title>CSS: style attribute vs. tag selectors (interleaved importance)</test-title>
          <test-href>style-attr-cascade-005.xht</test-href>
          <reference-value>=</reference-value>
          <reference-href>reference/ref-green-background.xht</reference-href>
          
        </test><test>
          <test-title>CSS: style attribute and 'inherit'</test-title>
          <test-href>style-attr-cascade-006.xht</test-href>
          <reference-value>=</reference-value>
          <reference-href>reference/ref-green.xht</reference-href>
          
        </test><test>
          <test-title>Style Attribute Inheritance</test-title>
          <test-href>style-attr-cascade-007.xht</test-href>
          <reference-value>=</reference-value>
          <reference-href>reference/style-attr-cascade-007.xht</reference-href>
          <flags>
              <flag>Bitmaps</flag>
              </flags>
        </test><test>
          <test-title>Style attribute and specificity of selectors</test-title>
          <test-href>style-attr-specificity-001.xht</test-href>
          <reference-value>=</reference-value>
          <reference-href>reference/ref-green-on-green.xht</reference-href>
          
        </test><test>
          <test-title>Inline styles vs. 101 ID selectors</test-title>
          <test-href>style-attr-specificity-002.xht</test-href>
          <reference-value>=</reference-value>
          <reference-href>reference/ref-green-on-green.xht</reference-href>
          
        </test><test>
          <test-title>table backgrounds</test-title>
          <test-href>table-backgrounds-bc-cell-001.xht</test-href>
          <reference-value>=</reference-value>
          <reference-href>reference/table-backgrounds-bc-cell-001-ref.xht</reference-href>
          
        </test><test>
          <test-title>table backgrounds</test-title>
          <test-href>table-backgrounds-bc-colgroup-001.xht</test-href>
          <reference-value>=</reference-value>
          <reference-href>reference/table-backgrounds-bc-colgroup-001-ref.xht</reference-href>
          
        </test><test>
          <test-title>table backgrounds</test-title>
          <test-href>table-backgrounds-bc-column-001.xht</test-href>
          <reference-value>=</reference-value>
          <reference-href>reference/table-backgrounds-bc-column-001-ref.xht</reference-href>
          
        </test><test>
          <test-title>table backgrounds</test-title>
          <test-href>table-backgrounds-bc-row-001.xht</test-href>
          <reference-value>=</reference-value>
          <reference-href>reference/table-backgrounds-bc-row-001-ref.xht</reference-href>
          
        </test><test>
          <test-title>table backgrounds</test-title>
          <test-href>table-backgrounds-bc-rowgroup-001.xht</test-href>
          <reference-value>=</reference-value>
          <reference-href>reference/table-backgrounds-bc-rowgroup-001-ref.xht</reference-href>
          
        </test><test>
          <test-title>table backgrounds</test-title>
          <test-href>table-backgrounds-bc-table-001.xht</test-href>
          <reference-value>=</reference-value>
          <reference-href>reference/table-backgrounds-bc-table-001-ref.xht</reference-href>
          
        </test><test>
          <test-title>table backgrounds</test-title>
          <test-href>table-backgrounds-bs-cell-001.xht</test-href>
          <reference-value>=</reference-value>
          <reference-href>reference/table-backgrounds-bs-cell-001-ref.xht</reference-href>
          
        </test><test>
          <test-title>table backgrounds</test-title>
          <test-href>table-backgrounds-bs-colgroup-001.xht</test-href>
          <reference-value>=</reference-value>
          <reference-href>reference/table-backgrounds-bs-colgroup-001-ref.xht</reference-href>
          
        </test><test>
          <test-title>table backgrounds</test-title>
          <test-href>table-backgrounds-bs-column-001.xht</test-href>
          <reference-value>=</reference-value>
          <reference-href>reference/table-backgrounds-bs-column-001-ref.xht</reference-href>
          
        </test><test>
          <test-title>table backgrounds</test-title>
          <test-href>table-backgrounds-bs-row-001.xht</test-href>
          <reference-value>=</reference-value>
          <reference-href>reference/table-backgrounds-bs-row-001-ref.xht</reference-href>
          
        </test><test>
          <test-title>table backgrounds</test-title>
          <test-href>table-backgrounds-bs-rowgroup-001.xht</test-href>
          <reference-value>=</reference-value>
          <reference-href>reference/table-backgrounds-bs-rowgroup-001-ref.xht</reference-href>
          
        </test><test>
          <test-title>table backgrounds</test-title>
          <test-href>table-backgrounds-bs-table-001.xht</test-href>
          <reference-value>=</reference-value>
          <reference-href>reference/table-backgrounds-bs-table-001-ref.xht</reference-href>
          
        </test><test>
          <test-title>Table columns are not rendered</test-title>
          <test-href>table-column-rendering-001.xht</test-href>
          <reference-value>=</reference-value>
          <reference-href>reference/no-red-on-blank-page-ref.xht</reference-href>
          
        </test><test>
          <test-title>Table column groups are not rendered</test-title>
          <test-href>table-column-rendering-002.xht</test-href>
          <reference-value>=</reference-value>
          <reference-href>reference/no-red-on-blank-page-ref.xht</reference-href>
          
        </test><test>
          <test-title>Height of a cell is maximum between its specified 'height' and content minimum height</test-title>
          <test-href>table-height-algorithm-008a.xht</test-href>
          <reference-value>=</reference-value>
          <reference-href>reference/ref-filled-green-100px-square.xht</reference-href>
          <flags>
              <flag>Ahem</flag>
              </flags>
        </test><test>
          <test-title>Height of a cell is maximum between its specified 'height' and content minimum height</test-title>
          <test-href>table-height-algorithm-008b.xht</test-href>
          <reference-value>=</reference-value>
          <reference-href>reference/ref-filled-green-100px-square.xht</reference-href>
          <flags>
              <flag>Ahem</flag>
              </flags>
        </test><test>
          <test-title>Height of a cell is maximum between its specified 'height' and content minimum height</test-title>
          <test-href>table-height-algorithm-008c.xht</test-href>
          <reference-value>=</reference-value>
          <reference-href>reference/ref-filled-green-100px-square.xht</reference-href>
          <flags>
              <flag>Ahem</flag>
              </flags>
        </test><test>
          <test-title>blocks inside inlines &amp;#8211; table-pseudo-in-part3-1</test-title>
          <test-href>table-in-inline-001.xht</test-href>
          <reference-value>=</reference-value>
          <reference-href>reference/table-in-inline-001-ref.xht</reference-href>
          
        </test><test>
          <test-title>Table-layout and 'display: none' elements</test-title>
          <test-href>table-layout-applies-to-016.xht</test-href>
          <reference-value>=</reference-value>
          <reference-href>reference/no-red-on-blank-page-ref.xht</reference-href>
          
        </test><test>
          <test-title>CSS Tables: Margin Collapsing</test-title>
          <test-href>table-margin-004.xht</test-href>
          <reference-value>=</reference-value>
          <reference-href>reference/table-margin-004-ref.xht</reference-href>
          <flags>
              <flag>Ahem</flag>
              </flags>
        </test><test>
          <test-title>Test for baseline alignment of table cells</test-title>
          <test-href>table-vertical-align-baseline-001.xht</test-href>
          <reference-value>=</reference-value>
          <reference-href>reference/table-vertical-align-baseline-001-ref.xht</reference-href>
          
        </test><test>
          <test-title>Test for baseline alignment of table cells</test-title>
          <test-href>table-vertical-align-baseline-002.xht</test-href>
          <reference-value>=</reference-value>
          <reference-href>reference/table-vertical-align-baseline-001-ref.xht</reference-href>
          
        </test><test>
          <test-title>Test for baseline alignment of table cells</test-title>
          <test-href>table-vertical-align-baseline-003.xht</test-href>
          <reference-value>=</reference-value>
          <reference-href>reference/table-vertical-align-baseline-001-ref.xht</reference-href>
          
        </test><test>
          <test-title>Test for baseline alignment of table cells</test-title>
          <test-href>table-vertical-align-baseline-004.xht</test-href>
          <reference-value>=</reference-value>
          <reference-href>reference/table-vertical-align-baseline-001-ref.xht</reference-href>
          
        </test><test>
          <test-title>Test for baseline alignment of table cells</test-title>
          <test-href>table-vertical-align-baseline-005.xht</test-href>
          <reference-value>=</reference-value>
          <reference-href>reference/table-vertical-align-baseline-001-ref.xht</reference-href>
          
        </test><test>
          <test-title>Test for baseline alignment of table cells</test-title>
          <test-href>table-vertical-align-baseline-006.xht</test-href>
          <reference-value>=</reference-value>
          <reference-href>reference/table-vertical-align-baseline-001-ref.xht</reference-href>
          
        </test><test>
          <test-title>Test for baseline alignment of table cells</test-title>
          <test-href>table-vertical-align-baseline-007.xht</test-href>
          <reference-value>=</reference-value>
          <reference-href>reference/table-vertical-align-baseline-001-ref.xht</reference-href>
          
        </test><test>
          <test-title>Table row boxes exactly cover the table in the collapsing borders model</test-title>
          <test-href>table-visual-layout-017.xht</test-href>
          <reference-value>=</reference-value>
          <reference-href>reference/no-red-on-blank-page-ref.xht</reference-href>
          
        </test><test>
          <test-title>Table column boxes exactly cover the table in the collapsing borders model</test-title>
          <test-href>table-visual-layout-018.xht</test-href>
          <reference-value>=</reference-value>
          <reference-href>reference/no-red-on-blank-page-ref.xht</reference-href>
          
        </test><test>
          <test-title>width of column in border-collapse separate model must include cell padding</test-title>
          <test-href>table-visual-layout-026a.xht</test-href>
          <reference-value>=</reference-value>
          <reference-href>reference/ref-filled-green-100px-square.xht</reference-href>
          
        </test><test>
          <test-title>width of column in border-collapse separate model must include cell padding</test-title>
          <test-href>table-visual-layout-026b.xht</test-href>
          <reference-value>=</reference-value>
          <reference-href>reference/ref-filled-green-100px-square.xht</reference-href>
          
        </test><test>
          <test-title>width of column in border-collapse separate model must include cell padding</test-title>
          <test-href>table-visual-layout-026c.xht</test-href>
          <reference-value>=</reference-value>
          <reference-href>reference/ref-filled-green-100px-square.xht</reference-href>
          
        </test><test>
          <test-title>width of column in border-collapse separate model must include cell padding</test-title>
          <test-href>table-visual-layout-026d.xht</test-href>
          <reference-value>=</reference-value>
          <reference-href>reference/ref-filled-green-100px-square.xht</reference-href>
          
        </test><test>
          <test-title>text-align and bidi (basic test)</test-title>
          <test-href>text-align-bidi-011.xht</test-href>
          <reference-value>=</reference-value>
          <reference-href>reference/text-align-bidi-011-ref.xht</reference-href>
          <flags>
              <flag>Ahem</flag>
              </flags>
        </test><test>
          <test-title>Text-align set to 'justify' with 'white-space' set to 'pre'</test-title>
          <test-href>text-align-white-space-001.xht</test-href>
          <reference-value>=</reference-value>
          <reference-href>reference/text-align-white-space-001-ref.xht</reference-href>
          <flags>
              <flag>Ahem</flag>
              </flags>
        </test><test>
          <test-title>Text-align set to 'justify' with 'white-space' set to 'pre-line'</test-title>
          <test-href>text-align-white-space-002.xht</test-href>
          <reference-value>=</reference-value>
          <reference-href>reference/text-align-white-space-002-ref.xht</reference-href>
          <flags>
              <flag>Ahem</flag>
              </flags>
        </test><test>
          <test-title>Text-align set to 'justify' with 'white-space' set to 'pre-wrap'</test-title>
          <test-href>text-align-white-space-003.xht</test-href>
          <reference-value>=</reference-value>
          <reference-href>reference/text-align-white-space-002-ref.xht</reference-href>
          <flags>
              <flag>Ahem</flag>
              </flags>
        </test><test>
          <test-title>Text-align set to 'justify' with 'white-space' set to 'nowrap'</test-title>
          <test-href>text-align-white-space-004.xht</test-href>
          <reference-value>=</reference-value>
          <reference-href>reference/text-align-white-space-004-ref.xht</reference-href>
          <flags>
              <flag>Ahem</flag>
              </flags>
        </test><test>
          <test-title>Text-align set to 'justify' with 'white-space' set to 'pre' and 'direction' set to 'rtl'</test-title>
          <test-href>text-align-white-space-005.xht</test-href>
          <reference-value>=</reference-value>
          <reference-href>reference/text-align-white-space-005-ref.xht</reference-href>
          <flags>
              <flag>Ahem</flag>
              </flags>
        </test><test>
          <test-title>Text-align set to 'justify' with 'white-space' set to 'pre-line' and 'direction' set to 'rtl'</test-title>
          <test-href>text-align-white-space-006.xht</test-href>
          <reference-value>=</reference-value>
          <reference-href>reference/text-align-white-space-002-ref.xht</reference-href>
          <flags>
              <flag>Ahem</flag>
              </flags>
        </test><test>
          <test-title>Text-align set to 'justify' with 'white-space' set to 'pre-wrap' and 'direction' set to 'rtl'</test-title>
          <test-href>text-align-white-space-007.xht</test-href>
          <reference-value>=</reference-value>
          <reference-href>reference/text-align-white-space-002-ref.xht</reference-href>
          <flags>
              <flag>Ahem</flag>
              </flags>
        </test><test>
          <test-title>Text-align set to 'justify' with 'white-space' set to 'nowrap' and 'direction' set to 'rtl'</test-title>
          <test-href>text-align-white-space-008.xht</test-href>
          <reference-value>=</reference-value>
          <reference-href>reference/text-align-white-space-008-ref.xht</reference-href>
          <flags>
              <flag>Ahem</flag>
              </flags>
        </test><test>
          <test-title>Text-decoration on images</test-title>
          <test-href>text-decoration-image-001.xht</test-href>
          <reference-value>=</reference-value>
          <reference-href>reference/no-red-on-blank-page-ref.xht</reference-href>
          <flags>
              <flag>Bitmaps</flag>
              </flags>
        </test><test>
          <test-title>text-decoration: overline - vertical-align: &lt;length&gt;</test-title>
          <test-href>text-decoration-va-length-001.xht</test-href>
          <reference-value>=</reference-value>
          <reference-href>reference/text-decoration-va-length-001-ref.xht</reference-href>
          
        </test><test>
          <test-title>text-decoration: underline - vertical-align: &lt;length&gt;</test-title>
          <test-href>text-decoration-va-length-002.xht</test-href>
          <reference-value>=</reference-value>
          <reference-href>reference/text-decoration-va-length-002-ref.xht</reference-href>
          
        </test><test>
          <test-title>CSS text-indent: Hyatt's Evil Test Which Mixes Lots Of Stuff</test-title>
          <test-href>text-indent-012.xht</test-href>
          <reference-value>=</reference-value>
          <reference-href>reference/text-indent-012-ref.xht</reference-href>
          <flags>
              <flag>Ahem</flag>
              </flags>
        </test><test>
          <test-title>text-indent test (single-line-100)</test-title>
          <test-href>text-indent-113.xht</test-href>
          <reference-value>=</reference-value>
          <reference-href>reference/text-indent-113-ref-margin.xht</reference-href>
          
        </test><test>
          <test-title>text-indent test (single-line-0)</test-title>
          <test-href>text-indent-114.xht</test-href>
          <reference-value>=</reference-value>
          <reference-href>reference/text-indent-114-ref.xht</reference-href>
          
        </test><test>
          <test-title>text-indent test (single-line-indent-inline)</test-title>
          <test-href>text-indent-115.xht</test-href>
          <reference-value>=</reference-value>
          <reference-href>reference/text-indent-115-ref-block-margin.xht</reference-href>
          
        </test><test>
          <test-title>Test for intrinsic widths and text-indent (intrinsic-min)</test-title>
          <test-href>text-indent-intrinsic-001.xht</test-href>
          <reference-value>=</reference-value>
          <reference-href>reference/text-indent-intrinsic-001-ref.xht</reference-href>
          
        </test><test>
          <test-title>Test for intrinsic widths and text-indent (intrinsic-pref)</test-title>
          <test-href>text-indent-intrinsic-002.xht</test-href>
          <reference-value>=</reference-value>
          <reference-href>reference/text-indent-intrinsic-002-ref.xht</reference-href>
          
        </test><test>
          <test-title>Test for intrinsic widths and negative text-indent (negative-intrinsic-min)</test-title>
          <test-href>text-indent-intrinsic-003.xht</test-href>
          <reference-value>=</reference-value>
          <reference-href>reference/text-indent-intrinsic-003-ref.xht</reference-href>
          
        </test><test>
          <test-title>Test for intrinsic widths and negative text-indent (negative-intrinsic-pref)</test-title>
          <test-href>text-indent-intrinsic-004.xht</test-href>
          <reference-value>=</reference-value>
          <reference-href>reference/text-indent-intrinsic-004-ref.xht</reference-href>
          
        </test><test>
          <test-title>Text-indent with negative value with overflow hidden</test-title>
          <test-href>text-indent-overflow-001.xht</test-href>
          <reference-value>=</reference-value>
          <reference-href>reference/no-red-on-blank-page-ref.xht</reference-href>
          
        </test><test>
          <test-title>Text-indent with value larger than the available width with 'overflow' set to 'hidden'</test-title>
          <test-href>text-indent-overflow-004.xht</test-href>
          <reference-value>=</reference-value>
          <reference-href>reference/no-red-on-blank-page-ref.xht</reference-href>
          
        </test><test>
          <test-title>text-indent test (single-line-percent)</test-title>
          <test-href>text-indent-percent-001.xht</test-href>
          <reference-value>=</reference-value>
          <reference-href>reference/text-indent-percent-001-ref.xht</reference-href>
          
        </test><test>
          <test-title>text-indent test (multiple-line)</test-title>
          <test-href>text-indent-wrap-001.xht</test-href>
          <reference-value>=</reference-value>
          <reference-href>reference/text-indent-wrap-001-ref-inline-margin.xht</reference-href>
          
        </test><test>
          <test-title>text-transform</test-title>
          <test-href>text-transform-capitalize-001.xht</test-href>
          <reference-value>=</reference-value>
          <reference-href>reference/text-transform-capitalize-001-ref.xht</reference-href>
          
        </test><test>
          <test-title>text-transform</test-title>
          <test-href>text-transform-capitalize-002.xht</test-href>
          <reference-value>=</reference-value>
          <reference-href>reference/text-transform-capitalize-001-ref.xht</reference-href>
          
        </test><test>
          <test-title>text-transform</test-title>
          <test-href>text-transform-capitalize-003.xht</test-href>
          <reference-value>=</reference-value>
          <reference-href>reference/text-transform-capitalize-003-ref.xht</reference-href>
          
        </test><test>
          <test-title>text-transform</test-title>
          <test-href>text-transform-lowercase-001.xht</test-href>
          <reference-value>=</reference-value>
          <reference-href>reference/text-transform-lowercase-001-ref.xht</reference-href>
          
        </test><test>
          <test-title>text-transform</test-title>
          <test-href>text-transform-uppercase-001.xht</test-href>
          <reference-value>=</reference-value>
          <reference-href>reference/text-transform-uppercase-001-ref.xht</reference-href>
          
        </test><test>
          <test-title>text-transform szlig</test-title>
          <test-href>text-transform-uppercase-002.xht</test-href>
          <reference-value>=</reference-value>
          <reference-href>reference/text-transform-uppercase-002-ref.xht</reference-href>
          
        </test><test>
          <test-title>Top using pixels with a value of negative zero, -0px</test-title>
          <test-href>top-004.xht</test-href>
          <reference-value>=</reference-value>
          <reference-href>reference/ref-no-vert-space-between.xht</reference-href>
          
        </test><test>
          <test-title>Top using pixels with a value of zero, 0px</test-title>
          <test-href>top-005.xht</test-href>
          <reference-value>=</reference-value>
          <reference-href>reference/ref-no-vert-space-between.xht</reference-href>
          
        </test><test>
          <test-title>Top using pixels with a value of positive zero, +0px</test-title>
          <test-href>top-006.xht</test-href>
          <reference-value>=</reference-value>
          <reference-href>reference/ref-no-vert-space-between.xht</reference-href>
          
        </test><test>
          <test-title>Top using pixels with a nominal value, 96px</test-title>
          <test-href>top-007.xht</test-href>
          <reference-value>=</reference-value>
          <reference-href>reference/top-007-ref.xht</reference-href>
          
        </test><test>
          <test-title>Top using pixels with a positive nominal value, +96px</test-title>
          <test-href>top-008.xht</test-href>
          <reference-value>=</reference-value>
          <reference-href>reference/top-007-ref.xht</reference-href>
          
        </test><test>
          <test-title>Top using points with a value of negative zero, -0pt</test-title>
          <test-href>top-016.xht</test-href>
          <reference-value>=</reference-value>
          <reference-href>reference/ref-no-vert-space-between.xht</reference-href>
          
        </test><test>
          <test-title>Top using points with a value of zero, 0pt</test-title>
          <test-href>top-017.xht</test-href>
          <reference-value>=</reference-value>
          <reference-href>reference/ref-no-vert-space-between.xht</reference-href>
          
        </test><test>
          <test-title>Top using points with a value of positive zero, +0pt</test-title>
          <test-href>top-018.xht</test-href>
          <reference-value>=</reference-value>
          <reference-href>reference/ref-no-vert-space-between.xht</reference-href>
          
        </test><test>
          <test-title>Top using points with a nominal value, 72pt</test-title>
          <test-href>top-019.xht</test-href>
          <reference-value>=</reference-value>
          <reference-href>reference/top-019-ref.xht</reference-href>
          
        </test><test>
          <test-title>Top using points with a positive nominal value, +72pt</test-title>
          <test-href>top-020.xht</test-href>
          <reference-value>=</reference-value>
          <reference-href>reference/top-019-ref.xht</reference-href>
          
        </test><test>
          <test-title>Top using picas with a value of negative zero, -0pc</test-title>
          <test-href>top-028.xht</test-href>
          <reference-value>=</reference-value>
          <reference-href>reference/ref-no-vert-space-between.xht</reference-href>
          
        </test><test>
          <test-title>Top using picas with a value of zero, 0pc</test-title>
          <test-href>top-029.xht</test-href>
          <reference-value>=</reference-value>
          <reference-href>reference/ref-no-vert-space-between.xht</reference-href>
          
        </test><test>
          <test-title>Top using picas with a value of positive zero, +0pc</test-title>
          <test-href>top-030.xht</test-href>
          <reference-value>=</reference-value>
          <reference-href>reference/ref-no-vert-space-between.xht</reference-href>
          
        </test><test>
          <test-title>Top using picas with a nominal value, 6pc</test-title>
          <test-href>top-031.xht</test-href>
          <reference-value>=</reference-value>
          <reference-href>reference/top-007-ref.xht</reference-href>
          
        </test><test>
          <test-title>Top using picas with a positive nominal value, +6pc</test-title>
          <test-href>top-032.xht</test-href>
          <reference-value>=</reference-value>
          <reference-href>reference/top-007-ref.xht</reference-href>
          
        </test><test>
          <test-title>Top using centimeters with a value of negative zero, -0cm</test-title>
          <test-href>top-040.xht</test-href>
          <reference-value>=</reference-value>
          <reference-href>reference/ref-no-vert-space-between.xht</reference-href>
          
        </test><test>
          <test-title>Top using centimeters with a value of zero, 0cm</test-title>
          <test-href>top-041.xht</test-href>
          <reference-value>=</reference-value>
          <reference-href>reference/ref-no-vert-space-between.xht</reference-href>
          
        </test><test>
          <test-title>Top using centimeters with a value of positive zero, +0cm</test-title>
          <test-href>top-042.xht</test-href>
          <reference-value>=</reference-value>
          <reference-href>reference/ref-no-vert-space-between.xht</reference-href>
          
        </test><test>
          <test-title>Top using centimeters with a nominal value, 2.54cm</test-title>
          <test-href>top-043.xht</test-href>
          <reference-value>=</reference-value>
          <reference-href>reference/top-019-ref.xht</reference-href>
          
        </test><test>
          <test-title>Top using centimeters with a positive nominal value, +2.54cm</test-title>
          <test-href>top-044.xht</test-href>
          <reference-value>=</reference-value>
          <reference-href>reference/top-019-ref.xht</reference-href>
          
        </test><test>
          <test-title>Top using millimeters with a value of negative zero, -0mm</test-title>
          <test-href>top-052.xht</test-href>
          <reference-value>=</reference-value>
          <reference-href>reference/ref-no-vert-space-between.xht</reference-href>
          
        </test><test>
          <test-title>Top using millimeters with a value of zero, 0mm</test-title>
          <test-href>top-053.xht</test-href>
          <reference-value>=</reference-value>
          <reference-href>reference/ref-no-vert-space-between.xht</reference-href>
          
        </test><test>
          <test-title>Top using millimeters with a value of positive zero, +0mm</test-title>
          <test-href>top-054.xht</test-href>
          <reference-value>=</reference-value>
          <reference-href>reference/ref-no-vert-space-between.xht</reference-href>
          
        </test><test>
          <test-title>Top using millimeters with a nominal value, 25.4mm</test-title>
          <test-href>top-055.xht</test-href>
          <reference-value>=</reference-value>
          <reference-href>reference/top-019-ref.xht</reference-href>
          
        </test><test>
          <test-title>Top using millimeters with a positive nominal value, +25.4mm</test-title>
          <test-href>top-056.xht</test-href>
          <reference-value>=</reference-value>
          <reference-href>reference/top-019-ref.xht</reference-href>
          
        </test><test>
          <test-title>Top using inches with a value of negative zero, -0in</test-title>
          <test-href>top-064.xht</test-href>
          <reference-value>=</reference-value>
          <reference-href>reference/ref-no-vert-space-between.xht</reference-href>
          
        </test><test>
          <test-title>Top using inches with a value of zero, 0in</test-title>
          <test-href>top-065.xht</test-href>
          <reference-value>=</reference-value>
          <reference-href>reference/ref-no-vert-space-between.xht</reference-href>
          
        </test><test>
          <test-title>Top using inches with a value of positive zero, +0in</test-title>
          <test-href>top-066.xht</test-href>
          <reference-value>=</reference-value>
          <reference-href>reference/ref-no-vert-space-between.xht</reference-href>
          
        </test><test>
          <test-title>Top using inches with a nominal value, 1in</test-title>
          <test-href>top-067.xht</test-href>
          <reference-value>=</reference-value>
          <reference-href>reference/top-019-ref.xht</reference-href>
          
        </test><test>
          <test-title>Top using inches with a positive nominal value, +1in</test-title>
          <test-href>top-068.xht</test-href>
          <reference-value>=</reference-value>
          <reference-href>reference/top-019-ref.xht</reference-href>
          
        </test><test>
          <test-title>Top using 'em' units with a value of negative zero, -0em</test-title>
          <test-href>top-076.xht</test-href>
          <reference-value>=</reference-value>
          <reference-href>reference/ref-no-vert-space-between.xht</reference-href>
          <flags>
              <flag>Ahem</flag>
              </flags>
        </test><test>
          <test-title>Top using 'em' units with a value of zero, 0em</test-title>
          <test-href>top-077.xht</test-href>
          <reference-value>=</reference-value>
          <reference-href>reference/ref-no-vert-space-between.xht</reference-href>
          <flags>
              <flag>Ahem</flag>
              </flags>
        </test><test>
          <test-title>Top using 'em' units with a value of positive zero, +0em</test-title>
          <test-href>top-078.xht</test-href>
          <reference-value>=</reference-value>
          <reference-href>reference/ref-no-vert-space-between.xht</reference-href>
          <flags>
              <flag>Ahem</flag>
              </flags>
        </test><test>
          <test-title>Top using 'em' units with a nominal value, 6em</test-title>
          <test-href>top-079.xht</test-href>
          <reference-value>=</reference-value>
          <reference-href>reference/top-079-ref.xht</reference-href>
          <flags>
              <flag>Ahem</flag>
              </flags>
        </test><test>
          <test-title>Top using 'em' units with a positive nominal value, +6em</test-title>
          <test-href>top-080.xht</test-href>
          <reference-value>=</reference-value>
          <reference-href>reference/top-079-ref.xht</reference-href>
          <flags>
              <flag>Ahem</flag>
              </flags>
        </test><test>
          <test-title>Top using 'ex' units with a value of negative zero, -0ex</test-title>
          <test-href>top-088.xht</test-href>
          <reference-value>=</reference-value>
          <reference-href>reference/ref-no-vert-space-between.xht</reference-href>
          <flags>
              <flag>Ahem</flag>
              </flags>
        </test><test>
          <test-title>Top using 'ex' units with a value of zero, 0ex</test-title>
          <test-href>top-089.xht</test-href>
          <reference-value>=</reference-value>
          <reference-href>reference/ref-no-vert-space-between.xht</reference-href>
          <flags>
              <flag>Ahem</flag>
              </flags>
        </test><test>
          <test-title>Top using 'ex' units with a value of positive zero, +0ex</test-title>
          <test-href>top-090.xht</test-href>
          <reference-value>=</reference-value>
          <reference-href>reference/ref-no-vert-space-between.xht</reference-href>
          <flags>
              <flag>Ahem</flag>
              </flags>
        </test><test>
          <test-title>Top using 'ex' units with a nominal value, 6ex</test-title>
          <test-href>top-091.xht</test-href>
          <reference-value>=</reference-value>
          <reference-href>reference/top-019-ref.xht</reference-href>
          <flags>
              <flag>Ahem</flag>
              </flags>
        </test><test>
          <test-title>Top using 'ex' units with a positive nominal value, +6ex</test-title>
          <test-href>top-092.xht</test-href>
          <reference-value>=</reference-value>
          <reference-href>reference/top-019-ref.xht</reference-href>
          <flags>
              <flag>Ahem</flag>
              </flags>
        </test><test>
          <test-title>Top using percentages with a value of negative zero, -0%</test-title>
          <test-href>top-100.xht</test-href>
          <reference-value>=</reference-value>
          <reference-href>reference/ref-no-vert-space-between.xht</reference-href>
          
        </test><test>
          <test-title>Top using percentages with a value of zero, 0%</test-title>
          <test-href>top-101.xht</test-href>
          <reference-value>=</reference-value>
          <reference-href>reference/ref-no-vert-space-between.xht</reference-href>
          
        </test><test>
          <test-title>Top using percentages with a value of positive zero, +0%</test-title>
          <test-href>top-102.xht</test-href>
          <reference-value>=</reference-value>
          <reference-href>reference/ref-no-vert-space-between.xht</reference-href>
          
        </test><test>
          <test-title>Top using percentages with a nominal value, 100%</test-title>
          <test-href>top-103.xht</test-href>
          <reference-value>=</reference-value>
          <reference-href>reference/top-019-ref.xht</reference-href>
          
        </test><test>
          <test-title>Top using percentages with a positive nominal value, +100%</test-title>
          <test-href>top-104.xht</test-href>
          <reference-value>=</reference-value>
          <reference-href>reference/top-019-ref.xht</reference-href>
          
        </test><test>
          <test-title>Top with a value of negative zero and no units, -0</test-title>
          <test-href>top-109.xht</test-href>
          <reference-value>=</reference-value>
          <reference-href>reference/ref-no-vert-space-between.xht</reference-href>
          
        </test><test>
          <test-title>Top with a value of zero and no units, 0</test-title>
          <test-href>top-110.xht</test-href>
          <reference-value>=</reference-value>
          <reference-href>reference/ref-no-vert-space-between.xht</reference-href>
          
        </test><test>
          <test-title>Top with a value of positive zero and no units, +0</test-title>
          <test-href>top-111.xht</test-href>
          <reference-value>=</reference-value>
          <reference-href>reference/ref-no-vert-space-between.xht</reference-href>
          
        </test><test>
          <test-title>Top with a value of 'auto'</test-title>
          <test-href>top-112.xht</test-href>
          <reference-value>=</reference-value>
          <reference-href>reference/ref-no-vert-space-between.xht</reference-href>
          
        </test><test>
          <test-title>Top with a value of 'inherit'</test-title>
          <test-href>top-113.xht</test-href>
          <reference-value>=</reference-value>
          <reference-href>reference/top-113-ref.xht</reference-href>
          
        </test><test>
          <test-title>position relative - top offset percentage and inherit</test-title>
          <test-href>top-114.xht</test-href>
          <reference-value>=</reference-value>
          <reference-href>reference/top-114-ref.xht</reference-href>
          
        </test><test>
          <test-title>position relative - top offset percentage and auto-height containing block</test-title>
          <test-href>top-115.xht</test-href>
          <reference-value>=</reference-value>
          <reference-href>reference/top-115-ref.xht</reference-href>
          
        </test><test>
          <test-title>Top applied to element with 'display' set to 'table-row-group'</test-title>
          <test-href>top-applies-to-001.xht</test-href>
          <reference-value>=</reference-value>
          <reference-href>reference/top-applies-to-001-ref.xht</reference-href>
          
        </test><test>
          <test-title>Top applied to element with 'display' set to 'table-header-group'</test-title>
          <test-href>top-applies-to-002.xht</test-href>
          <reference-value>=</reference-value>
          <reference-href>reference/top-applies-to-001-ref.xht</reference-href>
          
        </test><test>
          <test-title>Top applied to element with 'display' set to 'table-footer-group'</test-title>
          <test-href>top-applies-to-003.xht</test-href>
          <reference-value>=</reference-value>
          <reference-href>reference/top-applies-to-001-ref.xht</reference-href>
          
        </test><test>
          <test-title>Top applied to element with 'display' set to 'table-row'</test-title>
          <test-href>top-applies-to-004.xht</test-href>
          <reference-value>=</reference-value>
          <reference-href>reference/top-applies-to-001-ref.xht</reference-href>
          
        </test><test>
          <test-title>Top applied to element with 'display' set to 'table-column-group'</test-title>
          <test-href>top-applies-to-005.xht</test-href>
          <reference-value>=</reference-value>
          <reference-href>reference/top-applies-to-001-ref.xht</reference-href>
          
        </test><test>
          <test-title>Top applied to element with 'display' set to 'table-column'</test-title>
          <test-href>top-applies-to-006.xht</test-href>
          <reference-value>=</reference-value>
          <reference-href>reference/top-applies-to-001-ref.xht</reference-href>
          
        </test><test>
          <test-title>Top applied to element with 'display' set to 'table-cell'</test-title>
          <test-href>top-applies-to-007.xht</test-href>
          <reference-value>=</reference-value>
          <reference-href>reference/top-applies-to-001-ref.xht</reference-href>
          
        </test><test>
          <test-title>Top applied to element with 'display' set to block</test-title>
          <test-href>top-applies-to-009.xht</test-href>
          <reference-value>=</reference-value>
          <reference-href>reference/top-applies-to-001-ref.xht</reference-href>
          
        </test><test>
          <test-title>Top applied to element with 'display' set to inline-block</test-title>
          <test-href>top-applies-to-012.xht</test-href>
          <reference-value>=</reference-value>
          <reference-href>reference/top-applies-to-001-ref.xht</reference-href>
          
        </test><test>
          <test-title>Top applied to element with 'display' set to 'table'</test-title>
          <test-href>top-applies-to-013.xht</test-href>
          <reference-value>=</reference-value>
          <reference-href>reference/top-applies-to-001-ref.xht</reference-href>
          
        </test><test>
          <test-title>Top applied to element with 'display' set to 'inline-table'</test-title>
          <test-href>top-applies-to-014.xht</test-href>
          <reference-value>=</reference-value>
          <reference-href>reference/top-applies-to-001-ref.xht</reference-href>
          
        </test><test>
          <test-title>Top applied to element with 'display' set to 'table-caption'</test-title>
          <test-href>top-applies-to-015.xht</test-href>
          <reference-value>=</reference-value>
          <reference-href>reference/top-applies-to-001-ref.xht</reference-href>
          
        </test><test>
          <test-title>Position 'top' property defines the offset from the top edge of the containing block for absolute positioning</test-title>
          <test-href>top-offset-001.xht</test-href>
          <reference-value>=</reference-value>
          <reference-href>reference/bottom-offset-001-ref.xht</reference-href>
          
        </test><test>
          <test-title>Position 'top' offset property - absolute length value and relative positioning</test-title>
          <test-href>top-offset-002.xht</test-href>
          <reference-value>=</reference-value>
          <reference-href>reference/bottom-offset-001-ref.xht</reference-href>
          
        </test><test>
          <test-title>Position 'top' property defines the offset from the top edge of the containing block</test-title>
          <test-href>top-offset-003.xht</test-href>
          <reference-value>=</reference-value>
          <reference-href>reference/top-offset-003-ref.xht</reference-href>
          
        </test><test>
          <test-title>Top offset using percentage</test-title>
          <test-href>top-offset-percentage-001.xht</test-href>
          <reference-value>=</reference-value>
          <reference-href>reference/top-offset-percentage-001-ref.xht</reference-href>
          
        </test><test>
          <test-title>position absolute - top offset percentage and inherit</test-title>
          <test-href>top-offset-percentage-002.xht</test-href>
          <reference-value>=</reference-value>
          <reference-href>reference/left-offset-percentage-002-ref.xht</reference-href>
          
        </test><test>
          <test-title>Unicode-bidi set to 'normal'</test-title>
          <test-href>unicode-bidi-001.xht</test-href>
          <reference-value>=</reference-value>
          <reference-href>reference/direction-002-ref.xht</reference-href>
          
        </test><test>
          <test-title>Unicode-bidi set to 'embed'</test-title>
          <test-href>unicode-bidi-002.xht</test-href>
          <reference-value>=</reference-value>
          <reference-href>reference/unicode-bidi-002-ref.xht</reference-href>
          
        </test><test>
          <test-title>Unicode-bidi set to 'bidi-override'</test-title>
          <test-href>unicode-bidi-003.xht</test-href>
          <reference-value>=</reference-value>
          <reference-href>reference/direction-002-ref.xht</reference-href>
          
        </test><test>
          <test-title>Unicode-bidi set to 'inherit'</test-title>
          <test-href>unicode-bidi-004.xht</test-href>
          <reference-value>=</reference-value>
          <reference-href>reference/direction-002-ref.xht</reference-href>
          
        </test><test>
          <test-title>Unicode-bidi applied to element with 'display' set to 'table-row-group'</test-title>
          <test-href>unicode-bidi-applies-to-001.xht</test-href>
          <reference-value>=</reference-value>
          <reference-href>reference/direction-applies-to-008-ref.xht</reference-href>
          
        </test><test>
          <test-title>Unicode-bidi applied to element with 'display' set to 'table-header-group'</test-title>
          <test-href>unicode-bidi-applies-to-002.xht</test-href>
          <reference-value>=</reference-value>
          <reference-href>reference/direction-applies-to-008-ref.xht</reference-href>
          
        </test><test>
          <test-title>Unicode-bidi applied to element with 'display' set to 'table-footer-group'</test-title>
          <test-href>unicode-bidi-applies-to-003.xht</test-href>
          <reference-value>=</reference-value>
          <reference-href>reference/direction-applies-to-008-ref.xht</reference-href>
          
        </test><test>
          <test-title>Unicode-bidi applied to element with 'display' set to 'table-row'</test-title>
          <test-href>unicode-bidi-applies-to-004.xht</test-href>
          <reference-value>=</reference-value>
          <reference-href>reference/direction-applies-to-008-ref.xht</reference-href>
          
        </test><test>
          <test-title>Unicode-bidi applied to element with 'display' set to 'table-column-group'</test-title>
          <test-href>unicode-bidi-applies-to-005.xht</test-href>
          <reference-value>=</reference-value>
          <reference-href>reference/direction-applies-to-008-ref.xht</reference-href>
          
        </test><test>
          <test-title>Unicode-bidi applied to element with 'display' set to 'table-column'</test-title>
          <test-href>unicode-bidi-applies-to-006.xht</test-href>
          <reference-value>=</reference-value>
          <reference-href>reference/direction-applies-to-008-ref.xht</reference-href>
          
        </test><test>
          <test-title>Unicode-bidi applied to element with 'display' set to 'table-cell'</test-title>
          <test-href>unicode-bidi-applies-to-007.xht</test-href>
          <reference-value>=</reference-value>
          <reference-href>reference/direction-applies-to-008-ref.xht</reference-href>
          
        </test><test>
          <test-title>Unicode-bidi applied to element with 'display' set to inline</test-title>
          <test-href>unicode-bidi-applies-to-008.xht</test-href>
          <reference-value>=</reference-value>
          <reference-href>reference/direction-applies-to-008-ref.xht</reference-href>
          
        </test><test>
          <test-title>Unicode-bidi applied to element with 'display' set to block</test-title>
          <test-href>unicode-bidi-applies-to-009.xht</test-href>
          <reference-value>=</reference-value>
          <reference-href>reference/unicode-bidi-applies-to-009-ref.xht</reference-href>
          
        </test><test>
          <test-title>Unicode-bidi applied to element with 'display' set to inline-block</test-title>
          <test-href>unicode-bidi-applies-to-012.xht</test-href>
          <reference-value>=</reference-value>
          <reference-href>reference/direction-applies-to-008-ref.xht</reference-href>
          
        </test><test>
          <test-title>Unicode-bidi applied to element with 'display' set to 'table'</test-title>
          <test-href>unicode-bidi-applies-to-013.xht</test-href>
          <reference-value>=</reference-value>
          <reference-href>reference/direction-applies-to-008-ref.xht</reference-href>
          
        </test><test>
          <test-title>Unicode-bidi applied to element with 'display' set to 'inline-table'</test-title>
          <test-href>unicode-bidi-applies-to-014.xht</test-href>
          <reference-value>=</reference-value>
          <reference-href>reference/direction-applies-to-008-ref.xht</reference-href>
          
        </test><test>
          <test-title>Unicode-bidi applied to element with 'display' set to 'table-caption'</test-title>
          <test-href>unicode-bidi-applies-to-015.xht</test-href>
          <reference-value>=</reference-value>
          <reference-href>reference/direction-applies-to-008-ref.xht</reference-href>
          
        </test><test>
          <test-title>Units: Equivalence</test-title>
          <test-href>units-001.xht</test-href>
          <reference-value>=</reference-value>
          <reference-href>reference/units-001-ref.xht</reference-href>
          <flags>
              <flag>Ahem</flag>
              </flags>
        </test><test>
          <test-title>Units: ex</test-title>
          <test-href>units-002.xht</test-href>
          <reference-value>=</reference-value>
          <reference-href>reference/units-002-ref.xht</reference-href>
          <flags>
              <flag>Ahem</flag>
              </flags>
        </test><test>
          <test-title>Units: ex</test-title>
          <test-href>units-003.xht</test-href>
          <reference-value>=</reference-value>
          <reference-href>reference/units-003-ref.xht</reference-href>
          <flags>
              <flag>Ahem</flag>
              </flags>
        </test><test>
          <test-title>Units: ex</test-title>
          <test-href>units-004.xht</test-href>
          <reference-value>=</reference-value>
          <reference-href>reference/units-004-ref.xht</reference-href>
          <flags>
              <flag>Ahem</flag>
              </flags>
        </test><test>
          <test-title>Units: em (0.87em floats)</test-title>
          <test-href>units-005.xht</test-href>
          <reference-value>=</reference-value>
          <reference-href>reference/units-005-ref.xht</reference-href>
          
        </test><test>
          <test-title>Units: px and font-size</test-title>
          <test-href>units-006.xht</test-href>
          <reference-value>=</reference-value>
          <reference-href>reference/units-006-ref.xht</reference-href>
          <flags>
              <flag>Ahem</flag>
              </flags>
        </test><test>
          <test-title>Units: px and inherited font-size</test-title>
          <test-href>units-008.xht</test-href>
          <reference-value>=</reference-value>
          <reference-href>reference/units-006-ref.xht</reference-href>
          <flags>
              <flag>Ahem</flag>
              </flags>
        </test><test>
          <test-title>Units: px and dependent font-size</test-title>
          <test-href>units-009.xht</test-href>
          <reference-value>=</reference-value>
          <reference-href>reference/units-006-ref.xht</reference-href>
          <flags>
              <flag>Ahem</flag>
              </flags>
        </test><test>
          <test-title>Implied universal selector for class selector</test-title>
          <test-href>universal-selector-003.xht</test-href>
          <reference-value>=</reference-value>
          <reference-href>reference/filler-text-below-green.xht</reference-href>
          
        </test><test>
          <test-title>Implied universal selector for ID</test-title>
          <test-href>universal-selector-004.xht</test-href>
          <reference-value>=</reference-value>
          <reference-href>reference/filler-text-below-green.xht</reference-href>
          
        </test><test>
          <test-title>Error handling of unterminated strings</test-title>
          <test-href>unterminated-string-001.xht</test-href>
          <reference-value>=</reference-value>
          <reference-href>reference/filler-text-below-green.xht</reference-href>
          <flags>
              <flag>Invalid</flag>
              </flags>
        </test><test>
          <test-title>Parsing valid URIs with white space and no quotes</test-title>
          <test-href>uri-001.xht</test-href>
          <reference-value>=</reference-value>
          <reference-href>reference/filler-text-below-green.xht</reference-href>
          
        </test><test>
          <test-title>Parsing URL with an invalid space</test-title>
          <test-href>uri-002.xht</test-href>
          <reference-value>=</reference-value>
          <reference-href>reference/no-red-filler-text-ref.xht</reference-href>
          <flags>
              <flag>Invalid</flag>
              </flags>
        </test><test>
          <test-title>URL with missing closing parenthesis</test-title>
          <test-href>uri-003.xht</test-href>
          <reference-value>=</reference-value>
          <reference-href>reference/no-red-filler-text-ref.xht</reference-href>
          <flags>
              <flag>Bitmaps</flag><flag>Invalid</flag>
              </flags>
        </test><test>
          <test-title>URL function with URI that has escaped special chars</test-title>
          <test-href>uri-004.xht</test-href>
          <reference-value>=</reference-value>
          <reference-href>reference/ref-green-background.xht</reference-href>
          <flags>
              <flag>Bitmaps</flag>
              </flags>
        </test><test>
          <test-title>URL function with escaped special chars - single quote</test-title>
          <test-href>uri-005.xht</test-href>
          <reference-value>=</reference-value>
          <reference-href>reference/ref-green-background.xht</reference-href>
          <flags>
              <flag>Bitmaps</flag>
              </flags>
        </test><test>
          <test-title>Invalid character (*) after URL function values</test-title>
          <test-href>uri-006.xht</test-href>
          <reference-value>=</reference-value>
          <reference-href>reference/no-red-filler-text-ref.xht</reference-href>
          <flags>
              <flag>Bitmaps</flag><flag>Invalid</flag>
              </flags>
        </test><test>
          <test-title>Invalid character (&amp;) after URL functions values</test-title>
          <test-href>uri-007.xht</test-href>
          <reference-value>=</reference-value>
          <reference-href>reference/no-red-filler-text-ref.xht</reference-href>
          <flags>
              <flag>Bitmaps</flag><flag>Invalid</flag>
              </flags>
        </test><test>
          <test-title>Invalid characters (alpha) before URL function values</test-title>
          <test-href>uri-008.xht</test-href>
          <reference-value>=</reference-value>
          <reference-href>reference/no-red-filler-text-ref.xht</reference-href>
          <flags>
              <flag>Bitmaps</flag><flag>Invalid</flag>
              </flags>
        </test><test>
          <test-title>Invalid character (/) before URL functions</test-title>
          <test-href>uri-009.xht</test-href>
          <reference-value>=</reference-value>
          <reference-href>reference/no-red-filler-text-ref.xht</reference-href>
          <flags>
              <flag>Bitmaps</flag><flag>Invalid</flag>
              </flags>
        </test><test>
          <test-title>Invalid character (_) before URL functions</test-title>
          <test-href>uri-010.xht</test-href>
          <reference-value>=</reference-value>
          <reference-href>reference/no-red-filler-text-ref.xht</reference-href>
          <flags>
              <flag>Bitmaps</flag><flag>Invalid</flag>
              </flags>
        </test><test>
          <test-title>Invalid character (=) before URL functions</test-title>
          <test-href>uri-011.xht</test-href>
          <reference-value>=</reference-value>
          <reference-href>reference/no-red-filler-text-ref.xht</reference-href>
          <flags>
              <flag>Bitmaps</flag><flag>Invalid</flag>
              </flags>
        </test><test>
          <test-title>Error handling of broken url() - balancing braces</test-title>
          <test-href>uri-012.xht</test-href>
          <reference-value>=</reference-value>
          <reference-href>reference/uri-012-ref.xht</reference-href>
          <flags>
              <flag>Invalid</flag>
              </flags>
        </test><test>
          <test-title>handling of invalid url() functions</test-title>
          <test-href>uri-013.xht</test-href>
          <reference-value>=</reference-value>
          <reference-href>reference/uri-013-ref.xht</reference-href>
          <flags>
              <flag>Invalid</flag>
              </flags>
        </test><test>
          <test-title>Unquoted commas in url()</test-title>
          <test-href>uri-014.xht</test-href>
          <reference-value>=</reference-value>
          <reference-href>reference/ref-green-background.xht</reference-href>
          
        </test><test>
          <test-title>Escaped url() functional notation</test-title>
          <test-href>uri-015.xht</test-href>
          <reference-value>=</reference-value>
          <reference-href>reference/ref-green-background.xht</reference-href>
          
        </test><test>
          <test-title>Error handling of broken url() with open /*</test-title>
          <test-href>uri-016.xht</test-href>
          <reference-value>=</reference-value>
          <reference-href>reference/uri-016-ref.xht</reference-href>
          
        </test><test>
          <test-title>Unclosed URI Token at EOF (in declaration)</test-title>
          <test-href>uri-017.xht</test-href>
          <reference-value>=</reference-value>
          <reference-href>reference/uri-017-ref.xht</reference-href>
          <flags>
              <flag>Bitmaps</flag><flag>Invalid</flag>
              </flags>
        </test><test>
          <test-title>Unclosed URI Token at EOF (in @import)</test-title>
          <test-href>uri-018.xht</test-href>
          <reference-value>=</reference-value>
          <reference-href>reference/ref-this-text-should-be-green.xht</reference-href>
          <flags>
              <flag>Bitmaps</flag><flag>Invalid</flag>
              </flags>
        </test><test>
          <test-title>Vertical-align using pixels with a negative zero value, -0px</test-title>
          <test-href>vertical-align-004.xht</test-href>
          <reference-value>=</reference-value>
          <reference-href>reference/vertical-align-004-ref.xht</reference-href>
          <flags>
              <flag>Ahem</flag>
              </flags>
        </test><test>
          <test-title>Vertical-align using pixels with a zero value, 0px</test-title>
          <test-href>vertical-align-005.xht</test-href>
          <reference-value>=</reference-value>
          <reference-href>reference/vertical-align-004-ref.xht</reference-href>
          <flags>
              <flag>Ahem</flag>
              </flags>
        </test><test>
          <test-title>Vertical-align using pixels with a positive zero value, +0px</test-title>
          <test-href>vertical-align-006.xht</test-href>
          <reference-value>=</reference-value>
          <reference-href>reference/vertical-align-004-ref.xht</reference-href>
          <flags>
              <flag>Ahem</flag>
              </flags>
        </test><test>
          <test-title>Vertical-align using pixels with a nominal value, 96px</test-title>
          <test-href>vertical-align-007.xht</test-href>
          <reference-value>=</reference-value>
          <reference-href>reference/vertical-align-007-ref.xht</reference-href>
          <flags>
              <flag>Ahem</flag>
              </flags>
        </test><test>
          <test-title>Vertical-align using pixels with a positive nominal value, +96px</test-title>
          <test-href>vertical-align-008.xht</test-href>
          <reference-value>=</reference-value>
          <reference-href>reference/vertical-align-007-ref.xht</reference-href>
          <flags>
              <flag>Ahem</flag>
              </flags>
        </test><test>
          <test-title>Vertical-align using points with a negative zero value, -0pt</test-title>
          <test-href>vertical-align-016.xht</test-href>
          <reference-value>=</reference-value>
          <reference-href>reference/vertical-align-004-ref.xht</reference-href>
          <flags>
              <flag>Ahem</flag>
              </flags>
        </test><test>
          <test-title>Vertical-align using points with a zero value, 0pt</test-title>
          <test-href>vertical-align-017.xht</test-href>
          <reference-value>=</reference-value>
          <reference-href>reference/vertical-align-004-ref.xht</reference-href>
          <flags>
              <flag>Ahem</flag>
              </flags>
        </test><test>
          <test-title>Vertical-align using points with a positive zero value, +0pt</test-title>
          <test-href>vertical-align-018.xht</test-href>
          <reference-value>=</reference-value>
          <reference-href>reference/vertical-align-004-ref.xht</reference-href>
          <flags>
              <flag>Ahem</flag>
              </flags>
        </test><test>
          <test-title>Vertical-align using points with a nominal value, 72pt</test-title>
          <test-href>vertical-align-019.xht</test-href>
          <reference-value>=</reference-value>
          <reference-href>reference/vertical-align-007-ref.xht</reference-href>
          <flags>
              <flag>Ahem</flag>
              </flags>
        </test><test>
          <test-title>Vertical-align using points with a positive nominal value, +72pt</test-title>
          <test-href>vertical-align-020.xht</test-href>
          <reference-value>=</reference-value>
          <reference-href>reference/vertical-align-007-ref.xht</reference-href>
          <flags>
              <flag>Ahem</flag>
              </flags>
        </test><test>
          <test-title>Vertical-align using picas with a negative zero value, -0pc</test-title>
          <test-href>vertical-align-028.xht</test-href>
          <reference-value>=</reference-value>
          <reference-href>reference/vertical-align-004-ref.xht</reference-href>
          <flags>
              <flag>Ahem</flag>
              </flags>
        </test><test>
          <test-title>Vertical-align using picas with a zero value, 0pc</test-title>
          <test-href>vertical-align-029.xht</test-href>
          <reference-value>=</reference-value>
          <reference-href>reference/vertical-align-004-ref.xht</reference-href>
          <flags>
              <flag>Ahem</flag>
              </flags>
        </test><test>
          <test-title>Vertical-align using picas with a positive zero value, +0pc</test-title>
          <test-href>vertical-align-030.xht</test-href>
          <reference-value>=</reference-value>
          <reference-href>reference/vertical-align-004-ref.xht</reference-href>
          <flags>
              <flag>Ahem</flag>
              </flags>
        </test><test>
          <test-title>Vertical-align using picas with a nominal value, 6pc</test-title>
          <test-href>vertical-align-031.xht</test-href>
          <reference-value>=</reference-value>
          <reference-href>reference/vertical-align-007-ref.xht</reference-href>
          <flags>
              <flag>Ahem</flag>
              </flags>
        </test><test>
          <test-title>Vertical-align using picas with a positive nominal value, +6pc</test-title>
          <test-href>vertical-align-032.xht</test-href>
          <reference-value>=</reference-value>
          <reference-href>reference/vertical-align-007-ref.xht</reference-href>
          <flags>
              <flag>Ahem</flag>
              </flags>
        </test><test>
          <test-title>Vertical-align using centimeters with a negative zero value, -0cm</test-title>
          <test-href>vertical-align-040.xht</test-href>
          <reference-value>=</reference-value>
          <reference-href>reference/vertical-align-004-ref.xht</reference-href>
          <flags>
              <flag>Ahem</flag>
              </flags>
        </test><test>
          <test-title>Vertical-align using centimeters with a zero value, 0cm</test-title>
          <test-href>vertical-align-041.xht</test-href>
          <reference-value>=</reference-value>
          <reference-href>reference/vertical-align-004-ref.xht</reference-href>
          <flags>
              <flag>Ahem</flag>
              </flags>
        </test><test>
          <test-title>Vertical-align using centimeters with a positive zero value, +0cm</test-title>
          <test-href>vertical-align-042.xht</test-href>
          <reference-value>=</reference-value>
          <reference-href>reference/vertical-align-004-ref.xht</reference-href>
          <flags>
              <flag>Ahem</flag>
              </flags>
        </test><test>
          <test-title>Vertical-align using centimeters with a nominal value, 2.54cm</test-title>
          <test-href>vertical-align-043.xht</test-href>
          <reference-value>=</reference-value>
          <reference-href>reference/vertical-align-007-ref.xht</reference-href>
          <flags>
              <flag>Ahem</flag>
              </flags>
        </test><test>
          <test-title>Vertical-align using centimeters with a positive nominal value, +2.54cm</test-title>
          <test-href>vertical-align-044.xht</test-href>
          <reference-value>=</reference-value>
          <reference-href>reference/vertical-align-007-ref.xht</reference-href>
          <flags>
              <flag>Ahem</flag>
              </flags>
        </test><test>
          <test-title>Vertical-align using millimeters with a negative zero value, -0mm</test-title>
          <test-href>vertical-align-052.xht</test-href>
          <reference-value>=</reference-value>
          <reference-href>reference/vertical-align-004-ref.xht</reference-href>
          <flags>
              <flag>Ahem</flag>
              </flags>
        </test><test>
          <test-title>Vertical-align using millimeters with a zero value, 0mm</test-title>
          <test-href>vertical-align-053.xht</test-href>
          <reference-value>=</reference-value>
          <reference-href>reference/vertical-align-004-ref.xht</reference-href>
          <flags>
              <flag>Ahem</flag>
              </flags>
        </test><test>
          <test-title>Vertical-align using millimeters with a positive zero value, +0mm</test-title>
          <test-href>vertical-align-054.xht</test-href>
          <reference-value>=</reference-value>
          <reference-href>reference/vertical-align-004-ref.xht</reference-href>
          <flags>
              <flag>Ahem</flag>
              </flags>
        </test><test>
          <test-title>Vertical-align using millimeters with a nominal value, 25.4mm</test-title>
          <test-href>vertical-align-055.xht</test-href>
          <reference-value>=</reference-value>
          <reference-href>reference/vertical-align-007-ref.xht</reference-href>
          <flags>
              <flag>Ahem</flag>
              </flags>
        </test><test>
          <test-title>Vertical-align using millimeters with a positive nominal value, +25.4mm</test-title>
          <test-href>vertical-align-056.xht</test-href>
          <reference-value>=</reference-value>
          <reference-href>reference/vertical-align-007-ref.xht</reference-href>
          <flags>
              <flag>Ahem</flag>
              </flags>
        </test><test>
          <test-title>Vertical-align using inches with a negative zero value, -0in</test-title>
          <test-href>vertical-align-064.xht</test-href>
          <reference-value>=</reference-value>
          <reference-href>reference/vertical-align-004-ref.xht</reference-href>
          <flags>
              <flag>Ahem</flag>
              </flags>
        </test><test>
          <test-title>Vertical-align using inches with a zero value, 0in</test-title>
          <test-href>vertical-align-065.xht</test-href>
          <reference-value>=</reference-value>
          <reference-href>reference/vertical-align-004-ref.xht</reference-href>
          <flags>
              <flag>Ahem</flag>
              </flags>
        </test><test>
          <test-title>Vertical-align using inches with a positive zero value, +0in</test-title>
          <test-href>vertical-align-066.xht</test-href>
          <reference-value>=</reference-value>
          <reference-href>reference/vertical-align-004-ref.xht</reference-href>
          <flags>
              <flag>Ahem</flag>
              </flags>
        </test><test>
          <test-title>Vertical-align using inches with a nominal value, 1in</test-title>
          <test-href>vertical-align-067.xht</test-href>
          <reference-value>=</reference-value>
          <reference-href>reference/vertical-align-007-ref.xht</reference-href>
          <flags>
              <flag>Ahem</flag>
              </flags>
        </test><test>
          <test-title>Vertical-align using inches with a positive nominal value, +1in</test-title>
          <test-href>vertical-align-068.xht</test-href>
          <reference-value>=</reference-value>
          <reference-href>reference/vertical-align-007-ref.xht</reference-href>
          <flags>
              <flag>Ahem</flag>
              </flags>
        </test><test>
          <test-title>Vertical-align using 'em' units with a negative zero value, -0em</test-title>
          <test-href>vertical-align-076.xht</test-href>
          <reference-value>=</reference-value>
          <reference-href>reference/vertical-align-004-ref.xht</reference-href>
          <flags>
              <flag>Ahem</flag>
              </flags>
        </test><test>
          <test-title>Vertical-align using 'em' units with a zero value, 0em</test-title>
          <test-href>vertical-align-077.xht</test-href>
          <reference-value>=</reference-value>
          <reference-href>reference/vertical-align-004-ref.xht</reference-href>
          <flags>
              <flag>Ahem</flag>
              </flags>
        </test><test>
          <test-title>Vertical-align using 'em' units with a positive zero value, +0em</test-title>
          <test-href>vertical-align-078.xht</test-href>
          <reference-value>=</reference-value>
          <reference-href>reference/vertical-align-004-ref.xht</reference-href>
          <flags>
              <flag>Ahem</flag>
              </flags>
        </test><test>
          <test-title>Vertical-align using 'em' units with a nominal value, 6em</test-title>
          <test-href>vertical-align-079.xht</test-href>
          <reference-value>=</reference-value>
          <reference-href>reference/vertical-align-079-ref.xht</reference-href>
          <flags>
              <flag>Ahem</flag>
              </flags>
        </test><test>
          <test-title>Vertical-align using 'em' units with a positive nominal value, +6em</test-title>
          <test-href>vertical-align-080.xht</test-href>
          <reference-value>=</reference-value>
          <reference-href>reference/vertical-align-079-ref.xht</reference-href>
          <flags>
              <flag>Ahem</flag>
              </flags>
        </test><test>
          <test-title>Vertical-align using 'ex' units with a negative zero value, -0ex</test-title>
          <test-href>vertical-align-088.xht</test-href>
          <reference-value>=</reference-value>
          <reference-href>reference/vertical-align-004-ref.xht</reference-href>
          <flags>
              <flag>Ahem</flag>
              </flags>
        </test><test>
          <test-title>Vertical-align using 'ex' units with a zero value, 0ex</test-title>
          <test-href>vertical-align-089.xht</test-href>
          <reference-value>=</reference-value>
          <reference-href>reference/vertical-align-004-ref.xht</reference-href>
          <flags>
              <flag>Ahem</flag>
              </flags>
        </test><test>
          <test-title>Vertical-align using 'ex' units with a positive zero value, +0ex</test-title>
          <test-href>vertical-align-090.xht</test-href>
          <reference-value>=</reference-value>
          <reference-href>reference/vertical-align-004-ref.xht</reference-href>
          <flags>
              <flag>Ahem</flag>
              </flags>
        </test><test>
          <test-title>Vertical-align using 'ex' units with a nominal value, 6ex</test-title>
          <test-href>vertical-align-091.xht</test-href>
          <reference-value>=</reference-value>
          <reference-href>reference/vertical-align-007-ref.xht</reference-href>
          <flags>
              <flag>Ahem</flag>
              </flags>
        </test><test>
          <test-title>Vertical-align using 'ex' units with a positive nominal value, +6ex</test-title>
          <test-href>vertical-align-092.xht</test-href>
          <reference-value>=</reference-value>
          <reference-href>reference/vertical-align-007-ref.xht</reference-href>
          <flags>
              <flag>Ahem</flag>
              </flags>
        </test><test>
          <test-title>Vertical-align using percentages with a negative zero value, -0%</test-title>
          <test-href>vertical-align-100.xht</test-href>
          <reference-value>=</reference-value>
          <reference-href>reference/vertical-align-004-ref.xht</reference-href>
          <flags>
              <flag>Ahem</flag>
              </flags>
        </test><test>
          <test-title>Vertical-align using percentages with a zero value, 0%</test-title>
          <test-href>vertical-align-101.xht</test-href>
          <reference-value>=</reference-value>
          <reference-href>reference/vertical-align-004-ref.xht</reference-href>
          <flags>
              <flag>Ahem</flag>
              </flags>
        </test><test>
          <test-title>Vertical-align using percentages with a positive zero value, +0%</test-title>
          <test-href>vertical-align-102.xht</test-href>
          <reference-value>=</reference-value>
          <reference-href>reference/vertical-align-004-ref.xht</reference-href>
          <flags>
              <flag>Ahem</flag>
              </flags>
        </test><test>
          <test-title>Vertical-align using percentages with a nominal value, 100%</test-title>
          <test-href>vertical-align-103.xht</test-href>
          <reference-value>=</reference-value>
          <reference-href>reference/vertical-align-103-ref.xht</reference-href>
          <flags>
              <flag>Ahem</flag>
              </flags>
        </test><test>
          <test-title>Vertical-align using percentages with a positive nominal value, +100%</test-title>
          <test-href>vertical-align-104.xht</test-href>
          <reference-value>=</reference-value>
          <reference-href>reference/vertical-align-103-ref.xht</reference-href>
          <flags>
              <flag>Ahem</flag>
              </flags>
        </test><test>
          <test-title>Vertical-align with a negative zero value and no units, -0</test-title>
          <test-href>vertical-align-109.xht</test-href>
          <reference-value>=</reference-value>
          <reference-href>reference/vertical-align-004-ref.xht</reference-href>
          <flags>
              <flag>Ahem</flag>
              </flags>
        </test><test>
          <test-title>Vertical-align with a zero value and no units, 0</test-title>
          <test-href>vertical-align-110.xht</test-href>
          <reference-value>=</reference-value>
          <reference-href>reference/vertical-align-004-ref.xht</reference-href>
          <flags>
              <flag>Ahem</flag>
              </flags>
        </test><test>
          <test-title>Vertical-align with a positive zero value and no units, +0</test-title>
          <test-href>vertical-align-111.xht</test-href>
          <reference-value>=</reference-value>
          <reference-href>reference/vertical-align-004-ref.xht</reference-href>
          <flags>
              <flag>Ahem</flag>
              </flags>
        </test><test>
          <test-title>'vertical-align: text-bottom' - line-height</test-title>
          <test-href>vertical-align-117a.xht</test-href>
          <reference-value>=</reference-value>
          <reference-href>reference/vertical-align-117a-ref.xht</reference-href>
          <flags>
              <flag>Ahem</flag>
              </flags>
        </test><test>
          <test-title>'vertical-align: text-top' - line-height</test-title>
          <test-href>vertical-align-118a.xht</test-href>
          <reference-value>=</reference-value>
          <reference-href>reference/vertical-align-118a-ref.xht</reference-href>
          <flags>
              <flag>Ahem</flag>
              </flags>
        </test><test>
          <test-title>vertical-align: top</test-title>
          <test-href>vertical-align-121.xht</test-href>
          <reference-value>=</reference-value>
          <reference-href>reference/vertical-align-121-ref.xht</reference-href>
          <flags>
              <flag>Ahem</flag>
              </flags>
        </test><test>
          <test-title>Vertical-align applied to elements with 'display' set to 'table-row-group'</test-title>
          <test-href>vertical-align-applies-to-001.xht</test-href>
          <reference-value>=</reference-value>
          <reference-href>reference/vertical-align-applies-to-001-ref.xht</reference-href>
          <flags>
              <flag>Ahem</flag>
              </flags>
        </test><test>
          <test-title>Vertical-align applied to elements with 'display' set to 'table-header-group'</test-title>
          <test-href>vertical-align-applies-to-002.xht</test-href>
          <reference-value>=</reference-value>
          <reference-href>reference/vertical-align-applies-to-001-ref.xht</reference-href>
          <flags>
              <flag>Ahem</flag>
              </flags>
        </test><test>
          <test-title>Vertical-align applied to elements with 'display' set to 'table-footer-group'</test-title>
          <test-href>vertical-align-applies-to-003.xht</test-href>
          <reference-value>=</reference-value>
          <reference-href>reference/vertical-align-applies-to-001-ref.xht</reference-href>
          <flags>
              <flag>Ahem</flag>
              </flags>
        </test><test>
          <test-title>Vertical-align applied to elements with 'display' set to 'table-row'</test-title>
          <test-href>vertical-align-applies-to-004.xht</test-href>
          <reference-value>=</reference-value>
          <reference-href>reference/vertical-align-applies-to-001-ref.xht</reference-href>
          <flags>
              <flag>Ahem</flag>
              </flags>
        </test><test>
          <test-title>Vertical-align applied to elements with 'display' set to 'table-column-group'</test-title>
          <test-href>vertical-align-applies-to-005.xht</test-href>
          <reference-value>=</reference-value>
          <reference-href>reference/vertical-align-applies-to-001-ref.xht</reference-href>
          <flags>
              <flag>Ahem</flag>
              </flags>
        </test><test>
          <test-title>Vertical-align applied to elements with 'display' set to 'table-column'</test-title>
          <test-href>vertical-align-applies-to-006.xht</test-href>
          <reference-value>=</reference-value>
          <reference-href>reference/vertical-align-applies-to-001-ref.xht</reference-href>
          <flags>
              <flag>Ahem</flag>
              </flags>
        </test><test>
          <test-title>Vertical-align applied to elements with 'display' set to 'table-cell'</test-title>
          <test-href>vertical-align-applies-to-007.xht</test-href>
          <reference-value>=</reference-value>
          <reference-href>reference/vertical-align-applies-to-007-ref.xht</reference-href>
          <flags>
              <flag>Ahem</flag>
              </flags>
        </test><test>
          <test-title>Vertical-align applied to elements with 'display' set to 'inline'</test-title>
          <test-href>vertical-align-applies-to-008.xht</test-href>
          <reference-value>=</reference-value>
          <reference-href>reference/vertical-align-applies-to-008-ref.xht</reference-href>
          <flags>
              <flag>Ahem</flag>
              </flags>
        </test><test>
          <test-title>Vertical-align applied to elements with 'display' set to 'block'</test-title>
          <test-href>vertical-align-applies-to-009.xht</test-href>
          <reference-value>=</reference-value>
          <reference-href>reference/vertical-align-applies-to-001-ref.xht</reference-href>
          <flags>
              <flag>Ahem</flag>
              </flags>
        </test><test>
          <test-title>Vertical-align applied to elements with 'display' set to 'inline-block'</test-title>
          <test-href>vertical-align-applies-to-012.xht</test-href>
          <reference-value>=</reference-value>
          <reference-href>reference/vertical-align-applies-to-001-ref.xht</reference-href>
          <flags>
              <flag>Ahem</flag>
              </flags>
        </test><test>
          <test-title>Vertical-align applied to elements with 'display' set to 'table'</test-title>
          <test-href>vertical-align-applies-to-013.xht</test-href>
          <reference-value>=</reference-value>
          <reference-href>reference/vertical-align-applies-to-001-ref.xht</reference-href>
          <flags>
              <flag>Ahem</flag>
              </flags>
        </test><test>
          <test-title>Vertical-align applied to elements with 'display' set to 'inline-table'</test-title>
          <test-href>vertical-align-applies-to-014.xht</test-href>
          <reference-value>=</reference-value>
          <reference-href>reference/vertical-align-applies-to-001-ref.xht</reference-href>
          <flags>
              <flag>Ahem</flag>
              </flags>
        </test><test>
          <test-title>Vertical-align applied to elements with 'display' set to 'table-caption'</test-title>
          <test-href>vertical-align-applies-to-015.xht</test-href>
          <reference-value>=</reference-value>
          <reference-href>reference/vertical-align-applies-to-001-ref.xht</reference-href>
          <flags>
              <flag>Ahem</flag>
              </flags>
        </test><test>
          <test-title>Vertical-align set to '0%' is equal to 'baseline'</test-title>
          <test-href>vertical-align-baseline-001.xht</test-href>
          <reference-value>=</reference-value>
          <reference-href>reference/vertical-align-baseline-001-ref.xht</reference-href>
          <flags>
              <flag>Ahem</flag>
              </flags>
        </test><test>
          <test-title>Vertical-align set to '0' is equal to 'baseline'</test-title>
          <test-href>vertical-align-baseline-002.xht</test-href>
          <reference-value>=</reference-value>
          <reference-href>reference/vertical-align-baseline-001-ref.xht</reference-href>
          <flags>
              <flag>Ahem</flag>
              </flags>
        </test><test>
          <test-title>Vertical-align applied to 'inline-block' and baseline alignment</test-title>
          <test-href>vertical-align-baseline-003.xht</test-href>
          <reference-value>=</reference-value>
          <reference-href>reference/vertical-align-baseline-003-ref.xht</reference-href>
          
        </test><test>
          <test-title>Vertical-align applied to empty 'inline-block' and baseline alignment</test-title>
          <test-href>vertical-align-baseline-004a.xht</test-href>
          <reference-value>=</reference-value>
          <reference-href>reference/vertical-align-baseline-004a-ref.xht</reference-href>
          <flags>
              <flag>Ahem</flag><flag>Bitmaps</flag>
              </flags>
        </test><test>
          <test-title>Vertical-align applied to an 'inline-block' with 'overflow' not set to 'visible' and baseline alignment</test-title>
          <test-href>vertical-align-baseline-005a.xht</test-href>
          <reference-value>=</reference-value>
          <reference-href>reference/vertical-align-baseline-004a-ref.xht</reference-href>
          <flags>
              <flag>Ahem</flag><flag>Bitmaps</flag>
              </flags>
        </test><test>
          <test-title>Baseline alignment with a block element parent</test-title>
          <test-href>vertical-align-baseline-007.xht</test-href>
          <reference-value>=</reference-value>
          <reference-href>reference/vertical-align-baseline-007-ref.xht</reference-href>
          
        </test><test>
          <test-title>Baseline alignment with a table-cell element parent</test-title>
          <test-href>vertical-align-baseline-008.xht</test-href>
          <reference-value>=</reference-value>
          <reference-href>reference/vertical-align-baseline-008-ref.xht</reference-href>
          
        </test><test>
          <test-title>Baseline alignment with a table caption element parent</test-title>
          <test-href>vertical-align-baseline-009.xht</test-href>
          <reference-value>=</reference-value>
          <reference-href>reference/vertical-align-baseline-007-ref.xht</reference-href>
          
        </test><test>
          <test-title>Vertical-align set to 'sub' does not adjust font-size</test-title>
          <test-href>vertical-align-sub-001.xht</test-href>
          <reference-value>=</reference-value>
          <reference-href>reference/vertical-align-sub-001-ref.xht</reference-href>
          
        </test><test>
          <test-title>Vertical-align set to 'super' does not adjust font-size</test-title>
          <test-href>vertical-align-super-001.xht</test-href>
          <reference-value>=</reference-value>
          <reference-href>reference/vertical-align-sub-001-ref.xht</reference-href>
          
        </test><test>
          <test-title>visibility - descendants of a 'visibility: hidden' element</test-title>
          <test-href>visibility-005.xht</test-href>
          <reference-value>=</reference-value>
          <reference-href>reference/ref-filled-green-100px-square.xht</reference-href>
          <flags>
              <flag>Ahem</flag>
              </flags>
        </test><test>
          <test-title>Visibility 'collapse' on non-table row or column elements</test-title>
          <test-href>visibility-block-001.xht</test-href>
          <reference-value>=</reference-value>
          <reference-href>reference/no-red-on-blank-page-ref.xht</reference-href>
          
        </test><test>
          <test-title>white-space normal: collapsing through padding, borders, margins</test-title>
          <test-href>white-space-collapsing-001.xht</test-href>
          <reference-value>=</reference-value>
          <reference-href>reference/white-space-collapsing-001-ref.xht</reference-href>
          <flags>
              <flag>Ahem</flag>
              </flags>
        </test><test>
          <test-title>white-space normal: collapsing through padding, borders, margins</test-title>
          <test-href>white-space-collapsing-002.xht</test-href>
          <reference-value>=</reference-value>
          <reference-href>reference/white-space-collapsing-001-ref.xht</reference-href>
          <flags>
              <flag>Ahem</flag>
              </flags>
        </test><test>
          <test-title>white-space normal: simple tests</test-title>
          <test-href>white-space-collapsing-004.xht</test-href>
          <reference-value>=</reference-value>
          <reference-href>reference/white-space-collapsing-004-ref.xht</reference-href>
          <flags>
              <flag>Ahem</flag>
              </flags>
        </test><test>
          <test-title>white-space normal: simple tests</test-title>
          <test-href>white-space-collapsing-005.xht</test-href>
          <reference-value>=</reference-value>
          <reference-href>reference/white-space-collapsing-004-ref.xht</reference-href>
          <flags>
              <flag>Ahem</flag>
              </flags>
        </test><test>
          <test-title>White-space collapsing and the bidi algorithm</test-title>
          <test-href>white-space-collapsing-bidi-001.xht</test-href>
          <reference-value>=</reference-value>
          <reference-href>reference/white-space-collapsing-bidi-001-ref.xht</reference-href>
          <flags>
              <flag>Ahem</flag>
              </flags>
        </test><test>
          <test-title>White-space collapsing and the bidi algorithm (using &lt;dir&gt;)</test-title>
          <test-href>white-space-collapsing-bidi-002.xht</test-href>
          <reference-value>=</reference-value>
          <reference-href>reference/white-space-collapsing-bidi-001-ref.xht</reference-href>
          <flags>
              <flag>Ahem</flag>
              </flags>
        </test><test>
          <test-title>Trailing spaces in table cells</test-title>
          <test-href>white-space-collapsing-bidi-003.xht</test-href>
          <reference-value>=</reference-value>
          <reference-href>reference/white-space-collapsing-bidi-003-ref.xht</reference-href>
          <flags>
              <flag>Ahem</flag>
              </flags>
        </test><test>
          <test-title>white-space: mixed tests</test-title>
          <test-href>white-space-mixed-001.xht</test-href>
          <reference-value>=</reference-value>
          <reference-href>reference/white-space-mixed-001-ref.xht</reference-href>
          <flags>
              <flag>Ahem</flag>
              </flags>
        </test><test>
          <test-title>white-space: mixed tests (simple)</test-title>
          <test-href>white-space-mixed-002.xht</test-href>
          <reference-value>=</reference-value>
          <reference-href>reference/white-space-mixed-002-ref.xht</reference-href>
          <flags>
              <flag>Ahem</flag>
              </flags>
        </test><test>
          <test-title>white-space: mixed tests (simple)</test-title>
          <test-href>white-space-mixed-003.xht</test-href>
          <reference-value>=</reference-value>
          <reference-href>reference/white-space-mixed-003-ref.xht</reference-href>
          <flags>
              <flag>Ahem</flag>
              </flags>
        </test><test>
          <test-title>white-space normal: simple tests</test-title>
          <test-href>white-space-normal-001.xht</test-href>
          <reference-value>=</reference-value>
          <reference-href>reference/white-space-normal-001-ref.xht</reference-href>
          <flags>
              <flag>Ahem</flag>
              </flags>
        </test><test>
          <test-title>white-space normal: simple tests</test-title>
          <test-href>white-space-normal-002.xht</test-href>
          <reference-value>=</reference-value>
          <reference-href>reference/white-space-normal-001-ref.xht</reference-href>
          <flags>
              <flag>Ahem</flag>
              </flags>
        </test><test>
          <test-title>white-space normal: UNICODE space characters</test-title>
          <test-href>white-space-normal-003.xht</test-href>
          <reference-value>=</reference-value>
          <reference-href>reference/white-space-normal-003-ref.xht</reference-href>
          <flags>
              <flag>Ahem</flag>
              </flags>
        </test><test>
          <test-title>white-space normal: UNICODE space characters with inline elements</test-title>
          <test-href>white-space-normal-004.xht</test-href>
          <reference-value>=</reference-value>
          <reference-href>reference/white-space-normal-003-ref.xht</reference-href>
          <flags>
              <flag>Ahem</flag>
              </flags>
        </test><test>
          <test-title>white-space normal: zero width non-breaking space</test-title>
          <test-href>white-space-normal-005.xht</test-href>
          <reference-value>=</reference-value>
          <reference-href>reference/white-space-normal-005-ref.xht</reference-href>
          <flags>
              <flag>Ahem</flag>
              </flags>
        </test><test>
          <test-title>white-space normal: zero width non-breaking space</test-title>
          <test-href>white-space-normal-006.xht</test-href>
          <reference-value>=</reference-value>
          <reference-href>reference/white-space-normal-005-ref.xht</reference-href>
          <flags>
              <flag>Ahem</flag>
              </flags>
        </test><test>
          <test-title>white-space normal: zero width non-breaking space</test-title>
          <test-href>white-space-normal-007.xht</test-href>
          <reference-value>=</reference-value>
          <reference-href>reference/white-space-normal-007-ref.xht</reference-href>
          <flags>
              <flag>Ahem</flag>
              </flags>
        </test><test>
          <test-title>white-space normal: zero width non-breaking space</test-title>
          <test-href>white-space-normal-008.xht</test-href>
          <reference-value>=</reference-value>
          <reference-href>reference/white-space-normal-008-ref.xht</reference-href>
          <flags>
              <flag>Ahem</flag>
              </flags>
        </test><test>
          <test-title>white-space normal: zero width non-breaking space</test-title>
          <test-href>white-space-normal-009.xht</test-href>
          <reference-value>=</reference-value>
          <reference-href>reference/white-space-normal-009-ref.xht</reference-href>
          <flags>
              <flag>Ahem</flag>
              </flags>
        </test><test>
          <test-title>white-space nowrap: basic test</test-title>
          <test-href>white-space-nowrap-001.xht</test-href>
          <reference-value>=</reference-value>
          <reference-href>reference/white-space-nowrap-001-ref.xht</reference-href>
          <flags>
              <flag>Ahem</flag>
              </flags>
        </test><test>
          <test-title>white-space nowrap: zero width non-breaking space</test-title>
          <test-href>white-space-nowrap-005.xht</test-href>
          <reference-value>=</reference-value>
          <reference-href>reference/white-space-normal-005-ref.xht</reference-href>
          <flags>
              <flag>Ahem</flag>
              </flags>
        </test><test>
          <test-title>white-space nowrap: zero width non-breaking space</test-title>
          <test-href>white-space-nowrap-006.xht</test-href>
          <reference-value>=</reference-value>
          <reference-href>reference/white-space-normal-005-ref.xht</reference-href>
          <flags>
              <flag>Ahem</flag>
              </flags>
        </test><test>
          <test-title>white-space pre: simple tests</test-title>
          <test-href>white-space-pre-001.xht</test-href>
          <reference-value>=</reference-value>
          <reference-href>reference/white-space-pre-001-ref.xht</reference-href>
          <flags>
              <flag>Ahem</flag>
              </flags>
        </test><test>
          <test-title>white-space pre: simple tests</test-title>
          <test-href>white-space-pre-002.xht</test-href>
          <reference-value>=</reference-value>
          <reference-href>reference/white-space-pre-002-ref.xht</reference-href>
          <flags>
              <flag>Ahem</flag>
              </flags>
        </test><test>
          <test-title>white-space pre: zero width non-breaking space</test-title>
          <test-href>white-space-pre-005.xht</test-href>
          <reference-value>=</reference-value>
          <reference-href>reference/white-space-normal-005-ref.xht</reference-href>
          <flags>
              <flag>Ahem</flag>
              </flags>
        </test><test>
          <test-title>white-space pre: zero width non-breaking space</test-title>
          <test-href>white-space-pre-006.xht</test-href>
          <reference-value>=</reference-value>
          <reference-href>reference/white-space-normal-005-ref.xht</reference-href>
          <flags>
              <flag>Ahem</flag>
              </flags>
        </test><test>
          <test-title>Floats and line-breaking opportunities with 'white-space'</test-title>
          <test-href>white-space-processing-049.xht</test-href>
          <reference-value>=</reference-value>
          <reference-href>reference/white-space-processing-049-ref.xht</reference-href>
          <flags>
              <flag>Ahem</flag>
              </flags>
        </test><test>
          <test-title>White space - em-space (U+2003)</test-title>
          <test-href>whitespace-001.xht</test-href>
          <reference-value>=</reference-value>
          <reference-href>reference/no-red-filler-text-ref.xht</reference-href>
          
        </test><test>
          <test-title>White space - ideographic space (U+3000)</test-title>
          <test-href>whitespace-002.xht</test-href>
          <reference-value>=</reference-value>
          <reference-href>reference/no-red-filler-text-ref.xht</reference-href>
          
        </test><test>
          <test-title>Width using pixels with a minimum minus one value, -1px</test-title>
          <test-href>width-001.xht</test-href>
          <reference-value>=</reference-value>
          <reference-href>reference/ref-if-there-is-no-red.xht</reference-href>
          <flags>
              <flag>Invalid</flag>
              </flags>
        </test><test>
          <test-title>Width using pixels with a minimum value, 0px</test-title>
          <test-href>width-002.xht</test-href>
          <reference-value>=</reference-value>
          <reference-href>reference/ref-if-there-is-no-red.xht</reference-href>
          
        </test><test>
          <test-title>Width using pixels with a minimum plus one value, 1px</test-title>
          <test-href>width-003.xht</test-href>
          <reference-value>=</reference-value>
          <reference-href>reference/max-width-003-ref.xht</reference-href>
          
        </test><test>
          <test-title>Width using pixels with a negative zero value, -0px</test-title>
          <test-href>width-004.xht</test-href>
          <reference-value>=</reference-value>
          <reference-href>reference/ref-if-there-is-no-red.xht</reference-href>
          
        </test><test>
          <test-title>Width using pixels with a positive zero value, +0px</test-title>
          <test-href>width-005.xht</test-href>
          <reference-value>=</reference-value>
          <reference-href>reference/ref-if-there-is-no-red.xht</reference-href>
          
        </test><test>
          <test-title>Width using pixels with a nominal value, 96px</test-title>
          <test-href>width-006.xht</test-href>
          <reference-value>=</reference-value>
          <reference-href>reference/max-width-006-ref.xht</reference-href>
          
        </test><test>
          <test-title>Width using pixels with a positive nominal value, +96px</test-title>
          <test-href>width-007.xht</test-href>
          <reference-value>=</reference-value>
          <reference-href>reference/max-width-006-ref.xht</reference-href>
          
        </test><test>
          <test-title>Width using points with a minimum minus one value, -1pt</test-title>
          <test-href>width-012.xht</test-href>
          <reference-value>=</reference-value>
          <reference-href>reference/ref-if-there-is-no-red.xht</reference-href>
          <flags>
              <flag>Invalid</flag>
              </flags>
        </test><test>
          <test-title>Width using points with a minimum value, 0pt</test-title>
          <test-href>width-013.xht</test-href>
          <reference-value>=</reference-value>
          <reference-href>reference/ref-if-there-is-no-red.xht</reference-href>
          
        </test><test>
          <test-title>Width using points with a negative zero value, -0pt</test-title>
          <test-href>width-015.xht</test-href>
          <reference-value>=</reference-value>
          <reference-href>reference/ref-if-there-is-no-red.xht</reference-href>
          
        </test><test>
          <test-title>Width using points with a positive zero value, +0pt</test-title>
          <test-href>width-016.xht</test-href>
          <reference-value>=</reference-value>
          <reference-href>reference/ref-if-there-is-no-red.xht</reference-href>
          
        </test><test>
          <test-title>Width using points with a nominal value, 72pt</test-title>
          <test-href>width-017.xht</test-href>
          <reference-value>=</reference-value>
          <reference-href>reference/max-width-006-ref.xht</reference-href>
          
        </test><test>
          <test-title>Width using points with a positive nominal value, +72pt</test-title>
          <test-href>width-018.xht</test-href>
          <reference-value>=</reference-value>
          <reference-href>reference/max-width-006-ref.xht</reference-href>
          
        </test><test>
          <test-title>Width using picas with a minimum minus one value, -1pc</test-title>
          <test-href>width-023.xht</test-href>
          <reference-value>=</reference-value>
          <reference-href>reference/ref-if-there-is-no-red.xht</reference-href>
          <flags>
              <flag>Invalid</flag>
              </flags>
        </test><test>
          <test-title>Width using picas with a minimum value, 0pc</test-title>
          <test-href>width-024.xht</test-href>
          <reference-value>=</reference-value>
          <reference-href>reference/ref-if-there-is-no-red.xht</reference-href>
          
        </test><test>
          <test-title>Width using picas with a minimum plus one value, 1pc</test-title>
          <test-href>width-025.xht</test-href>
          <reference-value>=</reference-value>
          <reference-href>reference/max-width-025-ref.xht</reference-href>
          
        </test><test>
          <test-title>Width using picas with a negative zero value, -0pc</test-title>
          <test-href>width-026.xht</test-href>
          <reference-value>=</reference-value>
          <reference-href>reference/ref-if-there-is-no-red.xht</reference-href>
          
        </test><test>
          <test-title>Width using picas with a positive zero value, +0pc</test-title>
          <test-href>width-027.xht</test-href>
          <reference-value>=</reference-value>
          <reference-href>reference/ref-if-there-is-no-red.xht</reference-href>
          
        </test><test>
          <test-title>Width using picas with a nominal value, 6pc</test-title>
          <test-href>width-028.xht</test-href>
          <reference-value>=</reference-value>
          <reference-href>reference/max-width-006-ref.xht</reference-href>
          
        </test><test>
          <test-title>Width using picas with a positive nominal value, +6pc</test-title>
          <test-href>width-029.xht</test-href>
          <reference-value>=</reference-value>
          <reference-href>reference/max-width-006-ref.xht</reference-href>
          
        </test><test>
          <test-title>Width using centimeters with a minimum minus one value, -1cm</test-title>
          <test-href>width-034.xht</test-href>
          <reference-value>=</reference-value>
          <reference-href>reference/ref-if-there-is-no-red.xht</reference-href>
          <flags>
              <flag>Invalid</flag>
              </flags>
        </test><test>
          <test-title>Width using centimeters with a minimum value, 0cm</test-title>
          <test-href>width-035.xht</test-href>
          <reference-value>=</reference-value>
          <reference-href>reference/ref-if-there-is-no-red.xht</reference-href>
          
        </test><test>
          <test-title>Width using centimeters with a minimum plus one value, 1cm</test-title>
          <test-href>width-036.xht</test-href>
          <reference-value>=</reference-value>
          <reference-href>reference/max-width-036-ref.xht</reference-href>
          
        </test><test>
          <test-title>Width using centimeters with a negative zero value, -0cm</test-title>
          <test-href>width-037.xht</test-href>
          <reference-value>=</reference-value>
          <reference-href>reference/ref-if-there-is-no-red.xht</reference-href>
          
        </test><test>
          <test-title>Width using centimeters with a positive zero value, +0cm</test-title>
          <test-href>width-038.xht</test-href>
          <reference-value>=</reference-value>
          <reference-href>reference/ref-if-there-is-no-red.xht</reference-href>
          
        </test><test>
          <test-title>Width using centimeters with a nominal value, 2.54cm</test-title>
          <test-href>width-039.xht</test-href>
          <reference-value>=</reference-value>
          <reference-href>reference/max-width-006-ref.xht</reference-href>
          
        </test><test>
          <test-title>Width using centimeters with a positive nominal value, +2.54cm</test-title>
          <test-href>width-040.xht</test-href>
          <reference-value>=</reference-value>
          <reference-href>reference/max-width-006-ref.xht</reference-href>
          
        </test><test>
          <test-title>Width using millimeters with a minimum minus one value, -1mm</test-title>
          <test-href>width-045.xht</test-href>
          <reference-value>=</reference-value>
          <reference-href>reference/ref-if-there-is-no-red.xht</reference-href>
          <flags>
              <flag>Invalid</flag>
              </flags>
        </test><test>
          <test-title>Width using millimeters with a minimum value, 0mm</test-title>
          <test-href>width-046.xht</test-href>
          <reference-value>=</reference-value>
          <reference-href>reference/ref-if-there-is-no-red.xht</reference-href>
          
        </test><test>
          <test-title>Width using millimeters with a minimum plus one value, 1mm</test-title>
          <test-href>width-047.xht</test-href>
          <reference-value>=</reference-value>
          <reference-href>reference/max-width-047-ref.xht</reference-href>
          
        </test><test>
          <test-title>Width using millimeters with a negative zero value, -0mm</test-title>
          <test-href>width-048.xht</test-href>
          <reference-value>=</reference-value>
          <reference-href>reference/ref-if-there-is-no-red.xht</reference-href>
          
        </test><test>
          <test-title>Width using millimeters with a positive zero value, +0mm</test-title>
          <test-href>width-049.xht</test-href>
          <reference-value>=</reference-value>
          <reference-href>reference/ref-if-there-is-no-red.xht</reference-href>
          
        </test><test>
          <test-title>Width using millimeters with a nominal value, 25.4mm</test-title>
          <test-href>width-050.xht</test-href>
          <reference-value>=</reference-value>
          <reference-href>reference/max-width-006-ref.xht</reference-href>
          
        </test><test>
          <test-title>Width using millimeters with a positive nominal value, +25.4mm</test-title>
          <test-href>width-051.xht</test-href>
          <reference-value>=</reference-value>
          <reference-href>reference/max-width-006-ref.xht</reference-href>
          
        </test><test>
          <test-title>Width using inches with a minimum minus one value, -1in</test-title>
          <test-href>width-056.xht</test-href>
          <reference-value>=</reference-value>
          <reference-href>reference/ref-if-there-is-no-red.xht</reference-href>
          <flags>
              <flag>Invalid</flag>
              </flags>
        </test><test>
          <test-title>Width using inches with a minimum value, 0in</test-title>
          <test-href>width-057.xht</test-href>
          <reference-value>=</reference-value>
          <reference-href>reference/ref-if-there-is-no-red.xht</reference-href>
          
        </test><test>
          <test-title>Width using inches with a minimum plus one value, 1in</test-title>
          <test-href>width-058.xht</test-href>
          <reference-value>=</reference-value>
          <reference-href>reference/ref-filled-black-96px-square.xht</reference-href>
          
        </test><test>
          <test-title>Width using inches with a negative zero value, -0in</test-title>
          <test-href>width-059.xht</test-href>
          <reference-value>=</reference-value>
          <reference-href>reference/ref-if-there-is-no-red.xht</reference-href>
          
        </test><test>
          <test-title>Width using inches with a positive zero value, +0in</test-title>
          <test-href>width-060.xht</test-href>
          <reference-value>=</reference-value>
          <reference-href>reference/ref-if-there-is-no-red.xht</reference-href>
          
        </test><test>
          <test-title>Width using inches with a nominal value, 3in</test-title>
          <test-href>width-061.xht</test-href>
          <reference-value>=</reference-value>
          <reference-href>reference/max-width-061-ref.xht</reference-href>
          
        </test><test>
          <test-title>Width using inches with a positive nominal value, +3in</test-title>
          <test-href>width-062.xht</test-href>
          <reference-value>=</reference-value>
          <reference-href>reference/max-width-061-ref.xht</reference-href>
          
        </test><test>
          <test-title>Width using 'em' units with a minimum minus one value, -1em</test-title>
          <test-href>width-067.xht</test-href>
          <reference-value>=</reference-value>
          <reference-href>reference/ref-if-there-is-no-red.xht</reference-href>
          <flags>
              <flag>Ahem</flag><flag>Invalid</flag>
              </flags>
        </test><test>
          <test-title>Width using 'em' units with a minimum value, 0em</test-title>
          <test-href>width-068.xht</test-href>
          <reference-value>=</reference-value>
          <reference-href>reference/ref-if-there-is-no-red.xht</reference-href>
          <flags>
              <flag>Ahem</flag>
              </flags>
        </test><test>
          <test-title>Width using 'em' units with a minimum plus one value, 1em</test-title>
          <test-href>width-069.xht</test-href>
          <reference-value>=</reference-value>
          <reference-href>reference/max-width-069-ref.xht</reference-href>
          <flags>
              <flag>Ahem</flag>
              </flags>
        </test><test>
          <test-title>Width using 'em' units with a negative zero value, -0em</test-title>
          <test-href>width-070.xht</test-href>
          <reference-value>=</reference-value>
          <reference-href>reference/ref-if-there-is-no-red.xht</reference-href>
          <flags>
              <flag>Ahem</flag>
              </flags>
        </test><test>
          <test-title>Width using 'em' units with a positive zero value, +0em</test-title>
          <test-href>width-071.xht</test-href>
          <reference-value>=</reference-value>
          <reference-href>reference/ref-if-there-is-no-red.xht</reference-href>
          <flags>
              <flag>Ahem</flag>
              </flags>
        </test><test>
          <test-title>Width using 'em' units with a nominal value, 6em</test-title>
          <test-href>width-072.xht</test-href>
          <reference-value>=</reference-value>
          <reference-href>reference/max-width-072-ref.xht</reference-href>
          <flags>
              <flag>Ahem</flag>
              </flags>
        </test><test>
          <test-title>Width using 'em' units with a positive nominal value, +6em</test-title>
          <test-href>width-073.xht</test-href>
          <reference-value>=</reference-value>
          <reference-href>reference/max-width-072-ref.xht</reference-href>
          <flags>
              <flag>Ahem</flag>
              </flags>
        </test><test>
          <test-title>Width using 'ex' units with a minimum minus one value, -1ex</test-title>
          <test-href>width-078.xht</test-href>
          <reference-value>=</reference-value>
          <reference-href>reference/ref-if-there-is-no-red.xht</reference-href>
          <flags>
              <flag>Ahem</flag><flag>Invalid</flag>
              </flags>
        </test><test>
          <test-title>Width using 'ex' units with a minimum value, 0ex</test-title>
          <test-href>width-079.xht</test-href>
          <reference-value>=</reference-value>
          <reference-href>reference/ref-if-there-is-no-red.xht</reference-href>
          <flags>
              <flag>Ahem</flag>
              </flags>
        </test><test>
          <test-title>Width using 'ex' units with a minimum plus one value, 1ex</test-title>
          <test-href>width-080.xht</test-href>
          <reference-value>=</reference-value>
          <reference-href>reference/max-width-025-ref.xht</reference-href>
          <flags>
              <flag>Ahem</flag>
              </flags>
        </test><test>
          <test-title>Width using 'ex' units with a negative zero value, -0ex</test-title>
          <test-href>width-081.xht</test-href>
          <reference-value>=</reference-value>
          <reference-href>reference/ref-if-there-is-no-red.xht</reference-href>
          <flags>
              <flag>Ahem</flag>
              </flags>
        </test><test>
          <test-title>Width using 'ex' units with a positive zero value, +0ex</test-title>
          <test-href>width-082.xht</test-href>
          <reference-value>=</reference-value>
          <reference-href>reference/ref-if-there-is-no-red.xht</reference-href>
          <flags>
              <flag>Ahem</flag>
              </flags>
        </test><test>
          <test-title>Width using 'ex' units with a nominal value, 6ex</test-title>
          <test-href>width-083.xht</test-href>
          <reference-value>=</reference-value>
          <reference-href>reference/max-width-006-ref.xht</reference-href>
          <flags>
              <flag>Ahem</flag>
              </flags>
        </test><test>
          <test-title>Width using 'ex' units with a positive nominal value, +6ex</test-title>
          <test-href>width-084.xht</test-href>
          <reference-value>=</reference-value>
          <reference-href>reference/max-width-006-ref.xht</reference-href>
          <flags>
              <flag>Ahem</flag>
              </flags>
        </test><test>
          <test-title>Width using percentages with a minimum minus one value, -1%</test-title>
          <test-href>width-089.xht</test-href>
          <reference-value>=</reference-value>
          <reference-href>reference/ref-if-there-is-no-red.xht</reference-href>
          <flags>
              <flag>Invalid</flag>
              </flags>
        </test><test>
          <test-title>Width using percentages with a minimum value, 0%</test-title>
          <test-href>width-090.xht</test-href>
          <reference-value>=</reference-value>
          <reference-href>reference/ref-if-there-is-no-red.xht</reference-href>
          
        </test><test>
          <test-title>Width using percentages with a minimum plus one value, 1%</test-title>
          <test-href>width-091.xht</test-href>
          <reference-value>=</reference-value>
          <reference-href>reference/max-width-003-ref.xht</reference-href>
          
        </test><test>
          <test-title>Width using percentages with a negative zero value, -0%</test-title>
          <test-href>width-092.xht</test-href>
          <reference-value>=</reference-value>
          <reference-href>reference/ref-if-there-is-no-red.xht</reference-href>
          
        </test><test>
          <test-title>Width using percentages with a positive zero value, +0%</test-title>
          <test-href>width-093.xht</test-href>
          <reference-value>=</reference-value>
          <reference-href>reference/ref-if-there-is-no-red.xht</reference-href>
          
        </test><test>
          <test-title>Width using percentages with a nominal value, 100%</test-title>
          <test-href>width-094.xht</test-href>
          <reference-value>=</reference-value>
          <reference-href>reference/max-width-006-ref.xht</reference-href>
          
        </test><test>
          <test-title>Width using percentages with a positive nominal value, +100%</test-title>
          <test-href>width-095.xht</test-href>
          <reference-value>=</reference-value>
          <reference-href>reference/max-width-006-ref.xht</reference-href>
          
        </test><test>
          <test-title>Width with a negative zero value and no units, -0</test-title>
          <test-href>width-100.xht</test-href>
          <reference-value>=</reference-value>
          <reference-href>reference/ref-if-there-is-no-red.xht</reference-href>
          
        </test><test>
          <test-title>Width with a zero value and no units, 0</test-title>
          <test-href>width-101.xht</test-href>
          <reference-value>=</reference-value>
          <reference-href>reference/ref-if-there-is-no-red.xht</reference-href>
          
        </test><test>
          <test-title>Width with a positive zero value and no units, +0</test-title>
          <test-href>width-102.xht</test-href>
          <reference-value>=</reference-value>
          <reference-href>reference/ref-if-there-is-no-red.xht</reference-href>
          
        </test><test>
          <test-title>Width set to a value of 'auto'</test-title>
          <test-href>width-103.xht</test-href>
          <reference-value>=</reference-value>
          <reference-href>reference/width-103-ref.xht</reference-href>
          
        </test><test>
          <test-title>Width set to 'inherit'</test-title>
          <test-href>width-104.xht</test-href>
          <reference-value>=</reference-value>
          <reference-href>reference/max-width-003-ref.xht</reference-href>
          
        </test><test>
          <test-title>Width applied to elements with 'display' set to 'table-row-group'</test-title>
          <test-href>width-applies-to-001.xht</test-href>
          <reference-value>=</reference-value>
          <reference-href>reference/ref-filled-black-96px-square.xht</reference-href>
          
        </test><test>
          <test-title>Width applied to elements with 'display' set to 'table-header-group'</test-title>
          <test-href>width-applies-to-002.xht</test-href>
          <reference-value>=</reference-value>
          <reference-href>reference/ref-filled-black-96px-square.xht</reference-href>
          
        </test><test>
          <test-title>Width applied to elements with 'display' set to 'table-footer-group'</test-title>
          <test-href>width-applies-to-003.xht</test-href>
          <reference-value>=</reference-value>
          <reference-href>reference/ref-filled-black-96px-square.xht</reference-href>
          
        </test><test>
          <test-title>Width applied to elements with 'display' set to 'table-row'</test-title>
          <test-href>width-applies-to-004.xht</test-href>
          <reference-value>=</reference-value>
          <reference-href>reference/ref-filled-black-96px-square.xht</reference-href>
          
        </test><test>
          <test-title>Width applied to elements with 'display' set to 'table-column'</test-title>
          <test-href>width-applies-to-006.xht</test-href>
          <reference-value>=</reference-value>
          <reference-href>reference/ref-filled-black-96px-square.xht</reference-href>
          
        </test><test>
          <test-title>Width applied to elements with 'display' set to 'table-cell'</test-title>
          <test-href>width-applies-to-007.xht</test-href>
          <reference-value>=</reference-value>
          <reference-href>reference/ref-filled-black-96px-square.xht</reference-href>
          
        </test><test>
          <test-title>Width applied to elements with 'display' set to 'inline'</test-title>
          <test-href>width-applies-to-008.xht</test-href>
          <reference-value>=</reference-value>
          <reference-href>reference/ref-if-there-is-no-red.xht</reference-href>
          
        </test><test>
          <test-title>Width applied to elements with 'display' set to 'block'</test-title>
          <test-href>width-applies-to-009.xht</test-href>
          <reference-value>=</reference-value>
          <reference-href>reference/ref-filled-black-96px-square.xht</reference-href>
          
        </test><test>
          <test-title>Width applied to elements with 'display' set to 'inline-block'</test-title>
          <test-href>width-applies-to-012.xht</test-href>
          <reference-value>=</reference-value>
          <reference-href>reference/ref-filled-black-96px-square.xht</reference-href>
          
        </test><test>
          <test-title>Width applied to elements with 'display' set to 'table'</test-title>
          <test-href>width-applies-to-013.xht</test-href>
          <reference-value>=</reference-value>
          <reference-href>reference/ref-filled-black-96px-square.xht</reference-href>
          
        </test><test>
          <test-title>Width applied to elements with 'display' set to 'inline-table'</test-title>
          <test-href>width-applies-to-014.xht</test-href>
          <reference-value>=</reference-value>
          <reference-href>reference/ref-filled-black-96px-square.xht</reference-href>
          
        </test><test>
          <test-title>Width applied to elements with 'display' set to 'table-caption'</test-title>
          <test-href>width-applies-to-015.xht</test-href>
          <reference-value>=</reference-value>
          <reference-href>reference/ref-filled-black-96px-square.xht</reference-href>
          
        </test><test>
          <test-title>Width applied to elements set to 'display: none'</test-title>
          <test-href>width-applies-to-016.xht</test-href>
          <reference-value>=</reference-value>
          <reference-href>reference/ref-if-there-is-no-red.xht</reference-href>
          
        </test><test>
          <test-title>Inheriting Explicit Widths</test-title>
          <test-href>width-inherit-001.xht</test-href>
          <reference-value>=</reference-value>
          <reference-href>reference/block-non-replaced-width-001-ref.xht</reference-href>
          
        </test><test>
          <test-title>Width of non-replaced inline element should be the same as its content</test-title>
          <test-href>width-non-replaced-inline-001.xht</test-href>
          <reference-value>=</reference-value>
          <reference-href>reference/width-non-replaced-inline-001-ref.xht</reference-href>
          
        </test><test>
          <test-title>Calculating percentage based width off of the parent container</test-title>
          <test-href>width-percentage-001.xht</test-href>
          <reference-value>=</reference-value>
          <reference-href>reference/max-width-percentage-001-ref.xht</reference-href>
          
        </test><test>
          <test-title>Calculating widths for absolutely positioned elements</test-title>
          <test-href>width-percentage-002.xht</test-href>
          <reference-value>=</reference-value>
          <reference-href>reference/max-width-percentage-001-ref.xht</reference-href>
          
        </test><test>
          <test-title>Z-index set to minimum value minus 1</test-title>
          <test-href>z-index-001.xht</test-href>
          <reference-value>=</reference-value>
          <reference-href>reference/ref-filled-green-100px-square.xht</reference-href>
          <flags>
              <flag>32</flag><flag>Optional</flag>
              </flags>
        </test><test>
          <test-title>Z-index set to minimum value</test-title>
          <test-href>z-index-002.xht</test-href>
          <reference-value>=</reference-value>
          <reference-href>reference/ref-filled-green-100px-square.xht</reference-href>
          <flags>
              <flag>32</flag><flag>Optional</flag>
              </flags>
        </test><test>
          <test-title>Z-index set to minimum value plus 1</test-title>
          <test-href>z-index-003.xht</test-href>
          <reference-value>=</reference-value>
          <reference-href>reference/ref-filled-green-100px-square.xht</reference-href>
          <flags>
              <flag>32</flag><flag>Optional</flag>
              </flags>
        </test><test>
          <test-title>Z-index set to zero prefixed with a minus sign</test-title>
          <test-href>z-index-004.xht</test-href>
          <reference-value>=</reference-value>
          <reference-href>reference/ref-filled-green-100px-square.xht</reference-href>
          
        </test><test>
          <test-title>Z-index set to zero</test-title>
          <test-href>z-index-005.xht</test-href>
          <reference-value>=</reference-value>
          <reference-href>reference/ref-filled-green-100px-square.xht</reference-href>
          
        </test><test>
          <test-title>Z-index set to zero prefixed with a plus sign</test-title>
          <test-href>z-index-006.xht</test-href>
          <reference-value>=</reference-value>
          <reference-href>reference/ref-filled-green-100px-square.xht</reference-href>
          
        </test><test>
          <test-title>Z-index set to a nominal value</test-title>
          <test-href>z-index-007.xht</test-href>
          <reference-value>=</reference-value>
          <reference-href>reference/ref-filled-green-100px-square.xht</reference-href>
          
        </test><test>
          <test-title>Z-index set to a nominal value prefixed with a plus sign</test-title>
          <test-href>z-index-008.xht</test-href>
          <reference-value>=</reference-value>
          <reference-href>reference/ref-filled-green-100px-square.xht</reference-href>
          
        </test><test>
          <test-title>Z-index set maximum value minus 1</test-title>
          <test-href>z-index-009.xht</test-href>
          <reference-value>=</reference-value>
          <reference-href>reference/ref-filled-green-100px-square.xht</reference-href>
          <flags>
              <flag>32</flag><flag>Optional</flag>
              </flags>
        </test><test>
          <test-title>Z-index set to the maximum value</test-title>
          <test-href>z-index-010.xht</test-href>
          <reference-value>=</reference-value>
          <reference-href>reference/ref-filled-green-100px-square.xht</reference-href>
          <flags>
              <flag>32</flag><flag>Optional</flag>
              </flags>
        </test><test>
          <test-title>Z-index set to maximum value prefixed with a plus sign</test-title>
          <test-href>z-index-011.xht</test-href>
          <reference-value>=</reference-value>
          <reference-href>reference/ref-filled-green-100px-square.xht</reference-href>
          <flags>
              <flag>32</flag><flag>Optional</flag>
              </flags>
        </test><test>
          <test-title>Z-index set to maximum value plus 1</test-title>
          <test-href>z-index-012.xht</test-href>
          <reference-value>=</reference-value>
          <reference-href>reference/ref-filled-green-100px-square.xht</reference-href>
          <flags>
              <flag>32</flag><flag>Optional</flag>
              </flags>
        </test><test>
          <test-title>Z-index: auto results in the same stack level as parent element</test-title>
          <test-href>z-index-013.xht</test-href>
          <reference-value>=</reference-value>
          <reference-href>reference/ref-filled-green-100px-square.xht</reference-href>
          
        </test><test>
          <test-title>Z-index: inherit sets a value the same as parent element's value</test-title>
          <test-href>z-index-014.xht</test-href>
          <reference-value>=</reference-value>
          <reference-href>reference/ref-filled-green-100px-square.xht</reference-href>
          
        </test><test>
          <test-title>z-index - integer value</test-title>
          <test-href>z-index-015.xht</test-href>
          <reference-value>=</reference-value>
          <reference-href>reference/ref-filled-green-100px-square.xht</reference-href>
          <flags>
              <flag>Invalid</flag>
              </flags>
        </test><test>
          <test-title>z-index - integer value</test-title>
          <test-href>z-index-016.xht</test-href>
          <reference-value>=</reference-value>
          <reference-href>reference/ref-filled-green-100px-square.xht</reference-href>
          <flags>
              <flag>Invalid</flag>
              </flags>
        </test><test>
          <test-title>z-index - integer value</test-title>
          <test-href>z-index-017.xht</test-href>
          <reference-value>=</reference-value>
          <reference-href>reference/ref-filled-green-100px-square.xht</reference-href>
          <flags>
              <flag>Invalid</flag>
              </flags>
        </test><test>
          <test-title>z-index - negative values</test-title>
          <test-href>z-index-018.xht</test-href>
          <reference-value>=</reference-value>
          <reference-href>reference/ref-filled-green-100px-square.xht</reference-href>
          <flags>
              <flag>32</flag>
              </flags>
        </test><test>
          <test-title>z-index - negative values</test-title>
          <test-href>z-index-019.xht</test-href>
          <reference-value>=</reference-value>
          <reference-href>reference/ref-filled-green-100px-square.xht</reference-href>
          <flags>
              <flag>32</flag>
              </flags>
        </test><test>
          <test-title>z-index</test-title>
          <test-href>z-index-020.xht</test-href>
          <reference-value>=</reference-value>
          <reference-href>reference/z-index-020-ref.xht</reference-href>
          
        </test><test>
          <test-title>CSS: z-index auto, -1 and backgrounds (child)</test-title>
          <test-href>z-index-abspos-001.xht</test-href>
          <reference-value>=</reference-value>
          <reference-href>reference/z-index-abspos-001-ref.xht</reference-href>
          
        </test><test>
          <test-title>CSS: z-index auto and -1 (siblings)</test-title>
          <test-href>z-index-abspos-002.xht</test-href>
          <reference-value>=</reference-value>
          <reference-href>reference/z-index-abspos-001-ref.xht</reference-href>
          
        </test><test>
          <test-title>CSS: z-index 0, -1 and backgrounds (child)</test-title>
          <test-href>z-index-abspos-003.xht</test-href>
          <reference-value>=</reference-value>
          <reference-href>reference/z-index-abspos-001-ref.xht</reference-href>
          
        </test><test>
          <test-title>CSS: z-index auto and 0 (siblings)</test-title>
          <test-href>z-index-abspos-004.xht</test-href>
          <reference-value>=</reference-value>
          <reference-href>reference/z-index-abspos-001-ref.xht</reference-href>
          
        </test><test>
          <test-title>CSS: z-index auto and 0 (siblings)</test-title>
          <test-href>z-index-abspos-005.xht</test-href>
          <reference-value>=</reference-value>
          <reference-href>reference/z-index-abspos-001-ref.xht</reference-href>
          
        </test><test>
          <test-title>CSS: z-index 1, -1 and backgrounds (child)</test-title>
          <test-href>z-index-abspos-007.xht</test-href>
          <reference-value>=</reference-value>
          <reference-href>reference/z-index-abspos-001-ref.xht</reference-href>
          
        </test>
    </tests>